[2022-12-14T18:29:45.167+0000] {taskinstance.py:1165} INFO - Dependencies all met for <TaskInstance: tutorial.templated scheduled__2015-06-03T00:00:00+00:00 [queued]>
[2022-12-14T18:29:45.340+0000] {taskinstance.py:1165} INFO - Dependencies all met for <TaskInstance: tutorial.templated scheduled__2015-06-03T00:00:00+00:00 [queued]>
[2022-12-14T18:29:45.340+0000] {taskinstance.py:1362} INFO - 
--------------------------------------------------------------------------------
[2022-12-14T18:29:45.340+0000] {taskinstance.py:1363} INFO - Starting attempt 1 of 2
[2022-12-14T18:29:45.340+0000] {taskinstance.py:1364} INFO - 
--------------------------------------------------------------------------------
[2022-12-14T18:29:45.510+0000] {taskinstance.py:1383} INFO - Executing <Task(BashOperator): templated> on 2015-06-03 00:00:00+00:00
[2022-12-14T18:29:45.548+0000] {standard_task_runner.py:55} INFO - Started process 310 to run task
[2022-12-14T18:29:45.569+0000] {standard_task_runner.py:82} INFO - Running: ['***', 'tasks', 'run', 'tutorial', 'templated', 'scheduled__2015-06-03T00:00:00+00:00', '--job-id', '27', '--raw', '--subdir', 'DAGS_FOLDER/hello_word.py', '--cfg-path', '/tmp/tmpabrxw9n2']
[2022-12-14T18:29:45.570+0000] {standard_task_runner.py:83} INFO - Job 27: Subtask templated
[2022-12-14T18:29:46.413+0000] {task_command.py:376} INFO - Running <TaskInstance: tutorial.templated scheduled__2015-06-03T00:00:00+00:00 [running]> on host c1557a7da2d6
[2022-12-14T18:29:48.306+0000] {taskinstance.py:1592} INFO - Exporting the following env vars:
AIRFLOW_CTX_DAG_EMAIL=***@example.com
AIRFLOW_CTX_DAG_OWNER=***
AIRFLOW_CTX_DAG_ID=tutorial
AIRFLOW_CTX_TASK_ID=templated
AIRFLOW_CTX_EXECUTION_DATE=2015-06-03T00:00:00+00:00
AIRFLOW_CTX_TRY_NUMBER=1
AIRFLOW_CTX_DAG_RUN_ID=scheduled__2015-06-03T00:00:00+00:00
[2022-12-14T18:29:48.312+0000] {subprocess.py:63} INFO - Tmp dir root location: 
 /tmp
[2022-12-14T18:29:48.313+0000] {subprocess.py:75} INFO - Running command: ['/bin/bash', '-c', '\n    \n        echo "2015-06-03"\n        echo "2015-06-10"\n        echo "Parameter I passed in"\n    \n        echo "2015-06-03"\n        echo "2015-06-10"\n        echo "Parameter I passed in"\n    \n        echo "2015-06-03"\n        echo "2015-06-10"\n        echo "Parameter I passed in"\n    \n        echo "2015-06-03"\n        echo "2015-06-10"\n        echo "Parameter I passed in"\n    \n        echo "2015-06-03"\n        echo "2015-06-10"\n        echo "Parameter I passed in"\n    ']
[2022-12-14T18:29:48.417+0000] {subprocess.py:86} INFO - Output:
[2022-12-14T18:29:48.447+0000] {subprocess.py:93} INFO - 2015-06-03
[2022-12-14T18:29:48.447+0000] {subprocess.py:93} INFO - 2015-06-10
[2022-12-14T18:29:48.447+0000] {subprocess.py:93} INFO - Parameter I passed in
[2022-12-14T18:29:48.448+0000] {subprocess.py:93} INFO - 2015-06-03
[2022-12-14T18:29:48.448+0000] {subprocess.py:93} INFO - 2015-06-10
[2022-12-14T18:29:48.449+0000] {subprocess.py:93} INFO - Parameter I passed in
[2022-12-14T18:29:48.456+0000] {subprocess.py:93} INFO - 2015-06-03
[2022-12-14T18:29:48.464+0000] {subprocess.py:93} INFO - 2015-06-10
[2022-12-14T18:29:48.464+0000] {subprocess.py:93} INFO - Parameter I passed in
[2022-12-14T18:29:48.464+0000] {subprocess.py:93} INFO - 2015-06-03
[2022-12-14T18:29:48.465+0000] {subprocess.py:93} INFO - 2015-06-10
[2022-12-14T18:29:48.465+0000] {subprocess.py:93} INFO - Parameter I passed in
[2022-12-14T18:29:48.465+0000] {subprocess.py:93} INFO - 2015-06-03
[2022-12-14T18:29:48.465+0000] {subprocess.py:93} INFO - 2015-06-10
[2022-12-14T18:29:48.465+0000] {subprocess.py:93} INFO - Parameter I passed in
[2022-12-14T18:29:48.466+0000] {subprocess.py:97} INFO - Command exited with return code 0
[2022-12-14T18:29:48.845+0000] {taskinstance.py:1406} INFO - Marking task as SUCCESS. dag_id=tutorial, task_id=templated, execution_date=20150603T000000, start_date=20221214T182945, end_date=20221214T182948
[2022-12-14T18:29:49.294+0000] {local_task_job.py:159} INFO - Task exited with return code 0
[2022-12-14T18:29:49.777+0000] {taskinstance.py:2623} INFO - 0 downstream tasks scheduled from follow-on schedule check
