[2022-12-14T18:29:47.951+0000] {taskinstance.py:1165} INFO - Dependencies all met for <TaskInstance: tutorial.sleep scheduled__2015-06-07T00:00:00+00:00 [queued]>
[2022-12-14T18:29:48.343+0000] {taskinstance.py:1165} INFO - Dependencies all met for <TaskInstance: tutorial.sleep scheduled__2015-06-07T00:00:00+00:00 [queued]>
[2022-12-14T18:29:48.343+0000] {taskinstance.py:1362} INFO - 
--------------------------------------------------------------------------------
[2022-12-14T18:29:48.343+0000] {taskinstance.py:1363} INFO - Starting attempt 1 of 4
[2022-12-14T18:29:48.344+0000] {taskinstance.py:1364} INFO - 
--------------------------------------------------------------------------------
[2022-12-14T18:29:48.913+0000] {taskinstance.py:1383} INFO - Executing <Task(BashOperator): sleep> on 2015-06-07 00:00:00+00:00
[2022-12-14T18:29:49.034+0000] {standard_task_runner.py:55} INFO - Started process 323 to run task
[2022-12-14T18:29:49.035+0000] {standard_task_runner.py:82} INFO - Running: ['***', 'tasks', 'run', 'tutorial', 'sleep', 'scheduled__2015-06-07T00:00:00+00:00', '--job-id', '32', '--raw', '--subdir', 'DAGS_FOLDER/hello_word.py', '--cfg-path', '/tmp/tmp1nc_w3ld']
[2022-12-14T18:29:49.036+0000] {standard_task_runner.py:83} INFO - Job 32: Subtask sleep
[2022-12-14T18:29:50.704+0000] {task_command.py:376} INFO - Running <TaskInstance: tutorial.sleep scheduled__2015-06-07T00:00:00+00:00 [running]> on host c1557a7da2d6
[2022-12-14T18:29:52.719+0000] {taskinstance.py:1592} INFO - Exporting the following env vars:
AIRFLOW_CTX_DAG_EMAIL=***@example.com
AIRFLOW_CTX_DAG_OWNER=***
AIRFLOW_CTX_DAG_ID=tutorial
AIRFLOW_CTX_TASK_ID=sleep
AIRFLOW_CTX_EXECUTION_DATE=2015-06-07T00:00:00+00:00
AIRFLOW_CTX_TRY_NUMBER=1
AIRFLOW_CTX_DAG_RUN_ID=scheduled__2015-06-07T00:00:00+00:00
[2022-12-14T18:29:52.720+0000] {subprocess.py:63} INFO - Tmp dir root location: 
 /tmp
[2022-12-14T18:29:52.721+0000] {subprocess.py:75} INFO - Running command: ['/bin/bash', '-c', 'sleep 5']
[2022-12-14T18:29:52.900+0000] {subprocess.py:86} INFO - Output:
[2022-12-14T18:29:57.983+0000] {subprocess.py:97} INFO - Command exited with return code 0
[2022-12-14T18:29:58.149+0000] {taskinstance.py:1406} INFO - Marking task as SUCCESS. dag_id=tutorial, task_id=sleep, execution_date=20150607T000000, start_date=20221214T182947, end_date=20221214T182958
[2022-12-14T18:29:58.310+0000] {local_task_job.py:159} INFO - Task exited with return code 0
[2022-12-14T18:29:58.448+0000] {taskinstance.py:2623} INFO - 0 downstream tasks scheduled from follow-on schedule check
