[2022-12-14T18:29:33.856+0000] {taskinstance.py:1165} INFO - Dependencies all met for <TaskInstance: tutorial.templated manual__2022-12-14T18:29:20.547502+00:00 [queued]>
[2022-12-14T18:29:33.899+0000] {taskinstance.py:1165} INFO - Dependencies all met for <TaskInstance: tutorial.templated manual__2022-12-14T18:29:20.547502+00:00 [queued]>
[2022-12-14T18:29:33.899+0000] {taskinstance.py:1362} INFO - 
--------------------------------------------------------------------------------
[2022-12-14T18:29:33.899+0000] {taskinstance.py:1363} INFO - Starting attempt 1 of 2
[2022-12-14T18:29:33.899+0000] {taskinstance.py:1364} INFO - 
--------------------------------------------------------------------------------
[2022-12-14T18:29:34.045+0000] {taskinstance.py:1383} INFO - Executing <Task(BashOperator): templated> on 2022-12-14 18:29:20.547502+00:00
[2022-12-14T18:29:34.051+0000] {standard_task_runner.py:55} INFO - Started process 261 to run task
[2022-12-14T18:29:34.065+0000] {standard_task_runner.py:82} INFO - Running: ['***', 'tasks', 'run', 'tutorial', 'templated', 'manual__2022-12-14T18:29:20.547502+00:00', '--job-id', '16', '--raw', '--subdir', 'DAGS_FOLDER/hello_word.py', '--cfg-path', '/tmp/tmp3_fn9t_0']
[2022-12-14T18:29:34.066+0000] {standard_task_runner.py:83} INFO - Job 16: Subtask templated
[2022-12-14T18:29:35.231+0000] {task_command.py:376} INFO - Running <TaskInstance: tutorial.templated manual__2022-12-14T18:29:20.547502+00:00 [running]> on host c1557a7da2d6
[2022-12-14T18:29:37.202+0000] {taskinstance.py:1592} INFO - Exporting the following env vars:
AIRFLOW_CTX_DAG_EMAIL=***@example.com
AIRFLOW_CTX_DAG_OWNER=***
AIRFLOW_CTX_DAG_ID=tutorial
AIRFLOW_CTX_TASK_ID=templated
AIRFLOW_CTX_EXECUTION_DATE=2022-12-14T18:29:20.547502+00:00
AIRFLOW_CTX_TRY_NUMBER=1
AIRFLOW_CTX_DAG_RUN_ID=manual__2022-12-14T18:29:20.547502+00:00
[2022-12-14T18:29:37.206+0000] {subprocess.py:63} INFO - Tmp dir root location: 
 /tmp
[2022-12-14T18:29:37.206+0000] {subprocess.py:75} INFO - Running command: ['/bin/bash', '-c', '\n    \n        echo "2022-12-14"\n        echo "2022-12-21"\n        echo "Parameter I passed in"\n    \n        echo "2022-12-14"\n        echo "2022-12-21"\n        echo "Parameter I passed in"\n    \n        echo "2022-12-14"\n        echo "2022-12-21"\n        echo "Parameter I passed in"\n    \n        echo "2022-12-14"\n        echo "2022-12-21"\n        echo "Parameter I passed in"\n    \n        echo "2022-12-14"\n        echo "2022-12-21"\n        echo "Parameter I passed in"\n    ']
[2022-12-14T18:29:37.338+0000] {subprocess.py:86} INFO - Output:
[2022-12-14T18:29:37.363+0000] {subprocess.py:93} INFO - 2022-12-14
[2022-12-14T18:29:37.378+0000] {subprocess.py:93} INFO - 2022-12-21
[2022-12-14T18:29:37.378+0000] {subprocess.py:93} INFO - Parameter I passed in
[2022-12-14T18:29:37.381+0000] {subprocess.py:93} INFO - 2022-12-14
[2022-12-14T18:29:37.381+0000] {subprocess.py:93} INFO - 2022-12-21
[2022-12-14T18:29:37.400+0000] {subprocess.py:93} INFO - Parameter I passed in
[2022-12-14T18:29:37.400+0000] {subprocess.py:93} INFO - 2022-12-14
[2022-12-14T18:29:37.400+0000] {subprocess.py:93} INFO - 2022-12-21
[2022-12-14T18:29:37.401+0000] {subprocess.py:93} INFO - Parameter I passed in
[2022-12-14T18:29:37.401+0000] {subprocess.py:93} INFO - 2022-12-14
[2022-12-14T18:29:37.404+0000] {subprocess.py:93} INFO - 2022-12-21
[2022-12-14T18:29:37.404+0000] {subprocess.py:93} INFO - Parameter I passed in
[2022-12-14T18:29:37.404+0000] {subprocess.py:93} INFO - 2022-12-14
[2022-12-14T18:29:37.404+0000] {subprocess.py:93} INFO - 2022-12-21
[2022-12-14T18:29:37.404+0000] {subprocess.py:93} INFO - Parameter I passed in
[2022-12-14T18:29:37.405+0000] {subprocess.py:97} INFO - Command exited with return code 0
[2022-12-14T18:29:37.913+0000] {taskinstance.py:1406} INFO - Marking task as SUCCESS. dag_id=tutorial, task_id=templated, execution_date=20221214T182920, start_date=20221214T182933, end_date=20221214T182937
[2022-12-14T18:29:38.265+0000] {local_task_job.py:159} INFO - Task exited with return code 0
[2022-12-14T18:29:38.728+0000] {taskinstance.py:2623} INFO - 0 downstream tasks scheduled from follow-on schedule check
