[2022-12-14T18:30:48.339+0000] {taskinstance.py:1165} INFO - Dependencies all met for <TaskInstance: tutorial.templated scheduled__2015-06-26T00:00:00+00:00 [queued]>
[2022-12-14T18:30:48.591+0000] {taskinstance.py:1165} INFO - Dependencies all met for <TaskInstance: tutorial.templated scheduled__2015-06-26T00:00:00+00:00 [queued]>
[2022-12-14T18:30:48.591+0000] {taskinstance.py:1362} INFO - 
--------------------------------------------------------------------------------
[2022-12-14T18:30:48.591+0000] {taskinstance.py:1363} INFO - Starting attempt 1 of 2
[2022-12-14T18:30:48.591+0000] {taskinstance.py:1364} INFO - 
--------------------------------------------------------------------------------
[2022-12-14T18:30:49.042+0000] {taskinstance.py:1383} INFO - Executing <Task(BashOperator): templated> on 2015-06-26 00:00:00+00:00
[2022-12-14T18:30:49.131+0000] {standard_task_runner.py:55} INFO - Started process 526 to run task
[2022-12-14T18:30:49.189+0000] {standard_task_runner.py:82} INFO - Running: ['***', 'tasks', 'run', 'tutorial', 'templated', 'scheduled__2015-06-26T00:00:00+00:00', '--job-id', '91', '--raw', '--subdir', 'DAGS_FOLDER/hello_word.py', '--cfg-path', '/tmp/tmp26e8gv7d']
[2022-12-14T18:30:49.189+0000] {standard_task_runner.py:83} INFO - Job 91: Subtask templated
[2022-12-14T18:30:50.257+0000] {task_command.py:376} INFO - Running <TaskInstance: tutorial.templated scheduled__2015-06-26T00:00:00+00:00 [running]> on host c1557a7da2d6
[2022-12-14T18:30:51.739+0000] {taskinstance.py:1592} INFO - Exporting the following env vars:
AIRFLOW_CTX_DAG_EMAIL=***@example.com
AIRFLOW_CTX_DAG_OWNER=***
AIRFLOW_CTX_DAG_ID=tutorial
AIRFLOW_CTX_TASK_ID=templated
AIRFLOW_CTX_EXECUTION_DATE=2015-06-26T00:00:00+00:00
AIRFLOW_CTX_TRY_NUMBER=1
AIRFLOW_CTX_DAG_RUN_ID=scheduled__2015-06-26T00:00:00+00:00
[2022-12-14T18:30:51.772+0000] {subprocess.py:63} INFO - Tmp dir root location: 
 /tmp
[2022-12-14T18:30:51.773+0000] {subprocess.py:75} INFO - Running command: ['/bin/bash', '-c', '\n    \n        echo "2015-06-26"\n        echo "2015-07-03"\n        echo "Parameter I passed in"\n    \n        echo "2015-06-26"\n        echo "2015-07-03"\n        echo "Parameter I passed in"\n    \n        echo "2015-06-26"\n        echo "2015-07-03"\n        echo "Parameter I passed in"\n    \n        echo "2015-06-26"\n        echo "2015-07-03"\n        echo "Parameter I passed in"\n    \n        echo "2015-06-26"\n        echo "2015-07-03"\n        echo "Parameter I passed in"\n    ']
[2022-12-14T18:30:51.955+0000] {subprocess.py:86} INFO - Output:
[2022-12-14T18:30:51.986+0000] {subprocess.py:93} INFO - 2015-06-26
[2022-12-14T18:30:51.986+0000] {subprocess.py:93} INFO - 2015-07-03
[2022-12-14T18:30:51.987+0000] {subprocess.py:93} INFO - Parameter I passed in
[2022-12-14T18:30:51.987+0000] {subprocess.py:93} INFO - 2015-06-26
[2022-12-14T18:30:51.987+0000] {subprocess.py:93} INFO - 2015-07-03
[2022-12-14T18:30:51.987+0000] {subprocess.py:93} INFO - Parameter I passed in
[2022-12-14T18:30:51.987+0000] {subprocess.py:93} INFO - 2015-06-26
[2022-12-14T18:30:51.987+0000] {subprocess.py:93} INFO - 2015-07-03
[2022-12-14T18:30:51.988+0000] {subprocess.py:93} INFO - Parameter I passed in
[2022-12-14T18:30:51.988+0000] {subprocess.py:93} INFO - 2015-06-26
[2022-12-14T18:30:51.988+0000] {subprocess.py:93} INFO - 2015-07-03
[2022-12-14T18:30:51.988+0000] {subprocess.py:93} INFO - Parameter I passed in
[2022-12-14T18:30:51.988+0000] {subprocess.py:93} INFO - 2015-06-26
[2022-12-14T18:30:51.988+0000] {subprocess.py:93} INFO - 2015-07-03
[2022-12-14T18:30:51.989+0000] {subprocess.py:93} INFO - Parameter I passed in
[2022-12-14T18:30:51.995+0000] {subprocess.py:97} INFO - Command exited with return code 0
[2022-12-14T18:30:52.321+0000] {taskinstance.py:1406} INFO - Marking task as SUCCESS. dag_id=tutorial, task_id=templated, execution_date=20150626T000000, start_date=20221214T183048, end_date=20221214T183052
[2022-12-14T18:30:52.541+0000] {local_task_job.py:159} INFO - Task exited with return code 0
[2022-12-14T18:30:52.904+0000] {taskinstance.py:2623} INFO - 0 downstream tasks scheduled from follow-on schedule check
