[2022-12-14T17:41:55.840+0000] {processor.py:154} INFO - Started process (PID=74) to work on /home/airflow/.local/lib/python3.7/site-packages/airflow/example_dags/example_subdag_operator.py
[2022-12-14T17:41:55.841+0000] {processor.py:756} INFO - Processing file /home/airflow/.local/lib/python3.7/site-packages/airflow/example_dags/example_subdag_operator.py for tasks to queue
[2022-12-14T17:41:55.842+0000] {logging_mixin.py:137} INFO - [2022-12-14T17:41:55.841+0000] {dagbag.py:537} INFO - Filling up the DagBag from /home/airflow/.local/lib/python3.7/site-packages/airflow/example_dags/example_subdag_operator.py
[2022-12-14T17:41:56.251+0000] {processor.py:766} INFO - DAG(s) dict_keys(['example_subdag_operator.section-1', 'example_subdag_operator.section-2', 'example_subdag_operator']) retrieved from /home/airflow/.local/lib/python3.7/site-packages/airflow/example_dags/example_subdag_operator.py
[2022-12-14T17:41:59.444+0000] {logging_mixin.py:137} INFO - [2022-12-14T17:41:59.443+0000] {dag.py:2585} INFO - Sync 3 DAGs
[2022-12-14T17:41:59.708+0000] {logging_mixin.py:137} INFO - [2022-12-14T17:41:59.707+0000] {dag.py:3340} INFO - Setting next_dagrun for example_subdag_operator to 2022-01-01T00:00:00+00:00, run_after=2022-01-01T00:00:00+00:00
[2022-12-14T17:41:59.731+0000] {logging_mixin.py:137} INFO - [2022-12-14T17:41:59.730+0000] {dag.py:3340} INFO - Setting next_dagrun for example_subdag_operator.section-1 to None, run_after=None
[2022-12-14T17:41:59.733+0000] {logging_mixin.py:137} INFO - [2022-12-14T17:41:59.733+0000] {dag.py:3340} INFO - Setting next_dagrun for example_subdag_operator.section-2 to None, run_after=None
[2022-12-14T17:41:59.765+0000] {logging_mixin.py:137} INFO - [2022-12-14T17:41:59.764+0000] {dag.py:2585} INFO - Sync 2 DAGs
[2022-12-14T17:41:59.799+0000] {logging_mixin.py:137} INFO - [2022-12-14T17:41:59.799+0000] {dag.py:3340} INFO - Setting next_dagrun for example_subdag_operator.section-1 to None, run_after=None
[2022-12-14T17:41:59.799+0000] {logging_mixin.py:137} INFO - [2022-12-14T17:41:59.799+0000] {dag.py:3340} INFO - Setting next_dagrun for example_subdag_operator.section-2 to None, run_after=None
[2022-12-14T17:41:59.907+0000] {processor.py:176} INFO - Processing /home/airflow/.local/lib/python3.7/site-packages/airflow/example_dags/example_subdag_operator.py took 4.072 seconds
[2022-12-14T17:42:30.288+0000] {processor.py:154} INFO - Started process (PID=129) to work on /home/airflow/.local/lib/python3.7/site-packages/airflow/example_dags/example_subdag_operator.py
[2022-12-14T17:42:30.289+0000] {processor.py:756} INFO - Processing file /home/airflow/.local/lib/python3.7/site-packages/airflow/example_dags/example_subdag_operator.py for tasks to queue
[2022-12-14T17:42:30.290+0000] {logging_mixin.py:137} INFO - [2022-12-14T17:42:30.290+0000] {dagbag.py:537} INFO - Filling up the DagBag from /home/airflow/.local/lib/python3.7/site-packages/airflow/example_dags/example_subdag_operator.py
[2022-12-14T17:42:30.333+0000] {processor.py:766} INFO - DAG(s) dict_keys(['example_subdag_operator.section-1', 'example_subdag_operator.section-2', 'example_subdag_operator']) retrieved from /home/airflow/.local/lib/python3.7/site-packages/airflow/example_dags/example_subdag_operator.py
[2022-12-14T17:42:30.811+0000] {logging_mixin.py:137} INFO - [2022-12-14T17:42:30.810+0000] {dag.py:2585} INFO - Sync 3 DAGs
[2022-12-14T17:42:30.856+0000] {logging_mixin.py:137} INFO - [2022-12-14T17:42:30.856+0000] {dag.py:3340} INFO - Setting next_dagrun for example_subdag_operator to 2022-01-01T00:00:00+00:00, run_after=2022-01-01T00:00:00+00:00
[2022-12-14T17:42:30.861+0000] {logging_mixin.py:137} INFO - [2022-12-14T17:42:30.861+0000] {dag.py:3340} INFO - Setting next_dagrun for example_subdag_operator.section-1 to None, run_after=None
[2022-12-14T17:42:30.863+0000] {logging_mixin.py:137} INFO - [2022-12-14T17:42:30.863+0000] {dag.py:3340} INFO - Setting next_dagrun for example_subdag_operator.section-2 to None, run_after=None
[2022-12-14T17:42:30.872+0000] {logging_mixin.py:137} INFO - [2022-12-14T17:42:30.872+0000] {dag.py:2585} INFO - Sync 2 DAGs
[2022-12-14T17:42:30.880+0000] {logging_mixin.py:137} INFO - [2022-12-14T17:42:30.880+0000] {dag.py:3340} INFO - Setting next_dagrun for example_subdag_operator.section-1 to None, run_after=None
[2022-12-14T17:42:30.881+0000] {logging_mixin.py:137} INFO - [2022-12-14T17:42:30.881+0000] {dag.py:3340} INFO - Setting next_dagrun for example_subdag_operator.section-2 to None, run_after=None
[2022-12-14T17:42:30.896+0000] {processor.py:176} INFO - Processing /home/airflow/.local/lib/python3.7/site-packages/airflow/example_dags/example_subdag_operator.py took 0.614 seconds
[2022-12-14T17:43:00.962+0000] {processor.py:154} INFO - Started process (PID=184) to work on /home/airflow/.local/lib/python3.7/site-packages/airflow/example_dags/example_subdag_operator.py
[2022-12-14T17:43:01.078+0000] {processor.py:756} INFO - Processing file /home/airflow/.local/lib/python3.7/site-packages/airflow/example_dags/example_subdag_operator.py for tasks to queue
[2022-12-14T17:43:01.079+0000] {logging_mixin.py:137} INFO - [2022-12-14T17:43:01.079+0000] {dagbag.py:537} INFO - Filling up the DagBag from /home/airflow/.local/lib/python3.7/site-packages/airflow/example_dags/example_subdag_operator.py
[2022-12-14T17:43:01.201+0000] {processor.py:766} INFO - DAG(s) dict_keys(['example_subdag_operator.section-1', 'example_subdag_operator.section-2', 'example_subdag_operator']) retrieved from /home/airflow/.local/lib/python3.7/site-packages/airflow/example_dags/example_subdag_operator.py
[2022-12-14T17:43:01.818+0000] {logging_mixin.py:137} INFO - [2022-12-14T17:43:01.817+0000] {dag.py:2585} INFO - Sync 3 DAGs
[2022-12-14T17:43:01.874+0000] {logging_mixin.py:137} INFO - [2022-12-14T17:43:01.874+0000] {dag.py:3340} INFO - Setting next_dagrun for example_subdag_operator to 2022-01-01T00:00:00+00:00, run_after=2022-01-01T00:00:00+00:00
[2022-12-14T17:43:01.881+0000] {logging_mixin.py:137} INFO - [2022-12-14T17:43:01.881+0000] {dag.py:3340} INFO - Setting next_dagrun for example_subdag_operator.section-1 to None, run_after=None
[2022-12-14T17:43:01.884+0000] {logging_mixin.py:137} INFO - [2022-12-14T17:43:01.884+0000] {dag.py:3340} INFO - Setting next_dagrun for example_subdag_operator.section-2 to None, run_after=None
[2022-12-14T17:43:01.898+0000] {logging_mixin.py:137} INFO - [2022-12-14T17:43:01.897+0000] {dag.py:2585} INFO - Sync 2 DAGs
[2022-12-14T17:43:01.908+0000] {logging_mixin.py:137} INFO - [2022-12-14T17:43:01.908+0000] {dag.py:3340} INFO - Setting next_dagrun for example_subdag_operator.section-1 to None, run_after=None
[2022-12-14T17:43:01.909+0000] {logging_mixin.py:137} INFO - [2022-12-14T17:43:01.909+0000] {dag.py:3340} INFO - Setting next_dagrun for example_subdag_operator.section-2 to None, run_after=None
[2022-12-14T17:43:01.936+0000] {processor.py:176} INFO - Processing /home/airflow/.local/lib/python3.7/site-packages/airflow/example_dags/example_subdag_operator.py took 0.979 seconds
[2022-12-14T17:43:32.682+0000] {processor.py:154} INFO - Started process (PID=249) to work on /home/airflow/.local/lib/python3.7/site-packages/airflow/example_dags/example_subdag_operator.py
[2022-12-14T17:43:32.683+0000] {processor.py:756} INFO - Processing file /home/airflow/.local/lib/python3.7/site-packages/airflow/example_dags/example_subdag_operator.py for tasks to queue
[2022-12-14T17:43:32.684+0000] {logging_mixin.py:137} INFO - [2022-12-14T17:43:32.684+0000] {dagbag.py:537} INFO - Filling up the DagBag from /home/airflow/.local/lib/python3.7/site-packages/airflow/example_dags/example_subdag_operator.py
[2022-12-14T17:43:32.732+0000] {processor.py:766} INFO - DAG(s) dict_keys(['example_subdag_operator.section-1', 'example_subdag_operator.section-2', 'example_subdag_operator']) retrieved from /home/airflow/.local/lib/python3.7/site-packages/airflow/example_dags/example_subdag_operator.py
[2022-12-14T17:43:33.192+0000] {logging_mixin.py:137} INFO - [2022-12-14T17:43:33.191+0000] {dag.py:2585} INFO - Sync 3 DAGs
[2022-12-14T17:43:33.235+0000] {logging_mixin.py:137} INFO - [2022-12-14T17:43:33.235+0000] {dag.py:3340} INFO - Setting next_dagrun for example_subdag_operator to 2022-01-01T00:00:00+00:00, run_after=2022-01-01T00:00:00+00:00
[2022-12-14T17:43:33.240+0000] {logging_mixin.py:137} INFO - [2022-12-14T17:43:33.240+0000] {dag.py:3340} INFO - Setting next_dagrun for example_subdag_operator.section-1 to None, run_after=None
[2022-12-14T17:43:33.242+0000] {logging_mixin.py:137} INFO - [2022-12-14T17:43:33.241+0000] {dag.py:3340} INFO - Setting next_dagrun for example_subdag_operator.section-2 to None, run_after=None
[2022-12-14T17:43:33.252+0000] {logging_mixin.py:137} INFO - [2022-12-14T17:43:33.251+0000] {dag.py:2585} INFO - Sync 2 DAGs
[2022-12-14T17:43:33.259+0000] {logging_mixin.py:137} INFO - [2022-12-14T17:43:33.259+0000] {dag.py:3340} INFO - Setting next_dagrun for example_subdag_operator.section-1 to None, run_after=None
[2022-12-14T17:43:33.260+0000] {logging_mixin.py:137} INFO - [2022-12-14T17:43:33.260+0000] {dag.py:3340} INFO - Setting next_dagrun for example_subdag_operator.section-2 to None, run_after=None
[2022-12-14T17:43:33.273+0000] {processor.py:176} INFO - Processing /home/airflow/.local/lib/python3.7/site-packages/airflow/example_dags/example_subdag_operator.py took 0.599 seconds
[2022-12-14T17:44:03.660+0000] {processor.py:154} INFO - Started process (PID=304) to work on /home/airflow/.local/lib/python3.7/site-packages/airflow/example_dags/example_subdag_operator.py
[2022-12-14T17:44:03.661+0000] {processor.py:756} INFO - Processing file /home/airflow/.local/lib/python3.7/site-packages/airflow/example_dags/example_subdag_operator.py for tasks to queue
[2022-12-14T17:44:03.662+0000] {logging_mixin.py:137} INFO - [2022-12-14T17:44:03.662+0000] {dagbag.py:537} INFO - Filling up the DagBag from /home/airflow/.local/lib/python3.7/site-packages/airflow/example_dags/example_subdag_operator.py
[2022-12-14T17:44:03.715+0000] {processor.py:766} INFO - DAG(s) dict_keys(['example_subdag_operator.section-1', 'example_subdag_operator.section-2', 'example_subdag_operator']) retrieved from /home/airflow/.local/lib/python3.7/site-packages/airflow/example_dags/example_subdag_operator.py
[2022-12-14T17:44:04.290+0000] {logging_mixin.py:137} INFO - [2022-12-14T17:44:04.290+0000] {dag.py:2585} INFO - Sync 3 DAGs
[2022-12-14T17:44:04.344+0000] {logging_mixin.py:137} INFO - [2022-12-14T17:44:04.344+0000] {dag.py:3340} INFO - Setting next_dagrun for example_subdag_operator to 2022-01-01T00:00:00+00:00, run_after=2022-01-01T00:00:00+00:00
[2022-12-14T17:44:04.351+0000] {logging_mixin.py:137} INFO - [2022-12-14T17:44:04.351+0000] {dag.py:3340} INFO - Setting next_dagrun for example_subdag_operator.section-1 to None, run_after=None
[2022-12-14T17:44:04.353+0000] {logging_mixin.py:137} INFO - [2022-12-14T17:44:04.353+0000] {dag.py:3340} INFO - Setting next_dagrun for example_subdag_operator.section-2 to None, run_after=None
[2022-12-14T17:44:04.366+0000] {logging_mixin.py:137} INFO - [2022-12-14T17:44:04.366+0000] {dag.py:2585} INFO - Sync 2 DAGs
[2022-12-14T17:44:04.377+0000] {logging_mixin.py:137} INFO - [2022-12-14T17:44:04.377+0000] {dag.py:3340} INFO - Setting next_dagrun for example_subdag_operator.section-1 to None, run_after=None
[2022-12-14T17:44:04.377+0000] {logging_mixin.py:137} INFO - [2022-12-14T17:44:04.377+0000] {dag.py:3340} INFO - Setting next_dagrun for example_subdag_operator.section-2 to None, run_after=None
[2022-12-14T17:44:04.395+0000] {processor.py:176} INFO - Processing /home/airflow/.local/lib/python3.7/site-packages/airflow/example_dags/example_subdag_operator.py took 0.739 seconds
[2022-12-14T17:44:34.424+0000] {processor.py:154} INFO - Started process (PID=369) to work on /home/airflow/.local/lib/python3.7/site-packages/airflow/example_dags/example_subdag_operator.py
[2022-12-14T17:44:34.425+0000] {processor.py:756} INFO - Processing file /home/airflow/.local/lib/python3.7/site-packages/airflow/example_dags/example_subdag_operator.py for tasks to queue
[2022-12-14T17:44:34.426+0000] {logging_mixin.py:137} INFO - [2022-12-14T17:44:34.426+0000] {dagbag.py:537} INFO - Filling up the DagBag from /home/airflow/.local/lib/python3.7/site-packages/airflow/example_dags/example_subdag_operator.py
[2022-12-14T17:44:34.469+0000] {processor.py:766} INFO - DAG(s) dict_keys(['example_subdag_operator.section-1', 'example_subdag_operator.section-2', 'example_subdag_operator']) retrieved from /home/airflow/.local/lib/python3.7/site-packages/airflow/example_dags/example_subdag_operator.py
[2022-12-14T17:44:34.936+0000] {logging_mixin.py:137} INFO - [2022-12-14T17:44:34.936+0000] {dag.py:2585} INFO - Sync 3 DAGs
[2022-12-14T17:44:34.980+0000] {logging_mixin.py:137} INFO - [2022-12-14T17:44:34.980+0000] {dag.py:3340} INFO - Setting next_dagrun for example_subdag_operator to 2022-01-01T00:00:00+00:00, run_after=2022-01-01T00:00:00+00:00
[2022-12-14T17:44:34.985+0000] {logging_mixin.py:137} INFO - [2022-12-14T17:44:34.985+0000] {dag.py:3340} INFO - Setting next_dagrun for example_subdag_operator.section-1 to None, run_after=None
[2022-12-14T17:44:34.987+0000] {logging_mixin.py:137} INFO - [2022-12-14T17:44:34.987+0000] {dag.py:3340} INFO - Setting next_dagrun for example_subdag_operator.section-2 to None, run_after=None
[2022-12-14T17:44:34.996+0000] {logging_mixin.py:137} INFO - [2022-12-14T17:44:34.996+0000] {dag.py:2585} INFO - Sync 2 DAGs
[2022-12-14T17:44:35.004+0000] {logging_mixin.py:137} INFO - [2022-12-14T17:44:35.004+0000] {dag.py:3340} INFO - Setting next_dagrun for example_subdag_operator.section-1 to None, run_after=None
[2022-12-14T17:44:35.005+0000] {logging_mixin.py:137} INFO - [2022-12-14T17:44:35.005+0000] {dag.py:3340} INFO - Setting next_dagrun for example_subdag_operator.section-2 to None, run_after=None
[2022-12-14T17:44:35.018+0000] {processor.py:176} INFO - Processing /home/airflow/.local/lib/python3.7/site-packages/airflow/example_dags/example_subdag_operator.py took 0.598 seconds
[2022-12-14T17:45:05.255+0000] {processor.py:154} INFO - Started process (PID=425) to work on /home/airflow/.local/lib/python3.7/site-packages/airflow/example_dags/example_subdag_operator.py
[2022-12-14T17:45:05.256+0000] {processor.py:756} INFO - Processing file /home/airflow/.local/lib/python3.7/site-packages/airflow/example_dags/example_subdag_operator.py for tasks to queue
[2022-12-14T17:45:05.256+0000] {logging_mixin.py:137} INFO - [2022-12-14T17:45:05.256+0000] {dagbag.py:537} INFO - Filling up the DagBag from /home/airflow/.local/lib/python3.7/site-packages/airflow/example_dags/example_subdag_operator.py
[2022-12-14T17:45:05.311+0000] {processor.py:766} INFO - DAG(s) dict_keys(['example_subdag_operator.section-1', 'example_subdag_operator.section-2', 'example_subdag_operator']) retrieved from /home/airflow/.local/lib/python3.7/site-packages/airflow/example_dags/example_subdag_operator.py
[2022-12-14T17:45:05.791+0000] {logging_mixin.py:137} INFO - [2022-12-14T17:45:05.791+0000] {dag.py:2585} INFO - Sync 3 DAGs
[2022-12-14T17:45:05.929+0000] {logging_mixin.py:137} INFO - [2022-12-14T17:45:05.929+0000] {dag.py:3340} INFO - Setting next_dagrun for example_subdag_operator to 2022-01-01T00:00:00+00:00, run_after=2022-01-01T00:00:00+00:00
[2022-12-14T17:45:05.943+0000] {logging_mixin.py:137} INFO - [2022-12-14T17:45:05.943+0000] {dag.py:3340} INFO - Setting next_dagrun for example_subdag_operator.section-1 to None, run_after=None
[2022-12-14T17:45:05.947+0000] {logging_mixin.py:137} INFO - [2022-12-14T17:45:05.947+0000] {dag.py:3340} INFO - Setting next_dagrun for example_subdag_operator.section-2 to None, run_after=None
[2022-12-14T17:45:05.983+0000] {logging_mixin.py:137} INFO - [2022-12-14T17:45:05.983+0000] {dag.py:2585} INFO - Sync 2 DAGs
[2022-12-14T17:45:06.003+0000] {logging_mixin.py:137} INFO - [2022-12-14T17:45:06.003+0000] {dag.py:3340} INFO - Setting next_dagrun for example_subdag_operator.section-1 to None, run_after=None
[2022-12-14T17:45:06.004+0000] {logging_mixin.py:137} INFO - [2022-12-14T17:45:06.003+0000] {dag.py:3340} INFO - Setting next_dagrun for example_subdag_operator.section-2 to None, run_after=None
[2022-12-14T17:45:06.040+0000] {processor.py:176} INFO - Processing /home/airflow/.local/lib/python3.7/site-packages/airflow/example_dags/example_subdag_operator.py took 0.790 seconds
[2022-12-14T17:45:36.155+0000] {processor.py:154} INFO - Started process (PID=488) to work on /home/airflow/.local/lib/python3.7/site-packages/airflow/example_dags/example_subdag_operator.py
[2022-12-14T17:45:36.156+0000] {processor.py:756} INFO - Processing file /home/airflow/.local/lib/python3.7/site-packages/airflow/example_dags/example_subdag_operator.py for tasks to queue
[2022-12-14T17:45:36.156+0000] {logging_mixin.py:137} INFO - [2022-12-14T17:45:36.156+0000] {dagbag.py:537} INFO - Filling up the DagBag from /home/airflow/.local/lib/python3.7/site-packages/airflow/example_dags/example_subdag_operator.py
[2022-12-14T17:45:36.198+0000] {processor.py:766} INFO - DAG(s) dict_keys(['example_subdag_operator.section-1', 'example_subdag_operator.section-2', 'example_subdag_operator']) retrieved from /home/airflow/.local/lib/python3.7/site-packages/airflow/example_dags/example_subdag_operator.py
[2022-12-14T17:45:36.626+0000] {logging_mixin.py:137} INFO - [2022-12-14T17:45:36.626+0000] {dag.py:2585} INFO - Sync 3 DAGs
[2022-12-14T17:45:36.672+0000] {logging_mixin.py:137} INFO - [2022-12-14T17:45:36.672+0000] {dag.py:3340} INFO - Setting next_dagrun for example_subdag_operator to 2022-01-01T00:00:00+00:00, run_after=2022-01-01T00:00:00+00:00
[2022-12-14T17:45:36.677+0000] {logging_mixin.py:137} INFO - [2022-12-14T17:45:36.677+0000] {dag.py:3340} INFO - Setting next_dagrun for example_subdag_operator.section-1 to None, run_after=None
[2022-12-14T17:45:36.679+0000] {logging_mixin.py:137} INFO - [2022-12-14T17:45:36.679+0000] {dag.py:3340} INFO - Setting next_dagrun for example_subdag_operator.section-2 to None, run_after=None
[2022-12-14T17:45:36.688+0000] {logging_mixin.py:137} INFO - [2022-12-14T17:45:36.688+0000] {dag.py:2585} INFO - Sync 2 DAGs
[2022-12-14T17:45:36.697+0000] {logging_mixin.py:137} INFO - [2022-12-14T17:45:36.697+0000] {dag.py:3340} INFO - Setting next_dagrun for example_subdag_operator.section-1 to None, run_after=None
[2022-12-14T17:45:36.697+0000] {logging_mixin.py:137} INFO - [2022-12-14T17:45:36.697+0000] {dag.py:3340} INFO - Setting next_dagrun for example_subdag_operator.section-2 to None, run_after=None
[2022-12-14T17:45:36.728+0000] {processor.py:176} INFO - Processing /home/airflow/.local/lib/python3.7/site-packages/airflow/example_dags/example_subdag_operator.py took 0.577 seconds
[2022-12-14T17:46:07.315+0000] {processor.py:154} INFO - Started process (PID=542) to work on /home/airflow/.local/lib/python3.7/site-packages/airflow/example_dags/example_subdag_operator.py
[2022-12-14T17:46:07.317+0000] {processor.py:756} INFO - Processing file /home/airflow/.local/lib/python3.7/site-packages/airflow/example_dags/example_subdag_operator.py for tasks to queue
[2022-12-14T17:46:07.318+0000] {logging_mixin.py:137} INFO - [2022-12-14T17:46:07.318+0000] {dagbag.py:537} INFO - Filling up the DagBag from /home/airflow/.local/lib/python3.7/site-packages/airflow/example_dags/example_subdag_operator.py
[2022-12-14T17:46:07.360+0000] {processor.py:766} INFO - DAG(s) dict_keys(['example_subdag_operator.section-1', 'example_subdag_operator.section-2', 'example_subdag_operator']) retrieved from /home/airflow/.local/lib/python3.7/site-packages/airflow/example_dags/example_subdag_operator.py
[2022-12-14T17:46:07.810+0000] {logging_mixin.py:137} INFO - [2022-12-14T17:46:07.810+0000] {dag.py:2585} INFO - Sync 3 DAGs
[2022-12-14T17:46:07.880+0000] {logging_mixin.py:137} INFO - [2022-12-14T17:46:07.880+0000] {dag.py:3340} INFO - Setting next_dagrun for example_subdag_operator to 2022-01-01T00:00:00+00:00, run_after=2022-01-01T00:00:00+00:00
[2022-12-14T17:46:07.885+0000] {logging_mixin.py:137} INFO - [2022-12-14T17:46:07.885+0000] {dag.py:3340} INFO - Setting next_dagrun for example_subdag_operator.section-1 to None, run_after=None
[2022-12-14T17:46:07.888+0000] {logging_mixin.py:137} INFO - [2022-12-14T17:46:07.888+0000] {dag.py:3340} INFO - Setting next_dagrun for example_subdag_operator.section-2 to None, run_after=None
[2022-12-14T17:46:07.900+0000] {logging_mixin.py:137} INFO - [2022-12-14T17:46:07.900+0000] {dag.py:2585} INFO - Sync 2 DAGs
[2022-12-14T17:46:07.909+0000] {logging_mixin.py:137} INFO - [2022-12-14T17:46:07.909+0000] {dag.py:3340} INFO - Setting next_dagrun for example_subdag_operator.section-1 to None, run_after=None
[2022-12-14T17:46:07.910+0000] {logging_mixin.py:137} INFO - [2022-12-14T17:46:07.909+0000] {dag.py:3340} INFO - Setting next_dagrun for example_subdag_operator.section-2 to None, run_after=None
[2022-12-14T17:46:07.933+0000] {processor.py:176} INFO - Processing /home/airflow/.local/lib/python3.7/site-packages/airflow/example_dags/example_subdag_operator.py took 0.625 seconds
[2022-12-14T17:46:38.115+0000] {processor.py:154} INFO - Started process (PID=605) to work on /home/airflow/.local/lib/python3.7/site-packages/airflow/example_dags/example_subdag_operator.py
[2022-12-14T17:46:38.116+0000] {processor.py:756} INFO - Processing file /home/airflow/.local/lib/python3.7/site-packages/airflow/example_dags/example_subdag_operator.py for tasks to queue
[2022-12-14T17:46:38.117+0000] {logging_mixin.py:137} INFO - [2022-12-14T17:46:38.117+0000] {dagbag.py:537} INFO - Filling up the DagBag from /home/airflow/.local/lib/python3.7/site-packages/airflow/example_dags/example_subdag_operator.py
[2022-12-14T17:46:38.165+0000] {processor.py:766} INFO - DAG(s) dict_keys(['example_subdag_operator.section-1', 'example_subdag_operator.section-2', 'example_subdag_operator']) retrieved from /home/airflow/.local/lib/python3.7/site-packages/airflow/example_dags/example_subdag_operator.py
[2022-12-14T17:46:38.730+0000] {logging_mixin.py:137} INFO - [2022-12-14T17:46:38.730+0000] {dag.py:2585} INFO - Sync 3 DAGs
[2022-12-14T17:46:38.777+0000] {logging_mixin.py:137} INFO - [2022-12-14T17:46:38.777+0000] {dag.py:3340} INFO - Setting next_dagrun for example_subdag_operator to 2022-01-01T00:00:00+00:00, run_after=2022-01-01T00:00:00+00:00
[2022-12-14T17:46:38.783+0000] {logging_mixin.py:137} INFO - [2022-12-14T17:46:38.783+0000] {dag.py:3340} INFO - Setting next_dagrun for example_subdag_operator.section-1 to None, run_after=None
[2022-12-14T17:46:38.784+0000] {logging_mixin.py:137} INFO - [2022-12-14T17:46:38.784+0000] {dag.py:3340} INFO - Setting next_dagrun for example_subdag_operator.section-2 to None, run_after=None
[2022-12-14T17:46:38.796+0000] {logging_mixin.py:137} INFO - [2022-12-14T17:46:38.796+0000] {dag.py:2585} INFO - Sync 2 DAGs
[2022-12-14T17:46:38.805+0000] {logging_mixin.py:137} INFO - [2022-12-14T17:46:38.805+0000] {dag.py:3340} INFO - Setting next_dagrun for example_subdag_operator.section-1 to None, run_after=None
[2022-12-14T17:46:38.805+0000] {logging_mixin.py:137} INFO - [2022-12-14T17:46:38.805+0000] {dag.py:3340} INFO - Setting next_dagrun for example_subdag_operator.section-2 to None, run_after=None
[2022-12-14T17:46:38.829+0000] {processor.py:176} INFO - Processing /home/airflow/.local/lib/python3.7/site-packages/airflow/example_dags/example_subdag_operator.py took 0.719 seconds
[2022-12-14T17:47:09.218+0000] {processor.py:154} INFO - Started process (PID=659) to work on /home/airflow/.local/lib/python3.7/site-packages/airflow/example_dags/example_subdag_operator.py
[2022-12-14T17:47:09.219+0000] {processor.py:756} INFO - Processing file /home/airflow/.local/lib/python3.7/site-packages/airflow/example_dags/example_subdag_operator.py for tasks to queue
[2022-12-14T17:47:09.219+0000] {logging_mixin.py:137} INFO - [2022-12-14T17:47:09.219+0000] {dagbag.py:537} INFO - Filling up the DagBag from /home/airflow/.local/lib/python3.7/site-packages/airflow/example_dags/example_subdag_operator.py
[2022-12-14T17:47:09.260+0000] {processor.py:766} INFO - DAG(s) dict_keys(['example_subdag_operator.section-1', 'example_subdag_operator.section-2', 'example_subdag_operator']) retrieved from /home/airflow/.local/lib/python3.7/site-packages/airflow/example_dags/example_subdag_operator.py
[2022-12-14T17:47:09.701+0000] {logging_mixin.py:137} INFO - [2022-12-14T17:47:09.701+0000] {dag.py:2585} INFO - Sync 3 DAGs
[2022-12-14T17:47:09.749+0000] {logging_mixin.py:137} INFO - [2022-12-14T17:47:09.749+0000] {dag.py:3340} INFO - Setting next_dagrun for example_subdag_operator to 2022-01-01T00:00:00+00:00, run_after=2022-01-01T00:00:00+00:00
[2022-12-14T17:47:09.755+0000] {logging_mixin.py:137} INFO - [2022-12-14T17:47:09.754+0000] {dag.py:3340} INFO - Setting next_dagrun for example_subdag_operator.section-1 to None, run_after=None
[2022-12-14T17:47:09.756+0000] {logging_mixin.py:137} INFO - [2022-12-14T17:47:09.756+0000] {dag.py:3340} INFO - Setting next_dagrun for example_subdag_operator.section-2 to None, run_after=None
[2022-12-14T17:47:09.765+0000] {logging_mixin.py:137} INFO - [2022-12-14T17:47:09.765+0000] {dag.py:2585} INFO - Sync 2 DAGs
[2022-12-14T17:47:09.772+0000] {logging_mixin.py:137} INFO - [2022-12-14T17:47:09.772+0000] {dag.py:3340} INFO - Setting next_dagrun for example_subdag_operator.section-1 to None, run_after=None
[2022-12-14T17:47:09.772+0000] {logging_mixin.py:137} INFO - [2022-12-14T17:47:09.772+0000] {dag.py:3340} INFO - Setting next_dagrun for example_subdag_operator.section-2 to None, run_after=None
[2022-12-14T17:47:09.784+0000] {processor.py:176} INFO - Processing /home/airflow/.local/lib/python3.7/site-packages/airflow/example_dags/example_subdag_operator.py took 0.570 seconds
[2022-12-14T17:47:39.825+0000] {processor.py:154} INFO - Started process (PID=714) to work on /home/airflow/.local/lib/python3.7/site-packages/airflow/example_dags/example_subdag_operator.py
[2022-12-14T17:47:39.826+0000] {processor.py:756} INFO - Processing file /home/airflow/.local/lib/python3.7/site-packages/airflow/example_dags/example_subdag_operator.py for tasks to queue
[2022-12-14T17:47:39.827+0000] {logging_mixin.py:137} INFO - [2022-12-14T17:47:39.827+0000] {dagbag.py:537} INFO - Filling up the DagBag from /home/airflow/.local/lib/python3.7/site-packages/airflow/example_dags/example_subdag_operator.py
[2022-12-14T17:47:39.879+0000] {processor.py:766} INFO - DAG(s) dict_keys(['example_subdag_operator.section-1', 'example_subdag_operator.section-2', 'example_subdag_operator']) retrieved from /home/airflow/.local/lib/python3.7/site-packages/airflow/example_dags/example_subdag_operator.py
[2022-12-14T17:47:40.368+0000] {logging_mixin.py:137} INFO - [2022-12-14T17:47:40.368+0000] {dag.py:2585} INFO - Sync 3 DAGs
[2022-12-14T17:47:40.423+0000] {logging_mixin.py:137} INFO - [2022-12-14T17:47:40.423+0000] {dag.py:3340} INFO - Setting next_dagrun for example_subdag_operator to 2022-01-01T00:00:00+00:00, run_after=2022-01-01T00:00:00+00:00
[2022-12-14T17:47:40.429+0000] {logging_mixin.py:137} INFO - [2022-12-14T17:47:40.429+0000] {dag.py:3340} INFO - Setting next_dagrun for example_subdag_operator.section-1 to None, run_after=None
[2022-12-14T17:47:40.431+0000] {logging_mixin.py:137} INFO - [2022-12-14T17:47:40.430+0000] {dag.py:3340} INFO - Setting next_dagrun for example_subdag_operator.section-2 to None, run_after=None
[2022-12-14T17:47:40.442+0000] {logging_mixin.py:137} INFO - [2022-12-14T17:47:40.442+0000] {dag.py:2585} INFO - Sync 2 DAGs
[2022-12-14T17:47:40.454+0000] {logging_mixin.py:137} INFO - [2022-12-14T17:47:40.454+0000] {dag.py:3340} INFO - Setting next_dagrun for example_subdag_operator.section-1 to None, run_after=None
[2022-12-14T17:47:40.454+0000] {logging_mixin.py:137} INFO - [2022-12-14T17:47:40.454+0000] {dag.py:3340} INFO - Setting next_dagrun for example_subdag_operator.section-2 to None, run_after=None
[2022-12-14T17:47:40.471+0000] {processor.py:176} INFO - Processing /home/airflow/.local/lib/python3.7/site-packages/airflow/example_dags/example_subdag_operator.py took 0.650 seconds
[2022-12-14T17:48:10.569+0000] {processor.py:154} INFO - Started process (PID=778) to work on /home/airflow/.local/lib/python3.7/site-packages/airflow/example_dags/example_subdag_operator.py
[2022-12-14T17:48:10.570+0000] {processor.py:756} INFO - Processing file /home/airflow/.local/lib/python3.7/site-packages/airflow/example_dags/example_subdag_operator.py for tasks to queue
[2022-12-14T17:48:10.571+0000] {logging_mixin.py:137} INFO - [2022-12-14T17:48:10.570+0000] {dagbag.py:537} INFO - Filling up the DagBag from /home/airflow/.local/lib/python3.7/site-packages/airflow/example_dags/example_subdag_operator.py
[2022-12-14T17:48:10.611+0000] {processor.py:766} INFO - DAG(s) dict_keys(['example_subdag_operator.section-1', 'example_subdag_operator.section-2', 'example_subdag_operator']) retrieved from /home/airflow/.local/lib/python3.7/site-packages/airflow/example_dags/example_subdag_operator.py
[2022-12-14T17:48:11.094+0000] {logging_mixin.py:137} INFO - [2022-12-14T17:48:11.093+0000] {dag.py:2585} INFO - Sync 3 DAGs
[2022-12-14T17:48:11.152+0000] {logging_mixin.py:137} INFO - [2022-12-14T17:48:11.151+0000] {dag.py:3340} INFO - Setting next_dagrun for example_subdag_operator to 2022-01-01T00:00:00+00:00, run_after=2022-01-01T00:00:00+00:00
[2022-12-14T17:48:11.158+0000] {logging_mixin.py:137} INFO - [2022-12-14T17:48:11.158+0000] {dag.py:3340} INFO - Setting next_dagrun for example_subdag_operator.section-1 to None, run_after=None
[2022-12-14T17:48:11.161+0000] {logging_mixin.py:137} INFO - [2022-12-14T17:48:11.161+0000] {dag.py:3340} INFO - Setting next_dagrun for example_subdag_operator.section-2 to None, run_after=None
[2022-12-14T17:48:11.175+0000] {logging_mixin.py:137} INFO - [2022-12-14T17:48:11.175+0000] {dag.py:2585} INFO - Sync 2 DAGs
[2022-12-14T17:48:11.187+0000] {logging_mixin.py:137} INFO - [2022-12-14T17:48:11.187+0000] {dag.py:3340} INFO - Setting next_dagrun for example_subdag_operator.section-1 to None, run_after=None
[2022-12-14T17:48:11.188+0000] {logging_mixin.py:137} INFO - [2022-12-14T17:48:11.187+0000] {dag.py:3340} INFO - Setting next_dagrun for example_subdag_operator.section-2 to None, run_after=None
[2022-12-14T17:48:11.221+0000] {processor.py:176} INFO - Processing /home/airflow/.local/lib/python3.7/site-packages/airflow/example_dags/example_subdag_operator.py took 0.656 seconds
[2022-12-14T17:48:41.926+0000] {processor.py:154} INFO - Started process (PID=833) to work on /home/airflow/.local/lib/python3.7/site-packages/airflow/example_dags/example_subdag_operator.py
[2022-12-14T17:48:41.927+0000] {processor.py:756} INFO - Processing file /home/airflow/.local/lib/python3.7/site-packages/airflow/example_dags/example_subdag_operator.py for tasks to queue
[2022-12-14T17:48:41.928+0000] {logging_mixin.py:137} INFO - [2022-12-14T17:48:41.928+0000] {dagbag.py:537} INFO - Filling up the DagBag from /home/airflow/.local/lib/python3.7/site-packages/airflow/example_dags/example_subdag_operator.py
[2022-12-14T17:48:41.967+0000] {processor.py:766} INFO - DAG(s) dict_keys(['example_subdag_operator.section-1', 'example_subdag_operator.section-2', 'example_subdag_operator']) retrieved from /home/airflow/.local/lib/python3.7/site-packages/airflow/example_dags/example_subdag_operator.py
[2022-12-14T17:48:42.421+0000] {logging_mixin.py:137} INFO - [2022-12-14T17:48:42.420+0000] {dag.py:2585} INFO - Sync 3 DAGs
[2022-12-14T17:48:42.468+0000] {logging_mixin.py:137} INFO - [2022-12-14T17:48:42.468+0000] {dag.py:3340} INFO - Setting next_dagrun for example_subdag_operator to 2022-01-01T00:00:00+00:00, run_after=2022-01-01T00:00:00+00:00
[2022-12-14T17:48:42.474+0000] {logging_mixin.py:137} INFO - [2022-12-14T17:48:42.473+0000] {dag.py:3340} INFO - Setting next_dagrun for example_subdag_operator.section-1 to None, run_after=None
[2022-12-14T17:48:42.476+0000] {logging_mixin.py:137} INFO - [2022-12-14T17:48:42.476+0000] {dag.py:3340} INFO - Setting next_dagrun for example_subdag_operator.section-2 to None, run_after=None
[2022-12-14T17:48:42.489+0000] {logging_mixin.py:137} INFO - [2022-12-14T17:48:42.488+0000] {dag.py:2585} INFO - Sync 2 DAGs
[2022-12-14T17:48:42.498+0000] {logging_mixin.py:137} INFO - [2022-12-14T17:48:42.497+0000] {dag.py:3340} INFO - Setting next_dagrun for example_subdag_operator.section-1 to None, run_after=None
[2022-12-14T17:48:42.498+0000] {logging_mixin.py:137} INFO - [2022-12-14T17:48:42.498+0000] {dag.py:3340} INFO - Setting next_dagrun for example_subdag_operator.section-2 to None, run_after=None
[2022-12-14T17:48:42.512+0000] {processor.py:176} INFO - Processing /home/airflow/.local/lib/python3.7/site-packages/airflow/example_dags/example_subdag_operator.py took 0.591 seconds
[2022-12-14T17:49:13.427+0000] {processor.py:154} INFO - Started process (PID=897) to work on /home/airflow/.local/lib/python3.7/site-packages/airflow/example_dags/example_subdag_operator.py
[2022-12-14T17:49:13.428+0000] {processor.py:756} INFO - Processing file /home/airflow/.local/lib/python3.7/site-packages/airflow/example_dags/example_subdag_operator.py for tasks to queue
[2022-12-14T17:49:13.429+0000] {logging_mixin.py:137} INFO - [2022-12-14T17:49:13.429+0000] {dagbag.py:537} INFO - Filling up the DagBag from /home/airflow/.local/lib/python3.7/site-packages/airflow/example_dags/example_subdag_operator.py
[2022-12-14T17:49:13.529+0000] {processor.py:766} INFO - DAG(s) dict_keys(['example_subdag_operator.section-1', 'example_subdag_operator.section-2', 'example_subdag_operator']) retrieved from /home/airflow/.local/lib/python3.7/site-packages/airflow/example_dags/example_subdag_operator.py
[2022-12-14T17:49:14.111+0000] {logging_mixin.py:137} INFO - [2022-12-14T17:49:14.111+0000] {dag.py:2585} INFO - Sync 3 DAGs
[2022-12-14T17:49:14.247+0000] {logging_mixin.py:137} INFO - [2022-12-14T17:49:14.247+0000] {dag.py:3340} INFO - Setting next_dagrun for example_subdag_operator to 2022-01-01T00:00:00+00:00, run_after=2022-01-01T00:00:00+00:00
[2022-12-14T17:49:14.253+0000] {logging_mixin.py:137} INFO - [2022-12-14T17:49:14.253+0000] {dag.py:3340} INFO - Setting next_dagrun for example_subdag_operator.section-1 to None, run_after=None
[2022-12-14T17:49:14.255+0000] {logging_mixin.py:137} INFO - [2022-12-14T17:49:14.255+0000] {dag.py:3340} INFO - Setting next_dagrun for example_subdag_operator.section-2 to None, run_after=None
[2022-12-14T17:49:14.268+0000] {logging_mixin.py:137} INFO - [2022-12-14T17:49:14.268+0000] {dag.py:2585} INFO - Sync 2 DAGs
[2022-12-14T17:49:14.279+0000] {logging_mixin.py:137} INFO - [2022-12-14T17:49:14.278+0000] {dag.py:3340} INFO - Setting next_dagrun for example_subdag_operator.section-1 to None, run_after=None
[2022-12-14T17:49:14.279+0000] {logging_mixin.py:137} INFO - [2022-12-14T17:49:14.279+0000] {dag.py:3340} INFO - Setting next_dagrun for example_subdag_operator.section-2 to None, run_after=None
[2022-12-14T17:49:14.319+0000] {processor.py:176} INFO - Processing /home/airflow/.local/lib/python3.7/site-packages/airflow/example_dags/example_subdag_operator.py took 0.905 seconds
[2022-12-14T17:49:44.834+0000] {processor.py:154} INFO - Started process (PID=954) to work on /home/airflow/.local/lib/python3.7/site-packages/airflow/example_dags/example_subdag_operator.py
[2022-12-14T17:49:44.835+0000] {processor.py:756} INFO - Processing file /home/airflow/.local/lib/python3.7/site-packages/airflow/example_dags/example_subdag_operator.py for tasks to queue
[2022-12-14T17:49:44.836+0000] {logging_mixin.py:137} INFO - [2022-12-14T17:49:44.836+0000] {dagbag.py:537} INFO - Filling up the DagBag from /home/airflow/.local/lib/python3.7/site-packages/airflow/example_dags/example_subdag_operator.py
[2022-12-14T17:49:44.890+0000] {processor.py:766} INFO - DAG(s) dict_keys(['example_subdag_operator.section-1', 'example_subdag_operator.section-2', 'example_subdag_operator']) retrieved from /home/airflow/.local/lib/python3.7/site-packages/airflow/example_dags/example_subdag_operator.py
[2022-12-14T17:49:45.511+0000] {logging_mixin.py:137} INFO - [2022-12-14T17:49:45.510+0000] {dag.py:2585} INFO - Sync 3 DAGs
[2022-12-14T17:49:45.558+0000] {logging_mixin.py:137} INFO - [2022-12-14T17:49:45.558+0000] {dag.py:3340} INFO - Setting next_dagrun for example_subdag_operator to 2022-01-01T00:00:00+00:00, run_after=2022-01-01T00:00:00+00:00
[2022-12-14T17:49:45.563+0000] {logging_mixin.py:137} INFO - [2022-12-14T17:49:45.563+0000] {dag.py:3340} INFO - Setting next_dagrun for example_subdag_operator.section-1 to None, run_after=None
[2022-12-14T17:49:45.565+0000] {logging_mixin.py:137} INFO - [2022-12-14T17:49:45.565+0000] {dag.py:3340} INFO - Setting next_dagrun for example_subdag_operator.section-2 to None, run_after=None
[2022-12-14T17:49:45.578+0000] {logging_mixin.py:137} INFO - [2022-12-14T17:49:45.578+0000] {dag.py:2585} INFO - Sync 2 DAGs
[2022-12-14T17:49:45.587+0000] {logging_mixin.py:137} INFO - [2022-12-14T17:49:45.587+0000] {dag.py:3340} INFO - Setting next_dagrun for example_subdag_operator.section-1 to None, run_after=None
[2022-12-14T17:49:45.587+0000] {logging_mixin.py:137} INFO - [2022-12-14T17:49:45.587+0000] {dag.py:3340} INFO - Setting next_dagrun for example_subdag_operator.section-2 to None, run_after=None
[2022-12-14T17:49:45.613+0000] {processor.py:176} INFO - Processing /home/airflow/.local/lib/python3.7/site-packages/airflow/example_dags/example_subdag_operator.py took 0.783 seconds
[2022-12-14T17:50:15.767+0000] {processor.py:154} INFO - Started process (PID=1010) to work on /home/airflow/.local/lib/python3.7/site-packages/airflow/example_dags/example_subdag_operator.py
[2022-12-14T17:50:15.768+0000] {processor.py:756} INFO - Processing file /home/airflow/.local/lib/python3.7/site-packages/airflow/example_dags/example_subdag_operator.py for tasks to queue
[2022-12-14T17:50:15.769+0000] {logging_mixin.py:137} INFO - [2022-12-14T17:50:15.769+0000] {dagbag.py:537} INFO - Filling up the DagBag from /home/airflow/.local/lib/python3.7/site-packages/airflow/example_dags/example_subdag_operator.py
[2022-12-14T17:50:15.834+0000] {processor.py:766} INFO - DAG(s) dict_keys(['example_subdag_operator.section-1', 'example_subdag_operator.section-2', 'example_subdag_operator']) retrieved from /home/airflow/.local/lib/python3.7/site-packages/airflow/example_dags/example_subdag_operator.py
[2022-12-14T17:50:16.525+0000] {logging_mixin.py:137} INFO - [2022-12-14T17:50:16.524+0000] {dag.py:2585} INFO - Sync 3 DAGs
[2022-12-14T17:50:16.599+0000] {logging_mixin.py:137} INFO - [2022-12-14T17:50:16.599+0000] {dag.py:3340} INFO - Setting next_dagrun for example_subdag_operator to 2022-01-01T00:00:00+00:00, run_after=2022-01-01T00:00:00+00:00
[2022-12-14T17:50:16.610+0000] {logging_mixin.py:137} INFO - [2022-12-14T17:50:16.609+0000] {dag.py:3340} INFO - Setting next_dagrun for example_subdag_operator.section-1 to None, run_after=None
[2022-12-14T17:50:16.615+0000] {logging_mixin.py:137} INFO - [2022-12-14T17:50:16.614+0000] {dag.py:3340} INFO - Setting next_dagrun for example_subdag_operator.section-2 to None, run_after=None
[2022-12-14T17:50:16.637+0000] {logging_mixin.py:137} INFO - [2022-12-14T17:50:16.637+0000] {dag.py:2585} INFO - Sync 2 DAGs
[2022-12-14T17:50:16.652+0000] {logging_mixin.py:137} INFO - [2022-12-14T17:50:16.651+0000] {dag.py:3340} INFO - Setting next_dagrun for example_subdag_operator.section-1 to None, run_after=None
[2022-12-14T17:50:16.652+0000] {logging_mixin.py:137} INFO - [2022-12-14T17:50:16.652+0000] {dag.py:3340} INFO - Setting next_dagrun for example_subdag_operator.section-2 to None, run_after=None
[2022-12-14T17:50:16.673+0000] {processor.py:176} INFO - Processing /home/airflow/.local/lib/python3.7/site-packages/airflow/example_dags/example_subdag_operator.py took 0.911 seconds
[2022-12-14T17:50:47.564+0000] {processor.py:154} INFO - Started process (PID=1074) to work on /home/airflow/.local/lib/python3.7/site-packages/airflow/example_dags/example_subdag_operator.py
[2022-12-14T17:50:47.565+0000] {processor.py:756} INFO - Processing file /home/airflow/.local/lib/python3.7/site-packages/airflow/example_dags/example_subdag_operator.py for tasks to queue
[2022-12-14T17:50:47.566+0000] {logging_mixin.py:137} INFO - [2022-12-14T17:50:47.566+0000] {dagbag.py:537} INFO - Filling up the DagBag from /home/airflow/.local/lib/python3.7/site-packages/airflow/example_dags/example_subdag_operator.py
[2022-12-14T17:50:47.637+0000] {processor.py:766} INFO - DAG(s) dict_keys(['example_subdag_operator.section-1', 'example_subdag_operator.section-2', 'example_subdag_operator']) retrieved from /home/airflow/.local/lib/python3.7/site-packages/airflow/example_dags/example_subdag_operator.py
[2022-12-14T17:50:48.296+0000] {logging_mixin.py:137} INFO - [2022-12-14T17:50:48.296+0000] {dag.py:2585} INFO - Sync 3 DAGs
[2022-12-14T17:50:48.340+0000] {logging_mixin.py:137} INFO - [2022-12-14T17:50:48.340+0000] {dag.py:3340} INFO - Setting next_dagrun for example_subdag_operator to 2022-01-01T00:00:00+00:00, run_after=2022-01-01T00:00:00+00:00
[2022-12-14T17:50:48.345+0000] {logging_mixin.py:137} INFO - [2022-12-14T17:50:48.345+0000] {dag.py:3340} INFO - Setting next_dagrun for example_subdag_operator.section-1 to None, run_after=None
[2022-12-14T17:50:48.347+0000] {logging_mixin.py:137} INFO - [2022-12-14T17:50:48.347+0000] {dag.py:3340} INFO - Setting next_dagrun for example_subdag_operator.section-2 to None, run_after=None
[2022-12-14T17:50:48.358+0000] {logging_mixin.py:137} INFO - [2022-12-14T17:50:48.357+0000] {dag.py:2585} INFO - Sync 2 DAGs
[2022-12-14T17:50:48.364+0000] {logging_mixin.py:137} INFO - [2022-12-14T17:50:48.364+0000] {dag.py:3340} INFO - Setting next_dagrun for example_subdag_operator.section-1 to None, run_after=None
[2022-12-14T17:50:48.365+0000] {logging_mixin.py:137} INFO - [2022-12-14T17:50:48.364+0000] {dag.py:3340} INFO - Setting next_dagrun for example_subdag_operator.section-2 to None, run_after=None
[2022-12-14T17:50:48.378+0000] {processor.py:176} INFO - Processing /home/airflow/.local/lib/python3.7/site-packages/airflow/example_dags/example_subdag_operator.py took 0.822 seconds
[2022-12-14T17:51:18.500+0000] {processor.py:154} INFO - Started process (PID=1132) to work on /home/airflow/.local/lib/python3.7/site-packages/airflow/example_dags/example_subdag_operator.py
[2022-12-14T17:51:18.501+0000] {processor.py:756} INFO - Processing file /home/airflow/.local/lib/python3.7/site-packages/airflow/example_dags/example_subdag_operator.py for tasks to queue
[2022-12-14T17:51:18.501+0000] {logging_mixin.py:137} INFO - [2022-12-14T17:51:18.501+0000] {dagbag.py:537} INFO - Filling up the DagBag from /home/airflow/.local/lib/python3.7/site-packages/airflow/example_dags/example_subdag_operator.py
[2022-12-14T17:51:18.544+0000] {processor.py:766} INFO - DAG(s) dict_keys(['example_subdag_operator.section-1', 'example_subdag_operator.section-2', 'example_subdag_operator']) retrieved from /home/airflow/.local/lib/python3.7/site-packages/airflow/example_dags/example_subdag_operator.py
[2022-12-14T17:51:19.015+0000] {logging_mixin.py:137} INFO - [2022-12-14T17:51:19.015+0000] {dag.py:2585} INFO - Sync 3 DAGs
[2022-12-14T17:51:19.089+0000] {logging_mixin.py:137} INFO - [2022-12-14T17:51:19.089+0000] {dag.py:3340} INFO - Setting next_dagrun for example_subdag_operator to 2022-01-01T00:00:00+00:00, run_after=2022-01-01T00:00:00+00:00
[2022-12-14T17:51:19.097+0000] {logging_mixin.py:137} INFO - [2022-12-14T17:51:19.097+0000] {dag.py:3340} INFO - Setting next_dagrun for example_subdag_operator.section-1 to None, run_after=None
[2022-12-14T17:51:19.099+0000] {logging_mixin.py:137} INFO - [2022-12-14T17:51:19.099+0000] {dag.py:3340} INFO - Setting next_dagrun for example_subdag_operator.section-2 to None, run_after=None
[2022-12-14T17:51:19.115+0000] {logging_mixin.py:137} INFO - [2022-12-14T17:51:19.115+0000] {dag.py:2585} INFO - Sync 2 DAGs
[2022-12-14T17:51:19.126+0000] {logging_mixin.py:137} INFO - [2022-12-14T17:51:19.125+0000] {dag.py:3340} INFO - Setting next_dagrun for example_subdag_operator.section-1 to None, run_after=None
[2022-12-14T17:51:19.126+0000] {logging_mixin.py:137} INFO - [2022-12-14T17:51:19.126+0000] {dag.py:3340} INFO - Setting next_dagrun for example_subdag_operator.section-2 to None, run_after=None
[2022-12-14T17:51:19.148+0000] {processor.py:176} INFO - Processing /home/airflow/.local/lib/python3.7/site-packages/airflow/example_dags/example_subdag_operator.py took 0.652 seconds
[2022-12-14T17:51:49.346+0000] {processor.py:154} INFO - Started process (PID=1185) to work on /home/airflow/.local/lib/python3.7/site-packages/airflow/example_dags/example_subdag_operator.py
[2022-12-14T17:51:49.347+0000] {processor.py:756} INFO - Processing file /home/airflow/.local/lib/python3.7/site-packages/airflow/example_dags/example_subdag_operator.py for tasks to queue
[2022-12-14T17:51:49.347+0000] {logging_mixin.py:137} INFO - [2022-12-14T17:51:49.347+0000] {dagbag.py:537} INFO - Filling up the DagBag from /home/airflow/.local/lib/python3.7/site-packages/airflow/example_dags/example_subdag_operator.py
[2022-12-14T17:51:49.392+0000] {processor.py:766} INFO - DAG(s) dict_keys(['example_subdag_operator.section-1', 'example_subdag_operator.section-2', 'example_subdag_operator']) retrieved from /home/airflow/.local/lib/python3.7/site-packages/airflow/example_dags/example_subdag_operator.py
[2022-12-14T17:51:49.850+0000] {logging_mixin.py:137} INFO - [2022-12-14T17:51:49.850+0000] {dag.py:2585} INFO - Sync 3 DAGs
[2022-12-14T17:51:49.893+0000] {logging_mixin.py:137} INFO - [2022-12-14T17:51:49.893+0000] {dag.py:3340} INFO - Setting next_dagrun for example_subdag_operator to 2022-01-01T00:00:00+00:00, run_after=2022-01-01T00:00:00+00:00
[2022-12-14T17:51:49.901+0000] {logging_mixin.py:137} INFO - [2022-12-14T17:51:49.901+0000] {dag.py:3340} INFO - Setting next_dagrun for example_subdag_operator.section-1 to None, run_after=None
[2022-12-14T17:51:49.903+0000] {logging_mixin.py:137} INFO - [2022-12-14T17:51:49.903+0000] {dag.py:3340} INFO - Setting next_dagrun for example_subdag_operator.section-2 to None, run_after=None
[2022-12-14T17:51:49.917+0000] {logging_mixin.py:137} INFO - [2022-12-14T17:51:49.917+0000] {dag.py:2585} INFO - Sync 2 DAGs
[2022-12-14T17:51:49.927+0000] {logging_mixin.py:137} INFO - [2022-12-14T17:51:49.927+0000] {dag.py:3340} INFO - Setting next_dagrun for example_subdag_operator.section-1 to None, run_after=None
[2022-12-14T17:51:49.927+0000] {logging_mixin.py:137} INFO - [2022-12-14T17:51:49.927+0000] {dag.py:3340} INFO - Setting next_dagrun for example_subdag_operator.section-2 to None, run_after=None
[2022-12-14T17:51:49.944+0000] {processor.py:176} INFO - Processing /home/airflow/.local/lib/python3.7/site-packages/airflow/example_dags/example_subdag_operator.py took 0.602 seconds
[2022-12-14T17:52:20.221+0000] {processor.py:154} INFO - Started process (PID=1240) to work on /home/airflow/.local/lib/python3.7/site-packages/airflow/example_dags/example_subdag_operator.py
[2022-12-14T17:52:20.222+0000] {processor.py:756} INFO - Processing file /home/airflow/.local/lib/python3.7/site-packages/airflow/example_dags/example_subdag_operator.py for tasks to queue
[2022-12-14T17:52:20.223+0000] {logging_mixin.py:137} INFO - [2022-12-14T17:52:20.223+0000] {dagbag.py:537} INFO - Filling up the DagBag from /home/airflow/.local/lib/python3.7/site-packages/airflow/example_dags/example_subdag_operator.py
[2022-12-14T17:52:20.285+0000] {processor.py:766} INFO - DAG(s) dict_keys(['example_subdag_operator.section-1', 'example_subdag_operator.section-2', 'example_subdag_operator']) retrieved from /home/airflow/.local/lib/python3.7/site-packages/airflow/example_dags/example_subdag_operator.py
[2022-12-14T17:52:20.939+0000] {logging_mixin.py:137} INFO - [2022-12-14T17:52:20.939+0000] {dag.py:2585} INFO - Sync 3 DAGs
[2022-12-14T17:52:21.018+0000] {logging_mixin.py:137} INFO - [2022-12-14T17:52:21.018+0000] {dag.py:3340} INFO - Setting next_dagrun for example_subdag_operator to 2022-01-01T00:00:00+00:00, run_after=2022-01-01T00:00:00+00:00
[2022-12-14T17:52:21.028+0000] {logging_mixin.py:137} INFO - [2022-12-14T17:52:21.028+0000] {dag.py:3340} INFO - Setting next_dagrun for example_subdag_operator.section-1 to None, run_after=None
[2022-12-14T17:52:21.031+0000] {logging_mixin.py:137} INFO - [2022-12-14T17:52:21.031+0000] {dag.py:3340} INFO - Setting next_dagrun for example_subdag_operator.section-2 to None, run_after=None
[2022-12-14T17:52:21.054+0000] {logging_mixin.py:137} INFO - [2022-12-14T17:52:21.053+0000] {dag.py:2585} INFO - Sync 2 DAGs
[2022-12-14T17:52:21.068+0000] {logging_mixin.py:137} INFO - [2022-12-14T17:52:21.068+0000] {dag.py:3340} INFO - Setting next_dagrun for example_subdag_operator.section-1 to None, run_after=None
[2022-12-14T17:52:21.069+0000] {logging_mixin.py:137} INFO - [2022-12-14T17:52:21.069+0000] {dag.py:3340} INFO - Setting next_dagrun for example_subdag_operator.section-2 to None, run_after=None
[2022-12-14T17:52:21.104+0000] {processor.py:176} INFO - Processing /home/airflow/.local/lib/python3.7/site-packages/airflow/example_dags/example_subdag_operator.py took 0.887 seconds
[2022-12-14T17:52:51.755+0000] {processor.py:154} INFO - Started process (PID=1295) to work on /home/airflow/.local/lib/python3.7/site-packages/airflow/example_dags/example_subdag_operator.py
[2022-12-14T17:52:51.757+0000] {processor.py:756} INFO - Processing file /home/airflow/.local/lib/python3.7/site-packages/airflow/example_dags/example_subdag_operator.py for tasks to queue
[2022-12-14T17:52:51.757+0000] {logging_mixin.py:137} INFO - [2022-12-14T17:52:51.757+0000] {dagbag.py:537} INFO - Filling up the DagBag from /home/airflow/.local/lib/python3.7/site-packages/airflow/example_dags/example_subdag_operator.py
[2022-12-14T17:52:51.842+0000] {processor.py:766} INFO - DAG(s) dict_keys(['example_subdag_operator.section-1', 'example_subdag_operator.section-2', 'example_subdag_operator']) retrieved from /home/airflow/.local/lib/python3.7/site-packages/airflow/example_dags/example_subdag_operator.py
[2022-12-14T17:52:52.492+0000] {logging_mixin.py:137} INFO - [2022-12-14T17:52:52.491+0000] {dag.py:2585} INFO - Sync 3 DAGs
[2022-12-14T17:52:52.558+0000] {logging_mixin.py:137} INFO - [2022-12-14T17:52:52.558+0000] {dag.py:3340} INFO - Setting next_dagrun for example_subdag_operator to 2022-01-01T00:00:00+00:00, run_after=2022-01-01T00:00:00+00:00
[2022-12-14T17:52:52.566+0000] {logging_mixin.py:137} INFO - [2022-12-14T17:52:52.566+0000] {dag.py:3340} INFO - Setting next_dagrun for example_subdag_operator.section-1 to None, run_after=None
[2022-12-14T17:52:52.568+0000] {logging_mixin.py:137} INFO - [2022-12-14T17:52:52.568+0000] {dag.py:3340} INFO - Setting next_dagrun for example_subdag_operator.section-2 to None, run_after=None
[2022-12-14T17:52:52.584+0000] {logging_mixin.py:137} INFO - [2022-12-14T17:52:52.584+0000] {dag.py:2585} INFO - Sync 2 DAGs
[2022-12-14T17:52:52.597+0000] {logging_mixin.py:137} INFO - [2022-12-14T17:52:52.596+0000] {dag.py:3340} INFO - Setting next_dagrun for example_subdag_operator.section-1 to None, run_after=None
[2022-12-14T17:52:52.598+0000] {logging_mixin.py:137} INFO - [2022-12-14T17:52:52.598+0000] {dag.py:3340} INFO - Setting next_dagrun for example_subdag_operator.section-2 to None, run_after=None
[2022-12-14T17:52:52.623+0000] {processor.py:176} INFO - Processing /home/airflow/.local/lib/python3.7/site-packages/airflow/example_dags/example_subdag_operator.py took 0.877 seconds
[2022-12-14T17:53:23.189+0000] {processor.py:154} INFO - Started process (PID=1350) to work on /home/airflow/.local/lib/python3.7/site-packages/airflow/example_dags/example_subdag_operator.py
[2022-12-14T17:53:23.190+0000] {processor.py:756} INFO - Processing file /home/airflow/.local/lib/python3.7/site-packages/airflow/example_dags/example_subdag_operator.py for tasks to queue
[2022-12-14T17:53:23.191+0000] {logging_mixin.py:137} INFO - [2022-12-14T17:53:23.191+0000] {dagbag.py:537} INFO - Filling up the DagBag from /home/airflow/.local/lib/python3.7/site-packages/airflow/example_dags/example_subdag_operator.py
[2022-12-14T17:53:23.245+0000] {processor.py:766} INFO - DAG(s) dict_keys(['example_subdag_operator.section-1', 'example_subdag_operator.section-2', 'example_subdag_operator']) retrieved from /home/airflow/.local/lib/python3.7/site-packages/airflow/example_dags/example_subdag_operator.py
[2022-12-14T17:53:24.035+0000] {logging_mixin.py:137} INFO - [2022-12-14T17:53:24.035+0000] {dag.py:2585} INFO - Sync 3 DAGs
[2022-12-14T17:53:24.312+0000] {logging_mixin.py:137} INFO - [2022-12-14T17:53:24.311+0000] {dag.py:3340} INFO - Setting next_dagrun for example_subdag_operator to 2022-01-01T00:00:00+00:00, run_after=2022-01-01T00:00:00+00:00
[2022-12-14T17:53:24.355+0000] {logging_mixin.py:137} INFO - [2022-12-14T17:53:24.355+0000] {dag.py:3340} INFO - Setting next_dagrun for example_subdag_operator.section-1 to None, run_after=None
[2022-12-14T17:53:24.375+0000] {logging_mixin.py:137} INFO - [2022-12-14T17:53:24.375+0000] {dag.py:3340} INFO - Setting next_dagrun for example_subdag_operator.section-2 to None, run_after=None
[2022-12-14T17:53:24.433+0000] {logging_mixin.py:137} INFO - [2022-12-14T17:53:24.433+0000] {dag.py:2585} INFO - Sync 2 DAGs
[2022-12-14T17:53:24.491+0000] {logging_mixin.py:137} INFO - [2022-12-14T17:53:24.491+0000] {dag.py:3340} INFO - Setting next_dagrun for example_subdag_operator.section-1 to None, run_after=None
[2022-12-14T17:53:24.492+0000] {logging_mixin.py:137} INFO - [2022-12-14T17:53:24.492+0000] {dag.py:3340} INFO - Setting next_dagrun for example_subdag_operator.section-2 to None, run_after=None
[2022-12-14T17:53:24.674+0000] {processor.py:176} INFO - Processing /home/airflow/.local/lib/python3.7/site-packages/airflow/example_dags/example_subdag_operator.py took 1.490 seconds
[2022-12-14T17:53:55.219+0000] {processor.py:154} INFO - Started process (PID=1415) to work on /home/airflow/.local/lib/python3.7/site-packages/airflow/example_dags/example_subdag_operator.py
[2022-12-14T17:53:55.220+0000] {processor.py:756} INFO - Processing file /home/airflow/.local/lib/python3.7/site-packages/airflow/example_dags/example_subdag_operator.py for tasks to queue
[2022-12-14T17:53:55.221+0000] {logging_mixin.py:137} INFO - [2022-12-14T17:53:55.221+0000] {dagbag.py:537} INFO - Filling up the DagBag from /home/airflow/.local/lib/python3.7/site-packages/airflow/example_dags/example_subdag_operator.py
[2022-12-14T17:53:55.357+0000] {processor.py:766} INFO - DAG(s) dict_keys(['example_subdag_operator.section-1', 'example_subdag_operator.section-2', 'example_subdag_operator']) retrieved from /home/airflow/.local/lib/python3.7/site-packages/airflow/example_dags/example_subdag_operator.py
[2022-12-14T17:53:56.171+0000] {logging_mixin.py:137} INFO - [2022-12-14T17:53:56.170+0000] {dag.py:2585} INFO - Sync 3 DAGs
[2022-12-14T17:53:56.237+0000] {logging_mixin.py:137} INFO - [2022-12-14T17:53:56.237+0000] {dag.py:3340} INFO - Setting next_dagrun for example_subdag_operator to 2022-01-01T00:00:00+00:00, run_after=2022-01-01T00:00:00+00:00
[2022-12-14T17:53:56.244+0000] {logging_mixin.py:137} INFO - [2022-12-14T17:53:56.244+0000] {dag.py:3340} INFO - Setting next_dagrun for example_subdag_operator.section-1 to None, run_after=None
[2022-12-14T17:53:56.246+0000] {logging_mixin.py:137} INFO - [2022-12-14T17:53:56.246+0000] {dag.py:3340} INFO - Setting next_dagrun for example_subdag_operator.section-2 to None, run_after=None
[2022-12-14T17:53:56.260+0000] {logging_mixin.py:137} INFO - [2022-12-14T17:53:56.260+0000] {dag.py:2585} INFO - Sync 2 DAGs
[2022-12-14T17:53:56.271+0000] {logging_mixin.py:137} INFO - [2022-12-14T17:53:56.271+0000] {dag.py:3340} INFO - Setting next_dagrun for example_subdag_operator.section-1 to None, run_after=None
[2022-12-14T17:53:56.271+0000] {logging_mixin.py:137} INFO - [2022-12-14T17:53:56.271+0000] {dag.py:3340} INFO - Setting next_dagrun for example_subdag_operator.section-2 to None, run_after=None
[2022-12-14T17:53:56.305+0000] {processor.py:176} INFO - Processing /home/airflow/.local/lib/python3.7/site-packages/airflow/example_dags/example_subdag_operator.py took 1.116 seconds
[2022-12-14T17:54:26.385+0000] {processor.py:154} INFO - Started process (PID=1471) to work on /home/airflow/.local/lib/python3.7/site-packages/airflow/example_dags/example_subdag_operator.py
[2022-12-14T17:54:26.387+0000] {processor.py:756} INFO - Processing file /home/airflow/.local/lib/python3.7/site-packages/airflow/example_dags/example_subdag_operator.py for tasks to queue
[2022-12-14T17:54:26.388+0000] {logging_mixin.py:137} INFO - [2022-12-14T17:54:26.387+0000] {dagbag.py:537} INFO - Filling up the DagBag from /home/airflow/.local/lib/python3.7/site-packages/airflow/example_dags/example_subdag_operator.py
[2022-12-14T17:54:26.450+0000] {processor.py:766} INFO - DAG(s) dict_keys(['example_subdag_operator.section-1', 'example_subdag_operator.section-2', 'example_subdag_operator']) retrieved from /home/airflow/.local/lib/python3.7/site-packages/airflow/example_dags/example_subdag_operator.py
[2022-12-14T17:54:27.015+0000] {logging_mixin.py:137} INFO - [2022-12-14T17:54:27.014+0000] {dag.py:2585} INFO - Sync 3 DAGs
[2022-12-14T17:54:27.081+0000] {logging_mixin.py:137} INFO - [2022-12-14T17:54:27.081+0000] {dag.py:3340} INFO - Setting next_dagrun for example_subdag_operator to 2022-01-01T00:00:00+00:00, run_after=2022-01-01T00:00:00+00:00
[2022-12-14T17:54:27.088+0000] {logging_mixin.py:137} INFO - [2022-12-14T17:54:27.088+0000] {dag.py:3340} INFO - Setting next_dagrun for example_subdag_operator.section-1 to None, run_after=None
[2022-12-14T17:54:27.090+0000] {logging_mixin.py:137} INFO - [2022-12-14T17:54:27.090+0000] {dag.py:3340} INFO - Setting next_dagrun for example_subdag_operator.section-2 to None, run_after=None
[2022-12-14T17:54:27.106+0000] {logging_mixin.py:137} INFO - [2022-12-14T17:54:27.106+0000] {dag.py:2585} INFO - Sync 2 DAGs
[2022-12-14T17:54:27.118+0000] {logging_mixin.py:137} INFO - [2022-12-14T17:54:27.117+0000] {dag.py:3340} INFO - Setting next_dagrun for example_subdag_operator.section-1 to None, run_after=None
[2022-12-14T17:54:27.118+0000] {logging_mixin.py:137} INFO - [2022-12-14T17:54:27.118+0000] {dag.py:3340} INFO - Setting next_dagrun for example_subdag_operator.section-2 to None, run_after=None
[2022-12-14T17:54:27.140+0000] {processor.py:176} INFO - Processing /home/airflow/.local/lib/python3.7/site-packages/airflow/example_dags/example_subdag_operator.py took 0.760 seconds
[2022-12-14T17:54:57.965+0000] {processor.py:154} INFO - Started process (PID=1525) to work on /home/airflow/.local/lib/python3.7/site-packages/airflow/example_dags/example_subdag_operator.py
[2022-12-14T17:54:58.001+0000] {processor.py:756} INFO - Processing file /home/airflow/.local/lib/python3.7/site-packages/airflow/example_dags/example_subdag_operator.py for tasks to queue
[2022-12-14T17:54:58.002+0000] {logging_mixin.py:137} INFO - [2022-12-14T17:54:58.002+0000] {dagbag.py:537} INFO - Filling up the DagBag from /home/airflow/.local/lib/python3.7/site-packages/airflow/example_dags/example_subdag_operator.py
[2022-12-14T17:54:58.050+0000] {processor.py:766} INFO - DAG(s) dict_keys(['example_subdag_operator.section-1', 'example_subdag_operator.section-2', 'example_subdag_operator']) retrieved from /home/airflow/.local/lib/python3.7/site-packages/airflow/example_dags/example_subdag_operator.py
[2022-12-14T17:54:58.546+0000] {logging_mixin.py:137} INFO - [2022-12-14T17:54:58.546+0000] {dag.py:2585} INFO - Sync 3 DAGs
[2022-12-14T17:54:58.600+0000] {logging_mixin.py:137} INFO - [2022-12-14T17:54:58.600+0000] {dag.py:3340} INFO - Setting next_dagrun for example_subdag_operator to 2022-01-01T00:00:00+00:00, run_after=2022-01-01T00:00:00+00:00
[2022-12-14T17:54:58.604+0000] {logging_mixin.py:137} INFO - [2022-12-14T17:54:58.604+0000] {dag.py:3340} INFO - Setting next_dagrun for example_subdag_operator.section-1 to None, run_after=None
[2022-12-14T17:54:58.605+0000] {logging_mixin.py:137} INFO - [2022-12-14T17:54:58.605+0000] {dag.py:3340} INFO - Setting next_dagrun for example_subdag_operator.section-2 to None, run_after=None
[2022-12-14T17:54:58.618+0000] {logging_mixin.py:137} INFO - [2022-12-14T17:54:58.618+0000] {dag.py:2585} INFO - Sync 2 DAGs
[2022-12-14T17:54:58.627+0000] {logging_mixin.py:137} INFO - [2022-12-14T17:54:58.627+0000] {dag.py:3340} INFO - Setting next_dagrun for example_subdag_operator.section-1 to None, run_after=None
[2022-12-14T17:54:58.628+0000] {logging_mixin.py:137} INFO - [2022-12-14T17:54:58.628+0000] {dag.py:3340} INFO - Setting next_dagrun for example_subdag_operator.section-2 to None, run_after=None
[2022-12-14T17:54:58.644+0000] {processor.py:176} INFO - Processing /home/airflow/.local/lib/python3.7/site-packages/airflow/example_dags/example_subdag_operator.py took 0.685 seconds
[2022-12-14T17:55:29.321+0000] {processor.py:154} INFO - Started process (PID=1590) to work on /home/airflow/.local/lib/python3.7/site-packages/airflow/example_dags/example_subdag_operator.py
[2022-12-14T17:55:29.331+0000] {processor.py:756} INFO - Processing file /home/airflow/.local/lib/python3.7/site-packages/airflow/example_dags/example_subdag_operator.py for tasks to queue
[2022-12-14T17:55:29.334+0000] {logging_mixin.py:137} INFO - [2022-12-14T17:55:29.333+0000] {dagbag.py:537} INFO - Filling up the DagBag from /home/airflow/.local/lib/python3.7/site-packages/airflow/example_dags/example_subdag_operator.py
[2022-12-14T17:55:29.483+0000] {processor.py:766} INFO - DAG(s) dict_keys(['example_subdag_operator.section-1', 'example_subdag_operator.section-2', 'example_subdag_operator']) retrieved from /home/airflow/.local/lib/python3.7/site-packages/airflow/example_dags/example_subdag_operator.py
[2022-12-14T17:55:30.152+0000] {logging_mixin.py:137} INFO - [2022-12-14T17:55:30.152+0000] {dag.py:2585} INFO - Sync 3 DAGs
[2022-12-14T17:55:30.226+0000] {logging_mixin.py:137} INFO - [2022-12-14T17:55:30.226+0000] {dag.py:3340} INFO - Setting next_dagrun for example_subdag_operator to 2022-01-01T00:00:00+00:00, run_after=2022-01-01T00:00:00+00:00
[2022-12-14T17:55:30.233+0000] {logging_mixin.py:137} INFO - [2022-12-14T17:55:30.233+0000] {dag.py:3340} INFO - Setting next_dagrun for example_subdag_operator.section-1 to None, run_after=None
[2022-12-14T17:55:30.236+0000] {logging_mixin.py:137} INFO - [2022-12-14T17:55:30.235+0000] {dag.py:3340} INFO - Setting next_dagrun for example_subdag_operator.section-2 to None, run_after=None
[2022-12-14T17:55:30.252+0000] {logging_mixin.py:137} INFO - [2022-12-14T17:55:30.252+0000] {dag.py:2585} INFO - Sync 2 DAGs
[2022-12-14T17:55:30.264+0000] {logging_mixin.py:137} INFO - [2022-12-14T17:55:30.263+0000] {dag.py:3340} INFO - Setting next_dagrun for example_subdag_operator.section-1 to None, run_after=None
[2022-12-14T17:55:30.264+0000] {logging_mixin.py:137} INFO - [2022-12-14T17:55:30.264+0000] {dag.py:3340} INFO - Setting next_dagrun for example_subdag_operator.section-2 to None, run_after=None
[2022-12-14T17:55:30.294+0000] {processor.py:176} INFO - Processing /home/airflow/.local/lib/python3.7/site-packages/airflow/example_dags/example_subdag_operator.py took 0.990 seconds
[2022-12-14T17:56:00.768+0000] {processor.py:154} INFO - Started process (PID=1643) to work on /home/airflow/.local/lib/python3.7/site-packages/airflow/example_dags/example_subdag_operator.py
[2022-12-14T17:56:00.769+0000] {processor.py:756} INFO - Processing file /home/airflow/.local/lib/python3.7/site-packages/airflow/example_dags/example_subdag_operator.py for tasks to queue
[2022-12-14T17:56:00.769+0000] {logging_mixin.py:137} INFO - [2022-12-14T17:56:00.769+0000] {dagbag.py:537} INFO - Filling up the DagBag from /home/airflow/.local/lib/python3.7/site-packages/airflow/example_dags/example_subdag_operator.py
[2022-12-14T17:56:00.814+0000] {processor.py:766} INFO - DAG(s) dict_keys(['example_subdag_operator.section-1', 'example_subdag_operator.section-2', 'example_subdag_operator']) retrieved from /home/airflow/.local/lib/python3.7/site-packages/airflow/example_dags/example_subdag_operator.py
[2022-12-14T17:56:01.288+0000] {logging_mixin.py:137} INFO - [2022-12-14T17:56:01.288+0000] {dag.py:2585} INFO - Sync 3 DAGs
[2022-12-14T17:56:01.335+0000] {logging_mixin.py:137} INFO - [2022-12-14T17:56:01.335+0000] {dag.py:3340} INFO - Setting next_dagrun for example_subdag_operator to 2022-01-01T00:00:00+00:00, run_after=2022-01-01T00:00:00+00:00
[2022-12-14T17:56:01.341+0000] {logging_mixin.py:137} INFO - [2022-12-14T17:56:01.341+0000] {dag.py:3340} INFO - Setting next_dagrun for example_subdag_operator.section-1 to None, run_after=None
[2022-12-14T17:56:01.343+0000] {logging_mixin.py:137} INFO - [2022-12-14T17:56:01.343+0000] {dag.py:3340} INFO - Setting next_dagrun for example_subdag_operator.section-2 to None, run_after=None
[2022-12-14T17:56:01.352+0000] {logging_mixin.py:137} INFO - [2022-12-14T17:56:01.352+0000] {dag.py:2585} INFO - Sync 2 DAGs
[2022-12-14T17:56:01.361+0000] {logging_mixin.py:137} INFO - [2022-12-14T17:56:01.360+0000] {dag.py:3340} INFO - Setting next_dagrun for example_subdag_operator.section-1 to None, run_after=None
[2022-12-14T17:56:01.361+0000] {logging_mixin.py:137} INFO - [2022-12-14T17:56:01.361+0000] {dag.py:3340} INFO - Setting next_dagrun for example_subdag_operator.section-2 to None, run_after=None
[2022-12-14T17:56:01.378+0000] {processor.py:176} INFO - Processing /home/airflow/.local/lib/python3.7/site-packages/airflow/example_dags/example_subdag_operator.py took 0.614 seconds
[2022-12-14T17:56:31.768+0000] {processor.py:154} INFO - Started process (PID=1695) to work on /home/airflow/.local/lib/python3.7/site-packages/airflow/example_dags/example_subdag_operator.py
[2022-12-14T17:56:31.769+0000] {processor.py:756} INFO - Processing file /home/airflow/.local/lib/python3.7/site-packages/airflow/example_dags/example_subdag_operator.py for tasks to queue
[2022-12-14T17:56:31.770+0000] {logging_mixin.py:137} INFO - [2022-12-14T17:56:31.770+0000] {dagbag.py:537} INFO - Filling up the DagBag from /home/airflow/.local/lib/python3.7/site-packages/airflow/example_dags/example_subdag_operator.py
[2022-12-14T17:56:31.825+0000] {processor.py:766} INFO - DAG(s) dict_keys(['example_subdag_operator.section-1', 'example_subdag_operator.section-2', 'example_subdag_operator']) retrieved from /home/airflow/.local/lib/python3.7/site-packages/airflow/example_dags/example_subdag_operator.py
[2022-12-14T17:56:32.352+0000] {logging_mixin.py:137} INFO - [2022-12-14T17:56:32.352+0000] {dag.py:2585} INFO - Sync 3 DAGs
[2022-12-14T17:56:32.401+0000] {logging_mixin.py:137} INFO - [2022-12-14T17:56:32.400+0000] {dag.py:3340} INFO - Setting next_dagrun for example_subdag_operator to 2022-01-01T00:00:00+00:00, run_after=2022-01-01T00:00:00+00:00
[2022-12-14T17:56:32.406+0000] {logging_mixin.py:137} INFO - [2022-12-14T17:56:32.405+0000] {dag.py:3340} INFO - Setting next_dagrun for example_subdag_operator.section-1 to None, run_after=None
[2022-12-14T17:56:32.407+0000] {logging_mixin.py:137} INFO - [2022-12-14T17:56:32.407+0000] {dag.py:3340} INFO - Setting next_dagrun for example_subdag_operator.section-2 to None, run_after=None
[2022-12-14T17:56:32.413+0000] {logging_mixin.py:137} INFO - [2022-12-14T17:56:32.413+0000] {dag.py:2585} INFO - Sync 2 DAGs
[2022-12-14T17:56:32.419+0000] {logging_mixin.py:137} INFO - [2022-12-14T17:56:32.419+0000] {dag.py:3340} INFO - Setting next_dagrun for example_subdag_operator.section-1 to None, run_after=None
[2022-12-14T17:56:32.419+0000] {logging_mixin.py:137} INFO - [2022-12-14T17:56:32.419+0000] {dag.py:3340} INFO - Setting next_dagrun for example_subdag_operator.section-2 to None, run_after=None
[2022-12-14T17:56:32.473+0000] {processor.py:176} INFO - Processing /home/airflow/.local/lib/python3.7/site-packages/airflow/example_dags/example_subdag_operator.py took 0.711 seconds
[2022-12-14T18:00:02.293+0000] {processor.py:154} INFO - Started process (PID=74) to work on /home/airflow/.local/lib/python3.7/site-packages/airflow/example_dags/example_subdag_operator.py
[2022-12-14T18:00:02.317+0000] {processor.py:756} INFO - Processing file /home/airflow/.local/lib/python3.7/site-packages/airflow/example_dags/example_subdag_operator.py for tasks to queue
[2022-12-14T18:00:02.319+0000] {logging_mixin.py:137} INFO - [2022-12-14T18:00:02.318+0000] {dagbag.py:537} INFO - Filling up the DagBag from /home/airflow/.local/lib/python3.7/site-packages/airflow/example_dags/example_subdag_operator.py
[2022-12-14T18:00:02.429+0000] {processor.py:766} INFO - DAG(s) dict_keys(['example_subdag_operator.section-1', 'example_subdag_operator.section-2', 'example_subdag_operator']) retrieved from /home/airflow/.local/lib/python3.7/site-packages/airflow/example_dags/example_subdag_operator.py
[2022-12-14T18:00:03.522+0000] {logging_mixin.py:137} INFO - [2022-12-14T18:00:03.520+0000] {dag.py:2585} INFO - Sync 3 DAGs
[2022-12-14T18:00:03.595+0000] {logging_mixin.py:137} INFO - [2022-12-14T18:00:03.594+0000] {dag.py:3340} INFO - Setting next_dagrun for example_subdag_operator to 2022-01-01T00:00:00+00:00, run_after=2022-01-01T00:00:00+00:00
[2022-12-14T18:00:03.601+0000] {logging_mixin.py:137} INFO - [2022-12-14T18:00:03.601+0000] {dag.py:3340} INFO - Setting next_dagrun for example_subdag_operator.section-1 to None, run_after=None
[2022-12-14T18:00:03.604+0000] {logging_mixin.py:137} INFO - [2022-12-14T18:00:03.603+0000] {dag.py:3340} INFO - Setting next_dagrun for example_subdag_operator.section-2 to None, run_after=None
[2022-12-14T18:00:03.617+0000] {logging_mixin.py:137} INFO - [2022-12-14T18:00:03.617+0000] {dag.py:2585} INFO - Sync 2 DAGs
[2022-12-14T18:00:03.629+0000] {logging_mixin.py:137} INFO - [2022-12-14T18:00:03.629+0000] {dag.py:3340} INFO - Setting next_dagrun for example_subdag_operator.section-1 to None, run_after=None
[2022-12-14T18:00:03.629+0000] {logging_mixin.py:137} INFO - [2022-12-14T18:00:03.629+0000] {dag.py:3340} INFO - Setting next_dagrun for example_subdag_operator.section-2 to None, run_after=None
[2022-12-14T18:00:03.656+0000] {processor.py:176} INFO - Processing /home/airflow/.local/lib/python3.7/site-packages/airflow/example_dags/example_subdag_operator.py took 1.369 seconds
[2022-12-14T18:00:34.318+0000] {processor.py:154} INFO - Started process (PID=129) to work on /home/airflow/.local/lib/python3.7/site-packages/airflow/example_dags/example_subdag_operator.py
[2022-12-14T18:00:34.319+0000] {processor.py:756} INFO - Processing file /home/airflow/.local/lib/python3.7/site-packages/airflow/example_dags/example_subdag_operator.py for tasks to queue
[2022-12-14T18:00:34.319+0000] {logging_mixin.py:137} INFO - [2022-12-14T18:00:34.319+0000] {dagbag.py:537} INFO - Filling up the DagBag from /home/airflow/.local/lib/python3.7/site-packages/airflow/example_dags/example_subdag_operator.py
[2022-12-14T18:00:34.363+0000] {processor.py:766} INFO - DAG(s) dict_keys(['example_subdag_operator.section-1', 'example_subdag_operator.section-2', 'example_subdag_operator']) retrieved from /home/airflow/.local/lib/python3.7/site-packages/airflow/example_dags/example_subdag_operator.py
[2022-12-14T18:00:34.921+0000] {logging_mixin.py:137} INFO - [2022-12-14T18:00:34.921+0000] {dag.py:2585} INFO - Sync 3 DAGs
[2022-12-14T18:00:34.969+0000] {logging_mixin.py:137} INFO - [2022-12-14T18:00:34.969+0000] {dag.py:3340} INFO - Setting next_dagrun for example_subdag_operator to 2022-01-01T00:00:00+00:00, run_after=2022-01-01T00:00:00+00:00
[2022-12-14T18:00:34.975+0000] {logging_mixin.py:137} INFO - [2022-12-14T18:00:34.975+0000] {dag.py:3340} INFO - Setting next_dagrun for example_subdag_operator.section-1 to None, run_after=None
[2022-12-14T18:00:34.977+0000] {logging_mixin.py:137} INFO - [2022-12-14T18:00:34.977+0000] {dag.py:3340} INFO - Setting next_dagrun for example_subdag_operator.section-2 to None, run_after=None
[2022-12-14T18:00:34.989+0000] {logging_mixin.py:137} INFO - [2022-12-14T18:00:34.989+0000] {dag.py:2585} INFO - Sync 2 DAGs
[2022-12-14T18:00:35.001+0000] {logging_mixin.py:137} INFO - [2022-12-14T18:00:35.000+0000] {dag.py:3340} INFO - Setting next_dagrun for example_subdag_operator.section-1 to None, run_after=None
[2022-12-14T18:00:35.001+0000] {logging_mixin.py:137} INFO - [2022-12-14T18:00:35.001+0000] {dag.py:3340} INFO - Setting next_dagrun for example_subdag_operator.section-2 to None, run_after=None
[2022-12-14T18:00:35.015+0000] {processor.py:176} INFO - Processing /home/airflow/.local/lib/python3.7/site-packages/airflow/example_dags/example_subdag_operator.py took 0.701 seconds
[2022-12-14T18:01:05.064+0000] {processor.py:154} INFO - Started process (PID=196) to work on /home/airflow/.local/lib/python3.7/site-packages/airflow/example_dags/example_subdag_operator.py
[2022-12-14T18:01:05.065+0000] {processor.py:756} INFO - Processing file /home/airflow/.local/lib/python3.7/site-packages/airflow/example_dags/example_subdag_operator.py for tasks to queue
[2022-12-14T18:01:05.066+0000] {logging_mixin.py:137} INFO - [2022-12-14T18:01:05.066+0000] {dagbag.py:537} INFO - Filling up the DagBag from /home/airflow/.local/lib/python3.7/site-packages/airflow/example_dags/example_subdag_operator.py
[2022-12-14T18:01:05.126+0000] {processor.py:766} INFO - DAG(s) dict_keys(['example_subdag_operator.section-1', 'example_subdag_operator.section-2', 'example_subdag_operator']) retrieved from /home/airflow/.local/lib/python3.7/site-packages/airflow/example_dags/example_subdag_operator.py
[2022-12-14T18:01:05.779+0000] {logging_mixin.py:137} INFO - [2022-12-14T18:01:05.779+0000] {dag.py:2585} INFO - Sync 3 DAGs
[2022-12-14T18:01:05.837+0000] {logging_mixin.py:137} INFO - [2022-12-14T18:01:05.836+0000] {dag.py:3340} INFO - Setting next_dagrun for example_subdag_operator to 2022-01-01T00:00:00+00:00, run_after=2022-01-01T00:00:00+00:00
[2022-12-14T18:01:05.843+0000] {logging_mixin.py:137} INFO - [2022-12-14T18:01:05.843+0000] {dag.py:3340} INFO - Setting next_dagrun for example_subdag_operator.section-1 to None, run_after=None
[2022-12-14T18:01:05.845+0000] {logging_mixin.py:137} INFO - [2022-12-14T18:01:05.845+0000] {dag.py:3340} INFO - Setting next_dagrun for example_subdag_operator.section-2 to None, run_after=None
[2022-12-14T18:01:05.857+0000] {logging_mixin.py:137} INFO - [2022-12-14T18:01:05.857+0000] {dag.py:2585} INFO - Sync 2 DAGs
[2022-12-14T18:01:05.868+0000] {logging_mixin.py:137} INFO - [2022-12-14T18:01:05.868+0000] {dag.py:3340} INFO - Setting next_dagrun for example_subdag_operator.section-1 to None, run_after=None
[2022-12-14T18:01:05.868+0000] {logging_mixin.py:137} INFO - [2022-12-14T18:01:05.868+0000] {dag.py:3340} INFO - Setting next_dagrun for example_subdag_operator.section-2 to None, run_after=None
[2022-12-14T18:01:05.994+0000] {processor.py:176} INFO - Processing /home/airflow/.local/lib/python3.7/site-packages/airflow/example_dags/example_subdag_operator.py took 0.938 seconds
[2022-12-14T18:01:36.321+0000] {processor.py:154} INFO - Started process (PID=253) to work on /home/airflow/.local/lib/python3.7/site-packages/airflow/example_dags/example_subdag_operator.py
[2022-12-14T18:01:36.383+0000] {processor.py:756} INFO - Processing file /home/airflow/.local/lib/python3.7/site-packages/airflow/example_dags/example_subdag_operator.py for tasks to queue
[2022-12-14T18:01:36.384+0000] {logging_mixin.py:137} INFO - [2022-12-14T18:01:36.384+0000] {dagbag.py:537} INFO - Filling up the DagBag from /home/airflow/.local/lib/python3.7/site-packages/airflow/example_dags/example_subdag_operator.py
[2022-12-14T18:01:36.447+0000] {processor.py:766} INFO - DAG(s) dict_keys(['example_subdag_operator.section-1', 'example_subdag_operator.section-2', 'example_subdag_operator']) retrieved from /home/airflow/.local/lib/python3.7/site-packages/airflow/example_dags/example_subdag_operator.py
[2022-12-14T18:01:37.053+0000] {logging_mixin.py:137} INFO - [2022-12-14T18:01:37.053+0000] {dag.py:2585} INFO - Sync 3 DAGs
[2022-12-14T18:01:37.117+0000] {logging_mixin.py:137} INFO - [2022-12-14T18:01:37.116+0000] {dag.py:3340} INFO - Setting next_dagrun for example_subdag_operator to 2022-01-01T00:00:00+00:00, run_after=2022-01-01T00:00:00+00:00
[2022-12-14T18:01:37.124+0000] {logging_mixin.py:137} INFO - [2022-12-14T18:01:37.124+0000] {dag.py:3340} INFO - Setting next_dagrun for example_subdag_operator.section-1 to None, run_after=None
[2022-12-14T18:01:37.127+0000] {logging_mixin.py:137} INFO - [2022-12-14T18:01:37.126+0000] {dag.py:3340} INFO - Setting next_dagrun for example_subdag_operator.section-2 to None, run_after=None
[2022-12-14T18:01:37.164+0000] {logging_mixin.py:137} INFO - [2022-12-14T18:01:37.164+0000] {dag.py:2585} INFO - Sync 2 DAGs
[2022-12-14T18:01:37.193+0000] {logging_mixin.py:137} INFO - [2022-12-14T18:01:37.193+0000] {dag.py:3340} INFO - Setting next_dagrun for example_subdag_operator.section-1 to None, run_after=None
[2022-12-14T18:01:37.193+0000] {logging_mixin.py:137} INFO - [2022-12-14T18:01:37.193+0000] {dag.py:3340} INFO - Setting next_dagrun for example_subdag_operator.section-2 to None, run_after=None
[2022-12-14T18:01:37.225+0000] {processor.py:176} INFO - Processing /home/airflow/.local/lib/python3.7/site-packages/airflow/example_dags/example_subdag_operator.py took 0.910 seconds
[2022-12-14T18:02:07.857+0000] {processor.py:154} INFO - Started process (PID=318) to work on /home/airflow/.local/lib/python3.7/site-packages/airflow/example_dags/example_subdag_operator.py
[2022-12-14T18:02:07.858+0000] {processor.py:756} INFO - Processing file /home/airflow/.local/lib/python3.7/site-packages/airflow/example_dags/example_subdag_operator.py for tasks to queue
[2022-12-14T18:02:07.859+0000] {logging_mixin.py:137} INFO - [2022-12-14T18:02:07.859+0000] {dagbag.py:537} INFO - Filling up the DagBag from /home/airflow/.local/lib/python3.7/site-packages/airflow/example_dags/example_subdag_operator.py
[2022-12-14T18:02:07.911+0000] {processor.py:766} INFO - DAG(s) dict_keys(['example_subdag_operator.section-1', 'example_subdag_operator.section-2', 'example_subdag_operator']) retrieved from /home/airflow/.local/lib/python3.7/site-packages/airflow/example_dags/example_subdag_operator.py
[2022-12-14T18:02:08.439+0000] {logging_mixin.py:137} INFO - [2022-12-14T18:02:08.439+0000] {dag.py:2585} INFO - Sync 3 DAGs
[2022-12-14T18:02:08.503+0000] {logging_mixin.py:137} INFO - [2022-12-14T18:02:08.503+0000] {dag.py:3340} INFO - Setting next_dagrun for example_subdag_operator to 2022-01-01T00:00:00+00:00, run_after=2022-01-01T00:00:00+00:00
[2022-12-14T18:02:08.510+0000] {logging_mixin.py:137} INFO - [2022-12-14T18:02:08.509+0000] {dag.py:3340} INFO - Setting next_dagrun for example_subdag_operator.section-1 to None, run_after=None
[2022-12-14T18:02:08.511+0000] {logging_mixin.py:137} INFO - [2022-12-14T18:02:08.511+0000] {dag.py:3340} INFO - Setting next_dagrun for example_subdag_operator.section-2 to None, run_after=None
[2022-12-14T18:02:08.524+0000] {logging_mixin.py:137} INFO - [2022-12-14T18:02:08.524+0000] {dag.py:2585} INFO - Sync 2 DAGs
[2022-12-14T18:02:08.535+0000] {logging_mixin.py:137} INFO - [2022-12-14T18:02:08.535+0000] {dag.py:3340} INFO - Setting next_dagrun for example_subdag_operator.section-1 to None, run_after=None
[2022-12-14T18:02:08.535+0000] {logging_mixin.py:137} INFO - [2022-12-14T18:02:08.535+0000] {dag.py:3340} INFO - Setting next_dagrun for example_subdag_operator.section-2 to None, run_after=None
[2022-12-14T18:02:08.555+0000] {processor.py:176} INFO - Processing /home/airflow/.local/lib/python3.7/site-packages/airflow/example_dags/example_subdag_operator.py took 0.702 seconds
[2022-12-14T18:02:39.034+0000] {processor.py:154} INFO - Started process (PID=372) to work on /home/airflow/.local/lib/python3.7/site-packages/airflow/example_dags/example_subdag_operator.py
[2022-12-14T18:02:39.092+0000] {processor.py:756} INFO - Processing file /home/airflow/.local/lib/python3.7/site-packages/airflow/example_dags/example_subdag_operator.py for tasks to queue
[2022-12-14T18:02:39.093+0000] {logging_mixin.py:137} INFO - [2022-12-14T18:02:39.093+0000] {dagbag.py:537} INFO - Filling up the DagBag from /home/airflow/.local/lib/python3.7/site-packages/airflow/example_dags/example_subdag_operator.py
[2022-12-14T18:02:39.141+0000] {processor.py:766} INFO - DAG(s) dict_keys(['example_subdag_operator.section-1', 'example_subdag_operator.section-2', 'example_subdag_operator']) retrieved from /home/airflow/.local/lib/python3.7/site-packages/airflow/example_dags/example_subdag_operator.py
[2022-12-14T18:02:39.617+0000] {logging_mixin.py:137} INFO - [2022-12-14T18:02:39.617+0000] {dag.py:2585} INFO - Sync 3 DAGs
[2022-12-14T18:02:39.669+0000] {logging_mixin.py:137} INFO - [2022-12-14T18:02:39.669+0000] {dag.py:3340} INFO - Setting next_dagrun for example_subdag_operator to 2022-01-01T00:00:00+00:00, run_after=2022-01-01T00:00:00+00:00
[2022-12-14T18:02:39.675+0000] {logging_mixin.py:137} INFO - [2022-12-14T18:02:39.675+0000] {dag.py:3340} INFO - Setting next_dagrun for example_subdag_operator.section-1 to None, run_after=None
[2022-12-14T18:02:39.677+0000] {logging_mixin.py:137} INFO - [2022-12-14T18:02:39.677+0000] {dag.py:3340} INFO - Setting next_dagrun for example_subdag_operator.section-2 to None, run_after=None
[2022-12-14T18:02:39.689+0000] {logging_mixin.py:137} INFO - [2022-12-14T18:02:39.689+0000] {dag.py:2585} INFO - Sync 2 DAGs
[2022-12-14T18:02:39.699+0000] {logging_mixin.py:137} INFO - [2022-12-14T18:02:39.699+0000] {dag.py:3340} INFO - Setting next_dagrun for example_subdag_operator.section-1 to None, run_after=None
[2022-12-14T18:02:39.700+0000] {logging_mixin.py:137} INFO - [2022-12-14T18:02:39.700+0000] {dag.py:3340} INFO - Setting next_dagrun for example_subdag_operator.section-2 to None, run_after=None
[2022-12-14T18:02:39.716+0000] {processor.py:176} INFO - Processing /home/airflow/.local/lib/python3.7/site-packages/airflow/example_dags/example_subdag_operator.py took 0.689 seconds
[2022-12-14T18:03:11.410+0000] {processor.py:154} INFO - Started process (PID=433) to work on /home/airflow/.local/lib/python3.7/site-packages/airflow/example_dags/example_subdag_operator.py
[2022-12-14T18:03:11.443+0000] {processor.py:756} INFO - Processing file /home/airflow/.local/lib/python3.7/site-packages/airflow/example_dags/example_subdag_operator.py for tasks to queue
[2022-12-14T18:03:11.444+0000] {logging_mixin.py:137} INFO - [2022-12-14T18:03:11.444+0000] {dagbag.py:537} INFO - Filling up the DagBag from /home/airflow/.local/lib/python3.7/site-packages/airflow/example_dags/example_subdag_operator.py
[2022-12-14T18:03:11.525+0000] {processor.py:766} INFO - DAG(s) dict_keys(['example_subdag_operator.section-1', 'example_subdag_operator.section-2', 'example_subdag_operator']) retrieved from /home/airflow/.local/lib/python3.7/site-packages/airflow/example_dags/example_subdag_operator.py
[2022-12-14T18:03:12.261+0000] {logging_mixin.py:137} INFO - [2022-12-14T18:03:12.260+0000] {dag.py:2585} INFO - Sync 3 DAGs
[2022-12-14T18:03:12.359+0000] {logging_mixin.py:137} INFO - [2022-12-14T18:03:12.359+0000] {dag.py:3340} INFO - Setting next_dagrun for example_subdag_operator to 2022-01-01T00:00:00+00:00, run_after=2022-01-01T00:00:00+00:00
[2022-12-14T18:03:12.369+0000] {logging_mixin.py:137} INFO - [2022-12-14T18:03:12.368+0000] {dag.py:3340} INFO - Setting next_dagrun for example_subdag_operator.section-1 to None, run_after=None
[2022-12-14T18:03:12.373+0000] {logging_mixin.py:137} INFO - [2022-12-14T18:03:12.373+0000] {dag.py:3340} INFO - Setting next_dagrun for example_subdag_operator.section-2 to None, run_after=None
[2022-12-14T18:03:12.391+0000] {logging_mixin.py:137} INFO - [2022-12-14T18:03:12.391+0000] {dag.py:2585} INFO - Sync 2 DAGs
[2022-12-14T18:03:12.408+0000] {logging_mixin.py:137} INFO - [2022-12-14T18:03:12.408+0000] {dag.py:3340} INFO - Setting next_dagrun for example_subdag_operator.section-1 to None, run_after=None
[2022-12-14T18:03:12.409+0000] {logging_mixin.py:137} INFO - [2022-12-14T18:03:12.409+0000] {dag.py:3340} INFO - Setting next_dagrun for example_subdag_operator.section-2 to None, run_after=None
[2022-12-14T18:03:12.432+0000] {processor.py:176} INFO - Processing /home/airflow/.local/lib/python3.7/site-packages/airflow/example_dags/example_subdag_operator.py took 1.031 seconds
[2022-12-14T18:03:43.170+0000] {processor.py:154} INFO - Started process (PID=490) to work on /home/airflow/.local/lib/python3.7/site-packages/airflow/example_dags/example_subdag_operator.py
[2022-12-14T18:03:43.171+0000] {processor.py:756} INFO - Processing file /home/airflow/.local/lib/python3.7/site-packages/airflow/example_dags/example_subdag_operator.py for tasks to queue
[2022-12-14T18:03:43.172+0000] {logging_mixin.py:137} INFO - [2022-12-14T18:03:43.172+0000] {dagbag.py:537} INFO - Filling up the DagBag from /home/airflow/.local/lib/python3.7/site-packages/airflow/example_dags/example_subdag_operator.py
[2022-12-14T18:03:43.220+0000] {processor.py:766} INFO - DAG(s) dict_keys(['example_subdag_operator.section-1', 'example_subdag_operator.section-2', 'example_subdag_operator']) retrieved from /home/airflow/.local/lib/python3.7/site-packages/airflow/example_dags/example_subdag_operator.py
[2022-12-14T18:03:43.783+0000] {logging_mixin.py:137} INFO - [2022-12-14T18:03:43.783+0000] {dag.py:2585} INFO - Sync 3 DAGs
[2022-12-14T18:03:43.834+0000] {logging_mixin.py:137} INFO - [2022-12-14T18:03:43.834+0000] {dag.py:3340} INFO - Setting next_dagrun for example_subdag_operator to 2022-01-01T00:00:00+00:00, run_after=2022-01-01T00:00:00+00:00
[2022-12-14T18:03:43.840+0000] {logging_mixin.py:137} INFO - [2022-12-14T18:03:43.840+0000] {dag.py:3340} INFO - Setting next_dagrun for example_subdag_operator.section-1 to None, run_after=None
[2022-12-14T18:03:43.842+0000] {logging_mixin.py:137} INFO - [2022-12-14T18:03:43.842+0000] {dag.py:3340} INFO - Setting next_dagrun for example_subdag_operator.section-2 to None, run_after=None
[2022-12-14T18:03:43.855+0000] {logging_mixin.py:137} INFO - [2022-12-14T18:03:43.855+0000] {dag.py:2585} INFO - Sync 2 DAGs
[2022-12-14T18:03:43.867+0000] {logging_mixin.py:137} INFO - [2022-12-14T18:03:43.867+0000] {dag.py:3340} INFO - Setting next_dagrun for example_subdag_operator.section-1 to None, run_after=None
[2022-12-14T18:03:43.868+0000] {logging_mixin.py:137} INFO - [2022-12-14T18:03:43.868+0000] {dag.py:3340} INFO - Setting next_dagrun for example_subdag_operator.section-2 to None, run_after=None
[2022-12-14T18:03:43.886+0000] {processor.py:176} INFO - Processing /home/airflow/.local/lib/python3.7/site-packages/airflow/example_dags/example_subdag_operator.py took 0.721 seconds
[2022-12-14T18:04:13.960+0000] {processor.py:154} INFO - Started process (PID=547) to work on /home/airflow/.local/lib/python3.7/site-packages/airflow/example_dags/example_subdag_operator.py
[2022-12-14T18:04:13.961+0000] {processor.py:756} INFO - Processing file /home/airflow/.local/lib/python3.7/site-packages/airflow/example_dags/example_subdag_operator.py for tasks to queue
[2022-12-14T18:04:13.963+0000] {logging_mixin.py:137} INFO - [2022-12-14T18:04:13.963+0000] {dagbag.py:537} INFO - Filling up the DagBag from /home/airflow/.local/lib/python3.7/site-packages/airflow/example_dags/example_subdag_operator.py
[2022-12-14T18:04:14.017+0000] {processor.py:766} INFO - DAG(s) dict_keys(['example_subdag_operator.section-1', 'example_subdag_operator.section-2', 'example_subdag_operator']) retrieved from /home/airflow/.local/lib/python3.7/site-packages/airflow/example_dags/example_subdag_operator.py
[2022-12-14T18:04:14.683+0000] {logging_mixin.py:137} INFO - [2022-12-14T18:04:14.683+0000] {dag.py:2585} INFO - Sync 3 DAGs
[2022-12-14T18:04:14.749+0000] {logging_mixin.py:137} INFO - [2022-12-14T18:04:14.749+0000] {dag.py:3340} INFO - Setting next_dagrun for example_subdag_operator to 2022-01-01T00:00:00+00:00, run_after=2022-01-01T00:00:00+00:00
[2022-12-14T18:04:14.755+0000] {logging_mixin.py:137} INFO - [2022-12-14T18:04:14.755+0000] {dag.py:3340} INFO - Setting next_dagrun for example_subdag_operator.section-1 to None, run_after=None
[2022-12-14T18:04:14.757+0000] {logging_mixin.py:137} INFO - [2022-12-14T18:04:14.757+0000] {dag.py:3340} INFO - Setting next_dagrun for example_subdag_operator.section-2 to None, run_after=None
[2022-12-14T18:04:14.777+0000] {logging_mixin.py:137} INFO - [2022-12-14T18:04:14.776+0000] {dag.py:2585} INFO - Sync 2 DAGs
[2022-12-14T18:04:14.790+0000] {logging_mixin.py:137} INFO - [2022-12-14T18:04:14.789+0000] {dag.py:3340} INFO - Setting next_dagrun for example_subdag_operator.section-1 to None, run_after=None
[2022-12-14T18:04:14.790+0000] {logging_mixin.py:137} INFO - [2022-12-14T18:04:14.790+0000] {dag.py:3340} INFO - Setting next_dagrun for example_subdag_operator.section-2 to None, run_after=None
[2022-12-14T18:04:14.819+0000] {processor.py:176} INFO - Processing /home/airflow/.local/lib/python3.7/site-packages/airflow/example_dags/example_subdag_operator.py took 0.863 seconds
[2022-12-14T18:04:45.610+0000] {processor.py:154} INFO - Started process (PID=613) to work on /home/airflow/.local/lib/python3.7/site-packages/airflow/example_dags/example_subdag_operator.py
[2022-12-14T18:04:45.611+0000] {processor.py:756} INFO - Processing file /home/airflow/.local/lib/python3.7/site-packages/airflow/example_dags/example_subdag_operator.py for tasks to queue
[2022-12-14T18:04:45.612+0000] {logging_mixin.py:137} INFO - [2022-12-14T18:04:45.612+0000] {dagbag.py:537} INFO - Filling up the DagBag from /home/airflow/.local/lib/python3.7/site-packages/airflow/example_dags/example_subdag_operator.py
[2022-12-14T18:04:45.692+0000] {processor.py:766} INFO - DAG(s) dict_keys(['example_subdag_operator.section-1', 'example_subdag_operator.section-2', 'example_subdag_operator']) retrieved from /home/airflow/.local/lib/python3.7/site-packages/airflow/example_dags/example_subdag_operator.py
[2022-12-14T18:04:46.435+0000] {logging_mixin.py:137} INFO - [2022-12-14T18:04:46.429+0000] {dag.py:2585} INFO - Sync 3 DAGs
[2022-12-14T18:04:46.528+0000] {logging_mixin.py:137} INFO - [2022-12-14T18:04:46.527+0000] {dag.py:3340} INFO - Setting next_dagrun for example_subdag_operator to 2022-01-01T00:00:00+00:00, run_after=2022-01-01T00:00:00+00:00
[2022-12-14T18:04:46.535+0000] {logging_mixin.py:137} INFO - [2022-12-14T18:04:46.535+0000] {dag.py:3340} INFO - Setting next_dagrun for example_subdag_operator.section-1 to None, run_after=None
[2022-12-14T18:04:46.538+0000] {logging_mixin.py:137} INFO - [2022-12-14T18:04:46.537+0000] {dag.py:3340} INFO - Setting next_dagrun for example_subdag_operator.section-2 to None, run_after=None
[2022-12-14T18:04:46.552+0000] {logging_mixin.py:137} INFO - [2022-12-14T18:04:46.552+0000] {dag.py:2585} INFO - Sync 2 DAGs
[2022-12-14T18:04:46.574+0000] {logging_mixin.py:137} INFO - [2022-12-14T18:04:46.574+0000] {dag.py:3340} INFO - Setting next_dagrun for example_subdag_operator.section-1 to None, run_after=None
[2022-12-14T18:04:46.574+0000] {logging_mixin.py:137} INFO - [2022-12-14T18:04:46.574+0000] {dag.py:3340} INFO - Setting next_dagrun for example_subdag_operator.section-2 to None, run_after=None
[2022-12-14T18:04:46.610+0000] {processor.py:176} INFO - Processing /home/airflow/.local/lib/python3.7/site-packages/airflow/example_dags/example_subdag_operator.py took 1.005 seconds
[2022-12-14T18:05:17.176+0000] {processor.py:154} INFO - Started process (PID=669) to work on /home/airflow/.local/lib/python3.7/site-packages/airflow/example_dags/example_subdag_operator.py
[2022-12-14T18:05:17.178+0000] {processor.py:756} INFO - Processing file /home/airflow/.local/lib/python3.7/site-packages/airflow/example_dags/example_subdag_operator.py for tasks to queue
[2022-12-14T18:05:17.178+0000] {logging_mixin.py:137} INFO - [2022-12-14T18:05:17.178+0000] {dagbag.py:537} INFO - Filling up the DagBag from /home/airflow/.local/lib/python3.7/site-packages/airflow/example_dags/example_subdag_operator.py
[2022-12-14T18:05:17.224+0000] {processor.py:766} INFO - DAG(s) dict_keys(['example_subdag_operator.section-1', 'example_subdag_operator.section-2', 'example_subdag_operator']) retrieved from /home/airflow/.local/lib/python3.7/site-packages/airflow/example_dags/example_subdag_operator.py
[2022-12-14T18:05:17.711+0000] {logging_mixin.py:137} INFO - [2022-12-14T18:05:17.711+0000] {dag.py:2585} INFO - Sync 3 DAGs
[2022-12-14T18:05:17.763+0000] {logging_mixin.py:137} INFO - [2022-12-14T18:05:17.763+0000] {dag.py:3340} INFO - Setting next_dagrun for example_subdag_operator to 2022-01-01T00:00:00+00:00, run_after=2022-01-01T00:00:00+00:00
[2022-12-14T18:05:17.769+0000] {logging_mixin.py:137} INFO - [2022-12-14T18:05:17.769+0000] {dag.py:3340} INFO - Setting next_dagrun for example_subdag_operator.section-1 to None, run_after=None
[2022-12-14T18:05:17.771+0000] {logging_mixin.py:137} INFO - [2022-12-14T18:05:17.771+0000] {dag.py:3340} INFO - Setting next_dagrun for example_subdag_operator.section-2 to None, run_after=None
[2022-12-14T18:05:17.782+0000] {logging_mixin.py:137} INFO - [2022-12-14T18:05:17.782+0000] {dag.py:2585} INFO - Sync 2 DAGs
[2022-12-14T18:05:17.792+0000] {logging_mixin.py:137} INFO - [2022-12-14T18:05:17.792+0000] {dag.py:3340} INFO - Setting next_dagrun for example_subdag_operator.section-1 to None, run_after=None
[2022-12-14T18:05:17.793+0000] {logging_mixin.py:137} INFO - [2022-12-14T18:05:17.793+0000] {dag.py:3340} INFO - Setting next_dagrun for example_subdag_operator.section-2 to None, run_after=None
[2022-12-14T18:05:17.823+0000] {processor.py:176} INFO - Processing /home/airflow/.local/lib/python3.7/site-packages/airflow/example_dags/example_subdag_operator.py took 0.651 seconds
[2022-12-14T18:05:48.047+0000] {processor.py:154} INFO - Started process (PID=726) to work on /home/airflow/.local/lib/python3.7/site-packages/airflow/example_dags/example_subdag_operator.py
[2022-12-14T18:05:48.048+0000] {processor.py:756} INFO - Processing file /home/airflow/.local/lib/python3.7/site-packages/airflow/example_dags/example_subdag_operator.py for tasks to queue
[2022-12-14T18:05:48.049+0000] {logging_mixin.py:137} INFO - [2022-12-14T18:05:48.049+0000] {dagbag.py:537} INFO - Filling up the DagBag from /home/airflow/.local/lib/python3.7/site-packages/airflow/example_dags/example_subdag_operator.py
[2022-12-14T18:05:48.100+0000] {processor.py:766} INFO - DAG(s) dict_keys(['example_subdag_operator.section-1', 'example_subdag_operator.section-2', 'example_subdag_operator']) retrieved from /home/airflow/.local/lib/python3.7/site-packages/airflow/example_dags/example_subdag_operator.py
[2022-12-14T18:05:48.583+0000] {logging_mixin.py:137} INFO - [2022-12-14T18:05:48.583+0000] {dag.py:2585} INFO - Sync 3 DAGs
[2022-12-14T18:05:48.632+0000] {logging_mixin.py:137} INFO - [2022-12-14T18:05:48.631+0000] {dag.py:3340} INFO - Setting next_dagrun for example_subdag_operator to 2022-01-01T00:00:00+00:00, run_after=2022-01-01T00:00:00+00:00
[2022-12-14T18:05:48.636+0000] {logging_mixin.py:137} INFO - [2022-12-14T18:05:48.636+0000] {dag.py:3340} INFO - Setting next_dagrun for example_subdag_operator.section-1 to None, run_after=None
[2022-12-14T18:05:48.637+0000] {logging_mixin.py:137} INFO - [2022-12-14T18:05:48.637+0000] {dag.py:3340} INFO - Setting next_dagrun for example_subdag_operator.section-2 to None, run_after=None
[2022-12-14T18:05:48.648+0000] {logging_mixin.py:137} INFO - [2022-12-14T18:05:48.648+0000] {dag.py:2585} INFO - Sync 2 DAGs
[2022-12-14T18:05:48.657+0000] {logging_mixin.py:137} INFO - [2022-12-14T18:05:48.657+0000] {dag.py:3340} INFO - Setting next_dagrun for example_subdag_operator.section-1 to None, run_after=None
[2022-12-14T18:05:48.657+0000] {logging_mixin.py:137} INFO - [2022-12-14T18:05:48.657+0000] {dag.py:3340} INFO - Setting next_dagrun for example_subdag_operator.section-2 to None, run_after=None
[2022-12-14T18:05:48.696+0000] {processor.py:176} INFO - Processing /home/airflow/.local/lib/python3.7/site-packages/airflow/example_dags/example_subdag_operator.py took 0.654 seconds
[2022-12-14T18:06:19.123+0000] {processor.py:154} INFO - Started process (PID=790) to work on /home/airflow/.local/lib/python3.7/site-packages/airflow/example_dags/example_subdag_operator.py
[2022-12-14T18:06:19.124+0000] {processor.py:756} INFO - Processing file /home/airflow/.local/lib/python3.7/site-packages/airflow/example_dags/example_subdag_operator.py for tasks to queue
[2022-12-14T18:06:19.125+0000] {logging_mixin.py:137} INFO - [2022-12-14T18:06:19.125+0000] {dagbag.py:537} INFO - Filling up the DagBag from /home/airflow/.local/lib/python3.7/site-packages/airflow/example_dags/example_subdag_operator.py
[2022-12-14T18:06:19.179+0000] {processor.py:766} INFO - DAG(s) dict_keys(['example_subdag_operator.section-1', 'example_subdag_operator.section-2', 'example_subdag_operator']) retrieved from /home/airflow/.local/lib/python3.7/site-packages/airflow/example_dags/example_subdag_operator.py
[2022-12-14T18:06:19.722+0000] {logging_mixin.py:137} INFO - [2022-12-14T18:06:19.721+0000] {dag.py:2585} INFO - Sync 3 DAGs
[2022-12-14T18:06:19.782+0000] {logging_mixin.py:137} INFO - [2022-12-14T18:06:19.781+0000] {dag.py:3340} INFO - Setting next_dagrun for example_subdag_operator to 2022-01-01T00:00:00+00:00, run_after=2022-01-01T00:00:00+00:00
[2022-12-14T18:06:19.789+0000] {logging_mixin.py:137} INFO - [2022-12-14T18:06:19.788+0000] {dag.py:3340} INFO - Setting next_dagrun for example_subdag_operator.section-1 to None, run_after=None
[2022-12-14T18:06:19.791+0000] {logging_mixin.py:137} INFO - [2022-12-14T18:06:19.790+0000] {dag.py:3340} INFO - Setting next_dagrun for example_subdag_operator.section-2 to None, run_after=None
[2022-12-14T18:06:19.806+0000] {logging_mixin.py:137} INFO - [2022-12-14T18:06:19.806+0000] {dag.py:2585} INFO - Sync 2 DAGs
[2022-12-14T18:06:19.817+0000] {logging_mixin.py:137} INFO - [2022-12-14T18:06:19.817+0000] {dag.py:3340} INFO - Setting next_dagrun for example_subdag_operator.section-1 to None, run_after=None
[2022-12-14T18:06:19.818+0000] {logging_mixin.py:137} INFO - [2022-12-14T18:06:19.818+0000] {dag.py:3340} INFO - Setting next_dagrun for example_subdag_operator.section-2 to None, run_after=None
[2022-12-14T18:06:19.838+0000] {processor.py:176} INFO - Processing /home/airflow/.local/lib/python3.7/site-packages/airflow/example_dags/example_subdag_operator.py took 0.720 seconds
