[2022-12-14T17:42:03.781+0000] {processor.py:154} INFO - Started process (PID=86) to work on /home/airflow/.local/lib/python3.7/site-packages/airflow/example_dags/example_trigger_target_dag.py
[2022-12-14T17:42:03.782+0000] {processor.py:756} INFO - Processing file /home/airflow/.local/lib/python3.7/site-packages/airflow/example_dags/example_trigger_target_dag.py for tasks to queue
[2022-12-14T17:42:03.783+0000] {logging_mixin.py:137} INFO - [2022-12-14T17:42:03.783+0000] {dagbag.py:537} INFO - Filling up the DagBag from /home/airflow/.local/lib/python3.7/site-packages/airflow/example_dags/example_trigger_target_dag.py
[2022-12-14T17:42:03.848+0000] {processor.py:766} INFO - DAG(s) dict_keys(['example_trigger_target_dag']) retrieved from /home/airflow/.local/lib/python3.7/site-packages/airflow/example_dags/example_trigger_target_dag.py
[2022-12-14T17:42:04.083+0000] {logging_mixin.py:137} INFO - [2022-12-14T17:42:04.083+0000] {dag.py:2585} INFO - Sync 1 DAGs
[2022-12-14T17:42:04.266+0000] {logging_mixin.py:137} INFO - [2022-12-14T17:42:04.266+0000] {dag.py:3340} INFO - Setting next_dagrun for example_trigger_target_dag to None, run_after=None
[2022-12-14T17:42:04.391+0000] {processor.py:176} INFO - Processing /home/airflow/.local/lib/python3.7/site-packages/airflow/example_dags/example_trigger_target_dag.py took 0.616 seconds
[2022-12-14T17:42:35.055+0000] {processor.py:154} INFO - Started process (PID=140) to work on /home/airflow/.local/lib/python3.7/site-packages/airflow/example_dags/example_trigger_target_dag.py
[2022-12-14T17:42:35.102+0000] {processor.py:756} INFO - Processing file /home/airflow/.local/lib/python3.7/site-packages/airflow/example_dags/example_trigger_target_dag.py for tasks to queue
[2022-12-14T17:42:35.110+0000] {logging_mixin.py:137} INFO - [2022-12-14T17:42:35.110+0000] {dagbag.py:537} INFO - Filling up the DagBag from /home/airflow/.local/lib/python3.7/site-packages/airflow/example_dags/example_trigger_target_dag.py
[2022-12-14T17:42:35.192+0000] {processor.py:766} INFO - DAG(s) dict_keys(['example_trigger_target_dag']) retrieved from /home/airflow/.local/lib/python3.7/site-packages/airflow/example_dags/example_trigger_target_dag.py
[2022-12-14T17:42:35.304+0000] {logging_mixin.py:137} INFO - [2022-12-14T17:42:35.304+0000] {dag.py:2585} INFO - Sync 1 DAGs
[2022-12-14T17:42:35.358+0000] {logging_mixin.py:137} INFO - [2022-12-14T17:42:35.358+0000] {dag.py:3340} INFO - Setting next_dagrun for example_trigger_target_dag to None, run_after=None
[2022-12-14T17:42:35.390+0000] {processor.py:176} INFO - Processing /home/airflow/.local/lib/python3.7/site-packages/airflow/example_dags/example_trigger_target_dag.py took 0.353 seconds
[2022-12-14T17:43:05.745+0000] {processor.py:154} INFO - Started process (PID=203) to work on /home/airflow/.local/lib/python3.7/site-packages/airflow/example_dags/example_trigger_target_dag.py
[2022-12-14T17:43:05.746+0000] {processor.py:756} INFO - Processing file /home/airflow/.local/lib/python3.7/site-packages/airflow/example_dags/example_trigger_target_dag.py for tasks to queue
[2022-12-14T17:43:05.747+0000] {logging_mixin.py:137} INFO - [2022-12-14T17:43:05.747+0000] {dagbag.py:537} INFO - Filling up the DagBag from /home/airflow/.local/lib/python3.7/site-packages/airflow/example_dags/example_trigger_target_dag.py
[2022-12-14T17:43:05.781+0000] {processor.py:766} INFO - DAG(s) dict_keys(['example_trigger_target_dag']) retrieved from /home/airflow/.local/lib/python3.7/site-packages/airflow/example_dags/example_trigger_target_dag.py
[2022-12-14T17:43:05.851+0000] {logging_mixin.py:137} INFO - [2022-12-14T17:43:05.850+0000] {dag.py:2585} INFO - Sync 1 DAGs
[2022-12-14T17:43:05.952+0000] {logging_mixin.py:137} INFO - [2022-12-14T17:43:05.952+0000] {dag.py:3340} INFO - Setting next_dagrun for example_trigger_target_dag to None, run_after=None
[2022-12-14T17:43:05.983+0000] {processor.py:176} INFO - Processing /home/airflow/.local/lib/python3.7/site-packages/airflow/example_dags/example_trigger_target_dag.py took 0.242 seconds
[2022-12-14T17:43:36.461+0000] {processor.py:154} INFO - Started process (PID=259) to work on /home/airflow/.local/lib/python3.7/site-packages/airflow/example_dags/example_trigger_target_dag.py
[2022-12-14T17:43:36.465+0000] {processor.py:756} INFO - Processing file /home/airflow/.local/lib/python3.7/site-packages/airflow/example_dags/example_trigger_target_dag.py for tasks to queue
[2022-12-14T17:43:36.465+0000] {logging_mixin.py:137} INFO - [2022-12-14T17:43:36.465+0000] {dagbag.py:537} INFO - Filling up the DagBag from /home/airflow/.local/lib/python3.7/site-packages/airflow/example_dags/example_trigger_target_dag.py
[2022-12-14T17:43:36.500+0000] {processor.py:766} INFO - DAG(s) dict_keys(['example_trigger_target_dag']) retrieved from /home/airflow/.local/lib/python3.7/site-packages/airflow/example_dags/example_trigger_target_dag.py
[2022-12-14T17:43:36.561+0000] {logging_mixin.py:137} INFO - [2022-12-14T17:43:36.560+0000] {dag.py:2585} INFO - Sync 1 DAGs
[2022-12-14T17:43:36.607+0000] {logging_mixin.py:137} INFO - [2022-12-14T17:43:36.607+0000] {dag.py:3340} INFO - Setting next_dagrun for example_trigger_target_dag to None, run_after=None
[2022-12-14T17:43:36.633+0000] {processor.py:176} INFO - Processing /home/airflow/.local/lib/python3.7/site-packages/airflow/example_dags/example_trigger_target_dag.py took 0.177 seconds
[2022-12-14T17:44:07.260+0000] {processor.py:154} INFO - Started process (PID=323) to work on /home/airflow/.local/lib/python3.7/site-packages/airflow/example_dags/example_trigger_target_dag.py
[2022-12-14T17:44:07.261+0000] {processor.py:756} INFO - Processing file /home/airflow/.local/lib/python3.7/site-packages/airflow/example_dags/example_trigger_target_dag.py for tasks to queue
[2022-12-14T17:44:07.262+0000] {logging_mixin.py:137} INFO - [2022-12-14T17:44:07.262+0000] {dagbag.py:537} INFO - Filling up the DagBag from /home/airflow/.local/lib/python3.7/site-packages/airflow/example_dags/example_trigger_target_dag.py
[2022-12-14T17:44:07.305+0000] {processor.py:766} INFO - DAG(s) dict_keys(['example_trigger_target_dag']) retrieved from /home/airflow/.local/lib/python3.7/site-packages/airflow/example_dags/example_trigger_target_dag.py
[2022-12-14T17:44:07.416+0000] {logging_mixin.py:137} INFO - [2022-12-14T17:44:07.416+0000] {dag.py:2585} INFO - Sync 1 DAGs
[2022-12-14T17:44:07.461+0000] {logging_mixin.py:137} INFO - [2022-12-14T17:44:07.460+0000] {dag.py:3340} INFO - Setting next_dagrun for example_trigger_target_dag to None, run_after=None
[2022-12-14T17:44:07.490+0000] {processor.py:176} INFO - Processing /home/airflow/.local/lib/python3.7/site-packages/airflow/example_dags/example_trigger_target_dag.py took 0.235 seconds
[2022-12-14T17:44:37.729+0000] {processor.py:154} INFO - Started process (PID=377) to work on /home/airflow/.local/lib/python3.7/site-packages/airflow/example_dags/example_trigger_target_dag.py
[2022-12-14T17:44:37.730+0000] {processor.py:756} INFO - Processing file /home/airflow/.local/lib/python3.7/site-packages/airflow/example_dags/example_trigger_target_dag.py for tasks to queue
[2022-12-14T17:44:37.730+0000] {logging_mixin.py:137} INFO - [2022-12-14T17:44:37.730+0000] {dagbag.py:537} INFO - Filling up the DagBag from /home/airflow/.local/lib/python3.7/site-packages/airflow/example_dags/example_trigger_target_dag.py
[2022-12-14T17:44:37.761+0000] {processor.py:766} INFO - DAG(s) dict_keys(['example_trigger_target_dag']) retrieved from /home/airflow/.local/lib/python3.7/site-packages/airflow/example_dags/example_trigger_target_dag.py
[2022-12-14T17:44:37.826+0000] {logging_mixin.py:137} INFO - [2022-12-14T17:44:37.826+0000] {dag.py:2585} INFO - Sync 1 DAGs
[2022-12-14T17:44:37.878+0000] {logging_mixin.py:137} INFO - [2022-12-14T17:44:37.878+0000] {dag.py:3340} INFO - Setting next_dagrun for example_trigger_target_dag to None, run_after=None
[2022-12-14T17:44:37.902+0000] {processor.py:176} INFO - Processing /home/airflow/.local/lib/python3.7/site-packages/airflow/example_dags/example_trigger_target_dag.py took 0.178 seconds
[2022-12-14T17:45:08.419+0000] {processor.py:154} INFO - Started process (PID=440) to work on /home/airflow/.local/lib/python3.7/site-packages/airflow/example_dags/example_trigger_target_dag.py
[2022-12-14T17:45:08.431+0000] {processor.py:756} INFO - Processing file /home/airflow/.local/lib/python3.7/site-packages/airflow/example_dags/example_trigger_target_dag.py for tasks to queue
[2022-12-14T17:45:08.432+0000] {logging_mixin.py:137} INFO - [2022-12-14T17:45:08.431+0000] {dagbag.py:537} INFO - Filling up the DagBag from /home/airflow/.local/lib/python3.7/site-packages/airflow/example_dags/example_trigger_target_dag.py
[2022-12-14T17:45:08.499+0000] {processor.py:766} INFO - DAG(s) dict_keys(['example_trigger_target_dag']) retrieved from /home/airflow/.local/lib/python3.7/site-packages/airflow/example_dags/example_trigger_target_dag.py
[2022-12-14T17:45:08.626+0000] {logging_mixin.py:137} INFO - [2022-12-14T17:45:08.626+0000] {dag.py:2585} INFO - Sync 1 DAGs
[2022-12-14T17:45:08.676+0000] {logging_mixin.py:137} INFO - [2022-12-14T17:45:08.676+0000] {dag.py:3340} INFO - Setting next_dagrun for example_trigger_target_dag to None, run_after=None
[2022-12-14T17:45:08.709+0000] {processor.py:176} INFO - Processing /home/airflow/.local/lib/python3.7/site-packages/airflow/example_dags/example_trigger_target_dag.py took 0.295 seconds
[2022-12-14T17:45:38.736+0000] {processor.py:154} INFO - Started process (PID=495) to work on /home/airflow/.local/lib/python3.7/site-packages/airflow/example_dags/example_trigger_target_dag.py
[2022-12-14T17:45:38.737+0000] {processor.py:756} INFO - Processing file /home/airflow/.local/lib/python3.7/site-packages/airflow/example_dags/example_trigger_target_dag.py for tasks to queue
[2022-12-14T17:45:38.738+0000] {logging_mixin.py:137} INFO - [2022-12-14T17:45:38.738+0000] {dagbag.py:537} INFO - Filling up the DagBag from /home/airflow/.local/lib/python3.7/site-packages/airflow/example_dags/example_trigger_target_dag.py
[2022-12-14T17:45:38.770+0000] {processor.py:766} INFO - DAG(s) dict_keys(['example_trigger_target_dag']) retrieved from /home/airflow/.local/lib/python3.7/site-packages/airflow/example_dags/example_trigger_target_dag.py
[2022-12-14T17:45:38.835+0000] {logging_mixin.py:137} INFO - [2022-12-14T17:45:38.834+0000] {dag.py:2585} INFO - Sync 1 DAGs
[2022-12-14T17:45:38.884+0000] {logging_mixin.py:137} INFO - [2022-12-14T17:45:38.883+0000] {dag.py:3340} INFO - Setting next_dagrun for example_trigger_target_dag to None, run_after=None
[2022-12-14T17:45:38.914+0000] {processor.py:176} INFO - Processing /home/airflow/.local/lib/python3.7/site-packages/airflow/example_dags/example_trigger_target_dag.py took 0.181 seconds
[2022-12-14T17:46:09.351+0000] {processor.py:154} INFO - Started process (PID=549) to work on /home/airflow/.local/lib/python3.7/site-packages/airflow/example_dags/example_trigger_target_dag.py
[2022-12-14T17:46:09.352+0000] {processor.py:756} INFO - Processing file /home/airflow/.local/lib/python3.7/site-packages/airflow/example_dags/example_trigger_target_dag.py for tasks to queue
[2022-12-14T17:46:09.353+0000] {logging_mixin.py:137} INFO - [2022-12-14T17:46:09.353+0000] {dagbag.py:537} INFO - Filling up the DagBag from /home/airflow/.local/lib/python3.7/site-packages/airflow/example_dags/example_trigger_target_dag.py
[2022-12-14T17:46:09.380+0000] {processor.py:766} INFO - DAG(s) dict_keys(['example_trigger_target_dag']) retrieved from /home/airflow/.local/lib/python3.7/site-packages/airflow/example_dags/example_trigger_target_dag.py
[2022-12-14T17:46:09.545+0000] {logging_mixin.py:137} INFO - [2022-12-14T17:46:09.544+0000] {dag.py:2585} INFO - Sync 1 DAGs
[2022-12-14T17:46:09.665+0000] {logging_mixin.py:137} INFO - [2022-12-14T17:46:09.665+0000] {dag.py:3340} INFO - Setting next_dagrun for example_trigger_target_dag to None, run_after=None
[2022-12-14T17:46:09.744+0000] {processor.py:176} INFO - Processing /home/airflow/.local/lib/python3.7/site-packages/airflow/example_dags/example_trigger_target_dag.py took 0.398 seconds
[2022-12-14T17:46:40.008+0000] {processor.py:154} INFO - Started process (PID=611) to work on /home/airflow/.local/lib/python3.7/site-packages/airflow/example_dags/example_trigger_target_dag.py
[2022-12-14T17:46:40.009+0000] {processor.py:756} INFO - Processing file /home/airflow/.local/lib/python3.7/site-packages/airflow/example_dags/example_trigger_target_dag.py for tasks to queue
[2022-12-14T17:46:40.010+0000] {logging_mixin.py:137} INFO - [2022-12-14T17:46:40.010+0000] {dagbag.py:537} INFO - Filling up the DagBag from /home/airflow/.local/lib/python3.7/site-packages/airflow/example_dags/example_trigger_target_dag.py
[2022-12-14T17:46:40.042+0000] {processor.py:766} INFO - DAG(s) dict_keys(['example_trigger_target_dag']) retrieved from /home/airflow/.local/lib/python3.7/site-packages/airflow/example_dags/example_trigger_target_dag.py
[2022-12-14T17:46:40.101+0000] {logging_mixin.py:137} INFO - [2022-12-14T17:46:40.100+0000] {dag.py:2585} INFO - Sync 1 DAGs
[2022-12-14T17:46:40.149+0000] {logging_mixin.py:137} INFO - [2022-12-14T17:46:40.149+0000] {dag.py:3340} INFO - Setting next_dagrun for example_trigger_target_dag to None, run_after=None
[2022-12-14T17:46:40.174+0000] {processor.py:176} INFO - Processing /home/airflow/.local/lib/python3.7/site-packages/airflow/example_dags/example_trigger_target_dag.py took 0.171 seconds
[2022-12-14T17:47:11.029+0000] {processor.py:154} INFO - Started process (PID=665) to work on /home/airflow/.local/lib/python3.7/site-packages/airflow/example_dags/example_trigger_target_dag.py
[2022-12-14T17:47:11.030+0000] {processor.py:756} INFO - Processing file /home/airflow/.local/lib/python3.7/site-packages/airflow/example_dags/example_trigger_target_dag.py for tasks to queue
[2022-12-14T17:47:11.030+0000] {logging_mixin.py:137} INFO - [2022-12-14T17:47:11.030+0000] {dagbag.py:537} INFO - Filling up the DagBag from /home/airflow/.local/lib/python3.7/site-packages/airflow/example_dags/example_trigger_target_dag.py
[2022-12-14T17:47:11.062+0000] {processor.py:766} INFO - DAG(s) dict_keys(['example_trigger_target_dag']) retrieved from /home/airflow/.local/lib/python3.7/site-packages/airflow/example_dags/example_trigger_target_dag.py
[2022-12-14T17:47:11.115+0000] {logging_mixin.py:137} INFO - [2022-12-14T17:47:11.115+0000] {dag.py:2585} INFO - Sync 1 DAGs
[2022-12-14T17:47:11.155+0000] {logging_mixin.py:137} INFO - [2022-12-14T17:47:11.155+0000] {dag.py:3340} INFO - Setting next_dagrun for example_trigger_target_dag to None, run_after=None
[2022-12-14T17:47:11.195+0000] {processor.py:176} INFO - Processing /home/airflow/.local/lib/python3.7/site-packages/airflow/example_dags/example_trigger_target_dag.py took 0.170 seconds
[2022-12-14T17:47:41.895+0000] {processor.py:154} INFO - Started process (PID=726) to work on /home/airflow/.local/lib/python3.7/site-packages/airflow/example_dags/example_trigger_target_dag.py
[2022-12-14T17:47:41.897+0000] {processor.py:756} INFO - Processing file /home/airflow/.local/lib/python3.7/site-packages/airflow/example_dags/example_trigger_target_dag.py for tasks to queue
[2022-12-14T17:47:41.898+0000] {logging_mixin.py:137} INFO - [2022-12-14T17:47:41.898+0000] {dagbag.py:537} INFO - Filling up the DagBag from /home/airflow/.local/lib/python3.7/site-packages/airflow/example_dags/example_trigger_target_dag.py
[2022-12-14T17:47:41.975+0000] {processor.py:766} INFO - DAG(s) dict_keys(['example_trigger_target_dag']) retrieved from /home/airflow/.local/lib/python3.7/site-packages/airflow/example_dags/example_trigger_target_dag.py
[2022-12-14T17:47:42.078+0000] {logging_mixin.py:137} INFO - [2022-12-14T17:47:42.077+0000] {dag.py:2585} INFO - Sync 1 DAGs
[2022-12-14T17:47:42.132+0000] {logging_mixin.py:137} INFO - [2022-12-14T17:47:42.132+0000] {dag.py:3340} INFO - Setting next_dagrun for example_trigger_target_dag to None, run_after=None
[2022-12-14T17:47:42.166+0000] {processor.py:176} INFO - Processing /home/airflow/.local/lib/python3.7/site-packages/airflow/example_dags/example_trigger_target_dag.py took 0.283 seconds
[2022-12-14T17:48:12.840+0000] {processor.py:154} INFO - Started process (PID=782) to work on /home/airflow/.local/lib/python3.7/site-packages/airflow/example_dags/example_trigger_target_dag.py
[2022-12-14T17:48:12.841+0000] {processor.py:756} INFO - Processing file /home/airflow/.local/lib/python3.7/site-packages/airflow/example_dags/example_trigger_target_dag.py for tasks to queue
[2022-12-14T17:48:12.842+0000] {logging_mixin.py:137} INFO - [2022-12-14T17:48:12.842+0000] {dagbag.py:537} INFO - Filling up the DagBag from /home/airflow/.local/lib/python3.7/site-packages/airflow/example_dags/example_trigger_target_dag.py
[2022-12-14T17:48:12.874+0000] {processor.py:766} INFO - DAG(s) dict_keys(['example_trigger_target_dag']) retrieved from /home/airflow/.local/lib/python3.7/site-packages/airflow/example_dags/example_trigger_target_dag.py
[2022-12-14T17:48:12.947+0000] {logging_mixin.py:137} INFO - [2022-12-14T17:48:12.947+0000] {dag.py:2585} INFO - Sync 1 DAGs
[2022-12-14T17:48:12.995+0000] {logging_mixin.py:137} INFO - [2022-12-14T17:48:12.995+0000] {dag.py:3340} INFO - Setting next_dagrun for example_trigger_target_dag to None, run_after=None
[2022-12-14T17:48:13.023+0000] {processor.py:176} INFO - Processing /home/airflow/.local/lib/python3.7/site-packages/airflow/example_dags/example_trigger_target_dag.py took 0.187 seconds
[2022-12-14T17:48:43.367+0000] {processor.py:154} INFO - Started process (PID=837) to work on /home/airflow/.local/lib/python3.7/site-packages/airflow/example_dags/example_trigger_target_dag.py
[2022-12-14T17:48:43.368+0000] {processor.py:756} INFO - Processing file /home/airflow/.local/lib/python3.7/site-packages/airflow/example_dags/example_trigger_target_dag.py for tasks to queue
[2022-12-14T17:48:43.369+0000] {logging_mixin.py:137} INFO - [2022-12-14T17:48:43.369+0000] {dagbag.py:537} INFO - Filling up the DagBag from /home/airflow/.local/lib/python3.7/site-packages/airflow/example_dags/example_trigger_target_dag.py
[2022-12-14T17:48:43.404+0000] {processor.py:766} INFO - DAG(s) dict_keys(['example_trigger_target_dag']) retrieved from /home/airflow/.local/lib/python3.7/site-packages/airflow/example_dags/example_trigger_target_dag.py
[2022-12-14T17:48:43.465+0000] {logging_mixin.py:137} INFO - [2022-12-14T17:48:43.465+0000] {dag.py:2585} INFO - Sync 1 DAGs
[2022-12-14T17:48:43.514+0000] {logging_mixin.py:137} INFO - [2022-12-14T17:48:43.513+0000] {dag.py:3340} INFO - Setting next_dagrun for example_trigger_target_dag to None, run_after=None
[2022-12-14T17:48:43.552+0000] {processor.py:176} INFO - Processing /home/airflow/.local/lib/python3.7/site-packages/airflow/example_dags/example_trigger_target_dag.py took 0.190 seconds
[2022-12-14T17:49:14.137+0000] {processor.py:154} INFO - Started process (PID=900) to work on /home/airflow/.local/lib/python3.7/site-packages/airflow/example_dags/example_trigger_target_dag.py
[2022-12-14T17:49:14.138+0000] {processor.py:756} INFO - Processing file /home/airflow/.local/lib/python3.7/site-packages/airflow/example_dags/example_trigger_target_dag.py for tasks to queue
[2022-12-14T17:49:14.143+0000] {logging_mixin.py:137} INFO - [2022-12-14T17:49:14.143+0000] {dagbag.py:537} INFO - Filling up the DagBag from /home/airflow/.local/lib/python3.7/site-packages/airflow/example_dags/example_trigger_target_dag.py
[2022-12-14T17:49:14.260+0000] {processor.py:766} INFO - DAG(s) dict_keys(['example_trigger_target_dag']) retrieved from /home/airflow/.local/lib/python3.7/site-packages/airflow/example_dags/example_trigger_target_dag.py
[2022-12-14T17:49:14.339+0000] {logging_mixin.py:137} INFO - [2022-12-14T17:49:14.339+0000] {dag.py:2585} INFO - Sync 1 DAGs
[2022-12-14T17:49:14.395+0000] {logging_mixin.py:137} INFO - [2022-12-14T17:49:14.395+0000] {dag.py:3340} INFO - Setting next_dagrun for example_trigger_target_dag to None, run_after=None
[2022-12-14T17:49:14.421+0000] {processor.py:176} INFO - Processing /home/airflow/.local/lib/python3.7/site-packages/airflow/example_dags/example_trigger_target_dag.py took 0.298 seconds
[2022-12-14T17:49:45.061+0000] {processor.py:154} INFO - Started process (PID=956) to work on /home/airflow/.local/lib/python3.7/site-packages/airflow/example_dags/example_trigger_target_dag.py
[2022-12-14T17:49:45.062+0000] {processor.py:756} INFO - Processing file /home/airflow/.local/lib/python3.7/site-packages/airflow/example_dags/example_trigger_target_dag.py for tasks to queue
[2022-12-14T17:49:45.063+0000] {logging_mixin.py:137} INFO - [2022-12-14T17:49:45.062+0000] {dagbag.py:537} INFO - Filling up the DagBag from /home/airflow/.local/lib/python3.7/site-packages/airflow/example_dags/example_trigger_target_dag.py
[2022-12-14T17:49:45.098+0000] {processor.py:766} INFO - DAG(s) dict_keys(['example_trigger_target_dag']) retrieved from /home/airflow/.local/lib/python3.7/site-packages/airflow/example_dags/example_trigger_target_dag.py
[2022-12-14T17:49:45.161+0000] {logging_mixin.py:137} INFO - [2022-12-14T17:49:45.160+0000] {dag.py:2585} INFO - Sync 1 DAGs
[2022-12-14T17:49:45.212+0000] {logging_mixin.py:137} INFO - [2022-12-14T17:49:45.212+0000] {dag.py:3340} INFO - Setting next_dagrun for example_trigger_target_dag to None, run_after=None
[2022-12-14T17:49:45.270+0000] {processor.py:176} INFO - Processing /home/airflow/.local/lib/python3.7/site-packages/airflow/example_dags/example_trigger_target_dag.py took 0.214 seconds
[2022-12-14T17:50:15.364+0000] {processor.py:154} INFO - Started process (PID=1009) to work on /home/airflow/.local/lib/python3.7/site-packages/airflow/example_dags/example_trigger_target_dag.py
[2022-12-14T17:50:15.365+0000] {processor.py:756} INFO - Processing file /home/airflow/.local/lib/python3.7/site-packages/airflow/example_dags/example_trigger_target_dag.py for tasks to queue
[2022-12-14T17:50:15.374+0000] {logging_mixin.py:137} INFO - [2022-12-14T17:50:15.373+0000] {dagbag.py:537} INFO - Filling up the DagBag from /home/airflow/.local/lib/python3.7/site-packages/airflow/example_dags/example_trigger_target_dag.py
[2022-12-14T17:50:15.488+0000] {processor.py:766} INFO - DAG(s) dict_keys(['example_trigger_target_dag']) retrieved from /home/airflow/.local/lib/python3.7/site-packages/airflow/example_dags/example_trigger_target_dag.py
[2022-12-14T17:50:15.650+0000] {logging_mixin.py:137} INFO - [2022-12-14T17:50:15.649+0000] {dag.py:2585} INFO - Sync 1 DAGs
[2022-12-14T17:50:15.735+0000] {logging_mixin.py:137} INFO - [2022-12-14T17:50:15.734+0000] {dag.py:3340} INFO - Setting next_dagrun for example_trigger_target_dag to None, run_after=None
[2022-12-14T17:50:15.779+0000] {processor.py:176} INFO - Processing /home/airflow/.local/lib/python3.7/site-packages/airflow/example_dags/example_trigger_target_dag.py took 0.427 seconds
[2022-12-14T17:50:46.068+0000] {processor.py:154} INFO - Started process (PID=1073) to work on /home/airflow/.local/lib/python3.7/site-packages/airflow/example_dags/example_trigger_target_dag.py
[2022-12-14T17:50:46.079+0000] {processor.py:756} INFO - Processing file /home/airflow/.local/lib/python3.7/site-packages/airflow/example_dags/example_trigger_target_dag.py for tasks to queue
[2022-12-14T17:50:46.080+0000] {logging_mixin.py:137} INFO - [2022-12-14T17:50:46.080+0000] {dagbag.py:537} INFO - Filling up the DagBag from /home/airflow/.local/lib/python3.7/site-packages/airflow/example_dags/example_trigger_target_dag.py
[2022-12-14T17:50:46.167+0000] {processor.py:766} INFO - DAG(s) dict_keys(['example_trigger_target_dag']) retrieved from /home/airflow/.local/lib/python3.7/site-packages/airflow/example_dags/example_trigger_target_dag.py
[2022-12-14T17:50:46.323+0000] {logging_mixin.py:137} INFO - [2022-12-14T17:50:46.323+0000] {dag.py:2585} INFO - Sync 1 DAGs
[2022-12-14T17:50:46.436+0000] {logging_mixin.py:137} INFO - [2022-12-14T17:50:46.435+0000] {dag.py:3340} INFO - Setting next_dagrun for example_trigger_target_dag to None, run_after=None
[2022-12-14T17:50:46.511+0000] {processor.py:176} INFO - Processing /home/airflow/.local/lib/python3.7/site-packages/airflow/example_dags/example_trigger_target_dag.py took 0.459 seconds
[2022-12-14T17:51:16.696+0000] {processor.py:154} INFO - Started process (PID=1129) to work on /home/airflow/.local/lib/python3.7/site-packages/airflow/example_dags/example_trigger_target_dag.py
[2022-12-14T17:51:16.697+0000] {processor.py:756} INFO - Processing file /home/airflow/.local/lib/python3.7/site-packages/airflow/example_dags/example_trigger_target_dag.py for tasks to queue
[2022-12-14T17:51:16.700+0000] {logging_mixin.py:137} INFO - [2022-12-14T17:51:16.700+0000] {dagbag.py:537} INFO - Filling up the DagBag from /home/airflow/.local/lib/python3.7/site-packages/airflow/example_dags/example_trigger_target_dag.py
[2022-12-14T17:51:16.753+0000] {processor.py:766} INFO - DAG(s) dict_keys(['example_trigger_target_dag']) retrieved from /home/airflow/.local/lib/python3.7/site-packages/airflow/example_dags/example_trigger_target_dag.py
[2022-12-14T17:51:16.880+0000] {logging_mixin.py:137} INFO - [2022-12-14T17:51:16.879+0000] {dag.py:2585} INFO - Sync 1 DAGs
[2022-12-14T17:51:16.969+0000] {logging_mixin.py:137} INFO - [2022-12-14T17:51:16.969+0000] {dag.py:3340} INFO - Setting next_dagrun for example_trigger_target_dag to None, run_after=None
[2022-12-14T17:51:17.032+0000] {processor.py:176} INFO - Processing /home/airflow/.local/lib/python3.7/site-packages/airflow/example_dags/example_trigger_target_dag.py took 0.345 seconds
[2022-12-14T17:51:47.100+0000] {processor.py:154} INFO - Started process (PID=1183) to work on /home/airflow/.local/lib/python3.7/site-packages/airflow/example_dags/example_trigger_target_dag.py
[2022-12-14T17:51:47.101+0000] {processor.py:756} INFO - Processing file /home/airflow/.local/lib/python3.7/site-packages/airflow/example_dags/example_trigger_target_dag.py for tasks to queue
[2022-12-14T17:51:47.102+0000] {logging_mixin.py:137} INFO - [2022-12-14T17:51:47.102+0000] {dagbag.py:537} INFO - Filling up the DagBag from /home/airflow/.local/lib/python3.7/site-packages/airflow/example_dags/example_trigger_target_dag.py
[2022-12-14T17:51:47.135+0000] {processor.py:766} INFO - DAG(s) dict_keys(['example_trigger_target_dag']) retrieved from /home/airflow/.local/lib/python3.7/site-packages/airflow/example_dags/example_trigger_target_dag.py
[2022-12-14T17:51:47.196+0000] {logging_mixin.py:137} INFO - [2022-12-14T17:51:47.196+0000] {dag.py:2585} INFO - Sync 1 DAGs
[2022-12-14T17:51:47.244+0000] {logging_mixin.py:137} INFO - [2022-12-14T17:51:47.244+0000] {dag.py:3340} INFO - Setting next_dagrun for example_trigger_target_dag to None, run_after=None
[2022-12-14T17:51:47.274+0000] {processor.py:176} INFO - Processing /home/airflow/.local/lib/python3.7/site-packages/airflow/example_dags/example_trigger_target_dag.py took 0.178 seconds
[2022-12-14T17:52:17.850+0000] {processor.py:154} INFO - Started process (PID=1238) to work on /home/airflow/.local/lib/python3.7/site-packages/airflow/example_dags/example_trigger_target_dag.py
[2022-12-14T17:52:17.851+0000] {processor.py:756} INFO - Processing file /home/airflow/.local/lib/python3.7/site-packages/airflow/example_dags/example_trigger_target_dag.py for tasks to queue
[2022-12-14T17:52:17.852+0000] {logging_mixin.py:137} INFO - [2022-12-14T17:52:17.852+0000] {dagbag.py:537} INFO - Filling up the DagBag from /home/airflow/.local/lib/python3.7/site-packages/airflow/example_dags/example_trigger_target_dag.py
[2022-12-14T17:52:17.905+0000] {processor.py:766} INFO - DAG(s) dict_keys(['example_trigger_target_dag']) retrieved from /home/airflow/.local/lib/python3.7/site-packages/airflow/example_dags/example_trigger_target_dag.py
[2022-12-14T17:52:18.014+0000] {logging_mixin.py:137} INFO - [2022-12-14T17:52:18.014+0000] {dag.py:2585} INFO - Sync 1 DAGs
[2022-12-14T17:52:18.105+0000] {logging_mixin.py:137} INFO - [2022-12-14T17:52:18.105+0000] {dag.py:3340} INFO - Setting next_dagrun for example_trigger_target_dag to None, run_after=None
[2022-12-14T17:52:18.153+0000] {processor.py:176} INFO - Processing /home/airflow/.local/lib/python3.7/site-packages/airflow/example_dags/example_trigger_target_dag.py took 0.312 seconds
[2022-12-14T17:52:48.222+0000] {processor.py:154} INFO - Started process (PID=1292) to work on /home/airflow/.local/lib/python3.7/site-packages/airflow/example_dags/example_trigger_target_dag.py
[2022-12-14T17:52:48.323+0000] {processor.py:756} INFO - Processing file /home/airflow/.local/lib/python3.7/site-packages/airflow/example_dags/example_trigger_target_dag.py for tasks to queue
[2022-12-14T17:52:48.324+0000] {logging_mixin.py:137} INFO - [2022-12-14T17:52:48.324+0000] {dagbag.py:537} INFO - Filling up the DagBag from /home/airflow/.local/lib/python3.7/site-packages/airflow/example_dags/example_trigger_target_dag.py
[2022-12-14T17:52:48.361+0000] {processor.py:766} INFO - DAG(s) dict_keys(['example_trigger_target_dag']) retrieved from /home/airflow/.local/lib/python3.7/site-packages/airflow/example_dags/example_trigger_target_dag.py
[2022-12-14T17:52:48.438+0000] {logging_mixin.py:137} INFO - [2022-12-14T17:52:48.437+0000] {dag.py:2585} INFO - Sync 1 DAGs
[2022-12-14T17:52:48.493+0000] {logging_mixin.py:137} INFO - [2022-12-14T17:52:48.493+0000] {dag.py:3340} INFO - Setting next_dagrun for example_trigger_target_dag to None, run_after=None
[2022-12-14T17:52:48.532+0000] {processor.py:176} INFO - Processing /home/airflow/.local/lib/python3.7/site-packages/airflow/example_dags/example_trigger_target_dag.py took 0.314 seconds
[2022-12-14T17:53:18.743+0000] {processor.py:154} INFO - Started process (PID=1346) to work on /home/airflow/.local/lib/python3.7/site-packages/airflow/example_dags/example_trigger_target_dag.py
[2022-12-14T17:53:18.744+0000] {processor.py:756} INFO - Processing file /home/airflow/.local/lib/python3.7/site-packages/airflow/example_dags/example_trigger_target_dag.py for tasks to queue
[2022-12-14T17:53:18.745+0000] {logging_mixin.py:137} INFO - [2022-12-14T17:53:18.744+0000] {dagbag.py:537} INFO - Filling up the DagBag from /home/airflow/.local/lib/python3.7/site-packages/airflow/example_dags/example_trigger_target_dag.py
[2022-12-14T17:53:18.778+0000] {processor.py:766} INFO - DAG(s) dict_keys(['example_trigger_target_dag']) retrieved from /home/airflow/.local/lib/python3.7/site-packages/airflow/example_dags/example_trigger_target_dag.py
[2022-12-14T17:53:18.839+0000] {logging_mixin.py:137} INFO - [2022-12-14T17:53:18.839+0000] {dag.py:2585} INFO - Sync 1 DAGs
[2022-12-14T17:53:18.899+0000] {logging_mixin.py:137} INFO - [2022-12-14T17:53:18.899+0000] {dag.py:3340} INFO - Setting next_dagrun for example_trigger_target_dag to None, run_after=None
[2022-12-14T17:53:18.929+0000] {processor.py:176} INFO - Processing /home/airflow/.local/lib/python3.7/site-packages/airflow/example_dags/example_trigger_target_dag.py took 0.190 seconds
[2022-12-14T17:53:49.295+0000] {processor.py:154} INFO - Started process (PID=1400) to work on /home/airflow/.local/lib/python3.7/site-packages/airflow/example_dags/example_trigger_target_dag.py
[2022-12-14T17:53:49.304+0000] {processor.py:756} INFO - Processing file /home/airflow/.local/lib/python3.7/site-packages/airflow/example_dags/example_trigger_target_dag.py for tasks to queue
[2022-12-14T17:53:49.305+0000] {logging_mixin.py:137} INFO - [2022-12-14T17:53:49.305+0000] {dagbag.py:537} INFO - Filling up the DagBag from /home/airflow/.local/lib/python3.7/site-packages/airflow/example_dags/example_trigger_target_dag.py
[2022-12-14T17:53:49.349+0000] {processor.py:766} INFO - DAG(s) dict_keys(['example_trigger_target_dag']) retrieved from /home/airflow/.local/lib/python3.7/site-packages/airflow/example_dags/example_trigger_target_dag.py
[2022-12-14T17:53:49.424+0000] {logging_mixin.py:137} INFO - [2022-12-14T17:53:49.424+0000] {dag.py:2585} INFO - Sync 1 DAGs
[2022-12-14T17:53:49.483+0000] {logging_mixin.py:137} INFO - [2022-12-14T17:53:49.483+0000] {dag.py:3340} INFO - Setting next_dagrun for example_trigger_target_dag to None, run_after=None
[2022-12-14T17:53:49.515+0000] {processor.py:176} INFO - Processing /home/airflow/.local/lib/python3.7/site-packages/airflow/example_dags/example_trigger_target_dag.py took 0.227 seconds
[2022-12-14T17:54:20.461+0000] {processor.py:154} INFO - Started process (PID=1463) to work on /home/airflow/.local/lib/python3.7/site-packages/airflow/example_dags/example_trigger_target_dag.py
[2022-12-14T17:54:20.462+0000] {processor.py:756} INFO - Processing file /home/airflow/.local/lib/python3.7/site-packages/airflow/example_dags/example_trigger_target_dag.py for tasks to queue
[2022-12-14T17:54:20.463+0000] {logging_mixin.py:137} INFO - [2022-12-14T17:54:20.463+0000] {dagbag.py:537} INFO - Filling up the DagBag from /home/airflow/.local/lib/python3.7/site-packages/airflow/example_dags/example_trigger_target_dag.py
[2022-12-14T17:54:20.517+0000] {processor.py:766} INFO - DAG(s) dict_keys(['example_trigger_target_dag']) retrieved from /home/airflow/.local/lib/python3.7/site-packages/airflow/example_dags/example_trigger_target_dag.py
[2022-12-14T17:54:20.759+0000] {logging_mixin.py:137} INFO - [2022-12-14T17:54:20.759+0000] {dag.py:2585} INFO - Sync 1 DAGs
[2022-12-14T17:54:20.944+0000] {logging_mixin.py:137} INFO - [2022-12-14T17:54:20.944+0000] {dag.py:3340} INFO - Setting next_dagrun for example_trigger_target_dag to None, run_after=None
[2022-12-14T17:54:21.018+0000] {processor.py:176} INFO - Processing /home/airflow/.local/lib/python3.7/site-packages/airflow/example_dags/example_trigger_target_dag.py took 0.563 seconds
[2022-12-14T17:54:51.865+0000] {processor.py:154} INFO - Started process (PID=1517) to work on /home/airflow/.local/lib/python3.7/site-packages/airflow/example_dags/example_trigger_target_dag.py
[2022-12-14T17:54:51.866+0000] {processor.py:756} INFO - Processing file /home/airflow/.local/lib/python3.7/site-packages/airflow/example_dags/example_trigger_target_dag.py for tasks to queue
[2022-12-14T17:54:51.867+0000] {logging_mixin.py:137} INFO - [2022-12-14T17:54:51.867+0000] {dagbag.py:537} INFO - Filling up the DagBag from /home/airflow/.local/lib/python3.7/site-packages/airflow/example_dags/example_trigger_target_dag.py
[2022-12-14T17:54:51.903+0000] {processor.py:766} INFO - DAG(s) dict_keys(['example_trigger_target_dag']) retrieved from /home/airflow/.local/lib/python3.7/site-packages/airflow/example_dags/example_trigger_target_dag.py
[2022-12-14T17:54:51.971+0000] {logging_mixin.py:137} INFO - [2022-12-14T17:54:51.971+0000] {dag.py:2585} INFO - Sync 1 DAGs
[2022-12-14T17:54:52.029+0000] {logging_mixin.py:137} INFO - [2022-12-14T17:54:52.029+0000] {dag.py:3340} INFO - Setting next_dagrun for example_trigger_target_dag to None, run_after=None
[2022-12-14T17:54:52.090+0000] {processor.py:176} INFO - Processing /home/airflow/.local/lib/python3.7/site-packages/airflow/example_dags/example_trigger_target_dag.py took 0.230 seconds
[2022-12-14T17:55:22.166+0000] {processor.py:154} INFO - Started process (PID=1570) to work on /home/airflow/.local/lib/python3.7/site-packages/airflow/example_dags/example_trigger_target_dag.py
[2022-12-14T17:55:22.167+0000] {processor.py:756} INFO - Processing file /home/airflow/.local/lib/python3.7/site-packages/airflow/example_dags/example_trigger_target_dag.py for tasks to queue
[2022-12-14T17:55:22.168+0000] {logging_mixin.py:137} INFO - [2022-12-14T17:55:22.167+0000] {dagbag.py:537} INFO - Filling up the DagBag from /home/airflow/.local/lib/python3.7/site-packages/airflow/example_dags/example_trigger_target_dag.py
[2022-12-14T17:55:22.200+0000] {processor.py:766} INFO - DAG(s) dict_keys(['example_trigger_target_dag']) retrieved from /home/airflow/.local/lib/python3.7/site-packages/airflow/example_dags/example_trigger_target_dag.py
[2022-12-14T17:55:22.288+0000] {logging_mixin.py:137} INFO - [2022-12-14T17:55:22.288+0000] {dag.py:2585} INFO - Sync 1 DAGs
[2022-12-14T17:55:22.360+0000] {logging_mixin.py:137} INFO - [2022-12-14T17:55:22.360+0000] {dag.py:3340} INFO - Setting next_dagrun for example_trigger_target_dag to None, run_after=None
[2022-12-14T17:55:22.388+0000] {processor.py:176} INFO - Processing /home/airflow/.local/lib/python3.7/site-packages/airflow/example_dags/example_trigger_target_dag.py took 0.226 seconds
[2022-12-14T17:55:52.563+0000] {processor.py:154} INFO - Started process (PID=1623) to work on /home/airflow/.local/lib/python3.7/site-packages/airflow/example_dags/example_trigger_target_dag.py
[2022-12-14T17:55:52.565+0000] {processor.py:756} INFO - Processing file /home/airflow/.local/lib/python3.7/site-packages/airflow/example_dags/example_trigger_target_dag.py for tasks to queue
[2022-12-14T17:55:52.567+0000] {logging_mixin.py:137} INFO - [2022-12-14T17:55:52.566+0000] {dagbag.py:537} INFO - Filling up the DagBag from /home/airflow/.local/lib/python3.7/site-packages/airflow/example_dags/example_trigger_target_dag.py
[2022-12-14T17:55:52.600+0000] {processor.py:766} INFO - DAG(s) dict_keys(['example_trigger_target_dag']) retrieved from /home/airflow/.local/lib/python3.7/site-packages/airflow/example_dags/example_trigger_target_dag.py
[2022-12-14T17:55:52.672+0000] {logging_mixin.py:137} INFO - [2022-12-14T17:55:52.672+0000] {dag.py:2585} INFO - Sync 1 DAGs
[2022-12-14T17:55:52.722+0000] {logging_mixin.py:137} INFO - [2022-12-14T17:55:52.722+0000] {dag.py:3340} INFO - Setting next_dagrun for example_trigger_target_dag to None, run_after=None
[2022-12-14T17:55:52.779+0000] {processor.py:176} INFO - Processing /home/airflow/.local/lib/python3.7/site-packages/airflow/example_dags/example_trigger_target_dag.py took 0.221 seconds
[2022-12-14T17:56:23.026+0000] {processor.py:154} INFO - Started process (PID=1676) to work on /home/airflow/.local/lib/python3.7/site-packages/airflow/example_dags/example_trigger_target_dag.py
[2022-12-14T17:56:23.027+0000] {processor.py:756} INFO - Processing file /home/airflow/.local/lib/python3.7/site-packages/airflow/example_dags/example_trigger_target_dag.py for tasks to queue
[2022-12-14T17:56:23.028+0000] {logging_mixin.py:137} INFO - [2022-12-14T17:56:23.028+0000] {dagbag.py:537} INFO - Filling up the DagBag from /home/airflow/.local/lib/python3.7/site-packages/airflow/example_dags/example_trigger_target_dag.py
[2022-12-14T17:56:23.097+0000] {processor.py:766} INFO - DAG(s) dict_keys(['example_trigger_target_dag']) retrieved from /home/airflow/.local/lib/python3.7/site-packages/airflow/example_dags/example_trigger_target_dag.py
[2022-12-14T17:56:23.214+0000] {logging_mixin.py:137} INFO - [2022-12-14T17:56:23.214+0000] {dag.py:2585} INFO - Sync 1 DAGs
[2022-12-14T17:56:23.313+0000] {logging_mixin.py:137} INFO - [2022-12-14T17:56:23.313+0000] {dag.py:3340} INFO - Setting next_dagrun for example_trigger_target_dag to None, run_after=None
[2022-12-14T17:56:23.442+0000] {processor.py:176} INFO - Processing /home/airflow/.local/lib/python3.7/site-packages/airflow/example_dags/example_trigger_target_dag.py took 0.441 seconds
[2022-12-14T18:00:06.833+0000] {processor.py:154} INFO - Started process (PID=86) to work on /home/airflow/.local/lib/python3.7/site-packages/airflow/example_dags/example_trigger_target_dag.py
[2022-12-14T18:00:06.949+0000] {processor.py:756} INFO - Processing file /home/airflow/.local/lib/python3.7/site-packages/airflow/example_dags/example_trigger_target_dag.py for tasks to queue
[2022-12-14T18:00:06.959+0000] {logging_mixin.py:137} INFO - [2022-12-14T18:00:06.958+0000] {dagbag.py:537} INFO - Filling up the DagBag from /home/airflow/.local/lib/python3.7/site-packages/airflow/example_dags/example_trigger_target_dag.py
[2022-12-14T18:00:07.147+0000] {processor.py:766} INFO - DAG(s) dict_keys(['example_trigger_target_dag']) retrieved from /home/airflow/.local/lib/python3.7/site-packages/airflow/example_dags/example_trigger_target_dag.py
[2022-12-14T18:00:07.451+0000] {logging_mixin.py:137} INFO - [2022-12-14T18:00:07.451+0000] {dag.py:2585} INFO - Sync 1 DAGs
[2022-12-14T18:00:07.752+0000] {logging_mixin.py:137} INFO - [2022-12-14T18:00:07.751+0000] {dag.py:3340} INFO - Setting next_dagrun for example_trigger_target_dag to None, run_after=None
[2022-12-14T18:00:08.000+0000] {processor.py:176} INFO - Processing /home/airflow/.local/lib/python3.7/site-packages/airflow/example_dags/example_trigger_target_dag.py took 1.215 seconds
[2022-12-14T18:00:38.069+0000] {processor.py:154} INFO - Started process (PID=148) to work on /home/airflow/.local/lib/python3.7/site-packages/airflow/example_dags/example_trigger_target_dag.py
[2022-12-14T18:00:38.070+0000] {processor.py:756} INFO - Processing file /home/airflow/.local/lib/python3.7/site-packages/airflow/example_dags/example_trigger_target_dag.py for tasks to queue
[2022-12-14T18:00:38.071+0000] {logging_mixin.py:137} INFO - [2022-12-14T18:00:38.070+0000] {dagbag.py:537} INFO - Filling up the DagBag from /home/airflow/.local/lib/python3.7/site-packages/airflow/example_dags/example_trigger_target_dag.py
[2022-12-14T18:00:38.108+0000] {processor.py:766} INFO - DAG(s) dict_keys(['example_trigger_target_dag']) retrieved from /home/airflow/.local/lib/python3.7/site-packages/airflow/example_dags/example_trigger_target_dag.py
[2022-12-14T18:00:38.177+0000] {logging_mixin.py:137} INFO - [2022-12-14T18:00:38.176+0000] {dag.py:2585} INFO - Sync 1 DAGs
[2022-12-14T18:00:38.232+0000] {logging_mixin.py:137} INFO - [2022-12-14T18:00:38.231+0000] {dag.py:3340} INFO - Setting next_dagrun for example_trigger_target_dag to None, run_after=None
[2022-12-14T18:00:38.266+0000] {processor.py:176} INFO - Processing /home/airflow/.local/lib/python3.7/site-packages/airflow/example_dags/example_trigger_target_dag.py took 0.203 seconds
[2022-12-14T18:01:08.960+0000] {processor.py:154} INFO - Started process (PID=205) to work on /home/airflow/.local/lib/python3.7/site-packages/airflow/example_dags/example_trigger_target_dag.py
[2022-12-14T18:01:09.037+0000] {processor.py:756} INFO - Processing file /home/airflow/.local/lib/python3.7/site-packages/airflow/example_dags/example_trigger_target_dag.py for tasks to queue
[2022-12-14T18:01:09.038+0000] {logging_mixin.py:137} INFO - [2022-12-14T18:01:09.038+0000] {dagbag.py:537} INFO - Filling up the DagBag from /home/airflow/.local/lib/python3.7/site-packages/airflow/example_dags/example_trigger_target_dag.py
[2022-12-14T18:01:09.113+0000] {processor.py:766} INFO - DAG(s) dict_keys(['example_trigger_target_dag']) retrieved from /home/airflow/.local/lib/python3.7/site-packages/airflow/example_dags/example_trigger_target_dag.py
[2022-12-14T18:01:09.279+0000] {logging_mixin.py:137} INFO - [2022-12-14T18:01:09.279+0000] {dag.py:2585} INFO - Sync 1 DAGs
[2022-12-14T18:01:09.345+0000] {logging_mixin.py:137} INFO - [2022-12-14T18:01:09.345+0000] {dag.py:3340} INFO - Setting next_dagrun for example_trigger_target_dag to None, run_after=None
[2022-12-14T18:01:09.381+0000] {processor.py:176} INFO - Processing /home/airflow/.local/lib/python3.7/site-packages/airflow/example_dags/example_trigger_target_dag.py took 0.426 seconds
[2022-12-14T18:01:39.479+0000] {processor.py:154} INFO - Started process (PID=260) to work on /home/airflow/.local/lib/python3.7/site-packages/airflow/example_dags/example_trigger_target_dag.py
[2022-12-14T18:01:39.480+0000] {processor.py:756} INFO - Processing file /home/airflow/.local/lib/python3.7/site-packages/airflow/example_dags/example_trigger_target_dag.py for tasks to queue
[2022-12-14T18:01:39.481+0000] {logging_mixin.py:137} INFO - [2022-12-14T18:01:39.480+0000] {dagbag.py:537} INFO - Filling up the DagBag from /home/airflow/.local/lib/python3.7/site-packages/airflow/example_dags/example_trigger_target_dag.py
[2022-12-14T18:01:39.525+0000] {processor.py:766} INFO - DAG(s) dict_keys(['example_trigger_target_dag']) retrieved from /home/airflow/.local/lib/python3.7/site-packages/airflow/example_dags/example_trigger_target_dag.py
[2022-12-14T18:01:39.606+0000] {logging_mixin.py:137} INFO - [2022-12-14T18:01:39.606+0000] {dag.py:2585} INFO - Sync 1 DAGs
[2022-12-14T18:01:39.728+0000] {logging_mixin.py:137} INFO - [2022-12-14T18:01:39.727+0000] {dag.py:3340} INFO - Setting next_dagrun for example_trigger_target_dag to None, run_after=None
[2022-12-14T18:01:39.873+0000] {processor.py:176} INFO - Processing /home/airflow/.local/lib/python3.7/site-packages/airflow/example_dags/example_trigger_target_dag.py took 0.398 seconds
[2022-12-14T18:02:09.989+0000] {processor.py:154} INFO - Started process (PID=324) to work on /home/airflow/.local/lib/python3.7/site-packages/airflow/example_dags/example_trigger_target_dag.py
[2022-12-14T18:02:09.990+0000] {processor.py:756} INFO - Processing file /home/airflow/.local/lib/python3.7/site-packages/airflow/example_dags/example_trigger_target_dag.py for tasks to queue
[2022-12-14T18:02:09.990+0000] {logging_mixin.py:137} INFO - [2022-12-14T18:02:09.990+0000] {dagbag.py:537} INFO - Filling up the DagBag from /home/airflow/.local/lib/python3.7/site-packages/airflow/example_dags/example_trigger_target_dag.py
[2022-12-14T18:02:10.020+0000] {processor.py:766} INFO - DAG(s) dict_keys(['example_trigger_target_dag']) retrieved from /home/airflow/.local/lib/python3.7/site-packages/airflow/example_dags/example_trigger_target_dag.py
[2022-12-14T18:02:10.083+0000] {logging_mixin.py:137} INFO - [2022-12-14T18:02:10.083+0000] {dag.py:2585} INFO - Sync 1 DAGs
[2022-12-14T18:02:10.133+0000] {logging_mixin.py:137} INFO - [2022-12-14T18:02:10.133+0000] {dag.py:3340} INFO - Setting next_dagrun for example_trigger_target_dag to None, run_after=None
[2022-12-14T18:02:10.163+0000] {processor.py:176} INFO - Processing /home/airflow/.local/lib/python3.7/site-packages/airflow/example_dags/example_trigger_target_dag.py took 0.178 seconds
[2022-12-14T18:02:40.779+0000] {processor.py:154} INFO - Started process (PID=378) to work on /home/airflow/.local/lib/python3.7/site-packages/airflow/example_dags/example_trigger_target_dag.py
[2022-12-14T18:02:40.824+0000] {processor.py:756} INFO - Processing file /home/airflow/.local/lib/python3.7/site-packages/airflow/example_dags/example_trigger_target_dag.py for tasks to queue
[2022-12-14T18:02:40.825+0000] {logging_mixin.py:137} INFO - [2022-12-14T18:02:40.825+0000] {dagbag.py:537} INFO - Filling up the DagBag from /home/airflow/.local/lib/python3.7/site-packages/airflow/example_dags/example_trigger_target_dag.py
[2022-12-14T18:02:40.900+0000] {processor.py:766} INFO - DAG(s) dict_keys(['example_trigger_target_dag']) retrieved from /home/airflow/.local/lib/python3.7/site-packages/airflow/example_dags/example_trigger_target_dag.py
[2022-12-14T18:02:41.051+0000] {logging_mixin.py:137} INFO - [2022-12-14T18:02:41.051+0000] {dag.py:2585} INFO - Sync 1 DAGs
[2022-12-14T18:02:41.167+0000] {logging_mixin.py:137} INFO - [2022-12-14T18:02:41.167+0000] {dag.py:3340} INFO - Setting next_dagrun for example_trigger_target_dag to None, run_after=None
[2022-12-14T18:02:41.245+0000] {processor.py:176} INFO - Processing /home/airflow/.local/lib/python3.7/site-packages/airflow/example_dags/example_trigger_target_dag.py took 0.488 seconds
[2022-12-14T18:03:12.471+0000] {processor.py:154} INFO - Started process (PID=439) to work on /home/airflow/.local/lib/python3.7/site-packages/airflow/example_dags/example_trigger_target_dag.py
[2022-12-14T18:03:12.484+0000] {processor.py:756} INFO - Processing file /home/airflow/.local/lib/python3.7/site-packages/airflow/example_dags/example_trigger_target_dag.py for tasks to queue
[2022-12-14T18:03:12.485+0000] {logging_mixin.py:137} INFO - [2022-12-14T18:03:12.485+0000] {dagbag.py:537} INFO - Filling up the DagBag from /home/airflow/.local/lib/python3.7/site-packages/airflow/example_dags/example_trigger_target_dag.py
[2022-12-14T18:03:12.590+0000] {processor.py:766} INFO - DAG(s) dict_keys(['example_trigger_target_dag']) retrieved from /home/airflow/.local/lib/python3.7/site-packages/airflow/example_dags/example_trigger_target_dag.py
[2022-12-14T18:03:12.694+0000] {logging_mixin.py:137} INFO - [2022-12-14T18:03:12.693+0000] {dag.py:2585} INFO - Sync 1 DAGs
[2022-12-14T18:03:12.744+0000] {logging_mixin.py:137} INFO - [2022-12-14T18:03:12.744+0000] {dag.py:3340} INFO - Setting next_dagrun for example_trigger_target_dag to None, run_after=None
[2022-12-14T18:03:12.776+0000] {processor.py:176} INFO - Processing /home/airflow/.local/lib/python3.7/site-packages/airflow/example_dags/example_trigger_target_dag.py took 0.313 seconds
[2022-12-14T18:03:43.657+0000] {processor.py:154} INFO - Started process (PID=493) to work on /home/airflow/.local/lib/python3.7/site-packages/airflow/example_dags/example_trigger_target_dag.py
[2022-12-14T18:03:43.658+0000] {processor.py:756} INFO - Processing file /home/airflow/.local/lib/python3.7/site-packages/airflow/example_dags/example_trigger_target_dag.py for tasks to queue
[2022-12-14T18:03:43.659+0000] {logging_mixin.py:137} INFO - [2022-12-14T18:03:43.659+0000] {dagbag.py:537} INFO - Filling up the DagBag from /home/airflow/.local/lib/python3.7/site-packages/airflow/example_dags/example_trigger_target_dag.py
[2022-12-14T18:03:43.699+0000] {processor.py:766} INFO - DAG(s) dict_keys(['example_trigger_target_dag']) retrieved from /home/airflow/.local/lib/python3.7/site-packages/airflow/example_dags/example_trigger_target_dag.py
[2022-12-14T18:03:43.770+0000] {logging_mixin.py:137} INFO - [2022-12-14T18:03:43.770+0000] {dag.py:2585} INFO - Sync 1 DAGs
[2022-12-14T18:03:43.825+0000] {logging_mixin.py:137} INFO - [2022-12-14T18:03:43.824+0000] {dag.py:3340} INFO - Setting next_dagrun for example_trigger_target_dag to None, run_after=None
[2022-12-14T18:03:43.855+0000] {processor.py:176} INFO - Processing /home/airflow/.local/lib/python3.7/site-packages/airflow/example_dags/example_trigger_target_dag.py took 0.203 seconds
[2022-12-14T18:04:13.969+0000] {processor.py:154} INFO - Started process (PID=548) to work on /home/airflow/.local/lib/python3.7/site-packages/airflow/example_dags/example_trigger_target_dag.py
[2022-12-14T18:04:13.970+0000] {processor.py:756} INFO - Processing file /home/airflow/.local/lib/python3.7/site-packages/airflow/example_dags/example_trigger_target_dag.py for tasks to queue
[2022-12-14T18:04:13.971+0000] {logging_mixin.py:137} INFO - [2022-12-14T18:04:13.971+0000] {dagbag.py:537} INFO - Filling up the DagBag from /home/airflow/.local/lib/python3.7/site-packages/airflow/example_dags/example_trigger_target_dag.py
[2022-12-14T18:04:14.011+0000] {processor.py:766} INFO - DAG(s) dict_keys(['example_trigger_target_dag']) retrieved from /home/airflow/.local/lib/python3.7/site-packages/airflow/example_dags/example_trigger_target_dag.py
[2022-12-14T18:04:14.086+0000] {logging_mixin.py:137} INFO - [2022-12-14T18:04:14.086+0000] {dag.py:2585} INFO - Sync 1 DAGs
[2022-12-14T18:04:14.142+0000] {logging_mixin.py:137} INFO - [2022-12-14T18:04:14.141+0000] {dag.py:3340} INFO - Setting next_dagrun for example_trigger_target_dag to None, run_after=None
[2022-12-14T18:04:14.176+0000] {processor.py:176} INFO - Processing /home/airflow/.local/lib/python3.7/site-packages/airflow/example_dags/example_trigger_target_dag.py took 0.213 seconds
[2022-12-14T18:04:44.353+0000] {processor.py:154} INFO - Started process (PID=611) to work on /home/airflow/.local/lib/python3.7/site-packages/airflow/example_dags/example_trigger_target_dag.py
[2022-12-14T18:04:44.355+0000] {processor.py:756} INFO - Processing file /home/airflow/.local/lib/python3.7/site-packages/airflow/example_dags/example_trigger_target_dag.py for tasks to queue
[2022-12-14T18:04:44.356+0000] {logging_mixin.py:137} INFO - [2022-12-14T18:04:44.355+0000] {dagbag.py:537} INFO - Filling up the DagBag from /home/airflow/.local/lib/python3.7/site-packages/airflow/example_dags/example_trigger_target_dag.py
[2022-12-14T18:04:44.396+0000] {processor.py:766} INFO - DAG(s) dict_keys(['example_trigger_target_dag']) retrieved from /home/airflow/.local/lib/python3.7/site-packages/airflow/example_dags/example_trigger_target_dag.py
[2022-12-14T18:04:44.475+0000] {logging_mixin.py:137} INFO - [2022-12-14T18:04:44.475+0000] {dag.py:2585} INFO - Sync 1 DAGs
[2022-12-14T18:04:44.529+0000] {logging_mixin.py:137} INFO - [2022-12-14T18:04:44.529+0000] {dag.py:3340} INFO - Setting next_dagrun for example_trigger_target_dag to None, run_after=None
[2022-12-14T18:04:44.564+0000] {processor.py:176} INFO - Processing /home/airflow/.local/lib/python3.7/site-packages/airflow/example_dags/example_trigger_target_dag.py took 0.216 seconds
[2022-12-14T18:05:14.926+0000] {processor.py:154} INFO - Started process (PID=666) to work on /home/airflow/.local/lib/python3.7/site-packages/airflow/example_dags/example_trigger_target_dag.py
[2022-12-14T18:05:14.937+0000] {processor.py:756} INFO - Processing file /home/airflow/.local/lib/python3.7/site-packages/airflow/example_dags/example_trigger_target_dag.py for tasks to queue
[2022-12-14T18:05:14.937+0000] {logging_mixin.py:137} INFO - [2022-12-14T18:05:14.937+0000] {dagbag.py:537} INFO - Filling up the DagBag from /home/airflow/.local/lib/python3.7/site-packages/airflow/example_dags/example_trigger_target_dag.py
[2022-12-14T18:05:14.970+0000] {processor.py:766} INFO - DAG(s) dict_keys(['example_trigger_target_dag']) retrieved from /home/airflow/.local/lib/python3.7/site-packages/airflow/example_dags/example_trigger_target_dag.py
[2022-12-14T18:05:15.036+0000] {logging_mixin.py:137} INFO - [2022-12-14T18:05:15.036+0000] {dag.py:2585} INFO - Sync 1 DAGs
[2022-12-14T18:05:15.089+0000] {logging_mixin.py:137} INFO - [2022-12-14T18:05:15.088+0000] {dag.py:3340} INFO - Setting next_dagrun for example_trigger_target_dag to None, run_after=None
[2022-12-14T18:05:15.121+0000] {processor.py:176} INFO - Processing /home/airflow/.local/lib/python3.7/site-packages/airflow/example_dags/example_trigger_target_dag.py took 0.200 seconds
[2022-12-14T18:05:45.327+0000] {processor.py:154} INFO - Started process (PID=721) to work on /home/airflow/.local/lib/python3.7/site-packages/airflow/example_dags/example_trigger_target_dag.py
[2022-12-14T18:05:45.328+0000] {processor.py:756} INFO - Processing file /home/airflow/.local/lib/python3.7/site-packages/airflow/example_dags/example_trigger_target_dag.py for tasks to queue
[2022-12-14T18:05:45.329+0000] {logging_mixin.py:137} INFO - [2022-12-14T18:05:45.329+0000] {dagbag.py:537} INFO - Filling up the DagBag from /home/airflow/.local/lib/python3.7/site-packages/airflow/example_dags/example_trigger_target_dag.py
[2022-12-14T18:05:45.372+0000] {processor.py:766} INFO - DAG(s) dict_keys(['example_trigger_target_dag']) retrieved from /home/airflow/.local/lib/python3.7/site-packages/airflow/example_dags/example_trigger_target_dag.py
[2022-12-14T18:05:45.457+0000] {logging_mixin.py:137} INFO - [2022-12-14T18:05:45.457+0000] {dag.py:2585} INFO - Sync 1 DAGs
[2022-12-14T18:05:45.519+0000] {logging_mixin.py:137} INFO - [2022-12-14T18:05:45.518+0000] {dag.py:3340} INFO - Setting next_dagrun for example_trigger_target_dag to None, run_after=None
[2022-12-14T18:05:45.556+0000] {processor.py:176} INFO - Processing /home/airflow/.local/lib/python3.7/site-packages/airflow/example_dags/example_trigger_target_dag.py took 0.234 seconds
[2022-12-14T18:06:16.595+0000] {processor.py:154} INFO - Started process (PID=785) to work on /home/airflow/.local/lib/python3.7/site-packages/airflow/example_dags/example_trigger_target_dag.py
[2022-12-14T18:06:16.596+0000] {processor.py:756} INFO - Processing file /home/airflow/.local/lib/python3.7/site-packages/airflow/example_dags/example_trigger_target_dag.py for tasks to queue
[2022-12-14T18:06:16.597+0000] {logging_mixin.py:137} INFO - [2022-12-14T18:06:16.597+0000] {dagbag.py:537} INFO - Filling up the DagBag from /home/airflow/.local/lib/python3.7/site-packages/airflow/example_dags/example_trigger_target_dag.py
[2022-12-14T18:06:16.634+0000] {processor.py:766} INFO - DAG(s) dict_keys(['example_trigger_target_dag']) retrieved from /home/airflow/.local/lib/python3.7/site-packages/airflow/example_dags/example_trigger_target_dag.py
[2022-12-14T18:06:16.704+0000] {logging_mixin.py:137} INFO - [2022-12-14T18:06:16.704+0000] {dag.py:2585} INFO - Sync 1 DAGs
[2022-12-14T18:06:16.763+0000] {logging_mixin.py:137} INFO - [2022-12-14T18:06:16.762+0000] {dag.py:3340} INFO - Setting next_dagrun for example_trigger_target_dag to None, run_after=None
[2022-12-14T18:06:16.800+0000] {processor.py:176} INFO - Processing /home/airflow/.local/lib/python3.7/site-packages/airflow/example_dags/example_trigger_target_dag.py took 0.210 seconds
