[2022-12-14T17:42:01.873+0000] {processor.py:154} INFO - Started process (PID=81) to work on /home/airflow/.local/lib/python3.7/site-packages/airflow/example_dags/example_dag_decorator.py
[2022-12-14T17:42:01.880+0000] {processor.py:756} INFO - Processing file /home/airflow/.local/lib/python3.7/site-packages/airflow/example_dags/example_dag_decorator.py for tasks to queue
[2022-12-14T17:42:01.881+0000] {logging_mixin.py:137} INFO - [2022-12-14T17:42:01.881+0000] {dagbag.py:537} INFO - Filling up the DagBag from /home/airflow/.local/lib/python3.7/site-packages/airflow/example_dags/example_dag_decorator.py
[2022-12-14T17:42:01.968+0000] {logging_mixin.py:137} INFO - [2022-12-14T17:42:01.968+0000] {taskmixin.py:205} WARNING - Dependency <Task(_PythonDecoratedOperator): prepare_email>, send_email already registered for DAG: example_dag_decorator
[2022-12-14T17:42:01.968+0000] {logging_mixin.py:137} INFO - [2022-12-14T17:42:01.968+0000] {taskmixin.py:205} WARNING - Dependency <Task(EmailOperator): send_email>, prepare_email already registered for DAG: example_dag_decorator
[2022-12-14T17:42:02.057+0000] {processor.py:766} INFO - DAG(s) dict_keys(['example_dag_decorator']) retrieved from /home/airflow/.local/lib/python3.7/site-packages/airflow/example_dags/example_dag_decorator.py
[2022-12-14T17:42:02.611+0000] {logging_mixin.py:137} INFO - [2022-12-14T17:42:02.611+0000] {dag.py:2585} INFO - Sync 1 DAGs
[2022-12-14T17:42:02.762+0000] {logging_mixin.py:137} INFO - [2022-12-14T17:42:02.761+0000] {dag.py:3340} INFO - Setting next_dagrun for example_dag_decorator to None, run_after=None
[2022-12-14T17:42:02.966+0000] {processor.py:176} INFO - Processing /home/airflow/.local/lib/python3.7/site-packages/airflow/example_dags/example_dag_decorator.py took 1.108 seconds
[2022-12-14T17:42:33.169+0000] {processor.py:154} INFO - Started process (PID=135) to work on /home/airflow/.local/lib/python3.7/site-packages/airflow/example_dags/example_dag_decorator.py
[2022-12-14T17:42:33.287+0000] {processor.py:756} INFO - Processing file /home/airflow/.local/lib/python3.7/site-packages/airflow/example_dags/example_dag_decorator.py for tasks to queue
[2022-12-14T17:42:33.288+0000] {logging_mixin.py:137} INFO - [2022-12-14T17:42:33.287+0000] {dagbag.py:537} INFO - Filling up the DagBag from /home/airflow/.local/lib/python3.7/site-packages/airflow/example_dags/example_dag_decorator.py
[2022-12-14T17:42:33.316+0000] {logging_mixin.py:137} INFO - [2022-12-14T17:42:33.315+0000] {taskmixin.py:205} WARNING - Dependency <Task(_PythonDecoratedOperator): prepare_email>, send_email already registered for DAG: example_dag_decorator
[2022-12-14T17:42:33.316+0000] {logging_mixin.py:137} INFO - [2022-12-14T17:42:33.316+0000] {taskmixin.py:205} WARNING - Dependency <Task(EmailOperator): send_email>, prepare_email already registered for DAG: example_dag_decorator
[2022-12-14T17:42:33.336+0000] {processor.py:766} INFO - DAG(s) dict_keys(['example_dag_decorator']) retrieved from /home/airflow/.local/lib/python3.7/site-packages/airflow/example_dags/example_dag_decorator.py
[2022-12-14T17:42:33.488+0000] {logging_mixin.py:137} INFO - [2022-12-14T17:42:33.487+0000] {dag.py:2585} INFO - Sync 1 DAGs
[2022-12-14T17:42:33.531+0000] {logging_mixin.py:137} INFO - [2022-12-14T17:42:33.531+0000] {dag.py:3340} INFO - Setting next_dagrun for example_dag_decorator to None, run_after=None
[2022-12-14T17:42:33.564+0000] {processor.py:176} INFO - Processing /home/airflow/.local/lib/python3.7/site-packages/airflow/example_dags/example_dag_decorator.py took 0.399 seconds
[2022-12-14T17:43:04.190+0000] {processor.py:154} INFO - Started process (PID=198) to work on /home/airflow/.local/lib/python3.7/site-packages/airflow/example_dags/example_dag_decorator.py
[2022-12-14T17:43:04.192+0000] {processor.py:756} INFO - Processing file /home/airflow/.local/lib/python3.7/site-packages/airflow/example_dags/example_dag_decorator.py for tasks to queue
[2022-12-14T17:43:04.193+0000] {logging_mixin.py:137} INFO - [2022-12-14T17:43:04.193+0000] {dagbag.py:537} INFO - Filling up the DagBag from /home/airflow/.local/lib/python3.7/site-packages/airflow/example_dags/example_dag_decorator.py
[2022-12-14T17:43:04.221+0000] {logging_mixin.py:137} INFO - [2022-12-14T17:43:04.221+0000] {taskmixin.py:205} WARNING - Dependency <Task(_PythonDecoratedOperator): prepare_email>, send_email already registered for DAG: example_dag_decorator
[2022-12-14T17:43:04.222+0000] {logging_mixin.py:137} INFO - [2022-12-14T17:43:04.221+0000] {taskmixin.py:205} WARNING - Dependency <Task(EmailOperator): send_email>, prepare_email already registered for DAG: example_dag_decorator
[2022-12-14T17:43:04.243+0000] {processor.py:766} INFO - DAG(s) dict_keys(['example_dag_decorator']) retrieved from /home/airflow/.local/lib/python3.7/site-packages/airflow/example_dags/example_dag_decorator.py
[2022-12-14T17:43:04.421+0000] {logging_mixin.py:137} INFO - [2022-12-14T17:43:04.420+0000] {dag.py:2585} INFO - Sync 1 DAGs
[2022-12-14T17:43:04.469+0000] {logging_mixin.py:137} INFO - [2022-12-14T17:43:04.469+0000] {dag.py:3340} INFO - Setting next_dagrun for example_dag_decorator to None, run_after=None
[2022-12-14T17:43:04.507+0000] {processor.py:176} INFO - Processing /home/airflow/.local/lib/python3.7/site-packages/airflow/example_dags/example_dag_decorator.py took 0.320 seconds
[2022-12-14T17:43:34.766+0000] {processor.py:154} INFO - Started process (PID=254) to work on /home/airflow/.local/lib/python3.7/site-packages/airflow/example_dags/example_dag_decorator.py
[2022-12-14T17:43:34.796+0000] {processor.py:756} INFO - Processing file /home/airflow/.local/lib/python3.7/site-packages/airflow/example_dags/example_dag_decorator.py for tasks to queue
[2022-12-14T17:43:34.796+0000] {logging_mixin.py:137} INFO - [2022-12-14T17:43:34.796+0000] {dagbag.py:537} INFO - Filling up the DagBag from /home/airflow/.local/lib/python3.7/site-packages/airflow/example_dags/example_dag_decorator.py
[2022-12-14T17:43:34.823+0000] {logging_mixin.py:137} INFO - [2022-12-14T17:43:34.822+0000] {taskmixin.py:205} WARNING - Dependency <Task(_PythonDecoratedOperator): prepare_email>, send_email already registered for DAG: example_dag_decorator
[2022-12-14T17:43:34.823+0000] {logging_mixin.py:137} INFO - [2022-12-14T17:43:34.823+0000] {taskmixin.py:205} WARNING - Dependency <Task(EmailOperator): send_email>, prepare_email already registered for DAG: example_dag_decorator
[2022-12-14T17:43:34.844+0000] {processor.py:766} INFO - DAG(s) dict_keys(['example_dag_decorator']) retrieved from /home/airflow/.local/lib/python3.7/site-packages/airflow/example_dags/example_dag_decorator.py
[2022-12-14T17:43:35.007+0000] {logging_mixin.py:137} INFO - [2022-12-14T17:43:35.007+0000] {dag.py:2585} INFO - Sync 1 DAGs
[2022-12-14T17:43:35.051+0000] {logging_mixin.py:137} INFO - [2022-12-14T17:43:35.051+0000] {dag.py:3340} INFO - Setting next_dagrun for example_dag_decorator to None, run_after=None
[2022-12-14T17:43:35.084+0000] {processor.py:176} INFO - Processing /home/airflow/.local/lib/python3.7/site-packages/airflow/example_dags/example_dag_decorator.py took 0.321 seconds
[2022-12-14T17:44:05.415+0000] {processor.py:154} INFO - Started process (PID=316) to work on /home/airflow/.local/lib/python3.7/site-packages/airflow/example_dags/example_dag_decorator.py
[2022-12-14T17:44:05.416+0000] {processor.py:756} INFO - Processing file /home/airflow/.local/lib/python3.7/site-packages/airflow/example_dags/example_dag_decorator.py for tasks to queue
[2022-12-14T17:44:05.417+0000] {logging_mixin.py:137} INFO - [2022-12-14T17:44:05.416+0000] {dagbag.py:537} INFO - Filling up the DagBag from /home/airflow/.local/lib/python3.7/site-packages/airflow/example_dags/example_dag_decorator.py
[2022-12-14T17:44:05.443+0000] {logging_mixin.py:137} INFO - [2022-12-14T17:44:05.442+0000] {taskmixin.py:205} WARNING - Dependency <Task(_PythonDecoratedOperator): prepare_email>, send_email already registered for DAG: example_dag_decorator
[2022-12-14T17:44:05.443+0000] {logging_mixin.py:137} INFO - [2022-12-14T17:44:05.443+0000] {taskmixin.py:205} WARNING - Dependency <Task(EmailOperator): send_email>, prepare_email already registered for DAG: example_dag_decorator
[2022-12-14T17:44:05.463+0000] {processor.py:766} INFO - DAG(s) dict_keys(['example_dag_decorator']) retrieved from /home/airflow/.local/lib/python3.7/site-packages/airflow/example_dags/example_dag_decorator.py
[2022-12-14T17:44:05.724+0000] {logging_mixin.py:137} INFO - [2022-12-14T17:44:05.724+0000] {dag.py:2585} INFO - Sync 1 DAGs
[2022-12-14T17:44:05.773+0000] {logging_mixin.py:137} INFO - [2022-12-14T17:44:05.773+0000] {dag.py:3340} INFO - Setting next_dagrun for example_dag_decorator to None, run_after=None
[2022-12-14T17:44:05.805+0000] {processor.py:176} INFO - Processing /home/airflow/.local/lib/python3.7/site-packages/airflow/example_dags/example_dag_decorator.py took 0.395 seconds
[2022-12-14T17:44:36.069+0000] {processor.py:154} INFO - Started process (PID=372) to work on /home/airflow/.local/lib/python3.7/site-packages/airflow/example_dags/example_dag_decorator.py
[2022-12-14T17:44:36.070+0000] {processor.py:756} INFO - Processing file /home/airflow/.local/lib/python3.7/site-packages/airflow/example_dags/example_dag_decorator.py for tasks to queue
[2022-12-14T17:44:36.071+0000] {logging_mixin.py:137} INFO - [2022-12-14T17:44:36.071+0000] {dagbag.py:537} INFO - Filling up the DagBag from /home/airflow/.local/lib/python3.7/site-packages/airflow/example_dags/example_dag_decorator.py
[2022-12-14T17:44:36.094+0000] {logging_mixin.py:137} INFO - [2022-12-14T17:44:36.094+0000] {taskmixin.py:205} WARNING - Dependency <Task(_PythonDecoratedOperator): prepare_email>, send_email already registered for DAG: example_dag_decorator
[2022-12-14T17:44:36.094+0000] {logging_mixin.py:137} INFO - [2022-12-14T17:44:36.094+0000] {taskmixin.py:205} WARNING - Dependency <Task(EmailOperator): send_email>, prepare_email already registered for DAG: example_dag_decorator
[2022-12-14T17:44:36.111+0000] {processor.py:766} INFO - DAG(s) dict_keys(['example_dag_decorator']) retrieved from /home/airflow/.local/lib/python3.7/site-packages/airflow/example_dags/example_dag_decorator.py
[2022-12-14T17:44:36.259+0000] {logging_mixin.py:137} INFO - [2022-12-14T17:44:36.259+0000] {dag.py:2585} INFO - Sync 1 DAGs
[2022-12-14T17:44:36.303+0000] {logging_mixin.py:137} INFO - [2022-12-14T17:44:36.302+0000] {dag.py:3340} INFO - Setting next_dagrun for example_dag_decorator to None, run_after=None
[2022-12-14T17:44:36.330+0000] {processor.py:176} INFO - Processing /home/airflow/.local/lib/python3.7/site-packages/airflow/example_dags/example_dag_decorator.py took 0.267 seconds
[2022-12-14T17:45:06.454+0000] {processor.py:154} INFO - Started process (PID=427) to work on /home/airflow/.local/lib/python3.7/site-packages/airflow/example_dags/example_dag_decorator.py
[2022-12-14T17:45:06.455+0000] {processor.py:756} INFO - Processing file /home/airflow/.local/lib/python3.7/site-packages/airflow/example_dags/example_dag_decorator.py for tasks to queue
[2022-12-14T17:45:06.456+0000] {logging_mixin.py:137} INFO - [2022-12-14T17:45:06.456+0000] {dagbag.py:537} INFO - Filling up the DagBag from /home/airflow/.local/lib/python3.7/site-packages/airflow/example_dags/example_dag_decorator.py
[2022-12-14T17:45:06.507+0000] {logging_mixin.py:137} INFO - [2022-12-14T17:45:06.507+0000] {taskmixin.py:205} WARNING - Dependency <Task(_PythonDecoratedOperator): prepare_email>, send_email already registered for DAG: example_dag_decorator
[2022-12-14T17:45:06.507+0000] {logging_mixin.py:137} INFO - [2022-12-14T17:45:06.507+0000] {taskmixin.py:205} WARNING - Dependency <Task(EmailOperator): send_email>, prepare_email already registered for DAG: example_dag_decorator
[2022-12-14T17:45:06.530+0000] {processor.py:766} INFO - DAG(s) dict_keys(['example_dag_decorator']) retrieved from /home/airflow/.local/lib/python3.7/site-packages/airflow/example_dags/example_dag_decorator.py
[2022-12-14T17:45:06.816+0000] {logging_mixin.py:137} INFO - [2022-12-14T17:45:06.816+0000] {dag.py:2585} INFO - Sync 1 DAGs
[2022-12-14T17:45:06.905+0000] {logging_mixin.py:137} INFO - [2022-12-14T17:45:06.904+0000] {dag.py:3340} INFO - Setting next_dagrun for example_dag_decorator to None, run_after=None
[2022-12-14T17:45:06.985+0000] {processor.py:176} INFO - Processing /home/airflow/.local/lib/python3.7/site-packages/airflow/example_dags/example_dag_decorator.py took 0.535 seconds
[2022-12-14T17:45:37.209+0000] {processor.py:154} INFO - Started process (PID=490) to work on /home/airflow/.local/lib/python3.7/site-packages/airflow/example_dags/example_dag_decorator.py
[2022-12-14T17:45:37.210+0000] {processor.py:756} INFO - Processing file /home/airflow/.local/lib/python3.7/site-packages/airflow/example_dags/example_dag_decorator.py for tasks to queue
[2022-12-14T17:45:37.211+0000] {logging_mixin.py:137} INFO - [2022-12-14T17:45:37.211+0000] {dagbag.py:537} INFO - Filling up the DagBag from /home/airflow/.local/lib/python3.7/site-packages/airflow/example_dags/example_dag_decorator.py
[2022-12-14T17:45:37.232+0000] {logging_mixin.py:137} INFO - [2022-12-14T17:45:37.231+0000] {taskmixin.py:205} WARNING - Dependency <Task(_PythonDecoratedOperator): prepare_email>, send_email already registered for DAG: example_dag_decorator
[2022-12-14T17:45:37.232+0000] {logging_mixin.py:137} INFO - [2022-12-14T17:45:37.232+0000] {taskmixin.py:205} WARNING - Dependency <Task(EmailOperator): send_email>, prepare_email already registered for DAG: example_dag_decorator
[2022-12-14T17:45:37.250+0000] {processor.py:766} INFO - DAG(s) dict_keys(['example_dag_decorator']) retrieved from /home/airflow/.local/lib/python3.7/site-packages/airflow/example_dags/example_dag_decorator.py
[2022-12-14T17:45:37.393+0000] {logging_mixin.py:137} INFO - [2022-12-14T17:45:37.393+0000] {dag.py:2585} INFO - Sync 1 DAGs
[2022-12-14T17:45:37.435+0000] {logging_mixin.py:137} INFO - [2022-12-14T17:45:37.435+0000] {dag.py:3340} INFO - Setting next_dagrun for example_dag_decorator to None, run_after=None
[2022-12-14T17:45:37.463+0000] {processor.py:176} INFO - Processing /home/airflow/.local/lib/python3.7/site-packages/airflow/example_dags/example_dag_decorator.py took 0.257 seconds
[2022-12-14T17:46:07.696+0000] {processor.py:154} INFO - Started process (PID=544) to work on /home/airflow/.local/lib/python3.7/site-packages/airflow/example_dags/example_dag_decorator.py
[2022-12-14T17:46:07.697+0000] {processor.py:756} INFO - Processing file /home/airflow/.local/lib/python3.7/site-packages/airflow/example_dags/example_dag_decorator.py for tasks to queue
[2022-12-14T17:46:07.698+0000] {logging_mixin.py:137} INFO - [2022-12-14T17:46:07.698+0000] {dagbag.py:537} INFO - Filling up the DagBag from /home/airflow/.local/lib/python3.7/site-packages/airflow/example_dags/example_dag_decorator.py
[2022-12-14T17:46:07.724+0000] {logging_mixin.py:137} INFO - [2022-12-14T17:46:07.723+0000] {taskmixin.py:205} WARNING - Dependency <Task(_PythonDecoratedOperator): prepare_email>, send_email already registered for DAG: example_dag_decorator
[2022-12-14T17:46:07.724+0000] {logging_mixin.py:137} INFO - [2022-12-14T17:46:07.724+0000] {taskmixin.py:205} WARNING - Dependency <Task(EmailOperator): send_email>, prepare_email already registered for DAG: example_dag_decorator
[2022-12-14T17:46:07.745+0000] {processor.py:766} INFO - DAG(s) dict_keys(['example_dag_decorator']) retrieved from /home/airflow/.local/lib/python3.7/site-packages/airflow/example_dags/example_dag_decorator.py
[2022-12-14T17:46:07.956+0000] {logging_mixin.py:137} INFO - [2022-12-14T17:46:07.956+0000] {dag.py:2585} INFO - Sync 1 DAGs
[2022-12-14T17:46:08.042+0000] {logging_mixin.py:137} INFO - [2022-12-14T17:46:08.041+0000] {dag.py:3340} INFO - Setting next_dagrun for example_dag_decorator to None, run_after=None
[2022-12-14T17:46:08.084+0000] {processor.py:176} INFO - Processing /home/airflow/.local/lib/python3.7/site-packages/airflow/example_dags/example_dag_decorator.py took 0.393 seconds
[2022-12-14T17:46:38.122+0000] {processor.py:154} INFO - Started process (PID=606) to work on /home/airflow/.local/lib/python3.7/site-packages/airflow/example_dags/example_dag_decorator.py
[2022-12-14T17:46:38.124+0000] {processor.py:756} INFO - Processing file /home/airflow/.local/lib/python3.7/site-packages/airflow/example_dags/example_dag_decorator.py for tasks to queue
[2022-12-14T17:46:38.124+0000] {logging_mixin.py:137} INFO - [2022-12-14T17:46:38.124+0000] {dagbag.py:537} INFO - Filling up the DagBag from /home/airflow/.local/lib/python3.7/site-packages/airflow/example_dags/example_dag_decorator.py
[2022-12-14T17:46:38.149+0000] {logging_mixin.py:137} INFO - [2022-12-14T17:46:38.149+0000] {taskmixin.py:205} WARNING - Dependency <Task(_PythonDecoratedOperator): prepare_email>, send_email already registered for DAG: example_dag_decorator
[2022-12-14T17:46:38.150+0000] {logging_mixin.py:137} INFO - [2022-12-14T17:46:38.150+0000] {taskmixin.py:205} WARNING - Dependency <Task(EmailOperator): send_email>, prepare_email already registered for DAG: example_dag_decorator
[2022-12-14T17:46:38.171+0000] {processor.py:766} INFO - DAG(s) dict_keys(['example_dag_decorator']) retrieved from /home/airflow/.local/lib/python3.7/site-packages/airflow/example_dags/example_dag_decorator.py
[2022-12-14T17:46:38.336+0000] {logging_mixin.py:137} INFO - [2022-12-14T17:46:38.336+0000] {dag.py:2585} INFO - Sync 1 DAGs
[2022-12-14T17:46:38.405+0000] {logging_mixin.py:137} INFO - [2022-12-14T17:46:38.405+0000] {dag.py:3340} INFO - Setting next_dagrun for example_dag_decorator to None, run_after=None
[2022-12-14T17:46:38.512+0000] {processor.py:176} INFO - Processing /home/airflow/.local/lib/python3.7/site-packages/airflow/example_dags/example_dag_decorator.py took 0.396 seconds
[2022-12-14T17:47:09.222+0000] {processor.py:154} INFO - Started process (PID=660) to work on /home/airflow/.local/lib/python3.7/site-packages/airflow/example_dags/example_dag_decorator.py
[2022-12-14T17:47:09.223+0000] {processor.py:756} INFO - Processing file /home/airflow/.local/lib/python3.7/site-packages/airflow/example_dags/example_dag_decorator.py for tasks to queue
[2022-12-14T17:47:09.224+0000] {logging_mixin.py:137} INFO - [2022-12-14T17:47:09.223+0000] {dagbag.py:537} INFO - Filling up the DagBag from /home/airflow/.local/lib/python3.7/site-packages/airflow/example_dags/example_dag_decorator.py
[2022-12-14T17:47:09.246+0000] {logging_mixin.py:137} INFO - [2022-12-14T17:47:09.245+0000] {taskmixin.py:205} WARNING - Dependency <Task(_PythonDecoratedOperator): prepare_email>, send_email already registered for DAG: example_dag_decorator
[2022-12-14T17:47:09.246+0000] {logging_mixin.py:137} INFO - [2022-12-14T17:47:09.246+0000] {taskmixin.py:205} WARNING - Dependency <Task(EmailOperator): send_email>, prepare_email already registered for DAG: example_dag_decorator
[2022-12-14T17:47:09.264+0000] {processor.py:766} INFO - DAG(s) dict_keys(['example_dag_decorator']) retrieved from /home/airflow/.local/lib/python3.7/site-packages/airflow/example_dags/example_dag_decorator.py
[2022-12-14T17:47:09.402+0000] {logging_mixin.py:137} INFO - [2022-12-14T17:47:09.402+0000] {dag.py:2585} INFO - Sync 1 DAGs
[2022-12-14T17:47:09.445+0000] {logging_mixin.py:137} INFO - [2022-12-14T17:47:09.445+0000] {dag.py:3340} INFO - Setting next_dagrun for example_dag_decorator to None, run_after=None
[2022-12-14T17:47:09.475+0000] {processor.py:176} INFO - Processing /home/airflow/.local/lib/python3.7/site-packages/airflow/example_dags/example_dag_decorator.py took 0.257 seconds
[2022-12-14T17:47:39.513+0000] {processor.py:154} INFO - Started process (PID=713) to work on /home/airflow/.local/lib/python3.7/site-packages/airflow/example_dags/example_dag_decorator.py
[2022-12-14T17:47:39.514+0000] {processor.py:756} INFO - Processing file /home/airflow/.local/lib/python3.7/site-packages/airflow/example_dags/example_dag_decorator.py for tasks to queue
[2022-12-14T17:47:39.514+0000] {logging_mixin.py:137} INFO - [2022-12-14T17:47:39.514+0000] {dagbag.py:537} INFO - Filling up the DagBag from /home/airflow/.local/lib/python3.7/site-packages/airflow/example_dags/example_dag_decorator.py
[2022-12-14T17:47:39.540+0000] {logging_mixin.py:137} INFO - [2022-12-14T17:47:39.540+0000] {taskmixin.py:205} WARNING - Dependency <Task(_PythonDecoratedOperator): prepare_email>, send_email already registered for DAG: example_dag_decorator
[2022-12-14T17:47:39.541+0000] {logging_mixin.py:137} INFO - [2022-12-14T17:47:39.541+0000] {taskmixin.py:205} WARNING - Dependency <Task(EmailOperator): send_email>, prepare_email already registered for DAG: example_dag_decorator
[2022-12-14T17:47:39.561+0000] {processor.py:766} INFO - DAG(s) dict_keys(['example_dag_decorator']) retrieved from /home/airflow/.local/lib/python3.7/site-packages/airflow/example_dags/example_dag_decorator.py
[2022-12-14T17:47:39.716+0000] {logging_mixin.py:137} INFO - [2022-12-14T17:47:39.716+0000] {dag.py:2585} INFO - Sync 1 DAGs
[2022-12-14T17:47:39.766+0000] {logging_mixin.py:137} INFO - [2022-12-14T17:47:39.766+0000] {dag.py:3340} INFO - Setting next_dagrun for example_dag_decorator to None, run_after=None
[2022-12-14T17:47:39.803+0000] {processor.py:176} INFO - Processing /home/airflow/.local/lib/python3.7/site-packages/airflow/example_dags/example_dag_decorator.py took 0.295 seconds
[2022-12-14T17:48:10.052+0000] {processor.py:154} INFO - Started process (PID=776) to work on /home/airflow/.local/lib/python3.7/site-packages/airflow/example_dags/example_dag_decorator.py
[2022-12-14T17:48:10.053+0000] {processor.py:756} INFO - Processing file /home/airflow/.local/lib/python3.7/site-packages/airflow/example_dags/example_dag_decorator.py for tasks to queue
[2022-12-14T17:48:10.055+0000] {logging_mixin.py:137} INFO - [2022-12-14T17:48:10.054+0000] {dagbag.py:537} INFO - Filling up the DagBag from /home/airflow/.local/lib/python3.7/site-packages/airflow/example_dags/example_dag_decorator.py
[2022-12-14T17:48:10.093+0000] {logging_mixin.py:137} INFO - [2022-12-14T17:48:10.093+0000] {taskmixin.py:205} WARNING - Dependency <Task(_PythonDecoratedOperator): prepare_email>, send_email already registered for DAG: example_dag_decorator
[2022-12-14T17:48:10.093+0000] {logging_mixin.py:137} INFO - [2022-12-14T17:48:10.093+0000] {taskmixin.py:205} WARNING - Dependency <Task(EmailOperator): send_email>, prepare_email already registered for DAG: example_dag_decorator
[2022-12-14T17:48:10.123+0000] {processor.py:766} INFO - DAG(s) dict_keys(['example_dag_decorator']) retrieved from /home/airflow/.local/lib/python3.7/site-packages/airflow/example_dags/example_dag_decorator.py
[2022-12-14T17:48:10.351+0000] {logging_mixin.py:137} INFO - [2022-12-14T17:48:10.351+0000] {dag.py:2585} INFO - Sync 1 DAGs
[2022-12-14T17:48:10.400+0000] {logging_mixin.py:137} INFO - [2022-12-14T17:48:10.400+0000] {dag.py:3340} INFO - Setting next_dagrun for example_dag_decorator to None, run_after=None
[2022-12-14T17:48:10.436+0000] {processor.py:176} INFO - Processing /home/airflow/.local/lib/python3.7/site-packages/airflow/example_dags/example_dag_decorator.py took 0.390 seconds
[2022-12-14T17:48:40.566+0000] {processor.py:154} INFO - Started process (PID=831) to work on /home/airflow/.local/lib/python3.7/site-packages/airflow/example_dags/example_dag_decorator.py
[2022-12-14T17:48:40.567+0000] {processor.py:756} INFO - Processing file /home/airflow/.local/lib/python3.7/site-packages/airflow/example_dags/example_dag_decorator.py for tasks to queue
[2022-12-14T17:48:40.568+0000] {logging_mixin.py:137} INFO - [2022-12-14T17:48:40.568+0000] {dagbag.py:537} INFO - Filling up the DagBag from /home/airflow/.local/lib/python3.7/site-packages/airflow/example_dags/example_dag_decorator.py
[2022-12-14T17:48:40.591+0000] {logging_mixin.py:137} INFO - [2022-12-14T17:48:40.591+0000] {taskmixin.py:205} WARNING - Dependency <Task(_PythonDecoratedOperator): prepare_email>, send_email already registered for DAG: example_dag_decorator
[2022-12-14T17:48:40.592+0000] {logging_mixin.py:137} INFO - [2022-12-14T17:48:40.591+0000] {taskmixin.py:205} WARNING - Dependency <Task(EmailOperator): send_email>, prepare_email already registered for DAG: example_dag_decorator
[2022-12-14T17:48:40.609+0000] {processor.py:766} INFO - DAG(s) dict_keys(['example_dag_decorator']) retrieved from /home/airflow/.local/lib/python3.7/site-packages/airflow/example_dags/example_dag_decorator.py
[2022-12-14T17:48:40.776+0000] {logging_mixin.py:137} INFO - [2022-12-14T17:48:40.775+0000] {dag.py:2585} INFO - Sync 1 DAGs
[2022-12-14T17:48:40.823+0000] {logging_mixin.py:137} INFO - [2022-12-14T17:48:40.822+0000] {dag.py:3340} INFO - Setting next_dagrun for example_dag_decorator to None, run_after=None
[2022-12-14T17:48:40.857+0000] {processor.py:176} INFO - Processing /home/airflow/.local/lib/python3.7/site-packages/airflow/example_dags/example_dag_decorator.py took 0.297 seconds
[2022-12-14T17:49:11.049+0000] {processor.py:154} INFO - Started process (PID=886) to work on /home/airflow/.local/lib/python3.7/site-packages/airflow/example_dags/example_dag_decorator.py
[2022-12-14T17:49:11.050+0000] {processor.py:756} INFO - Processing file /home/airflow/.local/lib/python3.7/site-packages/airflow/example_dags/example_dag_decorator.py for tasks to queue
[2022-12-14T17:49:11.051+0000] {logging_mixin.py:137} INFO - [2022-12-14T17:49:11.051+0000] {dagbag.py:537} INFO - Filling up the DagBag from /home/airflow/.local/lib/python3.7/site-packages/airflow/example_dags/example_dag_decorator.py
[2022-12-14T17:49:11.075+0000] {logging_mixin.py:137} INFO - [2022-12-14T17:49:11.074+0000] {taskmixin.py:205} WARNING - Dependency <Task(_PythonDecoratedOperator): prepare_email>, send_email already registered for DAG: example_dag_decorator
[2022-12-14T17:49:11.075+0000] {logging_mixin.py:137} INFO - [2022-12-14T17:49:11.075+0000] {taskmixin.py:205} WARNING - Dependency <Task(EmailOperator): send_email>, prepare_email already registered for DAG: example_dag_decorator
[2022-12-14T17:49:11.095+0000] {processor.py:766} INFO - DAG(s) dict_keys(['example_dag_decorator']) retrieved from /home/airflow/.local/lib/python3.7/site-packages/airflow/example_dags/example_dag_decorator.py
[2022-12-14T17:49:11.269+0000] {logging_mixin.py:137} INFO - [2022-12-14T17:49:11.269+0000] {dag.py:2585} INFO - Sync 1 DAGs
[2022-12-14T17:49:11.340+0000] {logging_mixin.py:137} INFO - [2022-12-14T17:49:11.339+0000] {dag.py:3340} INFO - Setting next_dagrun for example_dag_decorator to None, run_after=None
[2022-12-14T17:49:11.376+0000] {processor.py:176} INFO - Processing /home/airflow/.local/lib/python3.7/site-packages/airflow/example_dags/example_dag_decorator.py took 0.332 seconds
[2022-12-14T17:49:41.413+0000] {processor.py:154} INFO - Started process (PID=950) to work on /home/airflow/.local/lib/python3.7/site-packages/airflow/example_dags/example_dag_decorator.py
[2022-12-14T17:49:41.414+0000] {processor.py:756} INFO - Processing file /home/airflow/.local/lib/python3.7/site-packages/airflow/example_dags/example_dag_decorator.py for tasks to queue
[2022-12-14T17:49:41.414+0000] {logging_mixin.py:137} INFO - [2022-12-14T17:49:41.414+0000] {dagbag.py:537} INFO - Filling up the DagBag from /home/airflow/.local/lib/python3.7/site-packages/airflow/example_dags/example_dag_decorator.py
[2022-12-14T17:49:41.437+0000] {logging_mixin.py:137} INFO - [2022-12-14T17:49:41.437+0000] {taskmixin.py:205} WARNING - Dependency <Task(_PythonDecoratedOperator): prepare_email>, send_email already registered for DAG: example_dag_decorator
[2022-12-14T17:49:41.438+0000] {logging_mixin.py:137} INFO - [2022-12-14T17:49:41.438+0000] {taskmixin.py:205} WARNING - Dependency <Task(EmailOperator): send_email>, prepare_email already registered for DAG: example_dag_decorator
[2022-12-14T17:49:41.457+0000] {processor.py:766} INFO - DAG(s) dict_keys(['example_dag_decorator']) retrieved from /home/airflow/.local/lib/python3.7/site-packages/airflow/example_dags/example_dag_decorator.py
[2022-12-14T17:49:41.610+0000] {logging_mixin.py:137} INFO - [2022-12-14T17:49:41.610+0000] {dag.py:2585} INFO - Sync 1 DAGs
[2022-12-14T17:49:41.651+0000] {logging_mixin.py:137} INFO - [2022-12-14T17:49:41.651+0000] {dag.py:3340} INFO - Setting next_dagrun for example_dag_decorator to None, run_after=None
[2022-12-14T17:49:41.678+0000] {processor.py:176} INFO - Processing /home/airflow/.local/lib/python3.7/site-packages/airflow/example_dags/example_dag_decorator.py took 0.269 seconds
[2022-12-14T17:50:12.176+0000] {processor.py:154} INFO - Started process (PID=1004) to work on /home/airflow/.local/lib/python3.7/site-packages/airflow/example_dags/example_dag_decorator.py
[2022-12-14T17:50:12.183+0000] {processor.py:756} INFO - Processing file /home/airflow/.local/lib/python3.7/site-packages/airflow/example_dags/example_dag_decorator.py for tasks to queue
[2022-12-14T17:50:12.184+0000] {logging_mixin.py:137} INFO - [2022-12-14T17:50:12.184+0000] {dagbag.py:537} INFO - Filling up the DagBag from /home/airflow/.local/lib/python3.7/site-packages/airflow/example_dags/example_dag_decorator.py
[2022-12-14T17:50:12.242+0000] {logging_mixin.py:137} INFO - [2022-12-14T17:50:12.241+0000] {taskmixin.py:205} WARNING - Dependency <Task(_PythonDecoratedOperator): prepare_email>, send_email already registered for DAG: example_dag_decorator
[2022-12-14T17:50:12.242+0000] {logging_mixin.py:137} INFO - [2022-12-14T17:50:12.242+0000] {taskmixin.py:205} WARNING - Dependency <Task(EmailOperator): send_email>, prepare_email already registered for DAG: example_dag_decorator
[2022-12-14T17:50:12.328+0000] {processor.py:766} INFO - DAG(s) dict_keys(['example_dag_decorator']) retrieved from /home/airflow/.local/lib/python3.7/site-packages/airflow/example_dags/example_dag_decorator.py
[2022-12-14T17:50:12.690+0000] {logging_mixin.py:137} INFO - [2022-12-14T17:50:12.690+0000] {dag.py:2585} INFO - Sync 1 DAGs
[2022-12-14T17:50:12.751+0000] {logging_mixin.py:137} INFO - [2022-12-14T17:50:12.750+0000] {dag.py:3340} INFO - Setting next_dagrun for example_dag_decorator to None, run_after=None
[2022-12-14T17:50:12.786+0000] {processor.py:176} INFO - Processing /home/airflow/.local/lib/python3.7/site-packages/airflow/example_dags/example_dag_decorator.py took 0.624 seconds
[2022-12-14T17:50:43.430+0000] {processor.py:154} INFO - Started process (PID=1059) to work on /home/airflow/.local/lib/python3.7/site-packages/airflow/example_dags/example_dag_decorator.py
[2022-12-14T17:50:43.431+0000] {processor.py:756} INFO - Processing file /home/airflow/.local/lib/python3.7/site-packages/airflow/example_dags/example_dag_decorator.py for tasks to queue
[2022-12-14T17:50:43.432+0000] {logging_mixin.py:137} INFO - [2022-12-14T17:50:43.432+0000] {dagbag.py:537} INFO - Filling up the DagBag from /home/airflow/.local/lib/python3.7/site-packages/airflow/example_dags/example_dag_decorator.py
[2022-12-14T17:50:43.459+0000] {logging_mixin.py:137} INFO - [2022-12-14T17:50:43.458+0000] {taskmixin.py:205} WARNING - Dependency <Task(_PythonDecoratedOperator): prepare_email>, send_email already registered for DAG: example_dag_decorator
[2022-12-14T17:50:43.459+0000] {logging_mixin.py:137} INFO - [2022-12-14T17:50:43.459+0000] {taskmixin.py:205} WARNING - Dependency <Task(EmailOperator): send_email>, prepare_email already registered for DAG: example_dag_decorator
[2022-12-14T17:50:43.479+0000] {processor.py:766} INFO - DAG(s) dict_keys(['example_dag_decorator']) retrieved from /home/airflow/.local/lib/python3.7/site-packages/airflow/example_dags/example_dag_decorator.py
[2022-12-14T17:50:43.642+0000] {logging_mixin.py:137} INFO - [2022-12-14T17:50:43.641+0000] {dag.py:2585} INFO - Sync 1 DAGs
[2022-12-14T17:50:43.694+0000] {logging_mixin.py:137} INFO - [2022-12-14T17:50:43.694+0000] {dag.py:3340} INFO - Setting next_dagrun for example_dag_decorator to None, run_after=None
[2022-12-14T17:50:43.788+0000] {processor.py:176} INFO - Processing /home/airflow/.local/lib/python3.7/site-packages/airflow/example_dags/example_dag_decorator.py took 0.364 seconds
[2022-12-14T17:51:14.115+0000] {processor.py:154} INFO - Started process (PID=1124) to work on /home/airflow/.local/lib/python3.7/site-packages/airflow/example_dags/example_dag_decorator.py
[2022-12-14T17:51:14.117+0000] {processor.py:756} INFO - Processing file /home/airflow/.local/lib/python3.7/site-packages/airflow/example_dags/example_dag_decorator.py for tasks to queue
[2022-12-14T17:51:14.121+0000] {logging_mixin.py:137} INFO - [2022-12-14T17:51:14.119+0000] {dagbag.py:537} INFO - Filling up the DagBag from /home/airflow/.local/lib/python3.7/site-packages/airflow/example_dags/example_dag_decorator.py
[2022-12-14T17:51:14.161+0000] {logging_mixin.py:137} INFO - [2022-12-14T17:51:14.161+0000] {taskmixin.py:205} WARNING - Dependency <Task(_PythonDecoratedOperator): prepare_email>, send_email already registered for DAG: example_dag_decorator
[2022-12-14T17:51:14.161+0000] {logging_mixin.py:137} INFO - [2022-12-14T17:51:14.161+0000] {taskmixin.py:205} WARNING - Dependency <Task(EmailOperator): send_email>, prepare_email already registered for DAG: example_dag_decorator
[2022-12-14T17:51:14.226+0000] {processor.py:766} INFO - DAG(s) dict_keys(['example_dag_decorator']) retrieved from /home/airflow/.local/lib/python3.7/site-packages/airflow/example_dags/example_dag_decorator.py
[2022-12-14T17:51:14.735+0000] {logging_mixin.py:137} INFO - [2022-12-14T17:51:14.734+0000] {dag.py:2585} INFO - Sync 1 DAGs
[2022-12-14T17:51:14.875+0000] {logging_mixin.py:137} INFO - [2022-12-14T17:51:14.875+0000] {dag.py:3340} INFO - Setting next_dagrun for example_dag_decorator to None, run_after=None
[2022-12-14T17:51:14.975+0000] {processor.py:176} INFO - Processing /home/airflow/.local/lib/python3.7/site-packages/airflow/example_dags/example_dag_decorator.py took 0.866 seconds
[2022-12-14T17:51:45.482+0000] {processor.py:154} INFO - Started process (PID=1178) to work on /home/airflow/.local/lib/python3.7/site-packages/airflow/example_dags/example_dag_decorator.py
[2022-12-14T17:51:45.483+0000] {processor.py:756} INFO - Processing file /home/airflow/.local/lib/python3.7/site-packages/airflow/example_dags/example_dag_decorator.py for tasks to queue
[2022-12-14T17:51:45.484+0000] {logging_mixin.py:137} INFO - [2022-12-14T17:51:45.484+0000] {dagbag.py:537} INFO - Filling up the DagBag from /home/airflow/.local/lib/python3.7/site-packages/airflow/example_dags/example_dag_decorator.py
[2022-12-14T17:51:45.517+0000] {logging_mixin.py:137} INFO - [2022-12-14T17:51:45.517+0000] {taskmixin.py:205} WARNING - Dependency <Task(_PythonDecoratedOperator): prepare_email>, send_email already registered for DAG: example_dag_decorator
[2022-12-14T17:51:45.517+0000] {logging_mixin.py:137} INFO - [2022-12-14T17:51:45.517+0000] {taskmixin.py:205} WARNING - Dependency <Task(EmailOperator): send_email>, prepare_email already registered for DAG: example_dag_decorator
[2022-12-14T17:51:45.551+0000] {processor.py:766} INFO - DAG(s) dict_keys(['example_dag_decorator']) retrieved from /home/airflow/.local/lib/python3.7/site-packages/airflow/example_dags/example_dag_decorator.py
[2022-12-14T17:51:45.758+0000] {logging_mixin.py:137} INFO - [2022-12-14T17:51:45.757+0000] {dag.py:2585} INFO - Sync 1 DAGs
[2022-12-14T17:51:45.812+0000] {logging_mixin.py:137} INFO - [2022-12-14T17:51:45.812+0000] {dag.py:3340} INFO - Setting next_dagrun for example_dag_decorator to None, run_after=None
[2022-12-14T17:51:45.856+0000] {processor.py:176} INFO - Processing /home/airflow/.local/lib/python3.7/site-packages/airflow/example_dags/example_dag_decorator.py took 0.391 seconds
[2022-12-14T17:52:16.689+0000] {processor.py:154} INFO - Started process (PID=1233) to work on /home/airflow/.local/lib/python3.7/site-packages/airflow/example_dags/example_dag_decorator.py
[2022-12-14T17:52:16.742+0000] {processor.py:756} INFO - Processing file /home/airflow/.local/lib/python3.7/site-packages/airflow/example_dags/example_dag_decorator.py for tasks to queue
[2022-12-14T17:52:16.744+0000] {logging_mixin.py:137} INFO - [2022-12-14T17:52:16.743+0000] {dagbag.py:537} INFO - Filling up the DagBag from /home/airflow/.local/lib/python3.7/site-packages/airflow/example_dags/example_dag_decorator.py
[2022-12-14T17:52:16.823+0000] {logging_mixin.py:137} INFO - [2022-12-14T17:52:16.823+0000] {taskmixin.py:205} WARNING - Dependency <Task(_PythonDecoratedOperator): prepare_email>, send_email already registered for DAG: example_dag_decorator
[2022-12-14T17:52:16.824+0000] {logging_mixin.py:137} INFO - [2022-12-14T17:52:16.823+0000] {taskmixin.py:205} WARNING - Dependency <Task(EmailOperator): send_email>, prepare_email already registered for DAG: example_dag_decorator
[2022-12-14T17:52:16.876+0000] {processor.py:766} INFO - DAG(s) dict_keys(['example_dag_decorator']) retrieved from /home/airflow/.local/lib/python3.7/site-packages/airflow/example_dags/example_dag_decorator.py
[2022-12-14T17:52:17.157+0000] {logging_mixin.py:137} INFO - [2022-12-14T17:52:17.157+0000] {dag.py:2585} INFO - Sync 1 DAGs
[2022-12-14T17:52:17.220+0000] {logging_mixin.py:137} INFO - [2022-12-14T17:52:17.220+0000] {dag.py:3340} INFO - Setting next_dagrun for example_dag_decorator to None, run_after=None
[2022-12-14T17:52:17.264+0000] {processor.py:176} INFO - Processing /home/airflow/.local/lib/python3.7/site-packages/airflow/example_dags/example_dag_decorator.py took 0.582 seconds
[2022-12-14T17:52:47.536+0000] {processor.py:154} INFO - Started process (PID=1287) to work on /home/airflow/.local/lib/python3.7/site-packages/airflow/example_dags/example_dag_decorator.py
[2022-12-14T17:52:47.538+0000] {processor.py:756} INFO - Processing file /home/airflow/.local/lib/python3.7/site-packages/airflow/example_dags/example_dag_decorator.py for tasks to queue
[2022-12-14T17:52:47.540+0000] {logging_mixin.py:137} INFO - [2022-12-14T17:52:47.539+0000] {dagbag.py:537} INFO - Filling up the DagBag from /home/airflow/.local/lib/python3.7/site-packages/airflow/example_dags/example_dag_decorator.py
[2022-12-14T17:52:47.574+0000] {logging_mixin.py:137} INFO - [2022-12-14T17:52:47.573+0000] {taskmixin.py:205} WARNING - Dependency <Task(_PythonDecoratedOperator): prepare_email>, send_email already registered for DAG: example_dag_decorator
[2022-12-14T17:52:47.574+0000] {logging_mixin.py:137} INFO - [2022-12-14T17:52:47.574+0000] {taskmixin.py:205} WARNING - Dependency <Task(EmailOperator): send_email>, prepare_email already registered for DAG: example_dag_decorator
[2022-12-14T17:52:47.600+0000] {processor.py:766} INFO - DAG(s) dict_keys(['example_dag_decorator']) retrieved from /home/airflow/.local/lib/python3.7/site-packages/airflow/example_dags/example_dag_decorator.py
[2022-12-14T17:52:47.815+0000] {logging_mixin.py:137} INFO - [2022-12-14T17:52:47.815+0000] {dag.py:2585} INFO - Sync 1 DAGs
[2022-12-14T17:52:47.867+0000] {logging_mixin.py:137} INFO - [2022-12-14T17:52:47.867+0000] {dag.py:3340} INFO - Setting next_dagrun for example_dag_decorator to None, run_after=None
[2022-12-14T17:52:47.906+0000] {processor.py:176} INFO - Processing /home/airflow/.local/lib/python3.7/site-packages/airflow/example_dags/example_dag_decorator.py took 0.376 seconds
[2022-12-14T17:53:18.035+0000] {processor.py:154} INFO - Started process (PID=1342) to work on /home/airflow/.local/lib/python3.7/site-packages/airflow/example_dags/example_dag_decorator.py
[2022-12-14T17:53:18.036+0000] {processor.py:756} INFO - Processing file /home/airflow/.local/lib/python3.7/site-packages/airflow/example_dags/example_dag_decorator.py for tasks to queue
[2022-12-14T17:53:18.037+0000] {logging_mixin.py:137} INFO - [2022-12-14T17:53:18.037+0000] {dagbag.py:537} INFO - Filling up the DagBag from /home/airflow/.local/lib/python3.7/site-packages/airflow/example_dags/example_dag_decorator.py
[2022-12-14T17:53:18.062+0000] {logging_mixin.py:137} INFO - [2022-12-14T17:53:18.062+0000] {taskmixin.py:205} WARNING - Dependency <Task(_PythonDecoratedOperator): prepare_email>, send_email already registered for DAG: example_dag_decorator
[2022-12-14T17:53:18.062+0000] {logging_mixin.py:137} INFO - [2022-12-14T17:53:18.062+0000] {taskmixin.py:205} WARNING - Dependency <Task(EmailOperator): send_email>, prepare_email already registered for DAG: example_dag_decorator
[2022-12-14T17:53:18.081+0000] {processor.py:766} INFO - DAG(s) dict_keys(['example_dag_decorator']) retrieved from /home/airflow/.local/lib/python3.7/site-packages/airflow/example_dags/example_dag_decorator.py
[2022-12-14T17:53:18.228+0000] {logging_mixin.py:137} INFO - [2022-12-14T17:53:18.228+0000] {dag.py:2585} INFO - Sync 1 DAGs
[2022-12-14T17:53:18.274+0000] {logging_mixin.py:137} INFO - [2022-12-14T17:53:18.274+0000] {dag.py:3340} INFO - Setting next_dagrun for example_dag_decorator to None, run_after=None
[2022-12-14T17:53:18.299+0000] {processor.py:176} INFO - Processing /home/airflow/.local/lib/python3.7/site-packages/airflow/example_dags/example_dag_decorator.py took 0.269 seconds
[2022-12-14T17:53:48.539+0000] {processor.py:154} INFO - Started process (PID=1395) to work on /home/airflow/.local/lib/python3.7/site-packages/airflow/example_dags/example_dag_decorator.py
[2022-12-14T17:53:48.541+0000] {processor.py:756} INFO - Processing file /home/airflow/.local/lib/python3.7/site-packages/airflow/example_dags/example_dag_decorator.py for tasks to queue
[2022-12-14T17:53:48.542+0000] {logging_mixin.py:137} INFO - [2022-12-14T17:53:48.542+0000] {dagbag.py:537} INFO - Filling up the DagBag from /home/airflow/.local/lib/python3.7/site-packages/airflow/example_dags/example_dag_decorator.py
[2022-12-14T17:53:48.592+0000] {logging_mixin.py:137} INFO - [2022-12-14T17:53:48.592+0000] {taskmixin.py:205} WARNING - Dependency <Task(_PythonDecoratedOperator): prepare_email>, send_email already registered for DAG: example_dag_decorator
[2022-12-14T17:53:48.593+0000] {logging_mixin.py:137} INFO - [2022-12-14T17:53:48.592+0000] {taskmixin.py:205} WARNING - Dependency <Task(EmailOperator): send_email>, prepare_email already registered for DAG: example_dag_decorator
[2022-12-14T17:53:48.620+0000] {processor.py:766} INFO - DAG(s) dict_keys(['example_dag_decorator']) retrieved from /home/airflow/.local/lib/python3.7/site-packages/airflow/example_dags/example_dag_decorator.py
[2022-12-14T17:53:48.803+0000] {logging_mixin.py:137} INFO - [2022-12-14T17:53:48.803+0000] {dag.py:2585} INFO - Sync 1 DAGs
[2022-12-14T17:53:48.858+0000] {logging_mixin.py:137} INFO - [2022-12-14T17:53:48.858+0000] {dag.py:3340} INFO - Setting next_dagrun for example_dag_decorator to None, run_after=None
[2022-12-14T17:53:48.913+0000] {processor.py:176} INFO - Processing /home/airflow/.local/lib/python3.7/site-packages/airflow/example_dags/example_dag_decorator.py took 0.386 seconds
[2022-12-14T17:54:19.352+0000] {processor.py:154} INFO - Started process (PID=1449) to work on /home/airflow/.local/lib/python3.7/site-packages/airflow/example_dags/example_dag_decorator.py
[2022-12-14T17:54:19.353+0000] {processor.py:756} INFO - Processing file /home/airflow/.local/lib/python3.7/site-packages/airflow/example_dags/example_dag_decorator.py for tasks to queue
[2022-12-14T17:54:19.354+0000] {logging_mixin.py:137} INFO - [2022-12-14T17:54:19.354+0000] {dagbag.py:537} INFO - Filling up the DagBag from /home/airflow/.local/lib/python3.7/site-packages/airflow/example_dags/example_dag_decorator.py
[2022-12-14T17:54:19.379+0000] {logging_mixin.py:137} INFO - [2022-12-14T17:54:19.379+0000] {taskmixin.py:205} WARNING - Dependency <Task(_PythonDecoratedOperator): prepare_email>, send_email already registered for DAG: example_dag_decorator
[2022-12-14T17:54:19.380+0000] {logging_mixin.py:137} INFO - [2022-12-14T17:54:19.380+0000] {taskmixin.py:205} WARNING - Dependency <Task(EmailOperator): send_email>, prepare_email already registered for DAG: example_dag_decorator
[2022-12-14T17:54:19.405+0000] {processor.py:766} INFO - DAG(s) dict_keys(['example_dag_decorator']) retrieved from /home/airflow/.local/lib/python3.7/site-packages/airflow/example_dags/example_dag_decorator.py
[2022-12-14T17:54:19.656+0000] {logging_mixin.py:137} INFO - [2022-12-14T17:54:19.655+0000] {dag.py:2585} INFO - Sync 1 DAGs
[2022-12-14T17:54:19.753+0000] {logging_mixin.py:137} INFO - [2022-12-14T17:54:19.753+0000] {dag.py:3340} INFO - Setting next_dagrun for example_dag_decorator to None, run_after=None
[2022-12-14T17:54:19.823+0000] {processor.py:176} INFO - Processing /home/airflow/.local/lib/python3.7/site-packages/airflow/example_dags/example_dag_decorator.py took 0.476 seconds
[2022-12-14T17:54:49.925+0000] {processor.py:154} INFO - Started process (PID=1512) to work on /home/airflow/.local/lib/python3.7/site-packages/airflow/example_dags/example_dag_decorator.py
[2022-12-14T17:54:49.935+0000] {processor.py:756} INFO - Processing file /home/airflow/.local/lib/python3.7/site-packages/airflow/example_dags/example_dag_decorator.py for tasks to queue
[2022-12-14T17:54:49.936+0000] {logging_mixin.py:137} INFO - [2022-12-14T17:54:49.936+0000] {dagbag.py:537} INFO - Filling up the DagBag from /home/airflow/.local/lib/python3.7/site-packages/airflow/example_dags/example_dag_decorator.py
[2022-12-14T17:54:50.003+0000] {logging_mixin.py:137} INFO - [2022-12-14T17:54:50.003+0000] {taskmixin.py:205} WARNING - Dependency <Task(_PythonDecoratedOperator): prepare_email>, send_email already registered for DAG: example_dag_decorator
[2022-12-14T17:54:50.004+0000] {logging_mixin.py:137} INFO - [2022-12-14T17:54:50.004+0000] {taskmixin.py:205} WARNING - Dependency <Task(EmailOperator): send_email>, prepare_email already registered for DAG: example_dag_decorator
[2022-12-14T17:54:50.055+0000] {processor.py:766} INFO - DAG(s) dict_keys(['example_dag_decorator']) retrieved from /home/airflow/.local/lib/python3.7/site-packages/airflow/example_dags/example_dag_decorator.py
[2022-12-14T17:54:50.384+0000] {logging_mixin.py:137} INFO - [2022-12-14T17:54:50.384+0000] {dag.py:2585} INFO - Sync 1 DAGs
[2022-12-14T17:54:50.456+0000] {logging_mixin.py:137} INFO - [2022-12-14T17:54:50.456+0000] {dag.py:3340} INFO - Setting next_dagrun for example_dag_decorator to None, run_after=None
[2022-12-14T17:54:50.507+0000] {processor.py:176} INFO - Processing /home/airflow/.local/lib/python3.7/site-packages/airflow/example_dags/example_dag_decorator.py took 0.588 seconds
[2022-12-14T17:55:20.580+0000] {processor.py:154} INFO - Started process (PID=1565) to work on /home/airflow/.local/lib/python3.7/site-packages/airflow/example_dags/example_dag_decorator.py
[2022-12-14T17:55:20.581+0000] {processor.py:756} INFO - Processing file /home/airflow/.local/lib/python3.7/site-packages/airflow/example_dags/example_dag_decorator.py for tasks to queue
[2022-12-14T17:55:20.582+0000] {logging_mixin.py:137} INFO - [2022-12-14T17:55:20.582+0000] {dagbag.py:537} INFO - Filling up the DagBag from /home/airflow/.local/lib/python3.7/site-packages/airflow/example_dags/example_dag_decorator.py
[2022-12-14T17:55:20.606+0000] {logging_mixin.py:137} INFO - [2022-12-14T17:55:20.606+0000] {taskmixin.py:205} WARNING - Dependency <Task(_PythonDecoratedOperator): prepare_email>, send_email already registered for DAG: example_dag_decorator
[2022-12-14T17:55:20.607+0000] {logging_mixin.py:137} INFO - [2022-12-14T17:55:20.606+0000] {taskmixin.py:205} WARNING - Dependency <Task(EmailOperator): send_email>, prepare_email already registered for DAG: example_dag_decorator
[2022-12-14T17:55:20.629+0000] {processor.py:766} INFO - DAG(s) dict_keys(['example_dag_decorator']) retrieved from /home/airflow/.local/lib/python3.7/site-packages/airflow/example_dags/example_dag_decorator.py
[2022-12-14T17:55:20.790+0000] {logging_mixin.py:137} INFO - [2022-12-14T17:55:20.790+0000] {dag.py:2585} INFO - Sync 1 DAGs
[2022-12-14T17:55:20.843+0000] {logging_mixin.py:137} INFO - [2022-12-14T17:55:20.843+0000] {dag.py:3340} INFO - Setting next_dagrun for example_dag_decorator to None, run_after=None
[2022-12-14T17:55:20.881+0000] {processor.py:176} INFO - Processing /home/airflow/.local/lib/python3.7/site-packages/airflow/example_dags/example_dag_decorator.py took 0.305 seconds
[2022-12-14T17:55:50.993+0000] {processor.py:154} INFO - Started process (PID=1618) to work on /home/airflow/.local/lib/python3.7/site-packages/airflow/example_dags/example_dag_decorator.py
[2022-12-14T17:55:50.994+0000] {processor.py:756} INFO - Processing file /home/airflow/.local/lib/python3.7/site-packages/airflow/example_dags/example_dag_decorator.py for tasks to queue
[2022-12-14T17:55:50.995+0000] {logging_mixin.py:137} INFO - [2022-12-14T17:55:50.995+0000] {dagbag.py:537} INFO - Filling up the DagBag from /home/airflow/.local/lib/python3.7/site-packages/airflow/example_dags/example_dag_decorator.py
[2022-12-14T17:55:51.019+0000] {logging_mixin.py:137} INFO - [2022-12-14T17:55:51.019+0000] {taskmixin.py:205} WARNING - Dependency <Task(_PythonDecoratedOperator): prepare_email>, send_email already registered for DAG: example_dag_decorator
[2022-12-14T17:55:51.020+0000] {logging_mixin.py:137} INFO - [2022-12-14T17:55:51.019+0000] {taskmixin.py:205} WARNING - Dependency <Task(EmailOperator): send_email>, prepare_email already registered for DAG: example_dag_decorator
[2022-12-14T17:55:51.040+0000] {processor.py:766} INFO - DAG(s) dict_keys(['example_dag_decorator']) retrieved from /home/airflow/.local/lib/python3.7/site-packages/airflow/example_dags/example_dag_decorator.py
[2022-12-14T17:55:51.213+0000] {logging_mixin.py:137} INFO - [2022-12-14T17:55:51.212+0000] {dag.py:2585} INFO - Sync 1 DAGs
[2022-12-14T17:55:51.273+0000] {logging_mixin.py:137} INFO - [2022-12-14T17:55:51.273+0000] {dag.py:3340} INFO - Setting next_dagrun for example_dag_decorator to None, run_after=None
[2022-12-14T17:55:51.308+0000] {processor.py:176} INFO - Processing /home/airflow/.local/lib/python3.7/site-packages/airflow/example_dags/example_dag_decorator.py took 0.319 seconds
[2022-12-14T17:56:21.422+0000] {processor.py:154} INFO - Started process (PID=1671) to work on /home/airflow/.local/lib/python3.7/site-packages/airflow/example_dags/example_dag_decorator.py
[2022-12-14T17:56:21.423+0000] {processor.py:756} INFO - Processing file /home/airflow/.local/lib/python3.7/site-packages/airflow/example_dags/example_dag_decorator.py for tasks to queue
[2022-12-14T17:56:21.424+0000] {logging_mixin.py:137} INFO - [2022-12-14T17:56:21.424+0000] {dagbag.py:537} INFO - Filling up the DagBag from /home/airflow/.local/lib/python3.7/site-packages/airflow/example_dags/example_dag_decorator.py
[2022-12-14T17:56:21.449+0000] {logging_mixin.py:137} INFO - [2022-12-14T17:56:21.449+0000] {taskmixin.py:205} WARNING - Dependency <Task(_PythonDecoratedOperator): prepare_email>, send_email already registered for DAG: example_dag_decorator
[2022-12-14T17:56:21.449+0000] {logging_mixin.py:137} INFO - [2022-12-14T17:56:21.449+0000] {taskmixin.py:205} WARNING - Dependency <Task(EmailOperator): send_email>, prepare_email already registered for DAG: example_dag_decorator
[2022-12-14T17:56:21.468+0000] {processor.py:766} INFO - DAG(s) dict_keys(['example_dag_decorator']) retrieved from /home/airflow/.local/lib/python3.7/site-packages/airflow/example_dags/example_dag_decorator.py
[2022-12-14T17:56:21.643+0000] {logging_mixin.py:137} INFO - [2022-12-14T17:56:21.642+0000] {dag.py:2585} INFO - Sync 1 DAGs
[2022-12-14T17:56:21.689+0000] {logging_mixin.py:137} INFO - [2022-12-14T17:56:21.689+0000] {dag.py:3340} INFO - Setting next_dagrun for example_dag_decorator to None, run_after=None
[2022-12-14T17:56:21.714+0000] {processor.py:176} INFO - Processing /home/airflow/.local/lib/python3.7/site-packages/airflow/example_dags/example_dag_decorator.py took 0.297 seconds
[2022-12-14T18:00:04.683+0000] {processor.py:154} INFO - Started process (PID=81) to work on /home/airflow/.local/lib/python3.7/site-packages/airflow/example_dags/example_dag_decorator.py
[2022-12-14T18:00:04.780+0000] {processor.py:756} INFO - Processing file /home/airflow/.local/lib/python3.7/site-packages/airflow/example_dags/example_dag_decorator.py for tasks to queue
[2022-12-14T18:00:04.781+0000] {logging_mixin.py:137} INFO - [2022-12-14T18:00:04.781+0000] {dagbag.py:537} INFO - Filling up the DagBag from /home/airflow/.local/lib/python3.7/site-packages/airflow/example_dags/example_dag_decorator.py
[2022-12-14T18:00:04.922+0000] {logging_mixin.py:137} INFO - [2022-12-14T18:00:04.906+0000] {taskmixin.py:205} WARNING - Dependency <Task(_PythonDecoratedOperator): prepare_email>, send_email already registered for DAG: example_dag_decorator
[2022-12-14T18:00:04.923+0000] {logging_mixin.py:137} INFO - [2022-12-14T18:00:04.923+0000] {taskmixin.py:205} WARNING - Dependency <Task(EmailOperator): send_email>, prepare_email already registered for DAG: example_dag_decorator
[2022-12-14T18:00:05.105+0000] {processor.py:766} INFO - DAG(s) dict_keys(['example_dag_decorator']) retrieved from /home/airflow/.local/lib/python3.7/site-packages/airflow/example_dags/example_dag_decorator.py
[2022-12-14T18:00:05.699+0000] {logging_mixin.py:137} INFO - [2022-12-14T18:00:05.699+0000] {dag.py:2585} INFO - Sync 1 DAGs
[2022-12-14T18:00:05.827+0000] {logging_mixin.py:137} INFO - [2022-12-14T18:00:05.827+0000] {dag.py:3340} INFO - Setting next_dagrun for example_dag_decorator to None, run_after=None
[2022-12-14T18:00:05.899+0000] {processor.py:176} INFO - Processing /home/airflow/.local/lib/python3.7/site-packages/airflow/example_dags/example_dag_decorator.py took 1.246 seconds
[2022-12-14T18:00:36.256+0000] {processor.py:154} INFO - Started process (PID=135) to work on /home/airflow/.local/lib/python3.7/site-packages/airflow/example_dags/example_dag_decorator.py
[2022-12-14T18:00:36.257+0000] {processor.py:756} INFO - Processing file /home/airflow/.local/lib/python3.7/site-packages/airflow/example_dags/example_dag_decorator.py for tasks to queue
[2022-12-14T18:00:36.259+0000] {logging_mixin.py:137} INFO - [2022-12-14T18:00:36.258+0000] {dagbag.py:537} INFO - Filling up the DagBag from /home/airflow/.local/lib/python3.7/site-packages/airflow/example_dags/example_dag_decorator.py
[2022-12-14T18:00:36.289+0000] {logging_mixin.py:137} INFO - [2022-12-14T18:00:36.289+0000] {taskmixin.py:205} WARNING - Dependency <Task(_PythonDecoratedOperator): prepare_email>, send_email already registered for DAG: example_dag_decorator
[2022-12-14T18:00:36.290+0000] {logging_mixin.py:137} INFO - [2022-12-14T18:00:36.290+0000] {taskmixin.py:205} WARNING - Dependency <Task(EmailOperator): send_email>, prepare_email already registered for DAG: example_dag_decorator
[2022-12-14T18:00:36.316+0000] {processor.py:766} INFO - DAG(s) dict_keys(['example_dag_decorator']) retrieved from /home/airflow/.local/lib/python3.7/site-packages/airflow/example_dags/example_dag_decorator.py
[2022-12-14T18:00:36.490+0000] {logging_mixin.py:137} INFO - [2022-12-14T18:00:36.489+0000] {dag.py:2585} INFO - Sync 1 DAGs
[2022-12-14T18:00:36.548+0000] {logging_mixin.py:137} INFO - [2022-12-14T18:00:36.548+0000] {dag.py:3340} INFO - Setting next_dagrun for example_dag_decorator to None, run_after=None
[2022-12-14T18:00:36.615+0000] {processor.py:176} INFO - Processing /home/airflow/.local/lib/python3.7/site-packages/airflow/example_dags/example_dag_decorator.py took 0.363 seconds
[2022-12-14T18:01:07.056+0000] {processor.py:154} INFO - Started process (PID=200) to work on /home/airflow/.local/lib/python3.7/site-packages/airflow/example_dags/example_dag_decorator.py
[2022-12-14T18:01:07.057+0000] {processor.py:756} INFO - Processing file /home/airflow/.local/lib/python3.7/site-packages/airflow/example_dags/example_dag_decorator.py for tasks to queue
[2022-12-14T18:01:07.058+0000] {logging_mixin.py:137} INFO - [2022-12-14T18:01:07.058+0000] {dagbag.py:537} INFO - Filling up the DagBag from /home/airflow/.local/lib/python3.7/site-packages/airflow/example_dags/example_dag_decorator.py
[2022-12-14T18:01:07.088+0000] {logging_mixin.py:137} INFO - [2022-12-14T18:01:07.086+0000] {taskmixin.py:205} WARNING - Dependency <Task(_PythonDecoratedOperator): prepare_email>, send_email already registered for DAG: example_dag_decorator
[2022-12-14T18:01:07.089+0000] {logging_mixin.py:137} INFO - [2022-12-14T18:01:07.089+0000] {taskmixin.py:205} WARNING - Dependency <Task(EmailOperator): send_email>, prepare_email already registered for DAG: example_dag_decorator
[2022-12-14T18:01:07.112+0000] {processor.py:766} INFO - DAG(s) dict_keys(['example_dag_decorator']) retrieved from /home/airflow/.local/lib/python3.7/site-packages/airflow/example_dags/example_dag_decorator.py
[2022-12-14T18:01:07.396+0000] {logging_mixin.py:137} INFO - [2022-12-14T18:01:07.395+0000] {dag.py:2585} INFO - Sync 1 DAGs
[2022-12-14T18:01:07.508+0000] {logging_mixin.py:137} INFO - [2022-12-14T18:01:07.507+0000] {dag.py:3340} INFO - Setting next_dagrun for example_dag_decorator to None, run_after=None
[2022-12-14T18:01:07.605+0000] {processor.py:176} INFO - Processing /home/airflow/.local/lib/python3.7/site-packages/airflow/example_dags/example_dag_decorator.py took 0.555 seconds
[2022-12-14T18:01:37.881+0000] {processor.py:154} INFO - Started process (PID=256) to work on /home/airflow/.local/lib/python3.7/site-packages/airflow/example_dags/example_dag_decorator.py
[2022-12-14T18:01:37.882+0000] {processor.py:756} INFO - Processing file /home/airflow/.local/lib/python3.7/site-packages/airflow/example_dags/example_dag_decorator.py for tasks to queue
[2022-12-14T18:01:37.883+0000] {logging_mixin.py:137} INFO - [2022-12-14T18:01:37.883+0000] {dagbag.py:537} INFO - Filling up the DagBag from /home/airflow/.local/lib/python3.7/site-packages/airflow/example_dags/example_dag_decorator.py
[2022-12-14T18:01:37.915+0000] {logging_mixin.py:137} INFO - [2022-12-14T18:01:37.915+0000] {taskmixin.py:205} WARNING - Dependency <Task(_PythonDecoratedOperator): prepare_email>, send_email already registered for DAG: example_dag_decorator
[2022-12-14T18:01:37.916+0000] {logging_mixin.py:137} INFO - [2022-12-14T18:01:37.915+0000] {taskmixin.py:205} WARNING - Dependency <Task(EmailOperator): send_email>, prepare_email already registered for DAG: example_dag_decorator
[2022-12-14T18:01:37.940+0000] {processor.py:766} INFO - DAG(s) dict_keys(['example_dag_decorator']) retrieved from /home/airflow/.local/lib/python3.7/site-packages/airflow/example_dags/example_dag_decorator.py
[2022-12-14T18:01:38.127+0000] {logging_mixin.py:137} INFO - [2022-12-14T18:01:38.126+0000] {dag.py:2585} INFO - Sync 1 DAGs
[2022-12-14T18:01:38.177+0000] {logging_mixin.py:137} INFO - [2022-12-14T18:01:38.176+0000] {dag.py:3340} INFO - Setting next_dagrun for example_dag_decorator to None, run_after=None
[2022-12-14T18:01:38.208+0000] {processor.py:176} INFO - Processing /home/airflow/.local/lib/python3.7/site-packages/airflow/example_dags/example_dag_decorator.py took 0.333 seconds
[2022-12-14T18:02:08.463+0000] {processor.py:154} INFO - Started process (PID=320) to work on /home/airflow/.local/lib/python3.7/site-packages/airflow/example_dags/example_dag_decorator.py
[2022-12-14T18:02:08.464+0000] {processor.py:756} INFO - Processing file /home/airflow/.local/lib/python3.7/site-packages/airflow/example_dags/example_dag_decorator.py for tasks to queue
[2022-12-14T18:02:08.464+0000] {logging_mixin.py:137} INFO - [2022-12-14T18:02:08.464+0000] {dagbag.py:537} INFO - Filling up the DagBag from /home/airflow/.local/lib/python3.7/site-packages/airflow/example_dags/example_dag_decorator.py
[2022-12-14T18:02:08.496+0000] {logging_mixin.py:137} INFO - [2022-12-14T18:02:08.496+0000] {taskmixin.py:205} WARNING - Dependency <Task(_PythonDecoratedOperator): prepare_email>, send_email already registered for DAG: example_dag_decorator
[2022-12-14T18:02:08.497+0000] {logging_mixin.py:137} INFO - [2022-12-14T18:02:08.496+0000] {taskmixin.py:205} WARNING - Dependency <Task(EmailOperator): send_email>, prepare_email already registered for DAG: example_dag_decorator
[2022-12-14T18:02:08.517+0000] {processor.py:766} INFO - DAG(s) dict_keys(['example_dag_decorator']) retrieved from /home/airflow/.local/lib/python3.7/site-packages/airflow/example_dags/example_dag_decorator.py
[2022-12-14T18:02:08.690+0000] {logging_mixin.py:137} INFO - [2022-12-14T18:02:08.690+0000] {dag.py:2585} INFO - Sync 1 DAGs
[2022-12-14T18:02:08.738+0000] {logging_mixin.py:137} INFO - [2022-12-14T18:02:08.738+0000] {dag.py:3340} INFO - Setting next_dagrun for example_dag_decorator to None, run_after=None
[2022-12-14T18:02:08.772+0000] {processor.py:176} INFO - Processing /home/airflow/.local/lib/python3.7/site-packages/airflow/example_dags/example_dag_decorator.py took 0.315 seconds
[2022-12-14T18:02:39.041+0000] {processor.py:154} INFO - Started process (PID=373) to work on /home/airflow/.local/lib/python3.7/site-packages/airflow/example_dags/example_dag_decorator.py
[2022-12-14T18:02:39.042+0000] {processor.py:756} INFO - Processing file /home/airflow/.local/lib/python3.7/site-packages/airflow/example_dags/example_dag_decorator.py for tasks to queue
[2022-12-14T18:02:39.043+0000] {logging_mixin.py:137} INFO - [2022-12-14T18:02:39.042+0000] {dagbag.py:537} INFO - Filling up the DagBag from /home/airflow/.local/lib/python3.7/site-packages/airflow/example_dags/example_dag_decorator.py
[2022-12-14T18:02:39.067+0000] {logging_mixin.py:137} INFO - [2022-12-14T18:02:39.066+0000] {taskmixin.py:205} WARNING - Dependency <Task(_PythonDecoratedOperator): prepare_email>, send_email already registered for DAG: example_dag_decorator
[2022-12-14T18:02:39.067+0000] {logging_mixin.py:137} INFO - [2022-12-14T18:02:39.067+0000] {taskmixin.py:205} WARNING - Dependency <Task(EmailOperator): send_email>, prepare_email already registered for DAG: example_dag_decorator
[2022-12-14T18:02:39.085+0000] {processor.py:766} INFO - DAG(s) dict_keys(['example_dag_decorator']) retrieved from /home/airflow/.local/lib/python3.7/site-packages/airflow/example_dags/example_dag_decorator.py
[2022-12-14T18:02:39.242+0000] {logging_mixin.py:137} INFO - [2022-12-14T18:02:39.242+0000] {dag.py:2585} INFO - Sync 1 DAGs
[2022-12-14T18:02:39.285+0000] {logging_mixin.py:137} INFO - [2022-12-14T18:02:39.285+0000] {dag.py:3340} INFO - Setting next_dagrun for example_dag_decorator to None, run_after=None
[2022-12-14T18:02:39.321+0000] {processor.py:176} INFO - Processing /home/airflow/.local/lib/python3.7/site-packages/airflow/example_dags/example_dag_decorator.py took 0.285 seconds
[2022-12-14T18:03:10.342+0000] {processor.py:154} INFO - Started process (PID=431) to work on /home/airflow/.local/lib/python3.7/site-packages/airflow/example_dags/example_dag_decorator.py
[2022-12-14T18:03:10.390+0000] {processor.py:756} INFO - Processing file /home/airflow/.local/lib/python3.7/site-packages/airflow/example_dags/example_dag_decorator.py for tasks to queue
[2022-12-14T18:03:10.392+0000] {logging_mixin.py:137} INFO - [2022-12-14T18:03:10.391+0000] {dagbag.py:537} INFO - Filling up the DagBag from /home/airflow/.local/lib/python3.7/site-packages/airflow/example_dags/example_dag_decorator.py
[2022-12-14T18:03:10.528+0000] {logging_mixin.py:137} INFO - [2022-12-14T18:03:10.527+0000] {taskmixin.py:205} WARNING - Dependency <Task(_PythonDecoratedOperator): prepare_email>, send_email already registered for DAG: example_dag_decorator
[2022-12-14T18:03:10.528+0000] {logging_mixin.py:137} INFO - [2022-12-14T18:03:10.528+0000] {taskmixin.py:205} WARNING - Dependency <Task(EmailOperator): send_email>, prepare_email already registered for DAG: example_dag_decorator
[2022-12-14T18:03:10.657+0000] {processor.py:766} INFO - DAG(s) dict_keys(['example_dag_decorator']) retrieved from /home/airflow/.local/lib/python3.7/site-packages/airflow/example_dags/example_dag_decorator.py
[2022-12-14T18:03:11.151+0000] {logging_mixin.py:137} INFO - [2022-12-14T18:03:11.151+0000] {dag.py:2585} INFO - Sync 1 DAGs
[2022-12-14T18:03:11.271+0000] {logging_mixin.py:137} INFO - [2022-12-14T18:03:11.271+0000] {dag.py:3340} INFO - Setting next_dagrun for example_dag_decorator to None, run_after=None
[2022-12-14T18:03:11.351+0000] {processor.py:176} INFO - Processing /home/airflow/.local/lib/python3.7/site-packages/airflow/example_dags/example_dag_decorator.py took 1.028 seconds
[2022-12-14T18:03:41.567+0000] {processor.py:154} INFO - Started process (PID=487) to work on /home/airflow/.local/lib/python3.7/site-packages/airflow/example_dags/example_dag_decorator.py
[2022-12-14T18:03:41.568+0000] {processor.py:756} INFO - Processing file /home/airflow/.local/lib/python3.7/site-packages/airflow/example_dags/example_dag_decorator.py for tasks to queue
[2022-12-14T18:03:41.569+0000] {logging_mixin.py:137} INFO - [2022-12-14T18:03:41.568+0000] {dagbag.py:537} INFO - Filling up the DagBag from /home/airflow/.local/lib/python3.7/site-packages/airflow/example_dags/example_dag_decorator.py
[2022-12-14T18:03:41.593+0000] {logging_mixin.py:137} INFO - [2022-12-14T18:03:41.592+0000] {taskmixin.py:205} WARNING - Dependency <Task(_PythonDecoratedOperator): prepare_email>, send_email already registered for DAG: example_dag_decorator
[2022-12-14T18:03:41.593+0000] {logging_mixin.py:137} INFO - [2022-12-14T18:03:41.593+0000] {taskmixin.py:205} WARNING - Dependency <Task(EmailOperator): send_email>, prepare_email already registered for DAG: example_dag_decorator
[2022-12-14T18:03:41.612+0000] {processor.py:766} INFO - DAG(s) dict_keys(['example_dag_decorator']) retrieved from /home/airflow/.local/lib/python3.7/site-packages/airflow/example_dags/example_dag_decorator.py
[2022-12-14T18:03:41.784+0000] {logging_mixin.py:137} INFO - [2022-12-14T18:03:41.784+0000] {dag.py:2585} INFO - Sync 1 DAGs
[2022-12-14T18:03:41.854+0000] {logging_mixin.py:137} INFO - [2022-12-14T18:03:41.854+0000] {dag.py:3340} INFO - Setting next_dagrun for example_dag_decorator to None, run_after=None
[2022-12-14T18:03:41.891+0000] {processor.py:176} INFO - Processing /home/airflow/.local/lib/python3.7/site-packages/airflow/example_dags/example_dag_decorator.py took 0.329 seconds
[2022-12-14T18:04:12.006+0000] {processor.py:154} INFO - Started process (PID=542) to work on /home/airflow/.local/lib/python3.7/site-packages/airflow/example_dags/example_dag_decorator.py
[2022-12-14T18:04:12.007+0000] {processor.py:756} INFO - Processing file /home/airflow/.local/lib/python3.7/site-packages/airflow/example_dags/example_dag_decorator.py for tasks to queue
[2022-12-14T18:04:12.008+0000] {logging_mixin.py:137} INFO - [2022-12-14T18:04:12.008+0000] {dagbag.py:537} INFO - Filling up the DagBag from /home/airflow/.local/lib/python3.7/site-packages/airflow/example_dags/example_dag_decorator.py
[2022-12-14T18:04:12.036+0000] {logging_mixin.py:137} INFO - [2022-12-14T18:04:12.036+0000] {taskmixin.py:205} WARNING - Dependency <Task(_PythonDecoratedOperator): prepare_email>, send_email already registered for DAG: example_dag_decorator
[2022-12-14T18:04:12.036+0000] {logging_mixin.py:137} INFO - [2022-12-14T18:04:12.036+0000] {taskmixin.py:205} WARNING - Dependency <Task(EmailOperator): send_email>, prepare_email already registered for DAG: example_dag_decorator
[2022-12-14T18:04:12.056+0000] {processor.py:766} INFO - DAG(s) dict_keys(['example_dag_decorator']) retrieved from /home/airflow/.local/lib/python3.7/site-packages/airflow/example_dags/example_dag_decorator.py
[2022-12-14T18:04:12.226+0000] {logging_mixin.py:137} INFO - [2022-12-14T18:04:12.226+0000] {dag.py:2585} INFO - Sync 1 DAGs
[2022-12-14T18:04:12.275+0000] {logging_mixin.py:137} INFO - [2022-12-14T18:04:12.275+0000] {dag.py:3340} INFO - Setting next_dagrun for example_dag_decorator to None, run_after=None
[2022-12-14T18:04:12.311+0000] {processor.py:176} INFO - Processing /home/airflow/.local/lib/python3.7/site-packages/airflow/example_dags/example_dag_decorator.py took 0.310 seconds
[2022-12-14T18:04:43.020+0000] {processor.py:154} INFO - Started process (PID=597) to work on /home/airflow/.local/lib/python3.7/site-packages/airflow/example_dags/example_dag_decorator.py
[2022-12-14T18:04:43.021+0000] {processor.py:756} INFO - Processing file /home/airflow/.local/lib/python3.7/site-packages/airflow/example_dags/example_dag_decorator.py for tasks to queue
[2022-12-14T18:04:43.022+0000] {logging_mixin.py:137} INFO - [2022-12-14T18:04:43.022+0000] {dagbag.py:537} INFO - Filling up the DagBag from /home/airflow/.local/lib/python3.7/site-packages/airflow/example_dags/example_dag_decorator.py
[2022-12-14T18:04:43.046+0000] {logging_mixin.py:137} INFO - [2022-12-14T18:04:43.046+0000] {taskmixin.py:205} WARNING - Dependency <Task(_PythonDecoratedOperator): prepare_email>, send_email already registered for DAG: example_dag_decorator
[2022-12-14T18:04:43.046+0000] {logging_mixin.py:137} INFO - [2022-12-14T18:04:43.046+0000] {taskmixin.py:205} WARNING - Dependency <Task(EmailOperator): send_email>, prepare_email already registered for DAG: example_dag_decorator
[2022-12-14T18:04:43.077+0000] {processor.py:766} INFO - DAG(s) dict_keys(['example_dag_decorator']) retrieved from /home/airflow/.local/lib/python3.7/site-packages/airflow/example_dags/example_dag_decorator.py
[2022-12-14T18:04:43.274+0000] {logging_mixin.py:137} INFO - [2022-12-14T18:04:43.274+0000] {dag.py:2585} INFO - Sync 1 DAGs
[2022-12-14T18:04:43.449+0000] {logging_mixin.py:137} INFO - [2022-12-14T18:04:43.449+0000] {dag.py:3340} INFO - Setting next_dagrun for example_dag_decorator to None, run_after=None
[2022-12-14T18:04:43.528+0000] {processor.py:176} INFO - Processing /home/airflow/.local/lib/python3.7/site-packages/airflow/example_dags/example_dag_decorator.py took 0.513 seconds
[2022-12-14T18:05:13.917+0000] {processor.py:154} INFO - Started process (PID=661) to work on /home/airflow/.local/lib/python3.7/site-packages/airflow/example_dags/example_dag_decorator.py
[2022-12-14T18:05:13.919+0000] {processor.py:756} INFO - Processing file /home/airflow/.local/lib/python3.7/site-packages/airflow/example_dags/example_dag_decorator.py for tasks to queue
[2022-12-14T18:05:13.919+0000] {logging_mixin.py:137} INFO - [2022-12-14T18:05:13.919+0000] {dagbag.py:537} INFO - Filling up the DagBag from /home/airflow/.local/lib/python3.7/site-packages/airflow/example_dags/example_dag_decorator.py
[2022-12-14T18:05:13.947+0000] {logging_mixin.py:137} INFO - [2022-12-14T18:05:13.946+0000] {taskmixin.py:205} WARNING - Dependency <Task(_PythonDecoratedOperator): prepare_email>, send_email already registered for DAG: example_dag_decorator
[2022-12-14T18:05:13.947+0000] {logging_mixin.py:137} INFO - [2022-12-14T18:05:13.947+0000] {taskmixin.py:205} WARNING - Dependency <Task(EmailOperator): send_email>, prepare_email already registered for DAG: example_dag_decorator
[2022-12-14T18:05:13.969+0000] {processor.py:766} INFO - DAG(s) dict_keys(['example_dag_decorator']) retrieved from /home/airflow/.local/lib/python3.7/site-packages/airflow/example_dags/example_dag_decorator.py
[2022-12-14T18:05:14.129+0000] {logging_mixin.py:137} INFO - [2022-12-14T18:05:14.129+0000] {dag.py:2585} INFO - Sync 1 DAGs
[2022-12-14T18:05:14.179+0000] {logging_mixin.py:137} INFO - [2022-12-14T18:05:14.179+0000] {dag.py:3340} INFO - Setting next_dagrun for example_dag_decorator to None, run_after=None
[2022-12-14T18:05:14.213+0000] {processor.py:176} INFO - Processing /home/airflow/.local/lib/python3.7/site-packages/airflow/example_dags/example_dag_decorator.py took 0.301 seconds
[2022-12-14T18:05:44.314+0000] {processor.py:154} INFO - Started process (PID=716) to work on /home/airflow/.local/lib/python3.7/site-packages/airflow/example_dags/example_dag_decorator.py
[2022-12-14T18:05:44.315+0000] {processor.py:756} INFO - Processing file /home/airflow/.local/lib/python3.7/site-packages/airflow/example_dags/example_dag_decorator.py for tasks to queue
[2022-12-14T18:05:44.317+0000] {logging_mixin.py:137} INFO - [2022-12-14T18:05:44.316+0000] {dagbag.py:537} INFO - Filling up the DagBag from /home/airflow/.local/lib/python3.7/site-packages/airflow/example_dags/example_dag_decorator.py
[2022-12-14T18:05:44.346+0000] {logging_mixin.py:137} INFO - [2022-12-14T18:05:44.346+0000] {taskmixin.py:205} WARNING - Dependency <Task(_PythonDecoratedOperator): prepare_email>, send_email already registered for DAG: example_dag_decorator
[2022-12-14T18:05:44.346+0000] {logging_mixin.py:137} INFO - [2022-12-14T18:05:44.346+0000] {taskmixin.py:205} WARNING - Dependency <Task(EmailOperator): send_email>, prepare_email already registered for DAG: example_dag_decorator
[2022-12-14T18:05:44.372+0000] {processor.py:766} INFO - DAG(s) dict_keys(['example_dag_decorator']) retrieved from /home/airflow/.local/lib/python3.7/site-packages/airflow/example_dags/example_dag_decorator.py
[2022-12-14T18:05:44.555+0000] {logging_mixin.py:137} INFO - [2022-12-14T18:05:44.554+0000] {dag.py:2585} INFO - Sync 1 DAGs
[2022-12-14T18:05:44.607+0000] {logging_mixin.py:137} INFO - [2022-12-14T18:05:44.606+0000] {dag.py:3340} INFO - Setting next_dagrun for example_dag_decorator to None, run_after=None
[2022-12-14T18:05:44.645+0000] {processor.py:176} INFO - Processing /home/airflow/.local/lib/python3.7/site-packages/airflow/example_dags/example_dag_decorator.py took 0.340 seconds
[2022-12-14T18:06:14.800+0000] {processor.py:154} INFO - Started process (PID=771) to work on /home/airflow/.local/lib/python3.7/site-packages/airflow/example_dags/example_dag_decorator.py
[2022-12-14T18:06:14.801+0000] {processor.py:756} INFO - Processing file /home/airflow/.local/lib/python3.7/site-packages/airflow/example_dags/example_dag_decorator.py for tasks to queue
[2022-12-14T18:06:14.802+0000] {logging_mixin.py:137} INFO - [2022-12-14T18:06:14.801+0000] {dagbag.py:537} INFO - Filling up the DagBag from /home/airflow/.local/lib/python3.7/site-packages/airflow/example_dags/example_dag_decorator.py
[2022-12-14T18:06:14.829+0000] {logging_mixin.py:137} INFO - [2022-12-14T18:06:14.828+0000] {taskmixin.py:205} WARNING - Dependency <Task(_PythonDecoratedOperator): prepare_email>, send_email already registered for DAG: example_dag_decorator
[2022-12-14T18:06:14.829+0000] {logging_mixin.py:137} INFO - [2022-12-14T18:06:14.829+0000] {taskmixin.py:205} WARNING - Dependency <Task(EmailOperator): send_email>, prepare_email already registered for DAG: example_dag_decorator
[2022-12-14T18:06:14.852+0000] {processor.py:766} INFO - DAG(s) dict_keys(['example_dag_decorator']) retrieved from /home/airflow/.local/lib/python3.7/site-packages/airflow/example_dags/example_dag_decorator.py
[2022-12-14T18:06:15.014+0000] {logging_mixin.py:137} INFO - [2022-12-14T18:06:15.014+0000] {dag.py:2585} INFO - Sync 1 DAGs
[2022-12-14T18:06:15.057+0000] {logging_mixin.py:137} INFO - [2022-12-14T18:06:15.057+0000] {dag.py:3340} INFO - Setting next_dagrun for example_dag_decorator to None, run_after=None
[2022-12-14T18:06:15.083+0000] {processor.py:176} INFO - Processing /home/airflow/.local/lib/python3.7/site-packages/airflow/example_dags/example_dag_decorator.py took 0.288 seconds
