[2022-12-14T17:42:08.120+0000] {processor.py:154} INFO - Started process (PID=104) to work on /home/airflow/.local/lib/python3.7/site-packages/airflow/example_dags/example_branch_labels.py
[2022-12-14T17:42:08.121+0000] {processor.py:756} INFO - Processing file /home/airflow/.local/lib/python3.7/site-packages/airflow/example_dags/example_branch_labels.py for tasks to queue
[2022-12-14T17:42:08.122+0000] {logging_mixin.py:137} INFO - [2022-12-14T17:42:08.121+0000] {dagbag.py:537} INFO - Filling up the DagBag from /home/airflow/.local/lib/python3.7/site-packages/airflow/example_dags/example_branch_labels.py
[2022-12-14T17:42:08.146+0000] {processor.py:766} INFO - DAG(s) dict_keys(['example_branch_labels']) retrieved from /home/airflow/.local/lib/python3.7/site-packages/airflow/example_dags/example_branch_labels.py
[2022-12-14T17:42:08.215+0000] {logging_mixin.py:137} INFO - [2022-12-14T17:42:08.215+0000] {dag.py:2585} INFO - Sync 1 DAGs
[2022-12-14T17:42:08.271+0000] {logging_mixin.py:137} INFO - [2022-12-14T17:42:08.271+0000] {dag.py:3340} INFO - Setting next_dagrun for example_branch_labels to 2022-12-13T00:00:00+00:00, run_after=2022-12-14T00:00:00+00:00
[2022-12-14T17:42:08.303+0000] {processor.py:176} INFO - Processing /home/airflow/.local/lib/python3.7/site-packages/airflow/example_dags/example_branch_labels.py took 0.187 seconds
[2022-12-14T17:42:38.980+0000] {processor.py:154} INFO - Started process (PID=167) to work on /home/airflow/.local/lib/python3.7/site-packages/airflow/example_dags/example_branch_labels.py
[2022-12-14T17:42:38.981+0000] {processor.py:756} INFO - Processing file /home/airflow/.local/lib/python3.7/site-packages/airflow/example_dags/example_branch_labels.py for tasks to queue
[2022-12-14T17:42:38.982+0000] {logging_mixin.py:137} INFO - [2022-12-14T17:42:38.982+0000] {dagbag.py:537} INFO - Filling up the DagBag from /home/airflow/.local/lib/python3.7/site-packages/airflow/example_dags/example_branch_labels.py
[2022-12-14T17:42:39.009+0000] {processor.py:766} INFO - DAG(s) dict_keys(['example_branch_labels']) retrieved from /home/airflow/.local/lib/python3.7/site-packages/airflow/example_dags/example_branch_labels.py
[2022-12-14T17:42:39.079+0000] {logging_mixin.py:137} INFO - [2022-12-14T17:42:39.079+0000] {dag.py:2585} INFO - Sync 1 DAGs
[2022-12-14T17:42:39.137+0000] {logging_mixin.py:137} INFO - [2022-12-14T17:42:39.137+0000] {dag.py:3340} INFO - Setting next_dagrun for example_branch_labels to 2022-12-13T00:00:00+00:00, run_after=2022-12-14T00:00:00+00:00
[2022-12-14T17:42:39.171+0000] {processor.py:176} INFO - Processing /home/airflow/.local/lib/python3.7/site-packages/airflow/example_dags/example_branch_labels.py took 0.196 seconds
[2022-12-14T17:43:09.688+0000] {processor.py:154} INFO - Started process (PID=221) to work on /home/airflow/.local/lib/python3.7/site-packages/airflow/example_dags/example_branch_labels.py
[2022-12-14T17:43:09.689+0000] {processor.py:756} INFO - Processing file /home/airflow/.local/lib/python3.7/site-packages/airflow/example_dags/example_branch_labels.py for tasks to queue
[2022-12-14T17:43:09.690+0000] {logging_mixin.py:137} INFO - [2022-12-14T17:43:09.690+0000] {dagbag.py:537} INFO - Filling up the DagBag from /home/airflow/.local/lib/python3.7/site-packages/airflow/example_dags/example_branch_labels.py
[2022-12-14T17:43:09.715+0000] {processor.py:766} INFO - DAG(s) dict_keys(['example_branch_labels']) retrieved from /home/airflow/.local/lib/python3.7/site-packages/airflow/example_dags/example_branch_labels.py
[2022-12-14T17:43:09.797+0000] {logging_mixin.py:137} INFO - [2022-12-14T17:43:09.797+0000] {dag.py:2585} INFO - Sync 1 DAGs
[2022-12-14T17:43:09.861+0000] {logging_mixin.py:137} INFO - [2022-12-14T17:43:09.861+0000] {dag.py:3340} INFO - Setting next_dagrun for example_branch_labels to 2022-12-13T00:00:00+00:00, run_after=2022-12-14T00:00:00+00:00
[2022-12-14T17:43:09.892+0000] {processor.py:176} INFO - Processing /home/airflow/.local/lib/python3.7/site-packages/airflow/example_dags/example_branch_labels.py took 0.208 seconds
[2022-12-14T17:43:40.649+0000] {processor.py:154} INFO - Started process (PID=286) to work on /home/airflow/.local/lib/python3.7/site-packages/airflow/example_dags/example_branch_labels.py
[2022-12-14T17:43:40.656+0000] {processor.py:756} INFO - Processing file /home/airflow/.local/lib/python3.7/site-packages/airflow/example_dags/example_branch_labels.py for tasks to queue
[2022-12-14T17:43:40.657+0000] {logging_mixin.py:137} INFO - [2022-12-14T17:43:40.657+0000] {dagbag.py:537} INFO - Filling up the DagBag from /home/airflow/.local/lib/python3.7/site-packages/airflow/example_dags/example_branch_labels.py
[2022-12-14T17:43:40.690+0000] {processor.py:766} INFO - DAG(s) dict_keys(['example_branch_labels']) retrieved from /home/airflow/.local/lib/python3.7/site-packages/airflow/example_dags/example_branch_labels.py
[2022-12-14T17:43:40.759+0000] {logging_mixin.py:137} INFO - [2022-12-14T17:43:40.759+0000] {dag.py:2585} INFO - Sync 1 DAGs
[2022-12-14T17:43:40.818+0000] {logging_mixin.py:137} INFO - [2022-12-14T17:43:40.818+0000] {dag.py:3340} INFO - Setting next_dagrun for example_branch_labels to 2022-12-13T00:00:00+00:00, run_after=2022-12-14T00:00:00+00:00
[2022-12-14T17:43:40.849+0000] {processor.py:176} INFO - Processing /home/airflow/.local/lib/python3.7/site-packages/airflow/example_dags/example_branch_labels.py took 0.205 seconds
[2022-12-14T17:44:11.129+0000] {processor.py:154} INFO - Started process (PID=341) to work on /home/airflow/.local/lib/python3.7/site-packages/airflow/example_dags/example_branch_labels.py
[2022-12-14T17:44:11.130+0000] {processor.py:756} INFO - Processing file /home/airflow/.local/lib/python3.7/site-packages/airflow/example_dags/example_branch_labels.py for tasks to queue
[2022-12-14T17:44:11.131+0000] {logging_mixin.py:137} INFO - [2022-12-14T17:44:11.131+0000] {dagbag.py:537} INFO - Filling up the DagBag from /home/airflow/.local/lib/python3.7/site-packages/airflow/example_dags/example_branch_labels.py
[2022-12-14T17:44:11.155+0000] {processor.py:766} INFO - DAG(s) dict_keys(['example_branch_labels']) retrieved from /home/airflow/.local/lib/python3.7/site-packages/airflow/example_dags/example_branch_labels.py
[2022-12-14T17:44:11.217+0000] {logging_mixin.py:137} INFO - [2022-12-14T17:44:11.217+0000] {dag.py:2585} INFO - Sync 1 DAGs
[2022-12-14T17:44:11.267+0000] {logging_mixin.py:137} INFO - [2022-12-14T17:44:11.267+0000] {dag.py:3340} INFO - Setting next_dagrun for example_branch_labels to 2022-12-13T00:00:00+00:00, run_after=2022-12-14T00:00:00+00:00
[2022-12-14T17:44:11.298+0000] {processor.py:176} INFO - Processing /home/airflow/.local/lib/python3.7/site-packages/airflow/example_dags/example_branch_labels.py took 0.173 seconds
[2022-12-14T17:44:41.892+0000] {processor.py:154} INFO - Started process (PID=395) to work on /home/airflow/.local/lib/python3.7/site-packages/airflow/example_dags/example_branch_labels.py
[2022-12-14T17:44:41.893+0000] {processor.py:756} INFO - Processing file /home/airflow/.local/lib/python3.7/site-packages/airflow/example_dags/example_branch_labels.py for tasks to queue
[2022-12-14T17:44:41.894+0000] {logging_mixin.py:137} INFO - [2022-12-14T17:44:41.894+0000] {dagbag.py:537} INFO - Filling up the DagBag from /home/airflow/.local/lib/python3.7/site-packages/airflow/example_dags/example_branch_labels.py
[2022-12-14T17:44:41.921+0000] {processor.py:766} INFO - DAG(s) dict_keys(['example_branch_labels']) retrieved from /home/airflow/.local/lib/python3.7/site-packages/airflow/example_dags/example_branch_labels.py
[2022-12-14T17:44:41.991+0000] {logging_mixin.py:137} INFO - [2022-12-14T17:44:41.991+0000] {dag.py:2585} INFO - Sync 1 DAGs
[2022-12-14T17:44:42.044+0000] {logging_mixin.py:137} INFO - [2022-12-14T17:44:42.044+0000] {dag.py:3340} INFO - Setting next_dagrun for example_branch_labels to 2022-12-13T00:00:00+00:00, run_after=2022-12-14T00:00:00+00:00
[2022-12-14T17:44:42.078+0000] {processor.py:176} INFO - Processing /home/airflow/.local/lib/python3.7/site-packages/airflow/example_dags/example_branch_labels.py took 0.190 seconds
[2022-12-14T17:45:13.061+0000] {processor.py:154} INFO - Started process (PID=458) to work on /home/airflow/.local/lib/python3.7/site-packages/airflow/example_dags/example_branch_labels.py
[2022-12-14T17:45:13.062+0000] {processor.py:756} INFO - Processing file /home/airflow/.local/lib/python3.7/site-packages/airflow/example_dags/example_branch_labels.py for tasks to queue
[2022-12-14T17:45:13.063+0000] {logging_mixin.py:137} INFO - [2022-12-14T17:45:13.062+0000] {dagbag.py:537} INFO - Filling up the DagBag from /home/airflow/.local/lib/python3.7/site-packages/airflow/example_dags/example_branch_labels.py
[2022-12-14T17:45:13.087+0000] {processor.py:766} INFO - DAG(s) dict_keys(['example_branch_labels']) retrieved from /home/airflow/.local/lib/python3.7/site-packages/airflow/example_dags/example_branch_labels.py
[2022-12-14T17:45:13.154+0000] {logging_mixin.py:137} INFO - [2022-12-14T17:45:13.154+0000] {dag.py:2585} INFO - Sync 1 DAGs
[2022-12-14T17:45:13.205+0000] {logging_mixin.py:137} INFO - [2022-12-14T17:45:13.205+0000] {dag.py:3340} INFO - Setting next_dagrun for example_branch_labels to 2022-12-13T00:00:00+00:00, run_after=2022-12-14T00:00:00+00:00
[2022-12-14T17:45:13.246+0000] {processor.py:176} INFO - Processing /home/airflow/.local/lib/python3.7/site-packages/airflow/example_dags/example_branch_labels.py took 0.189 seconds
[2022-12-14T17:45:44.423+0000] {processor.py:154} INFO - Started process (PID=513) to work on /home/airflow/.local/lib/python3.7/site-packages/airflow/example_dags/example_branch_labels.py
[2022-12-14T17:45:44.424+0000] {processor.py:756} INFO - Processing file /home/airflow/.local/lib/python3.7/site-packages/airflow/example_dags/example_branch_labels.py for tasks to queue
[2022-12-14T17:45:44.425+0000] {logging_mixin.py:137} INFO - [2022-12-14T17:45:44.425+0000] {dagbag.py:537} INFO - Filling up the DagBag from /home/airflow/.local/lib/python3.7/site-packages/airflow/example_dags/example_branch_labels.py
[2022-12-14T17:45:44.477+0000] {processor.py:766} INFO - DAG(s) dict_keys(['example_branch_labels']) retrieved from /home/airflow/.local/lib/python3.7/site-packages/airflow/example_dags/example_branch_labels.py
[2022-12-14T17:45:44.614+0000] {logging_mixin.py:137} INFO - [2022-12-14T17:45:44.614+0000] {dag.py:2585} INFO - Sync 1 DAGs
[2022-12-14T17:45:44.739+0000] {logging_mixin.py:137} INFO - [2022-12-14T17:45:44.739+0000] {dag.py:3340} INFO - Setting next_dagrun for example_branch_labels to 2022-12-13T00:00:00+00:00, run_after=2022-12-14T00:00:00+00:00
[2022-12-14T17:45:44.788+0000] {processor.py:176} INFO - Processing /home/airflow/.local/lib/python3.7/site-packages/airflow/example_dags/example_branch_labels.py took 0.378 seconds
[2022-12-14T17:46:14.996+0000] {processor.py:154} INFO - Started process (PID=576) to work on /home/airflow/.local/lib/python3.7/site-packages/airflow/example_dags/example_branch_labels.py
[2022-12-14T17:46:14.997+0000] {processor.py:756} INFO - Processing file /home/airflow/.local/lib/python3.7/site-packages/airflow/example_dags/example_branch_labels.py for tasks to queue
[2022-12-14T17:46:14.998+0000] {logging_mixin.py:137} INFO - [2022-12-14T17:46:14.998+0000] {dagbag.py:537} INFO - Filling up the DagBag from /home/airflow/.local/lib/python3.7/site-packages/airflow/example_dags/example_branch_labels.py
[2022-12-14T17:46:15.023+0000] {processor.py:766} INFO - DAG(s) dict_keys(['example_branch_labels']) retrieved from /home/airflow/.local/lib/python3.7/site-packages/airflow/example_dags/example_branch_labels.py
[2022-12-14T17:46:15.090+0000] {logging_mixin.py:137} INFO - [2022-12-14T17:46:15.090+0000] {dag.py:2585} INFO - Sync 1 DAGs
[2022-12-14T17:46:15.145+0000] {logging_mixin.py:137} INFO - [2022-12-14T17:46:15.145+0000] {dag.py:3340} INFO - Setting next_dagrun for example_branch_labels to 2022-12-13T00:00:00+00:00, run_after=2022-12-14T00:00:00+00:00
[2022-12-14T17:46:15.178+0000] {processor.py:176} INFO - Processing /home/airflow/.local/lib/python3.7/site-packages/airflow/example_dags/example_branch_labels.py took 0.186 seconds
[2022-12-14T17:46:46.432+0000] {processor.py:154} INFO - Started process (PID=629) to work on /home/airflow/.local/lib/python3.7/site-packages/airflow/example_dags/example_branch_labels.py
[2022-12-14T17:46:46.433+0000] {processor.py:756} INFO - Processing file /home/airflow/.local/lib/python3.7/site-packages/airflow/example_dags/example_branch_labels.py for tasks to queue
[2022-12-14T17:46:46.433+0000] {logging_mixin.py:137} INFO - [2022-12-14T17:46:46.433+0000] {dagbag.py:537} INFO - Filling up the DagBag from /home/airflow/.local/lib/python3.7/site-packages/airflow/example_dags/example_branch_labels.py
[2022-12-14T17:46:46.461+0000] {processor.py:766} INFO - DAG(s) dict_keys(['example_branch_labels']) retrieved from /home/airflow/.local/lib/python3.7/site-packages/airflow/example_dags/example_branch_labels.py
[2022-12-14T17:46:46.545+0000] {logging_mixin.py:137} INFO - [2022-12-14T17:46:46.544+0000] {dag.py:2585} INFO - Sync 1 DAGs
[2022-12-14T17:46:46.599+0000] {logging_mixin.py:137} INFO - [2022-12-14T17:46:46.598+0000] {dag.py:3340} INFO - Setting next_dagrun for example_branch_labels to 2022-12-13T00:00:00+00:00, run_after=2022-12-14T00:00:00+00:00
[2022-12-14T17:46:46.666+0000] {processor.py:176} INFO - Processing /home/airflow/.local/lib/python3.7/site-packages/airflow/example_dags/example_branch_labels.py took 0.239 seconds
[2022-12-14T17:47:17.793+0000] {processor.py:154} INFO - Started process (PID=691) to work on /home/airflow/.local/lib/python3.7/site-packages/airflow/example_dags/example_branch_labels.py
[2022-12-14T17:47:17.795+0000] {processor.py:756} INFO - Processing file /home/airflow/.local/lib/python3.7/site-packages/airflow/example_dags/example_branch_labels.py for tasks to queue
[2022-12-14T17:47:17.795+0000] {logging_mixin.py:137} INFO - [2022-12-14T17:47:17.795+0000] {dagbag.py:537} INFO - Filling up the DagBag from /home/airflow/.local/lib/python3.7/site-packages/airflow/example_dags/example_branch_labels.py
[2022-12-14T17:47:17.819+0000] {processor.py:766} INFO - DAG(s) dict_keys(['example_branch_labels']) retrieved from /home/airflow/.local/lib/python3.7/site-packages/airflow/example_dags/example_branch_labels.py
[2022-12-14T17:47:17.896+0000] {logging_mixin.py:137} INFO - [2022-12-14T17:47:17.896+0000] {dag.py:2585} INFO - Sync 1 DAGs
[2022-12-14T17:47:17.950+0000] {logging_mixin.py:137} INFO - [2022-12-14T17:47:17.950+0000] {dag.py:3340} INFO - Setting next_dagrun for example_branch_labels to 2022-12-13T00:00:00+00:00, run_after=2022-12-14T00:00:00+00:00
[2022-12-14T17:47:17.979+0000] {processor.py:176} INFO - Processing /home/airflow/.local/lib/python3.7/site-packages/airflow/example_dags/example_branch_labels.py took 0.191 seconds
[2022-12-14T17:47:48.527+0000] {processor.py:154} INFO - Started process (PID=746) to work on /home/airflow/.local/lib/python3.7/site-packages/airflow/example_dags/example_branch_labels.py
[2022-12-14T17:47:48.528+0000] {processor.py:756} INFO - Processing file /home/airflow/.local/lib/python3.7/site-packages/airflow/example_dags/example_branch_labels.py for tasks to queue
[2022-12-14T17:47:48.529+0000] {logging_mixin.py:137} INFO - [2022-12-14T17:47:48.529+0000] {dagbag.py:537} INFO - Filling up the DagBag from /home/airflow/.local/lib/python3.7/site-packages/airflow/example_dags/example_branch_labels.py
[2022-12-14T17:47:48.551+0000] {processor.py:766} INFO - DAG(s) dict_keys(['example_branch_labels']) retrieved from /home/airflow/.local/lib/python3.7/site-packages/airflow/example_dags/example_branch_labels.py
[2022-12-14T17:47:48.613+0000] {logging_mixin.py:137} INFO - [2022-12-14T17:47:48.613+0000] {dag.py:2585} INFO - Sync 1 DAGs
[2022-12-14T17:47:48.657+0000] {logging_mixin.py:137} INFO - [2022-12-14T17:47:48.657+0000] {dag.py:3340} INFO - Setting next_dagrun for example_branch_labels to 2022-12-13T00:00:00+00:00, run_after=2022-12-14T00:00:00+00:00
[2022-12-14T17:47:48.695+0000] {processor.py:176} INFO - Processing /home/airflow/.local/lib/python3.7/site-packages/airflow/example_dags/example_branch_labels.py took 0.171 seconds
[2022-12-14T17:48:19.404+0000] {processor.py:154} INFO - Started process (PID=800) to work on /home/airflow/.local/lib/python3.7/site-packages/airflow/example_dags/example_branch_labels.py
[2022-12-14T17:48:19.405+0000] {processor.py:756} INFO - Processing file /home/airflow/.local/lib/python3.7/site-packages/airflow/example_dags/example_branch_labels.py for tasks to queue
[2022-12-14T17:48:19.407+0000] {logging_mixin.py:137} INFO - [2022-12-14T17:48:19.406+0000] {dagbag.py:537} INFO - Filling up the DagBag from /home/airflow/.local/lib/python3.7/site-packages/airflow/example_dags/example_branch_labels.py
[2022-12-14T17:48:19.444+0000] {processor.py:766} INFO - DAG(s) dict_keys(['example_branch_labels']) retrieved from /home/airflow/.local/lib/python3.7/site-packages/airflow/example_dags/example_branch_labels.py
[2022-12-14T17:48:19.667+0000] {logging_mixin.py:137} INFO - [2022-12-14T17:48:19.667+0000] {dag.py:2585} INFO - Sync 1 DAGs
[2022-12-14T17:48:19.817+0000] {logging_mixin.py:137} INFO - [2022-12-14T17:48:19.812+0000] {dag.py:3340} INFO - Setting next_dagrun for example_branch_labels to 2022-12-13T00:00:00+00:00, run_after=2022-12-14T00:00:00+00:00
[2022-12-14T17:48:19.926+0000] {processor.py:176} INFO - Processing /home/airflow/.local/lib/python3.7/site-packages/airflow/example_dags/example_branch_labels.py took 0.527 seconds
[2022-12-14T17:48:50.531+0000] {processor.py:154} INFO - Started process (PID=864) to work on /home/airflow/.local/lib/python3.7/site-packages/airflow/example_dags/example_branch_labels.py
[2022-12-14T17:48:50.532+0000] {processor.py:756} INFO - Processing file /home/airflow/.local/lib/python3.7/site-packages/airflow/example_dags/example_branch_labels.py for tasks to queue
[2022-12-14T17:48:50.533+0000] {logging_mixin.py:137} INFO - [2022-12-14T17:48:50.532+0000] {dagbag.py:537} INFO - Filling up the DagBag from /home/airflow/.local/lib/python3.7/site-packages/airflow/example_dags/example_branch_labels.py
[2022-12-14T17:48:50.555+0000] {processor.py:766} INFO - DAG(s) dict_keys(['example_branch_labels']) retrieved from /home/airflow/.local/lib/python3.7/site-packages/airflow/example_dags/example_branch_labels.py
[2022-12-14T17:48:50.615+0000] {logging_mixin.py:137} INFO - [2022-12-14T17:48:50.615+0000] {dag.py:2585} INFO - Sync 1 DAGs
[2022-12-14T17:48:50.663+0000] {logging_mixin.py:137} INFO - [2022-12-14T17:48:50.663+0000] {dag.py:3340} INFO - Setting next_dagrun for example_branch_labels to 2022-12-13T00:00:00+00:00, run_after=2022-12-14T00:00:00+00:00
[2022-12-14T17:48:50.688+0000] {processor.py:176} INFO - Processing /home/airflow/.local/lib/python3.7/site-packages/airflow/example_dags/example_branch_labels.py took 0.161 seconds
[2022-12-14T17:49:21.496+0000] {processor.py:154} INFO - Started process (PID=918) to work on /home/airflow/.local/lib/python3.7/site-packages/airflow/example_dags/example_branch_labels.py
[2022-12-14T17:49:21.497+0000] {processor.py:756} INFO - Processing file /home/airflow/.local/lib/python3.7/site-packages/airflow/example_dags/example_branch_labels.py for tasks to queue
[2022-12-14T17:49:21.498+0000] {logging_mixin.py:137} INFO - [2022-12-14T17:49:21.498+0000] {dagbag.py:537} INFO - Filling up the DagBag from /home/airflow/.local/lib/python3.7/site-packages/airflow/example_dags/example_branch_labels.py
[2022-12-14T17:49:21.529+0000] {processor.py:766} INFO - DAG(s) dict_keys(['example_branch_labels']) retrieved from /home/airflow/.local/lib/python3.7/site-packages/airflow/example_dags/example_branch_labels.py
[2022-12-14T17:49:21.601+0000] {logging_mixin.py:137} INFO - [2022-12-14T17:49:21.601+0000] {dag.py:2585} INFO - Sync 1 DAGs
[2022-12-14T17:49:21.658+0000] {logging_mixin.py:137} INFO - [2022-12-14T17:49:21.658+0000] {dag.py:3340} INFO - Setting next_dagrun for example_branch_labels to 2022-12-13T00:00:00+00:00, run_after=2022-12-14T00:00:00+00:00
[2022-12-14T17:49:21.708+0000] {processor.py:176} INFO - Processing /home/airflow/.local/lib/python3.7/site-packages/airflow/example_dags/example_branch_labels.py took 0.216 seconds
[2022-12-14T17:49:53.322+0000] {processor.py:154} INFO - Started process (PID=982) to work on /home/airflow/.local/lib/python3.7/site-packages/airflow/example_dags/example_branch_labels.py
[2022-12-14T17:49:53.363+0000] {processor.py:756} INFO - Processing file /home/airflow/.local/lib/python3.7/site-packages/airflow/example_dags/example_branch_labels.py for tasks to queue
[2022-12-14T17:49:53.364+0000] {logging_mixin.py:137} INFO - [2022-12-14T17:49:53.364+0000] {dagbag.py:537} INFO - Filling up the DagBag from /home/airflow/.local/lib/python3.7/site-packages/airflow/example_dags/example_branch_labels.py
[2022-12-14T17:49:53.455+0000] {processor.py:766} INFO - DAG(s) dict_keys(['example_branch_labels']) retrieved from /home/airflow/.local/lib/python3.7/site-packages/airflow/example_dags/example_branch_labels.py
[2022-12-14T17:49:53.711+0000] {logging_mixin.py:137} INFO - [2022-12-14T17:49:53.711+0000] {dag.py:2585} INFO - Sync 1 DAGs
[2022-12-14T17:49:53.853+0000] {logging_mixin.py:137} INFO - [2022-12-14T17:49:53.853+0000] {dag.py:3340} INFO - Setting next_dagrun for example_branch_labels to 2022-12-13T00:00:00+00:00, run_after=2022-12-14T00:00:00+00:00
[2022-12-14T17:49:53.958+0000] {processor.py:176} INFO - Processing /home/airflow/.local/lib/python3.7/site-packages/airflow/example_dags/example_branch_labels.py took 0.641 seconds
[2022-12-14T17:50:24.023+0000] {processor.py:154} INFO - Started process (PID=1037) to work on /home/airflow/.local/lib/python3.7/site-packages/airflow/example_dags/example_branch_labels.py
[2022-12-14T17:50:24.024+0000] {processor.py:756} INFO - Processing file /home/airflow/.local/lib/python3.7/site-packages/airflow/example_dags/example_branch_labels.py for tasks to queue
[2022-12-14T17:50:24.025+0000] {logging_mixin.py:137} INFO - [2022-12-14T17:50:24.025+0000] {dagbag.py:537} INFO - Filling up the DagBag from /home/airflow/.local/lib/python3.7/site-packages/airflow/example_dags/example_branch_labels.py
[2022-12-14T17:50:24.049+0000] {processor.py:766} INFO - DAG(s) dict_keys(['example_branch_labels']) retrieved from /home/airflow/.local/lib/python3.7/site-packages/airflow/example_dags/example_branch_labels.py
[2022-12-14T17:50:24.117+0000] {logging_mixin.py:137} INFO - [2022-12-14T17:50:24.117+0000] {dag.py:2585} INFO - Sync 1 DAGs
[2022-12-14T17:50:24.168+0000] {logging_mixin.py:137} INFO - [2022-12-14T17:50:24.167+0000] {dag.py:3340} INFO - Setting next_dagrun for example_branch_labels to 2022-12-13T00:00:00+00:00, run_after=2022-12-14T00:00:00+00:00
[2022-12-14T17:50:24.194+0000] {processor.py:176} INFO - Processing /home/airflow/.local/lib/python3.7/site-packages/airflow/example_dags/example_branch_labels.py took 0.175 seconds
[2022-12-14T17:50:54.838+0000] {processor.py:154} INFO - Started process (PID=1092) to work on /home/airflow/.local/lib/python3.7/site-packages/airflow/example_dags/example_branch_labels.py
[2022-12-14T17:50:54.839+0000] {processor.py:756} INFO - Processing file /home/airflow/.local/lib/python3.7/site-packages/airflow/example_dags/example_branch_labels.py for tasks to queue
[2022-12-14T17:50:54.839+0000] {logging_mixin.py:137} INFO - [2022-12-14T17:50:54.839+0000] {dagbag.py:537} INFO - Filling up the DagBag from /home/airflow/.local/lib/python3.7/site-packages/airflow/example_dags/example_branch_labels.py
[2022-12-14T17:50:54.872+0000] {processor.py:766} INFO - DAG(s) dict_keys(['example_branch_labels']) retrieved from /home/airflow/.local/lib/python3.7/site-packages/airflow/example_dags/example_branch_labels.py
[2022-12-14T17:50:54.947+0000] {logging_mixin.py:137} INFO - [2022-12-14T17:50:54.947+0000] {dag.py:2585} INFO - Sync 1 DAGs
[2022-12-14T17:50:55.001+0000] {logging_mixin.py:137} INFO - [2022-12-14T17:50:55.001+0000] {dag.py:3340} INFO - Setting next_dagrun for example_branch_labels to 2022-12-13T00:00:00+00:00, run_after=2022-12-14T00:00:00+00:00
[2022-12-14T17:50:55.031+0000] {processor.py:176} INFO - Processing /home/airflow/.local/lib/python3.7/site-packages/airflow/example_dags/example_branch_labels.py took 0.197 seconds
[2022-12-14T17:51:26.675+0000] {processor.py:154} INFO - Started process (PID=1157) to work on /home/airflow/.local/lib/python3.7/site-packages/airflow/example_dags/example_branch_labels.py
[2022-12-14T17:51:26.676+0000] {processor.py:756} INFO - Processing file /home/airflow/.local/lib/python3.7/site-packages/airflow/example_dags/example_branch_labels.py for tasks to queue
[2022-12-14T17:51:26.679+0000] {logging_mixin.py:137} INFO - [2022-12-14T17:51:26.678+0000] {dagbag.py:537} INFO - Filling up the DagBag from /home/airflow/.local/lib/python3.7/site-packages/airflow/example_dags/example_branch_labels.py
[2022-12-14T17:51:26.724+0000] {processor.py:766} INFO - DAG(s) dict_keys(['example_branch_labels']) retrieved from /home/airflow/.local/lib/python3.7/site-packages/airflow/example_dags/example_branch_labels.py
[2022-12-14T17:51:26.857+0000] {logging_mixin.py:137} INFO - [2022-12-14T17:51:26.857+0000] {dag.py:2585} INFO - Sync 1 DAGs
[2022-12-14T17:51:27.005+0000] {logging_mixin.py:137} INFO - [2022-12-14T17:51:27.005+0000] {dag.py:3340} INFO - Setting next_dagrun for example_branch_labels to 2022-12-13T00:00:00+00:00, run_after=2022-12-14T00:00:00+00:00
[2022-12-14T17:51:27.080+0000] {processor.py:176} INFO - Processing /home/airflow/.local/lib/python3.7/site-packages/airflow/example_dags/example_branch_labels.py took 0.415 seconds
[2022-12-14T17:51:58.292+0000] {processor.py:154} INFO - Started process (PID=1211) to work on /home/airflow/.local/lib/python3.7/site-packages/airflow/example_dags/example_branch_labels.py
[2022-12-14T17:51:58.303+0000] {processor.py:756} INFO - Processing file /home/airflow/.local/lib/python3.7/site-packages/airflow/example_dags/example_branch_labels.py for tasks to queue
[2022-12-14T17:51:58.304+0000] {logging_mixin.py:137} INFO - [2022-12-14T17:51:58.304+0000] {dagbag.py:537} INFO - Filling up the DagBag from /home/airflow/.local/lib/python3.7/site-packages/airflow/example_dags/example_branch_labels.py
[2022-12-14T17:51:58.398+0000] {processor.py:766} INFO - DAG(s) dict_keys(['example_branch_labels']) retrieved from /home/airflow/.local/lib/python3.7/site-packages/airflow/example_dags/example_branch_labels.py
[2022-12-14T17:51:58.760+0000] {logging_mixin.py:137} INFO - [2022-12-14T17:51:58.760+0000] {dag.py:2585} INFO - Sync 1 DAGs
[2022-12-14T17:51:58.894+0000] {logging_mixin.py:137} INFO - [2022-12-14T17:51:58.893+0000] {dag.py:3340} INFO - Setting next_dagrun for example_branch_labels to 2022-12-13T00:00:00+00:00, run_after=2022-12-14T00:00:00+00:00
[2022-12-14T17:51:58.935+0000] {processor.py:176} INFO - Processing /home/airflow/.local/lib/python3.7/site-packages/airflow/example_dags/example_branch_labels.py took 0.670 seconds
[2022-12-14T17:52:31.350+0000] {processor.py:154} INFO - Started process (PID=1266) to work on /home/airflow/.local/lib/python3.7/site-packages/airflow/example_dags/example_branch_labels.py
[2022-12-14T17:52:31.364+0000] {processor.py:756} INFO - Processing file /home/airflow/.local/lib/python3.7/site-packages/airflow/example_dags/example_branch_labels.py for tasks to queue
[2022-12-14T17:52:31.365+0000] {logging_mixin.py:137} INFO - [2022-12-14T17:52:31.365+0000] {dagbag.py:537} INFO - Filling up the DagBag from /home/airflow/.local/lib/python3.7/site-packages/airflow/example_dags/example_branch_labels.py
[2022-12-14T17:52:31.404+0000] {processor.py:766} INFO - DAG(s) dict_keys(['example_branch_labels']) retrieved from /home/airflow/.local/lib/python3.7/site-packages/airflow/example_dags/example_branch_labels.py
[2022-12-14T17:52:31.575+0000] {logging_mixin.py:137} INFO - [2022-12-14T17:52:31.574+0000] {dag.py:2585} INFO - Sync 1 DAGs
[2022-12-14T17:52:31.779+0000] {logging_mixin.py:137} INFO - [2022-12-14T17:52:31.778+0000] {dag.py:3340} INFO - Setting next_dagrun for example_branch_labels to 2022-12-13T00:00:00+00:00, run_after=2022-12-14T00:00:00+00:00
[2022-12-14T17:52:32.015+0000] {processor.py:176} INFO - Processing /home/airflow/.local/lib/python3.7/site-packages/airflow/example_dags/example_branch_labels.py took 0.671 seconds
[2022-12-14T17:53:02.230+0000] {processor.py:154} INFO - Started process (PID=1319) to work on /home/airflow/.local/lib/python3.7/site-packages/airflow/example_dags/example_branch_labels.py
[2022-12-14T17:53:02.231+0000] {processor.py:756} INFO - Processing file /home/airflow/.local/lib/python3.7/site-packages/airflow/example_dags/example_branch_labels.py for tasks to queue
[2022-12-14T17:53:02.232+0000] {logging_mixin.py:137} INFO - [2022-12-14T17:53:02.232+0000] {dagbag.py:537} INFO - Filling up the DagBag from /home/airflow/.local/lib/python3.7/site-packages/airflow/example_dags/example_branch_labels.py
[2022-12-14T17:53:02.258+0000] {processor.py:766} INFO - DAG(s) dict_keys(['example_branch_labels']) retrieved from /home/airflow/.local/lib/python3.7/site-packages/airflow/example_dags/example_branch_labels.py
[2022-12-14T17:53:02.348+0000] {logging_mixin.py:137} INFO - [2022-12-14T17:53:02.348+0000] {dag.py:2585} INFO - Sync 1 DAGs
[2022-12-14T17:53:02.429+0000] {logging_mixin.py:137} INFO - [2022-12-14T17:53:02.428+0000] {dag.py:3340} INFO - Setting next_dagrun for example_branch_labels to 2022-12-13T00:00:00+00:00, run_after=2022-12-14T00:00:00+00:00
[2022-12-14T17:53:02.463+0000] {processor.py:176} INFO - Processing /home/airflow/.local/lib/python3.7/site-packages/airflow/example_dags/example_branch_labels.py took 0.238 seconds
[2022-12-14T17:53:32.652+0000] {processor.py:154} INFO - Started process (PID=1371) to work on /home/airflow/.local/lib/python3.7/site-packages/airflow/example_dags/example_branch_labels.py
[2022-12-14T17:53:32.756+0000] {processor.py:756} INFO - Processing file /home/airflow/.local/lib/python3.7/site-packages/airflow/example_dags/example_branch_labels.py for tasks to queue
[2022-12-14T17:53:32.756+0000] {logging_mixin.py:137} INFO - [2022-12-14T17:53:32.756+0000] {dagbag.py:537} INFO - Filling up the DagBag from /home/airflow/.local/lib/python3.7/site-packages/airflow/example_dags/example_branch_labels.py
[2022-12-14T17:53:32.791+0000] {processor.py:766} INFO - DAG(s) dict_keys(['example_branch_labels']) retrieved from /home/airflow/.local/lib/python3.7/site-packages/airflow/example_dags/example_branch_labels.py
[2022-12-14T17:53:32.866+0000] {logging_mixin.py:137} INFO - [2022-12-14T17:53:32.866+0000] {dag.py:2585} INFO - Sync 1 DAGs
[2022-12-14T17:53:32.920+0000] {logging_mixin.py:137} INFO - [2022-12-14T17:53:32.920+0000] {dag.py:3340} INFO - Setting next_dagrun for example_branch_labels to 2022-12-13T00:00:00+00:00, run_after=2022-12-14T00:00:00+00:00
[2022-12-14T17:53:32.950+0000] {processor.py:176} INFO - Processing /home/airflow/.local/lib/python3.7/site-packages/airflow/example_dags/example_branch_labels.py took 0.305 seconds
[2022-12-14T17:54:03.190+0000] {processor.py:154} INFO - Started process (PID=1426) to work on /home/airflow/.local/lib/python3.7/site-packages/airflow/example_dags/example_branch_labels.py
[2022-12-14T17:54:03.191+0000] {processor.py:756} INFO - Processing file /home/airflow/.local/lib/python3.7/site-packages/airflow/example_dags/example_branch_labels.py for tasks to queue
[2022-12-14T17:54:03.192+0000] {logging_mixin.py:137} INFO - [2022-12-14T17:54:03.192+0000] {dagbag.py:537} INFO - Filling up the DagBag from /home/airflow/.local/lib/python3.7/site-packages/airflow/example_dags/example_branch_labels.py
[2022-12-14T17:54:03.216+0000] {processor.py:766} INFO - DAG(s) dict_keys(['example_branch_labels']) retrieved from /home/airflow/.local/lib/python3.7/site-packages/airflow/example_dags/example_branch_labels.py
[2022-12-14T17:54:03.279+0000] {logging_mixin.py:137} INFO - [2022-12-14T17:54:03.279+0000] {dag.py:2585} INFO - Sync 1 DAGs
[2022-12-14T17:54:03.333+0000] {logging_mixin.py:137} INFO - [2022-12-14T17:54:03.333+0000] {dag.py:3340} INFO - Setting next_dagrun for example_branch_labels to 2022-12-13T00:00:00+00:00, run_after=2022-12-14T00:00:00+00:00
[2022-12-14T17:54:03.365+0000] {processor.py:176} INFO - Processing /home/airflow/.local/lib/python3.7/site-packages/airflow/example_dags/example_branch_labels.py took 0.179 seconds
[2022-12-14T17:54:33.438+0000] {processor.py:154} INFO - Started process (PID=1487) to work on /home/airflow/.local/lib/python3.7/site-packages/airflow/example_dags/example_branch_labels.py
[2022-12-14T17:54:33.439+0000] {processor.py:756} INFO - Processing file /home/airflow/.local/lib/python3.7/site-packages/airflow/example_dags/example_branch_labels.py for tasks to queue
[2022-12-14T17:54:33.440+0000] {logging_mixin.py:137} INFO - [2022-12-14T17:54:33.440+0000] {dagbag.py:537} INFO - Filling up the DagBag from /home/airflow/.local/lib/python3.7/site-packages/airflow/example_dags/example_branch_labels.py
[2022-12-14T17:54:33.491+0000] {processor.py:766} INFO - DAG(s) dict_keys(['example_branch_labels']) retrieved from /home/airflow/.local/lib/python3.7/site-packages/airflow/example_dags/example_branch_labels.py
[2022-12-14T17:54:33.687+0000] {logging_mixin.py:137} INFO - [2022-12-14T17:54:33.686+0000] {dag.py:2585} INFO - Sync 1 DAGs
[2022-12-14T17:54:33.755+0000] {logging_mixin.py:137} INFO - [2022-12-14T17:54:33.754+0000] {dag.py:3340} INFO - Setting next_dagrun for example_branch_labels to 2022-12-13T00:00:00+00:00, run_after=2022-12-14T00:00:00+00:00
[2022-12-14T17:54:33.816+0000] {processor.py:176} INFO - Processing /home/airflow/.local/lib/python3.7/site-packages/airflow/example_dags/example_branch_labels.py took 0.383 seconds
[2022-12-14T17:55:03.944+0000] {processor.py:154} INFO - Started process (PID=1543) to work on /home/airflow/.local/lib/python3.7/site-packages/airflow/example_dags/example_branch_labels.py
[2022-12-14T17:55:03.945+0000] {processor.py:756} INFO - Processing file /home/airflow/.local/lib/python3.7/site-packages/airflow/example_dags/example_branch_labels.py for tasks to queue
[2022-12-14T17:55:03.946+0000] {logging_mixin.py:137} INFO - [2022-12-14T17:55:03.946+0000] {dagbag.py:537} INFO - Filling up the DagBag from /home/airflow/.local/lib/python3.7/site-packages/airflow/example_dags/example_branch_labels.py
[2022-12-14T17:55:03.967+0000] {processor.py:766} INFO - DAG(s) dict_keys(['example_branch_labels']) retrieved from /home/airflow/.local/lib/python3.7/site-packages/airflow/example_dags/example_branch_labels.py
[2022-12-14T17:55:04.030+0000] {logging_mixin.py:137} INFO - [2022-12-14T17:55:04.030+0000] {dag.py:2585} INFO - Sync 1 DAGs
[2022-12-14T17:55:04.087+0000] {logging_mixin.py:137} INFO - [2022-12-14T17:55:04.087+0000] {dag.py:3340} INFO - Setting next_dagrun for example_branch_labels to 2022-12-13T00:00:00+00:00, run_after=2022-12-14T00:00:00+00:00
[2022-12-14T17:55:04.115+0000] {processor.py:176} INFO - Processing /home/airflow/.local/lib/python3.7/site-packages/airflow/example_dags/example_branch_labels.py took 0.176 seconds
[2022-12-14T17:55:34.753+0000] {processor.py:154} INFO - Started process (PID=1596) to work on /home/airflow/.local/lib/python3.7/site-packages/airflow/example_dags/example_branch_labels.py
[2022-12-14T17:55:34.755+0000] {processor.py:756} INFO - Processing file /home/airflow/.local/lib/python3.7/site-packages/airflow/example_dags/example_branch_labels.py for tasks to queue
[2022-12-14T17:55:34.756+0000] {logging_mixin.py:137} INFO - [2022-12-14T17:55:34.756+0000] {dagbag.py:537} INFO - Filling up the DagBag from /home/airflow/.local/lib/python3.7/site-packages/airflow/example_dags/example_branch_labels.py
[2022-12-14T17:55:34.789+0000] {processor.py:766} INFO - DAG(s) dict_keys(['example_branch_labels']) retrieved from /home/airflow/.local/lib/python3.7/site-packages/airflow/example_dags/example_branch_labels.py
[2022-12-14T17:55:34.864+0000] {logging_mixin.py:137} INFO - [2022-12-14T17:55:34.864+0000] {dag.py:2585} INFO - Sync 1 DAGs
[2022-12-14T17:55:34.914+0000] {logging_mixin.py:137} INFO - [2022-12-14T17:55:34.913+0000] {dag.py:3340} INFO - Setting next_dagrun for example_branch_labels to 2022-12-13T00:00:00+00:00, run_after=2022-12-14T00:00:00+00:00
[2022-12-14T17:55:34.941+0000] {processor.py:176} INFO - Processing /home/airflow/.local/lib/python3.7/site-packages/airflow/example_dags/example_branch_labels.py took 0.193 seconds
[2022-12-14T17:56:05.450+0000] {processor.py:154} INFO - Started process (PID=1649) to work on /home/airflow/.local/lib/python3.7/site-packages/airflow/example_dags/example_branch_labels.py
[2022-12-14T17:56:05.451+0000] {processor.py:756} INFO - Processing file /home/airflow/.local/lib/python3.7/site-packages/airflow/example_dags/example_branch_labels.py for tasks to queue
[2022-12-14T17:56:05.452+0000] {logging_mixin.py:137} INFO - [2022-12-14T17:56:05.452+0000] {dagbag.py:537} INFO - Filling up the DagBag from /home/airflow/.local/lib/python3.7/site-packages/airflow/example_dags/example_branch_labels.py
[2022-12-14T17:56:05.473+0000] {processor.py:766} INFO - DAG(s) dict_keys(['example_branch_labels']) retrieved from /home/airflow/.local/lib/python3.7/site-packages/airflow/example_dags/example_branch_labels.py
[2022-12-14T17:56:05.544+0000] {logging_mixin.py:137} INFO - [2022-12-14T17:56:05.544+0000] {dag.py:2585} INFO - Sync 1 DAGs
[2022-12-14T17:56:05.595+0000] {logging_mixin.py:137} INFO - [2022-12-14T17:56:05.595+0000] {dag.py:3340} INFO - Setting next_dagrun for example_branch_labels to 2022-12-13T00:00:00+00:00, run_after=2022-12-14T00:00:00+00:00
[2022-12-14T17:56:05.624+0000] {processor.py:176} INFO - Processing /home/airflow/.local/lib/python3.7/site-packages/airflow/example_dags/example_branch_labels.py took 0.177 seconds
[2022-12-14T17:56:36.490+0000] {processor.py:154} INFO - Started process (PID=1701) to work on /home/airflow/.local/lib/python3.7/site-packages/airflow/example_dags/example_branch_labels.py
[2022-12-14T17:56:36.492+0000] {processor.py:756} INFO - Processing file /home/airflow/.local/lib/python3.7/site-packages/airflow/example_dags/example_branch_labels.py for tasks to queue
[2022-12-14T17:56:36.493+0000] {logging_mixin.py:137} INFO - [2022-12-14T17:56:36.492+0000] {dagbag.py:537} INFO - Filling up the DagBag from /home/airflow/.local/lib/python3.7/site-packages/airflow/example_dags/example_branch_labels.py
[2022-12-14T17:56:36.528+0000] {processor.py:766} INFO - DAG(s) dict_keys(['example_branch_labels']) retrieved from /home/airflow/.local/lib/python3.7/site-packages/airflow/example_dags/example_branch_labels.py
[2022-12-14T17:56:36.613+0000] {logging_mixin.py:137} INFO - [2022-12-14T17:56:36.612+0000] {dag.py:2585} INFO - Sync 1 DAGs
[2022-12-14T17:56:36.683+0000] {logging_mixin.py:137} INFO - [2022-12-14T17:56:36.683+0000] {dag.py:3340} INFO - Setting next_dagrun for example_branch_labels to 2022-12-13T00:00:00+00:00, run_after=2022-12-14T00:00:00+00:00
[2022-12-14T17:56:36.800+0000] {processor.py:176} INFO - Processing /home/airflow/.local/lib/python3.7/site-packages/airflow/example_dags/example_branch_labels.py took 0.315 seconds
[2022-12-14T18:00:14.584+0000] {processor.py:154} INFO - Started process (PID=112) to work on /home/airflow/.local/lib/python3.7/site-packages/airflow/example_dags/example_branch_labels.py
[2022-12-14T18:00:14.586+0000] {processor.py:756} INFO - Processing file /home/airflow/.local/lib/python3.7/site-packages/airflow/example_dags/example_branch_labels.py for tasks to queue
[2022-12-14T18:00:14.587+0000] {logging_mixin.py:137} INFO - [2022-12-14T18:00:14.587+0000] {dagbag.py:537} INFO - Filling up the DagBag from /home/airflow/.local/lib/python3.7/site-packages/airflow/example_dags/example_branch_labels.py
[2022-12-14T18:00:14.630+0000] {processor.py:766} INFO - DAG(s) dict_keys(['example_branch_labels']) retrieved from /home/airflow/.local/lib/python3.7/site-packages/airflow/example_dags/example_branch_labels.py
[2022-12-14T18:00:14.763+0000] {logging_mixin.py:137} INFO - [2022-12-14T18:00:14.762+0000] {dag.py:2585} INFO - Sync 1 DAGs
[2022-12-14T18:00:14.883+0000] {logging_mixin.py:137} INFO - [2022-12-14T18:00:14.883+0000] {dag.py:3340} INFO - Setting next_dagrun for example_branch_labels to 2022-12-13T00:00:00+00:00, run_after=2022-12-14T00:00:00+00:00
[2022-12-14T18:00:14.932+0000] {processor.py:176} INFO - Processing /home/airflow/.local/lib/python3.7/site-packages/airflow/example_dags/example_branch_labels.py took 0.360 seconds
[2022-12-14T18:00:45.782+0000] {processor.py:154} INFO - Started process (PID=166) to work on /home/airflow/.local/lib/python3.7/site-packages/airflow/example_dags/example_branch_labels.py
[2022-12-14T18:00:45.784+0000] {processor.py:756} INFO - Processing file /home/airflow/.local/lib/python3.7/site-packages/airflow/example_dags/example_branch_labels.py for tasks to queue
[2022-12-14T18:00:45.785+0000] {logging_mixin.py:137} INFO - [2022-12-14T18:00:45.784+0000] {dagbag.py:537} INFO - Filling up the DagBag from /home/airflow/.local/lib/python3.7/site-packages/airflow/example_dags/example_branch_labels.py
[2022-12-14T18:00:45.814+0000] {processor.py:766} INFO - DAG(s) dict_keys(['example_branch_labels']) retrieved from /home/airflow/.local/lib/python3.7/site-packages/airflow/example_dags/example_branch_labels.py
[2022-12-14T18:00:45.894+0000] {logging_mixin.py:137} INFO - [2022-12-14T18:00:45.893+0000] {dag.py:2585} INFO - Sync 1 DAGs
[2022-12-14T18:00:45.960+0000] {logging_mixin.py:137} INFO - [2022-12-14T18:00:45.959+0000] {dag.py:3340} INFO - Setting next_dagrun for example_branch_labels to 2022-12-13T00:00:00+00:00, run_after=2022-12-14T00:00:00+00:00
[2022-12-14T18:00:45.992+0000] {processor.py:176} INFO - Processing /home/airflow/.local/lib/python3.7/site-packages/airflow/example_dags/example_branch_labels.py took 0.215 seconds
[2022-12-14T18:01:17.121+0000] {processor.py:154} INFO - Started process (PID=232) to work on /home/airflow/.local/lib/python3.7/site-packages/airflow/example_dags/example_branch_labels.py
[2022-12-14T18:01:17.140+0000] {processor.py:756} INFO - Processing file /home/airflow/.local/lib/python3.7/site-packages/airflow/example_dags/example_branch_labels.py for tasks to queue
[2022-12-14T18:01:17.141+0000] {logging_mixin.py:137} INFO - [2022-12-14T18:01:17.141+0000] {dagbag.py:537} INFO - Filling up the DagBag from /home/airflow/.local/lib/python3.7/site-packages/airflow/example_dags/example_branch_labels.py
[2022-12-14T18:01:17.169+0000] {processor.py:766} INFO - DAG(s) dict_keys(['example_branch_labels']) retrieved from /home/airflow/.local/lib/python3.7/site-packages/airflow/example_dags/example_branch_labels.py
[2022-12-14T18:01:17.252+0000] {logging_mixin.py:137} INFO - [2022-12-14T18:01:17.252+0000] {dag.py:2585} INFO - Sync 1 DAGs
[2022-12-14T18:01:17.316+0000] {logging_mixin.py:137} INFO - [2022-12-14T18:01:17.315+0000] {dag.py:3340} INFO - Setting next_dagrun for example_branch_labels to 2022-12-13T00:00:00+00:00, run_after=2022-12-14T00:00:00+00:00
[2022-12-14T18:01:17.351+0000] {processor.py:176} INFO - Processing /home/airflow/.local/lib/python3.7/site-packages/airflow/example_dags/example_branch_labels.py took 0.234 seconds
[2022-12-14T18:01:48.643+0000] {processor.py:154} INFO - Started process (PID=287) to work on /home/airflow/.local/lib/python3.7/site-packages/airflow/example_dags/example_branch_labels.py
[2022-12-14T18:01:48.645+0000] {processor.py:756} INFO - Processing file /home/airflow/.local/lib/python3.7/site-packages/airflow/example_dags/example_branch_labels.py for tasks to queue
[2022-12-14T18:01:48.645+0000] {logging_mixin.py:137} INFO - [2022-12-14T18:01:48.645+0000] {dagbag.py:537} INFO - Filling up the DagBag from /home/airflow/.local/lib/python3.7/site-packages/airflow/example_dags/example_branch_labels.py
[2022-12-14T18:01:48.676+0000] {processor.py:766} INFO - DAG(s) dict_keys(['example_branch_labels']) retrieved from /home/airflow/.local/lib/python3.7/site-packages/airflow/example_dags/example_branch_labels.py
[2022-12-14T18:01:48.760+0000] {logging_mixin.py:137} INFO - [2022-12-14T18:01:48.760+0000] {dag.py:2585} INFO - Sync 1 DAGs
[2022-12-14T18:01:48.828+0000] {logging_mixin.py:137} INFO - [2022-12-14T18:01:48.828+0000] {dag.py:3340} INFO - Setting next_dagrun for example_branch_labels to 2022-12-13T00:00:00+00:00, run_after=2022-12-14T00:00:00+00:00
[2022-12-14T18:01:48.867+0000] {processor.py:176} INFO - Processing /home/airflow/.local/lib/python3.7/site-packages/airflow/example_dags/example_branch_labels.py took 0.229 seconds
[2022-12-14T18:02:19.965+0000] {processor.py:154} INFO - Started process (PID=350) to work on /home/airflow/.local/lib/python3.7/site-packages/airflow/example_dags/example_branch_labels.py
[2022-12-14T18:02:19.967+0000] {processor.py:756} INFO - Processing file /home/airflow/.local/lib/python3.7/site-packages/airflow/example_dags/example_branch_labels.py for tasks to queue
[2022-12-14T18:02:19.968+0000] {logging_mixin.py:137} INFO - [2022-12-14T18:02:19.968+0000] {dagbag.py:537} INFO - Filling up the DagBag from /home/airflow/.local/lib/python3.7/site-packages/airflow/example_dags/example_branch_labels.py
[2022-12-14T18:02:19.995+0000] {processor.py:766} INFO - DAG(s) dict_keys(['example_branch_labels']) retrieved from /home/airflow/.local/lib/python3.7/site-packages/airflow/example_dags/example_branch_labels.py
[2022-12-14T18:02:20.077+0000] {logging_mixin.py:137} INFO - [2022-12-14T18:02:20.076+0000] {dag.py:2585} INFO - Sync 1 DAGs
[2022-12-14T18:02:20.136+0000] {logging_mixin.py:137} INFO - [2022-12-14T18:02:20.135+0000] {dag.py:3340} INFO - Setting next_dagrun for example_branch_labels to 2022-12-13T00:00:00+00:00, run_after=2022-12-14T00:00:00+00:00
[2022-12-14T18:02:20.170+0000] {processor.py:176} INFO - Processing /home/airflow/.local/lib/python3.7/site-packages/airflow/example_dags/example_branch_labels.py took 0.211 seconds
[2022-12-14T18:02:51.257+0000] {processor.py:154} INFO - Started process (PID=404) to work on /home/airflow/.local/lib/python3.7/site-packages/airflow/example_dags/example_branch_labels.py
[2022-12-14T18:02:51.259+0000] {processor.py:756} INFO - Processing file /home/airflow/.local/lib/python3.7/site-packages/airflow/example_dags/example_branch_labels.py for tasks to queue
[2022-12-14T18:02:51.259+0000] {logging_mixin.py:137} INFO - [2022-12-14T18:02:51.259+0000] {dagbag.py:537} INFO - Filling up the DagBag from /home/airflow/.local/lib/python3.7/site-packages/airflow/example_dags/example_branch_labels.py
[2022-12-14T18:02:51.286+0000] {processor.py:766} INFO - DAG(s) dict_keys(['example_branch_labels']) retrieved from /home/airflow/.local/lib/python3.7/site-packages/airflow/example_dags/example_branch_labels.py
[2022-12-14T18:02:51.355+0000] {logging_mixin.py:137} INFO - [2022-12-14T18:02:51.355+0000] {dag.py:2585} INFO - Sync 1 DAGs
[2022-12-14T18:02:51.410+0000] {logging_mixin.py:137} INFO - [2022-12-14T18:02:51.410+0000] {dag.py:3340} INFO - Setting next_dagrun for example_branch_labels to 2022-12-13T00:00:00+00:00, run_after=2022-12-14T00:00:00+00:00
[2022-12-14T18:02:51.438+0000] {processor.py:176} INFO - Processing /home/airflow/.local/lib/python3.7/site-packages/airflow/example_dags/example_branch_labels.py took 0.185 seconds
[2022-12-14T18:03:23.809+0000] {processor.py:154} INFO - Started process (PID=457) to work on /home/airflow/.local/lib/python3.7/site-packages/airflow/example_dags/example_branch_labels.py
[2022-12-14T18:03:23.809+0000] {processor.py:756} INFO - Processing file /home/airflow/.local/lib/python3.7/site-packages/airflow/example_dags/example_branch_labels.py for tasks to queue
[2022-12-14T18:03:23.810+0000] {logging_mixin.py:137} INFO - [2022-12-14T18:03:23.810+0000] {dagbag.py:537} INFO - Filling up the DagBag from /home/airflow/.local/lib/python3.7/site-packages/airflow/example_dags/example_branch_labels.py
[2022-12-14T18:03:23.835+0000] {processor.py:766} INFO - DAG(s) dict_keys(['example_branch_labels']) retrieved from /home/airflow/.local/lib/python3.7/site-packages/airflow/example_dags/example_branch_labels.py
[2022-12-14T18:03:23.907+0000] {logging_mixin.py:137} INFO - [2022-12-14T18:03:23.907+0000] {dag.py:2585} INFO - Sync 1 DAGs
[2022-12-14T18:03:23.967+0000] {logging_mixin.py:137} INFO - [2022-12-14T18:03:23.966+0000] {dag.py:3340} INFO - Setting next_dagrun for example_branch_labels to 2022-12-13T00:00:00+00:00, run_after=2022-12-14T00:00:00+00:00
[2022-12-14T18:03:24.000+0000] {processor.py:176} INFO - Processing /home/airflow/.local/lib/python3.7/site-packages/airflow/example_dags/example_branch_labels.py took 0.196 seconds
[2022-12-14T18:03:54.577+0000] {processor.py:154} INFO - Started process (PID=520) to work on /home/airflow/.local/lib/python3.7/site-packages/airflow/example_dags/example_branch_labels.py
[2022-12-14T18:03:54.578+0000] {processor.py:756} INFO - Processing file /home/airflow/.local/lib/python3.7/site-packages/airflow/example_dags/example_branch_labels.py for tasks to queue
[2022-12-14T18:03:54.579+0000] {logging_mixin.py:137} INFO - [2022-12-14T18:03:54.579+0000] {dagbag.py:537} INFO - Filling up the DagBag from /home/airflow/.local/lib/python3.7/site-packages/airflow/example_dags/example_branch_labels.py
[2022-12-14T18:03:54.608+0000] {processor.py:766} INFO - DAG(s) dict_keys(['example_branch_labels']) retrieved from /home/airflow/.local/lib/python3.7/site-packages/airflow/example_dags/example_branch_labels.py
[2022-12-14T18:03:54.673+0000] {logging_mixin.py:137} INFO - [2022-12-14T18:03:54.673+0000] {dag.py:2585} INFO - Sync 1 DAGs
[2022-12-14T18:03:54.725+0000] {logging_mixin.py:137} INFO - [2022-12-14T18:03:54.725+0000] {dag.py:3340} INFO - Setting next_dagrun for example_branch_labels to 2022-12-13T00:00:00+00:00, run_after=2022-12-14T00:00:00+00:00
[2022-12-14T18:03:54.754+0000] {processor.py:176} INFO - Processing /home/airflow/.local/lib/python3.7/site-packages/airflow/example_dags/example_branch_labels.py took 0.183 seconds
[2022-12-14T18:04:25.417+0000] {processor.py:154} INFO - Started process (PID=575) to work on /home/airflow/.local/lib/python3.7/site-packages/airflow/example_dags/example_branch_labels.py
[2022-12-14T18:04:25.418+0000] {processor.py:756} INFO - Processing file /home/airflow/.local/lib/python3.7/site-packages/airflow/example_dags/example_branch_labels.py for tasks to queue
[2022-12-14T18:04:25.419+0000] {logging_mixin.py:137} INFO - [2022-12-14T18:04:25.419+0000] {dagbag.py:537} INFO - Filling up the DagBag from /home/airflow/.local/lib/python3.7/site-packages/airflow/example_dags/example_branch_labels.py
[2022-12-14T18:04:25.445+0000] {processor.py:766} INFO - DAG(s) dict_keys(['example_branch_labels']) retrieved from /home/airflow/.local/lib/python3.7/site-packages/airflow/example_dags/example_branch_labels.py
[2022-12-14T18:04:25.521+0000] {logging_mixin.py:137} INFO - [2022-12-14T18:04:25.521+0000] {dag.py:2585} INFO - Sync 1 DAGs
[2022-12-14T18:04:25.580+0000] {logging_mixin.py:137} INFO - [2022-12-14T18:04:25.580+0000] {dag.py:3340} INFO - Setting next_dagrun for example_branch_labels to 2022-12-13T00:00:00+00:00, run_after=2022-12-14T00:00:00+00:00
[2022-12-14T18:04:25.611+0000] {processor.py:176} INFO - Processing /home/airflow/.local/lib/python3.7/site-packages/airflow/example_dags/example_branch_labels.py took 0.198 seconds
[2022-12-14T18:04:57.091+0000] {processor.py:154} INFO - Started process (PID=637) to work on /home/airflow/.local/lib/python3.7/site-packages/airflow/example_dags/example_branch_labels.py
[2022-12-14T18:04:57.095+0000] {processor.py:756} INFO - Processing file /home/airflow/.local/lib/python3.7/site-packages/airflow/example_dags/example_branch_labels.py for tasks to queue
[2022-12-14T18:04:57.096+0000] {logging_mixin.py:137} INFO - [2022-12-14T18:04:57.096+0000] {dagbag.py:537} INFO - Filling up the DagBag from /home/airflow/.local/lib/python3.7/site-packages/airflow/example_dags/example_branch_labels.py
[2022-12-14T18:04:57.125+0000] {processor.py:766} INFO - DAG(s) dict_keys(['example_branch_labels']) retrieved from /home/airflow/.local/lib/python3.7/site-packages/airflow/example_dags/example_branch_labels.py
[2022-12-14T18:04:57.333+0000] {logging_mixin.py:137} INFO - [2022-12-14T18:04:57.332+0000] {dag.py:2585} INFO - Sync 1 DAGs
[2022-12-14T18:04:57.427+0000] {logging_mixin.py:137} INFO - [2022-12-14T18:04:57.427+0000] {dag.py:3340} INFO - Setting next_dagrun for example_branch_labels to 2022-12-13T00:00:00+00:00, run_after=2022-12-14T00:00:00+00:00
[2022-12-14T18:04:57.510+0000] {processor.py:176} INFO - Processing /home/airflow/.local/lib/python3.7/site-packages/airflow/example_dags/example_branch_labels.py took 0.425 seconds
[2022-12-14T18:05:28.033+0000] {processor.py:154} INFO - Started process (PID=694) to work on /home/airflow/.local/lib/python3.7/site-packages/airflow/example_dags/example_branch_labels.py
[2022-12-14T18:05:28.034+0000] {processor.py:756} INFO - Processing file /home/airflow/.local/lib/python3.7/site-packages/airflow/example_dags/example_branch_labels.py for tasks to queue
[2022-12-14T18:05:28.035+0000] {logging_mixin.py:137} INFO - [2022-12-14T18:05:28.035+0000] {dagbag.py:537} INFO - Filling up the DagBag from /home/airflow/.local/lib/python3.7/site-packages/airflow/example_dags/example_branch_labels.py
[2022-12-14T18:05:28.065+0000] {processor.py:766} INFO - DAG(s) dict_keys(['example_branch_labels']) retrieved from /home/airflow/.local/lib/python3.7/site-packages/airflow/example_dags/example_branch_labels.py
[2022-12-14T18:05:28.139+0000] {logging_mixin.py:137} INFO - [2022-12-14T18:05:28.138+0000] {dag.py:2585} INFO - Sync 1 DAGs
[2022-12-14T18:05:28.196+0000] {logging_mixin.py:137} INFO - [2022-12-14T18:05:28.196+0000] {dag.py:3340} INFO - Setting next_dagrun for example_branch_labels to 2022-12-13T00:00:00+00:00, run_after=2022-12-14T00:00:00+00:00
[2022-12-14T18:05:28.234+0000] {processor.py:176} INFO - Processing /home/airflow/.local/lib/python3.7/site-packages/airflow/example_dags/example_branch_labels.py took 0.207 seconds
[2022-12-14T18:05:59.155+0000] {processor.py:154} INFO - Started process (PID=749) to work on /home/airflow/.local/lib/python3.7/site-packages/airflow/example_dags/example_branch_labels.py
[2022-12-14T18:05:59.158+0000] {processor.py:756} INFO - Processing file /home/airflow/.local/lib/python3.7/site-packages/airflow/example_dags/example_branch_labels.py for tasks to queue
[2022-12-14T18:05:59.159+0000] {logging_mixin.py:137} INFO - [2022-12-14T18:05:59.159+0000] {dagbag.py:537} INFO - Filling up the DagBag from /home/airflow/.local/lib/python3.7/site-packages/airflow/example_dags/example_branch_labels.py
[2022-12-14T18:05:59.189+0000] {processor.py:766} INFO - DAG(s) dict_keys(['example_branch_labels']) retrieved from /home/airflow/.local/lib/python3.7/site-packages/airflow/example_dags/example_branch_labels.py
[2022-12-14T18:05:59.271+0000] {logging_mixin.py:137} INFO - [2022-12-14T18:05:59.271+0000] {dag.py:2585} INFO - Sync 1 DAGs
[2022-12-14T18:05:59.332+0000] {logging_mixin.py:137} INFO - [2022-12-14T18:05:59.332+0000] {dag.py:3340} INFO - Setting next_dagrun for example_branch_labels to 2022-12-13T00:00:00+00:00, run_after=2022-12-14T00:00:00+00:00
[2022-12-14T18:05:59.374+0000] {processor.py:176} INFO - Processing /home/airflow/.local/lib/python3.7/site-packages/airflow/example_dags/example_branch_labels.py took 0.224 seconds
[2022-12-14T18:06:30.840+0000] {processor.py:154} INFO - Started process (PID=812) to work on /home/airflow/.local/lib/python3.7/site-packages/airflow/example_dags/example_branch_labels.py
[2022-12-14T18:06:30.841+0000] {processor.py:756} INFO - Processing file /home/airflow/.local/lib/python3.7/site-packages/airflow/example_dags/example_branch_labels.py for tasks to queue
[2022-12-14T18:06:30.842+0000] {logging_mixin.py:137} INFO - [2022-12-14T18:06:30.842+0000] {dagbag.py:537} INFO - Filling up the DagBag from /home/airflow/.local/lib/python3.7/site-packages/airflow/example_dags/example_branch_labels.py
[2022-12-14T18:06:30.914+0000] {processor.py:766} INFO - DAG(s) dict_keys(['example_branch_labels']) retrieved from /home/airflow/.local/lib/python3.7/site-packages/airflow/example_dags/example_branch_labels.py
[2022-12-14T18:06:31.007+0000] {logging_mixin.py:137} INFO - [2022-12-14T18:06:31.006+0000] {dag.py:2585} INFO - Sync 1 DAGs
[2022-12-14T18:06:31.073+0000] {logging_mixin.py:137} INFO - [2022-12-14T18:06:31.073+0000] {dag.py:3340} INFO - Setting next_dagrun for example_branch_labels to 2022-12-13T00:00:00+00:00, run_after=2022-12-14T00:00:00+00:00
[2022-12-14T18:06:31.107+0000] {processor.py:176} INFO - Processing /home/airflow/.local/lib/python3.7/site-packages/airflow/example_dags/example_branch_labels.py took 0.285 seconds
