[2022-12-14T17:42:00.117+0000] {processor.py:154} INFO - Started process (PID=78) to work on /home/airflow/.local/lib/python3.7/site-packages/airflow/example_dags/example_sla_dag.py
[2022-12-14T17:42:00.136+0000] {processor.py:756} INFO - Processing file /home/airflow/.local/lib/python3.7/site-packages/airflow/example_dags/example_sla_dag.py for tasks to queue
[2022-12-14T17:42:00.137+0000] {logging_mixin.py:137} INFO - [2022-12-14T17:42:00.137+0000] {dagbag.py:537} INFO - Filling up the DagBag from /home/airflow/.local/lib/python3.7/site-packages/airflow/example_dags/example_sla_dag.py
[2022-12-14T17:42:00.433+0000] {processor.py:766} INFO - DAG(s) dict_keys(['example_sla_dag']) retrieved from /home/airflow/.local/lib/python3.7/site-packages/airflow/example_dags/example_sla_dag.py
[2022-12-14T17:42:00.839+0000] {logging_mixin.py:137} INFO - [2022-12-14T17:42:00.839+0000] {dag.py:2585} INFO - Sync 1 DAGs
[2022-12-14T17:42:01.178+0000] {logging_mixin.py:137} INFO - [2022-12-14T17:42:01.158+0000] {dag.py:3340} INFO - Setting next_dagrun for example_sla_dag to 2022-12-14T17:40:00+00:00, run_after=2022-12-14T17:42:00+00:00
[2022-12-14T17:42:01.289+0000] {processor.py:176} INFO - Processing /home/airflow/.local/lib/python3.7/site-packages/airflow/example_dags/example_sla_dag.py took 1.194 seconds
[2022-12-14T17:42:31.925+0000] {processor.py:154} INFO - Started process (PID=132) to work on /home/airflow/.local/lib/python3.7/site-packages/airflow/example_dags/example_sla_dag.py
[2022-12-14T17:42:31.933+0000] {processor.py:756} INFO - Processing file /home/airflow/.local/lib/python3.7/site-packages/airflow/example_dags/example_sla_dag.py for tasks to queue
[2022-12-14T17:42:31.934+0000] {logging_mixin.py:137} INFO - [2022-12-14T17:42:31.933+0000] {dagbag.py:537} INFO - Filling up the DagBag from /home/airflow/.local/lib/python3.7/site-packages/airflow/example_dags/example_sla_dag.py
[2022-12-14T17:42:31.970+0000] {processor.py:766} INFO - DAG(s) dict_keys(['example_sla_dag']) retrieved from /home/airflow/.local/lib/python3.7/site-packages/airflow/example_dags/example_sla_dag.py
[2022-12-14T17:42:32.046+0000] {logging_mixin.py:137} INFO - [2022-12-14T17:42:32.046+0000] {dag.py:2585} INFO - Sync 1 DAGs
[2022-12-14T17:42:32.109+0000] {logging_mixin.py:137} INFO - [2022-12-14T17:42:32.109+0000] {dag.py:3340} INFO - Setting next_dagrun for example_sla_dag to 2022-12-14T17:40:00+00:00, run_after=2022-12-14T17:42:00+00:00
[2022-12-14T17:42:32.205+0000] {processor.py:176} INFO - Processing /home/airflow/.local/lib/python3.7/site-packages/airflow/example_dags/example_sla_dag.py took 0.285 seconds
[2022-12-14T17:43:02.946+0000] {processor.py:154} INFO - Started process (PID=193) to work on /home/airflow/.local/lib/python3.7/site-packages/airflow/example_dags/example_sla_dag.py
[2022-12-14T17:43:02.947+0000] {processor.py:756} INFO - Processing file /home/airflow/.local/lib/python3.7/site-packages/airflow/example_dags/example_sla_dag.py for tasks to queue
[2022-12-14T17:43:02.954+0000] {logging_mixin.py:137} INFO - [2022-12-14T17:43:02.954+0000] {dagbag.py:537} INFO - Filling up the DagBag from /home/airflow/.local/lib/python3.7/site-packages/airflow/example_dags/example_sla_dag.py
[2022-12-14T17:43:02.994+0000] {processor.py:766} INFO - DAG(s) dict_keys(['example_sla_dag']) retrieved from /home/airflow/.local/lib/python3.7/site-packages/airflow/example_dags/example_sla_dag.py
[2022-12-14T17:43:03.064+0000] {logging_mixin.py:137} INFO - [2022-12-14T17:43:03.064+0000] {dag.py:2585} INFO - Sync 1 DAGs
[2022-12-14T17:43:03.130+0000] {logging_mixin.py:137} INFO - [2022-12-14T17:43:03.130+0000] {dag.py:3340} INFO - Setting next_dagrun for example_sla_dag to 2022-12-14T17:40:00+00:00, run_after=2022-12-14T17:42:00+00:00
[2022-12-14T17:43:03.168+0000] {processor.py:176} INFO - Processing /home/airflow/.local/lib/python3.7/site-packages/airflow/example_dags/example_sla_dag.py took 0.227 seconds
[2022-12-14T17:43:33.294+0000] {processor.py:154} INFO - Started process (PID=251) to work on /home/airflow/.local/lib/python3.7/site-packages/airflow/example_dags/example_sla_dag.py
[2022-12-14T17:43:33.295+0000] {processor.py:756} INFO - Processing file /home/airflow/.local/lib/python3.7/site-packages/airflow/example_dags/example_sla_dag.py for tasks to queue
[2022-12-14T17:43:33.295+0000] {logging_mixin.py:137} INFO - [2022-12-14T17:43:33.295+0000] {dagbag.py:537} INFO - Filling up the DagBag from /home/airflow/.local/lib/python3.7/site-packages/airflow/example_dags/example_sla_dag.py
[2022-12-14T17:43:33.331+0000] {processor.py:766} INFO - DAG(s) dict_keys(['example_sla_dag']) retrieved from /home/airflow/.local/lib/python3.7/site-packages/airflow/example_dags/example_sla_dag.py
[2022-12-14T17:43:33.389+0000] {logging_mixin.py:137} INFO - [2022-12-14T17:43:33.389+0000] {dag.py:2585} INFO - Sync 1 DAGs
[2022-12-14T17:43:33.447+0000] {logging_mixin.py:137} INFO - [2022-12-14T17:43:33.447+0000] {dag.py:3340} INFO - Setting next_dagrun for example_sla_dag to 2022-12-14T17:40:00+00:00, run_after=2022-12-14T17:42:00+00:00
[2022-12-14T17:43:33.482+0000] {processor.py:176} INFO - Processing /home/airflow/.local/lib/python3.7/site-packages/airflow/example_dags/example_sla_dag.py took 0.192 seconds
[2022-12-14T17:44:03.961+0000] {processor.py:154} INFO - Started process (PID=306) to work on /home/airflow/.local/lib/python3.7/site-packages/airflow/example_dags/example_sla_dag.py
[2022-12-14T17:44:03.962+0000] {processor.py:756} INFO - Processing file /home/airflow/.local/lib/python3.7/site-packages/airflow/example_dags/example_sla_dag.py for tasks to queue
[2022-12-14T17:44:03.963+0000] {logging_mixin.py:137} INFO - [2022-12-14T17:44:03.963+0000] {dagbag.py:537} INFO - Filling up the DagBag from /home/airflow/.local/lib/python3.7/site-packages/airflow/example_dags/example_sla_dag.py
[2022-12-14T17:44:04.005+0000] {processor.py:766} INFO - DAG(s) dict_keys(['example_sla_dag']) retrieved from /home/airflow/.local/lib/python3.7/site-packages/airflow/example_dags/example_sla_dag.py
[2022-12-14T17:44:04.067+0000] {logging_mixin.py:137} INFO - [2022-12-14T17:44:04.067+0000] {dag.py:2585} INFO - Sync 1 DAGs
[2022-12-14T17:44:04.125+0000] {logging_mixin.py:137} INFO - [2022-12-14T17:44:04.125+0000] {dag.py:3340} INFO - Setting next_dagrun for example_sla_dag to 2022-12-14T17:42:00+00:00, run_after=2022-12-14T17:44:00+00:00
[2022-12-14T17:44:04.156+0000] {processor.py:176} INFO - Processing /home/airflow/.local/lib/python3.7/site-packages/airflow/example_dags/example_sla_dag.py took 0.200 seconds
[2022-12-14T17:44:34.241+0000] {processor.py:154} INFO - Started process (PID=368) to work on /home/airflow/.local/lib/python3.7/site-packages/airflow/example_dags/example_sla_dag.py
[2022-12-14T17:44:34.242+0000] {processor.py:756} INFO - Processing file /home/airflow/.local/lib/python3.7/site-packages/airflow/example_dags/example_sla_dag.py for tasks to queue
[2022-12-14T17:44:34.242+0000] {logging_mixin.py:137} INFO - [2022-12-14T17:44:34.242+0000] {dagbag.py:537} INFO - Filling up the DagBag from /home/airflow/.local/lib/python3.7/site-packages/airflow/example_dags/example_sla_dag.py
[2022-12-14T17:44:34.278+0000] {processor.py:766} INFO - DAG(s) dict_keys(['example_sla_dag']) retrieved from /home/airflow/.local/lib/python3.7/site-packages/airflow/example_dags/example_sla_dag.py
[2022-12-14T17:44:34.333+0000] {logging_mixin.py:137} INFO - [2022-12-14T17:44:34.333+0000] {dag.py:2585} INFO - Sync 1 DAGs
[2022-12-14T17:44:34.381+0000] {logging_mixin.py:137} INFO - [2022-12-14T17:44:34.381+0000] {dag.py:3340} INFO - Setting next_dagrun for example_sla_dag to 2022-12-14T17:42:00+00:00, run_after=2022-12-14T17:44:00+00:00
[2022-12-14T17:44:34.404+0000] {processor.py:176} INFO - Processing /home/airflow/.local/lib/python3.7/site-packages/airflow/example_dags/example_sla_dag.py took 0.167 seconds
[2022-12-14T17:45:05.013+0000] {processor.py:154} INFO - Started process (PID=423) to work on /home/airflow/.local/lib/python3.7/site-packages/airflow/example_dags/example_sla_dag.py
[2022-12-14T17:45:05.015+0000] {processor.py:756} INFO - Processing file /home/airflow/.local/lib/python3.7/site-packages/airflow/example_dags/example_sla_dag.py for tasks to queue
[2022-12-14T17:45:05.015+0000] {logging_mixin.py:137} INFO - [2022-12-14T17:45:05.015+0000] {dagbag.py:537} INFO - Filling up the DagBag from /home/airflow/.local/lib/python3.7/site-packages/airflow/example_dags/example_sla_dag.py
[2022-12-14T17:45:05.052+0000] {processor.py:766} INFO - DAG(s) dict_keys(['example_sla_dag']) retrieved from /home/airflow/.local/lib/python3.7/site-packages/airflow/example_dags/example_sla_dag.py
[2022-12-14T17:45:05.119+0000] {logging_mixin.py:137} INFO - [2022-12-14T17:45:05.119+0000] {dag.py:2585} INFO - Sync 1 DAGs
[2022-12-14T17:45:05.196+0000] {logging_mixin.py:137} INFO - [2022-12-14T17:45:05.196+0000] {dag.py:3340} INFO - Setting next_dagrun for example_sla_dag to 2022-12-14T17:42:00+00:00, run_after=2022-12-14T17:44:00+00:00
[2022-12-14T17:45:05.228+0000] {processor.py:176} INFO - Processing /home/airflow/.local/lib/python3.7/site-packages/airflow/example_dags/example_sla_dag.py took 0.219 seconds
[2022-12-14T17:45:35.694+0000] {processor.py:154} INFO - Started process (PID=486) to work on /home/airflow/.local/lib/python3.7/site-packages/airflow/example_dags/example_sla_dag.py
[2022-12-14T17:45:35.695+0000] {processor.py:756} INFO - Processing file /home/airflow/.local/lib/python3.7/site-packages/airflow/example_dags/example_sla_dag.py for tasks to queue
[2022-12-14T17:45:35.696+0000] {logging_mixin.py:137} INFO - [2022-12-14T17:45:35.696+0000] {dagbag.py:537} INFO - Filling up the DagBag from /home/airflow/.local/lib/python3.7/site-packages/airflow/example_dags/example_sla_dag.py
[2022-12-14T17:45:35.731+0000] {processor.py:766} INFO - DAG(s) dict_keys(['example_sla_dag']) retrieved from /home/airflow/.local/lib/python3.7/site-packages/airflow/example_dags/example_sla_dag.py
[2022-12-14T17:45:35.788+0000] {logging_mixin.py:137} INFO - [2022-12-14T17:45:35.788+0000] {dag.py:2585} INFO - Sync 1 DAGs
[2022-12-14T17:45:35.840+0000] {logging_mixin.py:137} INFO - [2022-12-14T17:45:35.840+0000] {dag.py:3340} INFO - Setting next_dagrun for example_sla_dag to 2022-12-14T17:42:00+00:00, run_after=2022-12-14T17:44:00+00:00
[2022-12-14T17:45:35.940+0000] {processor.py:176} INFO - Processing /home/airflow/.local/lib/python3.7/site-packages/airflow/example_dags/example_sla_dag.py took 0.250 seconds
[2022-12-14T17:46:06.069+0000] {processor.py:154} INFO - Started process (PID=540) to work on /home/airflow/.local/lib/python3.7/site-packages/airflow/example_dags/example_sla_dag.py
[2022-12-14T17:46:06.070+0000] {processor.py:756} INFO - Processing file /home/airflow/.local/lib/python3.7/site-packages/airflow/example_dags/example_sla_dag.py for tasks to queue
[2022-12-14T17:46:06.071+0000] {logging_mixin.py:137} INFO - [2022-12-14T17:46:06.070+0000] {dagbag.py:537} INFO - Filling up the DagBag from /home/airflow/.local/lib/python3.7/site-packages/airflow/example_dags/example_sla_dag.py
[2022-12-14T17:46:06.101+0000] {processor.py:766} INFO - DAG(s) dict_keys(['example_sla_dag']) retrieved from /home/airflow/.local/lib/python3.7/site-packages/airflow/example_dags/example_sla_dag.py
[2022-12-14T17:46:06.157+0000] {logging_mixin.py:137} INFO - [2022-12-14T17:46:06.157+0000] {dag.py:2585} INFO - Sync 1 DAGs
[2022-12-14T17:46:06.203+0000] {logging_mixin.py:137} INFO - [2022-12-14T17:46:06.203+0000] {dag.py:3340} INFO - Setting next_dagrun for example_sla_dag to 2022-12-14T17:44:00+00:00, run_after=2022-12-14T17:46:00+00:00
[2022-12-14T17:46:06.260+0000] {processor.py:176} INFO - Processing /home/airflow/.local/lib/python3.7/site-packages/airflow/example_dags/example_sla_dag.py took 0.195 seconds
[2022-12-14T17:46:36.908+0000] {processor.py:154} INFO - Started process (PID=600) to work on /home/airflow/.local/lib/python3.7/site-packages/airflow/example_dags/example_sla_dag.py
[2022-12-14T17:46:36.915+0000] {processor.py:756} INFO - Processing file /home/airflow/.local/lib/python3.7/site-packages/airflow/example_dags/example_sla_dag.py for tasks to queue
[2022-12-14T17:46:36.916+0000] {logging_mixin.py:137} INFO - [2022-12-14T17:46:36.915+0000] {dagbag.py:537} INFO - Filling up the DagBag from /home/airflow/.local/lib/python3.7/site-packages/airflow/example_dags/example_sla_dag.py
[2022-12-14T17:46:37.012+0000] {processor.py:766} INFO - DAG(s) dict_keys(['example_sla_dag']) retrieved from /home/airflow/.local/lib/python3.7/site-packages/airflow/example_dags/example_sla_dag.py
[2022-12-14T17:46:37.145+0000] {logging_mixin.py:137} INFO - [2022-12-14T17:46:37.145+0000] {dag.py:2585} INFO - Sync 1 DAGs
[2022-12-14T17:46:37.311+0000] {logging_mixin.py:137} INFO - [2022-12-14T17:46:37.311+0000] {dag.py:3340} INFO - Setting next_dagrun for example_sla_dag to 2022-12-14T17:44:00+00:00, run_after=2022-12-14T17:46:00+00:00
[2022-12-14T17:46:37.406+0000] {processor.py:176} INFO - Processing /home/airflow/.local/lib/python3.7/site-packages/airflow/example_dags/example_sla_dag.py took 0.523 seconds
[2022-12-14T17:47:07.558+0000] {processor.py:154} INFO - Started process (PID=655) to work on /home/airflow/.local/lib/python3.7/site-packages/airflow/example_dags/example_sla_dag.py
[2022-12-14T17:47:07.559+0000] {processor.py:756} INFO - Processing file /home/airflow/.local/lib/python3.7/site-packages/airflow/example_dags/example_sla_dag.py for tasks to queue
[2022-12-14T17:47:07.560+0000] {logging_mixin.py:137} INFO - [2022-12-14T17:47:07.560+0000] {dagbag.py:537} INFO - Filling up the DagBag from /home/airflow/.local/lib/python3.7/site-packages/airflow/example_dags/example_sla_dag.py
[2022-12-14T17:47:07.594+0000] {processor.py:766} INFO - DAG(s) dict_keys(['example_sla_dag']) retrieved from /home/airflow/.local/lib/python3.7/site-packages/airflow/example_dags/example_sla_dag.py
[2022-12-14T17:47:07.655+0000] {logging_mixin.py:137} INFO - [2022-12-14T17:47:07.655+0000] {dag.py:2585} INFO - Sync 1 DAGs
[2022-12-14T17:47:07.709+0000] {logging_mixin.py:137} INFO - [2022-12-14T17:47:07.709+0000] {dag.py:3340} INFO - Setting next_dagrun for example_sla_dag to 2022-12-14T17:44:00+00:00, run_after=2022-12-14T17:46:00+00:00
[2022-12-14T17:47:07.738+0000] {processor.py:176} INFO - Processing /home/airflow/.local/lib/python3.7/site-packages/airflow/example_dags/example_sla_dag.py took 0.184 seconds
[2022-12-14T17:47:38.030+0000] {processor.py:154} INFO - Started process (PID=710) to work on /home/airflow/.local/lib/python3.7/site-packages/airflow/example_dags/example_sla_dag.py
[2022-12-14T17:47:38.031+0000] {processor.py:756} INFO - Processing file /home/airflow/.local/lib/python3.7/site-packages/airflow/example_dags/example_sla_dag.py for tasks to queue
[2022-12-14T17:47:38.032+0000] {logging_mixin.py:137} INFO - [2022-12-14T17:47:38.032+0000] {dagbag.py:537} INFO - Filling up the DagBag from /home/airflow/.local/lib/python3.7/site-packages/airflow/example_dags/example_sla_dag.py
[2022-12-14T17:47:38.066+0000] {processor.py:766} INFO - DAG(s) dict_keys(['example_sla_dag']) retrieved from /home/airflow/.local/lib/python3.7/site-packages/airflow/example_dags/example_sla_dag.py
[2022-12-14T17:47:38.125+0000] {logging_mixin.py:137} INFO - [2022-12-14T17:47:38.125+0000] {dag.py:2585} INFO - Sync 1 DAGs
[2022-12-14T17:47:38.174+0000] {logging_mixin.py:137} INFO - [2022-12-14T17:47:38.174+0000] {dag.py:3340} INFO - Setting next_dagrun for example_sla_dag to 2022-12-14T17:44:00+00:00, run_after=2022-12-14T17:46:00+00:00
[2022-12-14T17:47:38.199+0000] {processor.py:176} INFO - Processing /home/airflow/.local/lib/python3.7/site-packages/airflow/example_dags/example_sla_dag.py took 0.173 seconds
[2022-12-14T17:48:08.532+0000] {processor.py:154} INFO - Started process (PID=773) to work on /home/airflow/.local/lib/python3.7/site-packages/airflow/example_dags/example_sla_dag.py
[2022-12-14T17:48:08.533+0000] {processor.py:756} INFO - Processing file /home/airflow/.local/lib/python3.7/site-packages/airflow/example_dags/example_sla_dag.py for tasks to queue
[2022-12-14T17:48:08.534+0000] {logging_mixin.py:137} INFO - [2022-12-14T17:48:08.534+0000] {dagbag.py:537} INFO - Filling up the DagBag from /home/airflow/.local/lib/python3.7/site-packages/airflow/example_dags/example_sla_dag.py
[2022-12-14T17:48:08.625+0000] {processor.py:766} INFO - DAG(s) dict_keys(['example_sla_dag']) retrieved from /home/airflow/.local/lib/python3.7/site-packages/airflow/example_dags/example_sla_dag.py
[2022-12-14T17:48:08.763+0000] {logging_mixin.py:137} INFO - [2022-12-14T17:48:08.763+0000] {dag.py:2585} INFO - Sync 1 DAGs
[2022-12-14T17:48:08.930+0000] {logging_mixin.py:137} INFO - [2022-12-14T17:48:08.906+0000] {dag.py:3340} INFO - Setting next_dagrun for example_sla_dag to 2022-12-14T17:46:00+00:00, run_after=2022-12-14T17:48:00+00:00
[2022-12-14T17:48:09.007+0000] {processor.py:176} INFO - Processing /home/airflow/.local/lib/python3.7/site-packages/airflow/example_dags/example_sla_dag.py took 0.480 seconds
[2022-12-14T17:48:39.098+0000] {processor.py:154} INFO - Started process (PID=828) to work on /home/airflow/.local/lib/python3.7/site-packages/airflow/example_dags/example_sla_dag.py
[2022-12-14T17:48:39.099+0000] {processor.py:756} INFO - Processing file /home/airflow/.local/lib/python3.7/site-packages/airflow/example_dags/example_sla_dag.py for tasks to queue
[2022-12-14T17:48:39.100+0000] {logging_mixin.py:137} INFO - [2022-12-14T17:48:39.100+0000] {dagbag.py:537} INFO - Filling up the DagBag from /home/airflow/.local/lib/python3.7/site-packages/airflow/example_dags/example_sla_dag.py
[2022-12-14T17:48:39.134+0000] {processor.py:766} INFO - DAG(s) dict_keys(['example_sla_dag']) retrieved from /home/airflow/.local/lib/python3.7/site-packages/airflow/example_dags/example_sla_dag.py
[2022-12-14T17:48:39.193+0000] {logging_mixin.py:137} INFO - [2022-12-14T17:48:39.193+0000] {dag.py:2585} INFO - Sync 1 DAGs
[2022-12-14T17:48:39.247+0000] {logging_mixin.py:137} INFO - [2022-12-14T17:48:39.247+0000] {dag.py:3340} INFO - Setting next_dagrun for example_sla_dag to 2022-12-14T17:46:00+00:00, run_after=2022-12-14T17:48:00+00:00
[2022-12-14T17:48:39.273+0000] {processor.py:176} INFO - Processing /home/airflow/.local/lib/python3.7/site-packages/airflow/example_dags/example_sla_dag.py took 0.181 seconds
[2022-12-14T17:49:09.451+0000] {processor.py:154} INFO - Started process (PID=883) to work on /home/airflow/.local/lib/python3.7/site-packages/airflow/example_dags/example_sla_dag.py
[2022-12-14T17:49:09.453+0000] {processor.py:756} INFO - Processing file /home/airflow/.local/lib/python3.7/site-packages/airflow/example_dags/example_sla_dag.py for tasks to queue
[2022-12-14T17:49:09.453+0000] {logging_mixin.py:137} INFO - [2022-12-14T17:49:09.453+0000] {dagbag.py:537} INFO - Filling up the DagBag from /home/airflow/.local/lib/python3.7/site-packages/airflow/example_dags/example_sla_dag.py
[2022-12-14T17:49:09.490+0000] {processor.py:766} INFO - DAG(s) dict_keys(['example_sla_dag']) retrieved from /home/airflow/.local/lib/python3.7/site-packages/airflow/example_dags/example_sla_dag.py
[2022-12-14T17:49:09.550+0000] {logging_mixin.py:137} INFO - [2022-12-14T17:49:09.550+0000] {dag.py:2585} INFO - Sync 1 DAGs
[2022-12-14T17:49:09.610+0000] {logging_mixin.py:137} INFO - [2022-12-14T17:49:09.610+0000] {dag.py:3340} INFO - Setting next_dagrun for example_sla_dag to 2022-12-14T17:46:00+00:00, run_after=2022-12-14T17:48:00+00:00
[2022-12-14T17:49:09.639+0000] {processor.py:176} INFO - Processing /home/airflow/.local/lib/python3.7/site-packages/airflow/example_dags/example_sla_dag.py took 0.195 seconds
[2022-12-14T17:49:39.920+0000] {processor.py:154} INFO - Started process (PID=947) to work on /home/airflow/.local/lib/python3.7/site-packages/airflow/example_dags/example_sla_dag.py
[2022-12-14T17:49:39.921+0000] {processor.py:756} INFO - Processing file /home/airflow/.local/lib/python3.7/site-packages/airflow/example_dags/example_sla_dag.py for tasks to queue
[2022-12-14T17:49:39.921+0000] {logging_mixin.py:137} INFO - [2022-12-14T17:49:39.921+0000] {dagbag.py:537} INFO - Filling up the DagBag from /home/airflow/.local/lib/python3.7/site-packages/airflow/example_dags/example_sla_dag.py
[2022-12-14T17:49:39.960+0000] {processor.py:766} INFO - DAG(s) dict_keys(['example_sla_dag']) retrieved from /home/airflow/.local/lib/python3.7/site-packages/airflow/example_dags/example_sla_dag.py
[2022-12-14T17:49:40.027+0000] {logging_mixin.py:137} INFO - [2022-12-14T17:49:40.026+0000] {dag.py:2585} INFO - Sync 1 DAGs
[2022-12-14T17:49:40.095+0000] {logging_mixin.py:137} INFO - [2022-12-14T17:49:40.095+0000] {dag.py:3340} INFO - Setting next_dagrun for example_sla_dag to 2022-12-14T17:46:00+00:00, run_after=2022-12-14T17:48:00+00:00
[2022-12-14T17:49:40.164+0000] {processor.py:176} INFO - Processing /home/airflow/.local/lib/python3.7/site-packages/airflow/example_dags/example_sla_dag.py took 0.249 seconds
[2022-12-14T17:50:10.881+0000] {processor.py:154} INFO - Started process (PID=1001) to work on /home/airflow/.local/lib/python3.7/site-packages/airflow/example_dags/example_sla_dag.py
[2022-12-14T17:50:10.883+0000] {processor.py:756} INFO - Processing file /home/airflow/.local/lib/python3.7/site-packages/airflow/example_dags/example_sla_dag.py for tasks to queue
[2022-12-14T17:50:10.883+0000] {logging_mixin.py:137} INFO - [2022-12-14T17:50:10.883+0000] {dagbag.py:537} INFO - Filling up the DagBag from /home/airflow/.local/lib/python3.7/site-packages/airflow/example_dags/example_sla_dag.py
[2022-12-14T17:50:10.931+0000] {processor.py:766} INFO - DAG(s) dict_keys(['example_sla_dag']) retrieved from /home/airflow/.local/lib/python3.7/site-packages/airflow/example_dags/example_sla_dag.py
[2022-12-14T17:50:10.997+0000] {logging_mixin.py:137} INFO - [2022-12-14T17:50:10.997+0000] {dag.py:2585} INFO - Sync 1 DAGs
[2022-12-14T17:50:11.063+0000] {logging_mixin.py:137} INFO - [2022-12-14T17:50:11.063+0000] {dag.py:3340} INFO - Setting next_dagrun for example_sla_dag to 2022-12-14T17:48:00+00:00, run_after=2022-12-14T17:50:00+00:00
[2022-12-14T17:50:11.119+0000] {processor.py:176} INFO - Processing /home/airflow/.local/lib/python3.7/site-packages/airflow/example_dags/example_sla_dag.py took 0.242 seconds
[2022-12-14T17:50:41.186+0000] {processor.py:154} INFO - Started process (PID=1056) to work on /home/airflow/.local/lib/python3.7/site-packages/airflow/example_dags/example_sla_dag.py
[2022-12-14T17:50:41.187+0000] {processor.py:756} INFO - Processing file /home/airflow/.local/lib/python3.7/site-packages/airflow/example_dags/example_sla_dag.py for tasks to queue
[2022-12-14T17:50:41.187+0000] {logging_mixin.py:137} INFO - [2022-12-14T17:50:41.187+0000] {dagbag.py:537} INFO - Filling up the DagBag from /home/airflow/.local/lib/python3.7/site-packages/airflow/example_dags/example_sla_dag.py
[2022-12-14T17:50:41.224+0000] {processor.py:766} INFO - DAG(s) dict_keys(['example_sla_dag']) retrieved from /home/airflow/.local/lib/python3.7/site-packages/airflow/example_dags/example_sla_dag.py
[2022-12-14T17:50:41.284+0000] {logging_mixin.py:137} INFO - [2022-12-14T17:50:41.284+0000] {dag.py:2585} INFO - Sync 1 DAGs
[2022-12-14T17:50:41.346+0000] {logging_mixin.py:137} INFO - [2022-12-14T17:50:41.346+0000] {dag.py:3340} INFO - Setting next_dagrun for example_sla_dag to 2022-12-14T17:48:00+00:00, run_after=2022-12-14T17:50:00+00:00
[2022-12-14T17:50:41.380+0000] {processor.py:176} INFO - Processing /home/airflow/.local/lib/python3.7/site-packages/airflow/example_dags/example_sla_dag.py took 0.198 seconds
[2022-12-14T17:51:12.050+0000] {processor.py:154} INFO - Started process (PID=1121) to work on /home/airflow/.local/lib/python3.7/site-packages/airflow/example_dags/example_sla_dag.py
[2022-12-14T17:51:12.060+0000] {processor.py:756} INFO - Processing file /home/airflow/.local/lib/python3.7/site-packages/airflow/example_dags/example_sla_dag.py for tasks to queue
[2022-12-14T17:51:12.061+0000] {logging_mixin.py:137} INFO - [2022-12-14T17:51:12.060+0000] {dagbag.py:537} INFO - Filling up the DagBag from /home/airflow/.local/lib/python3.7/site-packages/airflow/example_dags/example_sla_dag.py
[2022-12-14T17:51:12.143+0000] {processor.py:766} INFO - DAG(s) dict_keys(['example_sla_dag']) retrieved from /home/airflow/.local/lib/python3.7/site-packages/airflow/example_dags/example_sla_dag.py
[2022-12-14T17:51:12.289+0000] {logging_mixin.py:137} INFO - [2022-12-14T17:51:12.289+0000] {dag.py:2585} INFO - Sync 1 DAGs
[2022-12-14T17:51:12.420+0000] {logging_mixin.py:137} INFO - [2022-12-14T17:51:12.420+0000] {dag.py:3340} INFO - Setting next_dagrun for example_sla_dag to 2022-12-14T17:48:00+00:00, run_after=2022-12-14T17:50:00+00:00
[2022-12-14T17:51:12.524+0000] {processor.py:176} INFO - Processing /home/airflow/.local/lib/python3.7/site-packages/airflow/example_dags/example_sla_dag.py took 0.480 seconds
[2022-12-14T17:51:42.759+0000] {processor.py:154} INFO - Started process (PID=1175) to work on /home/airflow/.local/lib/python3.7/site-packages/airflow/example_dags/example_sla_dag.py
[2022-12-14T17:51:42.760+0000] {processor.py:756} INFO - Processing file /home/airflow/.local/lib/python3.7/site-packages/airflow/example_dags/example_sla_dag.py for tasks to queue
[2022-12-14T17:51:42.761+0000] {logging_mixin.py:137} INFO - [2022-12-14T17:51:42.761+0000] {dagbag.py:537} INFO - Filling up the DagBag from /home/airflow/.local/lib/python3.7/site-packages/airflow/example_dags/example_sla_dag.py
[2022-12-14T17:51:42.911+0000] {processor.py:766} INFO - DAG(s) dict_keys(['example_sla_dag']) retrieved from /home/airflow/.local/lib/python3.7/site-packages/airflow/example_dags/example_sla_dag.py
[2022-12-14T17:51:43.079+0000] {logging_mixin.py:137} INFO - [2022-12-14T17:51:43.079+0000] {dag.py:2585} INFO - Sync 1 DAGs
[2022-12-14T17:51:43.279+0000] {logging_mixin.py:137} INFO - [2022-12-14T17:51:43.279+0000] {dag.py:3340} INFO - Setting next_dagrun for example_sla_dag to 2022-12-14T17:48:00+00:00, run_after=2022-12-14T17:50:00+00:00
[2022-12-14T17:51:43.341+0000] {processor.py:176} INFO - Processing /home/airflow/.local/lib/python3.7/site-packages/airflow/example_dags/example_sla_dag.py took 0.589 seconds
[2022-12-14T17:52:14.634+0000] {processor.py:154} INFO - Started process (PID=1230) to work on /home/airflow/.local/lib/python3.7/site-packages/airflow/example_dags/example_sla_dag.py
[2022-12-14T17:52:14.638+0000] {processor.py:756} INFO - Processing file /home/airflow/.local/lib/python3.7/site-packages/airflow/example_dags/example_sla_dag.py for tasks to queue
[2022-12-14T17:52:14.639+0000] {logging_mixin.py:137} INFO - [2022-12-14T17:52:14.639+0000] {dagbag.py:537} INFO - Filling up the DagBag from /home/airflow/.local/lib/python3.7/site-packages/airflow/example_dags/example_sla_dag.py
[2022-12-14T17:52:14.899+0000] {processor.py:766} INFO - DAG(s) dict_keys(['example_sla_dag']) retrieved from /home/airflow/.local/lib/python3.7/site-packages/airflow/example_dags/example_sla_dag.py
[2022-12-14T17:52:15.215+0000] {logging_mixin.py:137} INFO - [2022-12-14T17:52:15.215+0000] {dag.py:2585} INFO - Sync 1 DAGs
[2022-12-14T17:52:15.418+0000] {logging_mixin.py:137} INFO - [2022-12-14T17:52:15.418+0000] {dag.py:3340} INFO - Setting next_dagrun for example_sla_dag to 2022-12-14T17:50:00+00:00, run_after=2022-12-14T17:52:00+00:00
[2022-12-14T17:52:15.581+0000] {processor.py:176} INFO - Processing /home/airflow/.local/lib/python3.7/site-packages/airflow/example_dags/example_sla_dag.py took 0.980 seconds
[2022-12-14T17:52:45.634+0000] {processor.py:154} INFO - Started process (PID=1284) to work on /home/airflow/.local/lib/python3.7/site-packages/airflow/example_dags/example_sla_dag.py
[2022-12-14T17:52:45.727+0000] {processor.py:756} INFO - Processing file /home/airflow/.local/lib/python3.7/site-packages/airflow/example_dags/example_sla_dag.py for tasks to queue
[2022-12-14T17:52:45.728+0000] {logging_mixin.py:137} INFO - [2022-12-14T17:52:45.728+0000] {dagbag.py:537} INFO - Filling up the DagBag from /home/airflow/.local/lib/python3.7/site-packages/airflow/example_dags/example_sla_dag.py
[2022-12-14T17:52:45.780+0000] {processor.py:766} INFO - DAG(s) dict_keys(['example_sla_dag']) retrieved from /home/airflow/.local/lib/python3.7/site-packages/airflow/example_dags/example_sla_dag.py
[2022-12-14T17:52:45.895+0000] {logging_mixin.py:137} INFO - [2022-12-14T17:52:45.895+0000] {dag.py:2585} INFO - Sync 1 DAGs
[2022-12-14T17:52:45.982+0000] {logging_mixin.py:137} INFO - [2022-12-14T17:52:45.982+0000] {dag.py:3340} INFO - Setting next_dagrun for example_sla_dag to 2022-12-14T17:50:00+00:00, run_after=2022-12-14T17:52:00+00:00
[2022-12-14T17:52:46.015+0000] {processor.py:176} INFO - Processing /home/airflow/.local/lib/python3.7/site-packages/airflow/example_dags/example_sla_dag.py took 0.388 seconds
[2022-12-14T17:53:16.363+0000] {processor.py:154} INFO - Started process (PID=1338) to work on /home/airflow/.local/lib/python3.7/site-packages/airflow/example_dags/example_sla_dag.py
[2022-12-14T17:53:16.364+0000] {processor.py:756} INFO - Processing file /home/airflow/.local/lib/python3.7/site-packages/airflow/example_dags/example_sla_dag.py for tasks to queue
[2022-12-14T17:53:16.365+0000] {logging_mixin.py:137} INFO - [2022-12-14T17:53:16.365+0000] {dagbag.py:537} INFO - Filling up the DagBag from /home/airflow/.local/lib/python3.7/site-packages/airflow/example_dags/example_sla_dag.py
[2022-12-14T17:53:16.404+0000] {processor.py:766} INFO - DAG(s) dict_keys(['example_sla_dag']) retrieved from /home/airflow/.local/lib/python3.7/site-packages/airflow/example_dags/example_sla_dag.py
[2022-12-14T17:53:16.479+0000] {logging_mixin.py:137} INFO - [2022-12-14T17:53:16.479+0000] {dag.py:2585} INFO - Sync 1 DAGs
[2022-12-14T17:53:16.544+0000] {logging_mixin.py:137} INFO - [2022-12-14T17:53:16.543+0000] {dag.py:3340} INFO - Setting next_dagrun for example_sla_dag to 2022-12-14T17:50:00+00:00, run_after=2022-12-14T17:52:00+00:00
[2022-12-14T17:53:16.582+0000] {processor.py:176} INFO - Processing /home/airflow/.local/lib/python3.7/site-packages/airflow/example_dags/example_sla_dag.py took 0.229 seconds
[2022-12-14T17:53:47.232+0000] {processor.py:154} INFO - Started process (PID=1392) to work on /home/airflow/.local/lib/python3.7/site-packages/airflow/example_dags/example_sla_dag.py
[2022-12-14T17:53:47.233+0000] {processor.py:756} INFO - Processing file /home/airflow/.local/lib/python3.7/site-packages/airflow/example_dags/example_sla_dag.py for tasks to queue
[2022-12-14T17:53:47.234+0000] {logging_mixin.py:137} INFO - [2022-12-14T17:53:47.234+0000] {dagbag.py:537} INFO - Filling up the DagBag from /home/airflow/.local/lib/python3.7/site-packages/airflow/example_dags/example_sla_dag.py
[2022-12-14T17:53:47.276+0000] {processor.py:766} INFO - DAG(s) dict_keys(['example_sla_dag']) retrieved from /home/airflow/.local/lib/python3.7/site-packages/airflow/example_dags/example_sla_dag.py
[2022-12-14T17:53:47.348+0000] {logging_mixin.py:137} INFO - [2022-12-14T17:53:47.348+0000] {dag.py:2585} INFO - Sync 1 DAGs
[2022-12-14T17:53:47.409+0000] {logging_mixin.py:137} INFO - [2022-12-14T17:53:47.409+0000] {dag.py:3340} INFO - Setting next_dagrun for example_sla_dag to 2022-12-14T17:50:00+00:00, run_after=2022-12-14T17:52:00+00:00
[2022-12-14T17:53:47.442+0000] {processor.py:176} INFO - Processing /home/airflow/.local/lib/python3.7/site-packages/airflow/example_dags/example_sla_dag.py took 0.215 seconds
[2022-12-14T17:54:18.081+0000] {processor.py:154} INFO - Started process (PID=1446) to work on /home/airflow/.local/lib/python3.7/site-packages/airflow/example_dags/example_sla_dag.py
[2022-12-14T17:54:18.082+0000] {processor.py:756} INFO - Processing file /home/airflow/.local/lib/python3.7/site-packages/airflow/example_dags/example_sla_dag.py for tasks to queue
[2022-12-14T17:54:18.088+0000] {logging_mixin.py:137} INFO - [2022-12-14T17:54:18.087+0000] {dagbag.py:537} INFO - Filling up the DagBag from /home/airflow/.local/lib/python3.7/site-packages/airflow/example_dags/example_sla_dag.py
[2022-12-14T17:54:18.146+0000] {processor.py:766} INFO - DAG(s) dict_keys(['example_sla_dag']) retrieved from /home/airflow/.local/lib/python3.7/site-packages/airflow/example_dags/example_sla_dag.py
[2022-12-14T17:54:18.211+0000] {logging_mixin.py:137} INFO - [2022-12-14T17:54:18.211+0000] {dag.py:2585} INFO - Sync 1 DAGs
[2022-12-14T17:54:18.275+0000] {logging_mixin.py:137} INFO - [2022-12-14T17:54:18.275+0000] {dag.py:3340} INFO - Setting next_dagrun for example_sla_dag to 2022-12-14T17:52:00+00:00, run_after=2022-12-14T17:54:00+00:00
[2022-12-14T17:54:18.307+0000] {processor.py:176} INFO - Processing /home/airflow/.local/lib/python3.7/site-packages/airflow/example_dags/example_sla_dag.py took 0.231 seconds
[2022-12-14T17:54:49.399+0000] {processor.py:154} INFO - Started process (PID=1509) to work on /home/airflow/.local/lib/python3.7/site-packages/airflow/example_dags/example_sla_dag.py
[2022-12-14T17:54:49.410+0000] {processor.py:756} INFO - Processing file /home/airflow/.local/lib/python3.7/site-packages/airflow/example_dags/example_sla_dag.py for tasks to queue
[2022-12-14T17:54:49.411+0000] {logging_mixin.py:137} INFO - [2022-12-14T17:54:49.411+0000] {dagbag.py:537} INFO - Filling up the DagBag from /home/airflow/.local/lib/python3.7/site-packages/airflow/example_dags/example_sla_dag.py
[2022-12-14T17:54:49.502+0000] {processor.py:766} INFO - DAG(s) dict_keys(['example_sla_dag']) retrieved from /home/airflow/.local/lib/python3.7/site-packages/airflow/example_dags/example_sla_dag.py
[2022-12-14T17:54:49.582+0000] {logging_mixin.py:137} INFO - [2022-12-14T17:54:49.582+0000] {dag.py:2585} INFO - Sync 1 DAGs
[2022-12-14T17:54:49.714+0000] {logging_mixin.py:137} INFO - [2022-12-14T17:54:49.713+0000] {dag.py:3340} INFO - Setting next_dagrun for example_sla_dag to 2022-12-14T17:52:00+00:00, run_after=2022-12-14T17:54:00+00:00
[2022-12-14T17:54:49.783+0000] {processor.py:176} INFO - Processing /home/airflow/.local/lib/python3.7/site-packages/airflow/example_dags/example_sla_dag.py took 0.388 seconds
[2022-12-14T17:55:19.819+0000] {processor.py:154} INFO - Started process (PID=1562) to work on /home/airflow/.local/lib/python3.7/site-packages/airflow/example_dags/example_sla_dag.py
[2022-12-14T17:55:19.820+0000] {processor.py:756} INFO - Processing file /home/airflow/.local/lib/python3.7/site-packages/airflow/example_dags/example_sla_dag.py for tasks to queue
[2022-12-14T17:55:19.821+0000] {logging_mixin.py:137} INFO - [2022-12-14T17:55:19.821+0000] {dagbag.py:537} INFO - Filling up the DagBag from /home/airflow/.local/lib/python3.7/site-packages/airflow/example_dags/example_sla_dag.py
[2022-12-14T17:55:19.871+0000] {processor.py:766} INFO - DAG(s) dict_keys(['example_sla_dag']) retrieved from /home/airflow/.local/lib/python3.7/site-packages/airflow/example_dags/example_sla_dag.py
[2022-12-14T17:55:19.943+0000] {logging_mixin.py:137} INFO - [2022-12-14T17:55:19.942+0000] {dag.py:2585} INFO - Sync 1 DAGs
[2022-12-14T17:55:20.039+0000] {logging_mixin.py:137} INFO - [2022-12-14T17:55:20.039+0000] {dag.py:3340} INFO - Setting next_dagrun for example_sla_dag to 2022-12-14T17:52:00+00:00, run_after=2022-12-14T17:54:00+00:00
[2022-12-14T17:55:20.101+0000] {processor.py:176} INFO - Processing /home/airflow/.local/lib/python3.7/site-packages/airflow/example_dags/example_sla_dag.py took 0.288 seconds
[2022-12-14T17:55:50.538+0000] {processor.py:154} INFO - Started process (PID=1615) to work on /home/airflow/.local/lib/python3.7/site-packages/airflow/example_dags/example_sla_dag.py
[2022-12-14T17:55:50.539+0000] {processor.py:756} INFO - Processing file /home/airflow/.local/lib/python3.7/site-packages/airflow/example_dags/example_sla_dag.py for tasks to queue
[2022-12-14T17:55:50.539+0000] {logging_mixin.py:137} INFO - [2022-12-14T17:55:50.539+0000] {dagbag.py:537} INFO - Filling up the DagBag from /home/airflow/.local/lib/python3.7/site-packages/airflow/example_dags/example_sla_dag.py
[2022-12-14T17:55:50.577+0000] {processor.py:766} INFO - DAG(s) dict_keys(['example_sla_dag']) retrieved from /home/airflow/.local/lib/python3.7/site-packages/airflow/example_dags/example_sla_dag.py
[2022-12-14T17:55:50.648+0000] {logging_mixin.py:137} INFO - [2022-12-14T17:55:50.648+0000] {dag.py:2585} INFO - Sync 1 DAGs
[2022-12-14T17:55:50.701+0000] {logging_mixin.py:137} INFO - [2022-12-14T17:55:50.701+0000] {dag.py:3340} INFO - Setting next_dagrun for example_sla_dag to 2022-12-14T17:52:00+00:00, run_after=2022-12-14T17:54:00+00:00
[2022-12-14T17:55:50.738+0000] {processor.py:176} INFO - Processing /home/airflow/.local/lib/python3.7/site-packages/airflow/example_dags/example_sla_dag.py took 0.205 seconds
[2022-12-14T17:56:20.974+0000] {processor.py:154} INFO - Started process (PID=1668) to work on /home/airflow/.local/lib/python3.7/site-packages/airflow/example_dags/example_sla_dag.py
[2022-12-14T17:56:20.975+0000] {processor.py:756} INFO - Processing file /home/airflow/.local/lib/python3.7/site-packages/airflow/example_dags/example_sla_dag.py for tasks to queue
[2022-12-14T17:56:20.976+0000] {logging_mixin.py:137} INFO - [2022-12-14T17:56:20.975+0000] {dagbag.py:537} INFO - Filling up the DagBag from /home/airflow/.local/lib/python3.7/site-packages/airflow/example_dags/example_sla_dag.py
[2022-12-14T17:56:21.035+0000] {processor.py:766} INFO - DAG(s) dict_keys(['example_sla_dag']) retrieved from /home/airflow/.local/lib/python3.7/site-packages/airflow/example_dags/example_sla_dag.py
[2022-12-14T17:56:21.099+0000] {logging_mixin.py:137} INFO - [2022-12-14T17:56:21.098+0000] {dag.py:2585} INFO - Sync 1 DAGs
[2022-12-14T17:56:21.161+0000] {logging_mixin.py:137} INFO - [2022-12-14T17:56:21.161+0000] {dag.py:3340} INFO - Setting next_dagrun for example_sla_dag to 2022-12-14T17:54:00+00:00, run_after=2022-12-14T17:56:00+00:00
[2022-12-14T17:56:21.188+0000] {processor.py:176} INFO - Processing /home/airflow/.local/lib/python3.7/site-packages/airflow/example_dags/example_sla_dag.py took 0.219 seconds
[2022-12-14T18:00:03.716+0000] {processor.py:154} INFO - Started process (PID=78) to work on /home/airflow/.local/lib/python3.7/site-packages/airflow/example_dags/example_sla_dag.py
[2022-12-14T18:00:03.718+0000] {processor.py:756} INFO - Processing file /home/airflow/.local/lib/python3.7/site-packages/airflow/example_dags/example_sla_dag.py for tasks to queue
[2022-12-14T18:00:03.719+0000] {logging_mixin.py:137} INFO - [2022-12-14T18:00:03.719+0000] {dagbag.py:537} INFO - Filling up the DagBag from /home/airflow/.local/lib/python3.7/site-packages/airflow/example_dags/example_sla_dag.py
[2022-12-14T18:00:03.808+0000] {processor.py:766} INFO - DAG(s) dict_keys(['example_sla_dag']) retrieved from /home/airflow/.local/lib/python3.7/site-packages/airflow/example_dags/example_sla_dag.py
[2022-12-14T18:00:04.023+0000] {logging_mixin.py:137} INFO - [2022-12-14T18:00:04.023+0000] {dag.py:2585} INFO - Sync 1 DAGs
[2022-12-14T18:00:04.205+0000] {logging_mixin.py:137} INFO - [2022-12-14T18:00:04.205+0000] {dag.py:3340} INFO - Setting next_dagrun for example_sla_dag to 2022-12-14T17:58:00+00:00, run_after=2022-12-14T18:00:00+00:00
[2022-12-14T18:00:04.344+0000] {processor.py:176} INFO - Processing /home/airflow/.local/lib/python3.7/site-packages/airflow/example_dags/example_sla_dag.py took 0.641 seconds
[2022-12-14T18:00:34.810+0000] {processor.py:154} INFO - Started process (PID=132) to work on /home/airflow/.local/lib/python3.7/site-packages/airflow/example_dags/example_sla_dag.py
[2022-12-14T18:00:34.813+0000] {processor.py:756} INFO - Processing file /home/airflow/.local/lib/python3.7/site-packages/airflow/example_dags/example_sla_dag.py for tasks to queue
[2022-12-14T18:00:34.817+0000] {logging_mixin.py:137} INFO - [2022-12-14T18:00:34.817+0000] {dagbag.py:537} INFO - Filling up the DagBag from /home/airflow/.local/lib/python3.7/site-packages/airflow/example_dags/example_sla_dag.py
[2022-12-14T18:00:34.863+0000] {processor.py:766} INFO - DAG(s) dict_keys(['example_sla_dag']) retrieved from /home/airflow/.local/lib/python3.7/site-packages/airflow/example_dags/example_sla_dag.py
[2022-12-14T18:00:34.927+0000] {logging_mixin.py:137} INFO - [2022-12-14T18:00:34.927+0000] {dag.py:2585} INFO - Sync 1 DAGs
[2022-12-14T18:00:34.987+0000] {logging_mixin.py:137} INFO - [2022-12-14T18:00:34.987+0000] {dag.py:3340} INFO - Setting next_dagrun for example_sla_dag to 2022-12-14T17:58:00+00:00, run_after=2022-12-14T18:00:00+00:00
[2022-12-14T18:00:35.020+0000] {processor.py:176} INFO - Processing /home/airflow/.local/lib/python3.7/site-packages/airflow/example_dags/example_sla_dag.py took 0.219 seconds
[2022-12-14T18:01:05.334+0000] {processor.py:154} INFO - Started process (PID=197) to work on /home/airflow/.local/lib/python3.7/site-packages/airflow/example_dags/example_sla_dag.py
[2022-12-14T18:01:05.340+0000] {processor.py:756} INFO - Processing file /home/airflow/.local/lib/python3.7/site-packages/airflow/example_dags/example_sla_dag.py for tasks to queue
[2022-12-14T18:01:05.341+0000] {logging_mixin.py:137} INFO - [2022-12-14T18:01:05.341+0000] {dagbag.py:537} INFO - Filling up the DagBag from /home/airflow/.local/lib/python3.7/site-packages/airflow/example_dags/example_sla_dag.py
[2022-12-14T18:01:05.392+0000] {processor.py:766} INFO - DAG(s) dict_keys(['example_sla_dag']) retrieved from /home/airflow/.local/lib/python3.7/site-packages/airflow/example_dags/example_sla_dag.py
[2022-12-14T18:01:05.462+0000] {logging_mixin.py:137} INFO - [2022-12-14T18:01:05.462+0000] {dag.py:2585} INFO - Sync 1 DAGs
[2022-12-14T18:01:05.530+0000] {logging_mixin.py:137} INFO - [2022-12-14T18:01:05.529+0000] {dag.py:3340} INFO - Setting next_dagrun for example_sla_dag to 2022-12-14T17:58:00+00:00, run_after=2022-12-14T18:00:00+00:00
[2022-12-14T18:01:05.564+0000] {processor.py:176} INFO - Processing /home/airflow/.local/lib/python3.7/site-packages/airflow/example_dags/example_sla_dag.py took 0.236 seconds
[2022-12-14T18:01:35.702+0000] {processor.py:154} INFO - Started process (PID=251) to work on /home/airflow/.local/lib/python3.7/site-packages/airflow/example_dags/example_sla_dag.py
[2022-12-14T18:01:35.703+0000] {processor.py:756} INFO - Processing file /home/airflow/.local/lib/python3.7/site-packages/airflow/example_dags/example_sla_dag.py for tasks to queue
[2022-12-14T18:01:35.704+0000] {logging_mixin.py:137} INFO - [2022-12-14T18:01:35.704+0000] {dagbag.py:537} INFO - Filling up the DagBag from /home/airflow/.local/lib/python3.7/site-packages/airflow/example_dags/example_sla_dag.py
[2022-12-14T18:01:35.744+0000] {processor.py:766} INFO - DAG(s) dict_keys(['example_sla_dag']) retrieved from /home/airflow/.local/lib/python3.7/site-packages/airflow/example_dags/example_sla_dag.py
[2022-12-14T18:01:35.818+0000] {logging_mixin.py:137} INFO - [2022-12-14T18:01:35.818+0000] {dag.py:2585} INFO - Sync 1 DAGs
[2022-12-14T18:01:35.936+0000] {logging_mixin.py:137} INFO - [2022-12-14T18:01:35.935+0000] {dag.py:3340} INFO - Setting next_dagrun for example_sla_dag to 2022-12-14T17:58:00+00:00, run_after=2022-12-14T18:00:00+00:00
[2022-12-14T18:01:35.996+0000] {processor.py:176} INFO - Processing /home/airflow/.local/lib/python3.7/site-packages/airflow/example_dags/example_sla_dag.py took 0.299 seconds
[2022-12-14T18:02:06.510+0000] {processor.py:154} INFO - Started process (PID=315) to work on /home/airflow/.local/lib/python3.7/site-packages/airflow/example_dags/example_sla_dag.py
[2022-12-14T18:02:06.536+0000] {processor.py:756} INFO - Processing file /home/airflow/.local/lib/python3.7/site-packages/airflow/example_dags/example_sla_dag.py for tasks to queue
[2022-12-14T18:02:06.537+0000] {logging_mixin.py:137} INFO - [2022-12-14T18:02:06.537+0000] {dagbag.py:537} INFO - Filling up the DagBag from /home/airflow/.local/lib/python3.7/site-packages/airflow/example_dags/example_sla_dag.py
[2022-12-14T18:02:06.587+0000] {processor.py:766} INFO - DAG(s) dict_keys(['example_sla_dag']) retrieved from /home/airflow/.local/lib/python3.7/site-packages/airflow/example_dags/example_sla_dag.py
[2022-12-14T18:02:06.669+0000] {logging_mixin.py:137} INFO - [2022-12-14T18:02:06.668+0000] {dag.py:2585} INFO - Sync 1 DAGs
[2022-12-14T18:02:06.772+0000] {logging_mixin.py:137} INFO - [2022-12-14T18:02:06.772+0000] {dag.py:3340} INFO - Setting next_dagrun for example_sla_dag to 2022-12-14T18:00:00+00:00, run_after=2022-12-14T18:02:00+00:00
[2022-12-14T18:02:06.813+0000] {processor.py:176} INFO - Processing /home/airflow/.local/lib/python3.7/site-packages/airflow/example_dags/example_sla_dag.py took 0.310 seconds
[2022-12-14T18:02:37.534+0000] {processor.py:154} INFO - Started process (PID=369) to work on /home/airflow/.local/lib/python3.7/site-packages/airflow/example_dags/example_sla_dag.py
[2022-12-14T18:02:37.535+0000] {processor.py:756} INFO - Processing file /home/airflow/.local/lib/python3.7/site-packages/airflow/example_dags/example_sla_dag.py for tasks to queue
[2022-12-14T18:02:37.537+0000] {logging_mixin.py:137} INFO - [2022-12-14T18:02:37.536+0000] {dagbag.py:537} INFO - Filling up the DagBag from /home/airflow/.local/lib/python3.7/site-packages/airflow/example_dags/example_sla_dag.py
[2022-12-14T18:02:37.578+0000] {processor.py:766} INFO - DAG(s) dict_keys(['example_sla_dag']) retrieved from /home/airflow/.local/lib/python3.7/site-packages/airflow/example_dags/example_sla_dag.py
[2022-12-14T18:02:37.657+0000] {logging_mixin.py:137} INFO - [2022-12-14T18:02:37.656+0000] {dag.py:2585} INFO - Sync 1 DAGs
[2022-12-14T18:02:37.723+0000] {logging_mixin.py:137} INFO - [2022-12-14T18:02:37.723+0000] {dag.py:3340} INFO - Setting next_dagrun for example_sla_dag to 2022-12-14T18:00:00+00:00, run_after=2022-12-14T18:02:00+00:00
[2022-12-14T18:02:37.758+0000] {processor.py:176} INFO - Processing /home/airflow/.local/lib/python3.7/site-packages/airflow/example_dags/example_sla_dag.py took 0.230 seconds
[2022-12-14T18:03:09.286+0000] {processor.py:154} INFO - Started process (PID=422) to work on /home/airflow/.local/lib/python3.7/site-packages/airflow/example_dags/example_sla_dag.py
[2022-12-14T18:03:09.322+0000] {processor.py:756} INFO - Processing file /home/airflow/.local/lib/python3.7/site-packages/airflow/example_dags/example_sla_dag.py for tasks to queue
[2022-12-14T18:03:09.323+0000] {logging_mixin.py:137} INFO - [2022-12-14T18:03:09.323+0000] {dagbag.py:537} INFO - Filling up the DagBag from /home/airflow/.local/lib/python3.7/site-packages/airflow/example_dags/example_sla_dag.py
[2022-12-14T18:03:09.470+0000] {processor.py:766} INFO - DAG(s) dict_keys(['example_sla_dag']) retrieved from /home/airflow/.local/lib/python3.7/site-packages/airflow/example_dags/example_sla_dag.py
[2022-12-14T18:03:09.639+0000] {logging_mixin.py:137} INFO - [2022-12-14T18:03:09.639+0000] {dag.py:2585} INFO - Sync 1 DAGs
[2022-12-14T18:03:09.765+0000] {logging_mixin.py:137} INFO - [2022-12-14T18:03:09.765+0000] {dag.py:3340} INFO - Setting next_dagrun for example_sla_dag to 2022-12-14T18:00:00+00:00, run_after=2022-12-14T18:02:00+00:00
[2022-12-14T18:03:09.860+0000] {processor.py:176} INFO - Processing /home/airflow/.local/lib/python3.7/site-packages/airflow/example_dags/example_sla_dag.py took 0.596 seconds
[2022-12-14T18:03:40.197+0000] {processor.py:154} INFO - Started process (PID=484) to work on /home/airflow/.local/lib/python3.7/site-packages/airflow/example_dags/example_sla_dag.py
[2022-12-14T18:03:40.202+0000] {processor.py:756} INFO - Processing file /home/airflow/.local/lib/python3.7/site-packages/airflow/example_dags/example_sla_dag.py for tasks to queue
[2022-12-14T18:03:40.203+0000] {logging_mixin.py:137} INFO - [2022-12-14T18:03:40.203+0000] {dagbag.py:537} INFO - Filling up the DagBag from /home/airflow/.local/lib/python3.7/site-packages/airflow/example_dags/example_sla_dag.py
[2022-12-14T18:03:40.293+0000] {processor.py:766} INFO - DAG(s) dict_keys(['example_sla_dag']) retrieved from /home/airflow/.local/lib/python3.7/site-packages/airflow/example_dags/example_sla_dag.py
[2022-12-14T18:03:40.379+0000] {logging_mixin.py:137} INFO - [2022-12-14T18:03:40.379+0000] {dag.py:2585} INFO - Sync 1 DAGs
[2022-12-14T18:03:40.454+0000] {logging_mixin.py:137} INFO - [2022-12-14T18:03:40.454+0000] {dag.py:3340} INFO - Setting next_dagrun for example_sla_dag to 2022-12-14T18:00:00+00:00, run_after=2022-12-14T18:02:00+00:00
[2022-12-14T18:03:40.495+0000] {processor.py:176} INFO - Processing /home/airflow/.local/lib/python3.7/site-packages/airflow/example_dags/example_sla_dag.py took 0.303 seconds
[2022-12-14T18:04:10.738+0000] {processor.py:154} INFO - Started process (PID=539) to work on /home/airflow/.local/lib/python3.7/site-packages/airflow/example_dags/example_sla_dag.py
[2022-12-14T18:04:10.739+0000] {processor.py:756} INFO - Processing file /home/airflow/.local/lib/python3.7/site-packages/airflow/example_dags/example_sla_dag.py for tasks to queue
[2022-12-14T18:04:10.740+0000] {logging_mixin.py:137} INFO - [2022-12-14T18:04:10.740+0000] {dagbag.py:537} INFO - Filling up the DagBag from /home/airflow/.local/lib/python3.7/site-packages/airflow/example_dags/example_sla_dag.py
[2022-12-14T18:04:10.779+0000] {processor.py:766} INFO - DAG(s) dict_keys(['example_sla_dag']) retrieved from /home/airflow/.local/lib/python3.7/site-packages/airflow/example_dags/example_sla_dag.py
[2022-12-14T18:04:10.843+0000] {logging_mixin.py:137} INFO - [2022-12-14T18:04:10.843+0000] {dag.py:2585} INFO - Sync 1 DAGs
[2022-12-14T18:04:10.896+0000] {logging_mixin.py:137} INFO - [2022-12-14T18:04:10.895+0000] {dag.py:3340} INFO - Setting next_dagrun for example_sla_dag to 2022-12-14T18:02:00+00:00, run_after=2022-12-14T18:04:00+00:00
[2022-12-14T18:04:10.941+0000] {processor.py:176} INFO - Processing /home/airflow/.local/lib/python3.7/site-packages/airflow/example_dags/example_sla_dag.py took 0.209 seconds
[2022-12-14T18:04:41.744+0000] {processor.py:154} INFO - Started process (PID=594) to work on /home/airflow/.local/lib/python3.7/site-packages/airflow/example_dags/example_sla_dag.py
[2022-12-14T18:04:41.745+0000] {processor.py:756} INFO - Processing file /home/airflow/.local/lib/python3.7/site-packages/airflow/example_dags/example_sla_dag.py for tasks to queue
[2022-12-14T18:04:41.746+0000] {logging_mixin.py:137} INFO - [2022-12-14T18:04:41.746+0000] {dagbag.py:537} INFO - Filling up the DagBag from /home/airflow/.local/lib/python3.7/site-packages/airflow/example_dags/example_sla_dag.py
[2022-12-14T18:04:41.788+0000] {processor.py:766} INFO - DAG(s) dict_keys(['example_sla_dag']) retrieved from /home/airflow/.local/lib/python3.7/site-packages/airflow/example_dags/example_sla_dag.py
[2022-12-14T18:04:41.858+0000] {logging_mixin.py:137} INFO - [2022-12-14T18:04:41.858+0000] {dag.py:2585} INFO - Sync 1 DAGs
[2022-12-14T18:04:41.922+0000] {logging_mixin.py:137} INFO - [2022-12-14T18:04:41.922+0000] {dag.py:3340} INFO - Setting next_dagrun for example_sla_dag to 2022-12-14T18:02:00+00:00, run_after=2022-12-14T18:04:00+00:00
[2022-12-14T18:04:41.956+0000] {processor.py:176} INFO - Processing /home/airflow/.local/lib/python3.7/site-packages/airflow/example_dags/example_sla_dag.py took 0.218 seconds
[2022-12-14T18:05:13.210+0000] {processor.py:154} INFO - Started process (PID=658) to work on /home/airflow/.local/lib/python3.7/site-packages/airflow/example_dags/example_sla_dag.py
[2022-12-14T18:05:13.219+0000] {processor.py:756} INFO - Processing file /home/airflow/.local/lib/python3.7/site-packages/airflow/example_dags/example_sla_dag.py for tasks to queue
[2022-12-14T18:05:13.220+0000] {logging_mixin.py:137} INFO - [2022-12-14T18:05:13.220+0000] {dagbag.py:537} INFO - Filling up the DagBag from /home/airflow/.local/lib/python3.7/site-packages/airflow/example_dags/example_sla_dag.py
[2022-12-14T18:05:13.297+0000] {processor.py:766} INFO - DAG(s) dict_keys(['example_sla_dag']) retrieved from /home/airflow/.local/lib/python3.7/site-packages/airflow/example_dags/example_sla_dag.py
[2022-12-14T18:05:13.422+0000] {logging_mixin.py:137} INFO - [2022-12-14T18:05:13.422+0000] {dag.py:2585} INFO - Sync 1 DAGs
[2022-12-14T18:05:13.495+0000] {logging_mixin.py:137} INFO - [2022-12-14T18:05:13.494+0000] {dag.py:3340} INFO - Setting next_dagrun for example_sla_dag to 2022-12-14T18:02:00+00:00, run_after=2022-12-14T18:04:00+00:00
[2022-12-14T18:05:13.527+0000] {processor.py:176} INFO - Processing /home/airflow/.local/lib/python3.7/site-packages/airflow/example_dags/example_sla_dag.py took 0.323 seconds
[2022-12-14T18:05:43.759+0000] {processor.py:154} INFO - Started process (PID=713) to work on /home/airflow/.local/lib/python3.7/site-packages/airflow/example_dags/example_sla_dag.py
[2022-12-14T18:05:43.760+0000] {processor.py:756} INFO - Processing file /home/airflow/.local/lib/python3.7/site-packages/airflow/example_dags/example_sla_dag.py for tasks to queue
[2022-12-14T18:05:43.761+0000] {logging_mixin.py:137} INFO - [2022-12-14T18:05:43.761+0000] {dagbag.py:537} INFO - Filling up the DagBag from /home/airflow/.local/lib/python3.7/site-packages/airflow/example_dags/example_sla_dag.py
[2022-12-14T18:05:43.809+0000] {processor.py:766} INFO - DAG(s) dict_keys(['example_sla_dag']) retrieved from /home/airflow/.local/lib/python3.7/site-packages/airflow/example_dags/example_sla_dag.py
[2022-12-14T18:05:43.873+0000] {logging_mixin.py:137} INFO - [2022-12-14T18:05:43.872+0000] {dag.py:2585} INFO - Sync 1 DAGs
[2022-12-14T18:05:43.935+0000] {logging_mixin.py:137} INFO - [2022-12-14T18:05:43.935+0000] {dag.py:3340} INFO - Setting next_dagrun for example_sla_dag to 2022-12-14T18:02:00+00:00, run_after=2022-12-14T18:04:00+00:00
[2022-12-14T18:05:43.967+0000] {processor.py:176} INFO - Processing /home/airflow/.local/lib/python3.7/site-packages/airflow/example_dags/example_sla_dag.py took 0.213 seconds
[2022-12-14T18:06:14.386+0000] {processor.py:154} INFO - Started process (PID=768) to work on /home/airflow/.local/lib/python3.7/site-packages/airflow/example_dags/example_sla_dag.py
[2022-12-14T18:06:14.389+0000] {processor.py:756} INFO - Processing file /home/airflow/.local/lib/python3.7/site-packages/airflow/example_dags/example_sla_dag.py for tasks to queue
[2022-12-14T18:06:14.390+0000] {logging_mixin.py:137} INFO - [2022-12-14T18:06:14.390+0000] {dagbag.py:537} INFO - Filling up the DagBag from /home/airflow/.local/lib/python3.7/site-packages/airflow/example_dags/example_sla_dag.py
[2022-12-14T18:06:14.436+0000] {processor.py:766} INFO - DAG(s) dict_keys(['example_sla_dag']) retrieved from /home/airflow/.local/lib/python3.7/site-packages/airflow/example_dags/example_sla_dag.py
[2022-12-14T18:06:14.505+0000] {logging_mixin.py:137} INFO - [2022-12-14T18:06:14.504+0000] {dag.py:2585} INFO - Sync 1 DAGs
[2022-12-14T18:06:14.570+0000] {logging_mixin.py:137} INFO - [2022-12-14T18:06:14.570+0000] {dag.py:3340} INFO - Setting next_dagrun for example_sla_dag to 2022-12-14T18:04:00+00:00, run_after=2022-12-14T18:06:00+00:00
[2022-12-14T18:06:14.599+0000] {processor.py:176} INFO - Processing /home/airflow/.local/lib/python3.7/site-packages/airflow/example_dags/example_sla_dag.py took 0.219 seconds
