[2022-12-14T17:41:57.108+0000] {processor.py:154} INFO - Started process (PID=75) to work on /home/airflow/.local/lib/python3.7/site-packages/airflow/example_dags/example_task_group_decorator.py
[2022-12-14T17:41:57.109+0000] {processor.py:756} INFO - Processing file /home/airflow/.local/lib/python3.7/site-packages/airflow/example_dags/example_task_group_decorator.py for tasks to queue
[2022-12-14T17:41:57.110+0000] {logging_mixin.py:137} INFO - [2022-12-14T17:41:57.110+0000] {dagbag.py:537} INFO - Filling up the DagBag from /home/airflow/.local/lib/python3.7/site-packages/airflow/example_dags/example_task_group_decorator.py
[2022-12-14T17:41:57.498+0000] {processor.py:766} INFO - DAG(s) dict_keys(['example_task_group_decorator']) retrieved from /home/airflow/.local/lib/python3.7/site-packages/airflow/example_dags/example_task_group_decorator.py
[2022-12-14T17:41:58.090+0000] {logging_mixin.py:137} INFO - [2022-12-14T17:41:58.089+0000] {dag.py:2585} INFO - Sync 1 DAGs
[2022-12-14T17:41:58.450+0000] {logging_mixin.py:137} INFO - [2022-12-14T17:41:58.449+0000] {dag.py:3340} INFO - Setting next_dagrun for example_task_group_decorator to 2022-12-13T17:41:58.449161+00:00, run_after=2022-12-14T17:41:58.449161+00:00
[2022-12-14T17:41:58.644+0000] {processor.py:176} INFO - Processing /home/airflow/.local/lib/python3.7/site-packages/airflow/example_dags/example_task_group_decorator.py took 1.558 seconds
[2022-12-14T17:42:29.071+0000] {processor.py:154} INFO - Started process (PID=128) to work on /home/airflow/.local/lib/python3.7/site-packages/airflow/example_dags/example_task_group_decorator.py
[2022-12-14T17:42:29.133+0000] {processor.py:756} INFO - Processing file /home/airflow/.local/lib/python3.7/site-packages/airflow/example_dags/example_task_group_decorator.py for tasks to queue
[2022-12-14T17:42:29.134+0000] {logging_mixin.py:137} INFO - [2022-12-14T17:42:29.134+0000] {dagbag.py:537} INFO - Filling up the DagBag from /home/airflow/.local/lib/python3.7/site-packages/airflow/example_dags/example_task_group_decorator.py
[2022-12-14T17:42:29.182+0000] {processor.py:766} INFO - DAG(s) dict_keys(['example_task_group_decorator']) retrieved from /home/airflow/.local/lib/python3.7/site-packages/airflow/example_dags/example_task_group_decorator.py
[2022-12-14T17:42:29.246+0000] {logging_mixin.py:137} INFO - [2022-12-14T17:42:29.246+0000] {dag.py:2585} INFO - Sync 1 DAGs
[2022-12-14T17:42:29.290+0000] {logging_mixin.py:137} INFO - [2022-12-14T17:42:29.290+0000] {dag.py:3340} INFO - Setting next_dagrun for example_task_group_decorator to 2022-12-13T17:42:29.290164+00:00, run_after=2022-12-14T17:42:29.290164+00:00
[2022-12-14T17:42:29.317+0000] {processor.py:176} INFO - Processing /home/airflow/.local/lib/python3.7/site-packages/airflow/example_dags/example_task_group_decorator.py took 0.250 seconds
[2022-12-14T17:42:59.782+0000] {processor.py:154} INFO - Started process (PID=183) to work on /home/airflow/.local/lib/python3.7/site-packages/airflow/example_dags/example_task_group_decorator.py
[2022-12-14T17:42:59.783+0000] {processor.py:756} INFO - Processing file /home/airflow/.local/lib/python3.7/site-packages/airflow/example_dags/example_task_group_decorator.py for tasks to queue
[2022-12-14T17:42:59.784+0000] {logging_mixin.py:137} INFO - [2022-12-14T17:42:59.783+0000] {dagbag.py:537} INFO - Filling up the DagBag from /home/airflow/.local/lib/python3.7/site-packages/airflow/example_dags/example_task_group_decorator.py
[2022-12-14T17:42:59.832+0000] {processor.py:766} INFO - DAG(s) dict_keys(['example_task_group_decorator']) retrieved from /home/airflow/.local/lib/python3.7/site-packages/airflow/example_dags/example_task_group_decorator.py
[2022-12-14T17:42:59.895+0000] {logging_mixin.py:137} INFO - [2022-12-14T17:42:59.895+0000] {dag.py:2585} INFO - Sync 1 DAGs
[2022-12-14T17:42:59.942+0000] {logging_mixin.py:137} INFO - [2022-12-14T17:42:59.942+0000] {dag.py:3340} INFO - Setting next_dagrun for example_task_group_decorator to 2022-12-13T17:42:59.942348+00:00, run_after=2022-12-14T17:42:59.942348+00:00
[2022-12-14T17:42:59.966+0000] {processor.py:176} INFO - Processing /home/airflow/.local/lib/python3.7/site-packages/airflow/example_dags/example_task_group_decorator.py took 0.189 seconds
[2022-12-14T17:43:30.453+0000] {processor.py:154} INFO - Started process (PID=247) to work on /home/airflow/.local/lib/python3.7/site-packages/airflow/example_dags/example_task_group_decorator.py
[2022-12-14T17:43:30.454+0000] {processor.py:756} INFO - Processing file /home/airflow/.local/lib/python3.7/site-packages/airflow/example_dags/example_task_group_decorator.py for tasks to queue
[2022-12-14T17:43:30.454+0000] {logging_mixin.py:137} INFO - [2022-12-14T17:43:30.454+0000] {dagbag.py:537} INFO - Filling up the DagBag from /home/airflow/.local/lib/python3.7/site-packages/airflow/example_dags/example_task_group_decorator.py
[2022-12-14T17:43:30.496+0000] {processor.py:766} INFO - DAG(s) dict_keys(['example_task_group_decorator']) retrieved from /home/airflow/.local/lib/python3.7/site-packages/airflow/example_dags/example_task_group_decorator.py
[2022-12-14T17:43:30.553+0000] {logging_mixin.py:137} INFO - [2022-12-14T17:43:30.553+0000] {dag.py:2585} INFO - Sync 1 DAGs
[2022-12-14T17:43:30.597+0000] {logging_mixin.py:137} INFO - [2022-12-14T17:43:30.597+0000] {dag.py:3340} INFO - Setting next_dagrun for example_task_group_decorator to 2022-12-13T17:43:30.596702+00:00, run_after=2022-12-14T17:43:30.596702+00:00
[2022-12-14T17:43:30.622+0000] {processor.py:176} INFO - Processing /home/airflow/.local/lib/python3.7/site-packages/airflow/example_dags/example_task_group_decorator.py took 0.173 seconds
[2022-12-14T17:44:01.401+0000] {processor.py:154} INFO - Started process (PID=302) to work on /home/airflow/.local/lib/python3.7/site-packages/airflow/example_dags/example_task_group_decorator.py
[2022-12-14T17:44:01.439+0000] {processor.py:756} INFO - Processing file /home/airflow/.local/lib/python3.7/site-packages/airflow/example_dags/example_task_group_decorator.py for tasks to queue
[2022-12-14T17:44:01.439+0000] {logging_mixin.py:137} INFO - [2022-12-14T17:44:01.439+0000] {dagbag.py:537} INFO - Filling up the DagBag from /home/airflow/.local/lib/python3.7/site-packages/airflow/example_dags/example_task_group_decorator.py
[2022-12-14T17:44:01.488+0000] {processor.py:766} INFO - DAG(s) dict_keys(['example_task_group_decorator']) retrieved from /home/airflow/.local/lib/python3.7/site-packages/airflow/example_dags/example_task_group_decorator.py
[2022-12-14T17:44:01.554+0000] {logging_mixin.py:137} INFO - [2022-12-14T17:44:01.553+0000] {dag.py:2585} INFO - Sync 1 DAGs
[2022-12-14T17:44:01.600+0000] {logging_mixin.py:137} INFO - [2022-12-14T17:44:01.599+0000] {dag.py:3340} INFO - Setting next_dagrun for example_task_group_decorator to 2022-12-13T17:44:01.599392+00:00, run_after=2022-12-14T17:44:01.599392+00:00
[2022-12-14T17:44:01.628+0000] {processor.py:176} INFO - Processing /home/airflow/.local/lib/python3.7/site-packages/airflow/example_dags/example_task_group_decorator.py took 0.232 seconds
[2022-12-14T17:44:31.890+0000] {processor.py:154} INFO - Started process (PID=365) to work on /home/airflow/.local/lib/python3.7/site-packages/airflow/example_dags/example_task_group_decorator.py
[2022-12-14T17:44:31.891+0000] {processor.py:756} INFO - Processing file /home/airflow/.local/lib/python3.7/site-packages/airflow/example_dags/example_task_group_decorator.py for tasks to queue
[2022-12-14T17:44:31.892+0000] {logging_mixin.py:137} INFO - [2022-12-14T17:44:31.891+0000] {dagbag.py:537} INFO - Filling up the DagBag from /home/airflow/.local/lib/python3.7/site-packages/airflow/example_dags/example_task_group_decorator.py
[2022-12-14T17:44:31.939+0000] {processor.py:766} INFO - DAG(s) dict_keys(['example_task_group_decorator']) retrieved from /home/airflow/.local/lib/python3.7/site-packages/airflow/example_dags/example_task_group_decorator.py
[2022-12-14T17:44:32.005+0000] {logging_mixin.py:137} INFO - [2022-12-14T17:44:32.005+0000] {dag.py:2585} INFO - Sync 1 DAGs
[2022-12-14T17:44:32.049+0000] {logging_mixin.py:137} INFO - [2022-12-14T17:44:32.049+0000] {dag.py:3340} INFO - Setting next_dagrun for example_task_group_decorator to 2022-12-13T17:44:32.048761+00:00, run_after=2022-12-14T17:44:32.048761+00:00
[2022-12-14T17:44:32.077+0000] {processor.py:176} INFO - Processing /home/airflow/.local/lib/python3.7/site-packages/airflow/example_dags/example_task_group_decorator.py took 0.191 seconds
[2022-12-14T17:45:02.786+0000] {processor.py:154} INFO - Started process (PID=420) to work on /home/airflow/.local/lib/python3.7/site-packages/airflow/example_dags/example_task_group_decorator.py
[2022-12-14T17:45:02.788+0000] {processor.py:756} INFO - Processing file /home/airflow/.local/lib/python3.7/site-packages/airflow/example_dags/example_task_group_decorator.py for tasks to queue
[2022-12-14T17:45:02.788+0000] {logging_mixin.py:137} INFO - [2022-12-14T17:45:02.788+0000] {dagbag.py:537} INFO - Filling up the DagBag from /home/airflow/.local/lib/python3.7/site-packages/airflow/example_dags/example_task_group_decorator.py
[2022-12-14T17:45:02.832+0000] {processor.py:766} INFO - DAG(s) dict_keys(['example_task_group_decorator']) retrieved from /home/airflow/.local/lib/python3.7/site-packages/airflow/example_dags/example_task_group_decorator.py
[2022-12-14T17:45:02.894+0000] {logging_mixin.py:137} INFO - [2022-12-14T17:45:02.894+0000] {dag.py:2585} INFO - Sync 1 DAGs
[2022-12-14T17:45:02.937+0000] {logging_mixin.py:137} INFO - [2022-12-14T17:45:02.937+0000] {dag.py:3340} INFO - Setting next_dagrun for example_task_group_decorator to 2022-12-13T17:45:02.937107+00:00, run_after=2022-12-14T17:45:02.937107+00:00
[2022-12-14T17:45:02.963+0000] {processor.py:176} INFO - Processing /home/airflow/.local/lib/python3.7/site-packages/airflow/example_dags/example_task_group_decorator.py took 0.184 seconds
[2022-12-14T17:45:33.643+0000] {processor.py:154} INFO - Started process (PID=483) to work on /home/airflow/.local/lib/python3.7/site-packages/airflow/example_dags/example_task_group_decorator.py
[2022-12-14T17:45:33.645+0000] {processor.py:756} INFO - Processing file /home/airflow/.local/lib/python3.7/site-packages/airflow/example_dags/example_task_group_decorator.py for tasks to queue
[2022-12-14T17:45:33.645+0000] {logging_mixin.py:137} INFO - [2022-12-14T17:45:33.645+0000] {dagbag.py:537} INFO - Filling up the DagBag from /home/airflow/.local/lib/python3.7/site-packages/airflow/example_dags/example_task_group_decorator.py
[2022-12-14T17:45:33.694+0000] {processor.py:766} INFO - DAG(s) dict_keys(['example_task_group_decorator']) retrieved from /home/airflow/.local/lib/python3.7/site-packages/airflow/example_dags/example_task_group_decorator.py
[2022-12-14T17:45:33.768+0000] {logging_mixin.py:137} INFO - [2022-12-14T17:45:33.767+0000] {dag.py:2585} INFO - Sync 1 DAGs
[2022-12-14T17:45:33.817+0000] {logging_mixin.py:137} INFO - [2022-12-14T17:45:33.817+0000] {dag.py:3340} INFO - Setting next_dagrun for example_task_group_decorator to 2022-12-13T17:45:33.816835+00:00, run_after=2022-12-14T17:45:33.816835+00:00
[2022-12-14T17:45:33.846+0000] {processor.py:176} INFO - Processing /home/airflow/.local/lib/python3.7/site-packages/airflow/example_dags/example_task_group_decorator.py took 0.208 seconds
[2022-12-14T17:46:03.867+0000] {processor.py:154} INFO - Started process (PID=537) to work on /home/airflow/.local/lib/python3.7/site-packages/airflow/example_dags/example_task_group_decorator.py
[2022-12-14T17:46:03.868+0000] {processor.py:756} INFO - Processing file /home/airflow/.local/lib/python3.7/site-packages/airflow/example_dags/example_task_group_decorator.py for tasks to queue
[2022-12-14T17:46:03.869+0000] {logging_mixin.py:137} INFO - [2022-12-14T17:46:03.869+0000] {dagbag.py:537} INFO - Filling up the DagBag from /home/airflow/.local/lib/python3.7/site-packages/airflow/example_dags/example_task_group_decorator.py
[2022-12-14T17:46:03.913+0000] {processor.py:766} INFO - DAG(s) dict_keys(['example_task_group_decorator']) retrieved from /home/airflow/.local/lib/python3.7/site-packages/airflow/example_dags/example_task_group_decorator.py
[2022-12-14T17:46:03.973+0000] {logging_mixin.py:137} INFO - [2022-12-14T17:46:03.973+0000] {dag.py:2585} INFO - Sync 1 DAGs
[2022-12-14T17:46:04.015+0000] {logging_mixin.py:137} INFO - [2022-12-14T17:46:04.015+0000] {dag.py:3340} INFO - Setting next_dagrun for example_task_group_decorator to 2022-12-13T17:46:04.015330+00:00, run_after=2022-12-14T17:46:04.015330+00:00
[2022-12-14T17:46:04.037+0000] {processor.py:176} INFO - Processing /home/airflow/.local/lib/python3.7/site-packages/airflow/example_dags/example_task_group_decorator.py took 0.174 seconds
[2022-12-14T17:46:34.653+0000] {processor.py:154} INFO - Started process (PID=591) to work on /home/airflow/.local/lib/python3.7/site-packages/airflow/example_dags/example_task_group_decorator.py
[2022-12-14T17:46:34.654+0000] {processor.py:756} INFO - Processing file /home/airflow/.local/lib/python3.7/site-packages/airflow/example_dags/example_task_group_decorator.py for tasks to queue
[2022-12-14T17:46:34.655+0000] {logging_mixin.py:137} INFO - [2022-12-14T17:46:34.654+0000] {dagbag.py:537} INFO - Filling up the DagBag from /home/airflow/.local/lib/python3.7/site-packages/airflow/example_dags/example_task_group_decorator.py
[2022-12-14T17:46:34.700+0000] {processor.py:766} INFO - DAG(s) dict_keys(['example_task_group_decorator']) retrieved from /home/airflow/.local/lib/python3.7/site-packages/airflow/example_dags/example_task_group_decorator.py
[2022-12-14T17:46:34.766+0000] {logging_mixin.py:137} INFO - [2022-12-14T17:46:34.766+0000] {dag.py:2585} INFO - Sync 1 DAGs
[2022-12-14T17:46:34.809+0000] {logging_mixin.py:137} INFO - [2022-12-14T17:46:34.809+0000] {dag.py:3340} INFO - Setting next_dagrun for example_task_group_decorator to 2022-12-13T17:46:34.809320+00:00, run_after=2022-12-14T17:46:34.809320+00:00
[2022-12-14T17:46:34.835+0000] {processor.py:176} INFO - Processing /home/airflow/.local/lib/python3.7/site-packages/airflow/example_dags/example_task_group_decorator.py took 0.186 seconds
[2022-12-14T17:47:05.196+0000] {processor.py:154} INFO - Started process (PID=653) to work on /home/airflow/.local/lib/python3.7/site-packages/airflow/example_dags/example_task_group_decorator.py
[2022-12-14T17:47:05.197+0000] {processor.py:756} INFO - Processing file /home/airflow/.local/lib/python3.7/site-packages/airflow/example_dags/example_task_group_decorator.py for tasks to queue
[2022-12-14T17:47:05.197+0000] {logging_mixin.py:137} INFO - [2022-12-14T17:47:05.197+0000] {dagbag.py:537} INFO - Filling up the DagBag from /home/airflow/.local/lib/python3.7/site-packages/airflow/example_dags/example_task_group_decorator.py
[2022-12-14T17:47:05.242+0000] {processor.py:766} INFO - DAG(s) dict_keys(['example_task_group_decorator']) retrieved from /home/airflow/.local/lib/python3.7/site-packages/airflow/example_dags/example_task_group_decorator.py
[2022-12-14T17:47:05.302+0000] {logging_mixin.py:137} INFO - [2022-12-14T17:47:05.302+0000] {dag.py:2585} INFO - Sync 1 DAGs
[2022-12-14T17:47:05.347+0000] {logging_mixin.py:137} INFO - [2022-12-14T17:47:05.347+0000] {dag.py:3340} INFO - Setting next_dagrun for example_task_group_decorator to 2022-12-13T17:47:05.346985+00:00, run_after=2022-12-14T17:47:05.346985+00:00
[2022-12-14T17:47:05.395+0000] {processor.py:176} INFO - Processing /home/airflow/.local/lib/python3.7/site-packages/airflow/example_dags/example_task_group_decorator.py took 0.203 seconds
[2022-12-14T17:47:35.691+0000] {processor.py:154} INFO - Started process (PID=707) to work on /home/airflow/.local/lib/python3.7/site-packages/airflow/example_dags/example_task_group_decorator.py
[2022-12-14T17:47:35.692+0000] {processor.py:756} INFO - Processing file /home/airflow/.local/lib/python3.7/site-packages/airflow/example_dags/example_task_group_decorator.py for tasks to queue
[2022-12-14T17:47:35.692+0000] {logging_mixin.py:137} INFO - [2022-12-14T17:47:35.692+0000] {dagbag.py:537} INFO - Filling up the DagBag from /home/airflow/.local/lib/python3.7/site-packages/airflow/example_dags/example_task_group_decorator.py
[2022-12-14T17:47:35.738+0000] {processor.py:766} INFO - DAG(s) dict_keys(['example_task_group_decorator']) retrieved from /home/airflow/.local/lib/python3.7/site-packages/airflow/example_dags/example_task_group_decorator.py
[2022-12-14T17:47:35.839+0000] {logging_mixin.py:137} INFO - [2022-12-14T17:47:35.839+0000] {dag.py:2585} INFO - Sync 1 DAGs
[2022-12-14T17:47:35.890+0000] {logging_mixin.py:137} INFO - [2022-12-14T17:47:35.890+0000] {dag.py:3340} INFO - Setting next_dagrun for example_task_group_decorator to 2022-12-13T17:47:35.889910+00:00, run_after=2022-12-14T17:47:35.889910+00:00
[2022-12-14T17:47:35.991+0000] {processor.py:176} INFO - Processing /home/airflow/.local/lib/python3.7/site-packages/airflow/example_dags/example_task_group_decorator.py took 0.304 seconds
[2022-12-14T17:48:06.164+0000] {processor.py:154} INFO - Started process (PID=762) to work on /home/airflow/.local/lib/python3.7/site-packages/airflow/example_dags/example_task_group_decorator.py
[2022-12-14T17:48:06.165+0000] {processor.py:756} INFO - Processing file /home/airflow/.local/lib/python3.7/site-packages/airflow/example_dags/example_task_group_decorator.py for tasks to queue
[2022-12-14T17:48:06.166+0000] {logging_mixin.py:137} INFO - [2022-12-14T17:48:06.166+0000] {dagbag.py:537} INFO - Filling up the DagBag from /home/airflow/.local/lib/python3.7/site-packages/airflow/example_dags/example_task_group_decorator.py
[2022-12-14T17:48:06.229+0000] {processor.py:766} INFO - DAG(s) dict_keys(['example_task_group_decorator']) retrieved from /home/airflow/.local/lib/python3.7/site-packages/airflow/example_dags/example_task_group_decorator.py
[2022-12-14T17:48:06.391+0000] {logging_mixin.py:137} INFO - [2022-12-14T17:48:06.391+0000] {dag.py:2585} INFO - Sync 1 DAGs
[2022-12-14T17:48:06.452+0000] {logging_mixin.py:137} INFO - [2022-12-14T17:48:06.452+0000] {dag.py:3340} INFO - Setting next_dagrun for example_task_group_decorator to 2022-12-13T17:48:06.451936+00:00, run_after=2022-12-14T17:48:06.451936+00:00
[2022-12-14T17:48:06.490+0000] {processor.py:176} INFO - Processing /home/airflow/.local/lib/python3.7/site-packages/airflow/example_dags/example_task_group_decorator.py took 0.330 seconds
[2022-12-14T17:48:36.612+0000] {processor.py:154} INFO - Started process (PID=825) to work on /home/airflow/.local/lib/python3.7/site-packages/airflow/example_dags/example_task_group_decorator.py
[2022-12-14T17:48:36.613+0000] {processor.py:756} INFO - Processing file /home/airflow/.local/lib/python3.7/site-packages/airflow/example_dags/example_task_group_decorator.py for tasks to queue
[2022-12-14T17:48:36.613+0000] {logging_mixin.py:137} INFO - [2022-12-14T17:48:36.613+0000] {dagbag.py:537} INFO - Filling up the DagBag from /home/airflow/.local/lib/python3.7/site-packages/airflow/example_dags/example_task_group_decorator.py
[2022-12-14T17:48:36.662+0000] {processor.py:766} INFO - DAG(s) dict_keys(['example_task_group_decorator']) retrieved from /home/airflow/.local/lib/python3.7/site-packages/airflow/example_dags/example_task_group_decorator.py
[2022-12-14T17:48:36.727+0000] {logging_mixin.py:137} INFO - [2022-12-14T17:48:36.727+0000] {dag.py:2585} INFO - Sync 1 DAGs
[2022-12-14T17:48:36.772+0000] {logging_mixin.py:137} INFO - [2022-12-14T17:48:36.771+0000] {dag.py:3340} INFO - Setting next_dagrun for example_task_group_decorator to 2022-12-13T17:48:36.771673+00:00, run_after=2022-12-14T17:48:36.771673+00:00
[2022-12-14T17:48:36.798+0000] {processor.py:176} INFO - Processing /home/airflow/.local/lib/python3.7/site-packages/airflow/example_dags/example_task_group_decorator.py took 0.190 seconds
[2022-12-14T17:49:07.185+0000] {processor.py:154} INFO - Started process (PID=880) to work on /home/airflow/.local/lib/python3.7/site-packages/airflow/example_dags/example_task_group_decorator.py
[2022-12-14T17:49:07.186+0000] {processor.py:756} INFO - Processing file /home/airflow/.local/lib/python3.7/site-packages/airflow/example_dags/example_task_group_decorator.py for tasks to queue
[2022-12-14T17:49:07.187+0000] {logging_mixin.py:137} INFO - [2022-12-14T17:49:07.187+0000] {dagbag.py:537} INFO - Filling up the DagBag from /home/airflow/.local/lib/python3.7/site-packages/airflow/example_dags/example_task_group_decorator.py
[2022-12-14T17:49:07.235+0000] {processor.py:766} INFO - DAG(s) dict_keys(['example_task_group_decorator']) retrieved from /home/airflow/.local/lib/python3.7/site-packages/airflow/example_dags/example_task_group_decorator.py
[2022-12-14T17:49:07.313+0000] {logging_mixin.py:137} INFO - [2022-12-14T17:49:07.313+0000] {dag.py:2585} INFO - Sync 1 DAGs
[2022-12-14T17:49:07.361+0000] {logging_mixin.py:137} INFO - [2022-12-14T17:49:07.360+0000] {dag.py:3340} INFO - Setting next_dagrun for example_task_group_decorator to 2022-12-13T17:49:07.360551+00:00, run_after=2022-12-14T17:49:07.360551+00:00
[2022-12-14T17:49:07.389+0000] {processor.py:176} INFO - Processing /home/airflow/.local/lib/python3.7/site-packages/airflow/example_dags/example_task_group_decorator.py took 0.208 seconds
[2022-12-14T17:49:38.344+0000] {processor.py:154} INFO - Started process (PID=944) to work on /home/airflow/.local/lib/python3.7/site-packages/airflow/example_dags/example_task_group_decorator.py
[2022-12-14T17:49:38.355+0000] {processor.py:756} INFO - Processing file /home/airflow/.local/lib/python3.7/site-packages/airflow/example_dags/example_task_group_decorator.py for tasks to queue
[2022-12-14T17:49:38.356+0000] {logging_mixin.py:137} INFO - [2022-12-14T17:49:38.355+0000] {dagbag.py:537} INFO - Filling up the DagBag from /home/airflow/.local/lib/python3.7/site-packages/airflow/example_dags/example_task_group_decorator.py
[2022-12-14T17:49:38.483+0000] {processor.py:766} INFO - DAG(s) dict_keys(['example_task_group_decorator']) retrieved from /home/airflow/.local/lib/python3.7/site-packages/airflow/example_dags/example_task_group_decorator.py
[2022-12-14T17:49:38.695+0000] {logging_mixin.py:137} INFO - [2022-12-14T17:49:38.695+0000] {dag.py:2585} INFO - Sync 1 DAGs
[2022-12-14T17:49:38.825+0000] {logging_mixin.py:137} INFO - [2022-12-14T17:49:38.824+0000] {dag.py:3340} INFO - Setting next_dagrun for example_task_group_decorator to 2022-12-13T17:49:38.824484+00:00, run_after=2022-12-14T17:49:38.824484+00:00
[2022-12-14T17:49:38.884+0000] {processor.py:176} INFO - Processing /home/airflow/.local/lib/python3.7/site-packages/airflow/example_dags/example_task_group_decorator.py took 0.553 seconds
[2022-12-14T17:50:09.631+0000] {processor.py:154} INFO - Started process (PID=998) to work on /home/airflow/.local/lib/python3.7/site-packages/airflow/example_dags/example_task_group_decorator.py
[2022-12-14T17:50:09.632+0000] {processor.py:756} INFO - Processing file /home/airflow/.local/lib/python3.7/site-packages/airflow/example_dags/example_task_group_decorator.py for tasks to queue
[2022-12-14T17:50:09.632+0000] {logging_mixin.py:137} INFO - [2022-12-14T17:50:09.632+0000] {dagbag.py:537} INFO - Filling up the DagBag from /home/airflow/.local/lib/python3.7/site-packages/airflow/example_dags/example_task_group_decorator.py
[2022-12-14T17:50:09.683+0000] {processor.py:766} INFO - DAG(s) dict_keys(['example_task_group_decorator']) retrieved from /home/airflow/.local/lib/python3.7/site-packages/airflow/example_dags/example_task_group_decorator.py
[2022-12-14T17:50:09.754+0000] {logging_mixin.py:137} INFO - [2022-12-14T17:50:09.754+0000] {dag.py:2585} INFO - Sync 1 DAGs
[2022-12-14T17:50:09.807+0000] {logging_mixin.py:137} INFO - [2022-12-14T17:50:09.807+0000] {dag.py:3340} INFO - Setting next_dagrun for example_task_group_decorator to 2022-12-13T17:50:09.806928+00:00, run_after=2022-12-14T17:50:09.806928+00:00
[2022-12-14T17:50:09.843+0000] {processor.py:176} INFO - Processing /home/airflow/.local/lib/python3.7/site-packages/airflow/example_dags/example_task_group_decorator.py took 0.226 seconds
[2022-12-14T17:50:39.898+0000] {processor.py:154} INFO - Started process (PID=1053) to work on /home/airflow/.local/lib/python3.7/site-packages/airflow/example_dags/example_task_group_decorator.py
[2022-12-14T17:50:39.899+0000] {processor.py:756} INFO - Processing file /home/airflow/.local/lib/python3.7/site-packages/airflow/example_dags/example_task_group_decorator.py for tasks to queue
[2022-12-14T17:50:39.900+0000] {logging_mixin.py:137} INFO - [2022-12-14T17:50:39.900+0000] {dagbag.py:537} INFO - Filling up the DagBag from /home/airflow/.local/lib/python3.7/site-packages/airflow/example_dags/example_task_group_decorator.py
[2022-12-14T17:50:39.943+0000] {processor.py:766} INFO - DAG(s) dict_keys(['example_task_group_decorator']) retrieved from /home/airflow/.local/lib/python3.7/site-packages/airflow/example_dags/example_task_group_decorator.py
[2022-12-14T17:50:40.007+0000] {logging_mixin.py:137} INFO - [2022-12-14T17:50:40.007+0000] {dag.py:2585} INFO - Sync 1 DAGs
[2022-12-14T17:50:40.055+0000] {logging_mixin.py:137} INFO - [2022-12-14T17:50:40.054+0000] {dag.py:3340} INFO - Setting next_dagrun for example_task_group_decorator to 2022-12-13T17:50:40.054412+00:00, run_after=2022-12-14T17:50:40.054412+00:00
[2022-12-14T17:50:40.129+0000] {processor.py:176} INFO - Processing /home/airflow/.local/lib/python3.7/site-packages/airflow/example_dags/example_task_group_decorator.py took 0.236 seconds
[2022-12-14T17:51:10.527+0000] {processor.py:154} INFO - Started process (PID=1109) to work on /home/airflow/.local/lib/python3.7/site-packages/airflow/example_dags/example_task_group_decorator.py
[2022-12-14T17:51:10.528+0000] {processor.py:756} INFO - Processing file /home/airflow/.local/lib/python3.7/site-packages/airflow/example_dags/example_task_group_decorator.py for tasks to queue
[2022-12-14T17:51:10.529+0000] {logging_mixin.py:137} INFO - [2022-12-14T17:51:10.528+0000] {dagbag.py:537} INFO - Filling up the DagBag from /home/airflow/.local/lib/python3.7/site-packages/airflow/example_dags/example_task_group_decorator.py
[2022-12-14T17:51:10.659+0000] {processor.py:766} INFO - DAG(s) dict_keys(['example_task_group_decorator']) retrieved from /home/airflow/.local/lib/python3.7/site-packages/airflow/example_dags/example_task_group_decorator.py
[2022-12-14T17:51:10.840+0000] {logging_mixin.py:137} INFO - [2022-12-14T17:51:10.839+0000] {dag.py:2585} INFO - Sync 1 DAGs
[2022-12-14T17:51:10.934+0000] {logging_mixin.py:137} INFO - [2022-12-14T17:51:10.933+0000] {dag.py:3340} INFO - Setting next_dagrun for example_task_group_decorator to 2022-12-13T17:51:10.933191+00:00, run_after=2022-12-14T17:51:10.933191+00:00
[2022-12-14T17:51:10.983+0000] {processor.py:176} INFO - Processing /home/airflow/.local/lib/python3.7/site-packages/airflow/example_dags/example_task_group_decorator.py took 0.461 seconds
[2022-12-14T17:51:41.223+0000] {processor.py:154} INFO - Started process (PID=1172) to work on /home/airflow/.local/lib/python3.7/site-packages/airflow/example_dags/example_task_group_decorator.py
[2022-12-14T17:51:41.224+0000] {processor.py:756} INFO - Processing file /home/airflow/.local/lib/python3.7/site-packages/airflow/example_dags/example_task_group_decorator.py for tasks to queue
[2022-12-14T17:51:41.225+0000] {logging_mixin.py:137} INFO - [2022-12-14T17:51:41.224+0000] {dagbag.py:537} INFO - Filling up the DagBag from /home/airflow/.local/lib/python3.7/site-packages/airflow/example_dags/example_task_group_decorator.py
[2022-12-14T17:51:41.338+0000] {processor.py:766} INFO - DAG(s) dict_keys(['example_task_group_decorator']) retrieved from /home/airflow/.local/lib/python3.7/site-packages/airflow/example_dags/example_task_group_decorator.py
[2022-12-14T17:51:41.501+0000] {logging_mixin.py:137} INFO - [2022-12-14T17:51:41.500+0000] {dag.py:2585} INFO - Sync 1 DAGs
[2022-12-14T17:51:41.608+0000] {logging_mixin.py:137} INFO - [2022-12-14T17:51:41.608+0000] {dag.py:3340} INFO - Setting next_dagrun for example_task_group_decorator to 2022-12-13T17:51:41.608040+00:00, run_after=2022-12-14T17:51:41.608040+00:00
[2022-12-14T17:51:41.680+0000] {processor.py:176} INFO - Processing /home/airflow/.local/lib/python3.7/site-packages/airflow/example_dags/example_task_group_decorator.py took 0.476 seconds
[2022-12-14T17:52:12.082+0000] {processor.py:154} INFO - Started process (PID=1227) to work on /home/airflow/.local/lib/python3.7/site-packages/airflow/example_dags/example_task_group_decorator.py
[2022-12-14T17:52:12.119+0000] {processor.py:756} INFO - Processing file /home/airflow/.local/lib/python3.7/site-packages/airflow/example_dags/example_task_group_decorator.py for tasks to queue
[2022-12-14T17:52:12.120+0000] {logging_mixin.py:137} INFO - [2022-12-14T17:52:12.120+0000] {dagbag.py:537} INFO - Filling up the DagBag from /home/airflow/.local/lib/python3.7/site-packages/airflow/example_dags/example_task_group_decorator.py
[2022-12-14T17:52:12.459+0000] {processor.py:766} INFO - DAG(s) dict_keys(['example_task_group_decorator']) retrieved from /home/airflow/.local/lib/python3.7/site-packages/airflow/example_dags/example_task_group_decorator.py
[2022-12-14T17:52:12.823+0000] {logging_mixin.py:137} INFO - [2022-12-14T17:52:12.823+0000] {dag.py:2585} INFO - Sync 1 DAGs
[2022-12-14T17:52:13.043+0000] {logging_mixin.py:137} INFO - [2022-12-14T17:52:13.043+0000] {dag.py:3340} INFO - Setting next_dagrun for example_task_group_decorator to 2022-12-13T17:52:13.042878+00:00, run_after=2022-12-14T17:52:13.042878+00:00
[2022-12-14T17:52:13.164+0000] {processor.py:176} INFO - Processing /home/airflow/.local/lib/python3.7/site-packages/airflow/example_dags/example_task_group_decorator.py took 1.154 seconds
[2022-12-14T17:52:43.335+0000] {processor.py:154} INFO - Started process (PID=1272) to work on /home/airflow/.local/lib/python3.7/site-packages/airflow/example_dags/example_task_group_decorator.py
[2022-12-14T17:52:43.384+0000] {processor.py:756} INFO - Processing file /home/airflow/.local/lib/python3.7/site-packages/airflow/example_dags/example_task_group_decorator.py for tasks to queue
[2022-12-14T17:52:43.387+0000] {logging_mixin.py:137} INFO - [2022-12-14T17:52:43.386+0000] {dagbag.py:537} INFO - Filling up the DagBag from /home/airflow/.local/lib/python3.7/site-packages/airflow/example_dags/example_task_group_decorator.py
[2022-12-14T17:52:43.492+0000] {processor.py:766} INFO - DAG(s) dict_keys(['example_task_group_decorator']) retrieved from /home/airflow/.local/lib/python3.7/site-packages/airflow/example_dags/example_task_group_decorator.py
[2022-12-14T17:52:43.609+0000] {logging_mixin.py:137} INFO - [2022-12-14T17:52:43.609+0000] {dag.py:2585} INFO - Sync 1 DAGs
[2022-12-14T17:52:43.711+0000] {logging_mixin.py:137} INFO - [2022-12-14T17:52:43.711+0000] {dag.py:3340} INFO - Setting next_dagrun for example_task_group_decorator to 2022-12-13T17:52:43.710862+00:00, run_after=2022-12-14T17:52:43.710862+00:00
[2022-12-14T17:52:43.847+0000] {processor.py:176} INFO - Processing /home/airflow/.local/lib/python3.7/site-packages/airflow/example_dags/example_task_group_decorator.py took 0.531 seconds
[2022-12-14T17:53:14.811+0000] {processor.py:154} INFO - Started process (PID=1334) to work on /home/airflow/.local/lib/python3.7/site-packages/airflow/example_dags/example_task_group_decorator.py
[2022-12-14T17:53:14.812+0000] {processor.py:756} INFO - Processing file /home/airflow/.local/lib/python3.7/site-packages/airflow/example_dags/example_task_group_decorator.py for tasks to queue
[2022-12-14T17:53:14.813+0000] {logging_mixin.py:137} INFO - [2022-12-14T17:53:14.813+0000] {dagbag.py:537} INFO - Filling up the DagBag from /home/airflow/.local/lib/python3.7/site-packages/airflow/example_dags/example_task_group_decorator.py
[2022-12-14T17:53:14.866+0000] {processor.py:766} INFO - DAG(s) dict_keys(['example_task_group_decorator']) retrieved from /home/airflow/.local/lib/python3.7/site-packages/airflow/example_dags/example_task_group_decorator.py
[2022-12-14T17:53:14.951+0000] {logging_mixin.py:137} INFO - [2022-12-14T17:53:14.951+0000] {dag.py:2585} INFO - Sync 1 DAGs
[2022-12-14T17:53:15.023+0000] {logging_mixin.py:137} INFO - [2022-12-14T17:53:15.023+0000] {dag.py:3340} INFO - Setting next_dagrun for example_task_group_decorator to 2022-12-13T17:53:15.022143+00:00, run_after=2022-12-14T17:53:15.022143+00:00
[2022-12-14T17:53:15.093+0000] {processor.py:176} INFO - Processing /home/airflow/.local/lib/python3.7/site-packages/airflow/example_dags/example_task_group_decorator.py took 0.286 seconds
[2022-12-14T17:53:45.797+0000] {processor.py:154} INFO - Started process (PID=1389) to work on /home/airflow/.local/lib/python3.7/site-packages/airflow/example_dags/example_task_group_decorator.py
[2022-12-14T17:53:45.799+0000] {processor.py:756} INFO - Processing file /home/airflow/.local/lib/python3.7/site-packages/airflow/example_dags/example_task_group_decorator.py for tasks to queue
[2022-12-14T17:53:45.800+0000] {logging_mixin.py:137} INFO - [2022-12-14T17:53:45.799+0000] {dagbag.py:537} INFO - Filling up the DagBag from /home/airflow/.local/lib/python3.7/site-packages/airflow/example_dags/example_task_group_decorator.py
[2022-12-14T17:53:45.851+0000] {processor.py:766} INFO - DAG(s) dict_keys(['example_task_group_decorator']) retrieved from /home/airflow/.local/lib/python3.7/site-packages/airflow/example_dags/example_task_group_decorator.py
[2022-12-14T17:53:45.925+0000] {logging_mixin.py:137} INFO - [2022-12-14T17:53:45.924+0000] {dag.py:2585} INFO - Sync 1 DAGs
[2022-12-14T17:53:45.989+0000] {logging_mixin.py:137} INFO - [2022-12-14T17:53:45.989+0000] {dag.py:3340} INFO - Setting next_dagrun for example_task_group_decorator to 2022-12-13T17:53:45.988607+00:00, run_after=2022-12-14T17:53:45.988607+00:00
[2022-12-14T17:53:46.025+0000] {processor.py:176} INFO - Processing /home/airflow/.local/lib/python3.7/site-packages/airflow/example_dags/example_task_group_decorator.py took 0.232 seconds
[2022-12-14T17:54:16.596+0000] {processor.py:154} INFO - Started process (PID=1443) to work on /home/airflow/.local/lib/python3.7/site-packages/airflow/example_dags/example_task_group_decorator.py
[2022-12-14T17:54:16.598+0000] {processor.py:756} INFO - Processing file /home/airflow/.local/lib/python3.7/site-packages/airflow/example_dags/example_task_group_decorator.py for tasks to queue
[2022-12-14T17:54:16.599+0000] {logging_mixin.py:137} INFO - [2022-12-14T17:54:16.599+0000] {dagbag.py:537} INFO - Filling up the DagBag from /home/airflow/.local/lib/python3.7/site-packages/airflow/example_dags/example_task_group_decorator.py
[2022-12-14T17:54:16.649+0000] {processor.py:766} INFO - DAG(s) dict_keys(['example_task_group_decorator']) retrieved from /home/airflow/.local/lib/python3.7/site-packages/airflow/example_dags/example_task_group_decorator.py
[2022-12-14T17:54:16.717+0000] {logging_mixin.py:137} INFO - [2022-12-14T17:54:16.717+0000] {dag.py:2585} INFO - Sync 1 DAGs
[2022-12-14T17:54:16.777+0000] {logging_mixin.py:137} INFO - [2022-12-14T17:54:16.777+0000] {dag.py:3340} INFO - Setting next_dagrun for example_task_group_decorator to 2022-12-13T17:54:16.776943+00:00, run_after=2022-12-14T17:54:16.776943+00:00
[2022-12-14T17:54:16.809+0000] {processor.py:176} INFO - Processing /home/airflow/.local/lib/python3.7/site-packages/airflow/example_dags/example_task_group_decorator.py took 0.218 seconds
[2022-12-14T17:54:47.659+0000] {processor.py:154} INFO - Started process (PID=1504) to work on /home/airflow/.local/lib/python3.7/site-packages/airflow/example_dags/example_task_group_decorator.py
[2022-12-14T17:54:47.670+0000] {processor.py:756} INFO - Processing file /home/airflow/.local/lib/python3.7/site-packages/airflow/example_dags/example_task_group_decorator.py for tasks to queue
[2022-12-14T17:54:47.672+0000] {logging_mixin.py:137} INFO - [2022-12-14T17:54:47.672+0000] {dagbag.py:537} INFO - Filling up the DagBag from /home/airflow/.local/lib/python3.7/site-packages/airflow/example_dags/example_task_group_decorator.py
[2022-12-14T17:54:47.744+0000] {processor.py:766} INFO - DAG(s) dict_keys(['example_task_group_decorator']) retrieved from /home/airflow/.local/lib/python3.7/site-packages/airflow/example_dags/example_task_group_decorator.py
[2022-12-14T17:54:47.900+0000] {logging_mixin.py:137} INFO - [2022-12-14T17:54:47.900+0000] {dag.py:2585} INFO - Sync 1 DAGs
[2022-12-14T17:54:47.979+0000] {logging_mixin.py:137} INFO - [2022-12-14T17:54:47.979+0000] {dag.py:3340} INFO - Setting next_dagrun for example_task_group_decorator to 2022-12-13T17:54:47.978849+00:00, run_after=2022-12-14T17:54:47.978849+00:00
[2022-12-14T17:54:48.012+0000] {processor.py:176} INFO - Processing /home/airflow/.local/lib/python3.7/site-packages/airflow/example_dags/example_task_group_decorator.py took 0.366 seconds
[2022-12-14T17:55:18.353+0000] {processor.py:154} INFO - Started process (PID=1559) to work on /home/airflow/.local/lib/python3.7/site-packages/airflow/example_dags/example_task_group_decorator.py
[2022-12-14T17:55:18.354+0000] {processor.py:756} INFO - Processing file /home/airflow/.local/lib/python3.7/site-packages/airflow/example_dags/example_task_group_decorator.py for tasks to queue
[2022-12-14T17:55:18.355+0000] {logging_mixin.py:137} INFO - [2022-12-14T17:55:18.355+0000] {dagbag.py:537} INFO - Filling up the DagBag from /home/airflow/.local/lib/python3.7/site-packages/airflow/example_dags/example_task_group_decorator.py
[2022-12-14T17:55:18.414+0000] {processor.py:766} INFO - DAG(s) dict_keys(['example_task_group_decorator']) retrieved from /home/airflow/.local/lib/python3.7/site-packages/airflow/example_dags/example_task_group_decorator.py
[2022-12-14T17:55:18.498+0000] {logging_mixin.py:137} INFO - [2022-12-14T17:55:18.497+0000] {dag.py:2585} INFO - Sync 1 DAGs
[2022-12-14T17:55:18.553+0000] {logging_mixin.py:137} INFO - [2022-12-14T17:55:18.553+0000] {dag.py:3340} INFO - Setting next_dagrun for example_task_group_decorator to 2022-12-13T17:55:18.553076+00:00, run_after=2022-12-14T17:55:18.553076+00:00
[2022-12-14T17:55:18.583+0000] {processor.py:176} INFO - Processing /home/airflow/.local/lib/python3.7/site-packages/airflow/example_dags/example_task_group_decorator.py took 0.236 seconds
[2022-12-14T17:55:49.107+0000] {processor.py:154} INFO - Started process (PID=1612) to work on /home/airflow/.local/lib/python3.7/site-packages/airflow/example_dags/example_task_group_decorator.py
[2022-12-14T17:55:49.108+0000] {processor.py:756} INFO - Processing file /home/airflow/.local/lib/python3.7/site-packages/airflow/example_dags/example_task_group_decorator.py for tasks to queue
[2022-12-14T17:55:49.108+0000] {logging_mixin.py:137} INFO - [2022-12-14T17:55:49.108+0000] {dagbag.py:537} INFO - Filling up the DagBag from /home/airflow/.local/lib/python3.7/site-packages/airflow/example_dags/example_task_group_decorator.py
[2022-12-14T17:55:49.156+0000] {processor.py:766} INFO - DAG(s) dict_keys(['example_task_group_decorator']) retrieved from /home/airflow/.local/lib/python3.7/site-packages/airflow/example_dags/example_task_group_decorator.py
[2022-12-14T17:55:49.224+0000] {logging_mixin.py:137} INFO - [2022-12-14T17:55:49.223+0000] {dag.py:2585} INFO - Sync 1 DAGs
[2022-12-14T17:55:49.277+0000] {logging_mixin.py:137} INFO - [2022-12-14T17:55:49.277+0000] {dag.py:3340} INFO - Setting next_dagrun for example_task_group_decorator to 2022-12-13T17:55:49.276930+00:00, run_after=2022-12-14T17:55:49.276930+00:00
[2022-12-14T17:55:49.308+0000] {processor.py:176} INFO - Processing /home/airflow/.local/lib/python3.7/site-packages/airflow/example_dags/example_task_group_decorator.py took 0.204 seconds
[2022-12-14T17:56:19.573+0000] {processor.py:154} INFO - Started process (PID=1665) to work on /home/airflow/.local/lib/python3.7/site-packages/airflow/example_dags/example_task_group_decorator.py
[2022-12-14T17:56:19.574+0000] {processor.py:756} INFO - Processing file /home/airflow/.local/lib/python3.7/site-packages/airflow/example_dags/example_task_group_decorator.py for tasks to queue
[2022-12-14T17:56:19.575+0000] {logging_mixin.py:137} INFO - [2022-12-14T17:56:19.575+0000] {dagbag.py:537} INFO - Filling up the DagBag from /home/airflow/.local/lib/python3.7/site-packages/airflow/example_dags/example_task_group_decorator.py
[2022-12-14T17:56:19.627+0000] {processor.py:766} INFO - DAG(s) dict_keys(['example_task_group_decorator']) retrieved from /home/airflow/.local/lib/python3.7/site-packages/airflow/example_dags/example_task_group_decorator.py
[2022-12-14T17:56:19.694+0000] {logging_mixin.py:137} INFO - [2022-12-14T17:56:19.694+0000] {dag.py:2585} INFO - Sync 1 DAGs
[2022-12-14T17:56:19.744+0000] {logging_mixin.py:137} INFO - [2022-12-14T17:56:19.744+0000] {dag.py:3340} INFO - Setting next_dagrun for example_task_group_decorator to 2022-12-13T17:56:19.744180+00:00, run_after=2022-12-14T17:56:19.744180+00:00
[2022-12-14T17:56:19.767+0000] {processor.py:176} INFO - Processing /home/airflow/.local/lib/python3.7/site-packages/airflow/example_dags/example_task_group_decorator.py took 0.199 seconds
[2022-12-14T18:00:02.331+0000] {processor.py:154} INFO - Started process (PID=75) to work on /home/airflow/.local/lib/python3.7/site-packages/airflow/example_dags/example_task_group_decorator.py
[2022-12-14T18:00:02.332+0000] {processor.py:756} INFO - Processing file /home/airflow/.local/lib/python3.7/site-packages/airflow/example_dags/example_task_group_decorator.py for tasks to queue
[2022-12-14T18:00:02.334+0000] {logging_mixin.py:137} INFO - [2022-12-14T18:00:02.333+0000] {dagbag.py:537} INFO - Filling up the DagBag from /home/airflow/.local/lib/python3.7/site-packages/airflow/example_dags/example_task_group_decorator.py
[2022-12-14T18:00:02.523+0000] {processor.py:766} INFO - DAG(s) dict_keys(['example_task_group_decorator']) retrieved from /home/airflow/.local/lib/python3.7/site-packages/airflow/example_dags/example_task_group_decorator.py
[2022-12-14T18:00:02.697+0000] {logging_mixin.py:137} INFO - [2022-12-14T18:00:02.697+0000] {dag.py:2585} INFO - Sync 1 DAGs
[2022-12-14T18:00:02.858+0000] {logging_mixin.py:137} INFO - [2022-12-14T18:00:02.858+0000] {dag.py:3340} INFO - Setting next_dagrun for example_task_group_decorator to 2022-12-13T18:00:02.858259+00:00, run_after=2022-12-14T18:00:02.858259+00:00
[2022-12-14T18:00:02.931+0000] {processor.py:176} INFO - Processing /home/airflow/.local/lib/python3.7/site-packages/airflow/example_dags/example_task_group_decorator.py took 0.619 seconds
[2022-12-14T18:00:33.167+0000] {processor.py:154} INFO - Started process (PID=128) to work on /home/airflow/.local/lib/python3.7/site-packages/airflow/example_dags/example_task_group_decorator.py
[2022-12-14T18:00:33.168+0000] {processor.py:756} INFO - Processing file /home/airflow/.local/lib/python3.7/site-packages/airflow/example_dags/example_task_group_decorator.py for tasks to queue
[2022-12-14T18:00:33.169+0000] {logging_mixin.py:137} INFO - [2022-12-14T18:00:33.169+0000] {dagbag.py:537} INFO - Filling up the DagBag from /home/airflow/.local/lib/python3.7/site-packages/airflow/example_dags/example_task_group_decorator.py
[2022-12-14T18:00:33.222+0000] {processor.py:766} INFO - DAG(s) dict_keys(['example_task_group_decorator']) retrieved from /home/airflow/.local/lib/python3.7/site-packages/airflow/example_dags/example_task_group_decorator.py
[2022-12-14T18:00:33.303+0000] {logging_mixin.py:137} INFO - [2022-12-14T18:00:33.303+0000] {dag.py:2585} INFO - Sync 1 DAGs
[2022-12-14T18:00:33.368+0000] {logging_mixin.py:137} INFO - [2022-12-14T18:00:33.368+0000] {dag.py:3340} INFO - Setting next_dagrun for example_task_group_decorator to 2022-12-13T18:00:33.367670+00:00, run_after=2022-12-14T18:00:33.367670+00:00
[2022-12-14T18:00:33.413+0000] {processor.py:176} INFO - Processing /home/airflow/.local/lib/python3.7/site-packages/airflow/example_dags/example_task_group_decorator.py took 0.251 seconds
[2022-12-14T18:01:03.814+0000] {processor.py:154} INFO - Started process (PID=193) to work on /home/airflow/.local/lib/python3.7/site-packages/airflow/example_dags/example_task_group_decorator.py
[2022-12-14T18:01:03.815+0000] {processor.py:756} INFO - Processing file /home/airflow/.local/lib/python3.7/site-packages/airflow/example_dags/example_task_group_decorator.py for tasks to queue
[2022-12-14T18:01:03.816+0000] {logging_mixin.py:137} INFO - [2022-12-14T18:01:03.816+0000] {dagbag.py:537} INFO - Filling up the DagBag from /home/airflow/.local/lib/python3.7/site-packages/airflow/example_dags/example_task_group_decorator.py
[2022-12-14T18:01:03.879+0000] {processor.py:766} INFO - DAG(s) dict_keys(['example_task_group_decorator']) retrieved from /home/airflow/.local/lib/python3.7/site-packages/airflow/example_dags/example_task_group_decorator.py
[2022-12-14T18:01:03.964+0000] {logging_mixin.py:137} INFO - [2022-12-14T18:01:03.964+0000] {dag.py:2585} INFO - Sync 1 DAGs
[2022-12-14T18:01:04.028+0000] {logging_mixin.py:137} INFO - [2022-12-14T18:01:04.028+0000] {dag.py:3340} INFO - Setting next_dagrun for example_task_group_decorator to 2022-12-13T18:01:04.027693+00:00, run_after=2022-12-14T18:01:04.027693+00:00
[2022-12-14T18:01:04.066+0000] {processor.py:176} INFO - Processing /home/airflow/.local/lib/python3.7/site-packages/airflow/example_dags/example_task_group_decorator.py took 0.267 seconds
[2022-12-14T18:01:34.885+0000] {processor.py:154} INFO - Started process (PID=248) to work on /home/airflow/.local/lib/python3.7/site-packages/airflow/example_dags/example_task_group_decorator.py
[2022-12-14T18:01:34.996+0000] {processor.py:756} INFO - Processing file /home/airflow/.local/lib/python3.7/site-packages/airflow/example_dags/example_task_group_decorator.py for tasks to queue
[2022-12-14T18:01:34.997+0000] {logging_mixin.py:137} INFO - [2022-12-14T18:01:34.997+0000] {dagbag.py:537} INFO - Filling up the DagBag from /home/airflow/.local/lib/python3.7/site-packages/airflow/example_dags/example_task_group_decorator.py
[2022-12-14T18:01:35.063+0000] {processor.py:766} INFO - DAG(s) dict_keys(['example_task_group_decorator']) retrieved from /home/airflow/.local/lib/python3.7/site-packages/airflow/example_dags/example_task_group_decorator.py
[2022-12-14T18:01:35.137+0000] {logging_mixin.py:137} INFO - [2022-12-14T18:01:35.136+0000] {dag.py:2585} INFO - Sync 1 DAGs
[2022-12-14T18:01:35.191+0000] {logging_mixin.py:137} INFO - [2022-12-14T18:01:35.190+0000] {dag.py:3340} INFO - Setting next_dagrun for example_task_group_decorator to 2022-12-13T18:01:35.190498+00:00, run_after=2022-12-14T18:01:35.190498+00:00
[2022-12-14T18:01:35.222+0000] {processor.py:176} INFO - Processing /home/airflow/.local/lib/python3.7/site-packages/airflow/example_dags/example_task_group_decorator.py took 0.342 seconds
[2022-12-14T18:02:05.762+0000] {processor.py:154} INFO - Started process (PID=310) to work on /home/airflow/.local/lib/python3.7/site-packages/airflow/example_dags/example_task_group_decorator.py
[2022-12-14T18:02:05.764+0000] {processor.py:756} INFO - Processing file /home/airflow/.local/lib/python3.7/site-packages/airflow/example_dags/example_task_group_decorator.py for tasks to queue
[2022-12-14T18:02:05.765+0000] {logging_mixin.py:137} INFO - [2022-12-14T18:02:05.765+0000] {dagbag.py:537} INFO - Filling up the DagBag from /home/airflow/.local/lib/python3.7/site-packages/airflow/example_dags/example_task_group_decorator.py
[2022-12-14T18:02:05.899+0000] {processor.py:766} INFO - DAG(s) dict_keys(['example_task_group_decorator']) retrieved from /home/airflow/.local/lib/python3.7/site-packages/airflow/example_dags/example_task_group_decorator.py
[2022-12-14T18:02:06.025+0000] {logging_mixin.py:137} INFO - [2022-12-14T18:02:06.024+0000] {dag.py:2585} INFO - Sync 1 DAGs
[2022-12-14T18:02:06.087+0000] {logging_mixin.py:137} INFO - [2022-12-14T18:02:06.086+0000] {dag.py:3340} INFO - Setting next_dagrun for example_task_group_decorator to 2022-12-13T18:02:06.086351+00:00, run_after=2022-12-14T18:02:06.086351+00:00
[2022-12-14T18:02:06.132+0000] {processor.py:176} INFO - Processing /home/airflow/.local/lib/python3.7/site-packages/airflow/example_dags/example_task_group_decorator.py took 0.374 seconds
[2022-12-14T18:02:37.111+0000] {processor.py:154} INFO - Started process (PID=366) to work on /home/airflow/.local/lib/python3.7/site-packages/airflow/example_dags/example_task_group_decorator.py
[2022-12-14T18:02:37.114+0000] {processor.py:756} INFO - Processing file /home/airflow/.local/lib/python3.7/site-packages/airflow/example_dags/example_task_group_decorator.py for tasks to queue
[2022-12-14T18:02:37.131+0000] {logging_mixin.py:137} INFO - [2022-12-14T18:02:37.130+0000] {dagbag.py:537} INFO - Filling up the DagBag from /home/airflow/.local/lib/python3.7/site-packages/airflow/example_dags/example_task_group_decorator.py
[2022-12-14T18:02:37.275+0000] {processor.py:766} INFO - DAG(s) dict_keys(['example_task_group_decorator']) retrieved from /home/airflow/.local/lib/python3.7/site-packages/airflow/example_dags/example_task_group_decorator.py
[2022-12-14T18:02:37.368+0000] {logging_mixin.py:137} INFO - [2022-12-14T18:02:37.368+0000] {dag.py:2585} INFO - Sync 1 DAGs
[2022-12-14T18:02:37.423+0000] {logging_mixin.py:137} INFO - [2022-12-14T18:02:37.422+0000] {dag.py:3340} INFO - Setting next_dagrun for example_task_group_decorator to 2022-12-13T18:02:37.422264+00:00, run_after=2022-12-14T18:02:37.422264+00:00
[2022-12-14T18:02:37.473+0000] {processor.py:176} INFO - Processing /home/airflow/.local/lib/python3.7/site-packages/airflow/example_dags/example_task_group_decorator.py took 0.372 seconds
[2022-12-14T18:03:08.432+0000] {processor.py:154} INFO - Started process (PID=419) to work on /home/airflow/.local/lib/python3.7/site-packages/airflow/example_dags/example_task_group_decorator.py
[2022-12-14T18:03:08.501+0000] {processor.py:756} INFO - Processing file /home/airflow/.local/lib/python3.7/site-packages/airflow/example_dags/example_task_group_decorator.py for tasks to queue
[2022-12-14T18:03:08.502+0000] {logging_mixin.py:137} INFO - [2022-12-14T18:03:08.502+0000] {dagbag.py:537} INFO - Filling up the DagBag from /home/airflow/.local/lib/python3.7/site-packages/airflow/example_dags/example_task_group_decorator.py
[2022-12-14T18:03:08.615+0000] {processor.py:766} INFO - DAG(s) dict_keys(['example_task_group_decorator']) retrieved from /home/airflow/.local/lib/python3.7/site-packages/airflow/example_dags/example_task_group_decorator.py
[2022-12-14T18:03:08.833+0000] {logging_mixin.py:137} INFO - [2022-12-14T18:03:08.833+0000] {dag.py:2585} INFO - Sync 1 DAGs
[2022-12-14T18:03:08.900+0000] {logging_mixin.py:137} INFO - [2022-12-14T18:03:08.900+0000] {dag.py:3340} INFO - Setting next_dagrun for example_task_group_decorator to 2022-12-13T18:03:08.900044+00:00, run_after=2022-12-14T18:03:08.900044+00:00
[2022-12-14T18:03:08.970+0000] {processor.py:176} INFO - Processing /home/airflow/.local/lib/python3.7/site-packages/airflow/example_dags/example_task_group_decorator.py took 0.558 seconds
[2022-12-14T18:03:39.556+0000] {processor.py:154} INFO - Started process (PID=481) to work on /home/airflow/.local/lib/python3.7/site-packages/airflow/example_dags/example_task_group_decorator.py
[2022-12-14T18:03:39.557+0000] {processor.py:756} INFO - Processing file /home/airflow/.local/lib/python3.7/site-packages/airflow/example_dags/example_task_group_decorator.py for tasks to queue
[2022-12-14T18:03:39.558+0000] {logging_mixin.py:137} INFO - [2022-12-14T18:03:39.558+0000] {dagbag.py:537} INFO - Filling up the DagBag from /home/airflow/.local/lib/python3.7/site-packages/airflow/example_dags/example_task_group_decorator.py
[2022-12-14T18:03:39.615+0000] {processor.py:766} INFO - DAG(s) dict_keys(['example_task_group_decorator']) retrieved from /home/airflow/.local/lib/python3.7/site-packages/airflow/example_dags/example_task_group_decorator.py
[2022-12-14T18:03:39.748+0000] {logging_mixin.py:137} INFO - [2022-12-14T18:03:39.747+0000] {dag.py:2585} INFO - Sync 1 DAGs
[2022-12-14T18:03:39.876+0000] {logging_mixin.py:137} INFO - [2022-12-14T18:03:39.876+0000] {dag.py:3340} INFO - Setting next_dagrun for example_task_group_decorator to 2022-12-13T18:03:39.875636+00:00, run_after=2022-12-14T18:03:39.875636+00:00
[2022-12-14T18:03:40.105+0000] {processor.py:176} INFO - Processing /home/airflow/.local/lib/python3.7/site-packages/airflow/example_dags/example_task_group_decorator.py took 0.555 seconds
[2022-12-14T18:04:10.488+0000] {processor.py:154} INFO - Started process (PID=536) to work on /home/airflow/.local/lib/python3.7/site-packages/airflow/example_dags/example_task_group_decorator.py
[2022-12-14T18:04:10.488+0000] {processor.py:756} INFO - Processing file /home/airflow/.local/lib/python3.7/site-packages/airflow/example_dags/example_task_group_decorator.py for tasks to queue
[2022-12-14T18:04:10.489+0000] {logging_mixin.py:137} INFO - [2022-12-14T18:04:10.489+0000] {dagbag.py:537} INFO - Filling up the DagBag from /home/airflow/.local/lib/python3.7/site-packages/airflow/example_dags/example_task_group_decorator.py
[2022-12-14T18:04:10.542+0000] {processor.py:766} INFO - DAG(s) dict_keys(['example_task_group_decorator']) retrieved from /home/airflow/.local/lib/python3.7/site-packages/airflow/example_dags/example_task_group_decorator.py
[2022-12-14T18:04:10.614+0000] {logging_mixin.py:137} INFO - [2022-12-14T18:04:10.614+0000] {dag.py:2585} INFO - Sync 1 DAGs
[2022-12-14T18:04:10.669+0000] {logging_mixin.py:137} INFO - [2022-12-14T18:04:10.669+0000] {dag.py:3340} INFO - Setting next_dagrun for example_task_group_decorator to 2022-12-13T18:04:10.669325+00:00, run_after=2022-12-14T18:04:10.669325+00:00
[2022-12-14T18:04:10.699+0000] {processor.py:176} INFO - Processing /home/airflow/.local/lib/python3.7/site-packages/airflow/example_dags/example_task_group_decorator.py took 0.215 seconds
[2022-12-14T18:04:41.478+0000] {processor.py:154} INFO - Started process (PID=591) to work on /home/airflow/.local/lib/python3.7/site-packages/airflow/example_dags/example_task_group_decorator.py
[2022-12-14T18:04:41.479+0000] {processor.py:756} INFO - Processing file /home/airflow/.local/lib/python3.7/site-packages/airflow/example_dags/example_task_group_decorator.py for tasks to queue
[2022-12-14T18:04:41.480+0000] {logging_mixin.py:137} INFO - [2022-12-14T18:04:41.480+0000] {dagbag.py:537} INFO - Filling up the DagBag from /home/airflow/.local/lib/python3.7/site-packages/airflow/example_dags/example_task_group_decorator.py
[2022-12-14T18:04:41.533+0000] {processor.py:766} INFO - DAG(s) dict_keys(['example_task_group_decorator']) retrieved from /home/airflow/.local/lib/python3.7/site-packages/airflow/example_dags/example_task_group_decorator.py
[2022-12-14T18:04:41.614+0000] {logging_mixin.py:137} INFO - [2022-12-14T18:04:41.614+0000] {dag.py:2585} INFO - Sync 1 DAGs
[2022-12-14T18:04:41.668+0000] {logging_mixin.py:137} INFO - [2022-12-14T18:04:41.668+0000] {dag.py:3340} INFO - Setting next_dagrun for example_task_group_decorator to 2022-12-13T18:04:41.668287+00:00, run_after=2022-12-14T18:04:41.668287+00:00
[2022-12-14T18:04:41.703+0000] {processor.py:176} INFO - Processing /home/airflow/.local/lib/python3.7/site-packages/airflow/example_dags/example_task_group_decorator.py took 0.230 seconds
[2022-12-14T18:05:12.690+0000] {processor.py:154} INFO - Started process (PID=655) to work on /home/airflow/.local/lib/python3.7/site-packages/airflow/example_dags/example_task_group_decorator.py
[2022-12-14T18:05:12.695+0000] {processor.py:756} INFO - Processing file /home/airflow/.local/lib/python3.7/site-packages/airflow/example_dags/example_task_group_decorator.py for tasks to queue
[2022-12-14T18:05:12.697+0000] {logging_mixin.py:137} INFO - [2022-12-14T18:05:12.696+0000] {dagbag.py:537} INFO - Filling up the DagBag from /home/airflow/.local/lib/python3.7/site-packages/airflow/example_dags/example_task_group_decorator.py
[2022-12-14T18:05:12.822+0000] {processor.py:766} INFO - DAG(s) dict_keys(['example_task_group_decorator']) retrieved from /home/airflow/.local/lib/python3.7/site-packages/airflow/example_dags/example_task_group_decorator.py
[2022-12-14T18:05:12.983+0000] {logging_mixin.py:137} INFO - [2022-12-14T18:05:12.983+0000] {dag.py:2585} INFO - Sync 1 DAGs
[2022-12-14T18:05:13.061+0000] {logging_mixin.py:137} INFO - [2022-12-14T18:05:13.061+0000] {dag.py:3340} INFO - Setting next_dagrun for example_task_group_decorator to 2022-12-13T18:05:13.061021+00:00, run_after=2022-12-14T18:05:13.061021+00:00
[2022-12-14T18:05:13.129+0000] {processor.py:176} INFO - Processing /home/airflow/.local/lib/python3.7/site-packages/airflow/example_dags/example_task_group_decorator.py took 0.456 seconds
[2022-12-14T18:05:43.220+0000] {processor.py:154} INFO - Started process (PID=710) to work on /home/airflow/.local/lib/python3.7/site-packages/airflow/example_dags/example_task_group_decorator.py
[2022-12-14T18:05:43.221+0000] {processor.py:756} INFO - Processing file /home/airflow/.local/lib/python3.7/site-packages/airflow/example_dags/example_task_group_decorator.py for tasks to queue
[2022-12-14T18:05:43.221+0000] {logging_mixin.py:137} INFO - [2022-12-14T18:05:43.221+0000] {dagbag.py:537} INFO - Filling up the DagBag from /home/airflow/.local/lib/python3.7/site-packages/airflow/example_dags/example_task_group_decorator.py
[2022-12-14T18:05:43.268+0000] {processor.py:766} INFO - DAG(s) dict_keys(['example_task_group_decorator']) retrieved from /home/airflow/.local/lib/python3.7/site-packages/airflow/example_dags/example_task_group_decorator.py
[2022-12-14T18:05:43.345+0000] {logging_mixin.py:137} INFO - [2022-12-14T18:05:43.344+0000] {dag.py:2585} INFO - Sync 1 DAGs
[2022-12-14T18:05:43.428+0000] {logging_mixin.py:137} INFO - [2022-12-14T18:05:43.428+0000] {dag.py:3340} INFO - Setting next_dagrun for example_task_group_decorator to 2022-12-13T18:05:43.428208+00:00, run_after=2022-12-14T18:05:43.428208+00:00
[2022-12-14T18:05:43.473+0000] {processor.py:176} INFO - Processing /home/airflow/.local/lib/python3.7/site-packages/airflow/example_dags/example_task_group_decorator.py took 0.258 seconds
[2022-12-14T18:06:14.141+0000] {processor.py:154} INFO - Started process (PID=765) to work on /home/airflow/.local/lib/python3.7/site-packages/airflow/example_dags/example_task_group_decorator.py
[2022-12-14T18:06:14.142+0000] {processor.py:756} INFO - Processing file /home/airflow/.local/lib/python3.7/site-packages/airflow/example_dags/example_task_group_decorator.py for tasks to queue
[2022-12-14T18:06:14.142+0000] {logging_mixin.py:137} INFO - [2022-12-14T18:06:14.142+0000] {dagbag.py:537} INFO - Filling up the DagBag from /home/airflow/.local/lib/python3.7/site-packages/airflow/example_dags/example_task_group_decorator.py
[2022-12-14T18:06:14.186+0000] {processor.py:766} INFO - DAG(s) dict_keys(['example_task_group_decorator']) retrieved from /home/airflow/.local/lib/python3.7/site-packages/airflow/example_dags/example_task_group_decorator.py
[2022-12-14T18:06:14.260+0000] {logging_mixin.py:137} INFO - [2022-12-14T18:06:14.259+0000] {dag.py:2585} INFO - Sync 1 DAGs
[2022-12-14T18:06:14.312+0000] {logging_mixin.py:137} INFO - [2022-12-14T18:06:14.311+0000] {dag.py:3340} INFO - Setting next_dagrun for example_task_group_decorator to 2022-12-13T18:06:14.311461+00:00, run_after=2022-12-14T18:06:14.311461+00:00
[2022-12-14T18:06:14.347+0000] {processor.py:176} INFO - Processing /home/airflow/.local/lib/python3.7/site-packages/airflow/example_dags/example_task_group_decorator.py took 0.212 seconds
