[2022-12-14T17:42:07.366+0000] {processor.py:154} INFO - Started process (PID=101) to work on /home/airflow/.local/lib/python3.7/site-packages/airflow/example_dags/example_external_task_marker_dag.py
[2022-12-14T17:42:07.367+0000] {processor.py:756} INFO - Processing file /home/airflow/.local/lib/python3.7/site-packages/airflow/example_dags/example_external_task_marker_dag.py for tasks to queue
[2022-12-14T17:42:07.368+0000] {logging_mixin.py:137} INFO - [2022-12-14T17:42:07.368+0000] {dagbag.py:537} INFO - Filling up the DagBag from /home/airflow/.local/lib/python3.7/site-packages/airflow/example_dags/example_external_task_marker_dag.py
[2022-12-14T17:42:07.392+0000] {processor.py:766} INFO - DAG(s) dict_keys(['example_external_task_marker_parent', 'example_external_task_marker_child']) retrieved from /home/airflow/.local/lib/python3.7/site-packages/airflow/example_dags/example_external_task_marker_dag.py
[2022-12-14T17:42:08.000+0000] {logging_mixin.py:137} INFO - [2022-12-14T17:42:08.000+0000] {dag.py:2585} INFO - Sync 2 DAGs
[2022-12-14T17:42:08.057+0000] {logging_mixin.py:137} INFO - [2022-12-14T17:42:08.057+0000] {dag.py:3340} INFO - Setting next_dagrun for example_external_task_marker_child to None, run_after=None
[2022-12-14T17:42:08.065+0000] {logging_mixin.py:137} INFO - [2022-12-14T17:42:08.065+0000] {dag.py:3340} INFO - Setting next_dagrun for example_external_task_marker_parent to None, run_after=None
[2022-12-14T17:42:08.094+0000] {processor.py:176} INFO - Processing /home/airflow/.local/lib/python3.7/site-packages/airflow/example_dags/example_external_task_marker_dag.py took 0.733 seconds
[2022-12-14T17:42:38.313+0000] {processor.py:154} INFO - Started process (PID=164) to work on /home/airflow/.local/lib/python3.7/site-packages/airflow/example_dags/example_external_task_marker_dag.py
[2022-12-14T17:42:38.314+0000] {processor.py:756} INFO - Processing file /home/airflow/.local/lib/python3.7/site-packages/airflow/example_dags/example_external_task_marker_dag.py for tasks to queue
[2022-12-14T17:42:38.315+0000] {logging_mixin.py:137} INFO - [2022-12-14T17:42:38.315+0000] {dagbag.py:537} INFO - Filling up the DagBag from /home/airflow/.local/lib/python3.7/site-packages/airflow/example_dags/example_external_task_marker_dag.py
[2022-12-14T17:42:38.337+0000] {processor.py:766} INFO - DAG(s) dict_keys(['example_external_task_marker_parent', 'example_external_task_marker_child']) retrieved from /home/airflow/.local/lib/python3.7/site-packages/airflow/example_dags/example_external_task_marker_dag.py
[2022-12-14T17:42:38.846+0000] {logging_mixin.py:137} INFO - [2022-12-14T17:42:38.846+0000] {dag.py:2585} INFO - Sync 2 DAGs
[2022-12-14T17:42:38.902+0000] {logging_mixin.py:137} INFO - [2022-12-14T17:42:38.902+0000] {dag.py:3340} INFO - Setting next_dagrun for example_external_task_marker_child to None, run_after=None
[2022-12-14T17:42:38.909+0000] {logging_mixin.py:137} INFO - [2022-12-14T17:42:38.909+0000] {dag.py:3340} INFO - Setting next_dagrun for example_external_task_marker_parent to None, run_after=None
[2022-12-14T17:42:38.953+0000] {processor.py:176} INFO - Processing /home/airflow/.local/lib/python3.7/site-packages/airflow/example_dags/example_external_task_marker_dag.py took 0.634 seconds
[2022-12-14T17:43:09.195+0000] {processor.py:154} INFO - Started process (PID=218) to work on /home/airflow/.local/lib/python3.7/site-packages/airflow/example_dags/example_external_task_marker_dag.py
[2022-12-14T17:43:09.196+0000] {processor.py:756} INFO - Processing file /home/airflow/.local/lib/python3.7/site-packages/airflow/example_dags/example_external_task_marker_dag.py for tasks to queue
[2022-12-14T17:43:09.196+0000] {logging_mixin.py:137} INFO - [2022-12-14T17:43:09.196+0000] {dagbag.py:537} INFO - Filling up the DagBag from /home/airflow/.local/lib/python3.7/site-packages/airflow/example_dags/example_external_task_marker_dag.py
[2022-12-14T17:43:09.219+0000] {processor.py:766} INFO - DAG(s) dict_keys(['example_external_task_marker_parent', 'example_external_task_marker_child']) retrieved from /home/airflow/.local/lib/python3.7/site-packages/airflow/example_dags/example_external_task_marker_dag.py
[2022-12-14T17:43:09.725+0000] {logging_mixin.py:137} INFO - [2022-12-14T17:43:09.724+0000] {dag.py:2585} INFO - Sync 2 DAGs
[2022-12-14T17:43:09.787+0000] {logging_mixin.py:137} INFO - [2022-12-14T17:43:09.787+0000] {dag.py:3340} INFO - Setting next_dagrun for example_external_task_marker_child to None, run_after=None
[2022-12-14T17:43:09.792+0000] {logging_mixin.py:137} INFO - [2022-12-14T17:43:09.791+0000] {dag.py:3340} INFO - Setting next_dagrun for example_external_task_marker_parent to None, run_after=None
[2022-12-14T17:43:09.821+0000] {processor.py:176} INFO - Processing /home/airflow/.local/lib/python3.7/site-packages/airflow/example_dags/example_external_task_marker_dag.py took 0.632 seconds
[2022-12-14T17:43:39.890+0000] {processor.py:154} INFO - Started process (PID=281) to work on /home/airflow/.local/lib/python3.7/site-packages/airflow/example_dags/example_external_task_marker_dag.py
[2022-12-14T17:43:39.914+0000] {processor.py:756} INFO - Processing file /home/airflow/.local/lib/python3.7/site-packages/airflow/example_dags/example_external_task_marker_dag.py for tasks to queue
[2022-12-14T17:43:39.915+0000] {logging_mixin.py:137} INFO - [2022-12-14T17:43:39.915+0000] {dagbag.py:537} INFO - Filling up the DagBag from /home/airflow/.local/lib/python3.7/site-packages/airflow/example_dags/example_external_task_marker_dag.py
[2022-12-14T17:43:39.955+0000] {processor.py:766} INFO - DAG(s) dict_keys(['example_external_task_marker_child', 'example_external_task_marker_parent']) retrieved from /home/airflow/.local/lib/python3.7/site-packages/airflow/example_dags/example_external_task_marker_dag.py
[2022-12-14T17:43:40.556+0000] {logging_mixin.py:137} INFO - [2022-12-14T17:43:40.556+0000] {dag.py:2585} INFO - Sync 2 DAGs
[2022-12-14T17:43:40.612+0000] {logging_mixin.py:137} INFO - [2022-12-14T17:43:40.612+0000] {dag.py:3340} INFO - Setting next_dagrun for example_external_task_marker_child to None, run_after=None
[2022-12-14T17:43:40.618+0000] {logging_mixin.py:137} INFO - [2022-12-14T17:43:40.618+0000] {dag.py:3340} INFO - Setting next_dagrun for example_external_task_marker_parent to None, run_after=None
[2022-12-14T17:43:40.648+0000] {processor.py:176} INFO - Processing /home/airflow/.local/lib/python3.7/site-packages/airflow/example_dags/example_external_task_marker_dag.py took 0.763 seconds
[2022-12-14T17:44:10.732+0000] {processor.py:154} INFO - Started process (PID=338) to work on /home/airflow/.local/lib/python3.7/site-packages/airflow/example_dags/example_external_task_marker_dag.py
[2022-12-14T17:44:10.733+0000] {processor.py:756} INFO - Processing file /home/airflow/.local/lib/python3.7/site-packages/airflow/example_dags/example_external_task_marker_dag.py for tasks to queue
[2022-12-14T17:44:10.734+0000] {logging_mixin.py:137} INFO - [2022-12-14T17:44:10.734+0000] {dagbag.py:537} INFO - Filling up the DagBag from /home/airflow/.local/lib/python3.7/site-packages/airflow/example_dags/example_external_task_marker_dag.py
[2022-12-14T17:44:10.754+0000] {processor.py:766} INFO - DAG(s) dict_keys(['example_external_task_marker_parent', 'example_external_task_marker_child']) retrieved from /home/airflow/.local/lib/python3.7/site-packages/airflow/example_dags/example_external_task_marker_dag.py
[2022-12-14T17:44:11.198+0000] {logging_mixin.py:137} INFO - [2022-12-14T17:44:11.198+0000] {dag.py:2585} INFO - Sync 2 DAGs
[2022-12-14T17:44:11.247+0000] {logging_mixin.py:137} INFO - [2022-12-14T17:44:11.247+0000] {dag.py:3340} INFO - Setting next_dagrun for example_external_task_marker_child to None, run_after=None
[2022-12-14T17:44:11.251+0000] {logging_mixin.py:137} INFO - [2022-12-14T17:44:11.251+0000] {dag.py:3340} INFO - Setting next_dagrun for example_external_task_marker_parent to None, run_after=None
[2022-12-14T17:44:11.270+0000] {processor.py:176} INFO - Processing /home/airflow/.local/lib/python3.7/site-packages/airflow/example_dags/example_external_task_marker_dag.py took 0.541 seconds
[2022-12-14T17:44:41.448+0000] {processor.py:154} INFO - Started process (PID=392) to work on /home/airflow/.local/lib/python3.7/site-packages/airflow/example_dags/example_external_task_marker_dag.py
[2022-12-14T17:44:41.449+0000] {processor.py:756} INFO - Processing file /home/airflow/.local/lib/python3.7/site-packages/airflow/example_dags/example_external_task_marker_dag.py for tasks to queue
[2022-12-14T17:44:41.450+0000] {logging_mixin.py:137} INFO - [2022-12-14T17:44:41.450+0000] {dagbag.py:537} INFO - Filling up the DagBag from /home/airflow/.local/lib/python3.7/site-packages/airflow/example_dags/example_external_task_marker_dag.py
[2022-12-14T17:44:41.472+0000] {processor.py:766} INFO - DAG(s) dict_keys(['example_external_task_marker_parent', 'example_external_task_marker_child']) retrieved from /home/airflow/.local/lib/python3.7/site-packages/airflow/example_dags/example_external_task_marker_dag.py
[2022-12-14T17:44:42.023+0000] {logging_mixin.py:137} INFO - [2022-12-14T17:44:42.023+0000] {dag.py:2585} INFO - Sync 2 DAGs
[2022-12-14T17:44:42.077+0000] {logging_mixin.py:137} INFO - [2022-12-14T17:44:42.077+0000] {dag.py:3340} INFO - Setting next_dagrun for example_external_task_marker_child to None, run_after=None
[2022-12-14T17:44:42.085+0000] {logging_mixin.py:137} INFO - [2022-12-14T17:44:42.085+0000] {dag.py:3340} INFO - Setting next_dagrun for example_external_task_marker_parent to None, run_after=None
[2022-12-14T17:44:42.109+0000] {processor.py:176} INFO - Processing /home/airflow/.local/lib/python3.7/site-packages/airflow/example_dags/example_external_task_marker_dag.py took 0.665 seconds
[2022-12-14T17:45:12.305+0000] {processor.py:154} INFO - Started process (PID=455) to work on /home/airflow/.local/lib/python3.7/site-packages/airflow/example_dags/example_external_task_marker_dag.py
[2022-12-14T17:45:12.306+0000] {processor.py:756} INFO - Processing file /home/airflow/.local/lib/python3.7/site-packages/airflow/example_dags/example_external_task_marker_dag.py for tasks to queue
[2022-12-14T17:45:12.306+0000] {logging_mixin.py:137} INFO - [2022-12-14T17:45:12.306+0000] {dagbag.py:537} INFO - Filling up the DagBag from /home/airflow/.local/lib/python3.7/site-packages/airflow/example_dags/example_external_task_marker_dag.py
[2022-12-14T17:45:12.324+0000] {processor.py:766} INFO - DAG(s) dict_keys(['example_external_task_marker_child', 'example_external_task_marker_parent']) retrieved from /home/airflow/.local/lib/python3.7/site-packages/airflow/example_dags/example_external_task_marker_dag.py
[2022-12-14T17:45:12.762+0000] {logging_mixin.py:137} INFO - [2022-12-14T17:45:12.762+0000] {dag.py:2585} INFO - Sync 2 DAGs
[2022-12-14T17:45:12.820+0000] {logging_mixin.py:137} INFO - [2022-12-14T17:45:12.820+0000] {dag.py:3340} INFO - Setting next_dagrun for example_external_task_marker_child to None, run_after=None
[2022-12-14T17:45:12.825+0000] {logging_mixin.py:137} INFO - [2022-12-14T17:45:12.825+0000] {dag.py:3340} INFO - Setting next_dagrun for example_external_task_marker_parent to None, run_after=None
[2022-12-14T17:45:12.862+0000] {processor.py:176} INFO - Processing /home/airflow/.local/lib/python3.7/site-packages/airflow/example_dags/example_external_task_marker_dag.py took 0.560 seconds
[2022-12-14T17:45:43.334+0000] {processor.py:154} INFO - Started process (PID=510) to work on /home/airflow/.local/lib/python3.7/site-packages/airflow/example_dags/example_external_task_marker_dag.py
[2022-12-14T17:45:43.335+0000] {processor.py:756} INFO - Processing file /home/airflow/.local/lib/python3.7/site-packages/airflow/example_dags/example_external_task_marker_dag.py for tasks to queue
[2022-12-14T17:45:43.336+0000] {logging_mixin.py:137} INFO - [2022-12-14T17:45:43.336+0000] {dagbag.py:537} INFO - Filling up the DagBag from /home/airflow/.local/lib/python3.7/site-packages/airflow/example_dags/example_external_task_marker_dag.py
[2022-12-14T17:45:43.358+0000] {processor.py:766} INFO - DAG(s) dict_keys(['example_external_task_marker_parent', 'example_external_task_marker_child']) retrieved from /home/airflow/.local/lib/python3.7/site-packages/airflow/example_dags/example_external_task_marker_dag.py
[2022-12-14T17:45:43.906+0000] {logging_mixin.py:137} INFO - [2022-12-14T17:45:43.905+0000] {dag.py:2585} INFO - Sync 2 DAGs
[2022-12-14T17:45:43.957+0000] {logging_mixin.py:137} INFO - [2022-12-14T17:45:43.957+0000] {dag.py:3340} INFO - Setting next_dagrun for example_external_task_marker_child to None, run_after=None
[2022-12-14T17:45:43.963+0000] {logging_mixin.py:137} INFO - [2022-12-14T17:45:43.963+0000] {dag.py:3340} INFO - Setting next_dagrun for example_external_task_marker_parent to None, run_after=None
[2022-12-14T17:45:44.003+0000] {processor.py:176} INFO - Processing /home/airflow/.local/lib/python3.7/site-packages/airflow/example_dags/example_external_task_marker_dag.py took 0.673 seconds
[2022-12-14T17:46:14.193+0000] {processor.py:154} INFO - Started process (PID=572) to work on /home/airflow/.local/lib/python3.7/site-packages/airflow/example_dags/example_external_task_marker_dag.py
[2022-12-14T17:46:14.194+0000] {processor.py:756} INFO - Processing file /home/airflow/.local/lib/python3.7/site-packages/airflow/example_dags/example_external_task_marker_dag.py for tasks to queue
[2022-12-14T17:46:14.195+0000] {logging_mixin.py:137} INFO - [2022-12-14T17:46:14.195+0000] {dagbag.py:537} INFO - Filling up the DagBag from /home/airflow/.local/lib/python3.7/site-packages/airflow/example_dags/example_external_task_marker_dag.py
[2022-12-14T17:46:14.213+0000] {processor.py:766} INFO - DAG(s) dict_keys(['example_external_task_marker_child', 'example_external_task_marker_parent']) retrieved from /home/airflow/.local/lib/python3.7/site-packages/airflow/example_dags/example_external_task_marker_dag.py
[2022-12-14T17:46:14.675+0000] {logging_mixin.py:137} INFO - [2022-12-14T17:46:14.675+0000] {dag.py:2585} INFO - Sync 2 DAGs
[2022-12-14T17:46:14.729+0000] {logging_mixin.py:137} INFO - [2022-12-14T17:46:14.728+0000] {dag.py:3340} INFO - Setting next_dagrun for example_external_task_marker_child to None, run_after=None
[2022-12-14T17:46:14.734+0000] {logging_mixin.py:137} INFO - [2022-12-14T17:46:14.734+0000] {dag.py:3340} INFO - Setting next_dagrun for example_external_task_marker_parent to None, run_after=None
[2022-12-14T17:46:14.771+0000] {processor.py:176} INFO - Processing /home/airflow/.local/lib/python3.7/site-packages/airflow/example_dags/example_external_task_marker_dag.py took 0.583 seconds
[2022-12-14T17:46:45.705+0000] {processor.py:154} INFO - Started process (PID=626) to work on /home/airflow/.local/lib/python3.7/site-packages/airflow/example_dags/example_external_task_marker_dag.py
[2022-12-14T17:46:45.706+0000] {processor.py:756} INFO - Processing file /home/airflow/.local/lib/python3.7/site-packages/airflow/example_dags/example_external_task_marker_dag.py for tasks to queue
[2022-12-14T17:46:45.707+0000] {logging_mixin.py:137} INFO - [2022-12-14T17:46:45.706+0000] {dagbag.py:537} INFO - Filling up the DagBag from /home/airflow/.local/lib/python3.7/site-packages/airflow/example_dags/example_external_task_marker_dag.py
[2022-12-14T17:46:45.726+0000] {processor.py:766} INFO - DAG(s) dict_keys(['example_external_task_marker_child', 'example_external_task_marker_parent']) retrieved from /home/airflow/.local/lib/python3.7/site-packages/airflow/example_dags/example_external_task_marker_dag.py
[2022-12-14T17:46:46.160+0000] {logging_mixin.py:137} INFO - [2022-12-14T17:46:46.160+0000] {dag.py:2585} INFO - Sync 2 DAGs
[2022-12-14T17:46:46.208+0000] {logging_mixin.py:137} INFO - [2022-12-14T17:46:46.207+0000] {dag.py:3340} INFO - Setting next_dagrun for example_external_task_marker_child to None, run_after=None
[2022-12-14T17:46:46.213+0000] {logging_mixin.py:137} INFO - [2022-12-14T17:46:46.212+0000] {dag.py:3340} INFO - Setting next_dagrun for example_external_task_marker_parent to None, run_after=None
[2022-12-14T17:46:46.237+0000] {processor.py:176} INFO - Processing /home/airflow/.local/lib/python3.7/site-packages/airflow/example_dags/example_external_task_marker_dag.py took 0.536 seconds
[2022-12-14T17:47:16.678+0000] {processor.py:154} INFO - Started process (PID=688) to work on /home/airflow/.local/lib/python3.7/site-packages/airflow/example_dags/example_external_task_marker_dag.py
[2022-12-14T17:47:16.680+0000] {processor.py:756} INFO - Processing file /home/airflow/.local/lib/python3.7/site-packages/airflow/example_dags/example_external_task_marker_dag.py for tasks to queue
[2022-12-14T17:47:16.680+0000] {logging_mixin.py:137} INFO - [2022-12-14T17:47:16.680+0000] {dagbag.py:537} INFO - Filling up the DagBag from /home/airflow/.local/lib/python3.7/site-packages/airflow/example_dags/example_external_task_marker_dag.py
[2022-12-14T17:47:16.726+0000] {processor.py:766} INFO - DAG(s) dict_keys(['example_external_task_marker_parent', 'example_external_task_marker_child']) retrieved from /home/airflow/.local/lib/python3.7/site-packages/airflow/example_dags/example_external_task_marker_dag.py
[2022-12-14T17:47:17.364+0000] {logging_mixin.py:137} INFO - [2022-12-14T17:47:17.364+0000] {dag.py:2585} INFO - Sync 2 DAGs
[2022-12-14T17:47:17.466+0000] {logging_mixin.py:137} INFO - [2022-12-14T17:47:17.466+0000] {dag.py:3340} INFO - Setting next_dagrun for example_external_task_marker_child to None, run_after=None
[2022-12-14T17:47:17.473+0000] {logging_mixin.py:137} INFO - [2022-12-14T17:47:17.473+0000] {dag.py:3340} INFO - Setting next_dagrun for example_external_task_marker_parent to None, run_after=None
[2022-12-14T17:47:17.508+0000] {processor.py:176} INFO - Processing /home/airflow/.local/lib/python3.7/site-packages/airflow/example_dags/example_external_task_marker_dag.py took 0.834 seconds
[2022-12-14T17:47:47.559+0000] {processor.py:154} INFO - Started process (PID=742) to work on /home/airflow/.local/lib/python3.7/site-packages/airflow/example_dags/example_external_task_marker_dag.py
[2022-12-14T17:47:47.560+0000] {processor.py:756} INFO - Processing file /home/airflow/.local/lib/python3.7/site-packages/airflow/example_dags/example_external_task_marker_dag.py for tasks to queue
[2022-12-14T17:47:47.562+0000] {logging_mixin.py:137} INFO - [2022-12-14T17:47:47.562+0000] {dagbag.py:537} INFO - Filling up the DagBag from /home/airflow/.local/lib/python3.7/site-packages/airflow/example_dags/example_external_task_marker_dag.py
[2022-12-14T17:47:47.582+0000] {processor.py:766} INFO - DAG(s) dict_keys(['example_external_task_marker_child', 'example_external_task_marker_parent']) retrieved from /home/airflow/.local/lib/python3.7/site-packages/airflow/example_dags/example_external_task_marker_dag.py
[2022-12-14T17:47:47.979+0000] {logging_mixin.py:137} INFO - [2022-12-14T17:47:47.979+0000] {dag.py:2585} INFO - Sync 2 DAGs
[2022-12-14T17:47:48.021+0000] {logging_mixin.py:137} INFO - [2022-12-14T17:47:48.021+0000] {dag.py:3340} INFO - Setting next_dagrun for example_external_task_marker_child to None, run_after=None
[2022-12-14T17:47:48.026+0000] {logging_mixin.py:137} INFO - [2022-12-14T17:47:48.026+0000] {dag.py:3340} INFO - Setting next_dagrun for example_external_task_marker_parent to None, run_after=None
[2022-12-14T17:47:48.046+0000] {processor.py:176} INFO - Processing /home/airflow/.local/lib/python3.7/site-packages/airflow/example_dags/example_external_task_marker_dag.py took 0.493 seconds
[2022-12-14T17:48:18.466+0000] {processor.py:154} INFO - Started process (PID=796) to work on /home/airflow/.local/lib/python3.7/site-packages/airflow/example_dags/example_external_task_marker_dag.py
[2022-12-14T17:48:18.467+0000] {processor.py:756} INFO - Processing file /home/airflow/.local/lib/python3.7/site-packages/airflow/example_dags/example_external_task_marker_dag.py for tasks to queue
[2022-12-14T17:48:18.468+0000] {logging_mixin.py:137} INFO - [2022-12-14T17:48:18.468+0000] {dagbag.py:537} INFO - Filling up the DagBag from /home/airflow/.local/lib/python3.7/site-packages/airflow/example_dags/example_external_task_marker_dag.py
[2022-12-14T17:48:18.488+0000] {processor.py:766} INFO - DAG(s) dict_keys(['example_external_task_marker_parent', 'example_external_task_marker_child']) retrieved from /home/airflow/.local/lib/python3.7/site-packages/airflow/example_dags/example_external_task_marker_dag.py
[2022-12-14T17:48:18.977+0000] {logging_mixin.py:137} INFO - [2022-12-14T17:48:18.977+0000] {dag.py:2585} INFO - Sync 2 DAGs
[2022-12-14T17:48:19.028+0000] {logging_mixin.py:137} INFO - [2022-12-14T17:48:19.028+0000] {dag.py:3340} INFO - Setting next_dagrun for example_external_task_marker_child to None, run_after=None
[2022-12-14T17:48:19.035+0000] {logging_mixin.py:137} INFO - [2022-12-14T17:48:19.034+0000] {dag.py:3340} INFO - Setting next_dagrun for example_external_task_marker_parent to None, run_after=None
[2022-12-14T17:48:19.070+0000] {processor.py:176} INFO - Processing /home/airflow/.local/lib/python3.7/site-packages/airflow/example_dags/example_external_task_marker_dag.py took 0.609 seconds
[2022-12-14T17:48:49.813+0000] {processor.py:154} INFO - Started process (PID=862) to work on /home/airflow/.local/lib/python3.7/site-packages/airflow/example_dags/example_external_task_marker_dag.py
[2022-12-14T17:48:49.814+0000] {processor.py:756} INFO - Processing file /home/airflow/.local/lib/python3.7/site-packages/airflow/example_dags/example_external_task_marker_dag.py for tasks to queue
[2022-12-14T17:48:49.815+0000] {logging_mixin.py:137} INFO - [2022-12-14T17:48:49.815+0000] {dagbag.py:537} INFO - Filling up the DagBag from /home/airflow/.local/lib/python3.7/site-packages/airflow/example_dags/example_external_task_marker_dag.py
[2022-12-14T17:48:49.842+0000] {processor.py:766} INFO - DAG(s) dict_keys(['example_external_task_marker_parent', 'example_external_task_marker_child']) retrieved from /home/airflow/.local/lib/python3.7/site-packages/airflow/example_dags/example_external_task_marker_dag.py
[2022-12-14T17:48:50.351+0000] {logging_mixin.py:137} INFO - [2022-12-14T17:48:50.351+0000] {dag.py:2585} INFO - Sync 2 DAGs
[2022-12-14T17:48:50.402+0000] {logging_mixin.py:137} INFO - [2022-12-14T17:48:50.402+0000] {dag.py:3340} INFO - Setting next_dagrun for example_external_task_marker_child to None, run_after=None
[2022-12-14T17:48:50.408+0000] {logging_mixin.py:137} INFO - [2022-12-14T17:48:50.408+0000] {dag.py:3340} INFO - Setting next_dagrun for example_external_task_marker_parent to None, run_after=None
[2022-12-14T17:48:50.432+0000] {processor.py:176} INFO - Processing /home/airflow/.local/lib/python3.7/site-packages/airflow/example_dags/example_external_task_marker_dag.py took 0.625 seconds
[2022-12-14T17:49:20.795+0000] {processor.py:154} INFO - Started process (PID=916) to work on /home/airflow/.local/lib/python3.7/site-packages/airflow/example_dags/example_external_task_marker_dag.py
[2022-12-14T17:49:20.796+0000] {processor.py:756} INFO - Processing file /home/airflow/.local/lib/python3.7/site-packages/airflow/example_dags/example_external_task_marker_dag.py for tasks to queue
[2022-12-14T17:49:20.797+0000] {logging_mixin.py:137} INFO - [2022-12-14T17:49:20.797+0000] {dagbag.py:537} INFO - Filling up the DagBag from /home/airflow/.local/lib/python3.7/site-packages/airflow/example_dags/example_external_task_marker_dag.py
[2022-12-14T17:49:20.823+0000] {processor.py:766} INFO - DAG(s) dict_keys(['example_external_task_marker_child', 'example_external_task_marker_parent']) retrieved from /home/airflow/.local/lib/python3.7/site-packages/airflow/example_dags/example_external_task_marker_dag.py
[2022-12-14T17:49:21.379+0000] {logging_mixin.py:137} INFO - [2022-12-14T17:49:21.379+0000] {dag.py:2585} INFO - Sync 2 DAGs
[2022-12-14T17:49:21.436+0000] {logging_mixin.py:137} INFO - [2022-12-14T17:49:21.436+0000] {dag.py:3340} INFO - Setting next_dagrun for example_external_task_marker_child to None, run_after=None
[2022-12-14T17:49:21.442+0000] {logging_mixin.py:137} INFO - [2022-12-14T17:49:21.442+0000] {dag.py:3340} INFO - Setting next_dagrun for example_external_task_marker_parent to None, run_after=None
[2022-12-14T17:49:21.472+0000] {processor.py:176} INFO - Processing /home/airflow/.local/lib/python3.7/site-packages/airflow/example_dags/example_external_task_marker_dag.py took 0.690 seconds
[2022-12-14T17:49:52.243+0000] {processor.py:154} INFO - Started process (PID=980) to work on /home/airflow/.local/lib/python3.7/site-packages/airflow/example_dags/example_external_task_marker_dag.py
[2022-12-14T17:49:52.245+0000] {processor.py:756} INFO - Processing file /home/airflow/.local/lib/python3.7/site-packages/airflow/example_dags/example_external_task_marker_dag.py for tasks to queue
[2022-12-14T17:49:52.246+0000] {logging_mixin.py:137} INFO - [2022-12-14T17:49:52.245+0000] {dagbag.py:537} INFO - Filling up the DagBag from /home/airflow/.local/lib/python3.7/site-packages/airflow/example_dags/example_external_task_marker_dag.py
[2022-12-14T17:49:52.280+0000] {processor.py:766} INFO - DAG(s) dict_keys(['example_external_task_marker_parent', 'example_external_task_marker_child']) retrieved from /home/airflow/.local/lib/python3.7/site-packages/airflow/example_dags/example_external_task_marker_dag.py
[2022-12-14T17:49:53.139+0000] {logging_mixin.py:137} INFO - [2022-12-14T17:49:53.139+0000] {dag.py:2585} INFO - Sync 2 DAGs
[2022-12-14T17:49:53.211+0000] {logging_mixin.py:137} INFO - [2022-12-14T17:49:53.210+0000] {dag.py:3340} INFO - Setting next_dagrun for example_external_task_marker_child to None, run_after=None
[2022-12-14T17:49:53.219+0000] {logging_mixin.py:137} INFO - [2022-12-14T17:49:53.219+0000] {dag.py:3340} INFO - Setting next_dagrun for example_external_task_marker_parent to None, run_after=None
[2022-12-14T17:49:53.271+0000] {processor.py:176} INFO - Processing /home/airflow/.local/lib/python3.7/site-packages/airflow/example_dags/example_external_task_marker_dag.py took 1.044 seconds
[2022-12-14T17:50:23.478+0000] {processor.py:154} INFO - Started process (PID=1035) to work on /home/airflow/.local/lib/python3.7/site-packages/airflow/example_dags/example_external_task_marker_dag.py
[2022-12-14T17:50:23.479+0000] {processor.py:756} INFO - Processing file /home/airflow/.local/lib/python3.7/site-packages/airflow/example_dags/example_external_task_marker_dag.py for tasks to queue
[2022-12-14T17:50:23.480+0000] {logging_mixin.py:137} INFO - [2022-12-14T17:50:23.480+0000] {dagbag.py:537} INFO - Filling up the DagBag from /home/airflow/.local/lib/python3.7/site-packages/airflow/example_dags/example_external_task_marker_dag.py
[2022-12-14T17:50:23.502+0000] {processor.py:766} INFO - DAG(s) dict_keys(['example_external_task_marker_child', 'example_external_task_marker_parent']) retrieved from /home/airflow/.local/lib/python3.7/site-packages/airflow/example_dags/example_external_task_marker_dag.py
[2022-12-14T17:50:24.016+0000] {logging_mixin.py:137} INFO - [2022-12-14T17:50:24.015+0000] {dag.py:2585} INFO - Sync 2 DAGs
[2022-12-14T17:50:24.063+0000] {logging_mixin.py:137} INFO - [2022-12-14T17:50:24.063+0000] {dag.py:3340} INFO - Setting next_dagrun for example_external_task_marker_child to None, run_after=None
[2022-12-14T17:50:24.069+0000] {logging_mixin.py:137} INFO - [2022-12-14T17:50:24.069+0000] {dag.py:3340} INFO - Setting next_dagrun for example_external_task_marker_parent to None, run_after=None
[2022-12-14T17:50:24.094+0000] {processor.py:176} INFO - Processing /home/airflow/.local/lib/python3.7/site-packages/airflow/example_dags/example_external_task_marker_dag.py took 0.620 seconds
[2022-12-14T17:50:54.182+0000] {processor.py:154} INFO - Started process (PID=1090) to work on /home/airflow/.local/lib/python3.7/site-packages/airflow/example_dags/example_external_task_marker_dag.py
[2022-12-14T17:50:54.183+0000] {processor.py:756} INFO - Processing file /home/airflow/.local/lib/python3.7/site-packages/airflow/example_dags/example_external_task_marker_dag.py for tasks to queue
[2022-12-14T17:50:54.184+0000] {logging_mixin.py:137} INFO - [2022-12-14T17:50:54.184+0000] {dagbag.py:537} INFO - Filling up the DagBag from /home/airflow/.local/lib/python3.7/site-packages/airflow/example_dags/example_external_task_marker_dag.py
[2022-12-14T17:50:54.205+0000] {processor.py:766} INFO - DAG(s) dict_keys(['example_external_task_marker_child', 'example_external_task_marker_parent']) retrieved from /home/airflow/.local/lib/python3.7/site-packages/airflow/example_dags/example_external_task_marker_dag.py
[2022-12-14T17:50:54.761+0000] {logging_mixin.py:137} INFO - [2022-12-14T17:50:54.761+0000] {dag.py:2585} INFO - Sync 2 DAGs
[2022-12-14T17:50:54.810+0000] {logging_mixin.py:137} INFO - [2022-12-14T17:50:54.810+0000] {dag.py:3340} INFO - Setting next_dagrun for example_external_task_marker_child to None, run_after=None
[2022-12-14T17:50:54.818+0000] {logging_mixin.py:137} INFO - [2022-12-14T17:50:54.817+0000] {dag.py:3340} INFO - Setting next_dagrun for example_external_task_marker_parent to None, run_after=None
[2022-12-14T17:50:54.849+0000] {processor.py:176} INFO - Processing /home/airflow/.local/lib/python3.7/site-packages/airflow/example_dags/example_external_task_marker_dag.py took 0.671 seconds
[2022-12-14T17:51:25.545+0000] {processor.py:154} INFO - Started process (PID=1153) to work on /home/airflow/.local/lib/python3.7/site-packages/airflow/example_dags/example_external_task_marker_dag.py
[2022-12-14T17:51:25.547+0000] {processor.py:756} INFO - Processing file /home/airflow/.local/lib/python3.7/site-packages/airflow/example_dags/example_external_task_marker_dag.py for tasks to queue
[2022-12-14T17:51:25.548+0000] {logging_mixin.py:137} INFO - [2022-12-14T17:51:25.548+0000] {dagbag.py:537} INFO - Filling up the DagBag from /home/airflow/.local/lib/python3.7/site-packages/airflow/example_dags/example_external_task_marker_dag.py
[2022-12-14T17:51:25.594+0000] {processor.py:766} INFO - DAG(s) dict_keys(['example_external_task_marker_child', 'example_external_task_marker_parent']) retrieved from /home/airflow/.local/lib/python3.7/site-packages/airflow/example_dags/example_external_task_marker_dag.py
[2022-12-14T17:51:26.752+0000] {logging_mixin.py:137} INFO - [2022-12-14T17:51:26.752+0000] {dag.py:2585} INFO - Sync 2 DAGs
[2022-12-14T17:51:27.007+0000] {logging_mixin.py:137} INFO - [2022-12-14T17:51:27.007+0000] {dag.py:3340} INFO - Setting next_dagrun for example_external_task_marker_child to None, run_after=None
[2022-12-14T17:51:27.033+0000] {logging_mixin.py:137} INFO - [2022-12-14T17:51:27.032+0000] {dag.py:3340} INFO - Setting next_dagrun for example_external_task_marker_parent to None, run_after=None
[2022-12-14T17:51:27.111+0000] {processor.py:176} INFO - Processing /home/airflow/.local/lib/python3.7/site-packages/airflow/example_dags/example_external_task_marker_dag.py took 1.574 seconds
[2022-12-14T17:51:58.011+0000] {processor.py:154} INFO - Started process (PID=1210) to work on /home/airflow/.local/lib/python3.7/site-packages/airflow/example_dags/example_external_task_marker_dag.py
[2022-12-14T17:51:58.019+0000] {processor.py:756} INFO - Processing file /home/airflow/.local/lib/python3.7/site-packages/airflow/example_dags/example_external_task_marker_dag.py for tasks to queue
[2022-12-14T17:51:58.020+0000] {logging_mixin.py:137} INFO - [2022-12-14T17:51:58.020+0000] {dagbag.py:537} INFO - Filling up the DagBag from /home/airflow/.local/lib/python3.7/site-packages/airflow/example_dags/example_external_task_marker_dag.py
[2022-12-14T17:51:58.114+0000] {processor.py:766} INFO - DAG(s) dict_keys(['example_external_task_marker_child', 'example_external_task_marker_parent']) retrieved from /home/airflow/.local/lib/python3.7/site-packages/airflow/example_dags/example_external_task_marker_dag.py
[2022-12-14T17:51:59.177+0000] {logging_mixin.py:137} INFO - [2022-12-14T17:51:59.177+0000] {dag.py:2585} INFO - Sync 2 DAGs
[2022-12-14T17:51:59.243+0000] {logging_mixin.py:137} INFO - [2022-12-14T17:51:59.243+0000] {dag.py:3340} INFO - Setting next_dagrun for example_external_task_marker_child to None, run_after=None
[2022-12-14T17:51:59.251+0000] {logging_mixin.py:137} INFO - [2022-12-14T17:51:59.251+0000] {dag.py:3340} INFO - Setting next_dagrun for example_external_task_marker_parent to None, run_after=None
[2022-12-14T17:51:59.284+0000] {processor.py:176} INFO - Processing /home/airflow/.local/lib/python3.7/site-packages/airflow/example_dags/example_external_task_marker_dag.py took 1.308 seconds
[2022-12-14T17:52:30.397+0000] {processor.py:154} INFO - Started process (PID=1265) to work on /home/airflow/.local/lib/python3.7/site-packages/airflow/example_dags/example_external_task_marker_dag.py
[2022-12-14T17:52:30.414+0000] {processor.py:756} INFO - Processing file /home/airflow/.local/lib/python3.7/site-packages/airflow/example_dags/example_external_task_marker_dag.py for tasks to queue
[2022-12-14T17:52:30.416+0000] {logging_mixin.py:137} INFO - [2022-12-14T17:52:30.415+0000] {dagbag.py:537} INFO - Filling up the DagBag from /home/airflow/.local/lib/python3.7/site-packages/airflow/example_dags/example_external_task_marker_dag.py
[2022-12-14T17:52:30.484+0000] {processor.py:766} INFO - DAG(s) dict_keys(['example_external_task_marker_parent', 'example_external_task_marker_child']) retrieved from /home/airflow/.local/lib/python3.7/site-packages/airflow/example_dags/example_external_task_marker_dag.py
[2022-12-14T17:52:32.027+0000] {logging_mixin.py:137} INFO - [2022-12-14T17:52:32.027+0000] {dag.py:2585} INFO - Sync 2 DAGs
[2022-12-14T17:52:32.197+0000] {logging_mixin.py:137} INFO - [2022-12-14T17:52:32.197+0000] {dag.py:3340} INFO - Setting next_dagrun for example_external_task_marker_child to None, run_after=None
[2022-12-14T17:52:32.215+0000] {logging_mixin.py:137} INFO - [2022-12-14T17:52:32.215+0000] {dag.py:3340} INFO - Setting next_dagrun for example_external_task_marker_parent to None, run_after=None
[2022-12-14T17:52:32.321+0000] {processor.py:176} INFO - Processing /home/airflow/.local/lib/python3.7/site-packages/airflow/example_dags/example_external_task_marker_dag.py took 1.960 seconds
[2022-12-14T17:53:02.497+0000] {processor.py:154} INFO - Started process (PID=1320) to work on /home/airflow/.local/lib/python3.7/site-packages/airflow/example_dags/example_external_task_marker_dag.py
[2022-12-14T17:53:02.499+0000] {processor.py:756} INFO - Processing file /home/airflow/.local/lib/python3.7/site-packages/airflow/example_dags/example_external_task_marker_dag.py for tasks to queue
[2022-12-14T17:53:02.500+0000] {logging_mixin.py:137} INFO - [2022-12-14T17:53:02.499+0000] {dagbag.py:537} INFO - Filling up the DagBag from /home/airflow/.local/lib/python3.7/site-packages/airflow/example_dags/example_external_task_marker_dag.py
[2022-12-14T17:53:02.527+0000] {processor.py:766} INFO - DAG(s) dict_keys(['example_external_task_marker_child', 'example_external_task_marker_parent']) retrieved from /home/airflow/.local/lib/python3.7/site-packages/airflow/example_dags/example_external_task_marker_dag.py
[2022-12-14T17:53:03.137+0000] {logging_mixin.py:137} INFO - [2022-12-14T17:53:03.137+0000] {dag.py:2585} INFO - Sync 2 DAGs
[2022-12-14T17:53:03.194+0000] {logging_mixin.py:137} INFO - [2022-12-14T17:53:03.194+0000] {dag.py:3340} INFO - Setting next_dagrun for example_external_task_marker_child to None, run_after=None
[2022-12-14T17:53:03.202+0000] {logging_mixin.py:137} INFO - [2022-12-14T17:53:03.201+0000] {dag.py:3340} INFO - Setting next_dagrun for example_external_task_marker_parent to None, run_after=None
[2022-12-14T17:53:03.238+0000] {processor.py:176} INFO - Processing /home/airflow/.local/lib/python3.7/site-packages/airflow/example_dags/example_external_task_marker_dag.py took 0.749 seconds
[2022-12-14T17:53:33.443+0000] {processor.py:154} INFO - Started process (PID=1373) to work on /home/airflow/.local/lib/python3.7/site-packages/airflow/example_dags/example_external_task_marker_dag.py
[2022-12-14T17:53:33.614+0000] {processor.py:756} INFO - Processing file /home/airflow/.local/lib/python3.7/site-packages/airflow/example_dags/example_external_task_marker_dag.py for tasks to queue
[2022-12-14T17:53:33.617+0000] {logging_mixin.py:137} INFO - [2022-12-14T17:53:33.617+0000] {dagbag.py:537} INFO - Filling up the DagBag from /home/airflow/.local/lib/python3.7/site-packages/airflow/example_dags/example_external_task_marker_dag.py
[2022-12-14T17:53:33.655+0000] {processor.py:766} INFO - DAG(s) dict_keys(['example_external_task_marker_parent', 'example_external_task_marker_child']) retrieved from /home/airflow/.local/lib/python3.7/site-packages/airflow/example_dags/example_external_task_marker_dag.py
[2022-12-14T17:53:34.207+0000] {logging_mixin.py:137} INFO - [2022-12-14T17:53:34.207+0000] {dag.py:2585} INFO - Sync 2 DAGs
[2022-12-14T17:53:34.263+0000] {logging_mixin.py:137} INFO - [2022-12-14T17:53:34.263+0000] {dag.py:3340} INFO - Setting next_dagrun for example_external_task_marker_child to None, run_after=None
[2022-12-14T17:53:34.271+0000] {logging_mixin.py:137} INFO - [2022-12-14T17:53:34.270+0000] {dag.py:3340} INFO - Setting next_dagrun for example_external_task_marker_parent to None, run_after=None
[2022-12-14T17:53:34.299+0000] {processor.py:176} INFO - Processing /home/airflow/.local/lib/python3.7/site-packages/airflow/example_dags/example_external_task_marker_dag.py took 0.861 seconds
[2022-12-14T17:54:04.438+0000] {processor.py:154} INFO - Started process (PID=1428) to work on /home/airflow/.local/lib/python3.7/site-packages/airflow/example_dags/example_external_task_marker_dag.py
[2022-12-14T17:54:04.439+0000] {processor.py:756} INFO - Processing file /home/airflow/.local/lib/python3.7/site-packages/airflow/example_dags/example_external_task_marker_dag.py for tasks to queue
[2022-12-14T17:54:04.440+0000] {logging_mixin.py:137} INFO - [2022-12-14T17:54:04.440+0000] {dagbag.py:537} INFO - Filling up the DagBag from /home/airflow/.local/lib/python3.7/site-packages/airflow/example_dags/example_external_task_marker_dag.py
[2022-12-14T17:54:04.465+0000] {processor.py:766} INFO - DAG(s) dict_keys(['example_external_task_marker_parent', 'example_external_task_marker_child']) retrieved from /home/airflow/.local/lib/python3.7/site-packages/airflow/example_dags/example_external_task_marker_dag.py
[2022-12-14T17:54:05.014+0000] {logging_mixin.py:137} INFO - [2022-12-14T17:54:05.014+0000] {dag.py:2585} INFO - Sync 2 DAGs
[2022-12-14T17:54:05.077+0000] {logging_mixin.py:137} INFO - [2022-12-14T17:54:05.077+0000] {dag.py:3340} INFO - Setting next_dagrun for example_external_task_marker_child to None, run_after=None
[2022-12-14T17:54:05.084+0000] {logging_mixin.py:137} INFO - [2022-12-14T17:54:05.083+0000] {dag.py:3340} INFO - Setting next_dagrun for example_external_task_marker_parent to None, run_after=None
[2022-12-14T17:54:05.155+0000] {processor.py:176} INFO - Processing /home/airflow/.local/lib/python3.7/site-packages/airflow/example_dags/example_external_task_marker_dag.py took 0.722 seconds
[2022-12-14T17:54:35.470+0000] {processor.py:154} INFO - Started process (PID=1491) to work on /home/airflow/.local/lib/python3.7/site-packages/airflow/example_dags/example_external_task_marker_dag.py
[2022-12-14T17:54:35.471+0000] {processor.py:756} INFO - Processing file /home/airflow/.local/lib/python3.7/site-packages/airflow/example_dags/example_external_task_marker_dag.py for tasks to queue
[2022-12-14T17:54:35.472+0000] {logging_mixin.py:137} INFO - [2022-12-14T17:54:35.472+0000] {dagbag.py:537} INFO - Filling up the DagBag from /home/airflow/.local/lib/python3.7/site-packages/airflow/example_dags/example_external_task_marker_dag.py
[2022-12-14T17:54:35.524+0000] {processor.py:766} INFO - DAG(s) dict_keys(['example_external_task_marker_child', 'example_external_task_marker_parent']) retrieved from /home/airflow/.local/lib/python3.7/site-packages/airflow/example_dags/example_external_task_marker_dag.py
[2022-12-14T17:54:36.903+0000] {logging_mixin.py:137} INFO - [2022-12-14T17:54:36.903+0000] {dag.py:2585} INFO - Sync 2 DAGs
[2022-12-14T17:54:37.032+0000] {logging_mixin.py:137} INFO - [2022-12-14T17:54:37.031+0000] {dag.py:3340} INFO - Setting next_dagrun for example_external_task_marker_child to None, run_after=None
[2022-12-14T17:54:37.051+0000] {logging_mixin.py:137} INFO - [2022-12-14T17:54:37.051+0000] {dag.py:3340} INFO - Setting next_dagrun for example_external_task_marker_parent to None, run_after=None
[2022-12-14T17:54:37.120+0000] {processor.py:176} INFO - Processing /home/airflow/.local/lib/python3.7/site-packages/airflow/example_dags/example_external_task_marker_dag.py took 1.656 seconds
[2022-12-14T17:55:07.165+0000] {processor.py:154} INFO - Started process (PID=1545) to work on /home/airflow/.local/lib/python3.7/site-packages/airflow/example_dags/example_external_task_marker_dag.py
[2022-12-14T17:55:07.166+0000] {processor.py:756} INFO - Processing file /home/airflow/.local/lib/python3.7/site-packages/airflow/example_dags/example_external_task_marker_dag.py for tasks to queue
[2022-12-14T17:55:07.167+0000] {logging_mixin.py:137} INFO - [2022-12-14T17:55:07.167+0000] {dagbag.py:537} INFO - Filling up the DagBag from /home/airflow/.local/lib/python3.7/site-packages/airflow/example_dags/example_external_task_marker_dag.py
[2022-12-14T17:55:07.197+0000] {processor.py:766} INFO - DAG(s) dict_keys(['example_external_task_marker_child', 'example_external_task_marker_parent']) retrieved from /home/airflow/.local/lib/python3.7/site-packages/airflow/example_dags/example_external_task_marker_dag.py
[2022-12-14T17:55:07.743+0000] {logging_mixin.py:137} INFO - [2022-12-14T17:55:07.743+0000] {dag.py:2585} INFO - Sync 2 DAGs
[2022-12-14T17:55:07.800+0000] {logging_mixin.py:137} INFO - [2022-12-14T17:55:07.800+0000] {dag.py:3340} INFO - Setting next_dagrun for example_external_task_marker_child to None, run_after=None
[2022-12-14T17:55:07.807+0000] {logging_mixin.py:137} INFO - [2022-12-14T17:55:07.807+0000] {dag.py:3340} INFO - Setting next_dagrun for example_external_task_marker_parent to None, run_after=None
[2022-12-14T17:55:07.842+0000] {processor.py:176} INFO - Processing /home/airflow/.local/lib/python3.7/site-packages/airflow/example_dags/example_external_task_marker_dag.py took 0.681 seconds
[2022-12-14T17:55:38.059+0000] {processor.py:154} INFO - Started process (PID=1598) to work on /home/airflow/.local/lib/python3.7/site-packages/airflow/example_dags/example_external_task_marker_dag.py
[2022-12-14T17:55:38.060+0000] {processor.py:756} INFO - Processing file /home/airflow/.local/lib/python3.7/site-packages/airflow/example_dags/example_external_task_marker_dag.py for tasks to queue
[2022-12-14T17:55:38.061+0000] {logging_mixin.py:137} INFO - [2022-12-14T17:55:38.061+0000] {dagbag.py:537} INFO - Filling up the DagBag from /home/airflow/.local/lib/python3.7/site-packages/airflow/example_dags/example_external_task_marker_dag.py
[2022-12-14T17:55:38.079+0000] {processor.py:766} INFO - DAG(s) dict_keys(['example_external_task_marker_child', 'example_external_task_marker_parent']) retrieved from /home/airflow/.local/lib/python3.7/site-packages/airflow/example_dags/example_external_task_marker_dag.py
[2022-12-14T17:55:38.598+0000] {logging_mixin.py:137} INFO - [2022-12-14T17:55:38.598+0000] {dag.py:2585} INFO - Sync 2 DAGs
[2022-12-14T17:55:38.651+0000] {logging_mixin.py:137} INFO - [2022-12-14T17:55:38.651+0000] {dag.py:3340} INFO - Setting next_dagrun for example_external_task_marker_child to None, run_after=None
[2022-12-14T17:55:38.658+0000] {logging_mixin.py:137} INFO - [2022-12-14T17:55:38.658+0000] {dag.py:3340} INFO - Setting next_dagrun for example_external_task_marker_parent to None, run_after=None
[2022-12-14T17:55:38.691+0000] {processor.py:176} INFO - Processing /home/airflow/.local/lib/python3.7/site-packages/airflow/example_dags/example_external_task_marker_dag.py took 0.638 seconds
[2022-12-14T17:56:08.747+0000] {processor.py:154} INFO - Started process (PID=1651) to work on /home/airflow/.local/lib/python3.7/site-packages/airflow/example_dags/example_external_task_marker_dag.py
[2022-12-14T17:56:08.748+0000] {processor.py:756} INFO - Processing file /home/airflow/.local/lib/python3.7/site-packages/airflow/example_dags/example_external_task_marker_dag.py for tasks to queue
[2022-12-14T17:56:08.749+0000] {logging_mixin.py:137} INFO - [2022-12-14T17:56:08.748+0000] {dagbag.py:537} INFO - Filling up the DagBag from /home/airflow/.local/lib/python3.7/site-packages/airflow/example_dags/example_external_task_marker_dag.py
[2022-12-14T17:56:08.768+0000] {processor.py:766} INFO - DAG(s) dict_keys(['example_external_task_marker_child', 'example_external_task_marker_parent']) retrieved from /home/airflow/.local/lib/python3.7/site-packages/airflow/example_dags/example_external_task_marker_dag.py
[2022-12-14T17:56:09.440+0000] {logging_mixin.py:137} INFO - [2022-12-14T17:56:09.440+0000] {dag.py:2585} INFO - Sync 2 DAGs
[2022-12-14T17:56:09.550+0000] {logging_mixin.py:137} INFO - [2022-12-14T17:56:09.549+0000] {dag.py:3340} INFO - Setting next_dagrun for example_external_task_marker_child to None, run_after=None
[2022-12-14T17:56:09.584+0000] {logging_mixin.py:137} INFO - [2022-12-14T17:56:09.584+0000] {dag.py:3340} INFO - Setting next_dagrun for example_external_task_marker_parent to None, run_after=None
[2022-12-14T17:56:09.665+0000] {processor.py:176} INFO - Processing /home/airflow/.local/lib/python3.7/site-packages/airflow/example_dags/example_external_task_marker_dag.py took 0.922 seconds
[2022-12-14T18:00:13.279+0000] {processor.py:154} INFO - Started process (PID=109) to work on /home/airflow/.local/lib/python3.7/site-packages/airflow/example_dags/example_external_task_marker_dag.py
[2022-12-14T18:00:13.287+0000] {processor.py:756} INFO - Processing file /home/airflow/.local/lib/python3.7/site-packages/airflow/example_dags/example_external_task_marker_dag.py for tasks to queue
[2022-12-14T18:00:13.288+0000] {logging_mixin.py:137} INFO - [2022-12-14T18:00:13.288+0000] {dagbag.py:537} INFO - Filling up the DagBag from /home/airflow/.local/lib/python3.7/site-packages/airflow/example_dags/example_external_task_marker_dag.py
[2022-12-14T18:00:13.339+0000] {processor.py:766} INFO - DAG(s) dict_keys(['example_external_task_marker_child', 'example_external_task_marker_parent']) retrieved from /home/airflow/.local/lib/python3.7/site-packages/airflow/example_dags/example_external_task_marker_dag.py
[2022-12-14T18:00:14.392+0000] {logging_mixin.py:137} INFO - [2022-12-14T18:00:14.392+0000] {dag.py:2585} INFO - Sync 2 DAGs
[2022-12-14T18:00:14.456+0000] {logging_mixin.py:137} INFO - [2022-12-14T18:00:14.455+0000] {dag.py:3340} INFO - Setting next_dagrun for example_external_task_marker_child to None, run_after=None
[2022-12-14T18:00:14.477+0000] {logging_mixin.py:137} INFO - [2022-12-14T18:00:14.476+0000] {dag.py:3340} INFO - Setting next_dagrun for example_external_task_marker_parent to None, run_after=None
[2022-12-14T18:00:14.532+0000] {processor.py:176} INFO - Processing /home/airflow/.local/lib/python3.7/site-packages/airflow/example_dags/example_external_task_marker_dag.py took 1.267 seconds
[2022-12-14T18:00:44.708+0000] {processor.py:154} INFO - Started process (PID=163) to work on /home/airflow/.local/lib/python3.7/site-packages/airflow/example_dags/example_external_task_marker_dag.py
[2022-12-14T18:00:44.709+0000] {processor.py:756} INFO - Processing file /home/airflow/.local/lib/python3.7/site-packages/airflow/example_dags/example_external_task_marker_dag.py for tasks to queue
[2022-12-14T18:00:44.710+0000] {logging_mixin.py:137} INFO - [2022-12-14T18:00:44.709+0000] {dagbag.py:537} INFO - Filling up the DagBag from /home/airflow/.local/lib/python3.7/site-packages/airflow/example_dags/example_external_task_marker_dag.py
[2022-12-14T18:00:44.734+0000] {processor.py:766} INFO - DAG(s) dict_keys(['example_external_task_marker_child', 'example_external_task_marker_parent']) retrieved from /home/airflow/.local/lib/python3.7/site-packages/airflow/example_dags/example_external_task_marker_dag.py
[2022-12-14T18:00:45.414+0000] {logging_mixin.py:137} INFO - [2022-12-14T18:00:45.413+0000] {dag.py:2585} INFO - Sync 2 DAGs
[2022-12-14T18:00:45.477+0000] {logging_mixin.py:137} INFO - [2022-12-14T18:00:45.476+0000] {dag.py:3340} INFO - Setting next_dagrun for example_external_task_marker_child to None, run_after=None
[2022-12-14T18:00:45.483+0000] {logging_mixin.py:137} INFO - [2022-12-14T18:00:45.482+0000] {dag.py:3340} INFO - Setting next_dagrun for example_external_task_marker_parent to None, run_after=None
[2022-12-14T18:00:45.512+0000] {processor.py:176} INFO - Processing /home/airflow/.local/lib/python3.7/site-packages/airflow/example_dags/example_external_task_marker_dag.py took 0.809 seconds
[2022-12-14T18:01:16.177+0000] {processor.py:154} INFO - Started process (PID=229) to work on /home/airflow/.local/lib/python3.7/site-packages/airflow/example_dags/example_external_task_marker_dag.py
[2022-12-14T18:01:16.178+0000] {processor.py:756} INFO - Processing file /home/airflow/.local/lib/python3.7/site-packages/airflow/example_dags/example_external_task_marker_dag.py for tasks to queue
[2022-12-14T18:01:16.179+0000] {logging_mixin.py:137} INFO - [2022-12-14T18:01:16.179+0000] {dagbag.py:537} INFO - Filling up the DagBag from /home/airflow/.local/lib/python3.7/site-packages/airflow/example_dags/example_external_task_marker_dag.py
[2022-12-14T18:01:16.205+0000] {processor.py:766} INFO - DAG(s) dict_keys(['example_external_task_marker_child', 'example_external_task_marker_parent']) retrieved from /home/airflow/.local/lib/python3.7/site-packages/airflow/example_dags/example_external_task_marker_dag.py
[2022-12-14T18:01:16.737+0000] {logging_mixin.py:137} INFO - [2022-12-14T18:01:16.737+0000] {dag.py:2585} INFO - Sync 2 DAGs
[2022-12-14T18:01:16.827+0000] {logging_mixin.py:137} INFO - [2022-12-14T18:01:16.826+0000] {dag.py:3340} INFO - Setting next_dagrun for example_external_task_marker_child to None, run_after=None
[2022-12-14T18:01:16.833+0000] {logging_mixin.py:137} INFO - [2022-12-14T18:01:16.833+0000] {dag.py:3340} INFO - Setting next_dagrun for example_external_task_marker_parent to None, run_after=None
[2022-12-14T18:01:16.865+0000] {processor.py:176} INFO - Processing /home/airflow/.local/lib/python3.7/site-packages/airflow/example_dags/example_external_task_marker_dag.py took 0.694 seconds
[2022-12-14T18:01:47.585+0000] {processor.py:154} INFO - Started process (PID=284) to work on /home/airflow/.local/lib/python3.7/site-packages/airflow/example_dags/example_external_task_marker_dag.py
[2022-12-14T18:01:47.665+0000] {processor.py:756} INFO - Processing file /home/airflow/.local/lib/python3.7/site-packages/airflow/example_dags/example_external_task_marker_dag.py for tasks to queue
[2022-12-14T18:01:47.666+0000] {logging_mixin.py:137} INFO - [2022-12-14T18:01:47.666+0000] {dagbag.py:537} INFO - Filling up the DagBag from /home/airflow/.local/lib/python3.7/site-packages/airflow/example_dags/example_external_task_marker_dag.py
[2022-12-14T18:01:47.685+0000] {processor.py:766} INFO - DAG(s) dict_keys(['example_external_task_marker_parent', 'example_external_task_marker_child']) retrieved from /home/airflow/.local/lib/python3.7/site-packages/airflow/example_dags/example_external_task_marker_dag.py
[2022-12-14T18:01:48.235+0000] {logging_mixin.py:137} INFO - [2022-12-14T18:01:48.235+0000] {dag.py:2585} INFO - Sync 2 DAGs
[2022-12-14T18:01:48.332+0000] {logging_mixin.py:137} INFO - [2022-12-14T18:01:48.331+0000] {dag.py:3340} INFO - Setting next_dagrun for example_external_task_marker_child to None, run_after=None
[2022-12-14T18:01:48.339+0000] {logging_mixin.py:137} INFO - [2022-12-14T18:01:48.339+0000] {dag.py:3340} INFO - Setting next_dagrun for example_external_task_marker_parent to None, run_after=None
[2022-12-14T18:01:48.393+0000] {processor.py:176} INFO - Processing /home/airflow/.local/lib/python3.7/site-packages/airflow/example_dags/example_external_task_marker_dag.py took 0.812 seconds
[2022-12-14T18:02:18.969+0000] {processor.py:154} INFO - Started process (PID=345) to work on /home/airflow/.local/lib/python3.7/site-packages/airflow/example_dags/example_external_task_marker_dag.py
[2022-12-14T18:02:18.970+0000] {processor.py:756} INFO - Processing file /home/airflow/.local/lib/python3.7/site-packages/airflow/example_dags/example_external_task_marker_dag.py for tasks to queue
[2022-12-14T18:02:18.973+0000] {logging_mixin.py:137} INFO - [2022-12-14T18:02:18.973+0000] {dagbag.py:537} INFO - Filling up the DagBag from /home/airflow/.local/lib/python3.7/site-packages/airflow/example_dags/example_external_task_marker_dag.py
[2022-12-14T18:02:18.998+0000] {processor.py:766} INFO - DAG(s) dict_keys(['example_external_task_marker_parent', 'example_external_task_marker_child']) retrieved from /home/airflow/.local/lib/python3.7/site-packages/airflow/example_dags/example_external_task_marker_dag.py
[2022-12-14T18:02:19.646+0000] {logging_mixin.py:137} INFO - [2022-12-14T18:02:19.646+0000] {dag.py:2585} INFO - Sync 2 DAGs
[2022-12-14T18:02:19.710+0000] {logging_mixin.py:137} INFO - [2022-12-14T18:02:19.710+0000] {dag.py:3340} INFO - Setting next_dagrun for example_external_task_marker_child to None, run_after=None
[2022-12-14T18:02:19.717+0000] {logging_mixin.py:137} INFO - [2022-12-14T18:02:19.716+0000] {dag.py:3340} INFO - Setting next_dagrun for example_external_task_marker_parent to None, run_after=None
[2022-12-14T18:02:19.748+0000] {processor.py:176} INFO - Processing /home/airflow/.local/lib/python3.7/site-packages/airflow/example_dags/example_external_task_marker_dag.py took 0.783 seconds
[2022-12-14T18:02:50.295+0000] {processor.py:154} INFO - Started process (PID=401) to work on /home/airflow/.local/lib/python3.7/site-packages/airflow/example_dags/example_external_task_marker_dag.py
[2022-12-14T18:02:50.384+0000] {processor.py:756} INFO - Processing file /home/airflow/.local/lib/python3.7/site-packages/airflow/example_dags/example_external_task_marker_dag.py for tasks to queue
[2022-12-14T18:02:50.385+0000] {logging_mixin.py:137} INFO - [2022-12-14T18:02:50.385+0000] {dagbag.py:537} INFO - Filling up the DagBag from /home/airflow/.local/lib/python3.7/site-packages/airflow/example_dags/example_external_task_marker_dag.py
[2022-12-14T18:02:50.411+0000] {processor.py:766} INFO - DAG(s) dict_keys(['example_external_task_marker_child', 'example_external_task_marker_parent']) retrieved from /home/airflow/.local/lib/python3.7/site-packages/airflow/example_dags/example_external_task_marker_dag.py
[2022-12-14T18:02:50.923+0000] {logging_mixin.py:137} INFO - [2022-12-14T18:02:50.923+0000] {dag.py:2585} INFO - Sync 2 DAGs
[2022-12-14T18:02:50.980+0000] {logging_mixin.py:137} INFO - [2022-12-14T18:02:50.980+0000] {dag.py:3340} INFO - Setting next_dagrun for example_external_task_marker_child to None, run_after=None
[2022-12-14T18:02:50.987+0000] {logging_mixin.py:137} INFO - [2022-12-14T18:02:50.986+0000] {dag.py:3340} INFO - Setting next_dagrun for example_external_task_marker_parent to None, run_after=None
[2022-12-14T18:02:51.014+0000] {processor.py:176} INFO - Processing /home/airflow/.local/lib/python3.7/site-packages/airflow/example_dags/example_external_task_marker_dag.py took 0.727 seconds
[2022-12-14T18:03:21.764+0000] {processor.py:154} INFO - Started process (PID=454) to work on /home/airflow/.local/lib/python3.7/site-packages/airflow/example_dags/example_external_task_marker_dag.py
[2022-12-14T18:03:21.767+0000] {processor.py:756} INFO - Processing file /home/airflow/.local/lib/python3.7/site-packages/airflow/example_dags/example_external_task_marker_dag.py for tasks to queue
[2022-12-14T18:03:21.770+0000] {logging_mixin.py:137} INFO - [2022-12-14T18:03:21.769+0000] {dagbag.py:537} INFO - Filling up the DagBag from /home/airflow/.local/lib/python3.7/site-packages/airflow/example_dags/example_external_task_marker_dag.py
[2022-12-14T18:03:21.818+0000] {processor.py:766} INFO - DAG(s) dict_keys(['example_external_task_marker_child', 'example_external_task_marker_parent']) retrieved from /home/airflow/.local/lib/python3.7/site-packages/airflow/example_dags/example_external_task_marker_dag.py
[2022-12-14T18:03:22.981+0000] {logging_mixin.py:137} INFO - [2022-12-14T18:03:22.980+0000] {dag.py:2585} INFO - Sync 2 DAGs
[2022-12-14T18:03:23.148+0000] {logging_mixin.py:137} INFO - [2022-12-14T18:03:23.148+0000] {dag.py:3340} INFO - Setting next_dagrun for example_external_task_marker_child to None, run_after=None
[2022-12-14T18:03:23.163+0000] {logging_mixin.py:137} INFO - [2022-12-14T18:03:23.163+0000] {dag.py:3340} INFO - Setting next_dagrun for example_external_task_marker_parent to None, run_after=None
[2022-12-14T18:03:23.232+0000] {processor.py:176} INFO - Processing /home/airflow/.local/lib/python3.7/site-packages/airflow/example_dags/example_external_task_marker_dag.py took 1.476 seconds
[2022-12-14T18:03:53.615+0000] {processor.py:154} INFO - Started process (PID=517) to work on /home/airflow/.local/lib/python3.7/site-packages/airflow/example_dags/example_external_task_marker_dag.py
[2022-12-14T18:03:53.619+0000] {processor.py:756} INFO - Processing file /home/airflow/.local/lib/python3.7/site-packages/airflow/example_dags/example_external_task_marker_dag.py for tasks to queue
[2022-12-14T18:03:53.620+0000] {logging_mixin.py:137} INFO - [2022-12-14T18:03:53.619+0000] {dagbag.py:537} INFO - Filling up the DagBag from /home/airflow/.local/lib/python3.7/site-packages/airflow/example_dags/example_external_task_marker_dag.py
[2022-12-14T18:03:53.643+0000] {processor.py:766} INFO - DAG(s) dict_keys(['example_external_task_marker_parent', 'example_external_task_marker_child']) retrieved from /home/airflow/.local/lib/python3.7/site-packages/airflow/example_dags/example_external_task_marker_dag.py
[2022-12-14T18:03:54.284+0000] {logging_mixin.py:137} INFO - [2022-12-14T18:03:54.284+0000] {dag.py:2585} INFO - Sync 2 DAGs
[2022-12-14T18:03:54.336+0000] {logging_mixin.py:137} INFO - [2022-12-14T18:03:54.336+0000] {dag.py:3340} INFO - Setting next_dagrun for example_external_task_marker_child to None, run_after=None
[2022-12-14T18:03:54.342+0000] {logging_mixin.py:137} INFO - [2022-12-14T18:03:54.342+0000] {dag.py:3340} INFO - Setting next_dagrun for example_external_task_marker_parent to None, run_after=None
[2022-12-14T18:03:54.369+0000] {processor.py:176} INFO - Processing /home/airflow/.local/lib/python3.7/site-packages/airflow/example_dags/example_external_task_marker_dag.py took 0.759 seconds
[2022-12-14T18:04:24.525+0000] {processor.py:154} INFO - Started process (PID=572) to work on /home/airflow/.local/lib/python3.7/site-packages/airflow/example_dags/example_external_task_marker_dag.py
[2022-12-14T18:04:24.526+0000] {processor.py:756} INFO - Processing file /home/airflow/.local/lib/python3.7/site-packages/airflow/example_dags/example_external_task_marker_dag.py for tasks to queue
[2022-12-14T18:04:24.527+0000] {logging_mixin.py:137} INFO - [2022-12-14T18:04:24.527+0000] {dagbag.py:537} INFO - Filling up the DagBag from /home/airflow/.local/lib/python3.7/site-packages/airflow/example_dags/example_external_task_marker_dag.py
[2022-12-14T18:04:24.548+0000] {processor.py:766} INFO - DAG(s) dict_keys(['example_external_task_marker_child', 'example_external_task_marker_parent']) retrieved from /home/airflow/.local/lib/python3.7/site-packages/airflow/example_dags/example_external_task_marker_dag.py
[2022-12-14T18:04:25.138+0000] {logging_mixin.py:137} INFO - [2022-12-14T18:04:25.137+0000] {dag.py:2585} INFO - Sync 2 DAGs
[2022-12-14T18:04:25.198+0000] {logging_mixin.py:137} INFO - [2022-12-14T18:04:25.198+0000] {dag.py:3340} INFO - Setting next_dagrun for example_external_task_marker_child to None, run_after=None
[2022-12-14T18:04:25.205+0000] {logging_mixin.py:137} INFO - [2022-12-14T18:04:25.205+0000] {dag.py:3340} INFO - Setting next_dagrun for example_external_task_marker_parent to None, run_after=None
[2022-12-14T18:04:25.234+0000] {processor.py:176} INFO - Processing /home/airflow/.local/lib/python3.7/site-packages/airflow/example_dags/example_external_task_marker_dag.py took 0.713 seconds
[2022-12-14T18:04:56.019+0000] {processor.py:154} INFO - Started process (PID=627) to work on /home/airflow/.local/lib/python3.7/site-packages/airflow/example_dags/example_external_task_marker_dag.py
[2022-12-14T18:04:56.126+0000] {processor.py:756} INFO - Processing file /home/airflow/.local/lib/python3.7/site-packages/airflow/example_dags/example_external_task_marker_dag.py for tasks to queue
[2022-12-14T18:04:56.128+0000] {logging_mixin.py:137} INFO - [2022-12-14T18:04:56.127+0000] {dagbag.py:537} INFO - Filling up the DagBag from /home/airflow/.local/lib/python3.7/site-packages/airflow/example_dags/example_external_task_marker_dag.py
[2022-12-14T18:04:56.170+0000] {processor.py:766} INFO - DAG(s) dict_keys(['example_external_task_marker_child', 'example_external_task_marker_parent']) retrieved from /home/airflow/.local/lib/python3.7/site-packages/airflow/example_dags/example_external_task_marker_dag.py
[2022-12-14T18:04:56.788+0000] {logging_mixin.py:137} INFO - [2022-12-14T18:04:56.787+0000] {dag.py:2585} INFO - Sync 2 DAGs
[2022-12-14T18:04:56.840+0000] {logging_mixin.py:137} INFO - [2022-12-14T18:04:56.840+0000] {dag.py:3340} INFO - Setting next_dagrun for example_external_task_marker_child to None, run_after=None
[2022-12-14T18:04:56.847+0000] {logging_mixin.py:137} INFO - [2022-12-14T18:04:56.847+0000] {dag.py:3340} INFO - Setting next_dagrun for example_external_task_marker_parent to None, run_after=None
[2022-12-14T18:04:56.881+0000] {processor.py:176} INFO - Processing /home/airflow/.local/lib/python3.7/site-packages/airflow/example_dags/example_external_task_marker_dag.py took 0.868 seconds
[2022-12-14T18:05:27.111+0000] {processor.py:154} INFO - Started process (PID=691) to work on /home/airflow/.local/lib/python3.7/site-packages/airflow/example_dags/example_external_task_marker_dag.py
[2022-12-14T18:05:27.116+0000] {processor.py:756} INFO - Processing file /home/airflow/.local/lib/python3.7/site-packages/airflow/example_dags/example_external_task_marker_dag.py for tasks to queue
[2022-12-14T18:05:27.117+0000] {logging_mixin.py:137} INFO - [2022-12-14T18:05:27.117+0000] {dagbag.py:537} INFO - Filling up the DagBag from /home/airflow/.local/lib/python3.7/site-packages/airflow/example_dags/example_external_task_marker_dag.py
[2022-12-14T18:05:27.185+0000] {processor.py:766} INFO - DAG(s) dict_keys(['example_external_task_marker_child', 'example_external_task_marker_parent']) retrieved from /home/airflow/.local/lib/python3.7/site-packages/airflow/example_dags/example_external_task_marker_dag.py
[2022-12-14T18:05:27.906+0000] {logging_mixin.py:137} INFO - [2022-12-14T18:05:27.906+0000] {dag.py:2585} INFO - Sync 2 DAGs
[2022-12-14T18:05:27.963+0000] {logging_mixin.py:137} INFO - [2022-12-14T18:05:27.963+0000] {dag.py:3340} INFO - Setting next_dagrun for example_external_task_marker_child to None, run_after=None
[2022-12-14T18:05:27.969+0000] {logging_mixin.py:137} INFO - [2022-12-14T18:05:27.969+0000] {dag.py:3340} INFO - Setting next_dagrun for example_external_task_marker_parent to None, run_after=None
[2022-12-14T18:05:28.001+0000] {processor.py:176} INFO - Processing /home/airflow/.local/lib/python3.7/site-packages/airflow/example_dags/example_external_task_marker_dag.py took 0.916 seconds
[2022-12-14T18:05:58.290+0000] {processor.py:154} INFO - Started process (PID=747) to work on /home/airflow/.local/lib/python3.7/site-packages/airflow/example_dags/example_external_task_marker_dag.py
[2022-12-14T18:05:58.293+0000] {processor.py:756} INFO - Processing file /home/airflow/.local/lib/python3.7/site-packages/airflow/example_dags/example_external_task_marker_dag.py for tasks to queue
[2022-12-14T18:05:58.295+0000] {logging_mixin.py:137} INFO - [2022-12-14T18:05:58.294+0000] {dagbag.py:537} INFO - Filling up the DagBag from /home/airflow/.local/lib/python3.7/site-packages/airflow/example_dags/example_external_task_marker_dag.py
[2022-12-14T18:05:58.330+0000] {processor.py:766} INFO - DAG(s) dict_keys(['example_external_task_marker_parent', 'example_external_task_marker_child']) retrieved from /home/airflow/.local/lib/python3.7/site-packages/airflow/example_dags/example_external_task_marker_dag.py
[2022-12-14T18:05:58.991+0000] {logging_mixin.py:137} INFO - [2022-12-14T18:05:58.991+0000] {dag.py:2585} INFO - Sync 2 DAGs
[2022-12-14T18:05:59.073+0000] {logging_mixin.py:137} INFO - [2022-12-14T18:05:59.073+0000] {dag.py:3340} INFO - Setting next_dagrun for example_external_task_marker_child to None, run_after=None
[2022-12-14T18:05:59.081+0000] {logging_mixin.py:137} INFO - [2022-12-14T18:05:59.081+0000] {dag.py:3340} INFO - Setting next_dagrun for example_external_task_marker_parent to None, run_after=None
[2022-12-14T18:05:59.117+0000] {processor.py:176} INFO - Processing /home/airflow/.local/lib/python3.7/site-packages/airflow/example_dags/example_external_task_marker_dag.py took 0.834 seconds
[2022-12-14T18:06:29.765+0000] {processor.py:154} INFO - Started process (PID=810) to work on /home/airflow/.local/lib/python3.7/site-packages/airflow/example_dags/example_external_task_marker_dag.py
[2022-12-14T18:06:29.766+0000] {processor.py:756} INFO - Processing file /home/airflow/.local/lib/python3.7/site-packages/airflow/example_dags/example_external_task_marker_dag.py for tasks to queue
[2022-12-14T18:06:29.767+0000] {logging_mixin.py:137} INFO - [2022-12-14T18:06:29.767+0000] {dagbag.py:537} INFO - Filling up the DagBag from /home/airflow/.local/lib/python3.7/site-packages/airflow/example_dags/example_external_task_marker_dag.py
[2022-12-14T18:06:29.797+0000] {processor.py:766} INFO - DAG(s) dict_keys(['example_external_task_marker_parent', 'example_external_task_marker_child']) retrieved from /home/airflow/.local/lib/python3.7/site-packages/airflow/example_dags/example_external_task_marker_dag.py
[2022-12-14T18:06:30.370+0000] {logging_mixin.py:137} INFO - [2022-12-14T18:06:30.369+0000] {dag.py:2585} INFO - Sync 2 DAGs
[2022-12-14T18:06:30.434+0000] {logging_mixin.py:137} INFO - [2022-12-14T18:06:30.434+0000] {dag.py:3340} INFO - Setting next_dagrun for example_external_task_marker_child to None, run_after=None
[2022-12-14T18:06:30.444+0000] {logging_mixin.py:137} INFO - [2022-12-14T18:06:30.444+0000] {dag.py:3340} INFO - Setting next_dagrun for example_external_task_marker_parent to None, run_after=None
[2022-12-14T18:06:30.479+0000] {processor.py:176} INFO - Processing /home/airflow/.local/lib/python3.7/site-packages/airflow/example_dags/example_external_task_marker_dag.py took 0.719 seconds
