[2022-12-14T17:42:06.950+0000] {processor.py:154} INFO - Started process (PID=99) to work on /home/airflow/.local/lib/python3.7/site-packages/airflow/example_dags/example_time_delta_sensor_async.py
[2022-12-14T17:42:06.951+0000] {processor.py:756} INFO - Processing file /home/airflow/.local/lib/python3.7/site-packages/airflow/example_dags/example_time_delta_sensor_async.py for tasks to queue
[2022-12-14T17:42:06.952+0000] {logging_mixin.py:137} INFO - [2022-12-14T17:42:06.952+0000] {dagbag.py:537} INFO - Filling up the DagBag from /home/airflow/.local/lib/python3.7/site-packages/airflow/example_dags/example_time_delta_sensor_async.py
[2022-12-14T17:42:07.112+0000] {processor.py:766} INFO - DAG(s) dict_keys(['example_time_delta_sensor_async']) retrieved from /home/airflow/.local/lib/python3.7/site-packages/airflow/example_dags/example_time_delta_sensor_async.py
[2022-12-14T17:42:07.777+0000] {logging_mixin.py:137} INFO - [2022-12-14T17:42:07.777+0000] {dag.py:2585} INFO - Sync 1 DAGs
[2022-12-14T17:42:07.828+0000] {logging_mixin.py:137} INFO - [2022-12-14T17:42:07.828+0000] {dag.py:3340} INFO - Setting next_dagrun for example_time_delta_sensor_async to None, run_after=None
[2022-12-14T17:42:07.860+0000] {processor.py:176} INFO - Processing /home/airflow/.local/lib/python3.7/site-packages/airflow/example_dags/example_time_delta_sensor_async.py took 0.915 seconds
[2022-12-14T17:42:37.891+0000] {processor.py:154} INFO - Started process (PID=160) to work on /home/airflow/.local/lib/python3.7/site-packages/airflow/example_dags/example_time_delta_sensor_async.py
[2022-12-14T17:42:37.892+0000] {processor.py:756} INFO - Processing file /home/airflow/.local/lib/python3.7/site-packages/airflow/example_dags/example_time_delta_sensor_async.py for tasks to queue
[2022-12-14T17:42:37.893+0000] {logging_mixin.py:137} INFO - [2022-12-14T17:42:37.892+0000] {dagbag.py:537} INFO - Filling up the DagBag from /home/airflow/.local/lib/python3.7/site-packages/airflow/example_dags/example_time_delta_sensor_async.py
[2022-12-14T17:42:37.914+0000] {processor.py:766} INFO - DAG(s) dict_keys(['example_time_delta_sensor_async']) retrieved from /home/airflow/.local/lib/python3.7/site-packages/airflow/example_dags/example_time_delta_sensor_async.py
[2022-12-14T17:42:38.449+0000] {logging_mixin.py:137} INFO - [2022-12-14T17:42:38.449+0000] {dag.py:2585} INFO - Sync 1 DAGs
[2022-12-14T17:42:38.503+0000] {logging_mixin.py:137} INFO - [2022-12-14T17:42:38.503+0000] {dag.py:3340} INFO - Setting next_dagrun for example_time_delta_sensor_async to None, run_after=None
[2022-12-14T17:42:38.551+0000] {processor.py:176} INFO - Processing /home/airflow/.local/lib/python3.7/site-packages/airflow/example_dags/example_time_delta_sensor_async.py took 0.665 seconds
[2022-12-14T17:43:08.621+0000] {processor.py:154} INFO - Started process (PID=217) to work on /home/airflow/.local/lib/python3.7/site-packages/airflow/example_dags/example_time_delta_sensor_async.py
[2022-12-14T17:43:08.622+0000] {processor.py:756} INFO - Processing file /home/airflow/.local/lib/python3.7/site-packages/airflow/example_dags/example_time_delta_sensor_async.py for tasks to queue
[2022-12-14T17:43:08.623+0000] {logging_mixin.py:137} INFO - [2022-12-14T17:43:08.623+0000] {dagbag.py:537} INFO - Filling up the DagBag from /home/airflow/.local/lib/python3.7/site-packages/airflow/example_dags/example_time_delta_sensor_async.py
[2022-12-14T17:43:08.640+0000] {processor.py:766} INFO - DAG(s) dict_keys(['example_time_delta_sensor_async']) retrieved from /home/airflow/.local/lib/python3.7/site-packages/airflow/example_dags/example_time_delta_sensor_async.py
[2022-12-14T17:43:09.088+0000] {logging_mixin.py:137} INFO - [2022-12-14T17:43:09.088+0000] {dag.py:2585} INFO - Sync 1 DAGs
[2022-12-14T17:43:09.139+0000] {logging_mixin.py:137} INFO - [2022-12-14T17:43:09.139+0000] {dag.py:3340} INFO - Setting next_dagrun for example_time_delta_sensor_async to None, run_after=None
[2022-12-14T17:43:09.170+0000] {processor.py:176} INFO - Processing /home/airflow/.local/lib/python3.7/site-packages/airflow/example_dags/example_time_delta_sensor_async.py took 0.554 seconds
[2022-12-14T17:43:39.249+0000] {processor.py:154} INFO - Started process (PID=273) to work on /home/airflow/.local/lib/python3.7/site-packages/airflow/example_dags/example_time_delta_sensor_async.py
[2022-12-14T17:43:39.250+0000] {processor.py:756} INFO - Processing file /home/airflow/.local/lib/python3.7/site-packages/airflow/example_dags/example_time_delta_sensor_async.py for tasks to queue
[2022-12-14T17:43:39.251+0000] {logging_mixin.py:137} INFO - [2022-12-14T17:43:39.251+0000] {dagbag.py:537} INFO - Filling up the DagBag from /home/airflow/.local/lib/python3.7/site-packages/airflow/example_dags/example_time_delta_sensor_async.py
[2022-12-14T17:43:39.271+0000] {processor.py:766} INFO - DAG(s) dict_keys(['example_time_delta_sensor_async']) retrieved from /home/airflow/.local/lib/python3.7/site-packages/airflow/example_dags/example_time_delta_sensor_async.py
[2022-12-14T17:43:39.775+0000] {logging_mixin.py:137} INFO - [2022-12-14T17:43:39.775+0000] {dag.py:2585} INFO - Sync 1 DAGs
[2022-12-14T17:43:39.832+0000] {logging_mixin.py:137} INFO - [2022-12-14T17:43:39.832+0000] {dag.py:3340} INFO - Setting next_dagrun for example_time_delta_sensor_async to None, run_after=None
[2022-12-14T17:43:39.862+0000] {processor.py:176} INFO - Processing /home/airflow/.local/lib/python3.7/site-packages/airflow/example_dags/example_time_delta_sensor_async.py took 0.618 seconds
[2022-12-14T17:44:10.182+0000] {processor.py:154} INFO - Started process (PID=337) to work on /home/airflow/.local/lib/python3.7/site-packages/airflow/example_dags/example_time_delta_sensor_async.py
[2022-12-14T17:44:10.183+0000] {processor.py:756} INFO - Processing file /home/airflow/.local/lib/python3.7/site-packages/airflow/example_dags/example_time_delta_sensor_async.py for tasks to queue
[2022-12-14T17:44:10.183+0000] {logging_mixin.py:137} INFO - [2022-12-14T17:44:10.183+0000] {dagbag.py:537} INFO - Filling up the DagBag from /home/airflow/.local/lib/python3.7/site-packages/airflow/example_dags/example_time_delta_sensor_async.py
[2022-12-14T17:44:10.199+0000] {processor.py:766} INFO - DAG(s) dict_keys(['example_time_delta_sensor_async']) retrieved from /home/airflow/.local/lib/python3.7/site-packages/airflow/example_dags/example_time_delta_sensor_async.py
[2022-12-14T17:44:10.647+0000] {logging_mixin.py:137} INFO - [2022-12-14T17:44:10.647+0000] {dag.py:2585} INFO - Sync 1 DAGs
[2022-12-14T17:44:10.688+0000] {logging_mixin.py:137} INFO - [2022-12-14T17:44:10.688+0000] {dag.py:3340} INFO - Setting next_dagrun for example_time_delta_sensor_async to None, run_after=None
[2022-12-14T17:44:10.713+0000] {processor.py:176} INFO - Processing /home/airflow/.local/lib/python3.7/site-packages/airflow/example_dags/example_time_delta_sensor_async.py took 0.535 seconds
[2022-12-14T17:44:40.797+0000] {processor.py:154} INFO - Started process (PID=391) to work on /home/airflow/.local/lib/python3.7/site-packages/airflow/example_dags/example_time_delta_sensor_async.py
[2022-12-14T17:44:40.803+0000] {processor.py:756} INFO - Processing file /home/airflow/.local/lib/python3.7/site-packages/airflow/example_dags/example_time_delta_sensor_async.py for tasks to queue
[2022-12-14T17:44:40.806+0000] {logging_mixin.py:137} INFO - [2022-12-14T17:44:40.806+0000] {dagbag.py:537} INFO - Filling up the DagBag from /home/airflow/.local/lib/python3.7/site-packages/airflow/example_dags/example_time_delta_sensor_async.py
[2022-12-14T17:44:40.841+0000] {processor.py:766} INFO - DAG(s) dict_keys(['example_time_delta_sensor_async']) retrieved from /home/airflow/.local/lib/python3.7/site-packages/airflow/example_dags/example_time_delta_sensor_async.py
[2022-12-14T17:44:41.332+0000] {logging_mixin.py:137} INFO - [2022-12-14T17:44:41.332+0000] {dag.py:2585} INFO - Sync 1 DAGs
[2022-12-14T17:44:41.389+0000] {logging_mixin.py:137} INFO - [2022-12-14T17:44:41.388+0000] {dag.py:3340} INFO - Setting next_dagrun for example_time_delta_sensor_async to None, run_after=None
[2022-12-14T17:44:41.420+0000] {processor.py:176} INFO - Processing /home/airflow/.local/lib/python3.7/site-packages/airflow/example_dags/example_time_delta_sensor_async.py took 0.628 seconds
[2022-12-14T17:45:12.301+0000] {processor.py:154} INFO - Started process (PID=454) to work on /home/airflow/.local/lib/python3.7/site-packages/airflow/example_dags/example_time_delta_sensor_async.py
[2022-12-14T17:45:12.303+0000] {processor.py:756} INFO - Processing file /home/airflow/.local/lib/python3.7/site-packages/airflow/example_dags/example_time_delta_sensor_async.py for tasks to queue
[2022-12-14T17:45:12.303+0000] {logging_mixin.py:137} INFO - [2022-12-14T17:45:12.303+0000] {dagbag.py:537} INFO - Filling up the DagBag from /home/airflow/.local/lib/python3.7/site-packages/airflow/example_dags/example_time_delta_sensor_async.py
[2022-12-14T17:45:12.319+0000] {processor.py:766} INFO - DAG(s) dict_keys(['example_time_delta_sensor_async']) retrieved from /home/airflow/.local/lib/python3.7/site-packages/airflow/example_dags/example_time_delta_sensor_async.py
[2022-12-14T17:45:12.757+0000] {logging_mixin.py:137} INFO - [2022-12-14T17:45:12.757+0000] {dag.py:2585} INFO - Sync 1 DAGs
[2022-12-14T17:45:12.803+0000] {logging_mixin.py:137} INFO - [2022-12-14T17:45:12.803+0000] {dag.py:3340} INFO - Setting next_dagrun for example_time_delta_sensor_async to None, run_after=None
[2022-12-14T17:45:12.842+0000] {processor.py:176} INFO - Processing /home/airflow/.local/lib/python3.7/site-packages/airflow/example_dags/example_time_delta_sensor_async.py took 0.544 seconds
[2022-12-14T17:45:43.328+0000] {processor.py:154} INFO - Started process (PID=509) to work on /home/airflow/.local/lib/python3.7/site-packages/airflow/example_dags/example_time_delta_sensor_async.py
[2022-12-14T17:45:43.329+0000] {processor.py:756} INFO - Processing file /home/airflow/.local/lib/python3.7/site-packages/airflow/example_dags/example_time_delta_sensor_async.py for tasks to queue
[2022-12-14T17:45:43.330+0000] {logging_mixin.py:137} INFO - [2022-12-14T17:45:43.330+0000] {dagbag.py:537} INFO - Filling up the DagBag from /home/airflow/.local/lib/python3.7/site-packages/airflow/example_dags/example_time_delta_sensor_async.py
[2022-12-14T17:45:43.349+0000] {processor.py:766} INFO - DAG(s) dict_keys(['example_time_delta_sensor_async']) retrieved from /home/airflow/.local/lib/python3.7/site-packages/airflow/example_dags/example_time_delta_sensor_async.py
[2022-12-14T17:45:44.031+0000] {logging_mixin.py:137} INFO - [2022-12-14T17:45:44.031+0000] {dag.py:2585} INFO - Sync 1 DAGs
[2022-12-14T17:45:44.155+0000] {logging_mixin.py:137} INFO - [2022-12-14T17:45:44.155+0000] {dag.py:3340} INFO - Setting next_dagrun for example_time_delta_sensor_async to None, run_after=None
[2022-12-14T17:45:44.212+0000] {processor.py:176} INFO - Processing /home/airflow/.local/lib/python3.7/site-packages/airflow/example_dags/example_time_delta_sensor_async.py took 0.888 seconds
[2022-12-14T17:46:14.342+0000] {processor.py:154} INFO - Started process (PID=573) to work on /home/airflow/.local/lib/python3.7/site-packages/airflow/example_dags/example_time_delta_sensor_async.py
[2022-12-14T17:46:14.354+0000] {processor.py:756} INFO - Processing file /home/airflow/.local/lib/python3.7/site-packages/airflow/example_dags/example_time_delta_sensor_async.py for tasks to queue
[2022-12-14T17:46:14.355+0000] {logging_mixin.py:137} INFO - [2022-12-14T17:46:14.355+0000] {dagbag.py:537} INFO - Filling up the DagBag from /home/airflow/.local/lib/python3.7/site-packages/airflow/example_dags/example_time_delta_sensor_async.py
[2022-12-14T17:46:14.373+0000] {processor.py:766} INFO - DAG(s) dict_keys(['example_time_delta_sensor_async']) retrieved from /home/airflow/.local/lib/python3.7/site-packages/airflow/example_dags/example_time_delta_sensor_async.py
[2022-12-14T17:46:14.838+0000] {logging_mixin.py:137} INFO - [2022-12-14T17:46:14.837+0000] {dag.py:2585} INFO - Sync 1 DAGs
[2022-12-14T17:46:14.885+0000] {logging_mixin.py:137} INFO - [2022-12-14T17:46:14.884+0000] {dag.py:3340} INFO - Setting next_dagrun for example_time_delta_sensor_async to None, run_after=None
[2022-12-14T17:46:14.919+0000] {processor.py:176} INFO - Processing /home/airflow/.local/lib/python3.7/site-packages/airflow/example_dags/example_time_delta_sensor_async.py took 0.581 seconds
[2022-12-14T17:46:45.701+0000] {processor.py:154} INFO - Started process (PID=625) to work on /home/airflow/.local/lib/python3.7/site-packages/airflow/example_dags/example_time_delta_sensor_async.py
[2022-12-14T17:46:45.702+0000] {processor.py:756} INFO - Processing file /home/airflow/.local/lib/python3.7/site-packages/airflow/example_dags/example_time_delta_sensor_async.py for tasks to queue
[2022-12-14T17:46:45.703+0000] {logging_mixin.py:137} INFO - [2022-12-14T17:46:45.703+0000] {dagbag.py:537} INFO - Filling up the DagBag from /home/airflow/.local/lib/python3.7/site-packages/airflow/example_dags/example_time_delta_sensor_async.py
[2022-12-14T17:46:45.719+0000] {processor.py:766} INFO - DAG(s) dict_keys(['example_time_delta_sensor_async']) retrieved from /home/airflow/.local/lib/python3.7/site-packages/airflow/example_dags/example_time_delta_sensor_async.py
[2022-12-14T17:46:46.158+0000] {logging_mixin.py:137} INFO - [2022-12-14T17:46:46.158+0000] {dag.py:2585} INFO - Sync 1 DAGs
[2022-12-14T17:46:46.203+0000] {logging_mixin.py:137} INFO - [2022-12-14T17:46:46.203+0000] {dag.py:3340} INFO - Setting next_dagrun for example_time_delta_sensor_async to None, run_after=None
[2022-12-14T17:46:46.231+0000] {processor.py:176} INFO - Processing /home/airflow/.local/lib/python3.7/site-packages/airflow/example_dags/example_time_delta_sensor_async.py took 0.535 seconds
[2022-12-14T17:47:16.670+0000] {processor.py:154} INFO - Started process (PID=687) to work on /home/airflow/.local/lib/python3.7/site-packages/airflow/example_dags/example_time_delta_sensor_async.py
[2022-12-14T17:47:16.671+0000] {processor.py:756} INFO - Processing file /home/airflow/.local/lib/python3.7/site-packages/airflow/example_dags/example_time_delta_sensor_async.py for tasks to queue
[2022-12-14T17:47:16.672+0000] {logging_mixin.py:137} INFO - [2022-12-14T17:47:16.672+0000] {dagbag.py:537} INFO - Filling up the DagBag from /home/airflow/.local/lib/python3.7/site-packages/airflow/example_dags/example_time_delta_sensor_async.py
[2022-12-14T17:47:16.707+0000] {processor.py:766} INFO - DAG(s) dict_keys(['example_time_delta_sensor_async']) retrieved from /home/airflow/.local/lib/python3.7/site-packages/airflow/example_dags/example_time_delta_sensor_async.py
[2022-12-14T17:47:17.572+0000] {logging_mixin.py:137} INFO - [2022-12-14T17:47:17.572+0000] {dag.py:2585} INFO - Sync 1 DAGs
[2022-12-14T17:47:17.632+0000] {logging_mixin.py:137} INFO - [2022-12-14T17:47:17.632+0000] {dag.py:3340} INFO - Setting next_dagrun for example_time_delta_sensor_async to None, run_after=None
[2022-12-14T17:47:17.758+0000] {processor.py:176} INFO - Processing /home/airflow/.local/lib/python3.7/site-packages/airflow/example_dags/example_time_delta_sensor_async.py took 1.092 seconds
[2022-12-14T17:47:48.067+0000] {processor.py:154} INFO - Started process (PID=743) to work on /home/airflow/.local/lib/python3.7/site-packages/airflow/example_dags/example_time_delta_sensor_async.py
[2022-12-14T17:47:48.068+0000] {processor.py:756} INFO - Processing file /home/airflow/.local/lib/python3.7/site-packages/airflow/example_dags/example_time_delta_sensor_async.py for tasks to queue
[2022-12-14T17:47:48.069+0000] {logging_mixin.py:137} INFO - [2022-12-14T17:47:48.069+0000] {dagbag.py:537} INFO - Filling up the DagBag from /home/airflow/.local/lib/python3.7/site-packages/airflow/example_dags/example_time_delta_sensor_async.py
[2022-12-14T17:47:48.084+0000] {processor.py:766} INFO - DAG(s) dict_keys(['example_time_delta_sensor_async']) retrieved from /home/airflow/.local/lib/python3.7/site-packages/airflow/example_dags/example_time_delta_sensor_async.py
[2022-12-14T17:47:48.553+0000] {logging_mixin.py:137} INFO - [2022-12-14T17:47:48.553+0000] {dag.py:2585} INFO - Sync 1 DAGs
[2022-12-14T17:47:48.600+0000] {logging_mixin.py:137} INFO - [2022-12-14T17:47:48.600+0000] {dag.py:3340} INFO - Setting next_dagrun for example_time_delta_sensor_async to None, run_after=None
[2022-12-14T17:47:48.635+0000] {processor.py:176} INFO - Processing /home/airflow/.local/lib/python3.7/site-packages/airflow/example_dags/example_time_delta_sensor_async.py took 0.573 seconds
[2022-12-14T17:48:18.718+0000] {processor.py:154} INFO - Started process (PID=798) to work on /home/airflow/.local/lib/python3.7/site-packages/airflow/example_dags/example_time_delta_sensor_async.py
[2022-12-14T17:48:18.719+0000] {processor.py:756} INFO - Processing file /home/airflow/.local/lib/python3.7/site-packages/airflow/example_dags/example_time_delta_sensor_async.py for tasks to queue
[2022-12-14T17:48:18.720+0000] {logging_mixin.py:137} INFO - [2022-12-14T17:48:18.720+0000] {dagbag.py:537} INFO - Filling up the DagBag from /home/airflow/.local/lib/python3.7/site-packages/airflow/example_dags/example_time_delta_sensor_async.py
[2022-12-14T17:48:18.742+0000] {processor.py:766} INFO - DAG(s) dict_keys(['example_time_delta_sensor_async']) retrieved from /home/airflow/.local/lib/python3.7/site-packages/airflow/example_dags/example_time_delta_sensor_async.py
[2022-12-14T17:48:19.286+0000] {logging_mixin.py:137} INFO - [2022-12-14T17:48:19.286+0000] {dag.py:2585} INFO - Sync 1 DAGs
[2022-12-14T17:48:19.337+0000] {logging_mixin.py:137} INFO - [2022-12-14T17:48:19.336+0000] {dag.py:3340} INFO - Setting next_dagrun for example_time_delta_sensor_async to None, run_after=None
[2022-12-14T17:48:19.379+0000] {processor.py:176} INFO - Processing /home/airflow/.local/lib/python3.7/site-packages/airflow/example_dags/example_time_delta_sensor_async.py took 0.666 seconds
[2022-12-14T17:48:49.833+0000] {processor.py:154} INFO - Started process (PID=861) to work on /home/airflow/.local/lib/python3.7/site-packages/airflow/example_dags/example_time_delta_sensor_async.py
[2022-12-14T17:48:49.834+0000] {processor.py:756} INFO - Processing file /home/airflow/.local/lib/python3.7/site-packages/airflow/example_dags/example_time_delta_sensor_async.py for tasks to queue
[2022-12-14T17:48:49.835+0000] {logging_mixin.py:137} INFO - [2022-12-14T17:48:49.834+0000] {dagbag.py:537} INFO - Filling up the DagBag from /home/airflow/.local/lib/python3.7/site-packages/airflow/example_dags/example_time_delta_sensor_async.py
[2022-12-14T17:48:49.855+0000] {processor.py:766} INFO - DAG(s) dict_keys(['example_time_delta_sensor_async']) retrieved from /home/airflow/.local/lib/python3.7/site-packages/airflow/example_dags/example_time_delta_sensor_async.py
[2022-12-14T17:48:50.421+0000] {logging_mixin.py:137} INFO - [2022-12-14T17:48:50.421+0000] {dag.py:2585} INFO - Sync 1 DAGs
[2022-12-14T17:48:50.469+0000] {logging_mixin.py:137} INFO - [2022-12-14T17:48:50.469+0000] {dag.py:3340} INFO - Setting next_dagrun for example_time_delta_sensor_async to None, run_after=None
[2022-12-14T17:48:50.499+0000] {processor.py:176} INFO - Processing /home/airflow/.local/lib/python3.7/site-packages/airflow/example_dags/example_time_delta_sensor_async.py took 0.671 seconds
[2022-12-14T17:49:20.781+0000] {processor.py:154} INFO - Started process (PID=915) to work on /home/airflow/.local/lib/python3.7/site-packages/airflow/example_dags/example_time_delta_sensor_async.py
[2022-12-14T17:49:20.786+0000] {processor.py:756} INFO - Processing file /home/airflow/.local/lib/python3.7/site-packages/airflow/example_dags/example_time_delta_sensor_async.py for tasks to queue
[2022-12-14T17:49:20.788+0000] {logging_mixin.py:137} INFO - [2022-12-14T17:49:20.787+0000] {dagbag.py:537} INFO - Filling up the DagBag from /home/airflow/.local/lib/python3.7/site-packages/airflow/example_dags/example_time_delta_sensor_async.py
[2022-12-14T17:49:20.813+0000] {processor.py:766} INFO - DAG(s) dict_keys(['example_time_delta_sensor_async']) retrieved from /home/airflow/.local/lib/python3.7/site-packages/airflow/example_dags/example_time_delta_sensor_async.py
[2022-12-14T17:49:21.321+0000] {logging_mixin.py:137} INFO - [2022-12-14T17:49:21.321+0000] {dag.py:2585} INFO - Sync 1 DAGs
[2022-12-14T17:49:21.374+0000] {logging_mixin.py:137} INFO - [2022-12-14T17:49:21.373+0000] {dag.py:3340} INFO - Setting next_dagrun for example_time_delta_sensor_async to None, run_after=None
[2022-12-14T17:49:21.405+0000] {processor.py:176} INFO - Processing /home/airflow/.local/lib/python3.7/site-packages/airflow/example_dags/example_time_delta_sensor_async.py took 0.629 seconds
[2022-12-14T17:49:51.481+0000] {processor.py:154} INFO - Started process (PID=979) to work on /home/airflow/.local/lib/python3.7/site-packages/airflow/example_dags/example_time_delta_sensor_async.py
[2022-12-14T17:49:51.495+0000] {processor.py:756} INFO - Processing file /home/airflow/.local/lib/python3.7/site-packages/airflow/example_dags/example_time_delta_sensor_async.py for tasks to queue
[2022-12-14T17:49:51.497+0000] {logging_mixin.py:137} INFO - [2022-12-14T17:49:51.497+0000] {dagbag.py:537} INFO - Filling up the DagBag from /home/airflow/.local/lib/python3.7/site-packages/airflow/example_dags/example_time_delta_sensor_async.py
[2022-12-14T17:49:51.618+0000] {processor.py:766} INFO - DAG(s) dict_keys(['example_time_delta_sensor_async']) retrieved from /home/airflow/.local/lib/python3.7/site-packages/airflow/example_dags/example_time_delta_sensor_async.py
[2022-12-14T17:49:52.337+0000] {logging_mixin.py:137} INFO - [2022-12-14T17:49:52.337+0000] {dag.py:2585} INFO - Sync 1 DAGs
[2022-12-14T17:49:52.516+0000] {logging_mixin.py:137} INFO - [2022-12-14T17:49:52.516+0000] {dag.py:3340} INFO - Setting next_dagrun for example_time_delta_sensor_async to None, run_after=None
[2022-12-14T17:49:52.616+0000] {processor.py:176} INFO - Processing /home/airflow/.local/lib/python3.7/site-packages/airflow/example_dags/example_time_delta_sensor_async.py took 1.162 seconds
[2022-12-14T17:50:22.779+0000] {processor.py:154} INFO - Started process (PID=1034) to work on /home/airflow/.local/lib/python3.7/site-packages/airflow/example_dags/example_time_delta_sensor_async.py
[2022-12-14T17:50:22.781+0000] {processor.py:756} INFO - Processing file /home/airflow/.local/lib/python3.7/site-packages/airflow/example_dags/example_time_delta_sensor_async.py for tasks to queue
[2022-12-14T17:50:22.782+0000] {logging_mixin.py:137} INFO - [2022-12-14T17:50:22.782+0000] {dagbag.py:537} INFO - Filling up the DagBag from /home/airflow/.local/lib/python3.7/site-packages/airflow/example_dags/example_time_delta_sensor_async.py
[2022-12-14T17:50:22.812+0000] {processor.py:766} INFO - DAG(s) dict_keys(['example_time_delta_sensor_async']) retrieved from /home/airflow/.local/lib/python3.7/site-packages/airflow/example_dags/example_time_delta_sensor_async.py
[2022-12-14T17:50:23.382+0000] {logging_mixin.py:137} INFO - [2022-12-14T17:50:23.382+0000] {dag.py:2585} INFO - Sync 1 DAGs
[2022-12-14T17:50:23.433+0000] {logging_mixin.py:137} INFO - [2022-12-14T17:50:23.433+0000] {dag.py:3340} INFO - Setting next_dagrun for example_time_delta_sensor_async to None, run_after=None
[2022-12-14T17:50:23.462+0000] {processor.py:176} INFO - Processing /home/airflow/.local/lib/python3.7/site-packages/airflow/example_dags/example_time_delta_sensor_async.py took 0.695 seconds
[2022-12-14T17:50:53.984+0000] {processor.py:154} INFO - Started process (PID=1089) to work on /home/airflow/.local/lib/python3.7/site-packages/airflow/example_dags/example_time_delta_sensor_async.py
[2022-12-14T17:50:53.985+0000] {processor.py:756} INFO - Processing file /home/airflow/.local/lib/python3.7/site-packages/airflow/example_dags/example_time_delta_sensor_async.py for tasks to queue
[2022-12-14T17:50:53.985+0000] {logging_mixin.py:137} INFO - [2022-12-14T17:50:53.985+0000] {dagbag.py:537} INFO - Filling up the DagBag from /home/airflow/.local/lib/python3.7/site-packages/airflow/example_dags/example_time_delta_sensor_async.py
[2022-12-14T17:50:54.001+0000] {processor.py:766} INFO - DAG(s) dict_keys(['example_time_delta_sensor_async']) retrieved from /home/airflow/.local/lib/python3.7/site-packages/airflow/example_dags/example_time_delta_sensor_async.py
[2022-12-14T17:50:54.503+0000] {logging_mixin.py:137} INFO - [2022-12-14T17:50:54.502+0000] {dag.py:2585} INFO - Sync 1 DAGs
[2022-12-14T17:50:54.574+0000] {logging_mixin.py:137} INFO - [2022-12-14T17:50:54.574+0000] {dag.py:3340} INFO - Setting next_dagrun for example_time_delta_sensor_async to None, run_after=None
[2022-12-14T17:50:54.610+0000] {processor.py:176} INFO - Processing /home/airflow/.local/lib/python3.7/site-packages/airflow/example_dags/example_time_delta_sensor_async.py took 0.631 seconds
[2022-12-14T17:51:24.711+0000] {processor.py:154} INFO - Started process (PID=1145) to work on /home/airflow/.local/lib/python3.7/site-packages/airflow/example_dags/example_time_delta_sensor_async.py
[2022-12-14T17:51:24.728+0000] {processor.py:756} INFO - Processing file /home/airflow/.local/lib/python3.7/site-packages/airflow/example_dags/example_time_delta_sensor_async.py for tasks to queue
[2022-12-14T17:51:24.732+0000] {logging_mixin.py:137} INFO - [2022-12-14T17:51:24.731+0000] {dagbag.py:537} INFO - Filling up the DagBag from /home/airflow/.local/lib/python3.7/site-packages/airflow/example_dags/example_time_delta_sensor_async.py
[2022-12-14T17:51:24.782+0000] {processor.py:766} INFO - DAG(s) dict_keys(['example_time_delta_sensor_async']) retrieved from /home/airflow/.local/lib/python3.7/site-packages/airflow/example_dags/example_time_delta_sensor_async.py
[2022-12-14T17:51:25.760+0000] {logging_mixin.py:137} INFO - [2022-12-14T17:51:25.759+0000] {dag.py:2585} INFO - Sync 1 DAGs
[2022-12-14T17:51:25.864+0000] {logging_mixin.py:137} INFO - [2022-12-14T17:51:25.864+0000] {dag.py:3340} INFO - Setting next_dagrun for example_time_delta_sensor_async to None, run_after=None
[2022-12-14T17:51:25.957+0000] {processor.py:176} INFO - Processing /home/airflow/.local/lib/python3.7/site-packages/airflow/example_dags/example_time_delta_sensor_async.py took 1.254 seconds
[2022-12-14T17:51:56.061+0000] {processor.py:154} INFO - Started process (PID=1208) to work on /home/airflow/.local/lib/python3.7/site-packages/airflow/example_dags/example_time_delta_sensor_async.py
[2022-12-14T17:51:56.063+0000] {processor.py:756} INFO - Processing file /home/airflow/.local/lib/python3.7/site-packages/airflow/example_dags/example_time_delta_sensor_async.py for tasks to queue
[2022-12-14T17:51:56.065+0000] {logging_mixin.py:137} INFO - [2022-12-14T17:51:56.064+0000] {dagbag.py:537} INFO - Filling up the DagBag from /home/airflow/.local/lib/python3.7/site-packages/airflow/example_dags/example_time_delta_sensor_async.py
[2022-12-14T17:51:56.184+0000] {processor.py:766} INFO - DAG(s) dict_keys(['example_time_delta_sensor_async']) retrieved from /home/airflow/.local/lib/python3.7/site-packages/airflow/example_dags/example_time_delta_sensor_async.py
[2022-12-14T17:51:57.840+0000] {logging_mixin.py:137} INFO - [2022-12-14T17:51:57.839+0000] {dag.py:2585} INFO - Sync 1 DAGs
[2022-12-14T17:51:58.090+0000] {logging_mixin.py:137} INFO - [2022-12-14T17:51:58.082+0000] {dag.py:3340} INFO - Setting next_dagrun for example_time_delta_sensor_async to None, run_after=None
[2022-12-14T17:51:58.215+0000] {processor.py:176} INFO - Processing /home/airflow/.local/lib/python3.7/site-packages/airflow/example_dags/example_time_delta_sensor_async.py took 2.191 seconds
[2022-12-14T17:52:28.580+0000] {processor.py:154} INFO - Started process (PID=1263) to work on /home/airflow/.local/lib/python3.7/site-packages/airflow/example_dags/example_time_delta_sensor_async.py
[2022-12-14T17:52:28.582+0000] {processor.py:756} INFO - Processing file /home/airflow/.local/lib/python3.7/site-packages/airflow/example_dags/example_time_delta_sensor_async.py for tasks to queue
[2022-12-14T17:52:28.583+0000] {logging_mixin.py:137} INFO - [2022-12-14T17:52:28.583+0000] {dagbag.py:537} INFO - Filling up the DagBag from /home/airflow/.local/lib/python3.7/site-packages/airflow/example_dags/example_time_delta_sensor_async.py
[2022-12-14T17:52:28.760+0000] {processor.py:766} INFO - DAG(s) dict_keys(['example_time_delta_sensor_async']) retrieved from /home/airflow/.local/lib/python3.7/site-packages/airflow/example_dags/example_time_delta_sensor_async.py
[2022-12-14T17:52:30.973+0000] {logging_mixin.py:137} INFO - [2022-12-14T17:52:30.972+0000] {dag.py:2585} INFO - Sync 1 DAGs
[2022-12-14T17:52:31.144+0000] {logging_mixin.py:137} INFO - [2022-12-14T17:52:31.142+0000] {dag.py:3340} INFO - Setting next_dagrun for example_time_delta_sensor_async to None, run_after=None
[2022-12-14T17:52:31.307+0000] {processor.py:176} INFO - Processing /home/airflow/.local/lib/python3.7/site-packages/airflow/example_dags/example_time_delta_sensor_async.py took 2.792 seconds
[2022-12-14T17:53:02.027+0000] {processor.py:154} INFO - Started process (PID=1318) to work on /home/airflow/.local/lib/python3.7/site-packages/airflow/example_dags/example_time_delta_sensor_async.py
[2022-12-14T17:53:02.029+0000] {processor.py:756} INFO - Processing file /home/airflow/.local/lib/python3.7/site-packages/airflow/example_dags/example_time_delta_sensor_async.py for tasks to queue
[2022-12-14T17:53:02.030+0000] {logging_mixin.py:137} INFO - [2022-12-14T17:53:02.030+0000] {dagbag.py:537} INFO - Filling up the DagBag from /home/airflow/.local/lib/python3.7/site-packages/airflow/example_dags/example_time_delta_sensor_async.py
[2022-12-14T17:53:02.051+0000] {processor.py:766} INFO - DAG(s) dict_keys(['example_time_delta_sensor_async']) retrieved from /home/airflow/.local/lib/python3.7/site-packages/airflow/example_dags/example_time_delta_sensor_async.py
[2022-12-14T17:53:02.603+0000] {logging_mixin.py:137} INFO - [2022-12-14T17:53:02.603+0000] {dag.py:2585} INFO - Sync 1 DAGs
[2022-12-14T17:53:02.663+0000] {logging_mixin.py:137} INFO - [2022-12-14T17:53:02.662+0000] {dag.py:3340} INFO - Setting next_dagrun for example_time_delta_sensor_async to None, run_after=None
[2022-12-14T17:53:02.712+0000] {processor.py:176} INFO - Processing /home/airflow/.local/lib/python3.7/site-packages/airflow/example_dags/example_time_delta_sensor_async.py took 0.690 seconds
[2022-12-14T17:53:32.834+0000] {processor.py:154} INFO - Started process (PID=1372) to work on /home/airflow/.local/lib/python3.7/site-packages/airflow/example_dags/example_time_delta_sensor_async.py
[2022-12-14T17:53:32.835+0000] {processor.py:756} INFO - Processing file /home/airflow/.local/lib/python3.7/site-packages/airflow/example_dags/example_time_delta_sensor_async.py for tasks to queue
[2022-12-14T17:53:32.836+0000] {logging_mixin.py:137} INFO - [2022-12-14T17:53:32.835+0000] {dagbag.py:537} INFO - Filling up the DagBag from /home/airflow/.local/lib/python3.7/site-packages/airflow/example_dags/example_time_delta_sensor_async.py
[2022-12-14T17:53:32.855+0000] {processor.py:766} INFO - DAG(s) dict_keys(['example_time_delta_sensor_async']) retrieved from /home/airflow/.local/lib/python3.7/site-packages/airflow/example_dags/example_time_delta_sensor_async.py
[2022-12-14T17:53:33.342+0000] {logging_mixin.py:137} INFO - [2022-12-14T17:53:33.342+0000] {dag.py:2585} INFO - Sync 1 DAGs
[2022-12-14T17:53:33.391+0000] {logging_mixin.py:137} INFO - [2022-12-14T17:53:33.391+0000] {dag.py:3340} INFO - Setting next_dagrun for example_time_delta_sensor_async to None, run_after=None
[2022-12-14T17:53:33.419+0000] {processor.py:176} INFO - Processing /home/airflow/.local/lib/python3.7/site-packages/airflow/example_dags/example_time_delta_sensor_async.py took 0.590 seconds
[2022-12-14T17:54:04.255+0000] {processor.py:154} INFO - Started process (PID=1427) to work on /home/airflow/.local/lib/python3.7/site-packages/airflow/example_dags/example_time_delta_sensor_async.py
[2022-12-14T17:54:04.256+0000] {processor.py:756} INFO - Processing file /home/airflow/.local/lib/python3.7/site-packages/airflow/example_dags/example_time_delta_sensor_async.py for tasks to queue
[2022-12-14T17:54:04.257+0000] {logging_mixin.py:137} INFO - [2022-12-14T17:54:04.257+0000] {dagbag.py:537} INFO - Filling up the DagBag from /home/airflow/.local/lib/python3.7/site-packages/airflow/example_dags/example_time_delta_sensor_async.py
[2022-12-14T17:54:04.277+0000] {processor.py:766} INFO - DAG(s) dict_keys(['example_time_delta_sensor_async']) retrieved from /home/airflow/.local/lib/python3.7/site-packages/airflow/example_dags/example_time_delta_sensor_async.py
[2022-12-14T17:54:04.766+0000] {logging_mixin.py:137} INFO - [2022-12-14T17:54:04.766+0000] {dag.py:2585} INFO - Sync 1 DAGs
[2022-12-14T17:54:04.821+0000] {logging_mixin.py:137} INFO - [2022-12-14T17:54:04.820+0000] {dag.py:3340} INFO - Setting next_dagrun for example_time_delta_sensor_async to None, run_after=None
[2022-12-14T17:54:04.893+0000] {processor.py:176} INFO - Processing /home/airflow/.local/lib/python3.7/site-packages/airflow/example_dags/example_time_delta_sensor_async.py took 0.645 seconds
[2022-12-14T17:54:35.464+0000] {processor.py:154} INFO - Started process (PID=1490) to work on /home/airflow/.local/lib/python3.7/site-packages/airflow/example_dags/example_time_delta_sensor_async.py
[2022-12-14T17:54:35.472+0000] {processor.py:756} INFO - Processing file /home/airflow/.local/lib/python3.7/site-packages/airflow/example_dags/example_time_delta_sensor_async.py for tasks to queue
[2022-12-14T17:54:35.473+0000] {logging_mixin.py:137} INFO - [2022-12-14T17:54:35.473+0000] {dagbag.py:537} INFO - Filling up the DagBag from /home/airflow/.local/lib/python3.7/site-packages/airflow/example_dags/example_time_delta_sensor_async.py
[2022-12-14T17:54:35.513+0000] {processor.py:766} INFO - DAG(s) dict_keys(['example_time_delta_sensor_async']) retrieved from /home/airflow/.local/lib/python3.7/site-packages/airflow/example_dags/example_time_delta_sensor_async.py
[2022-12-14T17:54:36.828+0000] {logging_mixin.py:137} INFO - [2022-12-14T17:54:36.828+0000] {dag.py:2585} INFO - Sync 1 DAGs
[2022-12-14T17:54:36.959+0000] {logging_mixin.py:137} INFO - [2022-12-14T17:54:36.959+0000] {dag.py:3340} INFO - Setting next_dagrun for example_time_delta_sensor_async to None, run_after=None
[2022-12-14T17:54:37.040+0000] {processor.py:176} INFO - Processing /home/airflow/.local/lib/python3.7/site-packages/airflow/example_dags/example_time_delta_sensor_async.py took 1.582 seconds
[2022-12-14T17:55:07.159+0000] {processor.py:154} INFO - Started process (PID=1544) to work on /home/airflow/.local/lib/python3.7/site-packages/airflow/example_dags/example_time_delta_sensor_async.py
[2022-12-14T17:55:07.160+0000] {processor.py:756} INFO - Processing file /home/airflow/.local/lib/python3.7/site-packages/airflow/example_dags/example_time_delta_sensor_async.py for tasks to queue
[2022-12-14T17:55:07.161+0000] {logging_mixin.py:137} INFO - [2022-12-14T17:55:07.161+0000] {dagbag.py:537} INFO - Filling up the DagBag from /home/airflow/.local/lib/python3.7/site-packages/airflow/example_dags/example_time_delta_sensor_async.py
[2022-12-14T17:55:07.179+0000] {processor.py:766} INFO - DAG(s) dict_keys(['example_time_delta_sensor_async']) retrieved from /home/airflow/.local/lib/python3.7/site-packages/airflow/example_dags/example_time_delta_sensor_async.py
[2022-12-14T17:55:07.742+0000] {logging_mixin.py:137} INFO - [2022-12-14T17:55:07.742+0000] {dag.py:2585} INFO - Sync 1 DAGs
[2022-12-14T17:55:07.793+0000] {logging_mixin.py:137} INFO - [2022-12-14T17:55:07.793+0000] {dag.py:3340} INFO - Setting next_dagrun for example_time_delta_sensor_async to None, run_after=None
[2022-12-14T17:55:07.837+0000] {processor.py:176} INFO - Processing /home/airflow/.local/lib/python3.7/site-packages/airflow/example_dags/example_time_delta_sensor_async.py took 0.682 seconds
[2022-12-14T17:55:38.054+0000] {processor.py:154} INFO - Started process (PID=1597) to work on /home/airflow/.local/lib/python3.7/site-packages/airflow/example_dags/example_time_delta_sensor_async.py
[2022-12-14T17:55:38.056+0000] {processor.py:756} INFO - Processing file /home/airflow/.local/lib/python3.7/site-packages/airflow/example_dags/example_time_delta_sensor_async.py for tasks to queue
[2022-12-14T17:55:38.057+0000] {logging_mixin.py:137} INFO - [2022-12-14T17:55:38.057+0000] {dagbag.py:537} INFO - Filling up the DagBag from /home/airflow/.local/lib/python3.7/site-packages/airflow/example_dags/example_time_delta_sensor_async.py
[2022-12-14T17:55:38.075+0000] {processor.py:766} INFO - DAG(s) dict_keys(['example_time_delta_sensor_async']) retrieved from /home/airflow/.local/lib/python3.7/site-packages/airflow/example_dags/example_time_delta_sensor_async.py
[2022-12-14T17:55:38.584+0000] {logging_mixin.py:137} INFO - [2022-12-14T17:55:38.583+0000] {dag.py:2585} INFO - Sync 1 DAGs
[2022-12-14T17:55:38.634+0000] {logging_mixin.py:137} INFO - [2022-12-14T17:55:38.633+0000] {dag.py:3340} INFO - Setting next_dagrun for example_time_delta_sensor_async to None, run_after=None
[2022-12-14T17:55:38.667+0000] {processor.py:176} INFO - Processing /home/airflow/.local/lib/python3.7/site-packages/airflow/example_dags/example_time_delta_sensor_async.py took 0.622 seconds
[2022-12-14T17:56:08.743+0000] {processor.py:154} INFO - Started process (PID=1650) to work on /home/airflow/.local/lib/python3.7/site-packages/airflow/example_dags/example_time_delta_sensor_async.py
[2022-12-14T17:56:08.744+0000] {processor.py:756} INFO - Processing file /home/airflow/.local/lib/python3.7/site-packages/airflow/example_dags/example_time_delta_sensor_async.py for tasks to queue
[2022-12-14T17:56:08.761+0000] {logging_mixin.py:137} INFO - [2022-12-14T17:56:08.745+0000] {dagbag.py:537} INFO - Filling up the DagBag from /home/airflow/.local/lib/python3.7/site-packages/airflow/example_dags/example_time_delta_sensor_async.py
[2022-12-14T17:56:08.779+0000] {processor.py:766} INFO - DAG(s) dict_keys(['example_time_delta_sensor_async']) retrieved from /home/airflow/.local/lib/python3.7/site-packages/airflow/example_dags/example_time_delta_sensor_async.py
[2022-12-14T17:56:09.434+0000] {logging_mixin.py:137} INFO - [2022-12-14T17:56:09.434+0000] {dag.py:2585} INFO - Sync 1 DAGs
[2022-12-14T17:56:09.524+0000] {logging_mixin.py:137} INFO - [2022-12-14T17:56:09.524+0000] {dag.py:3340} INFO - Setting next_dagrun for example_time_delta_sensor_async to None, run_after=None
[2022-12-14T17:56:09.629+0000] {processor.py:176} INFO - Processing /home/airflow/.local/lib/python3.7/site-packages/airflow/example_dags/example_time_delta_sensor_async.py took 0.892 seconds
[2022-12-14T18:00:12.293+0000] {processor.py:154} INFO - Started process (PID=107) to work on /home/airflow/.local/lib/python3.7/site-packages/airflow/example_dags/example_time_delta_sensor_async.py
[2022-12-14T18:00:12.299+0000] {processor.py:756} INFO - Processing file /home/airflow/.local/lib/python3.7/site-packages/airflow/example_dags/example_time_delta_sensor_async.py for tasks to queue
[2022-12-14T18:00:12.300+0000] {logging_mixin.py:137} INFO - [2022-12-14T18:00:12.300+0000] {dagbag.py:537} INFO - Filling up the DagBag from /home/airflow/.local/lib/python3.7/site-packages/airflow/example_dags/example_time_delta_sensor_async.py
[2022-12-14T18:00:12.354+0000] {processor.py:766} INFO - DAG(s) dict_keys(['example_time_delta_sensor_async']) retrieved from /home/airflow/.local/lib/python3.7/site-packages/airflow/example_dags/example_time_delta_sensor_async.py
[2022-12-14T18:00:13.625+0000] {logging_mixin.py:137} INFO - [2022-12-14T18:00:13.625+0000] {dag.py:2585} INFO - Sync 1 DAGs
[2022-12-14T18:00:13.735+0000] {logging_mixin.py:137} INFO - [2022-12-14T18:00:13.735+0000] {dag.py:3340} INFO - Setting next_dagrun for example_time_delta_sensor_async to None, run_after=None
[2022-12-14T18:00:13.804+0000] {processor.py:176} INFO - Processing /home/airflow/.local/lib/python3.7/site-packages/airflow/example_dags/example_time_delta_sensor_async.py took 1.520 seconds
[2022-12-14T18:00:44.699+0000] {processor.py:154} INFO - Started process (PID=162) to work on /home/airflow/.local/lib/python3.7/site-packages/airflow/example_dags/example_time_delta_sensor_async.py
[2022-12-14T18:00:44.701+0000] {processor.py:756} INFO - Processing file /home/airflow/.local/lib/python3.7/site-packages/airflow/example_dags/example_time_delta_sensor_async.py for tasks to queue
[2022-12-14T18:00:44.701+0000] {logging_mixin.py:137} INFO - [2022-12-14T18:00:44.701+0000] {dagbag.py:537} INFO - Filling up the DagBag from /home/airflow/.local/lib/python3.7/site-packages/airflow/example_dags/example_time_delta_sensor_async.py
[2022-12-14T18:00:44.725+0000] {processor.py:766} INFO - DAG(s) dict_keys(['example_time_delta_sensor_async']) retrieved from /home/airflow/.local/lib/python3.7/site-packages/airflow/example_dags/example_time_delta_sensor_async.py
[2022-12-14T18:00:45.434+0000] {logging_mixin.py:137} INFO - [2022-12-14T18:00:45.434+0000] {dag.py:2585} INFO - Sync 1 DAGs
[2022-12-14T18:00:45.495+0000] {logging_mixin.py:137} INFO - [2022-12-14T18:00:45.494+0000] {dag.py:3340} INFO - Setting next_dagrun for example_time_delta_sensor_async to None, run_after=None
[2022-12-14T18:00:45.531+0000] {processor.py:176} INFO - Processing /home/airflow/.local/lib/python3.7/site-packages/airflow/example_dags/example_time_delta_sensor_async.py took 0.836 seconds
[2022-12-14T18:01:16.163+0000] {processor.py:154} INFO - Started process (PID=228) to work on /home/airflow/.local/lib/python3.7/site-packages/airflow/example_dags/example_time_delta_sensor_async.py
[2022-12-14T18:01:16.164+0000] {processor.py:756} INFO - Processing file /home/airflow/.local/lib/python3.7/site-packages/airflow/example_dags/example_time_delta_sensor_async.py for tasks to queue
[2022-12-14T18:01:16.165+0000] {logging_mixin.py:137} INFO - [2022-12-14T18:01:16.164+0000] {dagbag.py:537} INFO - Filling up the DagBag from /home/airflow/.local/lib/python3.7/site-packages/airflow/example_dags/example_time_delta_sensor_async.py
[2022-12-14T18:01:16.185+0000] {processor.py:766} INFO - DAG(s) dict_keys(['example_time_delta_sensor_async']) retrieved from /home/airflow/.local/lib/python3.7/site-packages/airflow/example_dags/example_time_delta_sensor_async.py
[2022-12-14T18:01:16.715+0000] {logging_mixin.py:137} INFO - [2022-12-14T18:01:16.714+0000] {dag.py:2585} INFO - Sync 1 DAGs
[2022-12-14T18:01:16.772+0000] {logging_mixin.py:137} INFO - [2022-12-14T18:01:16.772+0000] {dag.py:3340} INFO - Setting next_dagrun for example_time_delta_sensor_async to None, run_after=None
[2022-12-14T18:01:16.859+0000] {processor.py:176} INFO - Processing /home/airflow/.local/lib/python3.7/site-packages/airflow/example_dags/example_time_delta_sensor_async.py took 0.701 seconds
[2022-12-14T18:01:47.579+0000] {processor.py:154} INFO - Started process (PID=283) to work on /home/airflow/.local/lib/python3.7/site-packages/airflow/example_dags/example_time_delta_sensor_async.py
[2022-12-14T18:01:47.655+0000] {processor.py:756} INFO - Processing file /home/airflow/.local/lib/python3.7/site-packages/airflow/example_dags/example_time_delta_sensor_async.py for tasks to queue
[2022-12-14T18:01:47.657+0000] {logging_mixin.py:137} INFO - [2022-12-14T18:01:47.657+0000] {dagbag.py:537} INFO - Filling up the DagBag from /home/airflow/.local/lib/python3.7/site-packages/airflow/example_dags/example_time_delta_sensor_async.py
[2022-12-14T18:01:47.675+0000] {processor.py:766} INFO - DAG(s) dict_keys(['example_time_delta_sensor_async']) retrieved from /home/airflow/.local/lib/python3.7/site-packages/airflow/example_dags/example_time_delta_sensor_async.py
[2022-12-14T18:01:48.235+0000] {logging_mixin.py:137} INFO - [2022-12-14T18:01:48.235+0000] {dag.py:2585} INFO - Sync 1 DAGs
[2022-12-14T18:01:48.341+0000] {logging_mixin.py:137} INFO - [2022-12-14T18:01:48.341+0000] {dag.py:3340} INFO - Setting next_dagrun for example_time_delta_sensor_async to None, run_after=None
[2022-12-14T18:01:48.388+0000] {processor.py:176} INFO - Processing /home/airflow/.local/lib/python3.7/site-packages/airflow/example_dags/example_time_delta_sensor_async.py took 0.813 seconds
[2022-12-14T18:02:18.957+0000] {processor.py:154} INFO - Started process (PID=344) to work on /home/airflow/.local/lib/python3.7/site-packages/airflow/example_dags/example_time_delta_sensor_async.py
[2022-12-14T18:02:18.958+0000] {processor.py:756} INFO - Processing file /home/airflow/.local/lib/python3.7/site-packages/airflow/example_dags/example_time_delta_sensor_async.py for tasks to queue
[2022-12-14T18:02:18.959+0000] {logging_mixin.py:137} INFO - [2022-12-14T18:02:18.959+0000] {dagbag.py:537} INFO - Filling up the DagBag from /home/airflow/.local/lib/python3.7/site-packages/airflow/example_dags/example_time_delta_sensor_async.py
[2022-12-14T18:02:18.981+0000] {processor.py:766} INFO - DAG(s) dict_keys(['example_time_delta_sensor_async']) retrieved from /home/airflow/.local/lib/python3.7/site-packages/airflow/example_dags/example_time_delta_sensor_async.py
[2022-12-14T18:02:19.566+0000] {logging_mixin.py:137} INFO - [2022-12-14T18:02:19.566+0000] {dag.py:2585} INFO - Sync 1 DAGs
[2022-12-14T18:02:19.628+0000] {logging_mixin.py:137} INFO - [2022-12-14T18:02:19.628+0000] {dag.py:3340} INFO - Setting next_dagrun for example_time_delta_sensor_async to None, run_after=None
[2022-12-14T18:02:19.667+0000] {processor.py:176} INFO - Processing /home/airflow/.local/lib/python3.7/site-packages/airflow/example_dags/example_time_delta_sensor_async.py took 0.717 seconds
[2022-12-14T18:02:50.285+0000] {processor.py:154} INFO - Started process (PID=400) to work on /home/airflow/.local/lib/python3.7/site-packages/airflow/example_dags/example_time_delta_sensor_async.py
[2022-12-14T18:02:50.383+0000] {processor.py:756} INFO - Processing file /home/airflow/.local/lib/python3.7/site-packages/airflow/example_dags/example_time_delta_sensor_async.py for tasks to queue
[2022-12-14T18:02:50.384+0000] {logging_mixin.py:137} INFO - [2022-12-14T18:02:50.384+0000] {dagbag.py:537} INFO - Filling up the DagBag from /home/airflow/.local/lib/python3.7/site-packages/airflow/example_dags/example_time_delta_sensor_async.py
[2022-12-14T18:02:50.408+0000] {processor.py:766} INFO - DAG(s) dict_keys(['example_time_delta_sensor_async']) retrieved from /home/airflow/.local/lib/python3.7/site-packages/airflow/example_dags/example_time_delta_sensor_async.py
[2022-12-14T18:02:50.911+0000] {logging_mixin.py:137} INFO - [2022-12-14T18:02:50.911+0000] {dag.py:2585} INFO - Sync 1 DAGs
[2022-12-14T18:02:50.971+0000] {logging_mixin.py:137} INFO - [2022-12-14T18:02:50.971+0000] {dag.py:3340} INFO - Setting next_dagrun for example_time_delta_sensor_async to None, run_after=None
[2022-12-14T18:02:51.005+0000] {processor.py:176} INFO - Processing /home/airflow/.local/lib/python3.7/site-packages/airflow/example_dags/example_time_delta_sensor_async.py took 0.725 seconds
[2022-12-14T18:03:21.752+0000] {processor.py:154} INFO - Started process (PID=453) to work on /home/airflow/.local/lib/python3.7/site-packages/airflow/example_dags/example_time_delta_sensor_async.py
[2022-12-14T18:03:21.754+0000] {processor.py:756} INFO - Processing file /home/airflow/.local/lib/python3.7/site-packages/airflow/example_dags/example_time_delta_sensor_async.py for tasks to queue
[2022-12-14T18:03:21.756+0000] {logging_mixin.py:137} INFO - [2022-12-14T18:03:21.755+0000] {dagbag.py:537} INFO - Filling up the DagBag from /home/airflow/.local/lib/python3.7/site-packages/airflow/example_dags/example_time_delta_sensor_async.py
[2022-12-14T18:03:21.797+0000] {processor.py:766} INFO - DAG(s) dict_keys(['example_time_delta_sensor_async']) retrieved from /home/airflow/.local/lib/python3.7/site-packages/airflow/example_dags/example_time_delta_sensor_async.py
[2022-12-14T18:03:22.964+0000] {logging_mixin.py:137} INFO - [2022-12-14T18:03:22.964+0000] {dag.py:2585} INFO - Sync 1 DAGs
[2022-12-14T18:03:23.132+0000] {logging_mixin.py:137} INFO - [2022-12-14T18:03:23.132+0000] {dag.py:3340} INFO - Setting next_dagrun for example_time_delta_sensor_async to None, run_after=None
[2022-12-14T18:03:23.203+0000] {processor.py:176} INFO - Processing /home/airflow/.local/lib/python3.7/site-packages/airflow/example_dags/example_time_delta_sensor_async.py took 1.461 seconds
[2022-12-14T18:03:53.602+0000] {processor.py:154} INFO - Started process (PID=516) to work on /home/airflow/.local/lib/python3.7/site-packages/airflow/example_dags/example_time_delta_sensor_async.py
[2022-12-14T18:03:53.603+0000] {processor.py:756} INFO - Processing file /home/airflow/.local/lib/python3.7/site-packages/airflow/example_dags/example_time_delta_sensor_async.py for tasks to queue
[2022-12-14T18:03:53.604+0000] {logging_mixin.py:137} INFO - [2022-12-14T18:03:53.604+0000] {dagbag.py:537} INFO - Filling up the DagBag from /home/airflow/.local/lib/python3.7/site-packages/airflow/example_dags/example_time_delta_sensor_async.py
[2022-12-14T18:03:53.625+0000] {processor.py:766} INFO - DAG(s) dict_keys(['example_time_delta_sensor_async']) retrieved from /home/airflow/.local/lib/python3.7/site-packages/airflow/example_dags/example_time_delta_sensor_async.py
[2022-12-14T18:03:54.243+0000] {logging_mixin.py:137} INFO - [2022-12-14T18:03:54.243+0000] {dag.py:2585} INFO - Sync 1 DAGs
[2022-12-14T18:03:54.298+0000] {logging_mixin.py:137} INFO - [2022-12-14T18:03:54.298+0000] {dag.py:3340} INFO - Setting next_dagrun for example_time_delta_sensor_async to None, run_after=None
[2022-12-14T18:03:54.330+0000] {processor.py:176} INFO - Processing /home/airflow/.local/lib/python3.7/site-packages/airflow/example_dags/example_time_delta_sensor_async.py took 0.733 seconds
[2022-12-14T18:04:24.518+0000] {processor.py:154} INFO - Started process (PID=571) to work on /home/airflow/.local/lib/python3.7/site-packages/airflow/example_dags/example_time_delta_sensor_async.py
[2022-12-14T18:04:24.519+0000] {processor.py:756} INFO - Processing file /home/airflow/.local/lib/python3.7/site-packages/airflow/example_dags/example_time_delta_sensor_async.py for tasks to queue
[2022-12-14T18:04:24.519+0000] {logging_mixin.py:137} INFO - [2022-12-14T18:04:24.519+0000] {dagbag.py:537} INFO - Filling up the DagBag from /home/airflow/.local/lib/python3.7/site-packages/airflow/example_dags/example_time_delta_sensor_async.py
[2022-12-14T18:04:24.539+0000] {processor.py:766} INFO - DAG(s) dict_keys(['example_time_delta_sensor_async']) retrieved from /home/airflow/.local/lib/python3.7/site-packages/airflow/example_dags/example_time_delta_sensor_async.py
[2022-12-14T18:04:25.118+0000] {logging_mixin.py:137} INFO - [2022-12-14T18:04:25.118+0000] {dag.py:2585} INFO - Sync 1 DAGs
[2022-12-14T18:04:25.173+0000] {logging_mixin.py:137} INFO - [2022-12-14T18:04:25.173+0000] {dag.py:3340} INFO - Setting next_dagrun for example_time_delta_sensor_async to None, run_after=None
[2022-12-14T18:04:25.205+0000] {processor.py:176} INFO - Processing /home/airflow/.local/lib/python3.7/site-packages/airflow/example_dags/example_time_delta_sensor_async.py took 0.691 seconds
[2022-12-14T18:04:56.011+0000] {processor.py:154} INFO - Started process (PID=626) to work on /home/airflow/.local/lib/python3.7/site-packages/airflow/example_dags/example_time_delta_sensor_async.py
[2022-12-14T18:04:56.013+0000] {processor.py:756} INFO - Processing file /home/airflow/.local/lib/python3.7/site-packages/airflow/example_dags/example_time_delta_sensor_async.py for tasks to queue
[2022-12-14T18:04:56.014+0000] {logging_mixin.py:137} INFO - [2022-12-14T18:04:56.013+0000] {dagbag.py:537} INFO - Filling up the DagBag from /home/airflow/.local/lib/python3.7/site-packages/airflow/example_dags/example_time_delta_sensor_async.py
[2022-12-14T18:04:56.032+0000] {processor.py:766} INFO - DAG(s) dict_keys(['example_time_delta_sensor_async']) retrieved from /home/airflow/.local/lib/python3.7/site-packages/airflow/example_dags/example_time_delta_sensor_async.py
[2022-12-14T18:04:56.655+0000] {logging_mixin.py:137} INFO - [2022-12-14T18:04:56.655+0000] {dag.py:2585} INFO - Sync 1 DAGs
[2022-12-14T18:04:56.716+0000] {logging_mixin.py:137} INFO - [2022-12-14T18:04:56.715+0000] {dag.py:3340} INFO - Setting next_dagrun for example_time_delta_sensor_async to None, run_after=None
[2022-12-14T18:04:56.758+0000] {processor.py:176} INFO - Processing /home/airflow/.local/lib/python3.7/site-packages/airflow/example_dags/example_time_delta_sensor_async.py took 0.754 seconds
[2022-12-14T18:05:26.818+0000] {processor.py:154} INFO - Started process (PID=690) to work on /home/airflow/.local/lib/python3.7/site-packages/airflow/example_dags/example_time_delta_sensor_async.py
[2022-12-14T18:05:26.819+0000] {processor.py:756} INFO - Processing file /home/airflow/.local/lib/python3.7/site-packages/airflow/example_dags/example_time_delta_sensor_async.py for tasks to queue
[2022-12-14T18:05:26.820+0000] {logging_mixin.py:137} INFO - [2022-12-14T18:05:26.820+0000] {dagbag.py:537} INFO - Filling up the DagBag from /home/airflow/.local/lib/python3.7/site-packages/airflow/example_dags/example_time_delta_sensor_async.py
[2022-12-14T18:05:26.841+0000] {processor.py:766} INFO - DAG(s) dict_keys(['example_time_delta_sensor_async']) retrieved from /home/airflow/.local/lib/python3.7/site-packages/airflow/example_dags/example_time_delta_sensor_async.py
[2022-12-14T18:05:27.580+0000] {logging_mixin.py:137} INFO - [2022-12-14T18:05:27.579+0000] {dag.py:2585} INFO - Sync 1 DAGs
[2022-12-14T18:05:27.638+0000] {logging_mixin.py:137} INFO - [2022-12-14T18:05:27.638+0000] {dag.py:3340} INFO - Setting next_dagrun for example_time_delta_sensor_async to None, run_after=None
[2022-12-14T18:05:27.684+0000] {processor.py:176} INFO - Processing /home/airflow/.local/lib/python3.7/site-packages/airflow/example_dags/example_time_delta_sensor_async.py took 0.872 seconds
[2022-12-14T18:05:58.006+0000] {processor.py:154} INFO - Started process (PID=745) to work on /home/airflow/.local/lib/python3.7/site-packages/airflow/example_dags/example_time_delta_sensor_async.py
[2022-12-14T18:05:58.007+0000] {processor.py:756} INFO - Processing file /home/airflow/.local/lib/python3.7/site-packages/airflow/example_dags/example_time_delta_sensor_async.py for tasks to queue
[2022-12-14T18:05:58.008+0000] {logging_mixin.py:137} INFO - [2022-12-14T18:05:58.008+0000] {dagbag.py:537} INFO - Filling up the DagBag from /home/airflow/.local/lib/python3.7/site-packages/airflow/example_dags/example_time_delta_sensor_async.py
[2022-12-14T18:05:58.029+0000] {processor.py:766} INFO - DAG(s) dict_keys(['example_time_delta_sensor_async']) retrieved from /home/airflow/.local/lib/python3.7/site-packages/airflow/example_dags/example_time_delta_sensor_async.py
[2022-12-14T18:05:58.774+0000] {logging_mixin.py:137} INFO - [2022-12-14T18:05:58.774+0000] {dag.py:2585} INFO - Sync 1 DAGs
[2022-12-14T18:05:58.843+0000] {logging_mixin.py:137} INFO - [2022-12-14T18:05:58.843+0000] {dag.py:3340} INFO - Setting next_dagrun for example_time_delta_sensor_async to None, run_after=None
[2022-12-14T18:05:58.896+0000] {processor.py:176} INFO - Processing /home/airflow/.local/lib/python3.7/site-packages/airflow/example_dags/example_time_delta_sensor_async.py took 0.895 seconds
[2022-12-14T18:06:29.757+0000] {processor.py:154} INFO - Started process (PID=809) to work on /home/airflow/.local/lib/python3.7/site-packages/airflow/example_dags/example_time_delta_sensor_async.py
[2022-12-14T18:06:29.758+0000] {processor.py:756} INFO - Processing file /home/airflow/.local/lib/python3.7/site-packages/airflow/example_dags/example_time_delta_sensor_async.py for tasks to queue
[2022-12-14T18:06:29.760+0000] {logging_mixin.py:137} INFO - [2022-12-14T18:06:29.759+0000] {dagbag.py:537} INFO - Filling up the DagBag from /home/airflow/.local/lib/python3.7/site-packages/airflow/example_dags/example_time_delta_sensor_async.py
[2022-12-14T18:06:29.780+0000] {processor.py:766} INFO - DAG(s) dict_keys(['example_time_delta_sensor_async']) retrieved from /home/airflow/.local/lib/python3.7/site-packages/airflow/example_dags/example_time_delta_sensor_async.py
[2022-12-14T18:06:30.371+0000] {logging_mixin.py:137} INFO - [2022-12-14T18:06:30.368+0000] {dag.py:2585} INFO - Sync 1 DAGs
[2022-12-14T18:06:30.448+0000] {logging_mixin.py:137} INFO - [2022-12-14T18:06:30.448+0000] {dag.py:3340} INFO - Setting next_dagrun for example_time_delta_sensor_async to None, run_after=None
[2022-12-14T18:06:30.487+0000] {processor.py:176} INFO - Processing /home/airflow/.local/lib/python3.7/site-packages/airflow/example_dags/example_time_delta_sensor_async.py took 0.735 seconds
