[2022-12-14T17:42:07.887+0000] {processor.py:154} INFO - Started process (PID=102) to work on /home/airflow/.local/lib/python3.7/site-packages/airflow/example_dags/example_latest_only.py
[2022-12-14T17:42:07.888+0000] {processor.py:756} INFO - Processing file /home/airflow/.local/lib/python3.7/site-packages/airflow/example_dags/example_latest_only.py for tasks to queue
[2022-12-14T17:42:07.889+0000] {logging_mixin.py:137} INFO - [2022-12-14T17:42:07.889+0000] {dagbag.py:537} INFO - Filling up the DagBag from /home/airflow/.local/lib/python3.7/site-packages/airflow/example_dags/example_latest_only.py
[2022-12-14T17:42:07.913+0000] {processor.py:766} INFO - DAG(s) dict_keys(['latest_only']) retrieved from /home/airflow/.local/lib/python3.7/site-packages/airflow/example_dags/example_latest_only.py
[2022-12-14T17:42:07.979+0000] {logging_mixin.py:137} INFO - [2022-12-14T17:42:07.979+0000] {dag.py:2585} INFO - Sync 1 DAGs
[2022-12-14T17:42:08.039+0000] {logging_mixin.py:137} INFO - [2022-12-14T17:42:08.039+0000] {dag.py:3340} INFO - Setting next_dagrun for latest_only to 2022-12-14T13:42:08.038582+00:00, run_after=2022-12-14T17:42:08.038582+00:00
[2022-12-14T17:42:08.075+0000] {processor.py:176} INFO - Processing /home/airflow/.local/lib/python3.7/site-packages/airflow/example_dags/example_latest_only.py took 0.193 seconds
[2022-12-14T17:42:38.576+0000] {processor.py:154} INFO - Started process (PID=165) to work on /home/airflow/.local/lib/python3.7/site-packages/airflow/example_dags/example_latest_only.py
[2022-12-14T17:42:38.577+0000] {processor.py:756} INFO - Processing file /home/airflow/.local/lib/python3.7/site-packages/airflow/example_dags/example_latest_only.py for tasks to queue
[2022-12-14T17:42:38.578+0000] {logging_mixin.py:137} INFO - [2022-12-14T17:42:38.578+0000] {dagbag.py:537} INFO - Filling up the DagBag from /home/airflow/.local/lib/python3.7/site-packages/airflow/example_dags/example_latest_only.py
[2022-12-14T17:42:38.601+0000] {processor.py:766} INFO - DAG(s) dict_keys(['latest_only']) retrieved from /home/airflow/.local/lib/python3.7/site-packages/airflow/example_dags/example_latest_only.py
[2022-12-14T17:42:38.667+0000] {logging_mixin.py:137} INFO - [2022-12-14T17:42:38.667+0000] {dag.py:2585} INFO - Sync 1 DAGs
[2022-12-14T17:42:38.716+0000] {logging_mixin.py:137} INFO - [2022-12-14T17:42:38.715+0000] {dag.py:3340} INFO - Setting next_dagrun for latest_only to 2022-12-14T13:42:38.715627+00:00, run_after=2022-12-14T17:42:38.715627+00:00
[2022-12-14T17:42:38.761+0000] {processor.py:176} INFO - Processing /home/airflow/.local/lib/python3.7/site-packages/airflow/example_dags/example_latest_only.py took 0.189 seconds
[2022-12-14T17:43:09.202+0000] {processor.py:154} INFO - Started process (PID=219) to work on /home/airflow/.local/lib/python3.7/site-packages/airflow/example_dags/example_latest_only.py
[2022-12-14T17:43:09.203+0000] {processor.py:756} INFO - Processing file /home/airflow/.local/lib/python3.7/site-packages/airflow/example_dags/example_latest_only.py for tasks to queue
[2022-12-14T17:43:09.204+0000] {logging_mixin.py:137} INFO - [2022-12-14T17:43:09.204+0000] {dagbag.py:537} INFO - Filling up the DagBag from /home/airflow/.local/lib/python3.7/site-packages/airflow/example_dags/example_latest_only.py
[2022-12-14T17:43:09.227+0000] {processor.py:766} INFO - DAG(s) dict_keys(['latest_only']) retrieved from /home/airflow/.local/lib/python3.7/site-packages/airflow/example_dags/example_latest_only.py
[2022-12-14T17:43:09.315+0000] {logging_mixin.py:137} INFO - [2022-12-14T17:43:09.314+0000] {dag.py:2585} INFO - Sync 1 DAGs
[2022-12-14T17:43:09.382+0000] {logging_mixin.py:137} INFO - [2022-12-14T17:43:09.382+0000] {dag.py:3340} INFO - Setting next_dagrun for latest_only to 2022-12-14T13:43:09.382102+00:00, run_after=2022-12-14T17:43:09.382102+00:00
[2022-12-14T17:43:09.415+0000] {processor.py:176} INFO - Processing /home/airflow/.local/lib/python3.7/site-packages/airflow/example_dags/example_latest_only.py took 0.219 seconds
[2022-12-14T17:43:39.900+0000] {processor.py:154} INFO - Started process (PID=282) to work on /home/airflow/.local/lib/python3.7/site-packages/airflow/example_dags/example_latest_only.py
[2022-12-14T17:43:39.923+0000] {processor.py:756} INFO - Processing file /home/airflow/.local/lib/python3.7/site-packages/airflow/example_dags/example_latest_only.py for tasks to queue
[2022-12-14T17:43:39.924+0000] {logging_mixin.py:137} INFO - [2022-12-14T17:43:39.923+0000] {dagbag.py:537} INFO - Filling up the DagBag from /home/airflow/.local/lib/python3.7/site-packages/airflow/example_dags/example_latest_only.py
[2022-12-14T17:43:39.947+0000] {processor.py:766} INFO - DAG(s) dict_keys(['latest_only']) retrieved from /home/airflow/.local/lib/python3.7/site-packages/airflow/example_dags/example_latest_only.py
[2022-12-14T17:43:40.012+0000] {logging_mixin.py:137} INFO - [2022-12-14T17:43:40.012+0000] {dag.py:2585} INFO - Sync 1 DAGs
[2022-12-14T17:43:40.111+0000] {logging_mixin.py:137} INFO - [2022-12-14T17:43:40.111+0000] {dag.py:3340} INFO - Setting next_dagrun for latest_only to 2022-12-14T13:43:40.111364+00:00, run_after=2022-12-14T17:43:40.111364+00:00
[2022-12-14T17:43:40.175+0000] {processor.py:176} INFO - Processing /home/airflow/.local/lib/python3.7/site-packages/airflow/example_dags/example_latest_only.py took 0.280 seconds
[2022-12-14T17:44:10.737+0000] {processor.py:154} INFO - Started process (PID=339) to work on /home/airflow/.local/lib/python3.7/site-packages/airflow/example_dags/example_latest_only.py
[2022-12-14T17:44:10.737+0000] {processor.py:756} INFO - Processing file /home/airflow/.local/lib/python3.7/site-packages/airflow/example_dags/example_latest_only.py for tasks to queue
[2022-12-14T17:44:10.738+0000] {logging_mixin.py:137} INFO - [2022-12-14T17:44:10.738+0000] {dagbag.py:537} INFO - Filling up the DagBag from /home/airflow/.local/lib/python3.7/site-packages/airflow/example_dags/example_latest_only.py
[2022-12-14T17:44:10.758+0000] {processor.py:766} INFO - DAG(s) dict_keys(['latest_only']) retrieved from /home/airflow/.local/lib/python3.7/site-packages/airflow/example_dags/example_latest_only.py
[2022-12-14T17:44:10.816+0000] {logging_mixin.py:137} INFO - [2022-12-14T17:44:10.816+0000] {dag.py:2585} INFO - Sync 1 DAGs
[2022-12-14T17:44:10.859+0000] {logging_mixin.py:137} INFO - [2022-12-14T17:44:10.859+0000] {dag.py:3340} INFO - Setting next_dagrun for latest_only to 2022-12-14T13:44:10.859364+00:00, run_after=2022-12-14T17:44:10.859364+00:00
[2022-12-14T17:44:10.886+0000] {processor.py:176} INFO - Processing /home/airflow/.local/lib/python3.7/site-packages/airflow/example_dags/example_latest_only.py took 0.154 seconds
[2022-12-14T17:44:41.448+0000] {processor.py:154} INFO - Started process (PID=393) to work on /home/airflow/.local/lib/python3.7/site-packages/airflow/example_dags/example_latest_only.py
[2022-12-14T17:44:41.449+0000] {processor.py:756} INFO - Processing file /home/airflow/.local/lib/python3.7/site-packages/airflow/example_dags/example_latest_only.py for tasks to queue
[2022-12-14T17:44:41.450+0000] {logging_mixin.py:137} INFO - [2022-12-14T17:44:41.449+0000] {dagbag.py:537} INFO - Filling up the DagBag from /home/airflow/.local/lib/python3.7/site-packages/airflow/example_dags/example_latest_only.py
[2022-12-14T17:44:41.471+0000] {processor.py:766} INFO - DAG(s) dict_keys(['latest_only']) retrieved from /home/airflow/.local/lib/python3.7/site-packages/airflow/example_dags/example_latest_only.py
[2022-12-14T17:44:41.537+0000] {logging_mixin.py:137} INFO - [2022-12-14T17:44:41.537+0000] {dag.py:2585} INFO - Sync 1 DAGs
[2022-12-14T17:44:41.589+0000] {logging_mixin.py:137} INFO - [2022-12-14T17:44:41.589+0000] {dag.py:3340} INFO - Setting next_dagrun for latest_only to 2022-12-14T13:44:41.588701+00:00, run_after=2022-12-14T17:44:41.588701+00:00
[2022-12-14T17:44:41.621+0000] {processor.py:176} INFO - Processing /home/airflow/.local/lib/python3.7/site-packages/airflow/example_dags/example_latest_only.py took 0.178 seconds
[2022-12-14T17:45:12.861+0000] {processor.py:154} INFO - Started process (PID=456) to work on /home/airflow/.local/lib/python3.7/site-packages/airflow/example_dags/example_latest_only.py
[2022-12-14T17:45:12.862+0000] {processor.py:756} INFO - Processing file /home/airflow/.local/lib/python3.7/site-packages/airflow/example_dags/example_latest_only.py for tasks to queue
[2022-12-14T17:45:12.863+0000] {logging_mixin.py:137} INFO - [2022-12-14T17:45:12.862+0000] {dagbag.py:537} INFO - Filling up the DagBag from /home/airflow/.local/lib/python3.7/site-packages/airflow/example_dags/example_latest_only.py
[2022-12-14T17:45:12.884+0000] {processor.py:766} INFO - DAG(s) dict_keys(['latest_only']) retrieved from /home/airflow/.local/lib/python3.7/site-packages/airflow/example_dags/example_latest_only.py
[2022-12-14T17:45:12.953+0000] {logging_mixin.py:137} INFO - [2022-12-14T17:45:12.953+0000] {dag.py:2585} INFO - Sync 1 DAGs
[2022-12-14T17:45:13.000+0000] {logging_mixin.py:137} INFO - [2022-12-14T17:45:12.999+0000] {dag.py:3340} INFO - Setting next_dagrun for latest_only to 2022-12-14T13:45:12.999689+00:00, run_after=2022-12-14T17:45:12.999689+00:00
[2022-12-14T17:45:13.041+0000] {processor.py:176} INFO - Processing /home/airflow/.local/lib/python3.7/site-packages/airflow/example_dags/example_latest_only.py took 0.184 seconds
[2022-12-14T17:45:44.035+0000] {processor.py:154} INFO - Started process (PID=511) to work on /home/airflow/.local/lib/python3.7/site-packages/airflow/example_dags/example_latest_only.py
[2022-12-14T17:45:44.036+0000] {processor.py:756} INFO - Processing file /home/airflow/.local/lib/python3.7/site-packages/airflow/example_dags/example_latest_only.py for tasks to queue
[2022-12-14T17:45:44.037+0000] {logging_mixin.py:137} INFO - [2022-12-14T17:45:44.037+0000] {dagbag.py:537} INFO - Filling up the DagBag from /home/airflow/.local/lib/python3.7/site-packages/airflow/example_dags/example_latest_only.py
[2022-12-14T17:45:44.060+0000] {processor.py:766} INFO - DAG(s) dict_keys(['latest_only']) retrieved from /home/airflow/.local/lib/python3.7/site-packages/airflow/example_dags/example_latest_only.py
[2022-12-14T17:45:44.191+0000] {logging_mixin.py:137} INFO - [2022-12-14T17:45:44.190+0000] {dag.py:2585} INFO - Sync 1 DAGs
[2022-12-14T17:45:44.304+0000] {logging_mixin.py:137} INFO - [2022-12-14T17:45:44.304+0000] {dag.py:3340} INFO - Setting next_dagrun for latest_only to 2022-12-14T13:45:44.303735+00:00, run_after=2022-12-14T17:45:44.303735+00:00
[2022-12-14T17:45:44.377+0000] {processor.py:176} INFO - Processing /home/airflow/.local/lib/python3.7/site-packages/airflow/example_dags/example_latest_only.py took 0.347 seconds
[2022-12-14T17:46:14.797+0000] {processor.py:154} INFO - Started process (PID=574) to work on /home/airflow/.local/lib/python3.7/site-packages/airflow/example_dags/example_latest_only.py
[2022-12-14T17:46:14.798+0000] {processor.py:756} INFO - Processing file /home/airflow/.local/lib/python3.7/site-packages/airflow/example_dags/example_latest_only.py for tasks to queue
[2022-12-14T17:46:14.799+0000] {logging_mixin.py:137} INFO - [2022-12-14T17:46:14.799+0000] {dagbag.py:537} INFO - Filling up the DagBag from /home/airflow/.local/lib/python3.7/site-packages/airflow/example_dags/example_latest_only.py
[2022-12-14T17:46:14.820+0000] {processor.py:766} INFO - DAG(s) dict_keys(['latest_only']) retrieved from /home/airflow/.local/lib/python3.7/site-packages/airflow/example_dags/example_latest_only.py
[2022-12-14T17:46:14.879+0000] {logging_mixin.py:137} INFO - [2022-12-14T17:46:14.879+0000] {dag.py:2585} INFO - Sync 1 DAGs
[2022-12-14T17:46:14.928+0000] {logging_mixin.py:137} INFO - [2022-12-14T17:46:14.928+0000] {dag.py:3340} INFO - Setting next_dagrun for latest_only to 2022-12-14T13:46:14.928270+00:00, run_after=2022-12-14T17:46:14.928270+00:00
[2022-12-14T17:46:14.969+0000] {processor.py:176} INFO - Processing /home/airflow/.local/lib/python3.7/site-packages/airflow/example_dags/example_latest_only.py took 0.176 seconds
[2022-12-14T17:46:46.249+0000] {processor.py:154} INFO - Started process (PID=627) to work on /home/airflow/.local/lib/python3.7/site-packages/airflow/example_dags/example_latest_only.py
[2022-12-14T17:46:46.250+0000] {processor.py:756} INFO - Processing file /home/airflow/.local/lib/python3.7/site-packages/airflow/example_dags/example_latest_only.py for tasks to queue
[2022-12-14T17:46:46.251+0000] {logging_mixin.py:137} INFO - [2022-12-14T17:46:46.251+0000] {dagbag.py:537} INFO - Filling up the DagBag from /home/airflow/.local/lib/python3.7/site-packages/airflow/example_dags/example_latest_only.py
[2022-12-14T17:46:46.272+0000] {processor.py:766} INFO - DAG(s) dict_keys(['latest_only']) retrieved from /home/airflow/.local/lib/python3.7/site-packages/airflow/example_dags/example_latest_only.py
[2022-12-14T17:46:46.332+0000] {logging_mixin.py:137} INFO - [2022-12-14T17:46:46.332+0000] {dag.py:2585} INFO - Sync 1 DAGs
[2022-12-14T17:46:46.379+0000] {logging_mixin.py:137} INFO - [2022-12-14T17:46:46.379+0000] {dag.py:3340} INFO - Setting next_dagrun for latest_only to 2022-12-14T13:46:46.378765+00:00, run_after=2022-12-14T17:46:46.378765+00:00
[2022-12-14T17:46:46.410+0000] {processor.py:176} INFO - Processing /home/airflow/.local/lib/python3.7/site-packages/airflow/example_dags/example_latest_only.py took 0.165 seconds
[2022-12-14T17:47:17.531+0000] {processor.py:154} INFO - Started process (PID=689) to work on /home/airflow/.local/lib/python3.7/site-packages/airflow/example_dags/example_latest_only.py
[2022-12-14T17:47:17.532+0000] {processor.py:756} INFO - Processing file /home/airflow/.local/lib/python3.7/site-packages/airflow/example_dags/example_latest_only.py for tasks to queue
[2022-12-14T17:47:17.533+0000] {logging_mixin.py:137} INFO - [2022-12-14T17:47:17.533+0000] {dagbag.py:537} INFO - Filling up the DagBag from /home/airflow/.local/lib/python3.7/site-packages/airflow/example_dags/example_latest_only.py
[2022-12-14T17:47:17.561+0000] {processor.py:766} INFO - DAG(s) dict_keys(['latest_only']) retrieved from /home/airflow/.local/lib/python3.7/site-packages/airflow/example_dags/example_latest_only.py
[2022-12-14T17:47:17.623+0000] {logging_mixin.py:137} INFO - [2022-12-14T17:47:17.623+0000] {dag.py:2585} INFO - Sync 1 DAGs
[2022-12-14T17:47:17.674+0000] {logging_mixin.py:137} INFO - [2022-12-14T17:47:17.674+0000] {dag.py:3340} INFO - Setting next_dagrun for latest_only to 2022-12-14T13:47:17.674352+00:00, run_after=2022-12-14T17:47:17.674352+00:00
[2022-12-14T17:47:17.750+0000] {processor.py:176} INFO - Processing /home/airflow/.local/lib/python3.7/site-packages/airflow/example_dags/example_latest_only.py took 0.223 seconds
[2022-12-14T17:47:48.071+0000] {processor.py:154} INFO - Started process (PID=744) to work on /home/airflow/.local/lib/python3.7/site-packages/airflow/example_dags/example_latest_only.py
[2022-12-14T17:47:48.072+0000] {processor.py:756} INFO - Processing file /home/airflow/.local/lib/python3.7/site-packages/airflow/example_dags/example_latest_only.py for tasks to queue
[2022-12-14T17:47:48.073+0000] {logging_mixin.py:137} INFO - [2022-12-14T17:47:48.072+0000] {dagbag.py:537} INFO - Filling up the DagBag from /home/airflow/.local/lib/python3.7/site-packages/airflow/example_dags/example_latest_only.py
[2022-12-14T17:47:48.090+0000] {processor.py:766} INFO - DAG(s) dict_keys(['latest_only']) retrieved from /home/airflow/.local/lib/python3.7/site-packages/airflow/example_dags/example_latest_only.py
[2022-12-14T17:47:48.147+0000] {logging_mixin.py:137} INFO - [2022-12-14T17:47:48.147+0000] {dag.py:2585} INFO - Sync 1 DAGs
[2022-12-14T17:47:48.192+0000] {logging_mixin.py:137} INFO - [2022-12-14T17:47:48.192+0000] {dag.py:3340} INFO - Setting next_dagrun for latest_only to 2022-12-14T13:47:48.191830+00:00, run_after=2022-12-14T17:47:48.191830+00:00
[2022-12-14T17:47:48.224+0000] {processor.py:176} INFO - Processing /home/airflow/.local/lib/python3.7/site-packages/airflow/example_dags/example_latest_only.py took 0.157 seconds
[2022-12-14T17:48:18.473+0000] {processor.py:154} INFO - Started process (PID=797) to work on /home/airflow/.local/lib/python3.7/site-packages/airflow/example_dags/example_latest_only.py
[2022-12-14T17:48:18.474+0000] {processor.py:756} INFO - Processing file /home/airflow/.local/lib/python3.7/site-packages/airflow/example_dags/example_latest_only.py for tasks to queue
[2022-12-14T17:48:18.475+0000] {logging_mixin.py:137} INFO - [2022-12-14T17:48:18.475+0000] {dagbag.py:537} INFO - Filling up the DagBag from /home/airflow/.local/lib/python3.7/site-packages/airflow/example_dags/example_latest_only.py
[2022-12-14T17:48:18.501+0000] {processor.py:766} INFO - DAG(s) dict_keys(['latest_only']) retrieved from /home/airflow/.local/lib/python3.7/site-packages/airflow/example_dags/example_latest_only.py
[2022-12-14T17:48:18.568+0000] {logging_mixin.py:137} INFO - [2022-12-14T17:48:18.568+0000] {dag.py:2585} INFO - Sync 1 DAGs
[2022-12-14T17:48:18.629+0000] {logging_mixin.py:137} INFO - [2022-12-14T17:48:18.629+0000] {dag.py:3340} INFO - Setting next_dagrun for latest_only to 2022-12-14T13:48:18.629393+00:00, run_after=2022-12-14T17:48:18.629393+00:00
[2022-12-14T17:48:18.693+0000] {processor.py:176} INFO - Processing /home/airflow/.local/lib/python3.7/site-packages/airflow/example_dags/example_latest_only.py took 0.225 seconds
[2022-12-14T17:48:48.781+0000] {processor.py:154} INFO - Started process (PID=860) to work on /home/airflow/.local/lib/python3.7/site-packages/airflow/example_dags/example_latest_only.py
[2022-12-14T17:48:48.782+0000] {processor.py:756} INFO - Processing file /home/airflow/.local/lib/python3.7/site-packages/airflow/example_dags/example_latest_only.py for tasks to queue
[2022-12-14T17:48:48.783+0000] {logging_mixin.py:137} INFO - [2022-12-14T17:48:48.783+0000] {dagbag.py:537} INFO - Filling up the DagBag from /home/airflow/.local/lib/python3.7/site-packages/airflow/example_dags/example_latest_only.py
[2022-12-14T17:48:48.803+0000] {processor.py:766} INFO - DAG(s) dict_keys(['latest_only']) retrieved from /home/airflow/.local/lib/python3.7/site-packages/airflow/example_dags/example_latest_only.py
[2022-12-14T17:48:48.856+0000] {logging_mixin.py:137} INFO - [2022-12-14T17:48:48.856+0000] {dag.py:2585} INFO - Sync 1 DAGs
[2022-12-14T17:48:48.897+0000] {logging_mixin.py:137} INFO - [2022-12-14T17:48:48.897+0000] {dag.py:3340} INFO - Setting next_dagrun for latest_only to 2022-12-14T13:48:48.896990+00:00, run_after=2022-12-14T17:48:48.896990+00:00
[2022-12-14T17:48:48.925+0000] {processor.py:176} INFO - Processing /home/airflow/.local/lib/python3.7/site-packages/airflow/example_dags/example_latest_only.py took 0.150 seconds
[2022-12-14T17:49:19.744+0000] {processor.py:154} INFO - Started process (PID=914) to work on /home/airflow/.local/lib/python3.7/site-packages/airflow/example_dags/example_latest_only.py
[2022-12-14T17:49:19.745+0000] {processor.py:756} INFO - Processing file /home/airflow/.local/lib/python3.7/site-packages/airflow/example_dags/example_latest_only.py for tasks to queue
[2022-12-14T17:49:19.746+0000] {logging_mixin.py:137} INFO - [2022-12-14T17:49:19.745+0000] {dagbag.py:537} INFO - Filling up the DagBag from /home/airflow/.local/lib/python3.7/site-packages/airflow/example_dags/example_latest_only.py
[2022-12-14T17:49:19.766+0000] {processor.py:766} INFO - DAG(s) dict_keys(['latest_only']) retrieved from /home/airflow/.local/lib/python3.7/site-packages/airflow/example_dags/example_latest_only.py
[2022-12-14T17:49:19.835+0000] {logging_mixin.py:137} INFO - [2022-12-14T17:49:19.835+0000] {dag.py:2585} INFO - Sync 1 DAGs
[2022-12-14T17:49:19.896+0000] {logging_mixin.py:137} INFO - [2022-12-14T17:49:19.896+0000] {dag.py:3340} INFO - Setting next_dagrun for latest_only to 2022-12-14T13:49:19.895955+00:00, run_after=2022-12-14T17:49:19.895955+00:00
[2022-12-14T17:49:19.922+0000] {processor.py:176} INFO - Processing /home/airflow/.local/lib/python3.7/site-packages/airflow/example_dags/example_latest_only.py took 0.183 seconds
[2022-12-14T17:49:50.172+0000] {processor.py:154} INFO - Started process (PID=978) to work on /home/airflow/.local/lib/python3.7/site-packages/airflow/example_dags/example_latest_only.py
[2022-12-14T17:49:50.173+0000] {processor.py:756} INFO - Processing file /home/airflow/.local/lib/python3.7/site-packages/airflow/example_dags/example_latest_only.py for tasks to queue
[2022-12-14T17:49:50.174+0000] {logging_mixin.py:137} INFO - [2022-12-14T17:49:50.174+0000] {dagbag.py:537} INFO - Filling up the DagBag from /home/airflow/.local/lib/python3.7/site-packages/airflow/example_dags/example_latest_only.py
[2022-12-14T17:49:50.203+0000] {processor.py:766} INFO - DAG(s) dict_keys(['latest_only']) retrieved from /home/airflow/.local/lib/python3.7/site-packages/airflow/example_dags/example_latest_only.py
[2022-12-14T17:49:50.303+0000] {logging_mixin.py:137} INFO - [2022-12-14T17:49:50.303+0000] {dag.py:2585} INFO - Sync 1 DAGs
[2022-12-14T17:49:50.372+0000] {logging_mixin.py:137} INFO - [2022-12-14T17:49:50.372+0000] {dag.py:3340} INFO - Setting next_dagrun for latest_only to 2022-12-14T13:49:50.371987+00:00, run_after=2022-12-14T17:49:50.371987+00:00
[2022-12-14T17:49:50.422+0000] {processor.py:176} INFO - Processing /home/airflow/.local/lib/python3.7/site-packages/airflow/example_dags/example_latest_only.py took 0.256 seconds
[2022-12-14T17:50:20.448+0000] {processor.py:154} INFO - Started process (PID=1033) to work on /home/airflow/.local/lib/python3.7/site-packages/airflow/example_dags/example_latest_only.py
[2022-12-14T17:50:20.450+0000] {processor.py:756} INFO - Processing file /home/airflow/.local/lib/python3.7/site-packages/airflow/example_dags/example_latest_only.py for tasks to queue
[2022-12-14T17:50:20.451+0000] {logging_mixin.py:137} INFO - [2022-12-14T17:50:20.451+0000] {dagbag.py:537} INFO - Filling up the DagBag from /home/airflow/.local/lib/python3.7/site-packages/airflow/example_dags/example_latest_only.py
[2022-12-14T17:50:20.505+0000] {processor.py:766} INFO - DAG(s) dict_keys(['latest_only']) retrieved from /home/airflow/.local/lib/python3.7/site-packages/airflow/example_dags/example_latest_only.py
[2022-12-14T17:50:20.600+0000] {logging_mixin.py:137} INFO - [2022-12-14T17:50:20.599+0000] {dag.py:2585} INFO - Sync 1 DAGs
[2022-12-14T17:50:20.674+0000] {logging_mixin.py:137} INFO - [2022-12-14T17:50:20.674+0000] {dag.py:3340} INFO - Setting next_dagrun for latest_only to 2022-12-14T13:50:20.674120+00:00, run_after=2022-12-14T17:50:20.674120+00:00
[2022-12-14T17:50:20.711+0000] {processor.py:176} INFO - Processing /home/airflow/.local/lib/python3.7/site-packages/airflow/example_dags/example_latest_only.py took 0.269 seconds
[2022-12-14T17:50:50.965+0000] {processor.py:154} INFO - Started process (PID=1088) to work on /home/airflow/.local/lib/python3.7/site-packages/airflow/example_dags/example_latest_only.py
[2022-12-14T17:50:50.966+0000] {processor.py:756} INFO - Processing file /home/airflow/.local/lib/python3.7/site-packages/airflow/example_dags/example_latest_only.py for tasks to queue
[2022-12-14T17:50:50.967+0000] {logging_mixin.py:137} INFO - [2022-12-14T17:50:50.967+0000] {dagbag.py:537} INFO - Filling up the DagBag from /home/airflow/.local/lib/python3.7/site-packages/airflow/example_dags/example_latest_only.py
[2022-12-14T17:50:50.999+0000] {processor.py:766} INFO - DAG(s) dict_keys(['latest_only']) retrieved from /home/airflow/.local/lib/python3.7/site-packages/airflow/example_dags/example_latest_only.py
[2022-12-14T17:50:51.064+0000] {logging_mixin.py:137} INFO - [2022-12-14T17:50:51.064+0000] {dag.py:2585} INFO - Sync 1 DAGs
[2022-12-14T17:50:51.112+0000] {logging_mixin.py:137} INFO - [2022-12-14T17:50:51.112+0000] {dag.py:3340} INFO - Setting next_dagrun for latest_only to 2022-12-14T13:50:51.111844+00:00, run_after=2022-12-14T17:50:51.111844+00:00
[2022-12-14T17:50:51.137+0000] {processor.py:176} INFO - Processing /home/airflow/.local/lib/python3.7/site-packages/airflow/example_dags/example_latest_only.py took 0.179 seconds
[2022-12-14T17:51:21.443+0000] {processor.py:154} INFO - Started process (PID=1144) to work on /home/airflow/.local/lib/python3.7/site-packages/airflow/example_dags/example_latest_only.py
[2022-12-14T17:51:21.444+0000] {processor.py:756} INFO - Processing file /home/airflow/.local/lib/python3.7/site-packages/airflow/example_dags/example_latest_only.py for tasks to queue
[2022-12-14T17:51:21.445+0000] {logging_mixin.py:137} INFO - [2022-12-14T17:51:21.445+0000] {dagbag.py:537} INFO - Filling up the DagBag from /home/airflow/.local/lib/python3.7/site-packages/airflow/example_dags/example_latest_only.py
[2022-12-14T17:51:21.473+0000] {processor.py:766} INFO - DAG(s) dict_keys(['latest_only']) retrieved from /home/airflow/.local/lib/python3.7/site-packages/airflow/example_dags/example_latest_only.py
[2022-12-14T17:51:21.538+0000] {logging_mixin.py:137} INFO - [2022-12-14T17:51:21.538+0000] {dag.py:2585} INFO - Sync 1 DAGs
[2022-12-14T17:51:21.596+0000] {logging_mixin.py:137} INFO - [2022-12-14T17:51:21.596+0000] {dag.py:3340} INFO - Setting next_dagrun for latest_only to 2022-12-14T13:51:21.595758+00:00, run_after=2022-12-14T17:51:21.595758+00:00
[2022-12-14T17:51:21.629+0000] {processor.py:176} INFO - Processing /home/airflow/.local/lib/python3.7/site-packages/airflow/example_dags/example_latest_only.py took 0.191 seconds
[2022-12-14T17:51:52.632+0000] {processor.py:154} INFO - Started process (PID=1198) to work on /home/airflow/.local/lib/python3.7/site-packages/airflow/example_dags/example_latest_only.py
[2022-12-14T17:51:52.633+0000] {processor.py:756} INFO - Processing file /home/airflow/.local/lib/python3.7/site-packages/airflow/example_dags/example_latest_only.py for tasks to queue
[2022-12-14T17:51:52.634+0000] {logging_mixin.py:137} INFO - [2022-12-14T17:51:52.634+0000] {dagbag.py:537} INFO - Filling up the DagBag from /home/airflow/.local/lib/python3.7/site-packages/airflow/example_dags/example_latest_only.py
[2022-12-14T17:51:52.658+0000] {processor.py:766} INFO - DAG(s) dict_keys(['latest_only']) retrieved from /home/airflow/.local/lib/python3.7/site-packages/airflow/example_dags/example_latest_only.py
[2022-12-14T17:51:52.723+0000] {logging_mixin.py:137} INFO - [2022-12-14T17:51:52.723+0000] {dag.py:2585} INFO - Sync 1 DAGs
[2022-12-14T17:51:52.812+0000] {logging_mixin.py:137} INFO - [2022-12-14T17:51:52.812+0000] {dag.py:3340} INFO - Setting next_dagrun for latest_only to 2022-12-14T13:51:52.811965+00:00, run_after=2022-12-14T17:51:52.811965+00:00
[2022-12-14T17:51:52.851+0000] {processor.py:176} INFO - Processing /home/airflow/.local/lib/python3.7/site-packages/airflow/example_dags/example_latest_only.py took 0.224 seconds
[2022-12-14T17:52:23.299+0000] {processor.py:154} INFO - Started process (PID=1253) to work on /home/airflow/.local/lib/python3.7/site-packages/airflow/example_dags/example_latest_only.py
[2022-12-14T17:52:23.300+0000] {processor.py:756} INFO - Processing file /home/airflow/.local/lib/python3.7/site-packages/airflow/example_dags/example_latest_only.py for tasks to queue
[2022-12-14T17:52:23.302+0000] {logging_mixin.py:137} INFO - [2022-12-14T17:52:23.301+0000] {dagbag.py:537} INFO - Filling up the DagBag from /home/airflow/.local/lib/python3.7/site-packages/airflow/example_dags/example_latest_only.py
[2022-12-14T17:52:23.347+0000] {processor.py:766} INFO - DAG(s) dict_keys(['latest_only']) retrieved from /home/airflow/.local/lib/python3.7/site-packages/airflow/example_dags/example_latest_only.py
[2022-12-14T17:52:23.428+0000] {logging_mixin.py:137} INFO - [2022-12-14T17:52:23.427+0000] {dag.py:2585} INFO - Sync 1 DAGs
[2022-12-14T17:52:23.491+0000] {logging_mixin.py:137} INFO - [2022-12-14T17:52:23.491+0000] {dag.py:3340} INFO - Setting next_dagrun for latest_only to 2022-12-14T13:52:23.489873+00:00, run_after=2022-12-14T17:52:23.489873+00:00
[2022-12-14T17:52:23.543+0000] {processor.py:176} INFO - Processing /home/airflow/.local/lib/python3.7/site-packages/airflow/example_dags/example_latest_only.py took 0.250 seconds
[2022-12-14T17:52:54.565+0000] {processor.py:154} INFO - Started process (PID=1307) to work on /home/airflow/.local/lib/python3.7/site-packages/airflow/example_dags/example_latest_only.py
[2022-12-14T17:52:54.574+0000] {processor.py:756} INFO - Processing file /home/airflow/.local/lib/python3.7/site-packages/airflow/example_dags/example_latest_only.py for tasks to queue
[2022-12-14T17:52:54.581+0000] {logging_mixin.py:137} INFO - [2022-12-14T17:52:54.580+0000] {dagbag.py:537} INFO - Filling up the DagBag from /home/airflow/.local/lib/python3.7/site-packages/airflow/example_dags/example_latest_only.py
[2022-12-14T17:52:54.611+0000] {processor.py:766} INFO - DAG(s) dict_keys(['latest_only']) retrieved from /home/airflow/.local/lib/python3.7/site-packages/airflow/example_dags/example_latest_only.py
[2022-12-14T17:52:54.782+0000] {logging_mixin.py:137} INFO - [2022-12-14T17:52:54.781+0000] {dag.py:2585} INFO - Sync 1 DAGs
[2022-12-14T17:52:54.862+0000] {logging_mixin.py:137} INFO - [2022-12-14T17:52:54.861+0000] {dag.py:3340} INFO - Setting next_dagrun for latest_only to 2022-12-14T13:52:54.861109+00:00, run_after=2022-12-14T17:52:54.861109+00:00
[2022-12-14T17:52:54.908+0000] {processor.py:176} INFO - Processing /home/airflow/.local/lib/python3.7/site-packages/airflow/example_dags/example_latest_only.py took 0.384 seconds
[2022-12-14T17:53:27.190+0000] {processor.py:154} INFO - Started process (PID=1369) to work on /home/airflow/.local/lib/python3.7/site-packages/airflow/example_dags/example_latest_only.py
[2022-12-14T17:53:27.199+0000] {processor.py:756} INFO - Processing file /home/airflow/.local/lib/python3.7/site-packages/airflow/example_dags/example_latest_only.py for tasks to queue
[2022-12-14T17:53:27.200+0000] {logging_mixin.py:137} INFO - [2022-12-14T17:53:27.200+0000] {dagbag.py:537} INFO - Filling up the DagBag from /home/airflow/.local/lib/python3.7/site-packages/airflow/example_dags/example_latest_only.py
[2022-12-14T17:53:27.245+0000] {processor.py:766} INFO - DAG(s) dict_keys(['latest_only']) retrieved from /home/airflow/.local/lib/python3.7/site-packages/airflow/example_dags/example_latest_only.py
[2022-12-14T17:53:27.377+0000] {logging_mixin.py:137} INFO - [2022-12-14T17:53:27.376+0000] {dag.py:2585} INFO - Sync 1 DAGs
[2022-12-14T17:53:27.437+0000] {logging_mixin.py:137} INFO - [2022-12-14T17:53:27.437+0000] {dag.py:3340} INFO - Setting next_dagrun for latest_only to 2022-12-14T13:53:27.437131+00:00, run_after=2022-12-14T17:53:27.437131+00:00
[2022-12-14T17:53:27.487+0000] {processor.py:176} INFO - Processing /home/airflow/.local/lib/python3.7/site-packages/airflow/example_dags/example_latest_only.py took 0.311 seconds
[2022-12-14T17:53:57.885+0000] {processor.py:154} INFO - Started process (PID=1424) to work on /home/airflow/.local/lib/python3.7/site-packages/airflow/example_dags/example_latest_only.py
[2022-12-14T17:53:57.886+0000] {processor.py:756} INFO - Processing file /home/airflow/.local/lib/python3.7/site-packages/airflow/example_dags/example_latest_only.py for tasks to queue
[2022-12-14T17:53:57.887+0000] {logging_mixin.py:137} INFO - [2022-12-14T17:53:57.887+0000] {dagbag.py:537} INFO - Filling up the DagBag from /home/airflow/.local/lib/python3.7/site-packages/airflow/example_dags/example_latest_only.py
[2022-12-14T17:53:57.911+0000] {processor.py:766} INFO - DAG(s) dict_keys(['latest_only']) retrieved from /home/airflow/.local/lib/python3.7/site-packages/airflow/example_dags/example_latest_only.py
[2022-12-14T17:53:57.984+0000] {logging_mixin.py:137} INFO - [2022-12-14T17:53:57.984+0000] {dag.py:2585} INFO - Sync 1 DAGs
[2022-12-14T17:53:58.044+0000] {logging_mixin.py:137} INFO - [2022-12-14T17:53:58.044+0000] {dag.py:3340} INFO - Setting next_dagrun for latest_only to 2022-12-14T13:53:58.043318+00:00, run_after=2022-12-14T17:53:58.043318+00:00
[2022-12-14T17:53:58.087+0000] {processor.py:176} INFO - Processing /home/airflow/.local/lib/python3.7/site-packages/airflow/example_dags/example_latest_only.py took 0.207 seconds
[2022-12-14T17:54:28.819+0000] {processor.py:154} INFO - Started process (PID=1478) to work on /home/airflow/.local/lib/python3.7/site-packages/airflow/example_dags/example_latest_only.py
[2022-12-14T17:54:28.821+0000] {processor.py:756} INFO - Processing file /home/airflow/.local/lib/python3.7/site-packages/airflow/example_dags/example_latest_only.py for tasks to queue
[2022-12-14T17:54:28.823+0000] {logging_mixin.py:137} INFO - [2022-12-14T17:54:28.822+0000] {dagbag.py:537} INFO - Filling up the DagBag from /home/airflow/.local/lib/python3.7/site-packages/airflow/example_dags/example_latest_only.py
[2022-12-14T17:54:28.867+0000] {processor.py:766} INFO - DAG(s) dict_keys(['latest_only']) retrieved from /home/airflow/.local/lib/python3.7/site-packages/airflow/example_dags/example_latest_only.py
[2022-12-14T17:54:28.965+0000] {logging_mixin.py:137} INFO - [2022-12-14T17:54:28.964+0000] {dag.py:2585} INFO - Sync 1 DAGs
[2022-12-14T17:54:29.048+0000] {logging_mixin.py:137} INFO - [2022-12-14T17:54:29.047+0000] {dag.py:3340} INFO - Setting next_dagrun for latest_only to 2022-12-14T13:54:29.047295+00:00, run_after=2022-12-14T17:54:29.047295+00:00
[2022-12-14T17:54:29.100+0000] {processor.py:176} INFO - Processing /home/airflow/.local/lib/python3.7/site-packages/airflow/example_dags/example_latest_only.py took 0.291 seconds
[2022-12-14T17:54:59.891+0000] {processor.py:154} INFO - Started process (PID=1532) to work on /home/airflow/.local/lib/python3.7/site-packages/airflow/example_dags/example_latest_only.py
[2022-12-14T17:54:59.892+0000] {processor.py:756} INFO - Processing file /home/airflow/.local/lib/python3.7/site-packages/airflow/example_dags/example_latest_only.py for tasks to queue
[2022-12-14T17:54:59.893+0000] {logging_mixin.py:137} INFO - [2022-12-14T17:54:59.893+0000] {dagbag.py:537} INFO - Filling up the DagBag from /home/airflow/.local/lib/python3.7/site-packages/airflow/example_dags/example_latest_only.py
[2022-12-14T17:54:59.915+0000] {processor.py:766} INFO - DAG(s) dict_keys(['latest_only']) retrieved from /home/airflow/.local/lib/python3.7/site-packages/airflow/example_dags/example_latest_only.py
[2022-12-14T17:54:59.983+0000] {logging_mixin.py:137} INFO - [2022-12-14T17:54:59.983+0000] {dag.py:2585} INFO - Sync 1 DAGs
[2022-12-14T17:55:00.049+0000] {logging_mixin.py:137} INFO - [2022-12-14T17:55:00.048+0000] {dag.py:3340} INFO - Setting next_dagrun for latest_only to 2022-12-14T13:55:00.048386+00:00, run_after=2022-12-14T17:55:00.048386+00:00
[2022-12-14T17:55:00.080+0000] {processor.py:176} INFO - Processing /home/airflow/.local/lib/python3.7/site-packages/airflow/example_dags/example_latest_only.py took 0.195 seconds
[2022-12-14T17:55:31.325+0000] {processor.py:154} INFO - Started process (PID=1594) to work on /home/airflow/.local/lib/python3.7/site-packages/airflow/example_dags/example_latest_only.py
[2022-12-14T17:55:31.332+0000] {processor.py:756} INFO - Processing file /home/airflow/.local/lib/python3.7/site-packages/airflow/example_dags/example_latest_only.py for tasks to queue
[2022-12-14T17:55:31.341+0000] {logging_mixin.py:137} INFO - [2022-12-14T17:55:31.340+0000] {dagbag.py:537} INFO - Filling up the DagBag from /home/airflow/.local/lib/python3.7/site-packages/airflow/example_dags/example_latest_only.py
[2022-12-14T17:55:31.426+0000] {processor.py:766} INFO - DAG(s) dict_keys(['latest_only']) retrieved from /home/airflow/.local/lib/python3.7/site-packages/airflow/example_dags/example_latest_only.py
[2022-12-14T17:55:31.616+0000] {logging_mixin.py:137} INFO - [2022-12-14T17:55:31.616+0000] {dag.py:2585} INFO - Sync 1 DAGs
[2022-12-14T17:55:31.716+0000] {logging_mixin.py:137} INFO - [2022-12-14T17:55:31.716+0000] {dag.py:3340} INFO - Setting next_dagrun for latest_only to 2022-12-14T13:55:31.716002+00:00, run_after=2022-12-14T17:55:31.716002+00:00
[2022-12-14T17:55:31.767+0000] {processor.py:176} INFO - Processing /home/airflow/.local/lib/python3.7/site-packages/airflow/example_dags/example_latest_only.py took 0.467 seconds
[2022-12-14T17:56:02.416+0000] {processor.py:154} INFO - Started process (PID=1647) to work on /home/airflow/.local/lib/python3.7/site-packages/airflow/example_dags/example_latest_only.py
[2022-12-14T17:56:02.417+0000] {processor.py:756} INFO - Processing file /home/airflow/.local/lib/python3.7/site-packages/airflow/example_dags/example_latest_only.py for tasks to queue
[2022-12-14T17:56:02.417+0000] {logging_mixin.py:137} INFO - [2022-12-14T17:56:02.417+0000] {dagbag.py:537} INFO - Filling up the DagBag from /home/airflow/.local/lib/python3.7/site-packages/airflow/example_dags/example_latest_only.py
[2022-12-14T17:56:02.439+0000] {processor.py:766} INFO - DAG(s) dict_keys(['latest_only']) retrieved from /home/airflow/.local/lib/python3.7/site-packages/airflow/example_dags/example_latest_only.py
[2022-12-14T17:56:02.501+0000] {logging_mixin.py:137} INFO - [2022-12-14T17:56:02.501+0000] {dag.py:2585} INFO - Sync 1 DAGs
[2022-12-14T17:56:02.550+0000] {logging_mixin.py:137} INFO - [2022-12-14T17:56:02.550+0000] {dag.py:3340} INFO - Setting next_dagrun for latest_only to 2022-12-14T13:56:02.549912+00:00, run_after=2022-12-14T17:56:02.549912+00:00
[2022-12-14T17:56:02.583+0000] {processor.py:176} INFO - Processing /home/airflow/.local/lib/python3.7/site-packages/airflow/example_dags/example_latest_only.py took 0.171 seconds
[2022-12-14T17:56:33.234+0000] {processor.py:154} INFO - Started process (PID=1699) to work on /home/airflow/.local/lib/python3.7/site-packages/airflow/example_dags/example_latest_only.py
[2022-12-14T17:56:33.235+0000] {processor.py:756} INFO - Processing file /home/airflow/.local/lib/python3.7/site-packages/airflow/example_dags/example_latest_only.py for tasks to queue
[2022-12-14T17:56:33.236+0000] {logging_mixin.py:137} INFO - [2022-12-14T17:56:33.235+0000] {dagbag.py:537} INFO - Filling up the DagBag from /home/airflow/.local/lib/python3.7/site-packages/airflow/example_dags/example_latest_only.py
[2022-12-14T17:56:33.255+0000] {processor.py:766} INFO - DAG(s) dict_keys(['latest_only']) retrieved from /home/airflow/.local/lib/python3.7/site-packages/airflow/example_dags/example_latest_only.py
[2022-12-14T17:56:33.320+0000] {logging_mixin.py:137} INFO - [2022-12-14T17:56:33.319+0000] {dag.py:2585} INFO - Sync 1 DAGs
[2022-12-14T17:56:33.386+0000] {logging_mixin.py:137} INFO - [2022-12-14T17:56:33.386+0000] {dag.py:3340} INFO - Setting next_dagrun for latest_only to 2022-12-14T13:56:33.385724+00:00, run_after=2022-12-14T17:56:33.385724+00:00
[2022-12-14T17:56:33.419+0000] {processor.py:176} INFO - Processing /home/airflow/.local/lib/python3.7/site-packages/airflow/example_dags/example_latest_only.py took 0.190 seconds
[2022-12-14T18:00:13.862+0000] {processor.py:154} INFO - Started process (PID=110) to work on /home/airflow/.local/lib/python3.7/site-packages/airflow/example_dags/example_latest_only.py
[2022-12-14T18:00:13.864+0000] {processor.py:756} INFO - Processing file /home/airflow/.local/lib/python3.7/site-packages/airflow/example_dags/example_latest_only.py for tasks to queue
[2022-12-14T18:00:13.865+0000] {logging_mixin.py:137} INFO - [2022-12-14T18:00:13.865+0000] {dagbag.py:537} INFO - Filling up the DagBag from /home/airflow/.local/lib/python3.7/site-packages/airflow/example_dags/example_latest_only.py
[2022-12-14T18:00:13.918+0000] {processor.py:766} INFO - DAG(s) dict_keys(['latest_only']) retrieved from /home/airflow/.local/lib/python3.7/site-packages/airflow/example_dags/example_latest_only.py
[2022-12-14T18:00:14.101+0000] {logging_mixin.py:137} INFO - [2022-12-14T18:00:14.100+0000] {dag.py:2585} INFO - Sync 1 DAGs
[2022-12-14T18:00:14.201+0000] {logging_mixin.py:137} INFO - [2022-12-14T18:00:14.201+0000] {dag.py:3340} INFO - Setting next_dagrun for latest_only to 2022-12-14T14:00:14.200660+00:00, run_after=2022-12-14T18:00:14.200660+00:00
[2022-12-14T18:00:14.300+0000] {processor.py:176} INFO - Processing /home/airflow/.local/lib/python3.7/site-packages/airflow/example_dags/example_latest_only.py took 0.459 seconds
[2022-12-14T18:00:45.551+0000] {processor.py:154} INFO - Started process (PID=164) to work on /home/airflow/.local/lib/python3.7/site-packages/airflow/example_dags/example_latest_only.py
[2022-12-14T18:00:45.552+0000] {processor.py:756} INFO - Processing file /home/airflow/.local/lib/python3.7/site-packages/airflow/example_dags/example_latest_only.py for tasks to queue
[2022-12-14T18:00:45.554+0000] {logging_mixin.py:137} INFO - [2022-12-14T18:00:45.553+0000] {dagbag.py:537} INFO - Filling up the DagBag from /home/airflow/.local/lib/python3.7/site-packages/airflow/example_dags/example_latest_only.py
[2022-12-14T18:00:45.579+0000] {processor.py:766} INFO - DAG(s) dict_keys(['latest_only']) retrieved from /home/airflow/.local/lib/python3.7/site-packages/airflow/example_dags/example_latest_only.py
[2022-12-14T18:00:45.657+0000] {logging_mixin.py:137} INFO - [2022-12-14T18:00:45.657+0000] {dag.py:2585} INFO - Sync 1 DAGs
[2022-12-14T18:00:45.716+0000] {logging_mixin.py:137} INFO - [2022-12-14T18:00:45.715+0000] {dag.py:3340} INFO - Setting next_dagrun for latest_only to 2022-12-14T14:00:45.715362+00:00, run_after=2022-12-14T18:00:45.715362+00:00
[2022-12-14T18:00:45.751+0000] {processor.py:176} INFO - Processing /home/airflow/.local/lib/python3.7/site-packages/airflow/example_dags/example_latest_only.py took 0.204 seconds
[2022-12-14T18:01:16.887+0000] {processor.py:154} INFO - Started process (PID=230) to work on /home/airflow/.local/lib/python3.7/site-packages/airflow/example_dags/example_latest_only.py
[2022-12-14T18:01:16.905+0000] {processor.py:756} INFO - Processing file /home/airflow/.local/lib/python3.7/site-packages/airflow/example_dags/example_latest_only.py for tasks to queue
[2022-12-14T18:01:16.906+0000] {logging_mixin.py:137} INFO - [2022-12-14T18:01:16.906+0000] {dagbag.py:537} INFO - Filling up the DagBag from /home/airflow/.local/lib/python3.7/site-packages/airflow/example_dags/example_latest_only.py
[2022-12-14T18:01:16.930+0000] {processor.py:766} INFO - DAG(s) dict_keys(['latest_only']) retrieved from /home/airflow/.local/lib/python3.7/site-packages/airflow/example_dags/example_latest_only.py
[2022-12-14T18:01:17.004+0000] {logging_mixin.py:137} INFO - [2022-12-14T18:01:17.004+0000] {dag.py:2585} INFO - Sync 1 DAGs
[2022-12-14T18:01:17.057+0000] {logging_mixin.py:137} INFO - [2022-12-14T18:01:17.056+0000] {dag.py:3340} INFO - Setting next_dagrun for latest_only to 2022-12-14T14:01:17.056586+00:00, run_after=2022-12-14T18:01:17.056586+00:00
[2022-12-14T18:01:17.089+0000] {processor.py:176} INFO - Processing /home/airflow/.local/lib/python3.7/site-packages/airflow/example_dags/example_latest_only.py took 0.207 seconds
[2022-12-14T18:01:48.422+0000] {processor.py:154} INFO - Started process (PID=285) to work on /home/airflow/.local/lib/python3.7/site-packages/airflow/example_dags/example_latest_only.py
[2022-12-14T18:01:48.423+0000] {processor.py:756} INFO - Processing file /home/airflow/.local/lib/python3.7/site-packages/airflow/example_dags/example_latest_only.py for tasks to queue
[2022-12-14T18:01:48.424+0000] {logging_mixin.py:137} INFO - [2022-12-14T18:01:48.424+0000] {dagbag.py:537} INFO - Filling up the DagBag from /home/airflow/.local/lib/python3.7/site-packages/airflow/example_dags/example_latest_only.py
[2022-12-14T18:01:48.448+0000] {processor.py:766} INFO - DAG(s) dict_keys(['latest_only']) retrieved from /home/airflow/.local/lib/python3.7/site-packages/airflow/example_dags/example_latest_only.py
[2022-12-14T18:01:48.512+0000] {logging_mixin.py:137} INFO - [2022-12-14T18:01:48.511+0000] {dag.py:2585} INFO - Sync 1 DAGs
[2022-12-14T18:01:48.571+0000] {logging_mixin.py:137} INFO - [2022-12-14T18:01:48.570+0000] {dag.py:3340} INFO - Setting next_dagrun for latest_only to 2022-12-14T14:01:48.570231+00:00, run_after=2022-12-14T18:01:48.570231+00:00
[2022-12-14T18:01:48.607+0000] {processor.py:176} INFO - Processing /home/airflow/.local/lib/python3.7/site-packages/airflow/example_dags/example_latest_only.py took 0.191 seconds
[2022-12-14T18:02:19.698+0000] {processor.py:154} INFO - Started process (PID=348) to work on /home/airflow/.local/lib/python3.7/site-packages/airflow/example_dags/example_latest_only.py
[2022-12-14T18:02:19.701+0000] {processor.py:756} INFO - Processing file /home/airflow/.local/lib/python3.7/site-packages/airflow/example_dags/example_latest_only.py for tasks to queue
[2022-12-14T18:02:19.703+0000] {logging_mixin.py:137} INFO - [2022-12-14T18:02:19.703+0000] {dagbag.py:537} INFO - Filling up the DagBag from /home/airflow/.local/lib/python3.7/site-packages/airflow/example_dags/example_latest_only.py
[2022-12-14T18:02:19.732+0000] {processor.py:766} INFO - DAG(s) dict_keys(['latest_only']) retrieved from /home/airflow/.local/lib/python3.7/site-packages/airflow/example_dags/example_latest_only.py
[2022-12-14T18:02:19.820+0000] {logging_mixin.py:137} INFO - [2022-12-14T18:02:19.819+0000] {dag.py:2585} INFO - Sync 1 DAGs
[2022-12-14T18:02:19.891+0000] {logging_mixin.py:137} INFO - [2022-12-14T18:02:19.891+0000] {dag.py:3340} INFO - Setting next_dagrun for latest_only to 2022-12-14T14:02:19.891061+00:00, run_after=2022-12-14T18:02:19.891061+00:00
[2022-12-14T18:02:19.931+0000] {processor.py:176} INFO - Processing /home/airflow/.local/lib/python3.7/site-packages/airflow/example_dags/example_latest_only.py took 0.237 seconds
[2022-12-14T18:02:51.029+0000] {processor.py:154} INFO - Started process (PID=402) to work on /home/airflow/.local/lib/python3.7/site-packages/airflow/example_dags/example_latest_only.py
[2022-12-14T18:02:51.030+0000] {processor.py:756} INFO - Processing file /home/airflow/.local/lib/python3.7/site-packages/airflow/example_dags/example_latest_only.py for tasks to queue
[2022-12-14T18:02:51.031+0000] {logging_mixin.py:137} INFO - [2022-12-14T18:02:51.030+0000] {dagbag.py:537} INFO - Filling up the DagBag from /home/airflow/.local/lib/python3.7/site-packages/airflow/example_dags/example_latest_only.py
[2022-12-14T18:02:51.053+0000] {processor.py:766} INFO - DAG(s) dict_keys(['latest_only']) retrieved from /home/airflow/.local/lib/python3.7/site-packages/airflow/example_dags/example_latest_only.py
[2022-12-14T18:02:51.129+0000] {logging_mixin.py:137} INFO - [2022-12-14T18:02:51.129+0000] {dag.py:2585} INFO - Sync 1 DAGs
[2022-12-14T18:02:51.182+0000] {logging_mixin.py:137} INFO - [2022-12-14T18:02:51.182+0000] {dag.py:3340} INFO - Setting next_dagrun for latest_only to 2022-12-14T14:02:51.181968+00:00, run_after=2022-12-14T18:02:51.181968+00:00
[2022-12-14T18:02:51.230+0000] {processor.py:176} INFO - Processing /home/airflow/.local/lib/python3.7/site-packages/airflow/example_dags/example_latest_only.py took 0.207 seconds
[2022-12-14T18:03:23.269+0000] {processor.py:154} INFO - Started process (PID=455) to work on /home/airflow/.local/lib/python3.7/site-packages/airflow/example_dags/example_latest_only.py
[2022-12-14T18:03:23.278+0000] {processor.py:756} INFO - Processing file /home/airflow/.local/lib/python3.7/site-packages/airflow/example_dags/example_latest_only.py for tasks to queue
[2022-12-14T18:03:23.280+0000] {logging_mixin.py:137} INFO - [2022-12-14T18:03:23.280+0000] {dagbag.py:537} INFO - Filling up the DagBag from /home/airflow/.local/lib/python3.7/site-packages/airflow/example_dags/example_latest_only.py
[2022-12-14T18:03:23.327+0000] {processor.py:766} INFO - DAG(s) dict_keys(['latest_only']) retrieved from /home/airflow/.local/lib/python3.7/site-packages/airflow/example_dags/example_latest_only.py
[2022-12-14T18:03:23.474+0000] {logging_mixin.py:137} INFO - [2022-12-14T18:03:23.474+0000] {dag.py:2585} INFO - Sync 1 DAGs
[2022-12-14T18:03:23.654+0000] {logging_mixin.py:137} INFO - [2022-12-14T18:03:23.653+0000] {dag.py:3340} INFO - Setting next_dagrun for latest_only to 2022-12-14T14:03:23.653366+00:00, run_after=2022-12-14T18:03:23.653366+00:00
[2022-12-14T18:03:23.761+0000] {processor.py:176} INFO - Processing /home/airflow/.local/lib/python3.7/site-packages/airflow/example_dags/example_latest_only.py took 0.516 seconds
[2022-12-14T18:03:54.357+0000] {processor.py:154} INFO - Started process (PID=518) to work on /home/airflow/.local/lib/python3.7/site-packages/airflow/example_dags/example_latest_only.py
[2022-12-14T18:03:54.360+0000] {processor.py:756} INFO - Processing file /home/airflow/.local/lib/python3.7/site-packages/airflow/example_dags/example_latest_only.py for tasks to queue
[2022-12-14T18:03:54.361+0000] {logging_mixin.py:137} INFO - [2022-12-14T18:03:54.361+0000] {dagbag.py:537} INFO - Filling up the DagBag from /home/airflow/.local/lib/python3.7/site-packages/airflow/example_dags/example_latest_only.py
[2022-12-14T18:03:54.394+0000] {processor.py:766} INFO - DAG(s) dict_keys(['latest_only']) retrieved from /home/airflow/.local/lib/python3.7/site-packages/airflow/example_dags/example_latest_only.py
[2022-12-14T18:03:54.462+0000] {logging_mixin.py:137} INFO - [2022-12-14T18:03:54.462+0000] {dag.py:2585} INFO - Sync 1 DAGs
[2022-12-14T18:03:54.519+0000] {logging_mixin.py:137} INFO - [2022-12-14T18:03:54.518+0000] {dag.py:3340} INFO - Setting next_dagrun for latest_only to 2022-12-14T14:03:54.518450+00:00, run_after=2022-12-14T18:03:54.518450+00:00
[2022-12-14T18:03:54.550+0000] {processor.py:176} INFO - Processing /home/airflow/.local/lib/python3.7/site-packages/airflow/example_dags/example_latest_only.py took 0.198 seconds
[2022-12-14T18:04:25.228+0000] {processor.py:154} INFO - Started process (PID=573) to work on /home/airflow/.local/lib/python3.7/site-packages/airflow/example_dags/example_latest_only.py
[2022-12-14T18:04:25.229+0000] {processor.py:756} INFO - Processing file /home/airflow/.local/lib/python3.7/site-packages/airflow/example_dags/example_latest_only.py for tasks to queue
[2022-12-14T18:04:25.230+0000] {logging_mixin.py:137} INFO - [2022-12-14T18:04:25.230+0000] {dagbag.py:537} INFO - Filling up the DagBag from /home/airflow/.local/lib/python3.7/site-packages/airflow/example_dags/example_latest_only.py
[2022-12-14T18:04:25.250+0000] {processor.py:766} INFO - DAG(s) dict_keys(['latest_only']) retrieved from /home/airflow/.local/lib/python3.7/site-packages/airflow/example_dags/example_latest_only.py
[2022-12-14T18:04:25.310+0000] {logging_mixin.py:137} INFO - [2022-12-14T18:04:25.309+0000] {dag.py:2585} INFO - Sync 1 DAGs
[2022-12-14T18:04:25.361+0000] {logging_mixin.py:137} INFO - [2022-12-14T18:04:25.361+0000] {dag.py:3340} INFO - Setting next_dagrun for latest_only to 2022-12-14T14:04:25.361142+00:00, run_after=2022-12-14T18:04:25.361142+00:00
[2022-12-14T18:04:25.392+0000] {processor.py:176} INFO - Processing /home/airflow/.local/lib/python3.7/site-packages/airflow/example_dags/example_latest_only.py took 0.169 seconds
[2022-12-14T18:04:56.787+0000] {processor.py:154} INFO - Started process (PID=628) to work on /home/airflow/.local/lib/python3.7/site-packages/airflow/example_dags/example_latest_only.py
[2022-12-14T18:04:56.789+0000] {processor.py:756} INFO - Processing file /home/airflow/.local/lib/python3.7/site-packages/airflow/example_dags/example_latest_only.py for tasks to queue
[2022-12-14T18:04:56.789+0000] {logging_mixin.py:137} INFO - [2022-12-14T18:04:56.789+0000] {dagbag.py:537} INFO - Filling up the DagBag from /home/airflow/.local/lib/python3.7/site-packages/airflow/example_dags/example_latest_only.py
[2022-12-14T18:04:56.814+0000] {processor.py:766} INFO - DAG(s) dict_keys(['latest_only']) retrieved from /home/airflow/.local/lib/python3.7/site-packages/airflow/example_dags/example_latest_only.py
[2022-12-14T18:04:56.895+0000] {logging_mixin.py:137} INFO - [2022-12-14T18:04:56.895+0000] {dag.py:2585} INFO - Sync 1 DAGs
[2022-12-14T18:04:56.952+0000] {logging_mixin.py:137} INFO - [2022-12-14T18:04:56.952+0000] {dag.py:3340} INFO - Setting next_dagrun for latest_only to 2022-12-14T14:04:56.952230+00:00, run_after=2022-12-14T18:04:56.952230+00:00
[2022-12-14T18:04:57.031+0000] {processor.py:176} INFO - Processing /home/airflow/.local/lib/python3.7/site-packages/airflow/example_dags/example_latest_only.py took 0.248 seconds
[2022-12-14T18:05:27.726+0000] {processor.py:154} INFO - Started process (PID=692) to work on /home/airflow/.local/lib/python3.7/site-packages/airflow/example_dags/example_latest_only.py
[2022-12-14T18:05:27.727+0000] {processor.py:756} INFO - Processing file /home/airflow/.local/lib/python3.7/site-packages/airflow/example_dags/example_latest_only.py for tasks to queue
[2022-12-14T18:05:27.728+0000] {logging_mixin.py:137} INFO - [2022-12-14T18:05:27.728+0000] {dagbag.py:537} INFO - Filling up the DagBag from /home/airflow/.local/lib/python3.7/site-packages/airflow/example_dags/example_latest_only.py
[2022-12-14T18:05:27.754+0000] {processor.py:766} INFO - DAG(s) dict_keys(['latest_only']) retrieved from /home/airflow/.local/lib/python3.7/site-packages/airflow/example_dags/example_latest_only.py
[2022-12-14T18:05:27.824+0000] {logging_mixin.py:137} INFO - [2022-12-14T18:05:27.824+0000] {dag.py:2585} INFO - Sync 1 DAGs
[2022-12-14T18:05:27.883+0000] {logging_mixin.py:137} INFO - [2022-12-14T18:05:27.883+0000] {dag.py:3340} INFO - Setting next_dagrun for latest_only to 2022-12-14T14:05:27.883150+00:00, run_after=2022-12-14T18:05:27.883150+00:00
[2022-12-14T18:05:27.924+0000] {processor.py:176} INFO - Processing /home/airflow/.local/lib/python3.7/site-packages/airflow/example_dags/example_latest_only.py took 0.204 seconds
[2022-12-14T18:05:58.014+0000] {processor.py:154} INFO - Started process (PID=746) to work on /home/airflow/.local/lib/python3.7/site-packages/airflow/example_dags/example_latest_only.py
[2022-12-14T18:05:58.015+0000] {processor.py:756} INFO - Processing file /home/airflow/.local/lib/python3.7/site-packages/airflow/example_dags/example_latest_only.py for tasks to queue
[2022-12-14T18:05:58.016+0000] {logging_mixin.py:137} INFO - [2022-12-14T18:05:58.016+0000] {dagbag.py:537} INFO - Filling up the DagBag from /home/airflow/.local/lib/python3.7/site-packages/airflow/example_dags/example_latest_only.py
[2022-12-14T18:05:58.048+0000] {processor.py:766} INFO - DAG(s) dict_keys(['latest_only']) retrieved from /home/airflow/.local/lib/python3.7/site-packages/airflow/example_dags/example_latest_only.py
[2022-12-14T18:05:58.122+0000] {logging_mixin.py:137} INFO - [2022-12-14T18:05:58.122+0000] {dag.py:2585} INFO - Sync 1 DAGs
[2022-12-14T18:05:58.188+0000] {logging_mixin.py:137} INFO - [2022-12-14T18:05:58.187+0000] {dag.py:3340} INFO - Setting next_dagrun for latest_only to 2022-12-14T14:05:58.187435+00:00, run_after=2022-12-14T18:05:58.187435+00:00
[2022-12-14T18:05:58.251+0000] {processor.py:176} INFO - Processing /home/airflow/.local/lib/python3.7/site-packages/airflow/example_dags/example_latest_only.py took 0.242 seconds
[2022-12-14T18:06:28.559+0000] {processor.py:154} INFO - Started process (PID=800) to work on /home/airflow/.local/lib/python3.7/site-packages/airflow/example_dags/example_latest_only.py
[2022-12-14T18:06:28.560+0000] {processor.py:756} INFO - Processing file /home/airflow/.local/lib/python3.7/site-packages/airflow/example_dags/example_latest_only.py for tasks to queue
[2022-12-14T18:06:28.561+0000] {logging_mixin.py:137} INFO - [2022-12-14T18:06:28.561+0000] {dagbag.py:537} INFO - Filling up the DagBag from /home/airflow/.local/lib/python3.7/site-packages/airflow/example_dags/example_latest_only.py
[2022-12-14T18:06:28.580+0000] {processor.py:766} INFO - DAG(s) dict_keys(['latest_only']) retrieved from /home/airflow/.local/lib/python3.7/site-packages/airflow/example_dags/example_latest_only.py
[2022-12-14T18:06:28.647+0000] {logging_mixin.py:137} INFO - [2022-12-14T18:06:28.646+0000] {dag.py:2585} INFO - Sync 1 DAGs
[2022-12-14T18:06:28.713+0000] {logging_mixin.py:137} INFO - [2022-12-14T18:06:28.713+0000] {dag.py:3340} INFO - Setting next_dagrun for latest_only to 2022-12-14T14:06:28.712527+00:00, run_after=2022-12-14T18:06:28.712527+00:00
[2022-12-14T18:06:28.766+0000] {processor.py:176} INFO - Processing /home/airflow/.local/lib/python3.7/site-packages/airflow/example_dags/example_latest_only.py took 0.212 seconds
