[2022-12-14T17:42:06.522+0000] {processor.py:154} INFO - Started process (PID=96) to work on /home/airflow/.local/lib/python3.7/site-packages/airflow/example_dags/example_short_circuit_operator.py
[2022-12-14T17:42:06.523+0000] {processor.py:756} INFO - Processing file /home/airflow/.local/lib/python3.7/site-packages/airflow/example_dags/example_short_circuit_operator.py for tasks to queue
[2022-12-14T17:42:06.524+0000] {logging_mixin.py:137} INFO - [2022-12-14T17:42:06.524+0000] {dagbag.py:537} INFO - Filling up the DagBag from /home/airflow/.local/lib/python3.7/site-packages/airflow/example_dags/example_short_circuit_operator.py
[2022-12-14T17:42:06.555+0000] {processor.py:766} INFO - DAG(s) dict_keys(['example_short_circuit_operator']) retrieved from /home/airflow/.local/lib/python3.7/site-packages/airflow/example_dags/example_short_circuit_operator.py
[2022-12-14T17:42:06.628+0000] {logging_mixin.py:137} INFO - [2022-12-14T17:42:06.627+0000] {dag.py:2585} INFO - Sync 1 DAGs
[2022-12-14T17:42:06.681+0000] {logging_mixin.py:137} INFO - [2022-12-14T17:42:06.681+0000] {dag.py:3340} INFO - Setting next_dagrun for example_short_circuit_operator to 2022-12-13T17:42:06.680736+00:00, run_after=2022-12-14T17:42:06.680736+00:00
[2022-12-14T17:42:06.712+0000] {processor.py:176} INFO - Processing /home/airflow/.local/lib/python3.7/site-packages/airflow/example_dags/example_short_circuit_operator.py took 0.195 seconds
[2022-12-14T17:42:37.327+0000] {processor.py:154} INFO - Started process (PID=157) to work on /home/airflow/.local/lib/python3.7/site-packages/airflow/example_dags/example_short_circuit_operator.py
[2022-12-14T17:42:37.335+0000] {processor.py:756} INFO - Processing file /home/airflow/.local/lib/python3.7/site-packages/airflow/example_dags/example_short_circuit_operator.py for tasks to queue
[2022-12-14T17:42:37.336+0000] {logging_mixin.py:137} INFO - [2022-12-14T17:42:37.335+0000] {dagbag.py:537} INFO - Filling up the DagBag from /home/airflow/.local/lib/python3.7/site-packages/airflow/example_dags/example_short_circuit_operator.py
[2022-12-14T17:42:37.393+0000] {processor.py:766} INFO - DAG(s) dict_keys(['example_short_circuit_operator']) retrieved from /home/airflow/.local/lib/python3.7/site-packages/airflow/example_dags/example_short_circuit_operator.py
[2022-12-14T17:42:37.543+0000] {logging_mixin.py:137} INFO - [2022-12-14T17:42:37.543+0000] {dag.py:2585} INFO - Sync 1 DAGs
[2022-12-14T17:42:37.629+0000] {logging_mixin.py:137} INFO - [2022-12-14T17:42:37.629+0000] {dag.py:3340} INFO - Setting next_dagrun for example_short_circuit_operator to 2022-12-13T17:42:37.628810+00:00, run_after=2022-12-14T17:42:37.628810+00:00
[2022-12-14T17:42:37.673+0000] {processor.py:176} INFO - Processing /home/airflow/.local/lib/python3.7/site-packages/airflow/example_dags/example_short_circuit_operator.py took 0.354 seconds
[2022-12-14T17:43:08.044+0000] {processor.py:154} INFO - Started process (PID=213) to work on /home/airflow/.local/lib/python3.7/site-packages/airflow/example_dags/example_short_circuit_operator.py
[2022-12-14T17:43:08.045+0000] {processor.py:756} INFO - Processing file /home/airflow/.local/lib/python3.7/site-packages/airflow/example_dags/example_short_circuit_operator.py for tasks to queue
[2022-12-14T17:43:08.045+0000] {logging_mixin.py:137} INFO - [2022-12-14T17:43:08.045+0000] {dagbag.py:537} INFO - Filling up the DagBag from /home/airflow/.local/lib/python3.7/site-packages/airflow/example_dags/example_short_circuit_operator.py
[2022-12-14T17:43:08.071+0000] {processor.py:766} INFO - DAG(s) dict_keys(['example_short_circuit_operator']) retrieved from /home/airflow/.local/lib/python3.7/site-packages/airflow/example_dags/example_short_circuit_operator.py
[2022-12-14T17:43:08.137+0000] {logging_mixin.py:137} INFO - [2022-12-14T17:43:08.137+0000] {dag.py:2585} INFO - Sync 1 DAGs
[2022-12-14T17:43:08.188+0000] {logging_mixin.py:137} INFO - [2022-12-14T17:43:08.188+0000] {dag.py:3340} INFO - Setting next_dagrun for example_short_circuit_operator to 2022-12-13T17:43:08.188304+00:00, run_after=2022-12-14T17:43:08.188304+00:00
[2022-12-14T17:43:08.222+0000] {processor.py:176} INFO - Processing /home/airflow/.local/lib/python3.7/site-packages/airflow/example_dags/example_short_circuit_operator.py took 0.182 seconds
[2022-12-14T17:43:38.745+0000] {processor.py:154} INFO - Started process (PID=269) to work on /home/airflow/.local/lib/python3.7/site-packages/airflow/example_dags/example_short_circuit_operator.py
[2022-12-14T17:43:38.746+0000] {processor.py:756} INFO - Processing file /home/airflow/.local/lib/python3.7/site-packages/airflow/example_dags/example_short_circuit_operator.py for tasks to queue
[2022-12-14T17:43:38.747+0000] {logging_mixin.py:137} INFO - [2022-12-14T17:43:38.747+0000] {dagbag.py:537} INFO - Filling up the DagBag from /home/airflow/.local/lib/python3.7/site-packages/airflow/example_dags/example_short_circuit_operator.py
[2022-12-14T17:43:38.776+0000] {processor.py:766} INFO - DAG(s) dict_keys(['example_short_circuit_operator']) retrieved from /home/airflow/.local/lib/python3.7/site-packages/airflow/example_dags/example_short_circuit_operator.py
[2022-12-14T17:43:38.851+0000] {logging_mixin.py:137} INFO - [2022-12-14T17:43:38.851+0000] {dag.py:2585} INFO - Sync 1 DAGs
[2022-12-14T17:43:38.910+0000] {logging_mixin.py:137} INFO - [2022-12-14T17:43:38.910+0000] {dag.py:3340} INFO - Setting next_dagrun for example_short_circuit_operator to 2022-12-13T17:43:38.909887+00:00, run_after=2022-12-14T17:43:38.909887+00:00
[2022-12-14T17:43:38.955+0000] {processor.py:176} INFO - Processing /home/airflow/.local/lib/python3.7/site-packages/airflow/example_dags/example_short_circuit_operator.py took 0.215 seconds
[2022-12-14T17:44:09.590+0000] {processor.py:154} INFO - Started process (PID=333) to work on /home/airflow/.local/lib/python3.7/site-packages/airflow/example_dags/example_short_circuit_operator.py
[2022-12-14T17:44:09.591+0000] {processor.py:756} INFO - Processing file /home/airflow/.local/lib/python3.7/site-packages/airflow/example_dags/example_short_circuit_operator.py for tasks to queue
[2022-12-14T17:44:09.592+0000] {logging_mixin.py:137} INFO - [2022-12-14T17:44:09.592+0000] {dagbag.py:537} INFO - Filling up the DagBag from /home/airflow/.local/lib/python3.7/site-packages/airflow/example_dags/example_short_circuit_operator.py
[2022-12-14T17:44:09.622+0000] {processor.py:766} INFO - DAG(s) dict_keys(['example_short_circuit_operator']) retrieved from /home/airflow/.local/lib/python3.7/site-packages/airflow/example_dags/example_short_circuit_operator.py
[2022-12-14T17:44:09.692+0000] {logging_mixin.py:137} INFO - [2022-12-14T17:44:09.692+0000] {dag.py:2585} INFO - Sync 1 DAGs
[2022-12-14T17:44:09.740+0000] {logging_mixin.py:137} INFO - [2022-12-14T17:44:09.740+0000] {dag.py:3340} INFO - Setting next_dagrun for example_short_circuit_operator to 2022-12-13T17:44:09.740087+00:00, run_after=2022-12-14T17:44:09.740087+00:00
[2022-12-14T17:44:09.778+0000] {processor.py:176} INFO - Processing /home/airflow/.local/lib/python3.7/site-packages/airflow/example_dags/example_short_circuit_operator.py took 0.193 seconds
[2022-12-14T17:44:40.184+0000] {processor.py:154} INFO - Started process (PID=387) to work on /home/airflow/.local/lib/python3.7/site-packages/airflow/example_dags/example_short_circuit_operator.py
[2022-12-14T17:44:40.185+0000] {processor.py:756} INFO - Processing file /home/airflow/.local/lib/python3.7/site-packages/airflow/example_dags/example_short_circuit_operator.py for tasks to queue
[2022-12-14T17:44:40.186+0000] {logging_mixin.py:137} INFO - [2022-12-14T17:44:40.186+0000] {dagbag.py:537} INFO - Filling up the DagBag from /home/airflow/.local/lib/python3.7/site-packages/airflow/example_dags/example_short_circuit_operator.py
[2022-12-14T17:44:40.216+0000] {processor.py:766} INFO - DAG(s) dict_keys(['example_short_circuit_operator']) retrieved from /home/airflow/.local/lib/python3.7/site-packages/airflow/example_dags/example_short_circuit_operator.py
[2022-12-14T17:44:40.293+0000] {logging_mixin.py:137} INFO - [2022-12-14T17:44:40.293+0000] {dag.py:2585} INFO - Sync 1 DAGs
[2022-12-14T17:44:40.344+0000] {logging_mixin.py:137} INFO - [2022-12-14T17:44:40.344+0000] {dag.py:3340} INFO - Setting next_dagrun for example_short_circuit_operator to 2022-12-13T17:44:40.344081+00:00, run_after=2022-12-14T17:44:40.344081+00:00
[2022-12-14T17:44:40.379+0000] {processor.py:176} INFO - Processing /home/airflow/.local/lib/python3.7/site-packages/airflow/example_dags/example_short_circuit_operator.py took 0.199 seconds
[2022-12-14T17:45:10.666+0000] {processor.py:154} INFO - Started process (PID=450) to work on /home/airflow/.local/lib/python3.7/site-packages/airflow/example_dags/example_short_circuit_operator.py
[2022-12-14T17:45:10.668+0000] {processor.py:756} INFO - Processing file /home/airflow/.local/lib/python3.7/site-packages/airflow/example_dags/example_short_circuit_operator.py for tasks to queue
[2022-12-14T17:45:10.669+0000] {logging_mixin.py:137} INFO - [2022-12-14T17:45:10.668+0000] {dagbag.py:537} INFO - Filling up the DagBag from /home/airflow/.local/lib/python3.7/site-packages/airflow/example_dags/example_short_circuit_operator.py
[2022-12-14T17:45:10.702+0000] {processor.py:766} INFO - DAG(s) dict_keys(['example_short_circuit_operator']) retrieved from /home/airflow/.local/lib/python3.7/site-packages/airflow/example_dags/example_short_circuit_operator.py
[2022-12-14T17:45:10.770+0000] {logging_mixin.py:137} INFO - [2022-12-14T17:45:10.770+0000] {dag.py:2585} INFO - Sync 1 DAGs
[2022-12-14T17:45:10.817+0000] {logging_mixin.py:137} INFO - [2022-12-14T17:45:10.816+0000] {dag.py:3340} INFO - Setting next_dagrun for example_short_circuit_operator to 2022-12-13T17:45:10.816478+00:00, run_after=2022-12-14T17:45:10.816478+00:00
[2022-12-14T17:45:10.846+0000] {processor.py:176} INFO - Processing /home/airflow/.local/lib/python3.7/site-packages/airflow/example_dags/example_short_circuit_operator.py took 0.184 seconds
[2022-12-14T17:45:40.905+0000] {processor.py:154} INFO - Started process (PID=505) to work on /home/airflow/.local/lib/python3.7/site-packages/airflow/example_dags/example_short_circuit_operator.py
[2022-12-14T17:45:40.906+0000] {processor.py:756} INFO - Processing file /home/airflow/.local/lib/python3.7/site-packages/airflow/example_dags/example_short_circuit_operator.py for tasks to queue
[2022-12-14T17:45:40.907+0000] {logging_mixin.py:137} INFO - [2022-12-14T17:45:40.907+0000] {dagbag.py:537} INFO - Filling up the DagBag from /home/airflow/.local/lib/python3.7/site-packages/airflow/example_dags/example_short_circuit_operator.py
[2022-12-14T17:45:40.931+0000] {processor.py:766} INFO - DAG(s) dict_keys(['example_short_circuit_operator']) retrieved from /home/airflow/.local/lib/python3.7/site-packages/airflow/example_dags/example_short_circuit_operator.py
[2022-12-14T17:45:40.993+0000] {logging_mixin.py:137} INFO - [2022-12-14T17:45:40.993+0000] {dag.py:2585} INFO - Sync 1 DAGs
[2022-12-14T17:45:41.045+0000] {logging_mixin.py:137} INFO - [2022-12-14T17:45:41.045+0000] {dag.py:3340} INFO - Setting next_dagrun for example_short_circuit_operator to 2022-12-13T17:45:41.045018+00:00, run_after=2022-12-14T17:45:41.045018+00:00
[2022-12-14T17:45:41.105+0000] {processor.py:176} INFO - Processing /home/airflow/.local/lib/python3.7/site-packages/airflow/example_dags/example_short_circuit_operator.py took 0.204 seconds
[2022-12-14T17:46:12.608+0000] {processor.py:154} INFO - Started process (PID=568) to work on /home/airflow/.local/lib/python3.7/site-packages/airflow/example_dags/example_short_circuit_operator.py
[2022-12-14T17:46:12.609+0000] {processor.py:756} INFO - Processing file /home/airflow/.local/lib/python3.7/site-packages/airflow/example_dags/example_short_circuit_operator.py for tasks to queue
[2022-12-14T17:46:12.610+0000] {logging_mixin.py:137} INFO - [2022-12-14T17:46:12.610+0000] {dagbag.py:537} INFO - Filling up the DagBag from /home/airflow/.local/lib/python3.7/site-packages/airflow/example_dags/example_short_circuit_operator.py
[2022-12-14T17:46:12.639+0000] {processor.py:766} INFO - DAG(s) dict_keys(['example_short_circuit_operator']) retrieved from /home/airflow/.local/lib/python3.7/site-packages/airflow/example_dags/example_short_circuit_operator.py
[2022-12-14T17:46:12.707+0000] {logging_mixin.py:137} INFO - [2022-12-14T17:46:12.707+0000] {dag.py:2585} INFO - Sync 1 DAGs
[2022-12-14T17:46:12.760+0000] {logging_mixin.py:137} INFO - [2022-12-14T17:46:12.759+0000] {dag.py:3340} INFO - Setting next_dagrun for example_short_circuit_operator to 2022-12-13T17:46:12.759433+00:00, run_after=2022-12-14T17:46:12.759433+00:00
[2022-12-14T17:46:12.795+0000] {processor.py:176} INFO - Processing /home/airflow/.local/lib/python3.7/site-packages/airflow/example_dags/example_short_circuit_operator.py took 0.192 seconds
[2022-12-14T17:46:43.283+0000] {processor.py:154} INFO - Started process (PID=621) to work on /home/airflow/.local/lib/python3.7/site-packages/airflow/example_dags/example_short_circuit_operator.py
[2022-12-14T17:46:43.284+0000] {processor.py:756} INFO - Processing file /home/airflow/.local/lib/python3.7/site-packages/airflow/example_dags/example_short_circuit_operator.py for tasks to queue
[2022-12-14T17:46:43.285+0000] {logging_mixin.py:137} INFO - [2022-12-14T17:46:43.284+0000] {dagbag.py:537} INFO - Filling up the DagBag from /home/airflow/.local/lib/python3.7/site-packages/airflow/example_dags/example_short_circuit_operator.py
[2022-12-14T17:46:43.308+0000] {processor.py:766} INFO - DAG(s) dict_keys(['example_short_circuit_operator']) retrieved from /home/airflow/.local/lib/python3.7/site-packages/airflow/example_dags/example_short_circuit_operator.py
[2022-12-14T17:46:43.373+0000] {logging_mixin.py:137} INFO - [2022-12-14T17:46:43.373+0000] {dag.py:2585} INFO - Sync 1 DAGs
[2022-12-14T17:46:43.421+0000] {logging_mixin.py:137} INFO - [2022-12-14T17:46:43.421+0000] {dag.py:3340} INFO - Setting next_dagrun for example_short_circuit_operator to 2022-12-13T17:46:43.420749+00:00, run_after=2022-12-14T17:46:43.420749+00:00
[2022-12-14T17:46:43.455+0000] {processor.py:176} INFO - Processing /home/airflow/.local/lib/python3.7/site-packages/airflow/example_dags/example_short_circuit_operator.py took 0.176 seconds
[2022-12-14T17:47:14.542+0000] {processor.py:154} INFO - Started process (PID=675) to work on /home/airflow/.local/lib/python3.7/site-packages/airflow/example_dags/example_short_circuit_operator.py
[2022-12-14T17:47:14.551+0000] {processor.py:756} INFO - Processing file /home/airflow/.local/lib/python3.7/site-packages/airflow/example_dags/example_short_circuit_operator.py for tasks to queue
[2022-12-14T17:47:14.552+0000] {logging_mixin.py:137} INFO - [2022-12-14T17:47:14.552+0000] {dagbag.py:537} INFO - Filling up the DagBag from /home/airflow/.local/lib/python3.7/site-packages/airflow/example_dags/example_short_circuit_operator.py
[2022-12-14T17:47:14.605+0000] {processor.py:766} INFO - DAG(s) dict_keys(['example_short_circuit_operator']) retrieved from /home/airflow/.local/lib/python3.7/site-packages/airflow/example_dags/example_short_circuit_operator.py
[2022-12-14T17:47:14.717+0000] {logging_mixin.py:137} INFO - [2022-12-14T17:47:14.717+0000] {dag.py:2585} INFO - Sync 1 DAGs
[2022-12-14T17:47:14.794+0000] {logging_mixin.py:137} INFO - [2022-12-14T17:47:14.794+0000] {dag.py:3340} INFO - Setting next_dagrun for example_short_circuit_operator to 2022-12-13T17:47:14.793684+00:00, run_after=2022-12-14T17:47:14.793684+00:00
[2022-12-14T17:47:14.832+0000] {processor.py:176} INFO - Processing /home/airflow/.local/lib/python3.7/site-packages/airflow/example_dags/example_short_circuit_operator.py took 0.295 seconds
[2022-12-14T17:47:45.088+0000] {processor.py:154} INFO - Started process (PID=738) to work on /home/airflow/.local/lib/python3.7/site-packages/airflow/example_dags/example_short_circuit_operator.py
[2022-12-14T17:47:45.089+0000] {processor.py:756} INFO - Processing file /home/airflow/.local/lib/python3.7/site-packages/airflow/example_dags/example_short_circuit_operator.py for tasks to queue
[2022-12-14T17:47:45.090+0000] {logging_mixin.py:137} INFO - [2022-12-14T17:47:45.090+0000] {dagbag.py:537} INFO - Filling up the DagBag from /home/airflow/.local/lib/python3.7/site-packages/airflow/example_dags/example_short_circuit_operator.py
[2022-12-14T17:47:45.118+0000] {processor.py:766} INFO - DAG(s) dict_keys(['example_short_circuit_operator']) retrieved from /home/airflow/.local/lib/python3.7/site-packages/airflow/example_dags/example_short_circuit_operator.py
[2022-12-14T17:47:45.185+0000] {logging_mixin.py:137} INFO - [2022-12-14T17:47:45.185+0000] {dag.py:2585} INFO - Sync 1 DAGs
[2022-12-14T17:47:45.236+0000] {logging_mixin.py:137} INFO - [2022-12-14T17:47:45.236+0000] {dag.py:3340} INFO - Setting next_dagrun for example_short_circuit_operator to 2022-12-13T17:47:45.235800+00:00, run_after=2022-12-14T17:47:45.235800+00:00
[2022-12-14T17:47:45.266+0000] {processor.py:176} INFO - Processing /home/airflow/.local/lib/python3.7/site-packages/airflow/example_dags/example_short_circuit_operator.py took 0.182 seconds
[2022-12-14T17:48:15.845+0000] {processor.py:154} INFO - Started process (PID=792) to work on /home/airflow/.local/lib/python3.7/site-packages/airflow/example_dags/example_short_circuit_operator.py
[2022-12-14T17:48:15.847+0000] {processor.py:756} INFO - Processing file /home/airflow/.local/lib/python3.7/site-packages/airflow/example_dags/example_short_circuit_operator.py for tasks to queue
[2022-12-14T17:48:15.848+0000] {logging_mixin.py:137} INFO - [2022-12-14T17:48:15.848+0000] {dagbag.py:537} INFO - Filling up the DagBag from /home/airflow/.local/lib/python3.7/site-packages/airflow/example_dags/example_short_circuit_operator.py
[2022-12-14T17:48:15.885+0000] {processor.py:766} INFO - DAG(s) dict_keys(['example_short_circuit_operator']) retrieved from /home/airflow/.local/lib/python3.7/site-packages/airflow/example_dags/example_short_circuit_operator.py
[2022-12-14T17:48:15.978+0000] {logging_mixin.py:137} INFO - [2022-12-14T17:48:15.978+0000] {dag.py:2585} INFO - Sync 1 DAGs
[2022-12-14T17:48:16.036+0000] {logging_mixin.py:137} INFO - [2022-12-14T17:48:16.035+0000] {dag.py:3340} INFO - Setting next_dagrun for example_short_circuit_operator to 2022-12-13T17:48:16.035624+00:00, run_after=2022-12-14T17:48:16.035624+00:00
[2022-12-14T17:48:16.095+0000] {processor.py:176} INFO - Processing /home/airflow/.local/lib/python3.7/site-packages/airflow/example_dags/example_short_circuit_operator.py took 0.255 seconds
[2022-12-14T17:48:47.011+0000] {processor.py:154} INFO - Started process (PID=856) to work on /home/airflow/.local/lib/python3.7/site-packages/airflow/example_dags/example_short_circuit_operator.py
[2022-12-14T17:48:47.012+0000] {processor.py:756} INFO - Processing file /home/airflow/.local/lib/python3.7/site-packages/airflow/example_dags/example_short_circuit_operator.py for tasks to queue
[2022-12-14T17:48:47.013+0000] {logging_mixin.py:137} INFO - [2022-12-14T17:48:47.013+0000] {dagbag.py:537} INFO - Filling up the DagBag from /home/airflow/.local/lib/python3.7/site-packages/airflow/example_dags/example_short_circuit_operator.py
[2022-12-14T17:48:47.083+0000] {processor.py:766} INFO - DAG(s) dict_keys(['example_short_circuit_operator']) retrieved from /home/airflow/.local/lib/python3.7/site-packages/airflow/example_dags/example_short_circuit_operator.py
[2022-12-14T17:48:47.167+0000] {logging_mixin.py:137} INFO - [2022-12-14T17:48:47.167+0000] {dag.py:2585} INFO - Sync 1 DAGs
[2022-12-14T17:48:47.218+0000] {logging_mixin.py:137} INFO - [2022-12-14T17:48:47.218+0000] {dag.py:3340} INFO - Setting next_dagrun for example_short_circuit_operator to 2022-12-13T17:48:47.217770+00:00, run_after=2022-12-14T17:48:47.217770+00:00
[2022-12-14T17:48:47.291+0000] {processor.py:176} INFO - Processing /home/airflow/.local/lib/python3.7/site-packages/airflow/example_dags/example_short_circuit_operator.py took 0.284 seconds
[2022-12-14T17:49:17.317+0000] {processor.py:154} INFO - Started process (PID=910) to work on /home/airflow/.local/lib/python3.7/site-packages/airflow/example_dags/example_short_circuit_operator.py
[2022-12-14T17:49:17.318+0000] {processor.py:756} INFO - Processing file /home/airflow/.local/lib/python3.7/site-packages/airflow/example_dags/example_short_circuit_operator.py for tasks to queue
[2022-12-14T17:49:17.319+0000] {logging_mixin.py:137} INFO - [2022-12-14T17:49:17.319+0000] {dagbag.py:537} INFO - Filling up the DagBag from /home/airflow/.local/lib/python3.7/site-packages/airflow/example_dags/example_short_circuit_operator.py
[2022-12-14T17:49:17.343+0000] {processor.py:766} INFO - DAG(s) dict_keys(['example_short_circuit_operator']) retrieved from /home/airflow/.local/lib/python3.7/site-packages/airflow/example_dags/example_short_circuit_operator.py
[2022-12-14T17:49:17.410+0000] {logging_mixin.py:137} INFO - [2022-12-14T17:49:17.410+0000] {dag.py:2585} INFO - Sync 1 DAGs
[2022-12-14T17:49:17.454+0000] {logging_mixin.py:137} INFO - [2022-12-14T17:49:17.454+0000] {dag.py:3340} INFO - Setting next_dagrun for example_short_circuit_operator to 2022-12-13T17:49:17.454398+00:00, run_after=2022-12-14T17:49:17.454398+00:00
[2022-12-14T17:49:17.478+0000] {processor.py:176} INFO - Processing /home/airflow/.local/lib/python3.7/site-packages/airflow/example_dags/example_short_circuit_operator.py took 0.165 seconds
[2022-12-14T17:49:47.645+0000] {processor.py:154} INFO - Started process (PID=966) to work on /home/airflow/.local/lib/python3.7/site-packages/airflow/example_dags/example_short_circuit_operator.py
[2022-12-14T17:49:47.646+0000] {processor.py:756} INFO - Processing file /home/airflow/.local/lib/python3.7/site-packages/airflow/example_dags/example_short_circuit_operator.py for tasks to queue
[2022-12-14T17:49:47.647+0000] {logging_mixin.py:137} INFO - [2022-12-14T17:49:47.647+0000] {dagbag.py:537} INFO - Filling up the DagBag from /home/airflow/.local/lib/python3.7/site-packages/airflow/example_dags/example_short_circuit_operator.py
[2022-12-14T17:49:47.674+0000] {processor.py:766} INFO - DAG(s) dict_keys(['example_short_circuit_operator']) retrieved from /home/airflow/.local/lib/python3.7/site-packages/airflow/example_dags/example_short_circuit_operator.py
[2022-12-14T17:49:47.739+0000] {logging_mixin.py:137} INFO - [2022-12-14T17:49:47.738+0000] {dag.py:2585} INFO - Sync 1 DAGs
[2022-12-14T17:49:47.784+0000] {logging_mixin.py:137} INFO - [2022-12-14T17:49:47.784+0000] {dag.py:3340} INFO - Setting next_dagrun for example_short_circuit_operator to 2022-12-13T17:49:47.784274+00:00, run_after=2022-12-14T17:49:47.784274+00:00
[2022-12-14T17:49:47.810+0000] {processor.py:176} INFO - Processing /home/airflow/.local/lib/python3.7/site-packages/airflow/example_dags/example_short_circuit_operator.py took 0.169 seconds
[2022-12-14T17:50:19.583+0000] {processor.py:154} INFO - Started process (PID=1029) to work on /home/airflow/.local/lib/python3.7/site-packages/airflow/example_dags/example_short_circuit_operator.py
[2022-12-14T17:50:19.586+0000] {processor.py:756} INFO - Processing file /home/airflow/.local/lib/python3.7/site-packages/airflow/example_dags/example_short_circuit_operator.py for tasks to queue
[2022-12-14T17:50:19.587+0000] {logging_mixin.py:137} INFO - [2022-12-14T17:50:19.587+0000] {dagbag.py:537} INFO - Filling up the DagBag from /home/airflow/.local/lib/python3.7/site-packages/airflow/example_dags/example_short_circuit_operator.py
[2022-12-14T17:50:19.642+0000] {processor.py:766} INFO - DAG(s) dict_keys(['example_short_circuit_operator']) retrieved from /home/airflow/.local/lib/python3.7/site-packages/airflow/example_dags/example_short_circuit_operator.py
[2022-12-14T17:50:19.755+0000] {logging_mixin.py:137} INFO - [2022-12-14T17:50:19.754+0000] {dag.py:2585} INFO - Sync 1 DAGs
[2022-12-14T17:50:19.864+0000] {logging_mixin.py:137} INFO - [2022-12-14T17:50:19.863+0000] {dag.py:3340} INFO - Setting next_dagrun for example_short_circuit_operator to 2022-12-13T17:50:19.863413+00:00, run_after=2022-12-14T17:50:19.863413+00:00
[2022-12-14T17:50:19.942+0000] {processor.py:176} INFO - Processing /home/airflow/.local/lib/python3.7/site-packages/airflow/example_dags/example_short_circuit_operator.py took 0.364 seconds
[2022-12-14T17:50:50.238+0000] {processor.py:154} INFO - Started process (PID=1084) to work on /home/airflow/.local/lib/python3.7/site-packages/airflow/example_dags/example_short_circuit_operator.py
[2022-12-14T17:50:50.239+0000] {processor.py:756} INFO - Processing file /home/airflow/.local/lib/python3.7/site-packages/airflow/example_dags/example_short_circuit_operator.py for tasks to queue
[2022-12-14T17:50:50.240+0000] {logging_mixin.py:137} INFO - [2022-12-14T17:50:50.240+0000] {dagbag.py:537} INFO - Filling up the DagBag from /home/airflow/.local/lib/python3.7/site-packages/airflow/example_dags/example_short_circuit_operator.py
[2022-12-14T17:50:50.279+0000] {processor.py:766} INFO - DAG(s) dict_keys(['example_short_circuit_operator']) retrieved from /home/airflow/.local/lib/python3.7/site-packages/airflow/example_dags/example_short_circuit_operator.py
[2022-12-14T17:50:50.367+0000] {logging_mixin.py:137} INFO - [2022-12-14T17:50:50.367+0000] {dag.py:2585} INFO - Sync 1 DAGs
[2022-12-14T17:50:50.421+0000] {logging_mixin.py:137} INFO - [2022-12-14T17:50:50.421+0000] {dag.py:3340} INFO - Setting next_dagrun for example_short_circuit_operator to 2022-12-13T17:50:50.421087+00:00, run_after=2022-12-14T17:50:50.421087+00:00
[2022-12-14T17:50:50.456+0000] {processor.py:176} INFO - Processing /home/airflow/.local/lib/python3.7/site-packages/airflow/example_dags/example_short_circuit_operator.py took 0.223 seconds
[2022-12-14T17:51:20.905+0000] {processor.py:154} INFO - Started process (PID=1140) to work on /home/airflow/.local/lib/python3.7/site-packages/airflow/example_dags/example_short_circuit_operator.py
[2022-12-14T17:51:20.906+0000] {processor.py:756} INFO - Processing file /home/airflow/.local/lib/python3.7/site-packages/airflow/example_dags/example_short_circuit_operator.py for tasks to queue
[2022-12-14T17:51:20.907+0000] {logging_mixin.py:137} INFO - [2022-12-14T17:51:20.907+0000] {dagbag.py:537} INFO - Filling up the DagBag from /home/airflow/.local/lib/python3.7/site-packages/airflow/example_dags/example_short_circuit_operator.py
[2022-12-14T17:51:20.939+0000] {processor.py:766} INFO - DAG(s) dict_keys(['example_short_circuit_operator']) retrieved from /home/airflow/.local/lib/python3.7/site-packages/airflow/example_dags/example_short_circuit_operator.py
[2022-12-14T17:51:21.016+0000] {logging_mixin.py:137} INFO - [2022-12-14T17:51:21.016+0000] {dag.py:2585} INFO - Sync 1 DAGs
[2022-12-14T17:51:21.078+0000] {logging_mixin.py:137} INFO - [2022-12-14T17:51:21.078+0000] {dag.py:3340} INFO - Setting next_dagrun for example_short_circuit_operator to 2022-12-13T17:51:21.077910+00:00, run_after=2022-12-14T17:51:21.077910+00:00
[2022-12-14T17:51:21.114+0000] {processor.py:176} INFO - Processing /home/airflow/.local/lib/python3.7/site-packages/airflow/example_dags/example_short_circuit_operator.py took 0.214 seconds
[2022-12-14T17:51:51.933+0000] {processor.py:154} INFO - Started process (PID=1194) to work on /home/airflow/.local/lib/python3.7/site-packages/airflow/example_dags/example_short_circuit_operator.py
[2022-12-14T17:51:51.935+0000] {processor.py:756} INFO - Processing file /home/airflow/.local/lib/python3.7/site-packages/airflow/example_dags/example_short_circuit_operator.py for tasks to queue
[2022-12-14T17:51:51.937+0000] {logging_mixin.py:137} INFO - [2022-12-14T17:51:51.937+0000] {dagbag.py:537} INFO - Filling up the DagBag from /home/airflow/.local/lib/python3.7/site-packages/airflow/example_dags/example_short_circuit_operator.py
[2022-12-14T17:51:51.990+0000] {processor.py:766} INFO - DAG(s) dict_keys(['example_short_circuit_operator']) retrieved from /home/airflow/.local/lib/python3.7/site-packages/airflow/example_dags/example_short_circuit_operator.py
[2022-12-14T17:51:52.113+0000] {logging_mixin.py:137} INFO - [2022-12-14T17:51:52.113+0000] {dag.py:2585} INFO - Sync 1 DAGs
[2022-12-14T17:51:52.189+0000] {logging_mixin.py:137} INFO - [2022-12-14T17:51:52.188+0000] {dag.py:3340} INFO - Setting next_dagrun for example_short_circuit_operator to 2022-12-13T17:51:52.188262+00:00, run_after=2022-12-14T17:51:52.188262+00:00
[2022-12-14T17:51:52.267+0000] {processor.py:176} INFO - Processing /home/airflow/.local/lib/python3.7/site-packages/airflow/example_dags/example_short_circuit_operator.py took 0.340 seconds
[2022-12-14T17:52:22.569+0000] {processor.py:154} INFO - Started process (PID=1249) to work on /home/airflow/.local/lib/python3.7/site-packages/airflow/example_dags/example_short_circuit_operator.py
[2022-12-14T17:52:22.571+0000] {processor.py:756} INFO - Processing file /home/airflow/.local/lib/python3.7/site-packages/airflow/example_dags/example_short_circuit_operator.py for tasks to queue
[2022-12-14T17:52:22.577+0000] {logging_mixin.py:137} INFO - [2022-12-14T17:52:22.576+0000] {dagbag.py:537} INFO - Filling up the DagBag from /home/airflow/.local/lib/python3.7/site-packages/airflow/example_dags/example_short_circuit_operator.py
[2022-12-14T17:52:22.620+0000] {processor.py:766} INFO - DAG(s) dict_keys(['example_short_circuit_operator']) retrieved from /home/airflow/.local/lib/python3.7/site-packages/airflow/example_dags/example_short_circuit_operator.py
[2022-12-14T17:52:22.764+0000] {logging_mixin.py:137} INFO - [2022-12-14T17:52:22.764+0000] {dag.py:2585} INFO - Sync 1 DAGs
[2022-12-14T17:52:22.860+0000] {logging_mixin.py:137} INFO - [2022-12-14T17:52:22.860+0000] {dag.py:3340} INFO - Setting next_dagrun for example_short_circuit_operator to 2022-12-13T17:52:22.859719+00:00, run_after=2022-12-14T17:52:22.859719+00:00
[2022-12-14T17:52:22.953+0000] {processor.py:176} INFO - Processing /home/airflow/.local/lib/python3.7/site-packages/airflow/example_dags/example_short_circuit_operator.py took 0.398 seconds
[2022-12-14T17:52:53.548+0000] {processor.py:154} INFO - Started process (PID=1303) to work on /home/airflow/.local/lib/python3.7/site-packages/airflow/example_dags/example_short_circuit_operator.py
[2022-12-14T17:52:53.551+0000] {processor.py:756} INFO - Processing file /home/airflow/.local/lib/python3.7/site-packages/airflow/example_dags/example_short_circuit_operator.py for tasks to queue
[2022-12-14T17:52:53.555+0000] {logging_mixin.py:137} INFO - [2022-12-14T17:52:53.554+0000] {dagbag.py:537} INFO - Filling up the DagBag from /home/airflow/.local/lib/python3.7/site-packages/airflow/example_dags/example_short_circuit_operator.py
[2022-12-14T17:52:53.595+0000] {processor.py:766} INFO - DAG(s) dict_keys(['example_short_circuit_operator']) retrieved from /home/airflow/.local/lib/python3.7/site-packages/airflow/example_dags/example_short_circuit_operator.py
[2022-12-14T17:52:53.693+0000] {logging_mixin.py:137} INFO - [2022-12-14T17:52:53.693+0000] {dag.py:2585} INFO - Sync 1 DAGs
[2022-12-14T17:52:53.790+0000] {logging_mixin.py:137} INFO - [2022-12-14T17:52:53.789+0000] {dag.py:3340} INFO - Setting next_dagrun for example_short_circuit_operator to 2022-12-13T17:52:53.789414+00:00, run_after=2022-12-14T17:52:53.789414+00:00
[2022-12-14T17:52:53.903+0000] {processor.py:176} INFO - Processing /home/airflow/.local/lib/python3.7/site-packages/airflow/example_dags/example_short_circuit_operator.py took 0.362 seconds
[2022-12-14T17:53:26.182+0000] {processor.py:154} INFO - Started process (PID=1365) to work on /home/airflow/.local/lib/python3.7/site-packages/airflow/example_dags/example_short_circuit_operator.py
[2022-12-14T17:53:26.194+0000] {processor.py:756} INFO - Processing file /home/airflow/.local/lib/python3.7/site-packages/airflow/example_dags/example_short_circuit_operator.py for tasks to queue
[2022-12-14T17:53:26.196+0000] {logging_mixin.py:137} INFO - [2022-12-14T17:53:26.195+0000] {dagbag.py:537} INFO - Filling up the DagBag from /home/airflow/.local/lib/python3.7/site-packages/airflow/example_dags/example_short_circuit_operator.py
[2022-12-14T17:53:26.231+0000] {processor.py:766} INFO - DAG(s) dict_keys(['example_short_circuit_operator']) retrieved from /home/airflow/.local/lib/python3.7/site-packages/airflow/example_dags/example_short_circuit_operator.py
[2022-12-14T17:53:26.357+0000] {logging_mixin.py:137} INFO - [2022-12-14T17:53:26.357+0000] {dag.py:2585} INFO - Sync 1 DAGs
[2022-12-14T17:53:26.432+0000] {logging_mixin.py:137} INFO - [2022-12-14T17:53:26.432+0000] {dag.py:3340} INFO - Setting next_dagrun for example_short_circuit_operator to 2022-12-13T17:53:26.432027+00:00, run_after=2022-12-14T17:53:26.432027+00:00
[2022-12-14T17:53:26.479+0000] {processor.py:176} INFO - Processing /home/airflow/.local/lib/python3.7/site-packages/airflow/example_dags/example_short_circuit_operator.py took 0.324 seconds
[2022-12-14T17:53:56.597+0000] {processor.py:154} INFO - Started process (PID=1420) to work on /home/airflow/.local/lib/python3.7/site-packages/airflow/example_dags/example_short_circuit_operator.py
[2022-12-14T17:53:56.599+0000] {processor.py:756} INFO - Processing file /home/airflow/.local/lib/python3.7/site-packages/airflow/example_dags/example_short_circuit_operator.py for tasks to queue
[2022-12-14T17:53:56.600+0000] {logging_mixin.py:137} INFO - [2022-12-14T17:53:56.599+0000] {dagbag.py:537} INFO - Filling up the DagBag from /home/airflow/.local/lib/python3.7/site-packages/airflow/example_dags/example_short_circuit_operator.py
[2022-12-14T17:53:56.631+0000] {processor.py:766} INFO - DAG(s) dict_keys(['example_short_circuit_operator']) retrieved from /home/airflow/.local/lib/python3.7/site-packages/airflow/example_dags/example_short_circuit_operator.py
[2022-12-14T17:53:56.695+0000] {logging_mixin.py:137} INFO - [2022-12-14T17:53:56.695+0000] {dag.py:2585} INFO - Sync 1 DAGs
[2022-12-14T17:53:56.743+0000] {logging_mixin.py:137} INFO - [2022-12-14T17:53:56.743+0000] {dag.py:3340} INFO - Setting next_dagrun for example_short_circuit_operator to 2022-12-13T17:53:56.743499+00:00, run_after=2022-12-14T17:53:56.743499+00:00
[2022-12-14T17:53:56.772+0000] {processor.py:176} INFO - Processing /home/airflow/.local/lib/python3.7/site-packages/airflow/example_dags/example_short_circuit_operator.py took 0.180 seconds
[2022-12-14T17:54:27.343+0000] {processor.py:154} INFO - Started process (PID=1474) to work on /home/airflow/.local/lib/python3.7/site-packages/airflow/example_dags/example_short_circuit_operator.py
[2022-12-14T17:54:27.345+0000] {processor.py:756} INFO - Processing file /home/airflow/.local/lib/python3.7/site-packages/airflow/example_dags/example_short_circuit_operator.py for tasks to queue
[2022-12-14T17:54:27.345+0000] {logging_mixin.py:137} INFO - [2022-12-14T17:54:27.345+0000] {dagbag.py:537} INFO - Filling up the DagBag from /home/airflow/.local/lib/python3.7/site-packages/airflow/example_dags/example_short_circuit_operator.py
[2022-12-14T17:54:27.385+0000] {processor.py:766} INFO - DAG(s) dict_keys(['example_short_circuit_operator']) retrieved from /home/airflow/.local/lib/python3.7/site-packages/airflow/example_dags/example_short_circuit_operator.py
[2022-12-14T17:54:27.466+0000] {logging_mixin.py:137} INFO - [2022-12-14T17:54:27.466+0000] {dag.py:2585} INFO - Sync 1 DAGs
[2022-12-14T17:54:27.522+0000] {logging_mixin.py:137} INFO - [2022-12-14T17:54:27.522+0000] {dag.py:3340} INFO - Setting next_dagrun for example_short_circuit_operator to 2022-12-13T17:54:27.521791+00:00, run_after=2022-12-14T17:54:27.521791+00:00
[2022-12-14T17:54:27.584+0000] {processor.py:176} INFO - Processing /home/airflow/.local/lib/python3.7/site-packages/airflow/example_dags/example_short_circuit_operator.py took 0.246 seconds
[2022-12-14T17:54:58.404+0000] {processor.py:154} INFO - Started process (PID=1528) to work on /home/airflow/.local/lib/python3.7/site-packages/airflow/example_dags/example_short_circuit_operator.py
[2022-12-14T17:54:58.405+0000] {processor.py:756} INFO - Processing file /home/airflow/.local/lib/python3.7/site-packages/airflow/example_dags/example_short_circuit_operator.py for tasks to queue
[2022-12-14T17:54:58.407+0000] {logging_mixin.py:137} INFO - [2022-12-14T17:54:58.406+0000] {dagbag.py:537} INFO - Filling up the DagBag from /home/airflow/.local/lib/python3.7/site-packages/airflow/example_dags/example_short_circuit_operator.py
[2022-12-14T17:54:58.438+0000] {processor.py:766} INFO - DAG(s) dict_keys(['example_short_circuit_operator']) retrieved from /home/airflow/.local/lib/python3.7/site-packages/airflow/example_dags/example_short_circuit_operator.py
[2022-12-14T17:54:58.511+0000] {logging_mixin.py:137} INFO - [2022-12-14T17:54:58.511+0000] {dag.py:2585} INFO - Sync 1 DAGs
[2022-12-14T17:54:58.561+0000] {logging_mixin.py:137} INFO - [2022-12-14T17:54:58.560+0000] {dag.py:3340} INFO - Setting next_dagrun for example_short_circuit_operator to 2022-12-13T17:54:58.560509+00:00, run_after=2022-12-14T17:54:58.560509+00:00
[2022-12-14T17:54:58.599+0000] {processor.py:176} INFO - Processing /home/airflow/.local/lib/python3.7/site-packages/airflow/example_dags/example_short_circuit_operator.py took 0.201 seconds
[2022-12-14T17:55:29.201+0000] {processor.py:154} INFO - Started process (PID=1589) to work on /home/airflow/.local/lib/python3.7/site-packages/airflow/example_dags/example_short_circuit_operator.py
[2022-12-14T17:55:29.208+0000] {processor.py:756} INFO - Processing file /home/airflow/.local/lib/python3.7/site-packages/airflow/example_dags/example_short_circuit_operator.py for tasks to queue
[2022-12-14T17:55:29.210+0000] {logging_mixin.py:137} INFO - [2022-12-14T17:55:29.209+0000] {dagbag.py:537} INFO - Filling up the DagBag from /home/airflow/.local/lib/python3.7/site-packages/airflow/example_dags/example_short_circuit_operator.py
[2022-12-14T17:55:29.300+0000] {processor.py:766} INFO - DAG(s) dict_keys(['example_short_circuit_operator']) retrieved from /home/airflow/.local/lib/python3.7/site-packages/airflow/example_dags/example_short_circuit_operator.py
[2022-12-14T17:55:29.523+0000] {logging_mixin.py:137} INFO - [2022-12-14T17:55:29.522+0000] {dag.py:2585} INFO - Sync 1 DAGs
[2022-12-14T17:55:29.608+0000] {logging_mixin.py:137} INFO - [2022-12-14T17:55:29.607+0000] {dag.py:3340} INFO - Setting next_dagrun for example_short_circuit_operator to 2022-12-13T17:55:29.607572+00:00, run_after=2022-12-14T17:55:29.607572+00:00
[2022-12-14T17:55:29.680+0000] {processor.py:176} INFO - Processing /home/airflow/.local/lib/python3.7/site-packages/airflow/example_dags/example_short_circuit_operator.py took 0.496 seconds
[2022-12-14T17:55:59.758+0000] {processor.py:154} INFO - Started process (PID=1642) to work on /home/airflow/.local/lib/python3.7/site-packages/airflow/example_dags/example_short_circuit_operator.py
[2022-12-14T17:55:59.758+0000] {processor.py:756} INFO - Processing file /home/airflow/.local/lib/python3.7/site-packages/airflow/example_dags/example_short_circuit_operator.py for tasks to queue
[2022-12-14T17:55:59.759+0000] {logging_mixin.py:137} INFO - [2022-12-14T17:55:59.759+0000] {dagbag.py:537} INFO - Filling up the DagBag from /home/airflow/.local/lib/python3.7/site-packages/airflow/example_dags/example_short_circuit_operator.py
[2022-12-14T17:55:59.788+0000] {processor.py:766} INFO - DAG(s) dict_keys(['example_short_circuit_operator']) retrieved from /home/airflow/.local/lib/python3.7/site-packages/airflow/example_dags/example_short_circuit_operator.py
[2022-12-14T17:55:59.863+0000] {logging_mixin.py:137} INFO - [2022-12-14T17:55:59.863+0000] {dag.py:2585} INFO - Sync 1 DAGs
[2022-12-14T17:55:59.931+0000] {logging_mixin.py:137} INFO - [2022-12-14T17:55:59.931+0000] {dag.py:3340} INFO - Setting next_dagrun for example_short_circuit_operator to 2022-12-13T17:55:59.931252+00:00, run_after=2022-12-14T17:55:59.931252+00:00
[2022-12-14T17:55:59.961+0000] {processor.py:176} INFO - Processing /home/airflow/.local/lib/python3.7/site-packages/airflow/example_dags/example_short_circuit_operator.py took 0.208 seconds
[2022-12-14T17:56:30.697+0000] {processor.py:154} INFO - Started process (PID=1694) to work on /home/airflow/.local/lib/python3.7/site-packages/airflow/example_dags/example_short_circuit_operator.py
[2022-12-14T17:56:30.699+0000] {processor.py:756} INFO - Processing file /home/airflow/.local/lib/python3.7/site-packages/airflow/example_dags/example_short_circuit_operator.py for tasks to queue
[2022-12-14T17:56:30.699+0000] {logging_mixin.py:137} INFO - [2022-12-14T17:56:30.699+0000] {dagbag.py:537} INFO - Filling up the DagBag from /home/airflow/.local/lib/python3.7/site-packages/airflow/example_dags/example_short_circuit_operator.py
[2022-12-14T17:56:30.728+0000] {processor.py:766} INFO - DAG(s) dict_keys(['example_short_circuit_operator']) retrieved from /home/airflow/.local/lib/python3.7/site-packages/airflow/example_dags/example_short_circuit_operator.py
[2022-12-14T17:56:30.804+0000] {logging_mixin.py:137} INFO - [2022-12-14T17:56:30.803+0000] {dag.py:2585} INFO - Sync 1 DAGs
[2022-12-14T17:56:30.851+0000] {logging_mixin.py:137} INFO - [2022-12-14T17:56:30.850+0000] {dag.py:3340} INFO - Setting next_dagrun for example_short_circuit_operator to 2022-12-13T17:56:30.850571+00:00, run_after=2022-12-14T17:56:30.850571+00:00
[2022-12-14T17:56:30.874+0000] {processor.py:176} INFO - Processing /home/airflow/.local/lib/python3.7/site-packages/airflow/example_dags/example_short_circuit_operator.py took 0.181 seconds
[2022-12-14T18:00:10.953+0000] {processor.py:154} INFO - Started process (PID=104) to work on /home/airflow/.local/lib/python3.7/site-packages/airflow/example_dags/example_short_circuit_operator.py
[2022-12-14T18:00:10.971+0000] {processor.py:756} INFO - Processing file /home/airflow/.local/lib/python3.7/site-packages/airflow/example_dags/example_short_circuit_operator.py for tasks to queue
[2022-12-14T18:00:10.972+0000] {logging_mixin.py:137} INFO - [2022-12-14T18:00:10.972+0000] {dagbag.py:537} INFO - Filling up the DagBag from /home/airflow/.local/lib/python3.7/site-packages/airflow/example_dags/example_short_circuit_operator.py
[2022-12-14T18:00:11.081+0000] {processor.py:766} INFO - DAG(s) dict_keys(['example_short_circuit_operator']) retrieved from /home/airflow/.local/lib/python3.7/site-packages/airflow/example_dags/example_short_circuit_operator.py
[2022-12-14T18:00:11.375+0000] {logging_mixin.py:137} INFO - [2022-12-14T18:00:11.375+0000] {dag.py:2585} INFO - Sync 1 DAGs
[2022-12-14T18:00:11.580+0000] {logging_mixin.py:137} INFO - [2022-12-14T18:00:11.579+0000] {dag.py:3340} INFO - Setting next_dagrun for example_short_circuit_operator to 2022-12-13T18:00:11.579484+00:00, run_after=2022-12-14T18:00:11.579484+00:00
[2022-12-14T18:00:11.663+0000] {processor.py:176} INFO - Processing /home/airflow/.local/lib/python3.7/site-packages/airflow/example_dags/example_short_circuit_operator.py took 0.715 seconds
[2022-12-14T18:00:42.000+0000] {processor.py:154} INFO - Started process (PID=158) to work on /home/airflow/.local/lib/python3.7/site-packages/airflow/example_dags/example_short_circuit_operator.py
[2022-12-14T18:00:42.001+0000] {processor.py:756} INFO - Processing file /home/airflow/.local/lib/python3.7/site-packages/airflow/example_dags/example_short_circuit_operator.py for tasks to queue
[2022-12-14T18:00:42.002+0000] {logging_mixin.py:137} INFO - [2022-12-14T18:00:42.002+0000] {dagbag.py:537} INFO - Filling up the DagBag from /home/airflow/.local/lib/python3.7/site-packages/airflow/example_dags/example_short_circuit_operator.py
[2022-12-14T18:00:42.032+0000] {processor.py:766} INFO - DAG(s) dict_keys(['example_short_circuit_operator']) retrieved from /home/airflow/.local/lib/python3.7/site-packages/airflow/example_dags/example_short_circuit_operator.py
[2022-12-14T18:00:42.103+0000] {logging_mixin.py:137} INFO - [2022-12-14T18:00:42.103+0000] {dag.py:2585} INFO - Sync 1 DAGs
[2022-12-14T18:00:42.167+0000] {logging_mixin.py:137} INFO - [2022-12-14T18:00:42.167+0000] {dag.py:3340} INFO - Setting next_dagrun for example_short_circuit_operator to 2022-12-13T18:00:42.166638+00:00, run_after=2022-12-14T18:00:42.166638+00:00
[2022-12-14T18:00:42.252+0000] {processor.py:176} INFO - Processing /home/airflow/.local/lib/python3.7/site-packages/airflow/example_dags/example_short_circuit_operator.py took 0.256 seconds
[2022-12-14T18:01:12.396+0000] {processor.py:154} INFO - Started process (PID=215) to work on /home/airflow/.local/lib/python3.7/site-packages/airflow/example_dags/example_short_circuit_operator.py
[2022-12-14T18:01:12.463+0000] {processor.py:756} INFO - Processing file /home/airflow/.local/lib/python3.7/site-packages/airflow/example_dags/example_short_circuit_operator.py for tasks to queue
[2022-12-14T18:01:12.464+0000] {logging_mixin.py:137} INFO - [2022-12-14T18:01:12.464+0000] {dagbag.py:537} INFO - Filling up the DagBag from /home/airflow/.local/lib/python3.7/site-packages/airflow/example_dags/example_short_circuit_operator.py
[2022-12-14T18:01:12.496+0000] {processor.py:766} INFO - DAG(s) dict_keys(['example_short_circuit_operator']) retrieved from /home/airflow/.local/lib/python3.7/site-packages/airflow/example_dags/example_short_circuit_operator.py
[2022-12-14T18:01:12.584+0000] {logging_mixin.py:137} INFO - [2022-12-14T18:01:12.584+0000] {dag.py:2585} INFO - Sync 1 DAGs
[2022-12-14T18:01:12.729+0000] {logging_mixin.py:137} INFO - [2022-12-14T18:01:12.729+0000] {dag.py:3340} INFO - Setting next_dagrun for example_short_circuit_operator to 2022-12-13T18:01:12.728592+00:00, run_after=2022-12-14T18:01:12.728592+00:00
[2022-12-14T18:01:12.821+0000] {processor.py:176} INFO - Processing /home/airflow/.local/lib/python3.7/site-packages/airflow/example_dags/example_short_circuit_operator.py took 0.430 seconds
[2022-12-14T18:01:42.889+0000] {processor.py:154} INFO - Started process (PID=279) to work on /home/airflow/.local/lib/python3.7/site-packages/airflow/example_dags/example_short_circuit_operator.py
[2022-12-14T18:01:42.890+0000] {processor.py:756} INFO - Processing file /home/airflow/.local/lib/python3.7/site-packages/airflow/example_dags/example_short_circuit_operator.py for tasks to queue
[2022-12-14T18:01:42.892+0000] {logging_mixin.py:137} INFO - [2022-12-14T18:01:42.892+0000] {dagbag.py:537} INFO - Filling up the DagBag from /home/airflow/.local/lib/python3.7/site-packages/airflow/example_dags/example_short_circuit_operator.py
[2022-12-14T18:01:42.924+0000] {processor.py:766} INFO - DAG(s) dict_keys(['example_short_circuit_operator']) retrieved from /home/airflow/.local/lib/python3.7/site-packages/airflow/example_dags/example_short_circuit_operator.py
[2022-12-14T18:01:43.000+0000] {logging_mixin.py:137} INFO - [2022-12-14T18:01:43.000+0000] {dag.py:2585} INFO - Sync 1 DAGs
[2022-12-14T18:01:43.055+0000] {logging_mixin.py:137} INFO - [2022-12-14T18:01:43.055+0000] {dag.py:3340} INFO - Setting next_dagrun for example_short_circuit_operator to 2022-12-13T18:01:43.054726+00:00, run_after=2022-12-14T18:01:43.054726+00:00
[2022-12-14T18:01:43.091+0000] {processor.py:176} INFO - Processing /home/airflow/.local/lib/python3.7/site-packages/airflow/example_dags/example_short_circuit_operator.py took 0.206 seconds
[2022-12-14T18:02:13.122+0000] {processor.py:154} INFO - Started process (PID=333) to work on /home/airflow/.local/lib/python3.7/site-packages/airflow/example_dags/example_short_circuit_operator.py
[2022-12-14T18:02:13.149+0000] {processor.py:756} INFO - Processing file /home/airflow/.local/lib/python3.7/site-packages/airflow/example_dags/example_short_circuit_operator.py for tasks to queue
[2022-12-14T18:02:13.151+0000] {logging_mixin.py:137} INFO - [2022-12-14T18:02:13.151+0000] {dagbag.py:537} INFO - Filling up the DagBag from /home/airflow/.local/lib/python3.7/site-packages/airflow/example_dags/example_short_circuit_operator.py
[2022-12-14T18:02:13.185+0000] {processor.py:766} INFO - DAG(s) dict_keys(['example_short_circuit_operator']) retrieved from /home/airflow/.local/lib/python3.7/site-packages/airflow/example_dags/example_short_circuit_operator.py
[2022-12-14T18:02:13.253+0000] {logging_mixin.py:137} INFO - [2022-12-14T18:02:13.253+0000] {dag.py:2585} INFO - Sync 1 DAGs
[2022-12-14T18:02:13.309+0000] {logging_mixin.py:137} INFO - [2022-12-14T18:02:13.309+0000] {dag.py:3340} INFO - Setting next_dagrun for example_short_circuit_operator to 2022-12-13T18:02:13.309289+00:00, run_after=2022-12-14T18:02:13.309289+00:00
[2022-12-14T18:02:13.339+0000] {processor.py:176} INFO - Processing /home/airflow/.local/lib/python3.7/site-packages/airflow/example_dags/example_short_circuit_operator.py took 0.222 seconds
[2022-12-14T18:02:44.616+0000] {processor.py:154} INFO - Started process (PID=394) to work on /home/airflow/.local/lib/python3.7/site-packages/airflow/example_dags/example_short_circuit_operator.py
[2022-12-14T18:02:44.617+0000] {processor.py:756} INFO - Processing file /home/airflow/.local/lib/python3.7/site-packages/airflow/example_dags/example_short_circuit_operator.py for tasks to queue
[2022-12-14T18:02:44.619+0000] {logging_mixin.py:137} INFO - [2022-12-14T18:02:44.618+0000] {dagbag.py:537} INFO - Filling up the DagBag from /home/airflow/.local/lib/python3.7/site-packages/airflow/example_dags/example_short_circuit_operator.py
[2022-12-14T18:02:44.651+0000] {processor.py:766} INFO - DAG(s) dict_keys(['example_short_circuit_operator']) retrieved from /home/airflow/.local/lib/python3.7/site-packages/airflow/example_dags/example_short_circuit_operator.py
[2022-12-14T18:02:44.719+0000] {logging_mixin.py:137} INFO - [2022-12-14T18:02:44.719+0000] {dag.py:2585} INFO - Sync 1 DAGs
[2022-12-14T18:02:44.769+0000] {logging_mixin.py:137} INFO - [2022-12-14T18:02:44.769+0000] {dag.py:3340} INFO - Setting next_dagrun for example_short_circuit_operator to 2022-12-13T18:02:44.768839+00:00, run_after=2022-12-14T18:02:44.768839+00:00
[2022-12-14T18:02:44.809+0000] {processor.py:176} INFO - Processing /home/airflow/.local/lib/python3.7/site-packages/airflow/example_dags/example_short_circuit_operator.py took 0.198 seconds
[2022-12-14T18:03:15.288+0000] {processor.py:154} INFO - Started process (PID=449) to work on /home/airflow/.local/lib/python3.7/site-packages/airflow/example_dags/example_short_circuit_operator.py
[2022-12-14T18:03:15.289+0000] {processor.py:756} INFO - Processing file /home/airflow/.local/lib/python3.7/site-packages/airflow/example_dags/example_short_circuit_operator.py for tasks to queue
[2022-12-14T18:03:15.291+0000] {logging_mixin.py:137} INFO - [2022-12-14T18:03:15.290+0000] {dagbag.py:537} INFO - Filling up the DagBag from /home/airflow/.local/lib/python3.7/site-packages/airflow/example_dags/example_short_circuit_operator.py
[2022-12-14T18:03:15.328+0000] {processor.py:766} INFO - DAG(s) dict_keys(['example_short_circuit_operator']) retrieved from /home/airflow/.local/lib/python3.7/site-packages/airflow/example_dags/example_short_circuit_operator.py
[2022-12-14T18:03:15.433+0000] {logging_mixin.py:137} INFO - [2022-12-14T18:03:15.433+0000] {dag.py:2585} INFO - Sync 1 DAGs
[2022-12-14T18:03:15.494+0000] {logging_mixin.py:137} INFO - [2022-12-14T18:03:15.494+0000] {dag.py:3340} INFO - Setting next_dagrun for example_short_circuit_operator to 2022-12-13T18:03:15.494223+00:00, run_after=2022-12-14T18:03:15.494223+00:00
[2022-12-14T18:03:15.535+0000] {processor.py:176} INFO - Processing /home/airflow/.local/lib/python3.7/site-packages/airflow/example_dags/example_short_circuit_operator.py took 0.253 seconds
[2022-12-14T18:03:46.043+0000] {processor.py:154} INFO - Started process (PID=503) to work on /home/airflow/.local/lib/python3.7/site-packages/airflow/example_dags/example_short_circuit_operator.py
[2022-12-14T18:03:46.044+0000] {processor.py:756} INFO - Processing file /home/airflow/.local/lib/python3.7/site-packages/airflow/example_dags/example_short_circuit_operator.py for tasks to queue
[2022-12-14T18:03:46.045+0000] {logging_mixin.py:137} INFO - [2022-12-14T18:03:46.045+0000] {dagbag.py:537} INFO - Filling up the DagBag from /home/airflow/.local/lib/python3.7/site-packages/airflow/example_dags/example_short_circuit_operator.py
[2022-12-14T18:03:46.079+0000] {processor.py:766} INFO - DAG(s) dict_keys(['example_short_circuit_operator']) retrieved from /home/airflow/.local/lib/python3.7/site-packages/airflow/example_dags/example_short_circuit_operator.py
[2022-12-14T18:03:46.158+0000] {logging_mixin.py:137} INFO - [2022-12-14T18:03:46.158+0000] {dag.py:2585} INFO - Sync 1 DAGs
[2022-12-14T18:03:46.211+0000] {logging_mixin.py:137} INFO - [2022-12-14T18:03:46.210+0000] {dag.py:3340} INFO - Setting next_dagrun for example_short_circuit_operator to 2022-12-13T18:03:46.210245+00:00, run_after=2022-12-14T18:03:46.210245+00:00
[2022-12-14T18:03:46.251+0000] {processor.py:176} INFO - Processing /home/airflow/.local/lib/python3.7/site-packages/airflow/example_dags/example_short_circuit_operator.py took 0.212 seconds
[2022-12-14T18:04:16.760+0000] {processor.py:154} INFO - Started process (PID=558) to work on /home/airflow/.local/lib/python3.7/site-packages/airflow/example_dags/example_short_circuit_operator.py
[2022-12-14T18:04:16.762+0000] {processor.py:756} INFO - Processing file /home/airflow/.local/lib/python3.7/site-packages/airflow/example_dags/example_short_circuit_operator.py for tasks to queue
[2022-12-14T18:04:16.764+0000] {logging_mixin.py:137} INFO - [2022-12-14T18:04:16.764+0000] {dagbag.py:537} INFO - Filling up the DagBag from /home/airflow/.local/lib/python3.7/site-packages/airflow/example_dags/example_short_circuit_operator.py
[2022-12-14T18:04:16.796+0000] {processor.py:766} INFO - DAG(s) dict_keys(['example_short_circuit_operator']) retrieved from /home/airflow/.local/lib/python3.7/site-packages/airflow/example_dags/example_short_circuit_operator.py
[2022-12-14T18:04:16.870+0000] {logging_mixin.py:137} INFO - [2022-12-14T18:04:16.870+0000] {dag.py:2585} INFO - Sync 1 DAGs
[2022-12-14T18:04:16.931+0000] {logging_mixin.py:137} INFO - [2022-12-14T18:04:16.930+0000] {dag.py:3340} INFO - Setting next_dagrun for example_short_circuit_operator to 2022-12-13T18:04:16.930386+00:00, run_after=2022-12-14T18:04:16.930386+00:00
[2022-12-14T18:04:16.988+0000] {processor.py:176} INFO - Processing /home/airflow/.local/lib/python3.7/site-packages/airflow/example_dags/example_short_circuit_operator.py took 0.239 seconds
[2022-12-14T18:04:47.427+0000] {processor.py:154} INFO - Started process (PID=622) to work on /home/airflow/.local/lib/python3.7/site-packages/airflow/example_dags/example_short_circuit_operator.py
[2022-12-14T18:04:47.432+0000] {processor.py:756} INFO - Processing file /home/airflow/.local/lib/python3.7/site-packages/airflow/example_dags/example_short_circuit_operator.py for tasks to queue
[2022-12-14T18:04:47.433+0000] {logging_mixin.py:137} INFO - [2022-12-14T18:04:47.433+0000] {dagbag.py:537} INFO - Filling up the DagBag from /home/airflow/.local/lib/python3.7/site-packages/airflow/example_dags/example_short_circuit_operator.py
[2022-12-14T18:04:47.461+0000] {processor.py:766} INFO - DAG(s) dict_keys(['example_short_circuit_operator']) retrieved from /home/airflow/.local/lib/python3.7/site-packages/airflow/example_dags/example_short_circuit_operator.py
[2022-12-14T18:04:47.539+0000] {logging_mixin.py:137} INFO - [2022-12-14T18:04:47.539+0000] {dag.py:2585} INFO - Sync 1 DAGs
[2022-12-14T18:04:47.590+0000] {logging_mixin.py:137} INFO - [2022-12-14T18:04:47.590+0000] {dag.py:3340} INFO - Setting next_dagrun for example_short_circuit_operator to 2022-12-13T18:04:47.590219+00:00, run_after=2022-12-14T18:04:47.590219+00:00
[2022-12-14T18:04:47.622+0000] {processor.py:176} INFO - Processing /home/airflow/.local/lib/python3.7/site-packages/airflow/example_dags/example_short_circuit_operator.py took 0.200 seconds
[2022-12-14T18:05:18.423+0000] {processor.py:154} INFO - Started process (PID=677) to work on /home/airflow/.local/lib/python3.7/site-packages/airflow/example_dags/example_short_circuit_operator.py
[2022-12-14T18:05:18.424+0000] {processor.py:756} INFO - Processing file /home/airflow/.local/lib/python3.7/site-packages/airflow/example_dags/example_short_circuit_operator.py for tasks to queue
[2022-12-14T18:05:18.425+0000] {logging_mixin.py:137} INFO - [2022-12-14T18:05:18.424+0000] {dagbag.py:537} INFO - Filling up the DagBag from /home/airflow/.local/lib/python3.7/site-packages/airflow/example_dags/example_short_circuit_operator.py
[2022-12-14T18:05:18.457+0000] {processor.py:766} INFO - DAG(s) dict_keys(['example_short_circuit_operator']) retrieved from /home/airflow/.local/lib/python3.7/site-packages/airflow/example_dags/example_short_circuit_operator.py
[2022-12-14T18:05:18.541+0000] {logging_mixin.py:137} INFO - [2022-12-14T18:05:18.540+0000] {dag.py:2585} INFO - Sync 1 DAGs
[2022-12-14T18:05:18.597+0000] {logging_mixin.py:137} INFO - [2022-12-14T18:05:18.597+0000] {dag.py:3340} INFO - Setting next_dagrun for example_short_circuit_operator to 2022-12-13T18:05:18.596941+00:00, run_after=2022-12-14T18:05:18.596941+00:00
[2022-12-14T18:05:18.661+0000] {processor.py:176} INFO - Processing /home/airflow/.local/lib/python3.7/site-packages/airflow/example_dags/example_short_circuit_operator.py took 0.244 seconds
[2022-12-14T18:05:49.469+0000] {processor.py:154} INFO - Started process (PID=732) to work on /home/airflow/.local/lib/python3.7/site-packages/airflow/example_dags/example_short_circuit_operator.py
[2022-12-14T18:05:49.470+0000] {processor.py:756} INFO - Processing file /home/airflow/.local/lib/python3.7/site-packages/airflow/example_dags/example_short_circuit_operator.py for tasks to queue
[2022-12-14T18:05:49.471+0000] {logging_mixin.py:137} INFO - [2022-12-14T18:05:49.471+0000] {dagbag.py:537} INFO - Filling up the DagBag from /home/airflow/.local/lib/python3.7/site-packages/airflow/example_dags/example_short_circuit_operator.py
[2022-12-14T18:05:49.504+0000] {processor.py:766} INFO - DAG(s) dict_keys(['example_short_circuit_operator']) retrieved from /home/airflow/.local/lib/python3.7/site-packages/airflow/example_dags/example_short_circuit_operator.py
[2022-12-14T18:05:49.578+0000] {logging_mixin.py:137} INFO - [2022-12-14T18:05:49.578+0000] {dag.py:2585} INFO - Sync 1 DAGs
[2022-12-14T18:05:49.634+0000] {logging_mixin.py:137} INFO - [2022-12-14T18:05:49.634+0000] {dag.py:3340} INFO - Setting next_dagrun for example_short_circuit_operator to 2022-12-13T18:05:49.633602+00:00, run_after=2022-12-14T18:05:49.633602+00:00
[2022-12-14T18:05:49.667+0000] {processor.py:176} INFO - Processing /home/airflow/.local/lib/python3.7/site-packages/airflow/example_dags/example_short_circuit_operator.py took 0.205 seconds
[2022-12-14T18:06:20.139+0000] {processor.py:154} INFO - Started process (PID=796) to work on /home/airflow/.local/lib/python3.7/site-packages/airflow/example_dags/example_short_circuit_operator.py
[2022-12-14T18:06:20.140+0000] {processor.py:756} INFO - Processing file /home/airflow/.local/lib/python3.7/site-packages/airflow/example_dags/example_short_circuit_operator.py for tasks to queue
[2022-12-14T18:06:20.142+0000] {logging_mixin.py:137} INFO - [2022-12-14T18:06:20.142+0000] {dagbag.py:537} INFO - Filling up the DagBag from /home/airflow/.local/lib/python3.7/site-packages/airflow/example_dags/example_short_circuit_operator.py
[2022-12-14T18:06:20.180+0000] {processor.py:766} INFO - DAG(s) dict_keys(['example_short_circuit_operator']) retrieved from /home/airflow/.local/lib/python3.7/site-packages/airflow/example_dags/example_short_circuit_operator.py
[2022-12-14T18:06:20.266+0000] {logging_mixin.py:137} INFO - [2022-12-14T18:06:20.265+0000] {dag.py:2585} INFO - Sync 1 DAGs
[2022-12-14T18:06:20.329+0000] {logging_mixin.py:137} INFO - [2022-12-14T18:06:20.328+0000] {dag.py:3340} INFO - Setting next_dagrun for example_short_circuit_operator to 2022-12-13T18:06:20.328448+00:00, run_after=2022-12-14T18:06:20.328448+00:00
[2022-12-14T18:06:20.374+0000] {processor.py:176} INFO - Processing /home/airflow/.local/lib/python3.7/site-packages/airflow/example_dags/example_short_circuit_operator.py took 0.242 seconds
