[2022-12-14T17:42:06.177+0000] {processor.py:154} INFO - Started process (PID=94) to work on /home/airflow/.local/lib/python3.7/site-packages/airflow/example_dags/example_skip_dag.py
[2022-12-14T17:42:06.179+0000] {processor.py:756} INFO - Processing file /home/airflow/.local/lib/python3.7/site-packages/airflow/example_dags/example_skip_dag.py for tasks to queue
[2022-12-14T17:42:06.179+0000] {logging_mixin.py:137} INFO - [2022-12-14T17:42:06.179+0000] {dagbag.py:537} INFO - Filling up the DagBag from /home/airflow/.local/lib/python3.7/site-packages/airflow/example_dags/example_skip_dag.py
[2022-12-14T17:42:06.215+0000] {processor.py:766} INFO - DAG(s) dict_keys(['example_skip_dag']) retrieved from /home/airflow/.local/lib/python3.7/site-packages/airflow/example_dags/example_skip_dag.py
[2022-12-14T17:42:06.300+0000] {logging_mixin.py:137} INFO - [2022-12-14T17:42:06.300+0000] {dag.py:2585} INFO - Sync 1 DAGs
[2022-12-14T17:42:06.398+0000] {logging_mixin.py:137} INFO - [2022-12-14T17:42:06.397+0000] {dag.py:3340} INFO - Setting next_dagrun for example_skip_dag to 2022-12-13T17:42:06.397412+00:00, run_after=2022-12-14T17:42:06.397412+00:00
[2022-12-14T17:42:06.497+0000] {processor.py:176} INFO - Processing /home/airflow/.local/lib/python3.7/site-packages/airflow/example_dags/example_skip_dag.py took 0.333 seconds
[2022-12-14T17:42:37.005+0000] {processor.py:154} INFO - Started process (PID=148) to work on /home/airflow/.local/lib/python3.7/site-packages/airflow/example_dags/example_skip_dag.py
[2022-12-14T17:42:37.006+0000] {processor.py:756} INFO - Processing file /home/airflow/.local/lib/python3.7/site-packages/airflow/example_dags/example_skip_dag.py for tasks to queue
[2022-12-14T17:42:37.007+0000] {logging_mixin.py:137} INFO - [2022-12-14T17:42:37.007+0000] {dagbag.py:537} INFO - Filling up the DagBag from /home/airflow/.local/lib/python3.7/site-packages/airflow/example_dags/example_skip_dag.py
[2022-12-14T17:42:37.032+0000] {processor.py:766} INFO - DAG(s) dict_keys(['example_skip_dag']) retrieved from /home/airflow/.local/lib/python3.7/site-packages/airflow/example_dags/example_skip_dag.py
[2022-12-14T17:42:37.105+0000] {logging_mixin.py:137} INFO - [2022-12-14T17:42:37.105+0000] {dag.py:2585} INFO - Sync 1 DAGs
[2022-12-14T17:42:37.209+0000] {logging_mixin.py:137} INFO - [2022-12-14T17:42:37.203+0000] {dag.py:3340} INFO - Setting next_dagrun for example_skip_dag to 2022-12-13T17:42:37.203050+00:00, run_after=2022-12-14T17:42:37.203050+00:00
[2022-12-14T17:42:37.278+0000] {processor.py:176} INFO - Processing /home/airflow/.local/lib/python3.7/site-packages/airflow/example_dags/example_skip_dag.py took 0.279 seconds
[2022-12-14T17:43:07.828+0000] {processor.py:154} INFO - Started process (PID=211) to work on /home/airflow/.local/lib/python3.7/site-packages/airflow/example_dags/example_skip_dag.py
[2022-12-14T17:43:07.829+0000] {processor.py:756} INFO - Processing file /home/airflow/.local/lib/python3.7/site-packages/airflow/example_dags/example_skip_dag.py for tasks to queue
[2022-12-14T17:43:07.830+0000] {logging_mixin.py:137} INFO - [2022-12-14T17:43:07.830+0000] {dagbag.py:537} INFO - Filling up the DagBag from /home/airflow/.local/lib/python3.7/site-packages/airflow/example_dags/example_skip_dag.py
[2022-12-14T17:43:07.850+0000] {processor.py:766} INFO - DAG(s) dict_keys(['example_skip_dag']) retrieved from /home/airflow/.local/lib/python3.7/site-packages/airflow/example_dags/example_skip_dag.py
[2022-12-14T17:43:07.908+0000] {logging_mixin.py:137} INFO - [2022-12-14T17:43:07.908+0000] {dag.py:2585} INFO - Sync 1 DAGs
[2022-12-14T17:43:07.952+0000] {logging_mixin.py:137} INFO - [2022-12-14T17:43:07.952+0000] {dag.py:3340} INFO - Setting next_dagrun for example_skip_dag to 2022-12-13T17:43:07.952130+00:00, run_after=2022-12-14T17:43:07.952130+00:00
[2022-12-14T17:43:08.023+0000] {processor.py:176} INFO - Processing /home/airflow/.local/lib/python3.7/site-packages/airflow/example_dags/example_skip_dag.py took 0.198 seconds
[2022-12-14T17:43:38.503+0000] {processor.py:154} INFO - Started process (PID=267) to work on /home/airflow/.local/lib/python3.7/site-packages/airflow/example_dags/example_skip_dag.py
[2022-12-14T17:43:38.504+0000] {processor.py:756} INFO - Processing file /home/airflow/.local/lib/python3.7/site-packages/airflow/example_dags/example_skip_dag.py for tasks to queue
[2022-12-14T17:43:38.505+0000] {logging_mixin.py:137} INFO - [2022-12-14T17:43:38.505+0000] {dagbag.py:537} INFO - Filling up the DagBag from /home/airflow/.local/lib/python3.7/site-packages/airflow/example_dags/example_skip_dag.py
[2022-12-14T17:43:38.529+0000] {processor.py:766} INFO - DAG(s) dict_keys(['example_skip_dag']) retrieved from /home/airflow/.local/lib/python3.7/site-packages/airflow/example_dags/example_skip_dag.py
[2022-12-14T17:43:38.597+0000] {logging_mixin.py:137} INFO - [2022-12-14T17:43:38.596+0000] {dag.py:2585} INFO - Sync 1 DAGs
[2022-12-14T17:43:38.649+0000] {logging_mixin.py:137} INFO - [2022-12-14T17:43:38.649+0000] {dag.py:3340} INFO - Setting next_dagrun for example_skip_dag to 2022-12-13T17:43:38.648672+00:00, run_after=2022-12-14T17:43:38.648672+00:00
[2022-12-14T17:43:38.680+0000] {processor.py:176} INFO - Processing /home/airflow/.local/lib/python3.7/site-packages/airflow/example_dags/example_skip_dag.py took 0.181 seconds
[2022-12-14T17:44:09.403+0000] {processor.py:154} INFO - Started process (PID=331) to work on /home/airflow/.local/lib/python3.7/site-packages/airflow/example_dags/example_skip_dag.py
[2022-12-14T17:44:09.404+0000] {processor.py:756} INFO - Processing file /home/airflow/.local/lib/python3.7/site-packages/airflow/example_dags/example_skip_dag.py for tasks to queue
[2022-12-14T17:44:09.404+0000] {logging_mixin.py:137} INFO - [2022-12-14T17:44:09.404+0000] {dagbag.py:537} INFO - Filling up the DagBag from /home/airflow/.local/lib/python3.7/site-packages/airflow/example_dags/example_skip_dag.py
[2022-12-14T17:44:09.424+0000] {processor.py:766} INFO - DAG(s) dict_keys(['example_skip_dag']) retrieved from /home/airflow/.local/lib/python3.7/site-packages/airflow/example_dags/example_skip_dag.py
[2022-12-14T17:44:09.484+0000] {logging_mixin.py:137} INFO - [2022-12-14T17:44:09.484+0000] {dag.py:2585} INFO - Sync 1 DAGs
[2022-12-14T17:44:09.532+0000] {logging_mixin.py:137} INFO - [2022-12-14T17:44:09.532+0000] {dag.py:3340} INFO - Setting next_dagrun for example_skip_dag to 2022-12-13T17:44:09.532253+00:00, run_after=2022-12-14T17:44:09.532253+00:00
[2022-12-14T17:44:09.566+0000] {processor.py:176} INFO - Processing /home/airflow/.local/lib/python3.7/site-packages/airflow/example_dags/example_skip_dag.py took 0.168 seconds
[2022-12-14T17:44:39.703+0000] {processor.py:154} INFO - Started process (PID=385) to work on /home/airflow/.local/lib/python3.7/site-packages/airflow/example_dags/example_skip_dag.py
[2022-12-14T17:44:39.704+0000] {processor.py:756} INFO - Processing file /home/airflow/.local/lib/python3.7/site-packages/airflow/example_dags/example_skip_dag.py for tasks to queue
[2022-12-14T17:44:39.705+0000] {logging_mixin.py:137} INFO - [2022-12-14T17:44:39.705+0000] {dagbag.py:537} INFO - Filling up the DagBag from /home/airflow/.local/lib/python3.7/site-packages/airflow/example_dags/example_skip_dag.py
[2022-12-14T17:44:39.729+0000] {processor.py:766} INFO - DAG(s) dict_keys(['example_skip_dag']) retrieved from /home/airflow/.local/lib/python3.7/site-packages/airflow/example_dags/example_skip_dag.py
[2022-12-14T17:44:39.791+0000] {logging_mixin.py:137} INFO - [2022-12-14T17:44:39.791+0000] {dag.py:2585} INFO - Sync 1 DAGs
[2022-12-14T17:44:39.839+0000] {logging_mixin.py:137} INFO - [2022-12-14T17:44:39.838+0000] {dag.py:3340} INFO - Setting next_dagrun for example_skip_dag to 2022-12-13T17:44:39.838422+00:00, run_after=2022-12-14T17:44:39.838422+00:00
[2022-12-14T17:44:39.867+0000] {processor.py:176} INFO - Processing /home/airflow/.local/lib/python3.7/site-packages/airflow/example_dags/example_skip_dag.py took 0.168 seconds
[2022-12-14T17:45:10.469+0000] {processor.py:154} INFO - Started process (PID=448) to work on /home/airflow/.local/lib/python3.7/site-packages/airflow/example_dags/example_skip_dag.py
[2022-12-14T17:45:10.470+0000] {processor.py:756} INFO - Processing file /home/airflow/.local/lib/python3.7/site-packages/airflow/example_dags/example_skip_dag.py for tasks to queue
[2022-12-14T17:45:10.471+0000] {logging_mixin.py:137} INFO - [2022-12-14T17:45:10.471+0000] {dagbag.py:537} INFO - Filling up the DagBag from /home/airflow/.local/lib/python3.7/site-packages/airflow/example_dags/example_skip_dag.py
[2022-12-14T17:45:10.493+0000] {processor.py:766} INFO - DAG(s) dict_keys(['example_skip_dag']) retrieved from /home/airflow/.local/lib/python3.7/site-packages/airflow/example_dags/example_skip_dag.py
[2022-12-14T17:45:10.554+0000] {logging_mixin.py:137} INFO - [2022-12-14T17:45:10.554+0000] {dag.py:2585} INFO - Sync 1 DAGs
[2022-12-14T17:45:10.600+0000] {logging_mixin.py:137} INFO - [2022-12-14T17:45:10.600+0000] {dag.py:3340} INFO - Setting next_dagrun for example_skip_dag to 2022-12-13T17:45:10.599927+00:00, run_after=2022-12-14T17:45:10.599927+00:00
[2022-12-14T17:45:10.630+0000] {processor.py:176} INFO - Processing /home/airflow/.local/lib/python3.7/site-packages/airflow/example_dags/example_skip_dag.py took 0.165 seconds
[2022-12-14T17:45:40.703+0000] {processor.py:154} INFO - Started process (PID=503) to work on /home/airflow/.local/lib/python3.7/site-packages/airflow/example_dags/example_skip_dag.py
[2022-12-14T17:45:40.704+0000] {processor.py:756} INFO - Processing file /home/airflow/.local/lib/python3.7/site-packages/airflow/example_dags/example_skip_dag.py for tasks to queue
[2022-12-14T17:45:40.705+0000] {logging_mixin.py:137} INFO - [2022-12-14T17:45:40.705+0000] {dagbag.py:537} INFO - Filling up the DagBag from /home/airflow/.local/lib/python3.7/site-packages/airflow/example_dags/example_skip_dag.py
[2022-12-14T17:45:40.727+0000] {processor.py:766} INFO - DAG(s) dict_keys(['example_skip_dag']) retrieved from /home/airflow/.local/lib/python3.7/site-packages/airflow/example_dags/example_skip_dag.py
[2022-12-14T17:45:40.792+0000] {logging_mixin.py:137} INFO - [2022-12-14T17:45:40.792+0000] {dag.py:2585} INFO - Sync 1 DAGs
[2022-12-14T17:45:40.840+0000] {logging_mixin.py:137} INFO - [2022-12-14T17:45:40.840+0000] {dag.py:3340} INFO - Setting next_dagrun for example_skip_dag to 2022-12-13T17:45:40.839916+00:00, run_after=2022-12-14T17:45:40.839916+00:00
[2022-12-14T17:45:40.881+0000] {processor.py:176} INFO - Processing /home/airflow/.local/lib/python3.7/site-packages/airflow/example_dags/example_skip_dag.py took 0.183 seconds
[2022-12-14T17:46:12.407+0000] {processor.py:154} INFO - Started process (PID=566) to work on /home/airflow/.local/lib/python3.7/site-packages/airflow/example_dags/example_skip_dag.py
[2022-12-14T17:46:12.409+0000] {processor.py:756} INFO - Processing file /home/airflow/.local/lib/python3.7/site-packages/airflow/example_dags/example_skip_dag.py for tasks to queue
[2022-12-14T17:46:12.409+0000] {logging_mixin.py:137} INFO - [2022-12-14T17:46:12.409+0000] {dagbag.py:537} INFO - Filling up the DagBag from /home/airflow/.local/lib/python3.7/site-packages/airflow/example_dags/example_skip_dag.py
[2022-12-14T17:46:12.434+0000] {processor.py:766} INFO - DAG(s) dict_keys(['example_skip_dag']) retrieved from /home/airflow/.local/lib/python3.7/site-packages/airflow/example_dags/example_skip_dag.py
[2022-12-14T17:46:12.500+0000] {logging_mixin.py:137} INFO - [2022-12-14T17:46:12.499+0000] {dag.py:2585} INFO - Sync 1 DAGs
[2022-12-14T17:46:12.551+0000] {logging_mixin.py:137} INFO - [2022-12-14T17:46:12.550+0000] {dag.py:3340} INFO - Setting next_dagrun for example_skip_dag to 2022-12-13T17:46:12.550619+00:00, run_after=2022-12-14T17:46:12.550619+00:00
[2022-12-14T17:46:12.582+0000] {processor.py:176} INFO - Processing /home/airflow/.local/lib/python3.7/site-packages/airflow/example_dags/example_skip_dag.py took 0.180 seconds
[2022-12-14T17:46:42.803+0000] {processor.py:154} INFO - Started process (PID=619) to work on /home/airflow/.local/lib/python3.7/site-packages/airflow/example_dags/example_skip_dag.py
[2022-12-14T17:46:42.804+0000] {processor.py:756} INFO - Processing file /home/airflow/.local/lib/python3.7/site-packages/airflow/example_dags/example_skip_dag.py for tasks to queue
[2022-12-14T17:46:42.805+0000] {logging_mixin.py:137} INFO - [2022-12-14T17:46:42.804+0000] {dagbag.py:537} INFO - Filling up the DagBag from /home/airflow/.local/lib/python3.7/site-packages/airflow/example_dags/example_skip_dag.py
[2022-12-14T17:46:42.828+0000] {processor.py:766} INFO - DAG(s) dict_keys(['example_skip_dag']) retrieved from /home/airflow/.local/lib/python3.7/site-packages/airflow/example_dags/example_skip_dag.py
[2022-12-14T17:46:42.891+0000] {logging_mixin.py:137} INFO - [2022-12-14T17:46:42.890+0000] {dag.py:2585} INFO - Sync 1 DAGs
[2022-12-14T17:46:42.934+0000] {logging_mixin.py:137} INFO - [2022-12-14T17:46:42.934+0000] {dag.py:3340} INFO - Setting next_dagrun for example_skip_dag to 2022-12-13T17:46:42.934281+00:00, run_after=2022-12-14T17:46:42.934281+00:00
[2022-12-14T17:46:42.960+0000] {processor.py:176} INFO - Processing /home/airflow/.local/lib/python3.7/site-packages/airflow/example_dags/example_skip_dag.py took 0.161 seconds
[2022-12-14T17:47:14.224+0000] {processor.py:154} INFO - Started process (PID=673) to work on /home/airflow/.local/lib/python3.7/site-packages/airflow/example_dags/example_skip_dag.py
[2022-12-14T17:47:14.228+0000] {processor.py:756} INFO - Processing file /home/airflow/.local/lib/python3.7/site-packages/airflow/example_dags/example_skip_dag.py for tasks to queue
[2022-12-14T17:47:14.229+0000] {logging_mixin.py:137} INFO - [2022-12-14T17:47:14.228+0000] {dagbag.py:537} INFO - Filling up the DagBag from /home/airflow/.local/lib/python3.7/site-packages/airflow/example_dags/example_skip_dag.py
[2022-12-14T17:47:14.280+0000] {processor.py:766} INFO - DAG(s) dict_keys(['example_skip_dag']) retrieved from /home/airflow/.local/lib/python3.7/site-packages/airflow/example_dags/example_skip_dag.py
[2022-12-14T17:47:14.387+0000] {logging_mixin.py:137} INFO - [2022-12-14T17:47:14.387+0000] {dag.py:2585} INFO - Sync 1 DAGs
[2022-12-14T17:47:14.440+0000] {logging_mixin.py:137} INFO - [2022-12-14T17:47:14.440+0000] {dag.py:3340} INFO - Setting next_dagrun for example_skip_dag to 2022-12-13T17:47:14.440110+00:00, run_after=2022-12-14T17:47:14.440110+00:00
[2022-12-14T17:47:14.497+0000] {processor.py:176} INFO - Processing /home/airflow/.local/lib/python3.7/site-packages/airflow/example_dags/example_skip_dag.py took 0.286 seconds
[2022-12-14T17:47:44.898+0000] {processor.py:154} INFO - Started process (PID=736) to work on /home/airflow/.local/lib/python3.7/site-packages/airflow/example_dags/example_skip_dag.py
[2022-12-14T17:47:44.899+0000] {processor.py:756} INFO - Processing file /home/airflow/.local/lib/python3.7/site-packages/airflow/example_dags/example_skip_dag.py for tasks to queue
[2022-12-14T17:47:44.900+0000] {logging_mixin.py:137} INFO - [2022-12-14T17:47:44.900+0000] {dagbag.py:537} INFO - Filling up the DagBag from /home/airflow/.local/lib/python3.7/site-packages/airflow/example_dags/example_skip_dag.py
[2022-12-14T17:47:44.922+0000] {processor.py:766} INFO - DAG(s) dict_keys(['example_skip_dag']) retrieved from /home/airflow/.local/lib/python3.7/site-packages/airflow/example_dags/example_skip_dag.py
[2022-12-14T17:47:44.982+0000] {logging_mixin.py:137} INFO - [2022-12-14T17:47:44.982+0000] {dag.py:2585} INFO - Sync 1 DAGs
[2022-12-14T17:47:45.026+0000] {logging_mixin.py:137} INFO - [2022-12-14T17:47:45.026+0000] {dag.py:3340} INFO - Setting next_dagrun for example_skip_dag to 2022-12-13T17:47:45.026450+00:00, run_after=2022-12-14T17:47:45.026450+00:00
[2022-12-14T17:47:45.058+0000] {processor.py:176} INFO - Processing /home/airflow/.local/lib/python3.7/site-packages/airflow/example_dags/example_skip_dag.py took 0.164 seconds
[2022-12-14T17:48:15.585+0000] {processor.py:154} INFO - Started process (PID=790) to work on /home/airflow/.local/lib/python3.7/site-packages/airflow/example_dags/example_skip_dag.py
[2022-12-14T17:48:15.587+0000] {processor.py:756} INFO - Processing file /home/airflow/.local/lib/python3.7/site-packages/airflow/example_dags/example_skip_dag.py for tasks to queue
[2022-12-14T17:48:15.588+0000] {logging_mixin.py:137} INFO - [2022-12-14T17:48:15.588+0000] {dagbag.py:537} INFO - Filling up the DagBag from /home/airflow/.local/lib/python3.7/site-packages/airflow/example_dags/example_skip_dag.py
[2022-12-14T17:48:15.620+0000] {processor.py:766} INFO - DAG(s) dict_keys(['example_skip_dag']) retrieved from /home/airflow/.local/lib/python3.7/site-packages/airflow/example_dags/example_skip_dag.py
[2022-12-14T17:48:15.698+0000] {logging_mixin.py:137} INFO - [2022-12-14T17:48:15.698+0000] {dag.py:2585} INFO - Sync 1 DAGs
[2022-12-14T17:48:15.762+0000] {logging_mixin.py:137} INFO - [2022-12-14T17:48:15.762+0000] {dag.py:3340} INFO - Setting next_dagrun for example_skip_dag to 2022-12-13T17:48:15.761904+00:00, run_after=2022-12-14T17:48:15.761904+00:00
[2022-12-14T17:48:15.812+0000] {processor.py:176} INFO - Processing /home/airflow/.local/lib/python3.7/site-packages/airflow/example_dags/example_skip_dag.py took 0.234 seconds
[2022-12-14T17:48:46.590+0000] {processor.py:154} INFO - Started process (PID=854) to work on /home/airflow/.local/lib/python3.7/site-packages/airflow/example_dags/example_skip_dag.py
[2022-12-14T17:48:46.591+0000] {processor.py:756} INFO - Processing file /home/airflow/.local/lib/python3.7/site-packages/airflow/example_dags/example_skip_dag.py for tasks to queue
[2022-12-14T17:48:46.592+0000] {logging_mixin.py:137} INFO - [2022-12-14T17:48:46.592+0000] {dagbag.py:537} INFO - Filling up the DagBag from /home/airflow/.local/lib/python3.7/site-packages/airflow/example_dags/example_skip_dag.py
[2022-12-14T17:48:46.638+0000] {processor.py:766} INFO - DAG(s) dict_keys(['example_skip_dag']) retrieved from /home/airflow/.local/lib/python3.7/site-packages/airflow/example_dags/example_skip_dag.py
[2022-12-14T17:48:46.805+0000] {logging_mixin.py:137} INFO - [2022-12-14T17:48:46.805+0000] {dag.py:2585} INFO - Sync 1 DAGs
[2022-12-14T17:48:46.904+0000] {logging_mixin.py:137} INFO - [2022-12-14T17:48:46.904+0000] {dag.py:3340} INFO - Setting next_dagrun for example_skip_dag to 2022-12-13T17:48:46.904095+00:00, run_after=2022-12-14T17:48:46.904095+00:00
[2022-12-14T17:48:46.972+0000] {processor.py:176} INFO - Processing /home/airflow/.local/lib/python3.7/site-packages/airflow/example_dags/example_skip_dag.py took 0.387 seconds
[2022-12-14T17:49:17.153+0000] {processor.py:154} INFO - Started process (PID=908) to work on /home/airflow/.local/lib/python3.7/site-packages/airflow/example_dags/example_skip_dag.py
[2022-12-14T17:49:17.154+0000] {processor.py:756} INFO - Processing file /home/airflow/.local/lib/python3.7/site-packages/airflow/example_dags/example_skip_dag.py for tasks to queue
[2022-12-14T17:49:17.154+0000] {logging_mixin.py:137} INFO - [2022-12-14T17:49:17.154+0000] {dagbag.py:537} INFO - Filling up the DagBag from /home/airflow/.local/lib/python3.7/site-packages/airflow/example_dags/example_skip_dag.py
[2022-12-14T17:49:17.175+0000] {processor.py:766} INFO - DAG(s) dict_keys(['example_skip_dag']) retrieved from /home/airflow/.local/lib/python3.7/site-packages/airflow/example_dags/example_skip_dag.py
[2022-12-14T17:49:17.228+0000] {logging_mixin.py:137} INFO - [2022-12-14T17:49:17.228+0000] {dag.py:2585} INFO - Sync 1 DAGs
[2022-12-14T17:49:17.270+0000] {logging_mixin.py:137} INFO - [2022-12-14T17:49:17.270+0000] {dag.py:3340} INFO - Setting next_dagrun for example_skip_dag to 2022-12-13T17:49:17.269854+00:00, run_after=2022-12-14T17:49:17.269854+00:00
[2022-12-14T17:49:17.292+0000] {processor.py:176} INFO - Processing /home/airflow/.local/lib/python3.7/site-packages/airflow/example_dags/example_skip_dag.py took 0.145 seconds
[2022-12-14T17:49:47.466+0000] {processor.py:154} INFO - Started process (PID=964) to work on /home/airflow/.local/lib/python3.7/site-packages/airflow/example_dags/example_skip_dag.py
[2022-12-14T17:49:47.467+0000] {processor.py:756} INFO - Processing file /home/airflow/.local/lib/python3.7/site-packages/airflow/example_dags/example_skip_dag.py for tasks to queue
[2022-12-14T17:49:47.468+0000] {logging_mixin.py:137} INFO - [2022-12-14T17:49:47.467+0000] {dagbag.py:537} INFO - Filling up the DagBag from /home/airflow/.local/lib/python3.7/site-packages/airflow/example_dags/example_skip_dag.py
[2022-12-14T17:49:47.490+0000] {processor.py:766} INFO - DAG(s) dict_keys(['example_skip_dag']) retrieved from /home/airflow/.local/lib/python3.7/site-packages/airflow/example_dags/example_skip_dag.py
[2022-12-14T17:49:47.549+0000] {logging_mixin.py:137} INFO - [2022-12-14T17:49:47.549+0000] {dag.py:2585} INFO - Sync 1 DAGs
[2022-12-14T17:49:47.591+0000] {logging_mixin.py:137} INFO - [2022-12-14T17:49:47.591+0000] {dag.py:3340} INFO - Setting next_dagrun for example_skip_dag to 2022-12-13T17:49:47.590929+00:00, run_after=2022-12-14T17:49:47.590929+00:00
[2022-12-14T17:49:47.622+0000] {processor.py:176} INFO - Processing /home/airflow/.local/lib/python3.7/site-packages/airflow/example_dags/example_skip_dag.py took 0.160 seconds
[2022-12-14T17:50:19.168+0000] {processor.py:154} INFO - Started process (PID=1027) to work on /home/airflow/.local/lib/python3.7/site-packages/airflow/example_dags/example_skip_dag.py
[2022-12-14T17:50:19.173+0000] {processor.py:756} INFO - Processing file /home/airflow/.local/lib/python3.7/site-packages/airflow/example_dags/example_skip_dag.py for tasks to queue
[2022-12-14T17:50:19.175+0000] {logging_mixin.py:137} INFO - [2022-12-14T17:50:19.175+0000] {dagbag.py:537} INFO - Filling up the DagBag from /home/airflow/.local/lib/python3.7/site-packages/airflow/example_dags/example_skip_dag.py
[2022-12-14T17:50:19.253+0000] {processor.py:766} INFO - DAG(s) dict_keys(['example_skip_dag']) retrieved from /home/airflow/.local/lib/python3.7/site-packages/airflow/example_dags/example_skip_dag.py
[2022-12-14T17:50:19.423+0000] {logging_mixin.py:137} INFO - [2022-12-14T17:50:19.423+0000] {dag.py:2585} INFO - Sync 1 DAGs
[2022-12-14T17:50:19.513+0000] {logging_mixin.py:137} INFO - [2022-12-14T17:50:19.513+0000] {dag.py:3340} INFO - Setting next_dagrun for example_skip_dag to 2022-12-13T17:50:19.512731+00:00, run_after=2022-12-14T17:50:19.512731+00:00
[2022-12-14T17:50:19.591+0000] {processor.py:176} INFO - Processing /home/airflow/.local/lib/python3.7/site-packages/airflow/example_dags/example_skip_dag.py took 0.430 seconds
[2022-12-14T17:50:49.966+0000] {processor.py:154} INFO - Started process (PID=1082) to work on /home/airflow/.local/lib/python3.7/site-packages/airflow/example_dags/example_skip_dag.py
[2022-12-14T17:50:49.967+0000] {processor.py:756} INFO - Processing file /home/airflow/.local/lib/python3.7/site-packages/airflow/example_dags/example_skip_dag.py for tasks to queue
[2022-12-14T17:50:49.967+0000] {logging_mixin.py:137} INFO - [2022-12-14T17:50:49.967+0000] {dagbag.py:537} INFO - Filling up the DagBag from /home/airflow/.local/lib/python3.7/site-packages/airflow/example_dags/example_skip_dag.py
[2022-12-14T17:50:49.997+0000] {processor.py:766} INFO - DAG(s) dict_keys(['example_skip_dag']) retrieved from /home/airflow/.local/lib/python3.7/site-packages/airflow/example_dags/example_skip_dag.py
[2022-12-14T17:50:50.082+0000] {logging_mixin.py:137} INFO - [2022-12-14T17:50:50.082+0000] {dag.py:2585} INFO - Sync 1 DAGs
[2022-12-14T17:50:50.148+0000] {logging_mixin.py:137} INFO - [2022-12-14T17:50:50.148+0000] {dag.py:3340} INFO - Setting next_dagrun for example_skip_dag to 2022-12-13T17:50:50.146497+00:00, run_after=2022-12-14T17:50:50.146497+00:00
[2022-12-14T17:50:50.190+0000] {processor.py:176} INFO - Processing /home/airflow/.local/lib/python3.7/site-packages/airflow/example_dags/example_skip_dag.py took 0.229 seconds
[2022-12-14T17:51:20.673+0000] {processor.py:154} INFO - Started process (PID=1138) to work on /home/airflow/.local/lib/python3.7/site-packages/airflow/example_dags/example_skip_dag.py
[2022-12-14T17:51:20.674+0000] {processor.py:756} INFO - Processing file /home/airflow/.local/lib/python3.7/site-packages/airflow/example_dags/example_skip_dag.py for tasks to queue
[2022-12-14T17:51:20.675+0000] {logging_mixin.py:137} INFO - [2022-12-14T17:51:20.675+0000] {dagbag.py:537} INFO - Filling up the DagBag from /home/airflow/.local/lib/python3.7/site-packages/airflow/example_dags/example_skip_dag.py
[2022-12-14T17:51:20.699+0000] {processor.py:766} INFO - DAG(s) dict_keys(['example_skip_dag']) retrieved from /home/airflow/.local/lib/python3.7/site-packages/airflow/example_dags/example_skip_dag.py
[2022-12-14T17:51:20.780+0000] {logging_mixin.py:137} INFO - [2022-12-14T17:51:20.780+0000] {dag.py:2585} INFO - Sync 1 DAGs
[2022-12-14T17:51:20.830+0000] {logging_mixin.py:137} INFO - [2022-12-14T17:51:20.830+0000] {dag.py:3340} INFO - Setting next_dagrun for example_skip_dag to 2022-12-13T17:51:20.830144+00:00, run_after=2022-12-14T17:51:20.830144+00:00
[2022-12-14T17:51:20.876+0000] {processor.py:176} INFO - Processing /home/airflow/.local/lib/python3.7/site-packages/airflow/example_dags/example_skip_dag.py took 0.207 seconds
[2022-12-14T17:51:51.621+0000] {processor.py:154} INFO - Started process (PID=1192) to work on /home/airflow/.local/lib/python3.7/site-packages/airflow/example_dags/example_skip_dag.py
[2022-12-14T17:51:51.622+0000] {processor.py:756} INFO - Processing file /home/airflow/.local/lib/python3.7/site-packages/airflow/example_dags/example_skip_dag.py for tasks to queue
[2022-12-14T17:51:51.623+0000] {logging_mixin.py:137} INFO - [2022-12-14T17:51:51.623+0000] {dagbag.py:537} INFO - Filling up the DagBag from /home/airflow/.local/lib/python3.7/site-packages/airflow/example_dags/example_skip_dag.py
[2022-12-14T17:51:51.662+0000] {processor.py:766} INFO - DAG(s) dict_keys(['example_skip_dag']) retrieved from /home/airflow/.local/lib/python3.7/site-packages/airflow/example_dags/example_skip_dag.py
[2022-12-14T17:51:51.765+0000] {logging_mixin.py:137} INFO - [2022-12-14T17:51:51.765+0000] {dag.py:2585} INFO - Sync 1 DAGs
[2022-12-14T17:51:51.848+0000] {logging_mixin.py:137} INFO - [2022-12-14T17:51:51.848+0000] {dag.py:3340} INFO - Setting next_dagrun for example_skip_dag to 2022-12-13T17:51:51.848010+00:00, run_after=2022-12-14T17:51:51.848010+00:00
[2022-12-14T17:51:51.897+0000] {processor.py:176} INFO - Processing /home/airflow/.local/lib/python3.7/site-packages/airflow/example_dags/example_skip_dag.py took 0.281 seconds
[2022-12-14T17:52:22.242+0000] {processor.py:154} INFO - Started process (PID=1247) to work on /home/airflow/.local/lib/python3.7/site-packages/airflow/example_dags/example_skip_dag.py
[2022-12-14T17:52:22.243+0000] {processor.py:756} INFO - Processing file /home/airflow/.local/lib/python3.7/site-packages/airflow/example_dags/example_skip_dag.py for tasks to queue
[2022-12-14T17:52:22.245+0000] {logging_mixin.py:137} INFO - [2022-12-14T17:52:22.244+0000] {dagbag.py:537} INFO - Filling up the DagBag from /home/airflow/.local/lib/python3.7/site-packages/airflow/example_dags/example_skip_dag.py
[2022-12-14T17:52:22.273+0000] {processor.py:766} INFO - DAG(s) dict_keys(['example_skip_dag']) retrieved from /home/airflow/.local/lib/python3.7/site-packages/airflow/example_dags/example_skip_dag.py
[2022-12-14T17:52:22.367+0000] {logging_mixin.py:137} INFO - [2022-12-14T17:52:22.367+0000] {dag.py:2585} INFO - Sync 1 DAGs
[2022-12-14T17:52:22.446+0000] {logging_mixin.py:137} INFO - [2022-12-14T17:52:22.445+0000] {dag.py:3340} INFO - Setting next_dagrun for example_skip_dag to 2022-12-13T17:52:22.445379+00:00, run_after=2022-12-14T17:52:22.445379+00:00
[2022-12-14T17:52:22.522+0000] {processor.py:176} INFO - Processing /home/airflow/.local/lib/python3.7/site-packages/airflow/example_dags/example_skip_dag.py took 0.285 seconds
[2022-12-14T17:52:53.029+0000] {processor.py:154} INFO - Started process (PID=1301) to work on /home/airflow/.local/lib/python3.7/site-packages/airflow/example_dags/example_skip_dag.py
[2022-12-14T17:52:53.032+0000] {processor.py:756} INFO - Processing file /home/airflow/.local/lib/python3.7/site-packages/airflow/example_dags/example_skip_dag.py for tasks to queue
[2022-12-14T17:52:53.033+0000] {logging_mixin.py:137} INFO - [2022-12-14T17:52:53.033+0000] {dagbag.py:537} INFO - Filling up the DagBag from /home/airflow/.local/lib/python3.7/site-packages/airflow/example_dags/example_skip_dag.py
[2022-12-14T17:52:53.066+0000] {processor.py:766} INFO - DAG(s) dict_keys(['example_skip_dag']) retrieved from /home/airflow/.local/lib/python3.7/site-packages/airflow/example_dags/example_skip_dag.py
[2022-12-14T17:52:53.292+0000] {logging_mixin.py:137} INFO - [2022-12-14T17:52:53.292+0000] {dag.py:2585} INFO - Sync 1 DAGs
[2022-12-14T17:52:53.433+0000] {logging_mixin.py:137} INFO - [2022-12-14T17:52:53.433+0000] {dag.py:3340} INFO - Setting next_dagrun for example_skip_dag to 2022-12-13T17:52:53.432770+00:00, run_after=2022-12-14T17:52:53.432770+00:00
[2022-12-14T17:52:53.505+0000] {processor.py:176} INFO - Processing /home/airflow/.local/lib/python3.7/site-packages/airflow/example_dags/example_skip_dag.py took 0.482 seconds
[2022-12-14T17:53:25.445+0000] {processor.py:154} INFO - Started process (PID=1361) to work on /home/airflow/.local/lib/python3.7/site-packages/airflow/example_dags/example_skip_dag.py
[2022-12-14T17:53:25.446+0000] {processor.py:756} INFO - Processing file /home/airflow/.local/lib/python3.7/site-packages/airflow/example_dags/example_skip_dag.py for tasks to queue
[2022-12-14T17:53:25.448+0000] {logging_mixin.py:137} INFO - [2022-12-14T17:53:25.448+0000] {dagbag.py:537} INFO - Filling up the DagBag from /home/airflow/.local/lib/python3.7/site-packages/airflow/example_dags/example_skip_dag.py
[2022-12-14T17:53:25.520+0000] {processor.py:766} INFO - DAG(s) dict_keys(['example_skip_dag']) retrieved from /home/airflow/.local/lib/python3.7/site-packages/airflow/example_dags/example_skip_dag.py
[2022-12-14T17:53:25.677+0000] {logging_mixin.py:137} INFO - [2022-12-14T17:53:25.677+0000] {dag.py:2585} INFO - Sync 1 DAGs
[2022-12-14T17:53:25.812+0000] {logging_mixin.py:137} INFO - [2022-12-14T17:53:25.812+0000] {dag.py:3340} INFO - Setting next_dagrun for example_skip_dag to 2022-12-13T17:53:25.811701+00:00, run_after=2022-12-14T17:53:25.811701+00:00
[2022-12-14T17:53:26.050+0000] {processor.py:176} INFO - Processing /home/airflow/.local/lib/python3.7/site-packages/airflow/example_dags/example_skip_dag.py took 0.617 seconds
[2022-12-14T17:53:56.331+0000] {processor.py:154} INFO - Started process (PID=1418) to work on /home/airflow/.local/lib/python3.7/site-packages/airflow/example_dags/example_skip_dag.py
[2022-12-14T17:53:56.332+0000] {processor.py:756} INFO - Processing file /home/airflow/.local/lib/python3.7/site-packages/airflow/example_dags/example_skip_dag.py for tasks to queue
[2022-12-14T17:53:56.333+0000] {logging_mixin.py:137} INFO - [2022-12-14T17:53:56.333+0000] {dagbag.py:537} INFO - Filling up the DagBag from /home/airflow/.local/lib/python3.7/site-packages/airflow/example_dags/example_skip_dag.py
[2022-12-14T17:53:56.361+0000] {processor.py:766} INFO - DAG(s) dict_keys(['example_skip_dag']) retrieved from /home/airflow/.local/lib/python3.7/site-packages/airflow/example_dags/example_skip_dag.py
[2022-12-14T17:53:56.452+0000] {logging_mixin.py:137} INFO - [2022-12-14T17:53:56.452+0000] {dag.py:2585} INFO - Sync 1 DAGs
[2022-12-14T17:53:56.528+0000] {logging_mixin.py:137} INFO - [2022-12-14T17:53:56.527+0000] {dag.py:3340} INFO - Setting next_dagrun for example_skip_dag to 2022-12-13T17:53:56.527594+00:00, run_after=2022-12-14T17:53:56.527594+00:00
[2022-12-14T17:53:56.566+0000] {processor.py:176} INFO - Processing /home/airflow/.local/lib/python3.7/site-packages/airflow/example_dags/example_skip_dag.py took 0.242 seconds
[2022-12-14T17:54:27.060+0000] {processor.py:154} INFO - Started process (PID=1472) to work on /home/airflow/.local/lib/python3.7/site-packages/airflow/example_dags/example_skip_dag.py
[2022-12-14T17:54:27.064+0000] {processor.py:756} INFO - Processing file /home/airflow/.local/lib/python3.7/site-packages/airflow/example_dags/example_skip_dag.py for tasks to queue
[2022-12-14T17:54:27.065+0000] {logging_mixin.py:137} INFO - [2022-12-14T17:54:27.065+0000] {dagbag.py:537} INFO - Filling up the DagBag from /home/airflow/.local/lib/python3.7/site-packages/airflow/example_dags/example_skip_dag.py
[2022-12-14T17:54:27.099+0000] {processor.py:766} INFO - DAG(s) dict_keys(['example_skip_dag']) retrieved from /home/airflow/.local/lib/python3.7/site-packages/airflow/example_dags/example_skip_dag.py
[2022-12-14T17:54:27.193+0000] {logging_mixin.py:137} INFO - [2022-12-14T17:54:27.192+0000] {dag.py:2585} INFO - Sync 1 DAGs
[2022-12-14T17:54:27.255+0000] {logging_mixin.py:137} INFO - [2022-12-14T17:54:27.255+0000] {dag.py:3340} INFO - Setting next_dagrun for example_skip_dag to 2022-12-13T17:54:27.255008+00:00, run_after=2022-12-14T17:54:27.255008+00:00
[2022-12-14T17:54:27.307+0000] {processor.py:176} INFO - Processing /home/airflow/.local/lib/python3.7/site-packages/airflow/example_dags/example_skip_dag.py took 0.252 seconds
[2022-12-14T17:54:57.971+0000] {processor.py:154} INFO - Started process (PID=1526) to work on /home/airflow/.local/lib/python3.7/site-packages/airflow/example_dags/example_skip_dag.py
[2022-12-14T17:54:57.972+0000] {processor.py:756} INFO - Processing file /home/airflow/.local/lib/python3.7/site-packages/airflow/example_dags/example_skip_dag.py for tasks to queue
[2022-12-14T17:54:57.973+0000] {logging_mixin.py:137} INFO - [2022-12-14T17:54:57.973+0000] {dagbag.py:537} INFO - Filling up the DagBag from /home/airflow/.local/lib/python3.7/site-packages/airflow/example_dags/example_skip_dag.py
[2022-12-14T17:54:57.995+0000] {processor.py:766} INFO - DAG(s) dict_keys(['example_skip_dag']) retrieved from /home/airflow/.local/lib/python3.7/site-packages/airflow/example_dags/example_skip_dag.py
[2022-12-14T17:54:58.056+0000] {logging_mixin.py:137} INFO - [2022-12-14T17:54:58.056+0000] {dag.py:2585} INFO - Sync 1 DAGs
[2022-12-14T17:54:58.106+0000] {logging_mixin.py:137} INFO - [2022-12-14T17:54:58.106+0000] {dag.py:3340} INFO - Setting next_dagrun for example_skip_dag to 2022-12-13T17:54:58.106158+00:00, run_after=2022-12-14T17:54:58.106158+00:00
[2022-12-14T17:54:58.150+0000] {processor.py:176} INFO - Processing /home/airflow/.local/lib/python3.7/site-packages/airflow/example_dags/example_skip_dag.py took 0.186 seconds
[2022-12-14T17:55:28.684+0000] {processor.py:154} INFO - Started process (PID=1587) to work on /home/airflow/.local/lib/python3.7/site-packages/airflow/example_dags/example_skip_dag.py
[2022-12-14T17:55:28.686+0000] {processor.py:756} INFO - Processing file /home/airflow/.local/lib/python3.7/site-packages/airflow/example_dags/example_skip_dag.py for tasks to queue
[2022-12-14T17:55:28.687+0000] {logging_mixin.py:137} INFO - [2022-12-14T17:55:28.687+0000] {dagbag.py:537} INFO - Filling up the DagBag from /home/airflow/.local/lib/python3.7/site-packages/airflow/example_dags/example_skip_dag.py
[2022-12-14T17:55:28.756+0000] {processor.py:766} INFO - DAG(s) dict_keys(['example_skip_dag']) retrieved from /home/airflow/.local/lib/python3.7/site-packages/airflow/example_dags/example_skip_dag.py
[2022-12-14T17:55:28.899+0000] {logging_mixin.py:137} INFO - [2022-12-14T17:55:28.894+0000] {dag.py:2585} INFO - Sync 1 DAGs
[2022-12-14T17:55:29.021+0000] {logging_mixin.py:137} INFO - [2022-12-14T17:55:29.020+0000] {dag.py:3340} INFO - Setting next_dagrun for example_skip_dag to 2022-12-13T17:55:29.020260+00:00, run_after=2022-12-14T17:55:29.020260+00:00
[2022-12-14T17:55:29.120+0000] {processor.py:176} INFO - Processing /home/airflow/.local/lib/python3.7/site-packages/airflow/example_dags/example_skip_dag.py took 0.451 seconds
[2022-12-14T17:55:59.418+0000] {processor.py:154} INFO - Started process (PID=1640) to work on /home/airflow/.local/lib/python3.7/site-packages/airflow/example_dags/example_skip_dag.py
[2022-12-14T17:55:59.420+0000] {processor.py:756} INFO - Processing file /home/airflow/.local/lib/python3.7/site-packages/airflow/example_dags/example_skip_dag.py for tasks to queue
[2022-12-14T17:55:59.421+0000] {logging_mixin.py:137} INFO - [2022-12-14T17:55:59.420+0000] {dagbag.py:537} INFO - Filling up the DagBag from /home/airflow/.local/lib/python3.7/site-packages/airflow/example_dags/example_skip_dag.py
[2022-12-14T17:55:59.445+0000] {processor.py:766} INFO - DAG(s) dict_keys(['example_skip_dag']) retrieved from /home/airflow/.local/lib/python3.7/site-packages/airflow/example_dags/example_skip_dag.py
[2022-12-14T17:55:59.538+0000] {logging_mixin.py:137} INFO - [2022-12-14T17:55:59.538+0000] {dag.py:2585} INFO - Sync 1 DAGs
[2022-12-14T17:55:59.594+0000] {logging_mixin.py:137} INFO - [2022-12-14T17:55:59.594+0000] {dag.py:3340} INFO - Setting next_dagrun for example_skip_dag to 2022-12-13T17:55:59.593634+00:00, run_after=2022-12-14T17:55:59.593634+00:00
[2022-12-14T17:55:59.640+0000] {processor.py:176} INFO - Processing /home/airflow/.local/lib/python3.7/site-packages/airflow/example_dags/example_skip_dag.py took 0.228 seconds
[2022-12-14T17:56:30.486+0000] {processor.py:154} INFO - Started process (PID=1692) to work on /home/airflow/.local/lib/python3.7/site-packages/airflow/example_dags/example_skip_dag.py
[2022-12-14T17:56:30.487+0000] {processor.py:756} INFO - Processing file /home/airflow/.local/lib/python3.7/site-packages/airflow/example_dags/example_skip_dag.py for tasks to queue
[2022-12-14T17:56:30.489+0000] {logging_mixin.py:137} INFO - [2022-12-14T17:56:30.488+0000] {dagbag.py:537} INFO - Filling up the DagBag from /home/airflow/.local/lib/python3.7/site-packages/airflow/example_dags/example_skip_dag.py
[2022-12-14T17:56:30.510+0000] {processor.py:766} INFO - DAG(s) dict_keys(['example_skip_dag']) retrieved from /home/airflow/.local/lib/python3.7/site-packages/airflow/example_dags/example_skip_dag.py
[2022-12-14T17:56:30.576+0000] {logging_mixin.py:137} INFO - [2022-12-14T17:56:30.575+0000] {dag.py:2585} INFO - Sync 1 DAGs
[2022-12-14T17:56:30.631+0000] {logging_mixin.py:137} INFO - [2022-12-14T17:56:30.630+0000] {dag.py:3340} INFO - Setting next_dagrun for example_skip_dag to 2022-12-13T17:56:30.630568+00:00, run_after=2022-12-14T17:56:30.630568+00:00
[2022-12-14T17:56:30.675+0000] {processor.py:176} INFO - Processing /home/airflow/.local/lib/python3.7/site-packages/airflow/example_dags/example_skip_dag.py took 0.196 seconds
[2022-12-14T18:00:10.185+0000] {processor.py:154} INFO - Started process (PID=102) to work on /home/airflow/.local/lib/python3.7/site-packages/airflow/example_dags/example_skip_dag.py
[2022-12-14T18:00:10.197+0000] {processor.py:756} INFO - Processing file /home/airflow/.local/lib/python3.7/site-packages/airflow/example_dags/example_skip_dag.py for tasks to queue
[2022-12-14T18:00:10.203+0000] {logging_mixin.py:137} INFO - [2022-12-14T18:00:10.203+0000] {dagbag.py:537} INFO - Filling up the DagBag from /home/airflow/.local/lib/python3.7/site-packages/airflow/example_dags/example_skip_dag.py
[2022-12-14T18:00:10.418+0000] {processor.py:766} INFO - DAG(s) dict_keys(['example_skip_dag']) retrieved from /home/airflow/.local/lib/python3.7/site-packages/airflow/example_dags/example_skip_dag.py
[2022-12-14T18:00:10.623+0000] {logging_mixin.py:137} INFO - [2022-12-14T18:00:10.623+0000] {dag.py:2585} INFO - Sync 1 DAGs
[2022-12-14T18:00:10.754+0000] {logging_mixin.py:137} INFO - [2022-12-14T18:00:10.753+0000] {dag.py:3340} INFO - Setting next_dagrun for example_skip_dag to 2022-12-13T18:00:10.753520+00:00, run_after=2022-12-14T18:00:10.753520+00:00
[2022-12-14T18:00:10.888+0000] {processor.py:176} INFO - Processing /home/airflow/.local/lib/python3.7/site-packages/airflow/example_dags/example_skip_dag.py took 0.717 seconds
[2022-12-14T18:00:40.984+0000] {processor.py:154} INFO - Started process (PID=156) to work on /home/airflow/.local/lib/python3.7/site-packages/airflow/example_dags/example_skip_dag.py
[2022-12-14T18:00:40.985+0000] {processor.py:756} INFO - Processing file /home/airflow/.local/lib/python3.7/site-packages/airflow/example_dags/example_skip_dag.py for tasks to queue
[2022-12-14T18:00:40.986+0000] {logging_mixin.py:137} INFO - [2022-12-14T18:00:40.986+0000] {dagbag.py:537} INFO - Filling up the DagBag from /home/airflow/.local/lib/python3.7/site-packages/airflow/example_dags/example_skip_dag.py
[2022-12-14T18:00:41.011+0000] {processor.py:766} INFO - DAG(s) dict_keys(['example_skip_dag']) retrieved from /home/airflow/.local/lib/python3.7/site-packages/airflow/example_dags/example_skip_dag.py
[2022-12-14T18:00:41.083+0000] {logging_mixin.py:137} INFO - [2022-12-14T18:00:41.083+0000] {dag.py:2585} INFO - Sync 1 DAGs
[2022-12-14T18:00:41.136+0000] {logging_mixin.py:137} INFO - [2022-12-14T18:00:41.136+0000] {dag.py:3340} INFO - Setting next_dagrun for example_skip_dag to 2022-12-13T18:00:41.136233+00:00, run_after=2022-12-14T18:00:41.136233+00:00
[2022-12-14T18:00:41.169+0000] {processor.py:176} INFO - Processing /home/airflow/.local/lib/python3.7/site-packages/airflow/example_dags/example_skip_dag.py took 0.189 seconds
[2022-12-14T18:01:11.375+0000] {processor.py:154} INFO - Started process (PID=213) to work on /home/airflow/.local/lib/python3.7/site-packages/airflow/example_dags/example_skip_dag.py
[2022-12-14T18:01:11.386+0000] {processor.py:756} INFO - Processing file /home/airflow/.local/lib/python3.7/site-packages/airflow/example_dags/example_skip_dag.py for tasks to queue
[2022-12-14T18:01:11.388+0000] {logging_mixin.py:137} INFO - [2022-12-14T18:01:11.388+0000] {dagbag.py:537} INFO - Filling up the DagBag from /home/airflow/.local/lib/python3.7/site-packages/airflow/example_dags/example_skip_dag.py
[2022-12-14T18:01:11.418+0000] {processor.py:766} INFO - DAG(s) dict_keys(['example_skip_dag']) retrieved from /home/airflow/.local/lib/python3.7/site-packages/airflow/example_dags/example_skip_dag.py
[2022-12-14T18:01:11.481+0000] {logging_mixin.py:137} INFO - [2022-12-14T18:01:11.481+0000] {dag.py:2585} INFO - Sync 1 DAGs
[2022-12-14T18:01:11.534+0000] {logging_mixin.py:137} INFO - [2022-12-14T18:01:11.534+0000] {dag.py:3340} INFO - Setting next_dagrun for example_skip_dag to 2022-12-13T18:01:11.533743+00:00, run_after=2022-12-14T18:01:11.533743+00:00
[2022-12-14T18:01:11.663+0000] {processor.py:176} INFO - Processing /home/airflow/.local/lib/python3.7/site-packages/airflow/example_dags/example_skip_dag.py took 0.294 seconds
[2022-12-14T18:01:41.852+0000] {processor.py:154} INFO - Started process (PID=277) to work on /home/airflow/.local/lib/python3.7/site-packages/airflow/example_dags/example_skip_dag.py
[2022-12-14T18:01:41.853+0000] {processor.py:756} INFO - Processing file /home/airflow/.local/lib/python3.7/site-packages/airflow/example_dags/example_skip_dag.py for tasks to queue
[2022-12-14T18:01:41.854+0000] {logging_mixin.py:137} INFO - [2022-12-14T18:01:41.854+0000] {dagbag.py:537} INFO - Filling up the DagBag from /home/airflow/.local/lib/python3.7/site-packages/airflow/example_dags/example_skip_dag.py
[2022-12-14T18:01:41.889+0000] {processor.py:766} INFO - DAG(s) dict_keys(['example_skip_dag']) retrieved from /home/airflow/.local/lib/python3.7/site-packages/airflow/example_dags/example_skip_dag.py
[2022-12-14T18:01:41.960+0000] {logging_mixin.py:137} INFO - [2022-12-14T18:01:41.959+0000] {dag.py:2585} INFO - Sync 1 DAGs
[2022-12-14T18:01:42.016+0000] {logging_mixin.py:137} INFO - [2022-12-14T18:01:42.016+0000] {dag.py:3340} INFO - Setting next_dagrun for example_skip_dag to 2022-12-13T18:01:42.015817+00:00, run_after=2022-12-14T18:01:42.015817+00:00
[2022-12-14T18:01:42.051+0000] {processor.py:176} INFO - Processing /home/airflow/.local/lib/python3.7/site-packages/airflow/example_dags/example_skip_dag.py took 0.209 seconds
[2022-12-14T18:02:12.898+0000] {processor.py:154} INFO - Started process (PID=332) to work on /home/airflow/.local/lib/python3.7/site-packages/airflow/example_dags/example_skip_dag.py
[2022-12-14T18:02:12.899+0000] {processor.py:756} INFO - Processing file /home/airflow/.local/lib/python3.7/site-packages/airflow/example_dags/example_skip_dag.py for tasks to queue
[2022-12-14T18:02:12.899+0000] {logging_mixin.py:137} INFO - [2022-12-14T18:02:12.899+0000] {dagbag.py:537} INFO - Filling up the DagBag from /home/airflow/.local/lib/python3.7/site-packages/airflow/example_dags/example_skip_dag.py
[2022-12-14T18:02:12.921+0000] {processor.py:766} INFO - DAG(s) dict_keys(['example_skip_dag']) retrieved from /home/airflow/.local/lib/python3.7/site-packages/airflow/example_dags/example_skip_dag.py
[2022-12-14T18:02:12.990+0000] {logging_mixin.py:137} INFO - [2022-12-14T18:02:12.990+0000] {dag.py:2585} INFO - Sync 1 DAGs
[2022-12-14T18:02:13.049+0000] {logging_mixin.py:137} INFO - [2022-12-14T18:02:13.049+0000] {dag.py:3340} INFO - Setting next_dagrun for example_skip_dag to 2022-12-13T18:02:13.048538+00:00, run_after=2022-12-14T18:02:13.048538+00:00
[2022-12-14T18:02:13.098+0000] {processor.py:176} INFO - Processing /home/airflow/.local/lib/python3.7/site-packages/airflow/example_dags/example_skip_dag.py took 0.203 seconds
[2022-12-14T18:02:44.169+0000] {processor.py:154} INFO - Started process (PID=392) to work on /home/airflow/.local/lib/python3.7/site-packages/airflow/example_dags/example_skip_dag.py
[2022-12-14T18:02:44.191+0000] {processor.py:756} INFO - Processing file /home/airflow/.local/lib/python3.7/site-packages/airflow/example_dags/example_skip_dag.py for tasks to queue
[2022-12-14T18:02:44.194+0000] {logging_mixin.py:137} INFO - [2022-12-14T18:02:44.193+0000] {dagbag.py:537} INFO - Filling up the DagBag from /home/airflow/.local/lib/python3.7/site-packages/airflow/example_dags/example_skip_dag.py
[2022-12-14T18:02:44.227+0000] {processor.py:766} INFO - DAG(s) dict_keys(['example_skip_dag']) retrieved from /home/airflow/.local/lib/python3.7/site-packages/airflow/example_dags/example_skip_dag.py
[2022-12-14T18:02:44.431+0000] {logging_mixin.py:137} INFO - [2022-12-14T18:02:44.431+0000] {dag.py:2585} INFO - Sync 1 DAGs
[2022-12-14T18:02:44.534+0000] {logging_mixin.py:137} INFO - [2022-12-14T18:02:44.534+0000] {dag.py:3340} INFO - Setting next_dagrun for example_skip_dag to 2022-12-13T18:02:44.533933+00:00, run_after=2022-12-14T18:02:44.533933+00:00
[2022-12-14T18:02:44.588+0000] {processor.py:176} INFO - Processing /home/airflow/.local/lib/python3.7/site-packages/airflow/example_dags/example_skip_dag.py took 0.423 seconds
[2022-12-14T18:03:14.794+0000] {processor.py:154} INFO - Started process (PID=447) to work on /home/airflow/.local/lib/python3.7/site-packages/airflow/example_dags/example_skip_dag.py
[2022-12-14T18:03:14.795+0000] {processor.py:756} INFO - Processing file /home/airflow/.local/lib/python3.7/site-packages/airflow/example_dags/example_skip_dag.py for tasks to queue
[2022-12-14T18:03:14.795+0000] {logging_mixin.py:137} INFO - [2022-12-14T18:03:14.795+0000] {dagbag.py:537} INFO - Filling up the DagBag from /home/airflow/.local/lib/python3.7/site-packages/airflow/example_dags/example_skip_dag.py
[2022-12-14T18:03:14.824+0000] {processor.py:766} INFO - DAG(s) dict_keys(['example_skip_dag']) retrieved from /home/airflow/.local/lib/python3.7/site-packages/airflow/example_dags/example_skip_dag.py
[2022-12-14T18:03:14.895+0000] {logging_mixin.py:137} INFO - [2022-12-14T18:03:14.895+0000] {dag.py:2585} INFO - Sync 1 DAGs
[2022-12-14T18:03:14.955+0000] {logging_mixin.py:137} INFO - [2022-12-14T18:03:14.954+0000] {dag.py:3340} INFO - Setting next_dagrun for example_skip_dag to 2022-12-13T18:03:14.953928+00:00, run_after=2022-12-14T18:03:14.953928+00:00
[2022-12-14T18:03:15.008+0000] {processor.py:176} INFO - Processing /home/airflow/.local/lib/python3.7/site-packages/airflow/example_dags/example_skip_dag.py took 0.220 seconds
[2022-12-14T18:03:45.791+0000] {processor.py:154} INFO - Started process (PID=501) to work on /home/airflow/.local/lib/python3.7/site-packages/airflow/example_dags/example_skip_dag.py
[2022-12-14T18:03:45.792+0000] {processor.py:756} INFO - Processing file /home/airflow/.local/lib/python3.7/site-packages/airflow/example_dags/example_skip_dag.py for tasks to queue
[2022-12-14T18:03:45.793+0000] {logging_mixin.py:137} INFO - [2022-12-14T18:03:45.793+0000] {dagbag.py:537} INFO - Filling up the DagBag from /home/airflow/.local/lib/python3.7/site-packages/airflow/example_dags/example_skip_dag.py
[2022-12-14T18:03:45.818+0000] {processor.py:766} INFO - DAG(s) dict_keys(['example_skip_dag']) retrieved from /home/airflow/.local/lib/python3.7/site-packages/airflow/example_dags/example_skip_dag.py
[2022-12-14T18:03:45.903+0000] {logging_mixin.py:137} INFO - [2022-12-14T18:03:45.902+0000] {dag.py:2585} INFO - Sync 1 DAGs
[2022-12-14T18:03:45.972+0000] {logging_mixin.py:137} INFO - [2022-12-14T18:03:45.972+0000] {dag.py:3340} INFO - Setting next_dagrun for example_skip_dag to 2022-12-13T18:03:45.971865+00:00, run_after=2022-12-14T18:03:45.971865+00:00
[2022-12-14T18:03:46.017+0000] {processor.py:176} INFO - Processing /home/airflow/.local/lib/python3.7/site-packages/airflow/example_dags/example_skip_dag.py took 0.237 seconds
[2022-12-14T18:04:16.447+0000] {processor.py:154} INFO - Started process (PID=556) to work on /home/airflow/.local/lib/python3.7/site-packages/airflow/example_dags/example_skip_dag.py
[2022-12-14T18:04:16.449+0000] {processor.py:756} INFO - Processing file /home/airflow/.local/lib/python3.7/site-packages/airflow/example_dags/example_skip_dag.py for tasks to queue
[2022-12-14T18:04:16.450+0000] {logging_mixin.py:137} INFO - [2022-12-14T18:04:16.450+0000] {dagbag.py:537} INFO - Filling up the DagBag from /home/airflow/.local/lib/python3.7/site-packages/airflow/example_dags/example_skip_dag.py
[2022-12-14T18:04:16.481+0000] {processor.py:766} INFO - DAG(s) dict_keys(['example_skip_dag']) retrieved from /home/airflow/.local/lib/python3.7/site-packages/airflow/example_dags/example_skip_dag.py
[2022-12-14T18:04:16.559+0000] {logging_mixin.py:137} INFO - [2022-12-14T18:04:16.558+0000] {dag.py:2585} INFO - Sync 1 DAGs
[2022-12-14T18:04:16.661+0000] {logging_mixin.py:137} INFO - [2022-12-14T18:04:16.660+0000] {dag.py:3340} INFO - Setting next_dagrun for example_skip_dag to 2022-12-13T18:04:16.660373+00:00, run_after=2022-12-14T18:04:16.660373+00:00
[2022-12-14T18:04:16.721+0000] {processor.py:176} INFO - Processing /home/airflow/.local/lib/python3.7/site-packages/airflow/example_dags/example_skip_dag.py took 0.279 seconds
[2022-12-14T18:04:47.194+0000] {processor.py:154} INFO - Started process (PID=620) to work on /home/airflow/.local/lib/python3.7/site-packages/airflow/example_dags/example_skip_dag.py
[2022-12-14T18:04:47.218+0000] {processor.py:756} INFO - Processing file /home/airflow/.local/lib/python3.7/site-packages/airflow/example_dags/example_skip_dag.py for tasks to queue
[2022-12-14T18:04:47.219+0000] {logging_mixin.py:137} INFO - [2022-12-14T18:04:47.219+0000] {dagbag.py:537} INFO - Filling up the DagBag from /home/airflow/.local/lib/python3.7/site-packages/airflow/example_dags/example_skip_dag.py
[2022-12-14T18:04:47.242+0000] {processor.py:766} INFO - DAG(s) dict_keys(['example_skip_dag']) retrieved from /home/airflow/.local/lib/python3.7/site-packages/airflow/example_dags/example_skip_dag.py
[2022-12-14T18:04:47.312+0000] {logging_mixin.py:137} INFO - [2022-12-14T18:04:47.311+0000] {dag.py:2585} INFO - Sync 1 DAGs
[2022-12-14T18:04:47.365+0000] {logging_mixin.py:137} INFO - [2022-12-14T18:04:47.365+0000] {dag.py:3340} INFO - Setting next_dagrun for example_skip_dag to 2022-12-13T18:04:47.365205+00:00, run_after=2022-12-14T18:04:47.365205+00:00
[2022-12-14T18:04:47.401+0000] {processor.py:176} INFO - Processing /home/airflow/.local/lib/python3.7/site-packages/airflow/example_dags/example_skip_dag.py took 0.212 seconds
[2022-12-14T18:05:18.129+0000] {processor.py:154} INFO - Started process (PID=675) to work on /home/airflow/.local/lib/python3.7/site-packages/airflow/example_dags/example_skip_dag.py
[2022-12-14T18:05:18.130+0000] {processor.py:756} INFO - Processing file /home/airflow/.local/lib/python3.7/site-packages/airflow/example_dags/example_skip_dag.py for tasks to queue
[2022-12-14T18:05:18.131+0000] {logging_mixin.py:137} INFO - [2022-12-14T18:05:18.130+0000] {dagbag.py:537} INFO - Filling up the DagBag from /home/airflow/.local/lib/python3.7/site-packages/airflow/example_dags/example_skip_dag.py
[2022-12-14T18:05:18.163+0000] {processor.py:766} INFO - DAG(s) dict_keys(['example_skip_dag']) retrieved from /home/airflow/.local/lib/python3.7/site-packages/airflow/example_dags/example_skip_dag.py
[2022-12-14T18:05:18.279+0000] {logging_mixin.py:137} INFO - [2022-12-14T18:05:18.279+0000] {dag.py:2585} INFO - Sync 1 DAGs
[2022-12-14T18:05:18.351+0000] {logging_mixin.py:137} INFO - [2022-12-14T18:05:18.351+0000] {dag.py:3340} INFO - Setting next_dagrun for example_skip_dag to 2022-12-13T18:05:18.350812+00:00, run_after=2022-12-14T18:05:18.350812+00:00
[2022-12-14T18:05:18.389+0000] {processor.py:176} INFO - Processing /home/airflow/.local/lib/python3.7/site-packages/airflow/example_dags/example_skip_dag.py took 0.266 seconds
[2022-12-14T18:05:49.234+0000] {processor.py:154} INFO - Started process (PID=730) to work on /home/airflow/.local/lib/python3.7/site-packages/airflow/example_dags/example_skip_dag.py
[2022-12-14T18:05:49.235+0000] {processor.py:756} INFO - Processing file /home/airflow/.local/lib/python3.7/site-packages/airflow/example_dags/example_skip_dag.py for tasks to queue
[2022-12-14T18:05:49.236+0000] {logging_mixin.py:137} INFO - [2022-12-14T18:05:49.236+0000] {dagbag.py:537} INFO - Filling up the DagBag from /home/airflow/.local/lib/python3.7/site-packages/airflow/example_dags/example_skip_dag.py
[2022-12-14T18:05:49.260+0000] {processor.py:766} INFO - DAG(s) dict_keys(['example_skip_dag']) retrieved from /home/airflow/.local/lib/python3.7/site-packages/airflow/example_dags/example_skip_dag.py
[2022-12-14T18:05:49.345+0000] {logging_mixin.py:137} INFO - [2022-12-14T18:05:49.344+0000] {dag.py:2585} INFO - Sync 1 DAGs
[2022-12-14T18:05:49.402+0000] {logging_mixin.py:137} INFO - [2022-12-14T18:05:49.402+0000] {dag.py:3340} INFO - Setting next_dagrun for example_skip_dag to 2022-12-13T18:05:49.401641+00:00, run_after=2022-12-14T18:05:49.401641+00:00
[2022-12-14T18:05:49.440+0000] {processor.py:176} INFO - Processing /home/airflow/.local/lib/python3.7/site-packages/airflow/example_dags/example_skip_dag.py took 0.210 seconds
[2022-12-14T18:06:19.889+0000] {processor.py:154} INFO - Started process (PID=794) to work on /home/airflow/.local/lib/python3.7/site-packages/airflow/example_dags/example_skip_dag.py
[2022-12-14T18:06:19.893+0000] {processor.py:756} INFO - Processing file /home/airflow/.local/lib/python3.7/site-packages/airflow/example_dags/example_skip_dag.py for tasks to queue
[2022-12-14T18:06:19.895+0000] {logging_mixin.py:137} INFO - [2022-12-14T18:06:19.893+0000] {dagbag.py:537} INFO - Filling up the DagBag from /home/airflow/.local/lib/python3.7/site-packages/airflow/example_dags/example_skip_dag.py
[2022-12-14T18:06:19.921+0000] {processor.py:766} INFO - DAG(s) dict_keys(['example_skip_dag']) retrieved from /home/airflow/.local/lib/python3.7/site-packages/airflow/example_dags/example_skip_dag.py
[2022-12-14T18:06:19.995+0000] {logging_mixin.py:137} INFO - [2022-12-14T18:06:19.994+0000] {dag.py:2585} INFO - Sync 1 DAGs
[2022-12-14T18:06:20.055+0000] {logging_mixin.py:137} INFO - [2022-12-14T18:06:20.055+0000] {dag.py:3340} INFO - Setting next_dagrun for example_skip_dag to 2022-12-13T18:06:20.054964+00:00, run_after=2022-12-14T18:06:20.054964+00:00
[2022-12-14T18:06:20.102+0000] {processor.py:176} INFO - Processing /home/airflow/.local/lib/python3.7/site-packages/airflow/example_dags/example_skip_dag.py took 0.221 seconds
