[2022-12-14T17:42:04.437+0000] {processor.py:154} INFO - Started process (PID=88) to work on /home/airflow/.local/lib/python3.7/site-packages/airflow/example_dags/example_kubernetes_executor.py
[2022-12-14T17:42:04.438+0000] {processor.py:756} INFO - Processing file /home/airflow/.local/lib/python3.7/site-packages/airflow/example_dags/example_kubernetes_executor.py for tasks to queue
[2022-12-14T17:42:04.439+0000] {logging_mixin.py:137} INFO - [2022-12-14T17:42:04.439+0000] {dagbag.py:537} INFO - Filling up the DagBag from /home/airflow/.local/lib/python3.7/site-packages/airflow/example_dags/example_kubernetes_executor.py
[2022-12-14T17:42:04.540+0000] {processor.py:766} INFO - DAG(s) dict_keys(['example_kubernetes_executor']) retrieved from /home/airflow/.local/lib/python3.7/site-packages/airflow/example_dags/example_kubernetes_executor.py
[2022-12-14T17:42:04.691+0000] {logging_mixin.py:137} INFO - [2022-12-14T17:42:04.690+0000] {dag.py:2585} INFO - Sync 1 DAGs
[2022-12-14T17:42:04.841+0000] {logging_mixin.py:137} INFO - [2022-12-14T17:42:04.841+0000] {dag.py:3340} INFO - Setting next_dagrun for example_kubernetes_executor to None, run_after=None
[2022-12-14T17:42:04.935+0000] {processor.py:176} INFO - Processing /home/airflow/.local/lib/python3.7/site-packages/airflow/example_dags/example_kubernetes_executor.py took 0.511 seconds
[2022-12-14T17:42:35.418+0000] {processor.py:154} INFO - Started process (PID=142) to work on /home/airflow/.local/lib/python3.7/site-packages/airflow/example_dags/example_kubernetes_executor.py
[2022-12-14T17:42:35.428+0000] {processor.py:756} INFO - Processing file /home/airflow/.local/lib/python3.7/site-packages/airflow/example_dags/example_kubernetes_executor.py for tasks to queue
[2022-12-14T17:42:35.429+0000] {logging_mixin.py:137} INFO - [2022-12-14T17:42:35.429+0000] {dagbag.py:537} INFO - Filling up the DagBag from /home/airflow/.local/lib/python3.7/site-packages/airflow/example_dags/example_kubernetes_executor.py
[2022-12-14T17:42:35.485+0000] {processor.py:766} INFO - DAG(s) dict_keys(['example_kubernetes_executor']) retrieved from /home/airflow/.local/lib/python3.7/site-packages/airflow/example_dags/example_kubernetes_executor.py
[2022-12-14T17:42:35.563+0000] {logging_mixin.py:137} INFO - [2022-12-14T17:42:35.563+0000] {dag.py:2585} INFO - Sync 1 DAGs
[2022-12-14T17:42:35.614+0000] {logging_mixin.py:137} INFO - [2022-12-14T17:42:35.613+0000] {dag.py:3340} INFO - Setting next_dagrun for example_kubernetes_executor to None, run_after=None
[2022-12-14T17:42:35.651+0000] {processor.py:176} INFO - Processing /home/airflow/.local/lib/python3.7/site-packages/airflow/example_dags/example_kubernetes_executor.py took 0.237 seconds
[2022-12-14T17:43:06.008+0000] {processor.py:154} INFO - Started process (PID=205) to work on /home/airflow/.local/lib/python3.7/site-packages/airflow/example_dags/example_kubernetes_executor.py
[2022-12-14T17:43:06.009+0000] {processor.py:756} INFO - Processing file /home/airflow/.local/lib/python3.7/site-packages/airflow/example_dags/example_kubernetes_executor.py for tasks to queue
[2022-12-14T17:43:06.010+0000] {logging_mixin.py:137} INFO - [2022-12-14T17:43:06.010+0000] {dagbag.py:537} INFO - Filling up the DagBag from /home/airflow/.local/lib/python3.7/site-packages/airflow/example_dags/example_kubernetes_executor.py
[2022-12-14T17:43:06.062+0000] {processor.py:766} INFO - DAG(s) dict_keys(['example_kubernetes_executor']) retrieved from /home/airflow/.local/lib/python3.7/site-packages/airflow/example_dags/example_kubernetes_executor.py
[2022-12-14T17:43:06.128+0000] {logging_mixin.py:137} INFO - [2022-12-14T17:43:06.128+0000] {dag.py:2585} INFO - Sync 1 DAGs
[2022-12-14T17:43:06.185+0000] {logging_mixin.py:137} INFO - [2022-12-14T17:43:06.185+0000] {dag.py:3340} INFO - Setting next_dagrun for example_kubernetes_executor to None, run_after=None
[2022-12-14T17:43:06.216+0000] {processor.py:176} INFO - Processing /home/airflow/.local/lib/python3.7/site-packages/airflow/example_dags/example_kubernetes_executor.py took 0.212 seconds
[2022-12-14T17:43:36.661+0000] {processor.py:154} INFO - Started process (PID=261) to work on /home/airflow/.local/lib/python3.7/site-packages/airflow/example_dags/example_kubernetes_executor.py
[2022-12-14T17:43:36.677+0000] {processor.py:756} INFO - Processing file /home/airflow/.local/lib/python3.7/site-packages/airflow/example_dags/example_kubernetes_executor.py for tasks to queue
[2022-12-14T17:43:36.678+0000] {logging_mixin.py:137} INFO - [2022-12-14T17:43:36.677+0000] {dagbag.py:537} INFO - Filling up the DagBag from /home/airflow/.local/lib/python3.7/site-packages/airflow/example_dags/example_kubernetes_executor.py
[2022-12-14T17:43:36.822+0000] {processor.py:766} INFO - DAG(s) dict_keys(['example_kubernetes_executor']) retrieved from /home/airflow/.local/lib/python3.7/site-packages/airflow/example_dags/example_kubernetes_executor.py
[2022-12-14T17:43:36.894+0000] {logging_mixin.py:137} INFO - [2022-12-14T17:43:36.894+0000] {dag.py:2585} INFO - Sync 1 DAGs
[2022-12-14T17:43:36.941+0000] {logging_mixin.py:137} INFO - [2022-12-14T17:43:36.941+0000] {dag.py:3340} INFO - Setting next_dagrun for example_kubernetes_executor to None, run_after=None
[2022-12-14T17:43:36.969+0000] {processor.py:176} INFO - Processing /home/airflow/.local/lib/python3.7/site-packages/airflow/example_dags/example_kubernetes_executor.py took 0.312 seconds
[2022-12-14T17:44:07.517+0000] {processor.py:154} INFO - Started process (PID=325) to work on /home/airflow/.local/lib/python3.7/site-packages/airflow/example_dags/example_kubernetes_executor.py
[2022-12-14T17:44:07.518+0000] {processor.py:756} INFO - Processing file /home/airflow/.local/lib/python3.7/site-packages/airflow/example_dags/example_kubernetes_executor.py for tasks to queue
[2022-12-14T17:44:07.519+0000] {logging_mixin.py:137} INFO - [2022-12-14T17:44:07.519+0000] {dagbag.py:537} INFO - Filling up the DagBag from /home/airflow/.local/lib/python3.7/site-packages/airflow/example_dags/example_kubernetes_executor.py
[2022-12-14T17:44:07.576+0000] {processor.py:766} INFO - DAG(s) dict_keys(['example_kubernetes_executor']) retrieved from /home/airflow/.local/lib/python3.7/site-packages/airflow/example_dags/example_kubernetes_executor.py
[2022-12-14T17:44:07.644+0000] {logging_mixin.py:137} INFO - [2022-12-14T17:44:07.644+0000] {dag.py:2585} INFO - Sync 1 DAGs
[2022-12-14T17:44:07.688+0000] {logging_mixin.py:137} INFO - [2022-12-14T17:44:07.688+0000] {dag.py:3340} INFO - Setting next_dagrun for example_kubernetes_executor to None, run_after=None
[2022-12-14T17:44:07.718+0000] {processor.py:176} INFO - Processing /home/airflow/.local/lib/python3.7/site-packages/airflow/example_dags/example_kubernetes_executor.py took 0.205 seconds
[2022-12-14T17:44:37.925+0000] {processor.py:154} INFO - Started process (PID=379) to work on /home/airflow/.local/lib/python3.7/site-packages/airflow/example_dags/example_kubernetes_executor.py
[2022-12-14T17:44:37.926+0000] {processor.py:756} INFO - Processing file /home/airflow/.local/lib/python3.7/site-packages/airflow/example_dags/example_kubernetes_executor.py for tasks to queue
[2022-12-14T17:44:37.927+0000] {logging_mixin.py:137} INFO - [2022-12-14T17:44:37.927+0000] {dagbag.py:537} INFO - Filling up the DagBag from /home/airflow/.local/lib/python3.7/site-packages/airflow/example_dags/example_kubernetes_executor.py
[2022-12-14T17:44:37.973+0000] {processor.py:766} INFO - DAG(s) dict_keys(['example_kubernetes_executor']) retrieved from /home/airflow/.local/lib/python3.7/site-packages/airflow/example_dags/example_kubernetes_executor.py
[2022-12-14T17:44:38.064+0000] {logging_mixin.py:137} INFO - [2022-12-14T17:44:38.063+0000] {dag.py:2585} INFO - Sync 1 DAGs
[2022-12-14T17:44:38.142+0000] {logging_mixin.py:137} INFO - [2022-12-14T17:44:38.142+0000] {dag.py:3340} INFO - Setting next_dagrun for example_kubernetes_executor to None, run_after=None
[2022-12-14T17:44:38.182+0000] {processor.py:176} INFO - Processing /home/airflow/.local/lib/python3.7/site-packages/airflow/example_dags/example_kubernetes_executor.py took 0.262 seconds
[2022-12-14T17:45:08.736+0000] {processor.py:154} INFO - Started process (PID=442) to work on /home/airflow/.local/lib/python3.7/site-packages/airflow/example_dags/example_kubernetes_executor.py
[2022-12-14T17:45:08.737+0000] {processor.py:756} INFO - Processing file /home/airflow/.local/lib/python3.7/site-packages/airflow/example_dags/example_kubernetes_executor.py for tasks to queue
[2022-12-14T17:45:08.738+0000] {logging_mixin.py:137} INFO - [2022-12-14T17:45:08.738+0000] {dagbag.py:537} INFO - Filling up the DagBag from /home/airflow/.local/lib/python3.7/site-packages/airflow/example_dags/example_kubernetes_executor.py
[2022-12-14T17:45:08.828+0000] {processor.py:766} INFO - DAG(s) dict_keys(['example_kubernetes_executor']) retrieved from /home/airflow/.local/lib/python3.7/site-packages/airflow/example_dags/example_kubernetes_executor.py
[2022-12-14T17:45:08.963+0000] {logging_mixin.py:137} INFO - [2022-12-14T17:45:08.963+0000] {dag.py:2585} INFO - Sync 1 DAGs
[2022-12-14T17:45:09.021+0000] {logging_mixin.py:137} INFO - [2022-12-14T17:45:09.021+0000] {dag.py:3340} INFO - Setting next_dagrun for example_kubernetes_executor to None, run_after=None
[2022-12-14T17:45:09.053+0000] {processor.py:176} INFO - Processing /home/airflow/.local/lib/python3.7/site-packages/airflow/example_dags/example_kubernetes_executor.py took 0.321 seconds
[2022-12-14T17:45:40.001+0000] {processor.py:154} INFO - Started process (PID=497) to work on /home/airflow/.local/lib/python3.7/site-packages/airflow/example_dags/example_kubernetes_executor.py
[2022-12-14T17:45:40.001+0000] {processor.py:756} INFO - Processing file /home/airflow/.local/lib/python3.7/site-packages/airflow/example_dags/example_kubernetes_executor.py for tasks to queue
[2022-12-14T17:45:40.002+0000] {logging_mixin.py:137} INFO - [2022-12-14T17:45:40.002+0000] {dagbag.py:537} INFO - Filling up the DagBag from /home/airflow/.local/lib/python3.7/site-packages/airflow/example_dags/example_kubernetes_executor.py
[2022-12-14T17:45:40.046+0000] {processor.py:766} INFO - DAG(s) dict_keys(['example_kubernetes_executor']) retrieved from /home/airflow/.local/lib/python3.7/site-packages/airflow/example_dags/example_kubernetes_executor.py
[2022-12-14T17:45:40.110+0000] {logging_mixin.py:137} INFO - [2022-12-14T17:45:40.110+0000] {dag.py:2585} INFO - Sync 1 DAGs
[2022-12-14T17:45:40.154+0000] {logging_mixin.py:137} INFO - [2022-12-14T17:45:40.153+0000] {dag.py:3340} INFO - Setting next_dagrun for example_kubernetes_executor to None, run_after=None
[2022-12-14T17:45:40.211+0000] {processor.py:176} INFO - Processing /home/airflow/.local/lib/python3.7/site-packages/airflow/example_dags/example_kubernetes_executor.py took 0.217 seconds
[2022-12-14T17:46:10.379+0000] {processor.py:154} INFO - Started process (PID=551) to work on /home/airflow/.local/lib/python3.7/site-packages/airflow/example_dags/example_kubernetes_executor.py
[2022-12-14T17:46:10.382+0000] {processor.py:756} INFO - Processing file /home/airflow/.local/lib/python3.7/site-packages/airflow/example_dags/example_kubernetes_executor.py for tasks to queue
[2022-12-14T17:46:10.386+0000] {logging_mixin.py:137} INFO - [2022-12-14T17:46:10.385+0000] {dagbag.py:537} INFO - Filling up the DagBag from /home/airflow/.local/lib/python3.7/site-packages/airflow/example_dags/example_kubernetes_executor.py
[2022-12-14T17:46:10.550+0000] {processor.py:766} INFO - DAG(s) dict_keys(['example_kubernetes_executor']) retrieved from /home/airflow/.local/lib/python3.7/site-packages/airflow/example_dags/example_kubernetes_executor.py
[2022-12-14T17:46:10.823+0000] {logging_mixin.py:137} INFO - [2022-12-14T17:46:10.823+0000] {dag.py:2585} INFO - Sync 1 DAGs
[2022-12-14T17:46:10.957+0000] {logging_mixin.py:137} INFO - [2022-12-14T17:46:10.957+0000] {dag.py:3340} INFO - Setting next_dagrun for example_kubernetes_executor to None, run_after=None
[2022-12-14T17:46:11.041+0000] {processor.py:176} INFO - Processing /home/airflow/.local/lib/python3.7/site-packages/airflow/example_dags/example_kubernetes_executor.py took 0.675 seconds
[2022-12-14T17:46:41.189+0000] {processor.py:154} INFO - Started process (PID=613) to work on /home/airflow/.local/lib/python3.7/site-packages/airflow/example_dags/example_kubernetes_executor.py
[2022-12-14T17:46:41.190+0000] {processor.py:756} INFO - Processing file /home/airflow/.local/lib/python3.7/site-packages/airflow/example_dags/example_kubernetes_executor.py for tasks to queue
[2022-12-14T17:46:41.191+0000] {logging_mixin.py:137} INFO - [2022-12-14T17:46:41.191+0000] {dagbag.py:537} INFO - Filling up the DagBag from /home/airflow/.local/lib/python3.7/site-packages/airflow/example_dags/example_kubernetes_executor.py
[2022-12-14T17:46:41.234+0000] {processor.py:766} INFO - DAG(s) dict_keys(['example_kubernetes_executor']) retrieved from /home/airflow/.local/lib/python3.7/site-packages/airflow/example_dags/example_kubernetes_executor.py
[2022-12-14T17:46:41.293+0000] {logging_mixin.py:137} INFO - [2022-12-14T17:46:41.292+0000] {dag.py:2585} INFO - Sync 1 DAGs
[2022-12-14T17:46:41.334+0000] {logging_mixin.py:137} INFO - [2022-12-14T17:46:41.334+0000] {dag.py:3340} INFO - Setting next_dagrun for example_kubernetes_executor to None, run_after=None
[2022-12-14T17:46:41.359+0000] {processor.py:176} INFO - Processing /home/airflow/.local/lib/python3.7/site-packages/airflow/example_dags/example_kubernetes_executor.py took 0.175 seconds
[2022-12-14T17:47:12.050+0000] {processor.py:154} INFO - Started process (PID=667) to work on /home/airflow/.local/lib/python3.7/site-packages/airflow/example_dags/example_kubernetes_executor.py
[2022-12-14T17:47:12.051+0000] {processor.py:756} INFO - Processing file /home/airflow/.local/lib/python3.7/site-packages/airflow/example_dags/example_kubernetes_executor.py for tasks to queue
[2022-12-14T17:47:12.053+0000] {logging_mixin.py:137} INFO - [2022-12-14T17:47:12.052+0000] {dagbag.py:537} INFO - Filling up the DagBag from /home/airflow/.local/lib/python3.7/site-packages/airflow/example_dags/example_kubernetes_executor.py
[2022-12-14T17:47:12.099+0000] {processor.py:766} INFO - DAG(s) dict_keys(['example_kubernetes_executor']) retrieved from /home/airflow/.local/lib/python3.7/site-packages/airflow/example_dags/example_kubernetes_executor.py
[2022-12-14T17:47:12.158+0000] {logging_mixin.py:137} INFO - [2022-12-14T17:47:12.158+0000] {dag.py:2585} INFO - Sync 1 DAGs
[2022-12-14T17:47:12.257+0000] {logging_mixin.py:137} INFO - [2022-12-14T17:47:12.257+0000] {dag.py:3340} INFO - Setting next_dagrun for example_kubernetes_executor to None, run_after=None
[2022-12-14T17:47:12.361+0000] {processor.py:176} INFO - Processing /home/airflow/.local/lib/python3.7/site-packages/airflow/example_dags/example_kubernetes_executor.py took 0.316 seconds
[2022-12-14T17:47:43.156+0000] {processor.py:154} INFO - Started process (PID=730) to work on /home/airflow/.local/lib/python3.7/site-packages/airflow/example_dags/example_kubernetes_executor.py
[2022-12-14T17:47:43.157+0000] {processor.py:756} INFO - Processing file /home/airflow/.local/lib/python3.7/site-packages/airflow/example_dags/example_kubernetes_executor.py for tasks to queue
[2022-12-14T17:47:43.158+0000] {logging_mixin.py:137} INFO - [2022-12-14T17:47:43.157+0000] {dagbag.py:537} INFO - Filling up the DagBag from /home/airflow/.local/lib/python3.7/site-packages/airflow/example_dags/example_kubernetes_executor.py
[2022-12-14T17:47:43.253+0000] {processor.py:766} INFO - DAG(s) dict_keys(['example_kubernetes_executor']) retrieved from /home/airflow/.local/lib/python3.7/site-packages/airflow/example_dags/example_kubernetes_executor.py
[2022-12-14T17:47:43.361+0000] {logging_mixin.py:137} INFO - [2022-12-14T17:47:43.360+0000] {dag.py:2585} INFO - Sync 1 DAGs
[2022-12-14T17:47:43.415+0000] {logging_mixin.py:137} INFO - [2022-12-14T17:47:43.414+0000] {dag.py:3340} INFO - Setting next_dagrun for example_kubernetes_executor to None, run_after=None
[2022-12-14T17:47:43.485+0000] {processor.py:176} INFO - Processing /home/airflow/.local/lib/python3.7/site-packages/airflow/example_dags/example_kubernetes_executor.py took 0.338 seconds
[2022-12-14T17:48:13.872+0000] {processor.py:154} INFO - Started process (PID=784) to work on /home/airflow/.local/lib/python3.7/site-packages/airflow/example_dags/example_kubernetes_executor.py
[2022-12-14T17:48:13.873+0000] {processor.py:756} INFO - Processing file /home/airflow/.local/lib/python3.7/site-packages/airflow/example_dags/example_kubernetes_executor.py for tasks to queue
[2022-12-14T17:48:13.875+0000] {logging_mixin.py:137} INFO - [2022-12-14T17:48:13.874+0000] {dagbag.py:537} INFO - Filling up the DagBag from /home/airflow/.local/lib/python3.7/site-packages/airflow/example_dags/example_kubernetes_executor.py
[2022-12-14T17:48:13.919+0000] {processor.py:766} INFO - DAG(s) dict_keys(['example_kubernetes_executor']) retrieved from /home/airflow/.local/lib/python3.7/site-packages/airflow/example_dags/example_kubernetes_executor.py
[2022-12-14T17:48:13.991+0000] {logging_mixin.py:137} INFO - [2022-12-14T17:48:13.990+0000] {dag.py:2585} INFO - Sync 1 DAGs
[2022-12-14T17:48:14.048+0000] {logging_mixin.py:137} INFO - [2022-12-14T17:48:14.048+0000] {dag.py:3340} INFO - Setting next_dagrun for example_kubernetes_executor to None, run_after=None
[2022-12-14T17:48:14.118+0000] {processor.py:176} INFO - Processing /home/airflow/.local/lib/python3.7/site-packages/airflow/example_dags/example_kubernetes_executor.py took 0.252 seconds
[2022-12-14T17:48:44.380+0000] {processor.py:154} INFO - Started process (PID=839) to work on /home/airflow/.local/lib/python3.7/site-packages/airflow/example_dags/example_kubernetes_executor.py
[2022-12-14T17:48:44.381+0000] {processor.py:756} INFO - Processing file /home/airflow/.local/lib/python3.7/site-packages/airflow/example_dags/example_kubernetes_executor.py for tasks to queue
[2022-12-14T17:48:44.382+0000] {logging_mixin.py:137} INFO - [2022-12-14T17:48:44.382+0000] {dagbag.py:537} INFO - Filling up the DagBag from /home/airflow/.local/lib/python3.7/site-packages/airflow/example_dags/example_kubernetes_executor.py
[2022-12-14T17:48:44.450+0000] {processor.py:766} INFO - DAG(s) dict_keys(['example_kubernetes_executor']) retrieved from /home/airflow/.local/lib/python3.7/site-packages/airflow/example_dags/example_kubernetes_executor.py
[2022-12-14T17:48:44.523+0000] {logging_mixin.py:137} INFO - [2022-12-14T17:48:44.523+0000] {dag.py:2585} INFO - Sync 1 DAGs
[2022-12-14T17:48:44.582+0000] {logging_mixin.py:137} INFO - [2022-12-14T17:48:44.581+0000] {dag.py:3340} INFO - Setting next_dagrun for example_kubernetes_executor to None, run_after=None
[2022-12-14T17:48:44.685+0000] {processor.py:176} INFO - Processing /home/airflow/.local/lib/python3.7/site-packages/airflow/example_dags/example_kubernetes_executor.py took 0.309 seconds
[2022-12-14T17:49:15.357+0000] {processor.py:154} INFO - Started process (PID=902) to work on /home/airflow/.local/lib/python3.7/site-packages/airflow/example_dags/example_kubernetes_executor.py
[2022-12-14T17:49:15.358+0000] {processor.py:756} INFO - Processing file /home/airflow/.local/lib/python3.7/site-packages/airflow/example_dags/example_kubernetes_executor.py for tasks to queue
[2022-12-14T17:49:15.359+0000] {logging_mixin.py:137} INFO - [2022-12-14T17:49:15.358+0000] {dagbag.py:537} INFO - Filling up the DagBag from /home/airflow/.local/lib/python3.7/site-packages/airflow/example_dags/example_kubernetes_executor.py
[2022-12-14T17:49:15.402+0000] {processor.py:766} INFO - DAG(s) dict_keys(['example_kubernetes_executor']) retrieved from /home/airflow/.local/lib/python3.7/site-packages/airflow/example_dags/example_kubernetes_executor.py
[2022-12-14T17:49:15.466+0000] {logging_mixin.py:137} INFO - [2022-12-14T17:49:15.466+0000] {dag.py:2585} INFO - Sync 1 DAGs
[2022-12-14T17:49:15.511+0000] {logging_mixin.py:137} INFO - [2022-12-14T17:49:15.510+0000] {dag.py:3340} INFO - Setting next_dagrun for example_kubernetes_executor to None, run_after=None
[2022-12-14T17:49:15.547+0000] {processor.py:176} INFO - Processing /home/airflow/.local/lib/python3.7/site-packages/airflow/example_dags/example_kubernetes_executor.py took 0.194 seconds
[2022-12-14T17:49:45.641+0000] {processor.py:154} INFO - Started process (PID=958) to work on /home/airflow/.local/lib/python3.7/site-packages/airflow/example_dags/example_kubernetes_executor.py
[2022-12-14T17:49:45.642+0000] {processor.py:756} INFO - Processing file /home/airflow/.local/lib/python3.7/site-packages/airflow/example_dags/example_kubernetes_executor.py for tasks to queue
[2022-12-14T17:49:45.643+0000] {logging_mixin.py:137} INFO - [2022-12-14T17:49:45.643+0000] {dagbag.py:537} INFO - Filling up the DagBag from /home/airflow/.local/lib/python3.7/site-packages/airflow/example_dags/example_kubernetes_executor.py
[2022-12-14T17:49:45.695+0000] {processor.py:766} INFO - DAG(s) dict_keys(['example_kubernetes_executor']) retrieved from /home/airflow/.local/lib/python3.7/site-packages/airflow/example_dags/example_kubernetes_executor.py
[2022-12-14T17:49:45.764+0000] {logging_mixin.py:137} INFO - [2022-12-14T17:49:45.764+0000] {dag.py:2585} INFO - Sync 1 DAGs
[2022-12-14T17:49:45.816+0000] {logging_mixin.py:137} INFO - [2022-12-14T17:49:45.816+0000] {dag.py:3340} INFO - Setting next_dagrun for example_kubernetes_executor to None, run_after=None
[2022-12-14T17:49:45.869+0000] {processor.py:176} INFO - Processing /home/airflow/.local/lib/python3.7/site-packages/airflow/example_dags/example_kubernetes_executor.py took 0.232 seconds
[2022-12-14T17:50:16.706+0000] {processor.py:154} INFO - Started process (PID=1012) to work on /home/airflow/.local/lib/python3.7/site-packages/airflow/example_dags/example_kubernetes_executor.py
[2022-12-14T17:50:16.707+0000] {processor.py:756} INFO - Processing file /home/airflow/.local/lib/python3.7/site-packages/airflow/example_dags/example_kubernetes_executor.py for tasks to queue
[2022-12-14T17:50:16.708+0000] {logging_mixin.py:137} INFO - [2022-12-14T17:50:16.708+0000] {dagbag.py:537} INFO - Filling up the DagBag from /home/airflow/.local/lib/python3.7/site-packages/airflow/example_dags/example_kubernetes_executor.py
[2022-12-14T17:50:16.774+0000] {processor.py:766} INFO - DAG(s) dict_keys(['example_kubernetes_executor']) retrieved from /home/airflow/.local/lib/python3.7/site-packages/airflow/example_dags/example_kubernetes_executor.py
[2022-12-14T17:50:16.909+0000] {logging_mixin.py:137} INFO - [2022-12-14T17:50:16.908+0000] {dag.py:2585} INFO - Sync 1 DAGs
[2022-12-14T17:50:16.967+0000] {logging_mixin.py:137} INFO - [2022-12-14T17:50:16.967+0000] {dag.py:3340} INFO - Setting next_dagrun for example_kubernetes_executor to None, run_after=None
[2022-12-14T17:50:16.999+0000] {processor.py:176} INFO - Processing /home/airflow/.local/lib/python3.7/site-packages/airflow/example_dags/example_kubernetes_executor.py took 0.298 seconds
[2022-12-14T17:50:47.849+0000] {processor.py:154} INFO - Started process (PID=1076) to work on /home/airflow/.local/lib/python3.7/site-packages/airflow/example_dags/example_kubernetes_executor.py
[2022-12-14T17:50:47.854+0000] {processor.py:756} INFO - Processing file /home/airflow/.local/lib/python3.7/site-packages/airflow/example_dags/example_kubernetes_executor.py for tasks to queue
[2022-12-14T17:50:47.855+0000] {logging_mixin.py:137} INFO - [2022-12-14T17:50:47.855+0000] {dagbag.py:537} INFO - Filling up the DagBag from /home/airflow/.local/lib/python3.7/site-packages/airflow/example_dags/example_kubernetes_executor.py
[2022-12-14T17:50:47.907+0000] {processor.py:766} INFO - DAG(s) dict_keys(['example_kubernetes_executor']) retrieved from /home/airflow/.local/lib/python3.7/site-packages/airflow/example_dags/example_kubernetes_executor.py
[2022-12-14T17:50:48.073+0000] {logging_mixin.py:137} INFO - [2022-12-14T17:50:48.045+0000] {dag.py:2585} INFO - Sync 1 DAGs
[2022-12-14T17:50:48.214+0000] {logging_mixin.py:137} INFO - [2022-12-14T17:50:48.214+0000] {dag.py:3340} INFO - Setting next_dagrun for example_kubernetes_executor to None, run_after=None
[2022-12-14T17:50:48.246+0000] {processor.py:176} INFO - Processing /home/airflow/.local/lib/python3.7/site-packages/airflow/example_dags/example_kubernetes_executor.py took 0.405 seconds
[2022-12-14T17:51:18.291+0000] {processor.py:154} INFO - Started process (PID=1131) to work on /home/airflow/.local/lib/python3.7/site-packages/airflow/example_dags/example_kubernetes_executor.py
[2022-12-14T17:51:18.292+0000] {processor.py:756} INFO - Processing file /home/airflow/.local/lib/python3.7/site-packages/airflow/example_dags/example_kubernetes_executor.py for tasks to queue
[2022-12-14T17:51:18.293+0000] {logging_mixin.py:137} INFO - [2022-12-14T17:51:18.292+0000] {dagbag.py:537} INFO - Filling up the DagBag from /home/airflow/.local/lib/python3.7/site-packages/airflow/example_dags/example_kubernetes_executor.py
[2022-12-14T17:51:18.344+0000] {processor.py:766} INFO - DAG(s) dict_keys(['example_kubernetes_executor']) retrieved from /home/airflow/.local/lib/python3.7/site-packages/airflow/example_dags/example_kubernetes_executor.py
[2022-12-14T17:51:18.405+0000] {logging_mixin.py:137} INFO - [2022-12-14T17:51:18.405+0000] {dag.py:2585} INFO - Sync 1 DAGs
[2022-12-14T17:51:18.450+0000] {logging_mixin.py:137} INFO - [2022-12-14T17:51:18.450+0000] {dag.py:3340} INFO - Setting next_dagrun for example_kubernetes_executor to None, run_after=None
[2022-12-14T17:51:18.480+0000] {processor.py:176} INFO - Processing /home/airflow/.local/lib/python3.7/site-packages/airflow/example_dags/example_kubernetes_executor.py took 0.193 seconds
[2022-12-14T17:51:49.349+0000] {processor.py:154} INFO - Started process (PID=1186) to work on /home/airflow/.local/lib/python3.7/site-packages/airflow/example_dags/example_kubernetes_executor.py
[2022-12-14T17:51:49.350+0000] {processor.py:756} INFO - Processing file /home/airflow/.local/lib/python3.7/site-packages/airflow/example_dags/example_kubernetes_executor.py for tasks to queue
[2022-12-14T17:51:49.352+0000] {logging_mixin.py:137} INFO - [2022-12-14T17:51:49.352+0000] {dagbag.py:537} INFO - Filling up the DagBag from /home/airflow/.local/lib/python3.7/site-packages/airflow/example_dags/example_kubernetes_executor.py
[2022-12-14T17:51:49.399+0000] {processor.py:766} INFO - DAG(s) dict_keys(['example_kubernetes_executor']) retrieved from /home/airflow/.local/lib/python3.7/site-packages/airflow/example_dags/example_kubernetes_executor.py
[2022-12-14T17:51:49.463+0000] {logging_mixin.py:137} INFO - [2022-12-14T17:51:49.463+0000] {dag.py:2585} INFO - Sync 1 DAGs
[2022-12-14T17:51:49.510+0000] {logging_mixin.py:137} INFO - [2022-12-14T17:51:49.509+0000] {dag.py:3340} INFO - Setting next_dagrun for example_kubernetes_executor to None, run_after=None
[2022-12-14T17:51:49.534+0000] {processor.py:176} INFO - Processing /home/airflow/.local/lib/python3.7/site-packages/airflow/example_dags/example_kubernetes_executor.py took 0.189 seconds
[2022-12-14T17:52:20.229+0000] {processor.py:154} INFO - Started process (PID=1241) to work on /home/airflow/.local/lib/python3.7/site-packages/airflow/example_dags/example_kubernetes_executor.py
[2022-12-14T17:52:20.230+0000] {processor.py:756} INFO - Processing file /home/airflow/.local/lib/python3.7/site-packages/airflow/example_dags/example_kubernetes_executor.py for tasks to queue
[2022-12-14T17:52:20.232+0000] {logging_mixin.py:137} INFO - [2022-12-14T17:52:20.231+0000] {dagbag.py:537} INFO - Filling up the DagBag from /home/airflow/.local/lib/python3.7/site-packages/airflow/example_dags/example_kubernetes_executor.py
[2022-12-14T17:52:20.296+0000] {processor.py:766} INFO - DAG(s) dict_keys(['example_kubernetes_executor']) retrieved from /home/airflow/.local/lib/python3.7/site-packages/airflow/example_dags/example_kubernetes_executor.py
[2022-12-14T17:52:20.404+0000] {logging_mixin.py:137} INFO - [2022-12-14T17:52:20.404+0000] {dag.py:2585} INFO - Sync 1 DAGs
[2022-12-14T17:52:20.476+0000] {logging_mixin.py:137} INFO - [2022-12-14T17:52:20.475+0000] {dag.py:3340} INFO - Setting next_dagrun for example_kubernetes_executor to None, run_after=None
[2022-12-14T17:52:20.534+0000] {processor.py:176} INFO - Processing /home/airflow/.local/lib/python3.7/site-packages/airflow/example_dags/example_kubernetes_executor.py took 0.312 seconds
[2022-12-14T17:52:50.568+0000] {processor.py:154} INFO - Started process (PID=1294) to work on /home/airflow/.local/lib/python3.7/site-packages/airflow/example_dags/example_kubernetes_executor.py
[2022-12-14T17:52:50.570+0000] {processor.py:756} INFO - Processing file /home/airflow/.local/lib/python3.7/site-packages/airflow/example_dags/example_kubernetes_executor.py for tasks to queue
[2022-12-14T17:52:50.570+0000] {logging_mixin.py:137} INFO - [2022-12-14T17:52:50.570+0000] {dagbag.py:537} INFO - Filling up the DagBag from /home/airflow/.local/lib/python3.7/site-packages/airflow/example_dags/example_kubernetes_executor.py
[2022-12-14T17:52:50.619+0000] {processor.py:766} INFO - DAG(s) dict_keys(['example_kubernetes_executor']) retrieved from /home/airflow/.local/lib/python3.7/site-packages/airflow/example_dags/example_kubernetes_executor.py
[2022-12-14T17:52:50.700+0000] {logging_mixin.py:137} INFO - [2022-12-14T17:52:50.699+0000] {dag.py:2585} INFO - Sync 1 DAGs
[2022-12-14T17:52:50.763+0000] {logging_mixin.py:137} INFO - [2022-12-14T17:52:50.763+0000] {dag.py:3340} INFO - Setting next_dagrun for example_kubernetes_executor to None, run_after=None
[2022-12-14T17:52:50.813+0000] {processor.py:176} INFO - Processing /home/airflow/.local/lib/python3.7/site-packages/airflow/example_dags/example_kubernetes_executor.py took 0.248 seconds
[2022-12-14T17:53:20.961+0000] {processor.py:154} INFO - Started process (PID=1348) to work on /home/airflow/.local/lib/python3.7/site-packages/airflow/example_dags/example_kubernetes_executor.py
[2022-12-14T17:53:20.961+0000] {processor.py:756} INFO - Processing file /home/airflow/.local/lib/python3.7/site-packages/airflow/example_dags/example_kubernetes_executor.py for tasks to queue
[2022-12-14T17:53:20.962+0000] {logging_mixin.py:137} INFO - [2022-12-14T17:53:20.962+0000] {dagbag.py:537} INFO - Filling up the DagBag from /home/airflow/.local/lib/python3.7/site-packages/airflow/example_dags/example_kubernetes_executor.py
[2022-12-14T17:53:21.011+0000] {processor.py:766} INFO - DAG(s) dict_keys(['example_kubernetes_executor']) retrieved from /home/airflow/.local/lib/python3.7/site-packages/airflow/example_dags/example_kubernetes_executor.py
[2022-12-14T17:53:21.079+0000] {logging_mixin.py:137} INFO - [2022-12-14T17:53:21.079+0000] {dag.py:2585} INFO - Sync 1 DAGs
[2022-12-14T17:53:21.127+0000] {logging_mixin.py:137} INFO - [2022-12-14T17:53:21.126+0000] {dag.py:3340} INFO - Setting next_dagrun for example_kubernetes_executor to None, run_after=None
[2022-12-14T17:53:21.153+0000] {processor.py:176} INFO - Processing /home/airflow/.local/lib/python3.7/site-packages/airflow/example_dags/example_kubernetes_executor.py took 0.198 seconds
[2022-12-14T17:53:51.581+0000] {processor.py:154} INFO - Started process (PID=1402) to work on /home/airflow/.local/lib/python3.7/site-packages/airflow/example_dags/example_kubernetes_executor.py
[2022-12-14T17:53:51.591+0000] {processor.py:756} INFO - Processing file /home/airflow/.local/lib/python3.7/site-packages/airflow/example_dags/example_kubernetes_executor.py for tasks to queue
[2022-12-14T17:53:51.592+0000] {logging_mixin.py:137} INFO - [2022-12-14T17:53:51.592+0000] {dagbag.py:537} INFO - Filling up the DagBag from /home/airflow/.local/lib/python3.7/site-packages/airflow/example_dags/example_kubernetes_executor.py
[2022-12-14T17:53:51.636+0000] {processor.py:766} INFO - DAG(s) dict_keys(['example_kubernetes_executor']) retrieved from /home/airflow/.local/lib/python3.7/site-packages/airflow/example_dags/example_kubernetes_executor.py
[2022-12-14T17:53:51.699+0000] {logging_mixin.py:137} INFO - [2022-12-14T17:53:51.699+0000] {dag.py:2585} INFO - Sync 1 DAGs
[2022-12-14T17:53:51.778+0000] {logging_mixin.py:137} INFO - [2022-12-14T17:53:51.777+0000] {dag.py:3340} INFO - Setting next_dagrun for example_kubernetes_executor to None, run_after=None
[2022-12-14T17:53:51.821+0000] {processor.py:176} INFO - Processing /home/airflow/.local/lib/python3.7/site-packages/airflow/example_dags/example_kubernetes_executor.py took 0.244 seconds
[2022-12-14T17:54:22.098+0000] {processor.py:154} INFO - Started process (PID=1465) to work on /home/airflow/.local/lib/python3.7/site-packages/airflow/example_dags/example_kubernetes_executor.py
[2022-12-14T17:54:22.099+0000] {processor.py:756} INFO - Processing file /home/airflow/.local/lib/python3.7/site-packages/airflow/example_dags/example_kubernetes_executor.py for tasks to queue
[2022-12-14T17:54:22.100+0000] {logging_mixin.py:137} INFO - [2022-12-14T17:54:22.099+0000] {dagbag.py:537} INFO - Filling up the DagBag from /home/airflow/.local/lib/python3.7/site-packages/airflow/example_dags/example_kubernetes_executor.py
[2022-12-14T17:54:22.163+0000] {processor.py:766} INFO - DAG(s) dict_keys(['example_kubernetes_executor']) retrieved from /home/airflow/.local/lib/python3.7/site-packages/airflow/example_dags/example_kubernetes_executor.py
[2022-12-14T17:54:22.243+0000] {logging_mixin.py:137} INFO - [2022-12-14T17:54:22.242+0000] {dag.py:2585} INFO - Sync 1 DAGs
[2022-12-14T17:54:22.307+0000] {logging_mixin.py:137} INFO - [2022-12-14T17:54:22.307+0000] {dag.py:3340} INFO - Setting next_dagrun for example_kubernetes_executor to None, run_after=None
[2022-12-14T17:54:22.348+0000] {processor.py:176} INFO - Processing /home/airflow/.local/lib/python3.7/site-packages/airflow/example_dags/example_kubernetes_executor.py took 0.255 seconds
[2022-12-14T17:54:53.120+0000] {processor.py:154} INFO - Started process (PID=1519) to work on /home/airflow/.local/lib/python3.7/site-packages/airflow/example_dags/example_kubernetes_executor.py
[2022-12-14T17:54:53.159+0000] {processor.py:756} INFO - Processing file /home/airflow/.local/lib/python3.7/site-packages/airflow/example_dags/example_kubernetes_executor.py for tasks to queue
[2022-12-14T17:54:53.160+0000] {logging_mixin.py:137} INFO - [2022-12-14T17:54:53.160+0000] {dagbag.py:537} INFO - Filling up the DagBag from /home/airflow/.local/lib/python3.7/site-packages/airflow/example_dags/example_kubernetes_executor.py
[2022-12-14T17:54:53.208+0000] {processor.py:766} INFO - DAG(s) dict_keys(['example_kubernetes_executor']) retrieved from /home/airflow/.local/lib/python3.7/site-packages/airflow/example_dags/example_kubernetes_executor.py
[2022-12-14T17:54:53.278+0000] {logging_mixin.py:137} INFO - [2022-12-14T17:54:53.278+0000] {dag.py:2585} INFO - Sync 1 DAGs
[2022-12-14T17:54:53.334+0000] {logging_mixin.py:137} INFO - [2022-12-14T17:54:53.334+0000] {dag.py:3340} INFO - Setting next_dagrun for example_kubernetes_executor to None, run_after=None
[2022-12-14T17:54:53.362+0000] {processor.py:176} INFO - Processing /home/airflow/.local/lib/python3.7/site-packages/airflow/example_dags/example_kubernetes_executor.py took 0.248 seconds
[2022-12-14T17:55:23.459+0000] {processor.py:154} INFO - Started process (PID=1572) to work on /home/airflow/.local/lib/python3.7/site-packages/airflow/example_dags/example_kubernetes_executor.py
[2022-12-14T17:55:23.459+0000] {processor.py:756} INFO - Processing file /home/airflow/.local/lib/python3.7/site-packages/airflow/example_dags/example_kubernetes_executor.py for tasks to queue
[2022-12-14T17:55:23.460+0000] {logging_mixin.py:137} INFO - [2022-12-14T17:55:23.460+0000] {dagbag.py:537} INFO - Filling up the DagBag from /home/airflow/.local/lib/python3.7/site-packages/airflow/example_dags/example_kubernetes_executor.py
[2022-12-14T17:55:23.508+0000] {processor.py:766} INFO - DAG(s) dict_keys(['example_kubernetes_executor']) retrieved from /home/airflow/.local/lib/python3.7/site-packages/airflow/example_dags/example_kubernetes_executor.py
[2022-12-14T17:55:23.574+0000] {logging_mixin.py:137} INFO - [2022-12-14T17:55:23.574+0000] {dag.py:2585} INFO - Sync 1 DAGs
[2022-12-14T17:55:23.617+0000] {logging_mixin.py:137} INFO - [2022-12-14T17:55:23.617+0000] {dag.py:3340} INFO - Setting next_dagrun for example_kubernetes_executor to None, run_after=None
[2022-12-14T17:55:23.644+0000] {processor.py:176} INFO - Processing /home/airflow/.local/lib/python3.7/site-packages/airflow/example_dags/example_kubernetes_executor.py took 0.191 seconds
[2022-12-14T17:55:53.825+0000] {processor.py:154} INFO - Started process (PID=1625) to work on /home/airflow/.local/lib/python3.7/site-packages/airflow/example_dags/example_kubernetes_executor.py
[2022-12-14T17:55:53.827+0000] {processor.py:756} INFO - Processing file /home/airflow/.local/lib/python3.7/site-packages/airflow/example_dags/example_kubernetes_executor.py for tasks to queue
[2022-12-14T17:55:53.828+0000] {logging_mixin.py:137} INFO - [2022-12-14T17:55:53.828+0000] {dagbag.py:537} INFO - Filling up the DagBag from /home/airflow/.local/lib/python3.7/site-packages/airflow/example_dags/example_kubernetes_executor.py
[2022-12-14T17:55:53.878+0000] {processor.py:766} INFO - DAG(s) dict_keys(['example_kubernetes_executor']) retrieved from /home/airflow/.local/lib/python3.7/site-packages/airflow/example_dags/example_kubernetes_executor.py
[2022-12-14T17:55:53.944+0000] {logging_mixin.py:137} INFO - [2022-12-14T17:55:53.944+0000] {dag.py:2585} INFO - Sync 1 DAGs
[2022-12-14T17:55:53.992+0000] {logging_mixin.py:137} INFO - [2022-12-14T17:55:53.992+0000] {dag.py:3340} INFO - Setting next_dagrun for example_kubernetes_executor to None, run_after=None
[2022-12-14T17:55:54.028+0000] {processor.py:176} INFO - Processing /home/airflow/.local/lib/python3.7/site-packages/airflow/example_dags/example_kubernetes_executor.py took 0.208 seconds
[2022-12-14T17:56:24.534+0000] {processor.py:154} INFO - Started process (PID=1686) to work on /home/airflow/.local/lib/python3.7/site-packages/airflow/example_dags/example_kubernetes_executor.py
[2022-12-14T17:56:24.552+0000] {processor.py:756} INFO - Processing file /home/airflow/.local/lib/python3.7/site-packages/airflow/example_dags/example_kubernetes_executor.py for tasks to queue
[2022-12-14T17:56:24.553+0000] {logging_mixin.py:137} INFO - [2022-12-14T17:56:24.553+0000] {dagbag.py:537} INFO - Filling up the DagBag from /home/airflow/.local/lib/python3.7/site-packages/airflow/example_dags/example_kubernetes_executor.py
[2022-12-14T17:56:24.648+0000] {processor.py:766} INFO - DAG(s) dict_keys(['example_kubernetes_executor']) retrieved from /home/airflow/.local/lib/python3.7/site-packages/airflow/example_dags/example_kubernetes_executor.py
[2022-12-14T17:56:24.835+0000] {logging_mixin.py:137} INFO - [2022-12-14T17:56:24.835+0000] {dag.py:2585} INFO - Sync 1 DAGs
[2022-12-14T17:56:24.939+0000] {logging_mixin.py:137} INFO - [2022-12-14T17:56:24.939+0000] {dag.py:3340} INFO - Setting next_dagrun for example_kubernetes_executor to None, run_after=None
[2022-12-14T17:56:24.999+0000] {processor.py:176} INFO - Processing /home/airflow/.local/lib/python3.7/site-packages/airflow/example_dags/example_kubernetes_executor.py took 0.472 seconds
[2022-12-14T18:00:08.108+0000] {processor.py:154} INFO - Started process (PID=94) to work on /home/airflow/.local/lib/python3.7/site-packages/airflow/example_dags/example_kubernetes_executor.py
[2022-12-14T18:00:08.115+0000] {processor.py:756} INFO - Processing file /home/airflow/.local/lib/python3.7/site-packages/airflow/example_dags/example_kubernetes_executor.py for tasks to queue
[2022-12-14T18:00:08.116+0000] {logging_mixin.py:137} INFO - [2022-12-14T18:00:08.116+0000] {dagbag.py:537} INFO - Filling up the DagBag from /home/airflow/.local/lib/python3.7/site-packages/airflow/example_dags/example_kubernetes_executor.py
[2022-12-14T18:00:08.330+0000] {processor.py:766} INFO - DAG(s) dict_keys(['example_kubernetes_executor']) retrieved from /home/airflow/.local/lib/python3.7/site-packages/airflow/example_dags/example_kubernetes_executor.py
[2022-12-14T18:00:08.498+0000] {logging_mixin.py:137} INFO - [2022-12-14T18:00:08.497+0000] {dag.py:2585} INFO - Sync 1 DAGs
[2022-12-14T18:00:08.680+0000] {logging_mixin.py:137} INFO - [2022-12-14T18:00:08.680+0000] {dag.py:3340} INFO - Setting next_dagrun for example_kubernetes_executor to None, run_after=None
[2022-12-14T18:00:08.863+0000] {processor.py:176} INFO - Processing /home/airflow/.local/lib/python3.7/site-packages/airflow/example_dags/example_kubernetes_executor.py took 0.772 seconds
[2022-12-14T18:00:39.084+0000] {processor.py:154} INFO - Started process (PID=150) to work on /home/airflow/.local/lib/python3.7/site-packages/airflow/example_dags/example_kubernetes_executor.py
[2022-12-14T18:00:39.085+0000] {processor.py:756} INFO - Processing file /home/airflow/.local/lib/python3.7/site-packages/airflow/example_dags/example_kubernetes_executor.py for tasks to queue
[2022-12-14T18:00:39.085+0000] {logging_mixin.py:137} INFO - [2022-12-14T18:00:39.085+0000] {dagbag.py:537} INFO - Filling up the DagBag from /home/airflow/.local/lib/python3.7/site-packages/airflow/example_dags/example_kubernetes_executor.py
[2022-12-14T18:00:39.140+0000] {processor.py:766} INFO - DAG(s) dict_keys(['example_kubernetes_executor']) retrieved from /home/airflow/.local/lib/python3.7/site-packages/airflow/example_dags/example_kubernetes_executor.py
[2022-12-14T18:00:39.219+0000] {logging_mixin.py:137} INFO - [2022-12-14T18:00:39.219+0000] {dag.py:2585} INFO - Sync 1 DAGs
[2022-12-14T18:00:39.271+0000] {logging_mixin.py:137} INFO - [2022-12-14T18:00:39.271+0000] {dag.py:3340} INFO - Setting next_dagrun for example_kubernetes_executor to None, run_after=None
[2022-12-14T18:00:39.305+0000] {processor.py:176} INFO - Processing /home/airflow/.local/lib/python3.7/site-packages/airflow/example_dags/example_kubernetes_executor.py took 0.225 seconds
[2022-12-14T18:01:09.430+0000] {processor.py:154} INFO - Started process (PID=207) to work on /home/airflow/.local/lib/python3.7/site-packages/airflow/example_dags/example_kubernetes_executor.py
[2022-12-14T18:01:09.435+0000] {processor.py:756} INFO - Processing file /home/airflow/.local/lib/python3.7/site-packages/airflow/example_dags/example_kubernetes_executor.py for tasks to queue
[2022-12-14T18:01:09.436+0000] {logging_mixin.py:137} INFO - [2022-12-14T18:01:09.436+0000] {dagbag.py:537} INFO - Filling up the DagBag from /home/airflow/.local/lib/python3.7/site-packages/airflow/example_dags/example_kubernetes_executor.py
[2022-12-14T18:01:09.526+0000] {processor.py:766} INFO - DAG(s) dict_keys(['example_kubernetes_executor']) retrieved from /home/airflow/.local/lib/python3.7/site-packages/airflow/example_dags/example_kubernetes_executor.py
[2022-12-14T18:01:09.613+0000] {logging_mixin.py:137} INFO - [2022-12-14T18:01:09.612+0000] {dag.py:2585} INFO - Sync 1 DAGs
[2022-12-14T18:01:09.674+0000] {logging_mixin.py:137} INFO - [2022-12-14T18:01:09.674+0000] {dag.py:3340} INFO - Setting next_dagrun for example_kubernetes_executor to None, run_after=None
[2022-12-14T18:01:09.755+0000] {processor.py:176} INFO - Processing /home/airflow/.local/lib/python3.7/site-packages/airflow/example_dags/example_kubernetes_executor.py took 0.338 seconds
[2022-12-14T18:01:39.901+0000] {processor.py:154} INFO - Started process (PID=262) to work on /home/airflow/.local/lib/python3.7/site-packages/airflow/example_dags/example_kubernetes_executor.py
[2022-12-14T18:01:39.947+0000] {processor.py:756} INFO - Processing file /home/airflow/.local/lib/python3.7/site-packages/airflow/example_dags/example_kubernetes_executor.py for tasks to queue
[2022-12-14T18:01:39.950+0000] {logging_mixin.py:137} INFO - [2022-12-14T18:01:39.949+0000] {dagbag.py:537} INFO - Filling up the DagBag from /home/airflow/.local/lib/python3.7/site-packages/airflow/example_dags/example_kubernetes_executor.py
[2022-12-14T18:01:40.069+0000] {processor.py:766} INFO - DAG(s) dict_keys(['example_kubernetes_executor']) retrieved from /home/airflow/.local/lib/python3.7/site-packages/airflow/example_dags/example_kubernetes_executor.py
[2022-12-14T18:01:40.150+0000] {logging_mixin.py:137} INFO - [2022-12-14T18:01:40.150+0000] {dag.py:2585} INFO - Sync 1 DAGs
[2022-12-14T18:01:40.227+0000] {logging_mixin.py:137} INFO - [2022-12-14T18:01:40.226+0000] {dag.py:3340} INFO - Setting next_dagrun for example_kubernetes_executor to None, run_after=None
[2022-12-14T18:01:40.283+0000] {processor.py:176} INFO - Processing /home/airflow/.local/lib/python3.7/site-packages/airflow/example_dags/example_kubernetes_executor.py took 0.387 seconds
[2022-12-14T18:02:11.024+0000] {processor.py:154} INFO - Started process (PID=326) to work on /home/airflow/.local/lib/python3.7/site-packages/airflow/example_dags/example_kubernetes_executor.py
[2022-12-14T18:02:11.025+0000] {processor.py:756} INFO - Processing file /home/airflow/.local/lib/python3.7/site-packages/airflow/example_dags/example_kubernetes_executor.py for tasks to queue
[2022-12-14T18:02:11.026+0000] {logging_mixin.py:137} INFO - [2022-12-14T18:02:11.026+0000] {dagbag.py:537} INFO - Filling up the DagBag from /home/airflow/.local/lib/python3.7/site-packages/airflow/example_dags/example_kubernetes_executor.py
[2022-12-14T18:02:11.086+0000] {processor.py:766} INFO - DAG(s) dict_keys(['example_kubernetes_executor']) retrieved from /home/airflow/.local/lib/python3.7/site-packages/airflow/example_dags/example_kubernetes_executor.py
[2022-12-14T18:02:11.163+0000] {logging_mixin.py:137} INFO - [2022-12-14T18:02:11.162+0000] {dag.py:2585} INFO - Sync 1 DAGs
[2022-12-14T18:02:11.220+0000] {logging_mixin.py:137} INFO - [2022-12-14T18:02:11.220+0000] {dag.py:3340} INFO - Setting next_dagrun for example_kubernetes_executor to None, run_after=None
[2022-12-14T18:02:11.253+0000] {processor.py:176} INFO - Processing /home/airflow/.local/lib/python3.7/site-packages/airflow/example_dags/example_kubernetes_executor.py took 0.233 seconds
[2022-12-14T18:02:41.955+0000] {processor.py:154} INFO - Started process (PID=380) to work on /home/airflow/.local/lib/python3.7/site-packages/airflow/example_dags/example_kubernetes_executor.py
[2022-12-14T18:02:41.967+0000] {processor.py:756} INFO - Processing file /home/airflow/.local/lib/python3.7/site-packages/airflow/example_dags/example_kubernetes_executor.py for tasks to queue
[2022-12-14T18:02:41.968+0000] {logging_mixin.py:137} INFO - [2022-12-14T18:02:41.967+0000] {dagbag.py:537} INFO - Filling up the DagBag from /home/airflow/.local/lib/python3.7/site-packages/airflow/example_dags/example_kubernetes_executor.py
[2022-12-14T18:02:42.081+0000] {processor.py:766} INFO - DAG(s) dict_keys(['example_kubernetes_executor']) retrieved from /home/airflow/.local/lib/python3.7/site-packages/airflow/example_dags/example_kubernetes_executor.py
[2022-12-14T18:02:42.257+0000] {logging_mixin.py:137} INFO - [2022-12-14T18:02:42.257+0000] {dag.py:2585} INFO - Sync 1 DAGs
[2022-12-14T18:02:42.411+0000] {logging_mixin.py:137} INFO - [2022-12-14T18:02:42.411+0000] {dag.py:3340} INFO - Setting next_dagrun for example_kubernetes_executor to None, run_after=None
[2022-12-14T18:02:42.535+0000] {processor.py:176} INFO - Processing /home/airflow/.local/lib/python3.7/site-packages/airflow/example_dags/example_kubernetes_executor.py took 0.585 seconds
[2022-12-14T18:03:12.816+0000] {processor.py:154} INFO - Started process (PID=441) to work on /home/airflow/.local/lib/python3.7/site-packages/airflow/example_dags/example_kubernetes_executor.py
[2022-12-14T18:03:12.829+0000] {processor.py:756} INFO - Processing file /home/airflow/.local/lib/python3.7/site-packages/airflow/example_dags/example_kubernetes_executor.py for tasks to queue
[2022-12-14T18:03:12.830+0000] {logging_mixin.py:137} INFO - [2022-12-14T18:03:12.830+0000] {dagbag.py:537} INFO - Filling up the DagBag from /home/airflow/.local/lib/python3.7/site-packages/airflow/example_dags/example_kubernetes_executor.py
[2022-12-14T18:03:12.887+0000] {processor.py:766} INFO - DAG(s) dict_keys(['example_kubernetes_executor']) retrieved from /home/airflow/.local/lib/python3.7/site-packages/airflow/example_dags/example_kubernetes_executor.py
[2022-12-14T18:03:12.972+0000] {logging_mixin.py:137} INFO - [2022-12-14T18:03:12.971+0000] {dag.py:2585} INFO - Sync 1 DAGs
[2022-12-14T18:03:13.029+0000] {logging_mixin.py:137} INFO - [2022-12-14T18:03:13.028+0000] {dag.py:3340} INFO - Setting next_dagrun for example_kubernetes_executor to None, run_after=None
[2022-12-14T18:03:13.082+0000] {processor.py:176} INFO - Processing /home/airflow/.local/lib/python3.7/site-packages/airflow/example_dags/example_kubernetes_executor.py took 0.273 seconds
[2022-12-14T18:03:43.920+0000] {processor.py:154} INFO - Started process (PID=495) to work on /home/airflow/.local/lib/python3.7/site-packages/airflow/example_dags/example_kubernetes_executor.py
[2022-12-14T18:03:43.921+0000] {processor.py:756} INFO - Processing file /home/airflow/.local/lib/python3.7/site-packages/airflow/example_dags/example_kubernetes_executor.py for tasks to queue
[2022-12-14T18:03:43.922+0000] {logging_mixin.py:137} INFO - [2022-12-14T18:03:43.922+0000] {dagbag.py:537} INFO - Filling up the DagBag from /home/airflow/.local/lib/python3.7/site-packages/airflow/example_dags/example_kubernetes_executor.py
[2022-12-14T18:03:43.981+0000] {processor.py:766} INFO - DAG(s) dict_keys(['example_kubernetes_executor']) retrieved from /home/airflow/.local/lib/python3.7/site-packages/airflow/example_dags/example_kubernetes_executor.py
[2022-12-14T18:03:44.051+0000] {logging_mixin.py:137} INFO - [2022-12-14T18:03:44.051+0000] {dag.py:2585} INFO - Sync 1 DAGs
[2022-12-14T18:03:44.103+0000] {logging_mixin.py:137} INFO - [2022-12-14T18:03:44.102+0000] {dag.py:3340} INFO - Setting next_dagrun for example_kubernetes_executor to None, run_after=None
[2022-12-14T18:03:44.133+0000] {processor.py:176} INFO - Processing /home/airflow/.local/lib/python3.7/site-packages/airflow/example_dags/example_kubernetes_executor.py took 0.218 seconds
[2022-12-14T18:04:14.583+0000] {processor.py:154} INFO - Started process (PID=550) to work on /home/airflow/.local/lib/python3.7/site-packages/airflow/example_dags/example_kubernetes_executor.py
[2022-12-14T18:04:14.584+0000] {processor.py:756} INFO - Processing file /home/airflow/.local/lib/python3.7/site-packages/airflow/example_dags/example_kubernetes_executor.py for tasks to queue
[2022-12-14T18:04:14.585+0000] {logging_mixin.py:137} INFO - [2022-12-14T18:04:14.585+0000] {dagbag.py:537} INFO - Filling up the DagBag from /home/airflow/.local/lib/python3.7/site-packages/airflow/example_dags/example_kubernetes_executor.py
[2022-12-14T18:04:14.646+0000] {processor.py:766} INFO - DAG(s) dict_keys(['example_kubernetes_executor']) retrieved from /home/airflow/.local/lib/python3.7/site-packages/airflow/example_dags/example_kubernetes_executor.py
[2022-12-14T18:04:14.734+0000] {logging_mixin.py:137} INFO - [2022-12-14T18:04:14.734+0000] {dag.py:2585} INFO - Sync 1 DAGs
[2022-12-14T18:04:14.810+0000] {logging_mixin.py:137} INFO - [2022-12-14T18:04:14.809+0000] {dag.py:3340} INFO - Setting next_dagrun for example_kubernetes_executor to None, run_after=None
[2022-12-14T18:04:14.846+0000] {processor.py:176} INFO - Processing /home/airflow/.local/lib/python3.7/site-packages/airflow/example_dags/example_kubernetes_executor.py took 0.268 seconds
[2022-12-14T18:04:45.623+0000] {processor.py:154} INFO - Started process (PID=614) to work on /home/airflow/.local/lib/python3.7/site-packages/airflow/example_dags/example_kubernetes_executor.py
[2022-12-14T18:04:45.624+0000] {processor.py:756} INFO - Processing file /home/airflow/.local/lib/python3.7/site-packages/airflow/example_dags/example_kubernetes_executor.py for tasks to queue
[2022-12-14T18:04:45.625+0000] {logging_mixin.py:137} INFO - [2022-12-14T18:04:45.625+0000] {dagbag.py:537} INFO - Filling up the DagBag from /home/airflow/.local/lib/python3.7/site-packages/airflow/example_dags/example_kubernetes_executor.py
[2022-12-14T18:04:45.710+0000] {processor.py:766} INFO - DAG(s) dict_keys(['example_kubernetes_executor']) retrieved from /home/airflow/.local/lib/python3.7/site-packages/airflow/example_dags/example_kubernetes_executor.py
[2022-12-14T18:04:45.787+0000] {logging_mixin.py:137} INFO - [2022-12-14T18:04:45.787+0000] {dag.py:2585} INFO - Sync 1 DAGs
[2022-12-14T18:04:45.839+0000] {logging_mixin.py:137} INFO - [2022-12-14T18:04:45.839+0000] {dag.py:3340} INFO - Setting next_dagrun for example_kubernetes_executor to None, run_after=None
[2022-12-14T18:04:46.031+0000] {processor.py:176} INFO - Processing /home/airflow/.local/lib/python3.7/site-packages/airflow/example_dags/example_kubernetes_executor.py took 0.420 seconds
[2022-12-14T18:05:16.167+0000] {processor.py:154} INFO - Started process (PID=668) to work on /home/airflow/.local/lib/python3.7/site-packages/airflow/example_dags/example_kubernetes_executor.py
[2022-12-14T18:05:16.168+0000] {processor.py:756} INFO - Processing file /home/airflow/.local/lib/python3.7/site-packages/airflow/example_dags/example_kubernetes_executor.py for tasks to queue
[2022-12-14T18:05:16.170+0000] {logging_mixin.py:137} INFO - [2022-12-14T18:05:16.170+0000] {dagbag.py:537} INFO - Filling up the DagBag from /home/airflow/.local/lib/python3.7/site-packages/airflow/example_dags/example_kubernetes_executor.py
[2022-12-14T18:05:16.233+0000] {processor.py:766} INFO - DAG(s) dict_keys(['example_kubernetes_executor']) retrieved from /home/airflow/.local/lib/python3.7/site-packages/airflow/example_dags/example_kubernetes_executor.py
[2022-12-14T18:05:16.305+0000] {logging_mixin.py:137} INFO - [2022-12-14T18:05:16.305+0000] {dag.py:2585} INFO - Sync 1 DAGs
[2022-12-14T18:05:16.359+0000] {logging_mixin.py:137} INFO - [2022-12-14T18:05:16.358+0000] {dag.py:3340} INFO - Setting next_dagrun for example_kubernetes_executor to None, run_after=None
[2022-12-14T18:05:16.384+0000] {processor.py:176} INFO - Processing /home/airflow/.local/lib/python3.7/site-packages/airflow/example_dags/example_kubernetes_executor.py took 0.225 seconds
[2022-12-14T18:05:46.591+0000] {processor.py:154} INFO - Started process (PID=723) to work on /home/airflow/.local/lib/python3.7/site-packages/airflow/example_dags/example_kubernetes_executor.py
[2022-12-14T18:05:46.593+0000] {processor.py:756} INFO - Processing file /home/airflow/.local/lib/python3.7/site-packages/airflow/example_dags/example_kubernetes_executor.py for tasks to queue
[2022-12-14T18:05:46.594+0000] {logging_mixin.py:137} INFO - [2022-12-14T18:05:46.594+0000] {dagbag.py:537} INFO - Filling up the DagBag from /home/airflow/.local/lib/python3.7/site-packages/airflow/example_dags/example_kubernetes_executor.py
[2022-12-14T18:05:46.642+0000] {processor.py:766} INFO - DAG(s) dict_keys(['example_kubernetes_executor']) retrieved from /home/airflow/.local/lib/python3.7/site-packages/airflow/example_dags/example_kubernetes_executor.py
[2022-12-14T18:05:46.704+0000] {logging_mixin.py:137} INFO - [2022-12-14T18:05:46.704+0000] {dag.py:2585} INFO - Sync 1 DAGs
[2022-12-14T18:05:46.749+0000] {logging_mixin.py:137} INFO - [2022-12-14T18:05:46.749+0000] {dag.py:3340} INFO - Setting next_dagrun for example_kubernetes_executor to None, run_after=None
[2022-12-14T18:05:46.778+0000] {processor.py:176} INFO - Processing /home/airflow/.local/lib/python3.7/site-packages/airflow/example_dags/example_kubernetes_executor.py took 0.191 seconds
[2022-12-14T18:06:16.843+0000] {processor.py:154} INFO - Started process (PID=787) to work on /home/airflow/.local/lib/python3.7/site-packages/airflow/example_dags/example_kubernetes_executor.py
[2022-12-14T18:06:16.844+0000] {processor.py:756} INFO - Processing file /home/airflow/.local/lib/python3.7/site-packages/airflow/example_dags/example_kubernetes_executor.py for tasks to queue
[2022-12-14T18:06:16.845+0000] {logging_mixin.py:137} INFO - [2022-12-14T18:06:16.845+0000] {dagbag.py:537} INFO - Filling up the DagBag from /home/airflow/.local/lib/python3.7/site-packages/airflow/example_dags/example_kubernetes_executor.py
[2022-12-14T18:06:16.906+0000] {processor.py:766} INFO - DAG(s) dict_keys(['example_kubernetes_executor']) retrieved from /home/airflow/.local/lib/python3.7/site-packages/airflow/example_dags/example_kubernetes_executor.py
[2022-12-14T18:06:16.984+0000] {logging_mixin.py:137} INFO - [2022-12-14T18:06:16.984+0000] {dag.py:2585} INFO - Sync 1 DAGs
[2022-12-14T18:06:17.040+0000] {logging_mixin.py:137} INFO - [2022-12-14T18:06:17.040+0000] {dag.py:3340} INFO - Setting next_dagrun for example_kubernetes_executor to None, run_after=None
[2022-12-14T18:06:17.071+0000] {processor.py:176} INFO - Processing /home/airflow/.local/lib/python3.7/site-packages/airflow/example_dags/example_kubernetes_executor.py took 0.236 seconds
