[2022-12-14T17:42:07.136+0000] {processor.py:154} INFO - Started process (PID=100) to work on /home/airflow/.local/lib/python3.7/site-packages/airflow/example_dags/example_nested_branch_dag.py
[2022-12-14T17:42:07.137+0000] {processor.py:756} INFO - Processing file /home/airflow/.local/lib/python3.7/site-packages/airflow/example_dags/example_nested_branch_dag.py for tasks to queue
[2022-12-14T17:42:07.138+0000] {logging_mixin.py:137} INFO - [2022-12-14T17:42:07.138+0000] {dagbag.py:537} INFO - Filling up the DagBag from /home/airflow/.local/lib/python3.7/site-packages/airflow/example_dags/example_nested_branch_dag.py
[2022-12-14T17:42:07.182+0000] {processor.py:766} INFO - DAG(s) dict_keys(['example_nested_branch_dag']) retrieved from /home/airflow/.local/lib/python3.7/site-packages/airflow/example_dags/example_nested_branch_dag.py
[2022-12-14T17:42:07.250+0000] {logging_mixin.py:137} INFO - [2022-12-14T17:42:07.250+0000] {dag.py:2585} INFO - Sync 1 DAGs
[2022-12-14T17:42:07.306+0000] {logging_mixin.py:137} INFO - [2022-12-14T17:42:07.305+0000] {dag.py:3340} INFO - Setting next_dagrun for example_nested_branch_dag to 2022-12-13T00:00:00+00:00, run_after=2022-12-14T00:00:00+00:00
[2022-12-14T17:42:07.340+0000] {processor.py:176} INFO - Processing /home/airflow/.local/lib/python3.7/site-packages/airflow/example_dags/example_nested_branch_dag.py took 0.208 seconds
[2022-12-14T17:42:38.079+0000] {processor.py:154} INFO - Started process (PID=163) to work on /home/airflow/.local/lib/python3.7/site-packages/airflow/example_dags/example_nested_branch_dag.py
[2022-12-14T17:42:38.080+0000] {processor.py:756} INFO - Processing file /home/airflow/.local/lib/python3.7/site-packages/airflow/example_dags/example_nested_branch_dag.py for tasks to queue
[2022-12-14T17:42:38.082+0000] {logging_mixin.py:137} INFO - [2022-12-14T17:42:38.081+0000] {dagbag.py:537} INFO - Filling up the DagBag from /home/airflow/.local/lib/python3.7/site-packages/airflow/example_dags/example_nested_branch_dag.py
[2022-12-14T17:42:38.125+0000] {processor.py:766} INFO - DAG(s) dict_keys(['example_nested_branch_dag']) retrieved from /home/airflow/.local/lib/python3.7/site-packages/airflow/example_dags/example_nested_branch_dag.py
[2022-12-14T17:42:38.193+0000] {logging_mixin.py:137} INFO - [2022-12-14T17:42:38.193+0000] {dag.py:2585} INFO - Sync 1 DAGs
[2022-12-14T17:42:38.251+0000] {logging_mixin.py:137} INFO - [2022-12-14T17:42:38.251+0000] {dag.py:3340} INFO - Setting next_dagrun for example_nested_branch_dag to 2022-12-13T00:00:00+00:00, run_after=2022-12-14T00:00:00+00:00
[2022-12-14T17:42:38.282+0000] {processor.py:176} INFO - Processing /home/airflow/.local/lib/python3.7/site-packages/airflow/example_dags/example_nested_branch_dag.py took 0.211 seconds
[2022-12-14T17:43:08.432+0000] {processor.py:154} INFO - Started process (PID=216) to work on /home/airflow/.local/lib/python3.7/site-packages/airflow/example_dags/example_nested_branch_dag.py
[2022-12-14T17:43:08.433+0000] {processor.py:756} INFO - Processing file /home/airflow/.local/lib/python3.7/site-packages/airflow/example_dags/example_nested_branch_dag.py for tasks to queue
[2022-12-14T17:43:08.434+0000] {logging_mixin.py:137} INFO - [2022-12-14T17:43:08.434+0000] {dagbag.py:537} INFO - Filling up the DagBag from /home/airflow/.local/lib/python3.7/site-packages/airflow/example_dags/example_nested_branch_dag.py
[2022-12-14T17:43:08.474+0000] {processor.py:766} INFO - DAG(s) dict_keys(['example_nested_branch_dag']) retrieved from /home/airflow/.local/lib/python3.7/site-packages/airflow/example_dags/example_nested_branch_dag.py
[2022-12-14T17:43:08.531+0000] {logging_mixin.py:137} INFO - [2022-12-14T17:43:08.531+0000] {dag.py:2585} INFO - Sync 1 DAGs
[2022-12-14T17:43:08.579+0000] {logging_mixin.py:137} INFO - [2022-12-14T17:43:08.579+0000] {dag.py:3340} INFO - Setting next_dagrun for example_nested_branch_dag to 2022-12-13T00:00:00+00:00, run_after=2022-12-14T00:00:00+00:00
[2022-12-14T17:43:08.601+0000] {processor.py:176} INFO - Processing /home/airflow/.local/lib/python3.7/site-packages/airflow/example_dags/example_nested_branch_dag.py took 0.174 seconds
[2022-12-14T17:43:39.167+0000] {processor.py:154} INFO - Started process (PID=272) to work on /home/airflow/.local/lib/python3.7/site-packages/airflow/example_dags/example_nested_branch_dag.py
[2022-12-14T17:43:39.200+0000] {processor.py:756} INFO - Processing file /home/airflow/.local/lib/python3.7/site-packages/airflow/example_dags/example_nested_branch_dag.py for tasks to queue
[2022-12-14T17:43:39.201+0000] {logging_mixin.py:137} INFO - [2022-12-14T17:43:39.201+0000] {dagbag.py:537} INFO - Filling up the DagBag from /home/airflow/.local/lib/python3.7/site-packages/airflow/example_dags/example_nested_branch_dag.py
[2022-12-14T17:43:39.253+0000] {processor.py:766} INFO - DAG(s) dict_keys(['example_nested_branch_dag']) retrieved from /home/airflow/.local/lib/python3.7/site-packages/airflow/example_dags/example_nested_branch_dag.py
[2022-12-14T17:43:39.322+0000] {logging_mixin.py:137} INFO - [2022-12-14T17:43:39.322+0000] {dag.py:2585} INFO - Sync 1 DAGs
[2022-12-14T17:43:39.378+0000] {logging_mixin.py:137} INFO - [2022-12-14T17:43:39.378+0000] {dag.py:3340} INFO - Setting next_dagrun for example_nested_branch_dag to 2022-12-13T00:00:00+00:00, run_after=2022-12-14T00:00:00+00:00
[2022-12-14T17:43:39.410+0000] {processor.py:176} INFO - Processing /home/airflow/.local/lib/python3.7/site-packages/airflow/example_dags/example_nested_branch_dag.py took 0.249 seconds
[2022-12-14T17:44:09.996+0000] {processor.py:154} INFO - Started process (PID=336) to work on /home/airflow/.local/lib/python3.7/site-packages/airflow/example_dags/example_nested_branch_dag.py
[2022-12-14T17:44:09.997+0000] {processor.py:756} INFO - Processing file /home/airflow/.local/lib/python3.7/site-packages/airflow/example_dags/example_nested_branch_dag.py for tasks to queue
[2022-12-14T17:44:09.998+0000] {logging_mixin.py:137} INFO - [2022-12-14T17:44:09.998+0000] {dagbag.py:537} INFO - Filling up the DagBag from /home/airflow/.local/lib/python3.7/site-packages/airflow/example_dags/example_nested_branch_dag.py
[2022-12-14T17:44:10.036+0000] {processor.py:766} INFO - DAG(s) dict_keys(['example_nested_branch_dag']) retrieved from /home/airflow/.local/lib/python3.7/site-packages/airflow/example_dags/example_nested_branch_dag.py
[2022-12-14T17:44:10.094+0000] {logging_mixin.py:137} INFO - [2022-12-14T17:44:10.094+0000] {dag.py:2585} INFO - Sync 1 DAGs
[2022-12-14T17:44:10.138+0000] {logging_mixin.py:137} INFO - [2022-12-14T17:44:10.138+0000] {dag.py:3340} INFO - Setting next_dagrun for example_nested_branch_dag to 2022-12-13T00:00:00+00:00, run_after=2022-12-14T00:00:00+00:00
[2022-12-14T17:44:10.163+0000] {processor.py:176} INFO - Processing /home/airflow/.local/lib/python3.7/site-packages/airflow/example_dags/example_nested_branch_dag.py took 0.173 seconds
[2022-12-14T17:44:40.407+0000] {processor.py:154} INFO - Started process (PID=390) to work on /home/airflow/.local/lib/python3.7/site-packages/airflow/example_dags/example_nested_branch_dag.py
[2022-12-14T17:44:40.409+0000] {processor.py:756} INFO - Processing file /home/airflow/.local/lib/python3.7/site-packages/airflow/example_dags/example_nested_branch_dag.py for tasks to queue
[2022-12-14T17:44:40.410+0000] {logging_mixin.py:137} INFO - [2022-12-14T17:44:40.409+0000] {dagbag.py:537} INFO - Filling up the DagBag from /home/airflow/.local/lib/python3.7/site-packages/airflow/example_dags/example_nested_branch_dag.py
[2022-12-14T17:44:40.456+0000] {processor.py:766} INFO - DAG(s) dict_keys(['example_nested_branch_dag']) retrieved from /home/airflow/.local/lib/python3.7/site-packages/airflow/example_dags/example_nested_branch_dag.py
[2022-12-14T17:44:40.531+0000] {logging_mixin.py:137} INFO - [2022-12-14T17:44:40.531+0000] {dag.py:2585} INFO - Sync 1 DAGs
[2022-12-14T17:44:40.678+0000] {logging_mixin.py:137} INFO - [2022-12-14T17:44:40.677+0000] {dag.py:3340} INFO - Setting next_dagrun for example_nested_branch_dag to 2022-12-13T00:00:00+00:00, run_after=2022-12-14T00:00:00+00:00
[2022-12-14T17:44:40.740+0000] {processor.py:176} INFO - Processing /home/airflow/.local/lib/python3.7/site-packages/airflow/example_dags/example_nested_branch_dag.py took 0.338 seconds
[2022-12-14T17:45:11.081+0000] {processor.py:154} INFO - Started process (PID=453) to work on /home/airflow/.local/lib/python3.7/site-packages/airflow/example_dags/example_nested_branch_dag.py
[2022-12-14T17:45:11.082+0000] {processor.py:756} INFO - Processing file /home/airflow/.local/lib/python3.7/site-packages/airflow/example_dags/example_nested_branch_dag.py for tasks to queue
[2022-12-14T17:45:11.083+0000] {logging_mixin.py:137} INFO - [2022-12-14T17:45:11.083+0000] {dagbag.py:537} INFO - Filling up the DagBag from /home/airflow/.local/lib/python3.7/site-packages/airflow/example_dags/example_nested_branch_dag.py
[2022-12-14T17:45:11.131+0000] {processor.py:766} INFO - DAG(s) dict_keys(['example_nested_branch_dag']) retrieved from /home/airflow/.local/lib/python3.7/site-packages/airflow/example_dags/example_nested_branch_dag.py
[2022-12-14T17:45:11.192+0000] {logging_mixin.py:137} INFO - [2022-12-14T17:45:11.192+0000] {dag.py:2585} INFO - Sync 1 DAGs
[2022-12-14T17:45:11.240+0000] {logging_mixin.py:137} INFO - [2022-12-14T17:45:11.240+0000] {dag.py:3340} INFO - Setting next_dagrun for example_nested_branch_dag to 2022-12-13T00:00:00+00:00, run_after=2022-12-14T00:00:00+00:00
[2022-12-14T17:45:11.266+0000] {processor.py:176} INFO - Processing /home/airflow/.local/lib/python3.7/site-packages/airflow/example_dags/example_nested_branch_dag.py took 0.189 seconds
[2022-12-14T17:45:41.307+0000] {processor.py:154} INFO - Started process (PID=508) to work on /home/airflow/.local/lib/python3.7/site-packages/airflow/example_dags/example_nested_branch_dag.py
[2022-12-14T17:45:41.308+0000] {processor.py:756} INFO - Processing file /home/airflow/.local/lib/python3.7/site-packages/airflow/example_dags/example_nested_branch_dag.py for tasks to queue
[2022-12-14T17:45:41.308+0000] {logging_mixin.py:137} INFO - [2022-12-14T17:45:41.308+0000] {dagbag.py:537} INFO - Filling up the DagBag from /home/airflow/.local/lib/python3.7/site-packages/airflow/example_dags/example_nested_branch_dag.py
[2022-12-14T17:45:41.344+0000] {processor.py:766} INFO - DAG(s) dict_keys(['example_nested_branch_dag']) retrieved from /home/airflow/.local/lib/python3.7/site-packages/airflow/example_dags/example_nested_branch_dag.py
[2022-12-14T17:45:41.408+0000] {logging_mixin.py:137} INFO - [2022-12-14T17:45:41.408+0000] {dag.py:2585} INFO - Sync 1 DAGs
[2022-12-14T17:45:41.457+0000] {logging_mixin.py:137} INFO - [2022-12-14T17:45:41.457+0000] {dag.py:3340} INFO - Setting next_dagrun for example_nested_branch_dag to 2022-12-13T00:00:00+00:00, run_after=2022-12-14T00:00:00+00:00
[2022-12-14T17:45:41.485+0000] {processor.py:176} INFO - Processing /home/airflow/.local/lib/python3.7/site-packages/airflow/example_dags/example_nested_branch_dag.py took 0.182 seconds
[2022-12-14T17:46:13.080+0000] {processor.py:154} INFO - Started process (PID=571) to work on /home/airflow/.local/lib/python3.7/site-packages/airflow/example_dags/example_nested_branch_dag.py
[2022-12-14T17:46:13.083+0000] {processor.py:756} INFO - Processing file /home/airflow/.local/lib/python3.7/site-packages/airflow/example_dags/example_nested_branch_dag.py for tasks to queue
[2022-12-14T17:46:13.084+0000] {logging_mixin.py:137} INFO - [2022-12-14T17:46:13.083+0000] {dagbag.py:537} INFO - Filling up the DagBag from /home/airflow/.local/lib/python3.7/site-packages/airflow/example_dags/example_nested_branch_dag.py
[2022-12-14T17:46:13.177+0000] {processor.py:766} INFO - DAG(s) dict_keys(['example_nested_branch_dag']) retrieved from /home/airflow/.local/lib/python3.7/site-packages/airflow/example_dags/example_nested_branch_dag.py
[2022-12-14T17:46:13.238+0000] {logging_mixin.py:137} INFO - [2022-12-14T17:46:13.238+0000] {dag.py:2585} INFO - Sync 1 DAGs
[2022-12-14T17:46:13.286+0000] {logging_mixin.py:137} INFO - [2022-12-14T17:46:13.286+0000] {dag.py:3340} INFO - Setting next_dagrun for example_nested_branch_dag to 2022-12-13T00:00:00+00:00, run_after=2022-12-14T00:00:00+00:00
[2022-12-14T17:46:13.314+0000] {processor.py:176} INFO - Processing /home/airflow/.local/lib/python3.7/site-packages/airflow/example_dags/example_nested_branch_dag.py took 0.245 seconds
[2022-12-14T17:46:43.485+0000] {processor.py:154} INFO - Started process (PID=624) to work on /home/airflow/.local/lib/python3.7/site-packages/airflow/example_dags/example_nested_branch_dag.py
[2022-12-14T17:46:43.486+0000] {processor.py:756} INFO - Processing file /home/airflow/.local/lib/python3.7/site-packages/airflow/example_dags/example_nested_branch_dag.py for tasks to queue
[2022-12-14T17:46:43.487+0000] {logging_mixin.py:137} INFO - [2022-12-14T17:46:43.486+0000] {dagbag.py:537} INFO - Filling up the DagBag from /home/airflow/.local/lib/python3.7/site-packages/airflow/example_dags/example_nested_branch_dag.py
[2022-12-14T17:46:43.534+0000] {processor.py:766} INFO - DAG(s) dict_keys(['example_nested_branch_dag']) retrieved from /home/airflow/.local/lib/python3.7/site-packages/airflow/example_dags/example_nested_branch_dag.py
[2022-12-14T17:46:43.599+0000] {logging_mixin.py:137} INFO - [2022-12-14T17:46:43.599+0000] {dag.py:2585} INFO - Sync 1 DAGs
[2022-12-14T17:46:43.652+0000] {logging_mixin.py:137} INFO - [2022-12-14T17:46:43.651+0000] {dag.py:3340} INFO - Setting next_dagrun for example_nested_branch_dag to 2022-12-13T00:00:00+00:00, run_after=2022-12-14T00:00:00+00:00
[2022-12-14T17:46:43.680+0000] {processor.py:176} INFO - Processing /home/airflow/.local/lib/python3.7/site-packages/airflow/example_dags/example_nested_branch_dag.py took 0.200 seconds
[2022-12-14T17:47:15.302+0000] {processor.py:154} INFO - Started process (PID=684) to work on /home/airflow/.local/lib/python3.7/site-packages/airflow/example_dags/example_nested_branch_dag.py
[2022-12-14T17:47:15.311+0000] {processor.py:756} INFO - Processing file /home/airflow/.local/lib/python3.7/site-packages/airflow/example_dags/example_nested_branch_dag.py for tasks to queue
[2022-12-14T17:47:15.312+0000] {logging_mixin.py:137} INFO - [2022-12-14T17:47:15.311+0000] {dagbag.py:537} INFO - Filling up the DagBag from /home/airflow/.local/lib/python3.7/site-packages/airflow/example_dags/example_nested_branch_dag.py
[2022-12-14T17:47:15.437+0000] {processor.py:766} INFO - DAG(s) dict_keys(['example_nested_branch_dag']) retrieved from /home/airflow/.local/lib/python3.7/site-packages/airflow/example_dags/example_nested_branch_dag.py
[2022-12-14T17:47:15.638+0000] {logging_mixin.py:137} INFO - [2022-12-14T17:47:15.638+0000] {dag.py:2585} INFO - Sync 1 DAGs
[2022-12-14T17:47:15.747+0000] {logging_mixin.py:137} INFO - [2022-12-14T17:47:15.746+0000] {dag.py:3340} INFO - Setting next_dagrun for example_nested_branch_dag to 2022-12-13T00:00:00+00:00, run_after=2022-12-14T00:00:00+00:00
[2022-12-14T17:47:15.815+0000] {processor.py:176} INFO - Processing /home/airflow/.local/lib/python3.7/site-packages/airflow/example_dags/example_nested_branch_dag.py took 0.534 seconds
[2022-12-14T17:47:46.329+0000] {processor.py:154} INFO - Started process (PID=741) to work on /home/airflow/.local/lib/python3.7/site-packages/airflow/example_dags/example_nested_branch_dag.py
[2022-12-14T17:47:46.330+0000] {processor.py:756} INFO - Processing file /home/airflow/.local/lib/python3.7/site-packages/airflow/example_dags/example_nested_branch_dag.py for tasks to queue
[2022-12-14T17:47:46.331+0000] {logging_mixin.py:137} INFO - [2022-12-14T17:47:46.331+0000] {dagbag.py:537} INFO - Filling up the DagBag from /home/airflow/.local/lib/python3.7/site-packages/airflow/example_dags/example_nested_branch_dag.py
[2022-12-14T17:47:46.380+0000] {processor.py:766} INFO - DAG(s) dict_keys(['example_nested_branch_dag']) retrieved from /home/airflow/.local/lib/python3.7/site-packages/airflow/example_dags/example_nested_branch_dag.py
[2022-12-14T17:47:46.437+0000] {logging_mixin.py:137} INFO - [2022-12-14T17:47:46.437+0000] {dag.py:2585} INFO - Sync 1 DAGs
[2022-12-14T17:47:46.488+0000] {logging_mixin.py:137} INFO - [2022-12-14T17:47:46.487+0000] {dag.py:3340} INFO - Setting next_dagrun for example_nested_branch_dag to 2022-12-13T00:00:00+00:00, run_after=2022-12-14T00:00:00+00:00
[2022-12-14T17:47:46.513+0000] {processor.py:176} INFO - Processing /home/airflow/.local/lib/python3.7/site-packages/airflow/example_dags/example_nested_branch_dag.py took 0.191 seconds
[2022-12-14T17:48:17.131+0000] {processor.py:154} INFO - Started process (PID=795) to work on /home/airflow/.local/lib/python3.7/site-packages/airflow/example_dags/example_nested_branch_dag.py
[2022-12-14T17:48:17.132+0000] {processor.py:756} INFO - Processing file /home/airflow/.local/lib/python3.7/site-packages/airflow/example_dags/example_nested_branch_dag.py for tasks to queue
[2022-12-14T17:48:17.132+0000] {logging_mixin.py:137} INFO - [2022-12-14T17:48:17.132+0000] {dagbag.py:537} INFO - Filling up the DagBag from /home/airflow/.local/lib/python3.7/site-packages/airflow/example_dags/example_nested_branch_dag.py
[2022-12-14T17:48:17.174+0000] {processor.py:766} INFO - DAG(s) dict_keys(['example_nested_branch_dag']) retrieved from /home/airflow/.local/lib/python3.7/site-packages/airflow/example_dags/example_nested_branch_dag.py
[2022-12-14T17:48:17.286+0000] {logging_mixin.py:137} INFO - [2022-12-14T17:48:17.285+0000] {dag.py:2585} INFO - Sync 1 DAGs
[2022-12-14T17:48:17.423+0000] {logging_mixin.py:137} INFO - [2022-12-14T17:48:17.423+0000] {dag.py:3340} INFO - Setting next_dagrun for example_nested_branch_dag to 2022-12-13T00:00:00+00:00, run_after=2022-12-14T00:00:00+00:00
[2022-12-14T17:48:17.464+0000] {processor.py:176} INFO - Processing /home/airflow/.local/lib/python3.7/site-packages/airflow/example_dags/example_nested_branch_dag.py took 0.337 seconds
[2022-12-14T17:48:47.762+0000] {processor.py:154} INFO - Started process (PID=859) to work on /home/airflow/.local/lib/python3.7/site-packages/airflow/example_dags/example_nested_branch_dag.py
[2022-12-14T17:48:47.767+0000] {processor.py:756} INFO - Processing file /home/airflow/.local/lib/python3.7/site-packages/airflow/example_dags/example_nested_branch_dag.py for tasks to queue
[2022-12-14T17:48:47.768+0000] {logging_mixin.py:137} INFO - [2022-12-14T17:48:47.768+0000] {dagbag.py:537} INFO - Filling up the DagBag from /home/airflow/.local/lib/python3.7/site-packages/airflow/example_dags/example_nested_branch_dag.py
[2022-12-14T17:48:47.820+0000] {processor.py:766} INFO - DAG(s) dict_keys(['example_nested_branch_dag']) retrieved from /home/airflow/.local/lib/python3.7/site-packages/airflow/example_dags/example_nested_branch_dag.py
[2022-12-14T17:48:47.911+0000] {logging_mixin.py:137} INFO - [2022-12-14T17:48:47.911+0000] {dag.py:2585} INFO - Sync 1 DAGs
[2022-12-14T17:48:47.973+0000] {logging_mixin.py:137} INFO - [2022-12-14T17:48:47.973+0000] {dag.py:3340} INFO - Setting next_dagrun for example_nested_branch_dag to 2022-12-13T00:00:00+00:00, run_after=2022-12-14T00:00:00+00:00
[2022-12-14T17:48:48.005+0000] {processor.py:176} INFO - Processing /home/airflow/.local/lib/python3.7/site-packages/airflow/example_dags/example_nested_branch_dag.py took 0.248 seconds
[2022-12-14T17:49:18.534+0000] {processor.py:154} INFO - Started process (PID=913) to work on /home/airflow/.local/lib/python3.7/site-packages/airflow/example_dags/example_nested_branch_dag.py
[2022-12-14T17:49:18.535+0000] {processor.py:756} INFO - Processing file /home/airflow/.local/lib/python3.7/site-packages/airflow/example_dags/example_nested_branch_dag.py for tasks to queue
[2022-12-14T17:49:18.536+0000] {logging_mixin.py:137} INFO - [2022-12-14T17:49:18.536+0000] {dagbag.py:537} INFO - Filling up the DagBag from /home/airflow/.local/lib/python3.7/site-packages/airflow/example_dags/example_nested_branch_dag.py
[2022-12-14T17:49:18.572+0000] {processor.py:766} INFO - DAG(s) dict_keys(['example_nested_branch_dag']) retrieved from /home/airflow/.local/lib/python3.7/site-packages/airflow/example_dags/example_nested_branch_dag.py
[2022-12-14T17:49:18.635+0000] {logging_mixin.py:137} INFO - [2022-12-14T17:49:18.635+0000] {dag.py:2585} INFO - Sync 1 DAGs
[2022-12-14T17:49:18.691+0000] {logging_mixin.py:137} INFO - [2022-12-14T17:49:18.690+0000] {dag.py:3340} INFO - Setting next_dagrun for example_nested_branch_dag to 2022-12-13T00:00:00+00:00, run_after=2022-12-14T00:00:00+00:00
[2022-12-14T17:49:18.733+0000] {processor.py:176} INFO - Processing /home/airflow/.local/lib/python3.7/site-packages/airflow/example_dags/example_nested_branch_dag.py took 0.202 seconds
[2022-12-14T17:49:48.888+0000] {processor.py:154} INFO - Started process (PID=969) to work on /home/airflow/.local/lib/python3.7/site-packages/airflow/example_dags/example_nested_branch_dag.py
[2022-12-14T17:49:48.889+0000] {processor.py:756} INFO - Processing file /home/airflow/.local/lib/python3.7/site-packages/airflow/example_dags/example_nested_branch_dag.py for tasks to queue
[2022-12-14T17:49:48.890+0000] {logging_mixin.py:137} INFO - [2022-12-14T17:49:48.890+0000] {dagbag.py:537} INFO - Filling up the DagBag from /home/airflow/.local/lib/python3.7/site-packages/airflow/example_dags/example_nested_branch_dag.py
[2022-12-14T17:49:48.936+0000] {processor.py:766} INFO - DAG(s) dict_keys(['example_nested_branch_dag']) retrieved from /home/airflow/.local/lib/python3.7/site-packages/airflow/example_dags/example_nested_branch_dag.py
[2022-12-14T17:49:49.012+0000] {logging_mixin.py:137} INFO - [2022-12-14T17:49:49.011+0000] {dag.py:2585} INFO - Sync 1 DAGs
[2022-12-14T17:49:49.087+0000] {logging_mixin.py:137} INFO - [2022-12-14T17:49:49.086+0000] {dag.py:3340} INFO - Setting next_dagrun for example_nested_branch_dag to 2022-12-13T00:00:00+00:00, run_after=2022-12-14T00:00:00+00:00
[2022-12-14T17:49:49.130+0000] {processor.py:176} INFO - Processing /home/airflow/.local/lib/python3.7/site-packages/airflow/example_dags/example_nested_branch_dag.py took 0.250 seconds
[2022-12-14T17:50:20.076+0000] {processor.py:154} INFO - Started process (PID=1032) to work on /home/airflow/.local/lib/python3.7/site-packages/airflow/example_dags/example_nested_branch_dag.py
[2022-12-14T17:50:20.090+0000] {processor.py:756} INFO - Processing file /home/airflow/.local/lib/python3.7/site-packages/airflow/example_dags/example_nested_branch_dag.py for tasks to queue
[2022-12-14T17:50:20.092+0000] {logging_mixin.py:137} INFO - [2022-12-14T17:50:20.092+0000] {dagbag.py:537} INFO - Filling up the DagBag from /home/airflow/.local/lib/python3.7/site-packages/airflow/example_dags/example_nested_branch_dag.py
[2022-12-14T17:50:20.191+0000] {processor.py:766} INFO - DAG(s) dict_keys(['example_nested_branch_dag']) retrieved from /home/airflow/.local/lib/python3.7/site-packages/airflow/example_dags/example_nested_branch_dag.py
[2022-12-14T17:50:20.316+0000] {logging_mixin.py:137} INFO - [2022-12-14T17:50:20.316+0000] {dag.py:2585} INFO - Sync 1 DAGs
[2022-12-14T17:50:20.382+0000] {logging_mixin.py:137} INFO - [2022-12-14T17:50:20.382+0000] {dag.py:3340} INFO - Setting next_dagrun for example_nested_branch_dag to 2022-12-13T00:00:00+00:00, run_after=2022-12-14T00:00:00+00:00
[2022-12-14T17:50:20.417+0000] {processor.py:176} INFO - Processing /home/airflow/.local/lib/python3.7/site-packages/airflow/example_dags/example_nested_branch_dag.py took 0.347 seconds
[2022-12-14T17:50:50.684+0000] {processor.py:154} INFO - Started process (PID=1087) to work on /home/airflow/.local/lib/python3.7/site-packages/airflow/example_dags/example_nested_branch_dag.py
[2022-12-14T17:50:50.686+0000] {processor.py:756} INFO - Processing file /home/airflow/.local/lib/python3.7/site-packages/airflow/example_dags/example_nested_branch_dag.py for tasks to queue
[2022-12-14T17:50:50.687+0000] {logging_mixin.py:137} INFO - [2022-12-14T17:50:50.687+0000] {dagbag.py:537} INFO - Filling up the DagBag from /home/airflow/.local/lib/python3.7/site-packages/airflow/example_dags/example_nested_branch_dag.py
[2022-12-14T17:50:50.734+0000] {processor.py:766} INFO - DAG(s) dict_keys(['example_nested_branch_dag']) retrieved from /home/airflow/.local/lib/python3.7/site-packages/airflow/example_dags/example_nested_branch_dag.py
[2022-12-14T17:50:50.828+0000] {logging_mixin.py:137} INFO - [2022-12-14T17:50:50.827+0000] {dag.py:2585} INFO - Sync 1 DAGs
[2022-12-14T17:50:50.896+0000] {logging_mixin.py:137} INFO - [2022-12-14T17:50:50.896+0000] {dag.py:3340} INFO - Setting next_dagrun for example_nested_branch_dag to 2022-12-13T00:00:00+00:00, run_after=2022-12-14T00:00:00+00:00
[2022-12-14T17:50:50.944+0000] {processor.py:176} INFO - Processing /home/airflow/.local/lib/python3.7/site-packages/airflow/example_dags/example_nested_branch_dag.py took 0.264 seconds
[2022-12-14T17:51:21.195+0000] {processor.py:154} INFO - Started process (PID=1143) to work on /home/airflow/.local/lib/python3.7/site-packages/airflow/example_dags/example_nested_branch_dag.py
[2022-12-14T17:51:21.197+0000] {processor.py:756} INFO - Processing file /home/airflow/.local/lib/python3.7/site-packages/airflow/example_dags/example_nested_branch_dag.py for tasks to queue
[2022-12-14T17:51:21.198+0000] {logging_mixin.py:137} INFO - [2022-12-14T17:51:21.197+0000] {dagbag.py:537} INFO - Filling up the DagBag from /home/airflow/.local/lib/python3.7/site-packages/airflow/example_dags/example_nested_branch_dag.py
[2022-12-14T17:51:21.248+0000] {processor.py:766} INFO - DAG(s) dict_keys(['example_nested_branch_dag']) retrieved from /home/airflow/.local/lib/python3.7/site-packages/airflow/example_dags/example_nested_branch_dag.py
[2022-12-14T17:51:21.351+0000] {logging_mixin.py:137} INFO - [2022-12-14T17:51:21.351+0000] {dag.py:2585} INFO - Sync 1 DAGs
[2022-12-14T17:51:21.427+0000] {logging_mixin.py:137} INFO - [2022-12-14T17:51:21.426+0000] {dag.py:3340} INFO - Setting next_dagrun for example_nested_branch_dag to 2022-12-13T00:00:00+00:00, run_after=2022-12-14T00:00:00+00:00
[2022-12-14T17:51:21.459+0000] {processor.py:176} INFO - Processing /home/airflow/.local/lib/python3.7/site-packages/airflow/example_dags/example_nested_branch_dag.py took 0.270 seconds
[2022-12-14T17:51:52.627+0000] {processor.py:154} INFO - Started process (PID=1197) to work on /home/airflow/.local/lib/python3.7/site-packages/airflow/example_dags/example_nested_branch_dag.py
[2022-12-14T17:51:52.628+0000] {processor.py:756} INFO - Processing file /home/airflow/.local/lib/python3.7/site-packages/airflow/example_dags/example_nested_branch_dag.py for tasks to queue
[2022-12-14T17:51:52.629+0000] {logging_mixin.py:137} INFO - [2022-12-14T17:51:52.628+0000] {dagbag.py:537} INFO - Filling up the DagBag from /home/airflow/.local/lib/python3.7/site-packages/airflow/example_dags/example_nested_branch_dag.py
[2022-12-14T17:51:52.674+0000] {processor.py:766} INFO - DAG(s) dict_keys(['example_nested_branch_dag']) retrieved from /home/airflow/.local/lib/python3.7/site-packages/airflow/example_dags/example_nested_branch_dag.py
[2022-12-14T17:51:52.749+0000] {logging_mixin.py:137} INFO - [2022-12-14T17:51:52.749+0000] {dag.py:2585} INFO - Sync 1 DAGs
[2022-12-14T17:51:52.839+0000] {logging_mixin.py:137} INFO - [2022-12-14T17:51:52.839+0000] {dag.py:3340} INFO - Setting next_dagrun for example_nested_branch_dag to 2022-12-13T00:00:00+00:00, run_after=2022-12-14T00:00:00+00:00
[2022-12-14T17:51:52.869+0000] {processor.py:176} INFO - Processing /home/airflow/.local/lib/python3.7/site-packages/airflow/example_dags/example_nested_branch_dag.py took 0.248 seconds
[2022-12-14T17:52:23.042+0000] {processor.py:154} INFO - Started process (PID=1252) to work on /home/airflow/.local/lib/python3.7/site-packages/airflow/example_dags/example_nested_branch_dag.py
[2022-12-14T17:52:23.043+0000] {processor.py:756} INFO - Processing file /home/airflow/.local/lib/python3.7/site-packages/airflow/example_dags/example_nested_branch_dag.py for tasks to queue
[2022-12-14T17:52:23.044+0000] {logging_mixin.py:137} INFO - [2022-12-14T17:52:23.044+0000] {dagbag.py:537} INFO - Filling up the DagBag from /home/airflow/.local/lib/python3.7/site-packages/airflow/example_dags/example_nested_branch_dag.py
[2022-12-14T17:52:23.104+0000] {processor.py:766} INFO - DAG(s) dict_keys(['example_nested_branch_dag']) retrieved from /home/airflow/.local/lib/python3.7/site-packages/airflow/example_dags/example_nested_branch_dag.py
[2022-12-14T17:52:23.193+0000] {logging_mixin.py:137} INFO - [2022-12-14T17:52:23.192+0000] {dag.py:2585} INFO - Sync 1 DAGs
[2022-12-14T17:52:23.267+0000] {logging_mixin.py:137} INFO - [2022-12-14T17:52:23.266+0000] {dag.py:3340} INFO - Setting next_dagrun for example_nested_branch_dag to 2022-12-13T00:00:00+00:00, run_after=2022-12-14T00:00:00+00:00
[2022-12-14T17:52:23.332+0000] {processor.py:176} INFO - Processing /home/airflow/.local/lib/python3.7/site-packages/airflow/example_dags/example_nested_branch_dag.py took 0.296 seconds
[2022-12-14T17:52:54.061+0000] {processor.py:154} INFO - Started process (PID=1306) to work on /home/airflow/.local/lib/python3.7/site-packages/airflow/example_dags/example_nested_branch_dag.py
[2022-12-14T17:52:54.063+0000] {processor.py:756} INFO - Processing file /home/airflow/.local/lib/python3.7/site-packages/airflow/example_dags/example_nested_branch_dag.py for tasks to queue
[2022-12-14T17:52:54.065+0000] {logging_mixin.py:137} INFO - [2022-12-14T17:52:54.064+0000] {dagbag.py:537} INFO - Filling up the DagBag from /home/airflow/.local/lib/python3.7/site-packages/airflow/example_dags/example_nested_branch_dag.py
[2022-12-14T17:52:54.163+0000] {processor.py:766} INFO - DAG(s) dict_keys(['example_nested_branch_dag']) retrieved from /home/airflow/.local/lib/python3.7/site-packages/airflow/example_dags/example_nested_branch_dag.py
[2022-12-14T17:52:54.397+0000] {logging_mixin.py:137} INFO - [2022-12-14T17:52:54.396+0000] {dag.py:2585} INFO - Sync 1 DAGs
[2022-12-14T17:52:54.476+0000] {logging_mixin.py:137} INFO - [2022-12-14T17:52:54.476+0000] {dag.py:3340} INFO - Setting next_dagrun for example_nested_branch_dag to 2022-12-13T00:00:00+00:00, run_after=2022-12-14T00:00:00+00:00
[2022-12-14T17:52:54.667+0000] {processor.py:176} INFO - Processing /home/airflow/.local/lib/python3.7/site-packages/airflow/example_dags/example_nested_branch_dag.py took 0.613 seconds
[2022-12-14T17:53:27.060+0000] {processor.py:154} INFO - Started process (PID=1368) to work on /home/airflow/.local/lib/python3.7/site-packages/airflow/example_dags/example_nested_branch_dag.py
[2022-12-14T17:53:27.064+0000] {processor.py:756} INFO - Processing file /home/airflow/.local/lib/python3.7/site-packages/airflow/example_dags/example_nested_branch_dag.py for tasks to queue
[2022-12-14T17:53:27.066+0000] {logging_mixin.py:137} INFO - [2022-12-14T17:53:27.066+0000] {dagbag.py:537} INFO - Filling up the DagBag from /home/airflow/.local/lib/python3.7/site-packages/airflow/example_dags/example_nested_branch_dag.py
[2022-12-14T17:53:27.182+0000] {processor.py:766} INFO - DAG(s) dict_keys(['example_nested_branch_dag']) retrieved from /home/airflow/.local/lib/python3.7/site-packages/airflow/example_dags/example_nested_branch_dag.py
[2022-12-14T17:53:27.309+0000] {logging_mixin.py:137} INFO - [2022-12-14T17:53:27.308+0000] {dag.py:2585} INFO - Sync 1 DAGs
[2022-12-14T17:53:27.397+0000] {logging_mixin.py:137} INFO - [2022-12-14T17:53:27.397+0000] {dag.py:3340} INFO - Setting next_dagrun for example_nested_branch_dag to 2022-12-13T00:00:00+00:00, run_after=2022-12-14T00:00:00+00:00
[2022-12-14T17:53:27.471+0000] {processor.py:176} INFO - Processing /home/airflow/.local/lib/python3.7/site-packages/airflow/example_dags/example_nested_branch_dag.py took 0.429 seconds
[2022-12-14T17:53:57.861+0000] {processor.py:154} INFO - Started process (PID=1423) to work on /home/airflow/.local/lib/python3.7/site-packages/airflow/example_dags/example_nested_branch_dag.py
[2022-12-14T17:53:57.862+0000] {processor.py:756} INFO - Processing file /home/airflow/.local/lib/python3.7/site-packages/airflow/example_dags/example_nested_branch_dag.py for tasks to queue
[2022-12-14T17:53:57.863+0000] {logging_mixin.py:137} INFO - [2022-12-14T17:53:57.863+0000] {dagbag.py:537} INFO - Filling up the DagBag from /home/airflow/.local/lib/python3.7/site-packages/airflow/example_dags/example_nested_branch_dag.py
[2022-12-14T17:53:57.908+0000] {processor.py:766} INFO - DAG(s) dict_keys(['example_nested_branch_dag']) retrieved from /home/airflow/.local/lib/python3.7/site-packages/airflow/example_dags/example_nested_branch_dag.py
[2022-12-14T17:53:57.986+0000] {logging_mixin.py:137} INFO - [2022-12-14T17:53:57.985+0000] {dag.py:2585} INFO - Sync 1 DAGs
[2022-12-14T17:53:58.060+0000] {logging_mixin.py:137} INFO - [2022-12-14T17:53:58.060+0000] {dag.py:3340} INFO - Setting next_dagrun for example_nested_branch_dag to 2022-12-13T00:00:00+00:00, run_after=2022-12-14T00:00:00+00:00
[2022-12-14T17:53:58.105+0000] {processor.py:176} INFO - Processing /home/airflow/.local/lib/python3.7/site-packages/airflow/example_dags/example_nested_branch_dag.py took 0.250 seconds
[2022-12-14T17:54:28.747+0000] {processor.py:154} INFO - Started process (PID=1477) to work on /home/airflow/.local/lib/python3.7/site-packages/airflow/example_dags/example_nested_branch_dag.py
[2022-12-14T17:54:28.758+0000] {processor.py:756} INFO - Processing file /home/airflow/.local/lib/python3.7/site-packages/airflow/example_dags/example_nested_branch_dag.py for tasks to queue
[2022-12-14T17:54:28.760+0000] {logging_mixin.py:137} INFO - [2022-12-14T17:54:28.760+0000] {dagbag.py:537} INFO - Filling up the DagBag from /home/airflow/.local/lib/python3.7/site-packages/airflow/example_dags/example_nested_branch_dag.py
[2022-12-14T17:54:28.820+0000] {processor.py:766} INFO - DAG(s) dict_keys(['example_nested_branch_dag']) retrieved from /home/airflow/.local/lib/python3.7/site-packages/airflow/example_dags/example_nested_branch_dag.py
[2022-12-14T17:54:28.920+0000] {logging_mixin.py:137} INFO - [2022-12-14T17:54:28.919+0000] {dag.py:2585} INFO - Sync 1 DAGs
[2022-12-14T17:54:29.009+0000] {logging_mixin.py:137} INFO - [2022-12-14T17:54:29.008+0000] {dag.py:3340} INFO - Setting next_dagrun for example_nested_branch_dag to 2022-12-13T00:00:00+00:00, run_after=2022-12-14T00:00:00+00:00
[2022-12-14T17:54:29.059+0000] {processor.py:176} INFO - Processing /home/airflow/.local/lib/python3.7/site-packages/airflow/example_dags/example_nested_branch_dag.py took 0.318 seconds
[2022-12-14T17:54:59.868+0000] {processor.py:154} INFO - Started process (PID=1531) to work on /home/airflow/.local/lib/python3.7/site-packages/airflow/example_dags/example_nested_branch_dag.py
[2022-12-14T17:54:59.869+0000] {processor.py:756} INFO - Processing file /home/airflow/.local/lib/python3.7/site-packages/airflow/example_dags/example_nested_branch_dag.py for tasks to queue
[2022-12-14T17:54:59.870+0000] {logging_mixin.py:137} INFO - [2022-12-14T17:54:59.869+0000] {dagbag.py:537} INFO - Filling up the DagBag from /home/airflow/.local/lib/python3.7/site-packages/airflow/example_dags/example_nested_branch_dag.py
[2022-12-14T17:54:59.913+0000] {processor.py:766} INFO - DAG(s) dict_keys(['example_nested_branch_dag']) retrieved from /home/airflow/.local/lib/python3.7/site-packages/airflow/example_dags/example_nested_branch_dag.py
[2022-12-14T17:54:59.985+0000] {logging_mixin.py:137} INFO - [2022-12-14T17:54:59.984+0000] {dag.py:2585} INFO - Sync 1 DAGs
[2022-12-14T17:55:00.046+0000] {logging_mixin.py:137} INFO - [2022-12-14T17:55:00.046+0000] {dag.py:3340} INFO - Setting next_dagrun for example_nested_branch_dag to 2022-12-13T00:00:00+00:00, run_after=2022-12-14T00:00:00+00:00
[2022-12-14T17:55:00.077+0000] {processor.py:176} INFO - Processing /home/airflow/.local/lib/python3.7/site-packages/airflow/example_dags/example_nested_branch_dag.py took 0.216 seconds
[2022-12-14T17:55:31.032+0000] {processor.py:154} INFO - Started process (PID=1593) to work on /home/airflow/.local/lib/python3.7/site-packages/airflow/example_dags/example_nested_branch_dag.py
[2022-12-14T17:55:31.044+0000] {processor.py:756} INFO - Processing file /home/airflow/.local/lib/python3.7/site-packages/airflow/example_dags/example_nested_branch_dag.py for tasks to queue
[2022-12-14T17:55:31.046+0000] {logging_mixin.py:137} INFO - [2022-12-14T17:55:31.046+0000] {dagbag.py:537} INFO - Filling up the DagBag from /home/airflow/.local/lib/python3.7/site-packages/airflow/example_dags/example_nested_branch_dag.py
[2022-12-14T17:55:31.214+0000] {processor.py:766} INFO - DAG(s) dict_keys(['example_nested_branch_dag']) retrieved from /home/airflow/.local/lib/python3.7/site-packages/airflow/example_dags/example_nested_branch_dag.py
[2022-12-14T17:55:31.452+0000] {logging_mixin.py:137} INFO - [2022-12-14T17:55:31.452+0000] {dag.py:2585} INFO - Sync 1 DAGs
[2022-12-14T17:55:31.605+0000] {logging_mixin.py:137} INFO - [2022-12-14T17:55:31.604+0000] {dag.py:3340} INFO - Setting next_dagrun for example_nested_branch_dag to 2022-12-13T00:00:00+00:00, run_after=2022-12-14T00:00:00+00:00
[2022-12-14T17:55:31.680+0000] {processor.py:176} INFO - Processing /home/airflow/.local/lib/python3.7/site-packages/airflow/example_dags/example_nested_branch_dag.py took 0.653 seconds
[2022-12-14T17:56:02.410+0000] {processor.py:154} INFO - Started process (PID=1646) to work on /home/airflow/.local/lib/python3.7/site-packages/airflow/example_dags/example_nested_branch_dag.py
[2022-12-14T17:56:02.411+0000] {processor.py:756} INFO - Processing file /home/airflow/.local/lib/python3.7/site-packages/airflow/example_dags/example_nested_branch_dag.py for tasks to queue
[2022-12-14T17:56:02.412+0000] {logging_mixin.py:137} INFO - [2022-12-14T17:56:02.412+0000] {dagbag.py:537} INFO - Filling up the DagBag from /home/airflow/.local/lib/python3.7/site-packages/airflow/example_dags/example_nested_branch_dag.py
[2022-12-14T17:56:02.451+0000] {processor.py:766} INFO - DAG(s) dict_keys(['example_nested_branch_dag']) retrieved from /home/airflow/.local/lib/python3.7/site-packages/airflow/example_dags/example_nested_branch_dag.py
[2022-12-14T17:56:02.518+0000] {logging_mixin.py:137} INFO - [2022-12-14T17:56:02.517+0000] {dag.py:2585} INFO - Sync 1 DAGs
[2022-12-14T17:56:02.569+0000] {logging_mixin.py:137} INFO - [2022-12-14T17:56:02.569+0000] {dag.py:3340} INFO - Setting next_dagrun for example_nested_branch_dag to 2022-12-13T00:00:00+00:00, run_after=2022-12-14T00:00:00+00:00
[2022-12-14T17:56:02.602+0000] {processor.py:176} INFO - Processing /home/airflow/.local/lib/python3.7/site-packages/airflow/example_dags/example_nested_branch_dag.py took 0.197 seconds
[2022-12-14T17:56:33.228+0000] {processor.py:154} INFO - Started process (PID=1698) to work on /home/airflow/.local/lib/python3.7/site-packages/airflow/example_dags/example_nested_branch_dag.py
[2022-12-14T17:56:33.229+0000] {processor.py:756} INFO - Processing file /home/airflow/.local/lib/python3.7/site-packages/airflow/example_dags/example_nested_branch_dag.py for tasks to queue
[2022-12-14T17:56:33.230+0000] {logging_mixin.py:137} INFO - [2022-12-14T17:56:33.230+0000] {dagbag.py:537} INFO - Filling up the DagBag from /home/airflow/.local/lib/python3.7/site-packages/airflow/example_dags/example_nested_branch_dag.py
[2022-12-14T17:56:33.283+0000] {processor.py:766} INFO - DAG(s) dict_keys(['example_nested_branch_dag']) retrieved from /home/airflow/.local/lib/python3.7/site-packages/airflow/example_dags/example_nested_branch_dag.py
[2022-12-14T17:56:33.382+0000] {logging_mixin.py:137} INFO - [2022-12-14T17:56:33.382+0000] {dag.py:2585} INFO - Sync 1 DAGs
[2022-12-14T17:56:33.447+0000] {logging_mixin.py:137} INFO - [2022-12-14T17:56:33.447+0000] {dag.py:3340} INFO - Setting next_dagrun for example_nested_branch_dag to 2022-12-13T00:00:00+00:00, run_after=2022-12-14T00:00:00+00:00
[2022-12-14T17:56:33.476+0000] {processor.py:176} INFO - Processing /home/airflow/.local/lib/python3.7/site-packages/airflow/example_dags/example_nested_branch_dag.py took 0.253 seconds
[2022-12-14T18:00:12.681+0000] {processor.py:154} INFO - Started process (PID=108) to work on /home/airflow/.local/lib/python3.7/site-packages/airflow/example_dags/example_nested_branch_dag.py
[2022-12-14T18:00:12.691+0000] {processor.py:756} INFO - Processing file /home/airflow/.local/lib/python3.7/site-packages/airflow/example_dags/example_nested_branch_dag.py for tasks to queue
[2022-12-14T18:00:12.692+0000] {logging_mixin.py:137} INFO - [2022-12-14T18:00:12.692+0000] {dagbag.py:537} INFO - Filling up the DagBag from /home/airflow/.local/lib/python3.7/site-packages/airflow/example_dags/example_nested_branch_dag.py
[2022-12-14T18:00:12.813+0000] {processor.py:766} INFO - DAG(s) dict_keys(['example_nested_branch_dag']) retrieved from /home/airflow/.local/lib/python3.7/site-packages/airflow/example_dags/example_nested_branch_dag.py
[2022-12-14T18:00:12.995+0000] {logging_mixin.py:137} INFO - [2022-12-14T18:00:12.995+0000] {dag.py:2585} INFO - Sync 1 DAGs
[2022-12-14T18:00:13.155+0000] {logging_mixin.py:137} INFO - [2022-12-14T18:00:13.155+0000] {dag.py:3340} INFO - Setting next_dagrun for example_nested_branch_dag to 2022-12-13T00:00:00+00:00, run_after=2022-12-14T00:00:00+00:00
[2022-12-14T18:00:13.225+0000] {processor.py:176} INFO - Processing /home/airflow/.local/lib/python3.7/site-packages/airflow/example_dags/example_nested_branch_dag.py took 0.550 seconds
[2022-12-14T18:00:43.360+0000] {processor.py:154} INFO - Started process (PID=161) to work on /home/airflow/.local/lib/python3.7/site-packages/airflow/example_dags/example_nested_branch_dag.py
[2022-12-14T18:00:43.361+0000] {processor.py:756} INFO - Processing file /home/airflow/.local/lib/python3.7/site-packages/airflow/example_dags/example_nested_branch_dag.py for tasks to queue
[2022-12-14T18:00:43.362+0000] {logging_mixin.py:137} INFO - [2022-12-14T18:00:43.362+0000] {dagbag.py:537} INFO - Filling up the DagBag from /home/airflow/.local/lib/python3.7/site-packages/airflow/example_dags/example_nested_branch_dag.py
[2022-12-14T18:00:43.429+0000] {processor.py:766} INFO - DAG(s) dict_keys(['example_nested_branch_dag']) retrieved from /home/airflow/.local/lib/python3.7/site-packages/airflow/example_dags/example_nested_branch_dag.py
[2022-12-14T18:00:43.522+0000] {logging_mixin.py:137} INFO - [2022-12-14T18:00:43.522+0000] {dag.py:2585} INFO - Sync 1 DAGs
[2022-12-14T18:00:43.590+0000] {logging_mixin.py:137} INFO - [2022-12-14T18:00:43.590+0000] {dag.py:3340} INFO - Setting next_dagrun for example_nested_branch_dag to 2022-12-13T00:00:00+00:00, run_after=2022-12-14T00:00:00+00:00
[2022-12-14T18:00:43.646+0000] {processor.py:176} INFO - Processing /home/airflow/.local/lib/python3.7/site-packages/airflow/example_dags/example_nested_branch_dag.py took 0.293 seconds
[2022-12-14T18:01:13.873+0000] {processor.py:154} INFO - Started process (PID=218) to work on /home/airflow/.local/lib/python3.7/site-packages/airflow/example_dags/example_nested_branch_dag.py
[2022-12-14T18:01:13.874+0000] {processor.py:756} INFO - Processing file /home/airflow/.local/lib/python3.7/site-packages/airflow/example_dags/example_nested_branch_dag.py for tasks to queue
[2022-12-14T18:01:13.875+0000] {logging_mixin.py:137} INFO - [2022-12-14T18:01:13.875+0000] {dagbag.py:537} INFO - Filling up the DagBag from /home/airflow/.local/lib/python3.7/site-packages/airflow/example_dags/example_nested_branch_dag.py
[2022-12-14T18:01:13.961+0000] {processor.py:766} INFO - DAG(s) dict_keys(['example_nested_branch_dag']) retrieved from /home/airflow/.local/lib/python3.7/site-packages/airflow/example_dags/example_nested_branch_dag.py
[2022-12-14T18:01:14.047+0000] {logging_mixin.py:137} INFO - [2022-12-14T18:01:14.047+0000] {dag.py:2585} INFO - Sync 1 DAGs
[2022-12-14T18:01:14.111+0000] {logging_mixin.py:137} INFO - [2022-12-14T18:01:14.111+0000] {dag.py:3340} INFO - Setting next_dagrun for example_nested_branch_dag to 2022-12-13T00:00:00+00:00, run_after=2022-12-14T00:00:00+00:00
[2022-12-14T18:01:14.144+0000] {processor.py:176} INFO - Processing /home/airflow/.local/lib/python3.7/site-packages/airflow/example_dags/example_nested_branch_dag.py took 0.275 seconds
[2022-12-14T18:01:44.334+0000] {processor.py:154} INFO - Started process (PID=282) to work on /home/airflow/.local/lib/python3.7/site-packages/airflow/example_dags/example_nested_branch_dag.py
[2022-12-14T18:01:44.456+0000] {processor.py:756} INFO - Processing file /home/airflow/.local/lib/python3.7/site-packages/airflow/example_dags/example_nested_branch_dag.py for tasks to queue
[2022-12-14T18:01:44.456+0000] {logging_mixin.py:137} INFO - [2022-12-14T18:01:44.456+0000] {dagbag.py:537} INFO - Filling up the DagBag from /home/airflow/.local/lib/python3.7/site-packages/airflow/example_dags/example_nested_branch_dag.py
[2022-12-14T18:01:44.501+0000] {processor.py:766} INFO - DAG(s) dict_keys(['example_nested_branch_dag']) retrieved from /home/airflow/.local/lib/python3.7/site-packages/airflow/example_dags/example_nested_branch_dag.py
[2022-12-14T18:01:44.560+0000] {logging_mixin.py:137} INFO - [2022-12-14T18:01:44.560+0000] {dag.py:2585} INFO - Sync 1 DAGs
[2022-12-14T18:01:44.607+0000] {logging_mixin.py:137} INFO - [2022-12-14T18:01:44.607+0000] {dag.py:3340} INFO - Setting next_dagrun for example_nested_branch_dag to 2022-12-13T00:00:00+00:00, run_after=2022-12-14T00:00:00+00:00
[2022-12-14T18:01:44.636+0000] {processor.py:176} INFO - Processing /home/airflow/.local/lib/python3.7/site-packages/airflow/example_dags/example_nested_branch_dag.py took 0.308 seconds
[2022-12-14T18:02:14.669+0000] {processor.py:154} INFO - Started process (PID=337) to work on /home/airflow/.local/lib/python3.7/site-packages/airflow/example_dags/example_nested_branch_dag.py
[2022-12-14T18:02:14.670+0000] {processor.py:756} INFO - Processing file /home/airflow/.local/lib/python3.7/site-packages/airflow/example_dags/example_nested_branch_dag.py for tasks to queue
[2022-12-14T18:02:14.671+0000] {logging_mixin.py:137} INFO - [2022-12-14T18:02:14.671+0000] {dagbag.py:537} INFO - Filling up the DagBag from /home/airflow/.local/lib/python3.7/site-packages/airflow/example_dags/example_nested_branch_dag.py
[2022-12-14T18:02:14.714+0000] {processor.py:766} INFO - DAG(s) dict_keys(['example_nested_branch_dag']) retrieved from /home/airflow/.local/lib/python3.7/site-packages/airflow/example_dags/example_nested_branch_dag.py
[2022-12-14T18:02:14.788+0000] {logging_mixin.py:137} INFO - [2022-12-14T18:02:14.788+0000] {dag.py:2585} INFO - Sync 1 DAGs
[2022-12-14T18:02:14.842+0000] {logging_mixin.py:137} INFO - [2022-12-14T18:02:14.842+0000] {dag.py:3340} INFO - Setting next_dagrun for example_nested_branch_dag to 2022-12-13T00:00:00+00:00, run_after=2022-12-14T00:00:00+00:00
[2022-12-14T18:02:14.874+0000] {processor.py:176} INFO - Processing /home/airflow/.local/lib/python3.7/site-packages/airflow/example_dags/example_nested_branch_dag.py took 0.207 seconds
[2022-12-14T18:02:45.855+0000] {processor.py:154} INFO - Started process (PID=399) to work on /home/airflow/.local/lib/python3.7/site-packages/airflow/example_dags/example_nested_branch_dag.py
[2022-12-14T18:02:45.975+0000] {processor.py:756} INFO - Processing file /home/airflow/.local/lib/python3.7/site-packages/airflow/example_dags/example_nested_branch_dag.py for tasks to queue
[2022-12-14T18:02:45.976+0000] {logging_mixin.py:137} INFO - [2022-12-14T18:02:45.976+0000] {dagbag.py:537} INFO - Filling up the DagBag from /home/airflow/.local/lib/python3.7/site-packages/airflow/example_dags/example_nested_branch_dag.py
[2022-12-14T18:02:46.023+0000] {processor.py:766} INFO - DAG(s) dict_keys(['example_nested_branch_dag']) retrieved from /home/airflow/.local/lib/python3.7/site-packages/airflow/example_dags/example_nested_branch_dag.py
[2022-12-14T18:02:46.093+0000] {logging_mixin.py:137} INFO - [2022-12-14T18:02:46.093+0000] {dag.py:2585} INFO - Sync 1 DAGs
[2022-12-14T18:02:46.151+0000] {logging_mixin.py:137} INFO - [2022-12-14T18:02:46.151+0000] {dag.py:3340} INFO - Setting next_dagrun for example_nested_branch_dag to 2022-12-13T00:00:00+00:00, run_after=2022-12-14T00:00:00+00:00
[2022-12-14T18:02:46.189+0000] {processor.py:176} INFO - Processing /home/airflow/.local/lib/python3.7/site-packages/airflow/example_dags/example_nested_branch_dag.py took 0.338 seconds
[2022-12-14T18:03:16.696+0000] {processor.py:154} INFO - Started process (PID=452) to work on /home/airflow/.local/lib/python3.7/site-packages/airflow/example_dags/example_nested_branch_dag.py
[2022-12-14T18:03:16.697+0000] {processor.py:756} INFO - Processing file /home/airflow/.local/lib/python3.7/site-packages/airflow/example_dags/example_nested_branch_dag.py for tasks to queue
[2022-12-14T18:03:16.698+0000] {logging_mixin.py:137} INFO - [2022-12-14T18:03:16.698+0000] {dagbag.py:537} INFO - Filling up the DagBag from /home/airflow/.local/lib/python3.7/site-packages/airflow/example_dags/example_nested_branch_dag.py
[2022-12-14T18:03:16.742+0000] {processor.py:766} INFO - DAG(s) dict_keys(['example_nested_branch_dag']) retrieved from /home/airflow/.local/lib/python3.7/site-packages/airflow/example_dags/example_nested_branch_dag.py
[2022-12-14T18:03:16.808+0000] {logging_mixin.py:137} INFO - [2022-12-14T18:03:16.807+0000] {dag.py:2585} INFO - Sync 1 DAGs
[2022-12-14T18:03:16.859+0000] {logging_mixin.py:137} INFO - [2022-12-14T18:03:16.859+0000] {dag.py:3340} INFO - Setting next_dagrun for example_nested_branch_dag to 2022-12-13T00:00:00+00:00, run_after=2022-12-14T00:00:00+00:00
[2022-12-14T18:03:16.895+0000] {processor.py:176} INFO - Processing /home/airflow/.local/lib/python3.7/site-packages/airflow/example_dags/example_nested_branch_dag.py took 0.201 seconds
[2022-12-14T18:03:47.305+0000] {processor.py:154} INFO - Started process (PID=506) to work on /home/airflow/.local/lib/python3.7/site-packages/airflow/example_dags/example_nested_branch_dag.py
[2022-12-14T18:03:47.306+0000] {processor.py:756} INFO - Processing file /home/airflow/.local/lib/python3.7/site-packages/airflow/example_dags/example_nested_branch_dag.py for tasks to queue
[2022-12-14T18:03:47.307+0000] {logging_mixin.py:137} INFO - [2022-12-14T18:03:47.307+0000] {dagbag.py:537} INFO - Filling up the DagBag from /home/airflow/.local/lib/python3.7/site-packages/airflow/example_dags/example_nested_branch_dag.py
[2022-12-14T18:03:47.347+0000] {processor.py:766} INFO - DAG(s) dict_keys(['example_nested_branch_dag']) retrieved from /home/airflow/.local/lib/python3.7/site-packages/airflow/example_dags/example_nested_branch_dag.py
[2022-12-14T18:03:47.417+0000] {logging_mixin.py:137} INFO - [2022-12-14T18:03:47.417+0000] {dag.py:2585} INFO - Sync 1 DAGs
[2022-12-14T18:03:47.481+0000] {logging_mixin.py:137} INFO - [2022-12-14T18:03:47.481+0000] {dag.py:3340} INFO - Setting next_dagrun for example_nested_branch_dag to 2022-12-13T00:00:00+00:00, run_after=2022-12-14T00:00:00+00:00
[2022-12-14T18:03:47.510+0000] {processor.py:176} INFO - Processing /home/airflow/.local/lib/python3.7/site-packages/airflow/example_dags/example_nested_branch_dag.py took 0.210 seconds
[2022-12-14T18:04:18.084+0000] {processor.py:154} INFO - Started process (PID=570) to work on /home/airflow/.local/lib/python3.7/site-packages/airflow/example_dags/example_nested_branch_dag.py
[2022-12-14T18:04:18.085+0000] {processor.py:756} INFO - Processing file /home/airflow/.local/lib/python3.7/site-packages/airflow/example_dags/example_nested_branch_dag.py for tasks to queue
[2022-12-14T18:04:18.086+0000] {logging_mixin.py:137} INFO - [2022-12-14T18:04:18.086+0000] {dagbag.py:537} INFO - Filling up the DagBag from /home/airflow/.local/lib/python3.7/site-packages/airflow/example_dags/example_nested_branch_dag.py
[2022-12-14T18:04:18.160+0000] {processor.py:766} INFO - DAG(s) dict_keys(['example_nested_branch_dag']) retrieved from /home/airflow/.local/lib/python3.7/site-packages/airflow/example_dags/example_nested_branch_dag.py
[2022-12-14T18:04:18.330+0000] {logging_mixin.py:137} INFO - [2022-12-14T18:04:18.330+0000] {dag.py:2585} INFO - Sync 1 DAGs
[2022-12-14T18:04:18.440+0000] {logging_mixin.py:137} INFO - [2022-12-14T18:04:18.439+0000] {dag.py:3340} INFO - Setting next_dagrun for example_nested_branch_dag to 2022-12-13T00:00:00+00:00, run_after=2022-12-14T00:00:00+00:00
[2022-12-14T18:04:18.501+0000] {processor.py:176} INFO - Processing /home/airflow/.local/lib/python3.7/site-packages/airflow/example_dags/example_nested_branch_dag.py took 0.430 seconds
[2022-12-14T18:04:48.657+0000] {processor.py:154} INFO - Started process (PID=625) to work on /home/airflow/.local/lib/python3.7/site-packages/airflow/example_dags/example_nested_branch_dag.py
[2022-12-14T18:04:48.658+0000] {processor.py:756} INFO - Processing file /home/airflow/.local/lib/python3.7/site-packages/airflow/example_dags/example_nested_branch_dag.py for tasks to queue
[2022-12-14T18:04:48.659+0000] {logging_mixin.py:137} INFO - [2022-12-14T18:04:48.659+0000] {dagbag.py:537} INFO - Filling up the DagBag from /home/airflow/.local/lib/python3.7/site-packages/airflow/example_dags/example_nested_branch_dag.py
[2022-12-14T18:04:48.696+0000] {processor.py:766} INFO - DAG(s) dict_keys(['example_nested_branch_dag']) retrieved from /home/airflow/.local/lib/python3.7/site-packages/airflow/example_dags/example_nested_branch_dag.py
[2022-12-14T18:04:48.763+0000] {logging_mixin.py:137} INFO - [2022-12-14T18:04:48.763+0000] {dag.py:2585} INFO - Sync 1 DAGs
[2022-12-14T18:04:48.816+0000] {logging_mixin.py:137} INFO - [2022-12-14T18:04:48.815+0000] {dag.py:3340} INFO - Setting next_dagrun for example_nested_branch_dag to 2022-12-13T00:00:00+00:00, run_after=2022-12-14T00:00:00+00:00
[2022-12-14T18:04:48.849+0000] {processor.py:176} INFO - Processing /home/airflow/.local/lib/python3.7/site-packages/airflow/example_dags/example_nested_branch_dag.py took 0.195 seconds
[2022-12-14T18:05:19.739+0000] {processor.py:154} INFO - Started process (PID=680) to work on /home/airflow/.local/lib/python3.7/site-packages/airflow/example_dags/example_nested_branch_dag.py
[2022-12-14T18:05:19.741+0000] {processor.py:756} INFO - Processing file /home/airflow/.local/lib/python3.7/site-packages/airflow/example_dags/example_nested_branch_dag.py for tasks to queue
[2022-12-14T18:05:19.742+0000] {logging_mixin.py:137} INFO - [2022-12-14T18:05:19.742+0000] {dagbag.py:537} INFO - Filling up the DagBag from /home/airflow/.local/lib/python3.7/site-packages/airflow/example_dags/example_nested_branch_dag.py
[2022-12-14T18:05:19.805+0000] {processor.py:766} INFO - DAG(s) dict_keys(['example_nested_branch_dag']) retrieved from /home/airflow/.local/lib/python3.7/site-packages/airflow/example_dags/example_nested_branch_dag.py
[2022-12-14T18:05:19.886+0000] {logging_mixin.py:137} INFO - [2022-12-14T18:05:19.886+0000] {dag.py:2585} INFO - Sync 1 DAGs
[2022-12-14T18:05:19.959+0000] {logging_mixin.py:137} INFO - [2022-12-14T18:05:19.959+0000] {dag.py:3340} INFO - Setting next_dagrun for example_nested_branch_dag to 2022-12-13T00:00:00+00:00, run_after=2022-12-14T00:00:00+00:00
[2022-12-14T18:05:19.999+0000] {processor.py:176} INFO - Processing /home/airflow/.local/lib/python3.7/site-packages/airflow/example_dags/example_nested_branch_dag.py took 0.274 seconds
[2022-12-14T18:05:50.706+0000] {processor.py:154} INFO - Started process (PID=742) to work on /home/airflow/.local/lib/python3.7/site-packages/airflow/example_dags/example_nested_branch_dag.py
[2022-12-14T18:05:50.715+0000] {processor.py:756} INFO - Processing file /home/airflow/.local/lib/python3.7/site-packages/airflow/example_dags/example_nested_branch_dag.py for tasks to queue
[2022-12-14T18:05:50.716+0000] {logging_mixin.py:137} INFO - [2022-12-14T18:05:50.716+0000] {dagbag.py:537} INFO - Filling up the DagBag from /home/airflow/.local/lib/python3.7/site-packages/airflow/example_dags/example_nested_branch_dag.py
[2022-12-14T18:05:50.760+0000] {processor.py:766} INFO - DAG(s) dict_keys(['example_nested_branch_dag']) retrieved from /home/airflow/.local/lib/python3.7/site-packages/airflow/example_dags/example_nested_branch_dag.py
[2022-12-14T18:05:50.838+0000] {logging_mixin.py:137} INFO - [2022-12-14T18:05:50.838+0000] {dag.py:2585} INFO - Sync 1 DAGs
[2022-12-14T18:05:50.901+0000] {logging_mixin.py:137} INFO - [2022-12-14T18:05:50.900+0000] {dag.py:3340} INFO - Setting next_dagrun for example_nested_branch_dag to 2022-12-13T00:00:00+00:00, run_after=2022-12-14T00:00:00+00:00
[2022-12-14T18:05:50.943+0000] {processor.py:176} INFO - Processing /home/airflow/.local/lib/python3.7/site-packages/airflow/example_dags/example_nested_branch_dag.py took 0.241 seconds
[2022-12-14T18:06:21.422+0000] {processor.py:154} INFO - Started process (PID=799) to work on /home/airflow/.local/lib/python3.7/site-packages/airflow/example_dags/example_nested_branch_dag.py
[2022-12-14T18:06:21.423+0000] {processor.py:756} INFO - Processing file /home/airflow/.local/lib/python3.7/site-packages/airflow/example_dags/example_nested_branch_dag.py for tasks to queue
[2022-12-14T18:06:21.424+0000] {logging_mixin.py:137} INFO - [2022-12-14T18:06:21.423+0000] {dagbag.py:537} INFO - Filling up the DagBag from /home/airflow/.local/lib/python3.7/site-packages/airflow/example_dags/example_nested_branch_dag.py
[2022-12-14T18:06:21.480+0000] {processor.py:766} INFO - DAG(s) dict_keys(['example_nested_branch_dag']) retrieved from /home/airflow/.local/lib/python3.7/site-packages/airflow/example_dags/example_nested_branch_dag.py
[2022-12-14T18:06:21.561+0000] {logging_mixin.py:137} INFO - [2022-12-14T18:06:21.561+0000] {dag.py:2585} INFO - Sync 1 DAGs
[2022-12-14T18:06:21.629+0000] {logging_mixin.py:137} INFO - [2022-12-14T18:06:21.628+0000] {dag.py:3340} INFO - Setting next_dagrun for example_nested_branch_dag to 2022-12-13T00:00:00+00:00, run_after=2022-12-14T00:00:00+00:00
[2022-12-14T18:06:21.665+0000] {processor.py:176} INFO - Processing /home/airflow/.local/lib/python3.7/site-packages/airflow/example_dags/example_nested_branch_dag.py took 0.248 seconds
