[2022-12-14T17:42:08.326+0000] {processor.py:154} INFO - Started process (PID=105) to work on /home/airflow/.local/lib/python3.7/site-packages/airflow/example_dags/example_datasets.py
[2022-12-14T17:42:08.327+0000] {processor.py:756} INFO - Processing file /home/airflow/.local/lib/python3.7/site-packages/airflow/example_dags/example_datasets.py for tasks to queue
[2022-12-14T17:42:08.328+0000] {logging_mixin.py:137} INFO - [2022-12-14T17:42:08.328+0000] {dagbag.py:537} INFO - Filling up the DagBag from /home/airflow/.local/lib/python3.7/site-packages/airflow/example_dags/example_datasets.py
[2022-12-14T17:42:08.358+0000] {processor.py:766} INFO - DAG(s) dict_keys(['dataset_produces_2', 'dataset_consumes_1_never_scheduled', 'dataset_produces_1', 'dataset_consumes_1_and_2', 'dataset_consumes_1', 'dataset_consumes_unknown_never_scheduled']) retrieved from /home/airflow/.local/lib/python3.7/site-packages/airflow/example_dags/example_datasets.py
[2022-12-14T17:42:08.570+0000] {logging_mixin.py:137} INFO - [2022-12-14T17:42:08.569+0000] {dag.py:2585} INFO - Sync 6 DAGs
[2022-12-14T17:42:08.663+0000] {logging_mixin.py:137} INFO - [2022-12-14T17:42:08.663+0000] {dag.py:3340} INFO - Setting next_dagrun for dataset_consumes_1 to None, run_after=None
[2022-12-14T17:42:08.669+0000] {logging_mixin.py:137} INFO - [2022-12-14T17:42:08.669+0000] {dag.py:3340} INFO - Setting next_dagrun for dataset_consumes_1_and_2 to None, run_after=None
[2022-12-14T17:42:08.671+0000] {logging_mixin.py:137} INFO - [2022-12-14T17:42:08.671+0000] {dag.py:3340} INFO - Setting next_dagrun for dataset_consumes_1_never_scheduled to None, run_after=None
[2022-12-14T17:42:08.673+0000] {logging_mixin.py:137} INFO - [2022-12-14T17:42:08.673+0000] {dag.py:3340} INFO - Setting next_dagrun for dataset_consumes_unknown_never_scheduled to None, run_after=None
[2022-12-14T17:42:08.678+0000] {logging_mixin.py:137} INFO - [2022-12-14T17:42:08.677+0000] {dag.py:3340} INFO - Setting next_dagrun for dataset_produces_1 to 2022-12-13T00:00:00+00:00, run_after=2022-12-14T00:00:00+00:00
[2022-12-14T17:42:08.680+0000] {logging_mixin.py:137} INFO - [2022-12-14T17:42:08.680+0000] {dag.py:3340} INFO - Setting next_dagrun for dataset_produces_2 to None, run_after=None
[2022-12-14T17:42:08.745+0000] {processor.py:176} INFO - Processing /home/airflow/.local/lib/python3.7/site-packages/airflow/example_dags/example_datasets.py took 0.423 seconds
[2022-12-14T17:42:39.046+0000] {processor.py:154} INFO - Started process (PID=168) to work on /home/airflow/.local/lib/python3.7/site-packages/airflow/example_dags/example_datasets.py
[2022-12-14T17:42:39.047+0000] {processor.py:756} INFO - Processing file /home/airflow/.local/lib/python3.7/site-packages/airflow/example_dags/example_datasets.py for tasks to queue
[2022-12-14T17:42:39.048+0000] {logging_mixin.py:137} INFO - [2022-12-14T17:42:39.048+0000] {dagbag.py:537} INFO - Filling up the DagBag from /home/airflow/.local/lib/python3.7/site-packages/airflow/example_dags/example_datasets.py
[2022-12-14T17:42:39.076+0000] {processor.py:766} INFO - DAG(s) dict_keys(['dataset_consumes_1_and_2', 'dataset_consumes_1', 'dataset_produces_1', 'dataset_consumes_unknown_never_scheduled', 'dataset_produces_2', 'dataset_consumes_1_never_scheduled']) retrieved from /home/airflow/.local/lib/python3.7/site-packages/airflow/example_dags/example_datasets.py
[2022-12-14T17:42:39.223+0000] {logging_mixin.py:137} INFO - [2022-12-14T17:42:39.223+0000] {dag.py:2585} INFO - Sync 6 DAGs
[2022-12-14T17:42:39.284+0000] {logging_mixin.py:137} INFO - [2022-12-14T17:42:39.284+0000] {dag.py:3340} INFO - Setting next_dagrun for dataset_consumes_1 to None, run_after=None
[2022-12-14T17:42:39.291+0000] {logging_mixin.py:137} INFO - [2022-12-14T17:42:39.291+0000] {dag.py:3340} INFO - Setting next_dagrun for dataset_consumes_1_and_2 to None, run_after=None
[2022-12-14T17:42:39.293+0000] {logging_mixin.py:137} INFO - [2022-12-14T17:42:39.293+0000] {dag.py:3340} INFO - Setting next_dagrun for dataset_consumes_1_never_scheduled to None, run_after=None
[2022-12-14T17:42:39.295+0000] {logging_mixin.py:137} INFO - [2022-12-14T17:42:39.295+0000] {dag.py:3340} INFO - Setting next_dagrun for dataset_consumes_unknown_never_scheduled to None, run_after=None
[2022-12-14T17:42:39.300+0000] {logging_mixin.py:137} INFO - [2022-12-14T17:42:39.300+0000] {dag.py:3340} INFO - Setting next_dagrun for dataset_produces_1 to 2022-12-13T00:00:00+00:00, run_after=2022-12-14T00:00:00+00:00
[2022-12-14T17:42:39.302+0000] {logging_mixin.py:137} INFO - [2022-12-14T17:42:39.302+0000] {dag.py:3340} INFO - Setting next_dagrun for dataset_produces_2 to None, run_after=None
[2022-12-14T17:42:39.362+0000] {processor.py:176} INFO - Processing /home/airflow/.local/lib/python3.7/site-packages/airflow/example_dags/example_datasets.py took 0.321 seconds
[2022-12-14T17:43:09.860+0000] {processor.py:154} INFO - Started process (PID=222) to work on /home/airflow/.local/lib/python3.7/site-packages/airflow/example_dags/example_datasets.py
[2022-12-14T17:43:09.861+0000] {processor.py:756} INFO - Processing file /home/airflow/.local/lib/python3.7/site-packages/airflow/example_dags/example_datasets.py for tasks to queue
[2022-12-14T17:43:09.861+0000] {logging_mixin.py:137} INFO - [2022-12-14T17:43:09.861+0000] {dagbag.py:537} INFO - Filling up the DagBag from /home/airflow/.local/lib/python3.7/site-packages/airflow/example_dags/example_datasets.py
[2022-12-14T17:43:09.889+0000] {processor.py:766} INFO - DAG(s) dict_keys(['dataset_consumes_1_never_scheduled', 'dataset_consumes_unknown_never_scheduled', 'dataset_consumes_1', 'dataset_produces_2', 'dataset_produces_1', 'dataset_consumes_1_and_2']) retrieved from /home/airflow/.local/lib/python3.7/site-packages/airflow/example_dags/example_datasets.py
[2022-12-14T17:43:10.007+0000] {logging_mixin.py:137} INFO - [2022-12-14T17:43:10.007+0000] {dag.py:2585} INFO - Sync 6 DAGs
[2022-12-14T17:43:10.059+0000] {logging_mixin.py:137} INFO - [2022-12-14T17:43:10.059+0000] {dag.py:3340} INFO - Setting next_dagrun for dataset_consumes_1 to None, run_after=None
[2022-12-14T17:43:10.065+0000] {logging_mixin.py:137} INFO - [2022-12-14T17:43:10.065+0000] {dag.py:3340} INFO - Setting next_dagrun for dataset_consumes_1_and_2 to None, run_after=None
[2022-12-14T17:43:10.068+0000] {logging_mixin.py:137} INFO - [2022-12-14T17:43:10.067+0000] {dag.py:3340} INFO - Setting next_dagrun for dataset_consumes_1_never_scheduled to None, run_after=None
[2022-12-14T17:43:10.070+0000] {logging_mixin.py:137} INFO - [2022-12-14T17:43:10.070+0000] {dag.py:3340} INFO - Setting next_dagrun for dataset_consumes_unknown_never_scheduled to None, run_after=None
[2022-12-14T17:43:10.075+0000] {logging_mixin.py:137} INFO - [2022-12-14T17:43:10.075+0000] {dag.py:3340} INFO - Setting next_dagrun for dataset_produces_1 to 2022-12-13T00:00:00+00:00, run_after=2022-12-14T00:00:00+00:00
[2022-12-14T17:43:10.077+0000] {logging_mixin.py:137} INFO - [2022-12-14T17:43:10.077+0000] {dag.py:3340} INFO - Setting next_dagrun for dataset_produces_2 to None, run_after=None
[2022-12-14T17:43:10.132+0000] {processor.py:176} INFO - Processing /home/airflow/.local/lib/python3.7/site-packages/airflow/example_dags/example_datasets.py took 0.278 seconds
[2022-12-14T17:43:40.699+0000] {processor.py:154} INFO - Started process (PID=287) to work on /home/airflow/.local/lib/python3.7/site-packages/airflow/example_dags/example_datasets.py
[2022-12-14T17:43:40.712+0000] {processor.py:756} INFO - Processing file /home/airflow/.local/lib/python3.7/site-packages/airflow/example_dags/example_datasets.py for tasks to queue
[2022-12-14T17:43:40.714+0000] {logging_mixin.py:137} INFO - [2022-12-14T17:43:40.714+0000] {dagbag.py:537} INFO - Filling up the DagBag from /home/airflow/.local/lib/python3.7/site-packages/airflow/example_dags/example_datasets.py
[2022-12-14T17:43:40.751+0000] {processor.py:766} INFO - DAG(s) dict_keys(['dataset_consumes_unknown_never_scheduled', 'dataset_produces_2', 'dataset_consumes_1_never_scheduled', 'dataset_consumes_1_and_2', 'dataset_consumes_1', 'dataset_produces_1']) retrieved from /home/airflow/.local/lib/python3.7/site-packages/airflow/example_dags/example_datasets.py
[2022-12-14T17:43:40.851+0000] {logging_mixin.py:137} INFO - [2022-12-14T17:43:40.851+0000] {dag.py:2585} INFO - Sync 6 DAGs
[2022-12-14T17:43:40.909+0000] {logging_mixin.py:137} INFO - [2022-12-14T17:43:40.909+0000] {dag.py:3340} INFO - Setting next_dagrun for dataset_consumes_1 to None, run_after=None
[2022-12-14T17:43:40.915+0000] {logging_mixin.py:137} INFO - [2022-12-14T17:43:40.915+0000] {dag.py:3340} INFO - Setting next_dagrun for dataset_consumes_1_and_2 to None, run_after=None
[2022-12-14T17:43:40.917+0000] {logging_mixin.py:137} INFO - [2022-12-14T17:43:40.917+0000] {dag.py:3340} INFO - Setting next_dagrun for dataset_consumes_1_never_scheduled to None, run_after=None
[2022-12-14T17:43:40.919+0000] {logging_mixin.py:137} INFO - [2022-12-14T17:43:40.918+0000] {dag.py:3340} INFO - Setting next_dagrun for dataset_consumes_unknown_never_scheduled to None, run_after=None
[2022-12-14T17:43:40.924+0000] {logging_mixin.py:137} INFO - [2022-12-14T17:43:40.923+0000] {dag.py:3340} INFO - Setting next_dagrun for dataset_produces_1 to 2022-12-13T00:00:00+00:00, run_after=2022-12-14T00:00:00+00:00
[2022-12-14T17:43:40.926+0000] {logging_mixin.py:137} INFO - [2022-12-14T17:43:40.926+0000] {dag.py:3340} INFO - Setting next_dagrun for dataset_produces_2 to None, run_after=None
[2022-12-14T17:43:40.983+0000] {processor.py:176} INFO - Processing /home/airflow/.local/lib/python3.7/site-packages/airflow/example_dags/example_datasets.py took 0.306 seconds
[2022-12-14T17:44:11.302+0000] {processor.py:154} INFO - Started process (PID=342) to work on /home/airflow/.local/lib/python3.7/site-packages/airflow/example_dags/example_datasets.py
[2022-12-14T17:44:11.303+0000] {processor.py:756} INFO - Processing file /home/airflow/.local/lib/python3.7/site-packages/airflow/example_dags/example_datasets.py for tasks to queue
[2022-12-14T17:44:11.304+0000] {logging_mixin.py:137} INFO - [2022-12-14T17:44:11.304+0000] {dagbag.py:537} INFO - Filling up the DagBag from /home/airflow/.local/lib/python3.7/site-packages/airflow/example_dags/example_datasets.py
[2022-12-14T17:44:11.329+0000] {processor.py:766} INFO - DAG(s) dict_keys(['dataset_produces_1', 'dataset_produces_2', 'dataset_consumes_1_never_scheduled', 'dataset_consumes_unknown_never_scheduled', 'dataset_consumes_1', 'dataset_consumes_1_and_2']) retrieved from /home/airflow/.local/lib/python3.7/site-packages/airflow/example_dags/example_datasets.py
[2022-12-14T17:44:11.427+0000] {logging_mixin.py:137} INFO - [2022-12-14T17:44:11.426+0000] {dag.py:2585} INFO - Sync 6 DAGs
[2022-12-14T17:44:11.479+0000] {logging_mixin.py:137} INFO - [2022-12-14T17:44:11.479+0000] {dag.py:3340} INFO - Setting next_dagrun for dataset_consumes_1 to None, run_after=None
[2022-12-14T17:44:11.485+0000] {logging_mixin.py:137} INFO - [2022-12-14T17:44:11.485+0000] {dag.py:3340} INFO - Setting next_dagrun for dataset_consumes_1_and_2 to None, run_after=None
[2022-12-14T17:44:11.487+0000] {logging_mixin.py:137} INFO - [2022-12-14T17:44:11.487+0000] {dag.py:3340} INFO - Setting next_dagrun for dataset_consumes_1_never_scheduled to None, run_after=None
[2022-12-14T17:44:11.488+0000] {logging_mixin.py:137} INFO - [2022-12-14T17:44:11.488+0000] {dag.py:3340} INFO - Setting next_dagrun for dataset_consumes_unknown_never_scheduled to None, run_after=None
[2022-12-14T17:44:11.493+0000] {logging_mixin.py:137} INFO - [2022-12-14T17:44:11.493+0000] {dag.py:3340} INFO - Setting next_dagrun for dataset_produces_1 to 2022-12-13T00:00:00+00:00, run_after=2022-12-14T00:00:00+00:00
[2022-12-14T17:44:11.495+0000] {logging_mixin.py:137} INFO - [2022-12-14T17:44:11.495+0000] {dag.py:3340} INFO - Setting next_dagrun for dataset_produces_2 to None, run_after=None
[2022-12-14T17:44:11.547+0000] {processor.py:176} INFO - Processing /home/airflow/.local/lib/python3.7/site-packages/airflow/example_dags/example_datasets.py took 0.250 seconds
[2022-12-14T17:44:42.104+0000] {processor.py:154} INFO - Started process (PID=396) to work on /home/airflow/.local/lib/python3.7/site-packages/airflow/example_dags/example_datasets.py
[2022-12-14T17:44:42.106+0000] {processor.py:756} INFO - Processing file /home/airflow/.local/lib/python3.7/site-packages/airflow/example_dags/example_datasets.py for tasks to queue
[2022-12-14T17:44:42.107+0000] {logging_mixin.py:137} INFO - [2022-12-14T17:44:42.106+0000] {dagbag.py:537} INFO - Filling up the DagBag from /home/airflow/.local/lib/python3.7/site-packages/airflow/example_dags/example_datasets.py
[2022-12-14T17:44:42.139+0000] {processor.py:766} INFO - DAG(s) dict_keys(['dataset_consumes_1_and_2', 'dataset_consumes_1', 'dataset_produces_2', 'dataset_consumes_1_never_scheduled', 'dataset_consumes_unknown_never_scheduled', 'dataset_produces_1']) retrieved from /home/airflow/.local/lib/python3.7/site-packages/airflow/example_dags/example_datasets.py
[2022-12-14T17:44:42.238+0000] {logging_mixin.py:137} INFO - [2022-12-14T17:44:42.238+0000] {dag.py:2585} INFO - Sync 6 DAGs
[2022-12-14T17:44:42.294+0000] {logging_mixin.py:137} INFO - [2022-12-14T17:44:42.294+0000] {dag.py:3340} INFO - Setting next_dagrun for dataset_consumes_1 to None, run_after=None
[2022-12-14T17:44:42.300+0000] {logging_mixin.py:137} INFO - [2022-12-14T17:44:42.300+0000] {dag.py:3340} INFO - Setting next_dagrun for dataset_consumes_1_and_2 to None, run_after=None
[2022-12-14T17:44:42.303+0000] {logging_mixin.py:137} INFO - [2022-12-14T17:44:42.302+0000] {dag.py:3340} INFO - Setting next_dagrun for dataset_consumes_1_never_scheduled to None, run_after=None
[2022-12-14T17:44:42.305+0000] {logging_mixin.py:137} INFO - [2022-12-14T17:44:42.304+0000] {dag.py:3340} INFO - Setting next_dagrun for dataset_consumes_unknown_never_scheduled to None, run_after=None
[2022-12-14T17:44:42.310+0000] {logging_mixin.py:137} INFO - [2022-12-14T17:44:42.310+0000] {dag.py:3340} INFO - Setting next_dagrun for dataset_produces_1 to 2022-12-13T00:00:00+00:00, run_after=2022-12-14T00:00:00+00:00
[2022-12-14T17:44:42.313+0000] {logging_mixin.py:137} INFO - [2022-12-14T17:44:42.312+0000] {dag.py:3340} INFO - Setting next_dagrun for dataset_produces_2 to None, run_after=None
[2022-12-14T17:44:42.362+0000] {processor.py:176} INFO - Processing /home/airflow/.local/lib/python3.7/site-packages/airflow/example_dags/example_datasets.py took 0.264 seconds
[2022-12-14T17:45:13.119+0000] {processor.py:154} INFO - Started process (PID=459) to work on /home/airflow/.local/lib/python3.7/site-packages/airflow/example_dags/example_datasets.py
[2022-12-14T17:45:13.121+0000] {processor.py:756} INFO - Processing file /home/airflow/.local/lib/python3.7/site-packages/airflow/example_dags/example_datasets.py for tasks to queue
[2022-12-14T17:45:13.121+0000] {logging_mixin.py:137} INFO - [2022-12-14T17:45:13.121+0000] {dagbag.py:537} INFO - Filling up the DagBag from /home/airflow/.local/lib/python3.7/site-packages/airflow/example_dags/example_datasets.py
[2022-12-14T17:45:13.147+0000] {processor.py:766} INFO - DAG(s) dict_keys(['dataset_consumes_unknown_never_scheduled', 'dataset_consumes_1', 'dataset_produces_2', 'dataset_consumes_1_never_scheduled', 'dataset_produces_1', 'dataset_consumes_1_and_2']) retrieved from /home/airflow/.local/lib/python3.7/site-packages/airflow/example_dags/example_datasets.py
[2022-12-14T17:45:13.231+0000] {logging_mixin.py:137} INFO - [2022-12-14T17:45:13.231+0000] {dag.py:2585} INFO - Sync 6 DAGs
[2022-12-14T17:45:13.279+0000] {logging_mixin.py:137} INFO - [2022-12-14T17:45:13.279+0000] {dag.py:3340} INFO - Setting next_dagrun for dataset_consumes_1 to None, run_after=None
[2022-12-14T17:45:13.283+0000] {logging_mixin.py:137} INFO - [2022-12-14T17:45:13.283+0000] {dag.py:3340} INFO - Setting next_dagrun for dataset_consumes_1_and_2 to None, run_after=None
[2022-12-14T17:45:13.285+0000] {logging_mixin.py:137} INFO - [2022-12-14T17:45:13.285+0000] {dag.py:3340} INFO - Setting next_dagrun for dataset_consumes_1_never_scheduled to None, run_after=None
[2022-12-14T17:45:13.287+0000] {logging_mixin.py:137} INFO - [2022-12-14T17:45:13.287+0000] {dag.py:3340} INFO - Setting next_dagrun for dataset_consumes_unknown_never_scheduled to None, run_after=None
[2022-12-14T17:45:13.290+0000] {logging_mixin.py:137} INFO - [2022-12-14T17:45:13.290+0000] {dag.py:3340} INFO - Setting next_dagrun for dataset_produces_1 to 2022-12-13T00:00:00+00:00, run_after=2022-12-14T00:00:00+00:00
[2022-12-14T17:45:13.294+0000] {logging_mixin.py:137} INFO - [2022-12-14T17:45:13.294+0000] {dag.py:3340} INFO - Setting next_dagrun for dataset_produces_2 to None, run_after=None
[2022-12-14T17:45:13.330+0000] {processor.py:176} INFO - Processing /home/airflow/.local/lib/python3.7/site-packages/airflow/example_dags/example_datasets.py took 0.215 seconds
[2022-12-14T17:45:44.730+0000] {processor.py:154} INFO - Started process (PID=514) to work on /home/airflow/.local/lib/python3.7/site-packages/airflow/example_dags/example_datasets.py
[2022-12-14T17:45:44.731+0000] {processor.py:756} INFO - Processing file /home/airflow/.local/lib/python3.7/site-packages/airflow/example_dags/example_datasets.py for tasks to queue
[2022-12-14T17:45:44.732+0000] {logging_mixin.py:137} INFO - [2022-12-14T17:45:44.732+0000] {dagbag.py:537} INFO - Filling up the DagBag from /home/airflow/.local/lib/python3.7/site-packages/airflow/example_dags/example_datasets.py
[2022-12-14T17:45:44.833+0000] {processor.py:766} INFO - DAG(s) dict_keys(['dataset_consumes_1_and_2', 'dataset_consumes_1', 'dataset_consumes_unknown_never_scheduled', 'dataset_produces_2', 'dataset_consumes_1_never_scheduled', 'dataset_produces_1']) retrieved from /home/airflow/.local/lib/python3.7/site-packages/airflow/example_dags/example_datasets.py
[2022-12-14T17:45:44.993+0000] {logging_mixin.py:137} INFO - [2022-12-14T17:45:44.993+0000] {dag.py:2585} INFO - Sync 6 DAGs
[2022-12-14T17:45:45.059+0000] {logging_mixin.py:137} INFO - [2022-12-14T17:45:45.059+0000] {dag.py:3340} INFO - Setting next_dagrun for dataset_consumes_1 to None, run_after=None
[2022-12-14T17:45:45.065+0000] {logging_mixin.py:137} INFO - [2022-12-14T17:45:45.064+0000] {dag.py:3340} INFO - Setting next_dagrun for dataset_consumes_1_and_2 to None, run_after=None
[2022-12-14T17:45:45.067+0000] {logging_mixin.py:137} INFO - [2022-12-14T17:45:45.067+0000] {dag.py:3340} INFO - Setting next_dagrun for dataset_consumes_1_never_scheduled to None, run_after=None
[2022-12-14T17:45:45.073+0000] {logging_mixin.py:137} INFO - [2022-12-14T17:45:45.072+0000] {dag.py:3340} INFO - Setting next_dagrun for dataset_consumes_unknown_never_scheduled to None, run_after=None
[2022-12-14T17:45:45.079+0000] {logging_mixin.py:137} INFO - [2022-12-14T17:45:45.078+0000] {dag.py:3340} INFO - Setting next_dagrun for dataset_produces_1 to 2022-12-13T00:00:00+00:00, run_after=2022-12-14T00:00:00+00:00
[2022-12-14T17:45:45.081+0000] {logging_mixin.py:137} INFO - [2022-12-14T17:45:45.080+0000] {dag.py:3340} INFO - Setting next_dagrun for dataset_produces_2 to None, run_after=None
[2022-12-14T17:45:45.245+0000] {processor.py:176} INFO - Processing /home/airflow/.local/lib/python3.7/site-packages/airflow/example_dags/example_datasets.py took 0.519 seconds
[2022-12-14T17:46:16.203+0000] {processor.py:154} INFO - Started process (PID=577) to work on /home/airflow/.local/lib/python3.7/site-packages/airflow/example_dags/example_datasets.py
[2022-12-14T17:46:16.204+0000] {processor.py:756} INFO - Processing file /home/airflow/.local/lib/python3.7/site-packages/airflow/example_dags/example_datasets.py for tasks to queue
[2022-12-14T17:46:16.204+0000] {logging_mixin.py:137} INFO - [2022-12-14T17:46:16.204+0000] {dagbag.py:537} INFO - Filling up the DagBag from /home/airflow/.local/lib/python3.7/site-packages/airflow/example_dags/example_datasets.py
[2022-12-14T17:46:16.227+0000] {processor.py:766} INFO - DAG(s) dict_keys(['dataset_consumes_unknown_never_scheduled', 'dataset_consumes_1', 'dataset_consumes_1_and_2', 'dataset_produces_2', 'dataset_produces_1', 'dataset_consumes_1_never_scheduled']) retrieved from /home/airflow/.local/lib/python3.7/site-packages/airflow/example_dags/example_datasets.py
[2022-12-14T17:46:16.307+0000] {logging_mixin.py:137} INFO - [2022-12-14T17:46:16.307+0000] {dag.py:2585} INFO - Sync 6 DAGs
[2022-12-14T17:46:16.358+0000] {logging_mixin.py:137} INFO - [2022-12-14T17:46:16.357+0000] {dag.py:3340} INFO - Setting next_dagrun for dataset_consumes_1 to None, run_after=None
[2022-12-14T17:46:16.365+0000] {logging_mixin.py:137} INFO - [2022-12-14T17:46:16.365+0000] {dag.py:3340} INFO - Setting next_dagrun for dataset_consumes_1_and_2 to None, run_after=None
[2022-12-14T17:46:16.369+0000] {logging_mixin.py:137} INFO - [2022-12-14T17:46:16.368+0000] {dag.py:3340} INFO - Setting next_dagrun for dataset_consumes_1_never_scheduled to None, run_after=None
[2022-12-14T17:46:16.370+0000] {logging_mixin.py:137} INFO - [2022-12-14T17:46:16.370+0000] {dag.py:3340} INFO - Setting next_dagrun for dataset_consumes_unknown_never_scheduled to None, run_after=None
[2022-12-14T17:46:16.376+0000] {logging_mixin.py:137} INFO - [2022-12-14T17:46:16.376+0000] {dag.py:3340} INFO - Setting next_dagrun for dataset_produces_1 to 2022-12-13T00:00:00+00:00, run_after=2022-12-14T00:00:00+00:00
[2022-12-14T17:46:16.377+0000] {logging_mixin.py:137} INFO - [2022-12-14T17:46:16.377+0000] {dag.py:3340} INFO - Setting next_dagrun for dataset_produces_2 to None, run_after=None
[2022-12-14T17:46:16.421+0000] {processor.py:176} INFO - Processing /home/airflow/.local/lib/python3.7/site-packages/airflow/example_dags/example_datasets.py took 0.223 seconds
[2022-12-14T17:46:46.482+0000] {processor.py:154} INFO - Started process (PID=630) to work on /home/airflow/.local/lib/python3.7/site-packages/airflow/example_dags/example_datasets.py
[2022-12-14T17:46:46.482+0000] {processor.py:756} INFO - Processing file /home/airflow/.local/lib/python3.7/site-packages/airflow/example_dags/example_datasets.py for tasks to queue
[2022-12-14T17:46:46.483+0000] {logging_mixin.py:137} INFO - [2022-12-14T17:46:46.483+0000] {dagbag.py:537} INFO - Filling up the DagBag from /home/airflow/.local/lib/python3.7/site-packages/airflow/example_dags/example_datasets.py
[2022-12-14T17:46:46.510+0000] {processor.py:766} INFO - DAG(s) dict_keys(['dataset_consumes_unknown_never_scheduled', 'dataset_consumes_1_never_scheduled', 'dataset_consumes_1', 'dataset_consumes_1_and_2', 'dataset_produces_1', 'dataset_produces_2']) retrieved from /home/airflow/.local/lib/python3.7/site-packages/airflow/example_dags/example_datasets.py
[2022-12-14T17:46:46.634+0000] {logging_mixin.py:137} INFO - [2022-12-14T17:46:46.634+0000] {dag.py:2585} INFO - Sync 6 DAGs
[2022-12-14T17:46:46.706+0000] {logging_mixin.py:137} INFO - [2022-12-14T17:46:46.706+0000] {dag.py:3340} INFO - Setting next_dagrun for dataset_consumes_1 to None, run_after=None
[2022-12-14T17:46:46.723+0000] {logging_mixin.py:137} INFO - [2022-12-14T17:46:46.721+0000] {dag.py:3340} INFO - Setting next_dagrun for dataset_consumes_1_and_2 to None, run_after=None
[2022-12-14T17:46:46.725+0000] {logging_mixin.py:137} INFO - [2022-12-14T17:46:46.725+0000] {dag.py:3340} INFO - Setting next_dagrun for dataset_consumes_1_never_scheduled to None, run_after=None
[2022-12-14T17:46:46.727+0000] {logging_mixin.py:137} INFO - [2022-12-14T17:46:46.727+0000] {dag.py:3340} INFO - Setting next_dagrun for dataset_consumes_unknown_never_scheduled to None, run_after=None
[2022-12-14T17:46:46.732+0000] {logging_mixin.py:137} INFO - [2022-12-14T17:46:46.732+0000] {dag.py:3340} INFO - Setting next_dagrun for dataset_produces_1 to 2022-12-13T00:00:00+00:00, run_after=2022-12-14T00:00:00+00:00
[2022-12-14T17:46:46.734+0000] {logging_mixin.py:137} INFO - [2022-12-14T17:46:46.734+0000] {dag.py:3340} INFO - Setting next_dagrun for dataset_produces_2 to None, run_after=None
[2022-12-14T17:46:46.780+0000] {processor.py:176} INFO - Processing /home/airflow/.local/lib/python3.7/site-packages/airflow/example_dags/example_datasets.py took 0.302 seconds
[2022-12-14T17:47:18.007+0000] {processor.py:154} INFO - Started process (PID=692) to work on /home/airflow/.local/lib/python3.7/site-packages/airflow/example_dags/example_datasets.py
[2022-12-14T17:47:18.008+0000] {processor.py:756} INFO - Processing file /home/airflow/.local/lib/python3.7/site-packages/airflow/example_dags/example_datasets.py for tasks to queue
[2022-12-14T17:47:18.009+0000] {logging_mixin.py:137} INFO - [2022-12-14T17:47:18.009+0000] {dagbag.py:537} INFO - Filling up the DagBag from /home/airflow/.local/lib/python3.7/site-packages/airflow/example_dags/example_datasets.py
[2022-12-14T17:47:18.047+0000] {processor.py:766} INFO - DAG(s) dict_keys(['dataset_consumes_1_never_scheduled', 'dataset_consumes_1', 'dataset_consumes_unknown_never_scheduled', 'dataset_consumes_1_and_2', 'dataset_produces_2', 'dataset_produces_1']) retrieved from /home/airflow/.local/lib/python3.7/site-packages/airflow/example_dags/example_datasets.py
[2022-12-14T17:47:18.200+0000] {logging_mixin.py:137} INFO - [2022-12-14T17:47:18.200+0000] {dag.py:2585} INFO - Sync 6 DAGs
[2022-12-14T17:47:18.279+0000] {logging_mixin.py:137} INFO - [2022-12-14T17:47:18.279+0000] {dag.py:3340} INFO - Setting next_dagrun for dataset_consumes_1 to None, run_after=None
[2022-12-14T17:47:18.286+0000] {logging_mixin.py:137} INFO - [2022-12-14T17:47:18.286+0000] {dag.py:3340} INFO - Setting next_dagrun for dataset_consumes_1_and_2 to None, run_after=None
[2022-12-14T17:47:18.293+0000] {logging_mixin.py:137} INFO - [2022-12-14T17:47:18.292+0000] {dag.py:3340} INFO - Setting next_dagrun for dataset_consumes_1_never_scheduled to None, run_after=None
[2022-12-14T17:47:18.297+0000] {logging_mixin.py:137} INFO - [2022-12-14T17:47:18.297+0000] {dag.py:3340} INFO - Setting next_dagrun for dataset_consumes_unknown_never_scheduled to None, run_after=None
[2022-12-14T17:47:18.304+0000] {logging_mixin.py:137} INFO - [2022-12-14T17:47:18.304+0000] {dag.py:3340} INFO - Setting next_dagrun for dataset_produces_1 to 2022-12-13T00:00:00+00:00, run_after=2022-12-14T00:00:00+00:00
[2022-12-14T17:47:18.313+0000] {logging_mixin.py:137} INFO - [2022-12-14T17:47:18.313+0000] {dag.py:3340} INFO - Setting next_dagrun for dataset_produces_2 to None, run_after=None
[2022-12-14T17:47:18.358+0000] {processor.py:176} INFO - Processing /home/airflow/.local/lib/python3.7/site-packages/airflow/example_dags/example_datasets.py took 0.356 seconds
[2022-12-14T17:47:48.658+0000] {processor.py:154} INFO - Started process (PID=747) to work on /home/airflow/.local/lib/python3.7/site-packages/airflow/example_dags/example_datasets.py
[2022-12-14T17:47:48.659+0000] {processor.py:756} INFO - Processing file /home/airflow/.local/lib/python3.7/site-packages/airflow/example_dags/example_datasets.py for tasks to queue
[2022-12-14T17:47:48.659+0000] {logging_mixin.py:137} INFO - [2022-12-14T17:47:48.659+0000] {dagbag.py:537} INFO - Filling up the DagBag from /home/airflow/.local/lib/python3.7/site-packages/airflow/example_dags/example_datasets.py
[2022-12-14T17:47:48.684+0000] {processor.py:766} INFO - DAG(s) dict_keys(['dataset_produces_2', 'dataset_consumes_unknown_never_scheduled', 'dataset_consumes_1', 'dataset_consumes_1_never_scheduled', 'dataset_consumes_1_and_2', 'dataset_produces_1']) retrieved from /home/airflow/.local/lib/python3.7/site-packages/airflow/example_dags/example_datasets.py
[2022-12-14T17:47:48.769+0000] {logging_mixin.py:137} INFO - [2022-12-14T17:47:48.769+0000] {dag.py:2585} INFO - Sync 6 DAGs
[2022-12-14T17:47:48.817+0000] {logging_mixin.py:137} INFO - [2022-12-14T17:47:48.817+0000] {dag.py:3340} INFO - Setting next_dagrun for dataset_consumes_1 to None, run_after=None
[2022-12-14T17:47:48.822+0000] {logging_mixin.py:137} INFO - [2022-12-14T17:47:48.822+0000] {dag.py:3340} INFO - Setting next_dagrun for dataset_consumes_1_and_2 to None, run_after=None
[2022-12-14T17:47:48.824+0000] {logging_mixin.py:137} INFO - [2022-12-14T17:47:48.824+0000] {dag.py:3340} INFO - Setting next_dagrun for dataset_consumes_1_never_scheduled to None, run_after=None
[2022-12-14T17:47:48.826+0000] {logging_mixin.py:137} INFO - [2022-12-14T17:47:48.826+0000] {dag.py:3340} INFO - Setting next_dagrun for dataset_consumes_unknown_never_scheduled to None, run_after=None
[2022-12-14T17:47:48.828+0000] {logging_mixin.py:137} INFO - [2022-12-14T17:47:48.828+0000] {dag.py:3340} INFO - Setting next_dagrun for dataset_produces_1 to 2022-12-13T00:00:00+00:00, run_after=2022-12-14T00:00:00+00:00
[2022-12-14T17:47:48.829+0000] {logging_mixin.py:137} INFO - [2022-12-14T17:47:48.829+0000] {dag.py:3340} INFO - Setting next_dagrun for dataset_produces_2 to None, run_after=None
[2022-12-14T17:47:48.878+0000] {processor.py:176} INFO - Processing /home/airflow/.local/lib/python3.7/site-packages/airflow/example_dags/example_datasets.py took 0.224 seconds
[2022-12-14T17:48:19.498+0000] {processor.py:154} INFO - Started process (PID=801) to work on /home/airflow/.local/lib/python3.7/site-packages/airflow/example_dags/example_datasets.py
[2022-12-14T17:48:19.500+0000] {processor.py:756} INFO - Processing file /home/airflow/.local/lib/python3.7/site-packages/airflow/example_dags/example_datasets.py for tasks to queue
[2022-12-14T17:48:19.501+0000] {logging_mixin.py:137} INFO - [2022-12-14T17:48:19.500+0000] {dagbag.py:537} INFO - Filling up the DagBag from /home/airflow/.local/lib/python3.7/site-packages/airflow/example_dags/example_datasets.py
[2022-12-14T17:48:19.624+0000] {processor.py:766} INFO - DAG(s) dict_keys(['dataset_produces_2', 'dataset_consumes_1_and_2', 'dataset_consumes_unknown_never_scheduled', 'dataset_consumes_1_never_scheduled', 'dataset_consumes_1', 'dataset_produces_1']) retrieved from /home/airflow/.local/lib/python3.7/site-packages/airflow/example_dags/example_datasets.py
[2022-12-14T17:48:19.944+0000] {logging_mixin.py:137} INFO - [2022-12-14T17:48:19.944+0000] {dag.py:2585} INFO - Sync 6 DAGs
[2022-12-14T17:48:20.036+0000] {logging_mixin.py:137} INFO - [2022-12-14T17:48:20.036+0000] {dag.py:3340} INFO - Setting next_dagrun for dataset_consumes_1 to None, run_after=None
[2022-12-14T17:48:20.042+0000] {logging_mixin.py:137} INFO - [2022-12-14T17:48:20.042+0000] {dag.py:3340} INFO - Setting next_dagrun for dataset_consumes_1_and_2 to None, run_after=None
[2022-12-14T17:48:20.044+0000] {logging_mixin.py:137} INFO - [2022-12-14T17:48:20.044+0000] {dag.py:3340} INFO - Setting next_dagrun for dataset_consumes_1_never_scheduled to None, run_after=None
[2022-12-14T17:48:20.046+0000] {logging_mixin.py:137} INFO - [2022-12-14T17:48:20.046+0000] {dag.py:3340} INFO - Setting next_dagrun for dataset_consumes_unknown_never_scheduled to None, run_after=None
[2022-12-14T17:48:20.051+0000] {logging_mixin.py:137} INFO - [2022-12-14T17:48:20.051+0000] {dag.py:3340} INFO - Setting next_dagrun for dataset_produces_1 to 2022-12-13T00:00:00+00:00, run_after=2022-12-14T00:00:00+00:00
[2022-12-14T17:48:20.053+0000] {logging_mixin.py:137} INFO - [2022-12-14T17:48:20.053+0000] {dag.py:3340} INFO - Setting next_dagrun for dataset_produces_2 to None, run_after=None
[2022-12-14T17:48:20.119+0000] {processor.py:176} INFO - Processing /home/airflow/.local/lib/python3.7/site-packages/airflow/example_dags/example_datasets.py took 0.643 seconds
[2022-12-14T17:48:50.673+0000] {processor.py:154} INFO - Started process (PID=865) to work on /home/airflow/.local/lib/python3.7/site-packages/airflow/example_dags/example_datasets.py
[2022-12-14T17:48:50.675+0000] {processor.py:756} INFO - Processing file /home/airflow/.local/lib/python3.7/site-packages/airflow/example_dags/example_datasets.py for tasks to queue
[2022-12-14T17:48:50.675+0000] {logging_mixin.py:137} INFO - [2022-12-14T17:48:50.675+0000] {dagbag.py:537} INFO - Filling up the DagBag from /home/airflow/.local/lib/python3.7/site-packages/airflow/example_dags/example_datasets.py
[2022-12-14T17:48:50.700+0000] {processor.py:766} INFO - DAG(s) dict_keys(['dataset_produces_1', 'dataset_consumes_unknown_never_scheduled', 'dataset_consumes_1', 'dataset_produces_2', 'dataset_consumes_1_never_scheduled', 'dataset_consumes_1_and_2']) retrieved from /home/airflow/.local/lib/python3.7/site-packages/airflow/example_dags/example_datasets.py
[2022-12-14T17:48:50.785+0000] {logging_mixin.py:137} INFO - [2022-12-14T17:48:50.784+0000] {dag.py:2585} INFO - Sync 6 DAGs
[2022-12-14T17:48:50.832+0000] {logging_mixin.py:137} INFO - [2022-12-14T17:48:50.832+0000] {dag.py:3340} INFO - Setting next_dagrun for dataset_consumes_1 to None, run_after=None
[2022-12-14T17:48:50.838+0000] {logging_mixin.py:137} INFO - [2022-12-14T17:48:50.838+0000] {dag.py:3340} INFO - Setting next_dagrun for dataset_consumes_1_and_2 to None, run_after=None
[2022-12-14T17:48:50.840+0000] {logging_mixin.py:137} INFO - [2022-12-14T17:48:50.840+0000] {dag.py:3340} INFO - Setting next_dagrun for dataset_consumes_1_never_scheduled to None, run_after=None
[2022-12-14T17:48:50.845+0000] {logging_mixin.py:137} INFO - [2022-12-14T17:48:50.844+0000] {dag.py:3340} INFO - Setting next_dagrun for dataset_consumes_unknown_never_scheduled to None, run_after=None
[2022-12-14T17:48:50.849+0000] {logging_mixin.py:137} INFO - [2022-12-14T17:48:50.849+0000] {dag.py:3340} INFO - Setting next_dagrun for dataset_produces_1 to 2022-12-13T00:00:00+00:00, run_after=2022-12-14T00:00:00+00:00
[2022-12-14T17:48:50.851+0000] {logging_mixin.py:137} INFO - [2022-12-14T17:48:50.851+0000] {dag.py:3340} INFO - Setting next_dagrun for dataset_produces_2 to None, run_after=None
[2022-12-14T17:48:50.892+0000] {processor.py:176} INFO - Processing /home/airflow/.local/lib/python3.7/site-packages/airflow/example_dags/example_datasets.py took 0.222 seconds
[2022-12-14T17:49:21.732+0000] {processor.py:154} INFO - Started process (PID=919) to work on /home/airflow/.local/lib/python3.7/site-packages/airflow/example_dags/example_datasets.py
[2022-12-14T17:49:21.733+0000] {processor.py:756} INFO - Processing file /home/airflow/.local/lib/python3.7/site-packages/airflow/example_dags/example_datasets.py for tasks to queue
[2022-12-14T17:49:21.734+0000] {logging_mixin.py:137} INFO - [2022-12-14T17:49:21.733+0000] {dagbag.py:537} INFO - Filling up the DagBag from /home/airflow/.local/lib/python3.7/site-packages/airflow/example_dags/example_datasets.py
[2022-12-14T17:49:21.764+0000] {processor.py:766} INFO - DAG(s) dict_keys(['dataset_produces_1', 'dataset_consumes_1_and_2', 'dataset_consumes_1_never_scheduled', 'dataset_produces_2', 'dataset_consumes_1', 'dataset_consumes_unknown_never_scheduled']) retrieved from /home/airflow/.local/lib/python3.7/site-packages/airflow/example_dags/example_datasets.py
[2022-12-14T17:49:21.859+0000] {logging_mixin.py:137} INFO - [2022-12-14T17:49:21.859+0000] {dag.py:2585} INFO - Sync 6 DAGs
[2022-12-14T17:49:21.918+0000] {logging_mixin.py:137} INFO - [2022-12-14T17:49:21.918+0000] {dag.py:3340} INFO - Setting next_dagrun for dataset_consumes_1 to None, run_after=None
[2022-12-14T17:49:21.924+0000] {logging_mixin.py:137} INFO - [2022-12-14T17:49:21.924+0000] {dag.py:3340} INFO - Setting next_dagrun for dataset_consumes_1_and_2 to None, run_after=None
[2022-12-14T17:49:21.925+0000] {logging_mixin.py:137} INFO - [2022-12-14T17:49:21.925+0000] {dag.py:3340} INFO - Setting next_dagrun for dataset_consumes_1_never_scheduled to None, run_after=None
[2022-12-14T17:49:21.926+0000] {logging_mixin.py:137} INFO - [2022-12-14T17:49:21.926+0000] {dag.py:3340} INFO - Setting next_dagrun for dataset_consumes_unknown_never_scheduled to None, run_after=None
[2022-12-14T17:49:21.931+0000] {logging_mixin.py:137} INFO - [2022-12-14T17:49:21.931+0000] {dag.py:3340} INFO - Setting next_dagrun for dataset_produces_1 to 2022-12-13T00:00:00+00:00, run_after=2022-12-14T00:00:00+00:00
[2022-12-14T17:49:21.933+0000] {logging_mixin.py:137} INFO - [2022-12-14T17:49:21.933+0000] {dag.py:3340} INFO - Setting next_dagrun for dataset_produces_2 to None, run_after=None
[2022-12-14T17:49:21.976+0000] {processor.py:176} INFO - Processing /home/airflow/.local/lib/python3.7/site-packages/airflow/example_dags/example_datasets.py took 0.248 seconds
[2022-12-14T17:49:53.356+0000] {processor.py:154} INFO - Started process (PID=983) to work on /home/airflow/.local/lib/python3.7/site-packages/airflow/example_dags/example_datasets.py
[2022-12-14T17:49:53.359+0000] {processor.py:756} INFO - Processing file /home/airflow/.local/lib/python3.7/site-packages/airflow/example_dags/example_datasets.py for tasks to queue
[2022-12-14T17:49:53.360+0000] {logging_mixin.py:137} INFO - [2022-12-14T17:49:53.360+0000] {dagbag.py:537} INFO - Filling up the DagBag from /home/airflow/.local/lib/python3.7/site-packages/airflow/example_dags/example_datasets.py
[2022-12-14T17:49:53.418+0000] {processor.py:766} INFO - DAG(s) dict_keys(['dataset_produces_2', 'dataset_consumes_1_never_scheduled', 'dataset_consumes_unknown_never_scheduled', 'dataset_consumes_1', 'dataset_produces_1', 'dataset_consumes_1_and_2']) retrieved from /home/airflow/.local/lib/python3.7/site-packages/airflow/example_dags/example_datasets.py
[2022-12-14T17:49:53.753+0000] {logging_mixin.py:137} INFO - [2022-12-14T17:49:53.752+0000] {dag.py:2585} INFO - Sync 6 DAGs
[2022-12-14T17:49:53.929+0000] {logging_mixin.py:137} INFO - [2022-12-14T17:49:53.928+0000] {dag.py:3340} INFO - Setting next_dagrun for dataset_consumes_1 to None, run_after=None
[2022-12-14T17:49:53.952+0000] {logging_mixin.py:137} INFO - [2022-12-14T17:49:53.951+0000] {dag.py:3340} INFO - Setting next_dagrun for dataset_consumes_1_and_2 to None, run_after=None
[2022-12-14T17:49:53.967+0000] {logging_mixin.py:137} INFO - [2022-12-14T17:49:53.967+0000] {dag.py:3340} INFO - Setting next_dagrun for dataset_consumes_1_never_scheduled to None, run_after=None
[2022-12-14T17:49:53.970+0000] {logging_mixin.py:137} INFO - [2022-12-14T17:49:53.970+0000] {dag.py:3340} INFO - Setting next_dagrun for dataset_consumes_unknown_never_scheduled to None, run_after=None
[2022-12-14T17:49:53.979+0000] {logging_mixin.py:137} INFO - [2022-12-14T17:49:53.979+0000] {dag.py:3340} INFO - Setting next_dagrun for dataset_produces_1 to 2022-12-13T00:00:00+00:00, run_after=2022-12-14T00:00:00+00:00
[2022-12-14T17:49:53.982+0000] {logging_mixin.py:137} INFO - [2022-12-14T17:49:53.981+0000] {dag.py:3340} INFO - Setting next_dagrun for dataset_produces_2 to None, run_after=None
[2022-12-14T17:49:54.095+0000] {processor.py:176} INFO - Processing /home/airflow/.local/lib/python3.7/site-packages/airflow/example_dags/example_datasets.py took 0.746 seconds
[2022-12-14T17:50:24.216+0000] {processor.py:154} INFO - Started process (PID=1038) to work on /home/airflow/.local/lib/python3.7/site-packages/airflow/example_dags/example_datasets.py
[2022-12-14T17:50:24.217+0000] {processor.py:756} INFO - Processing file /home/airflow/.local/lib/python3.7/site-packages/airflow/example_dags/example_datasets.py for tasks to queue
[2022-12-14T17:50:24.218+0000] {logging_mixin.py:137} INFO - [2022-12-14T17:50:24.218+0000] {dagbag.py:537} INFO - Filling up the DagBag from /home/airflow/.local/lib/python3.7/site-packages/airflow/example_dags/example_datasets.py
[2022-12-14T17:50:24.244+0000] {processor.py:766} INFO - DAG(s) dict_keys(['dataset_consumes_unknown_never_scheduled', 'dataset_consumes_1_and_2', 'dataset_consumes_1_never_scheduled', 'dataset_consumes_1', 'dataset_produces_2', 'dataset_produces_1']) retrieved from /home/airflow/.local/lib/python3.7/site-packages/airflow/example_dags/example_datasets.py
[2022-12-14T17:50:24.335+0000] {logging_mixin.py:137} INFO - [2022-12-14T17:50:24.335+0000] {dag.py:2585} INFO - Sync 6 DAGs
[2022-12-14T17:50:24.390+0000] {logging_mixin.py:137} INFO - [2022-12-14T17:50:24.390+0000] {dag.py:3340} INFO - Setting next_dagrun for dataset_consumes_1 to None, run_after=None
[2022-12-14T17:50:24.394+0000] {logging_mixin.py:137} INFO - [2022-12-14T17:50:24.394+0000] {dag.py:3340} INFO - Setting next_dagrun for dataset_consumes_1_and_2 to None, run_after=None
[2022-12-14T17:50:24.396+0000] {logging_mixin.py:137} INFO - [2022-12-14T17:50:24.395+0000] {dag.py:3340} INFO - Setting next_dagrun for dataset_consumes_1_never_scheduled to None, run_after=None
[2022-12-14T17:50:24.397+0000] {logging_mixin.py:137} INFO - [2022-12-14T17:50:24.397+0000] {dag.py:3340} INFO - Setting next_dagrun for dataset_consumes_unknown_never_scheduled to None, run_after=None
[2022-12-14T17:50:24.400+0000] {logging_mixin.py:137} INFO - [2022-12-14T17:50:24.400+0000] {dag.py:3340} INFO - Setting next_dagrun for dataset_produces_1 to 2022-12-13T00:00:00+00:00, run_after=2022-12-14T00:00:00+00:00
[2022-12-14T17:50:24.401+0000] {logging_mixin.py:137} INFO - [2022-12-14T17:50:24.401+0000] {dag.py:3340} INFO - Setting next_dagrun for dataset_produces_2 to None, run_after=None
[2022-12-14T17:50:24.444+0000] {processor.py:176} INFO - Processing /home/airflow/.local/lib/python3.7/site-packages/airflow/example_dags/example_datasets.py took 0.232 seconds
[2022-12-14T17:50:54.877+0000] {processor.py:154} INFO - Started process (PID=1093) to work on /home/airflow/.local/lib/python3.7/site-packages/airflow/example_dags/example_datasets.py
[2022-12-14T17:50:54.878+0000] {processor.py:756} INFO - Processing file /home/airflow/.local/lib/python3.7/site-packages/airflow/example_dags/example_datasets.py for tasks to queue
[2022-12-14T17:50:54.879+0000] {logging_mixin.py:137} INFO - [2022-12-14T17:50:54.879+0000] {dagbag.py:537} INFO - Filling up the DagBag from /home/airflow/.local/lib/python3.7/site-packages/airflow/example_dags/example_datasets.py
[2022-12-14T17:50:54.909+0000] {processor.py:766} INFO - DAG(s) dict_keys(['dataset_consumes_1', 'dataset_consumes_1_never_scheduled', 'dataset_consumes_1_and_2', 'dataset_produces_2', 'dataset_produces_1', 'dataset_consumes_unknown_never_scheduled']) retrieved from /home/airflow/.local/lib/python3.7/site-packages/airflow/example_dags/example_datasets.py
[2022-12-14T17:50:55.011+0000] {logging_mixin.py:137} INFO - [2022-12-14T17:50:55.011+0000] {dag.py:2585} INFO - Sync 6 DAGs
[2022-12-14T17:50:55.075+0000] {logging_mixin.py:137} INFO - [2022-12-14T17:50:55.074+0000] {dag.py:3340} INFO - Setting next_dagrun for dataset_consumes_1 to None, run_after=None
[2022-12-14T17:50:55.081+0000] {logging_mixin.py:137} INFO - [2022-12-14T17:50:55.081+0000] {dag.py:3340} INFO - Setting next_dagrun for dataset_consumes_1_and_2 to None, run_after=None
[2022-12-14T17:50:55.083+0000] {logging_mixin.py:137} INFO - [2022-12-14T17:50:55.083+0000] {dag.py:3340} INFO - Setting next_dagrun for dataset_consumes_1_never_scheduled to None, run_after=None
[2022-12-14T17:50:55.085+0000] {logging_mixin.py:137} INFO - [2022-12-14T17:50:55.085+0000] {dag.py:3340} INFO - Setting next_dagrun for dataset_consumes_unknown_never_scheduled to None, run_after=None
[2022-12-14T17:50:55.091+0000] {logging_mixin.py:137} INFO - [2022-12-14T17:50:55.091+0000] {dag.py:3340} INFO - Setting next_dagrun for dataset_produces_1 to 2022-12-13T00:00:00+00:00, run_after=2022-12-14T00:00:00+00:00
[2022-12-14T17:50:55.093+0000] {logging_mixin.py:137} INFO - [2022-12-14T17:50:55.093+0000] {dag.py:3340} INFO - Setting next_dagrun for dataset_produces_2 to None, run_after=None
[2022-12-14T17:50:55.145+0000] {processor.py:176} INFO - Processing /home/airflow/.local/lib/python3.7/site-packages/airflow/example_dags/example_datasets.py took 0.273 seconds
[2022-12-14T17:51:27.137+0000] {processor.py:154} INFO - Started process (PID=1158) to work on /home/airflow/.local/lib/python3.7/site-packages/airflow/example_dags/example_datasets.py
[2022-12-14T17:51:27.138+0000] {processor.py:756} INFO - Processing file /home/airflow/.local/lib/python3.7/site-packages/airflow/example_dags/example_datasets.py for tasks to queue
[2022-12-14T17:51:27.139+0000] {logging_mixin.py:137} INFO - [2022-12-14T17:51:27.139+0000] {dagbag.py:537} INFO - Filling up the DagBag from /home/airflow/.local/lib/python3.7/site-packages/airflow/example_dags/example_datasets.py
[2022-12-14T17:51:27.201+0000] {processor.py:766} INFO - DAG(s) dict_keys(['dataset_consumes_1_never_scheduled', 'dataset_produces_2', 'dataset_consumes_unknown_never_scheduled', 'dataset_consumes_1', 'dataset_consumes_1_and_2', 'dataset_produces_1']) retrieved from /home/airflow/.local/lib/python3.7/site-packages/airflow/example_dags/example_datasets.py
[2022-12-14T17:51:27.492+0000] {logging_mixin.py:137} INFO - [2022-12-14T17:51:27.491+0000] {dag.py:2585} INFO - Sync 6 DAGs
[2022-12-14T17:51:27.605+0000] {logging_mixin.py:137} INFO - [2022-12-14T17:51:27.604+0000] {dag.py:3340} INFO - Setting next_dagrun for dataset_consumes_1 to None, run_after=None
[2022-12-14T17:51:27.621+0000] {logging_mixin.py:137} INFO - [2022-12-14T17:51:27.620+0000] {dag.py:3340} INFO - Setting next_dagrun for dataset_consumes_1_and_2 to None, run_after=None
[2022-12-14T17:51:27.634+0000] {logging_mixin.py:137} INFO - [2022-12-14T17:51:27.634+0000] {dag.py:3340} INFO - Setting next_dagrun for dataset_consumes_1_never_scheduled to None, run_after=None
[2022-12-14T17:51:27.644+0000] {logging_mixin.py:137} INFO - [2022-12-14T17:51:27.643+0000] {dag.py:3340} INFO - Setting next_dagrun for dataset_consumes_unknown_never_scheduled to None, run_after=None
[2022-12-14T17:51:27.668+0000] {logging_mixin.py:137} INFO - [2022-12-14T17:51:27.667+0000] {dag.py:3340} INFO - Setting next_dagrun for dataset_produces_1 to 2022-12-13T00:00:00+00:00, run_after=2022-12-14T00:00:00+00:00
[2022-12-14T17:51:27.677+0000] {logging_mixin.py:137} INFO - [2022-12-14T17:51:27.677+0000] {dag.py:3340} INFO - Setting next_dagrun for dataset_produces_2 to None, run_after=None
[2022-12-14T17:51:27.925+0000] {processor.py:176} INFO - Processing /home/airflow/.local/lib/python3.7/site-packages/airflow/example_dags/example_datasets.py took 0.796 seconds
[2022-12-14T17:51:59.310+0000] {processor.py:154} INFO - Started process (PID=1213) to work on /home/airflow/.local/lib/python3.7/site-packages/airflow/example_dags/example_datasets.py
[2022-12-14T17:51:59.311+0000] {processor.py:756} INFO - Processing file /home/airflow/.local/lib/python3.7/site-packages/airflow/example_dags/example_datasets.py for tasks to queue
[2022-12-14T17:51:59.312+0000] {logging_mixin.py:137} INFO - [2022-12-14T17:51:59.312+0000] {dagbag.py:537} INFO - Filling up the DagBag from /home/airflow/.local/lib/python3.7/site-packages/airflow/example_dags/example_datasets.py
[2022-12-14T17:51:59.350+0000] {processor.py:766} INFO - DAG(s) dict_keys(['dataset_consumes_1_never_scheduled', 'dataset_consumes_1', 'dataset_consumes_1_and_2', 'dataset_produces_1', 'dataset_produces_2', 'dataset_consumes_unknown_never_scheduled']) retrieved from /home/airflow/.local/lib/python3.7/site-packages/airflow/example_dags/example_datasets.py
[2022-12-14T17:51:59.464+0000] {logging_mixin.py:137} INFO - [2022-12-14T17:51:59.464+0000] {dag.py:2585} INFO - Sync 6 DAGs
[2022-12-14T17:51:59.529+0000] {logging_mixin.py:137} INFO - [2022-12-14T17:51:59.529+0000] {dag.py:3340} INFO - Setting next_dagrun for dataset_consumes_1 to None, run_after=None
[2022-12-14T17:51:59.535+0000] {logging_mixin.py:137} INFO - [2022-12-14T17:51:59.535+0000] {dag.py:3340} INFO - Setting next_dagrun for dataset_consumes_1_and_2 to None, run_after=None
[2022-12-14T17:51:59.537+0000] {logging_mixin.py:137} INFO - [2022-12-14T17:51:59.537+0000] {dag.py:3340} INFO - Setting next_dagrun for dataset_consumes_1_never_scheduled to None, run_after=None
[2022-12-14T17:51:59.538+0000] {logging_mixin.py:137} INFO - [2022-12-14T17:51:59.538+0000] {dag.py:3340} INFO - Setting next_dagrun for dataset_consumes_unknown_never_scheduled to None, run_after=None
[2022-12-14T17:51:59.543+0000] {logging_mixin.py:137} INFO - [2022-12-14T17:51:59.543+0000] {dag.py:3340} INFO - Setting next_dagrun for dataset_produces_1 to 2022-12-13T00:00:00+00:00, run_after=2022-12-14T00:00:00+00:00
[2022-12-14T17:51:59.545+0000] {logging_mixin.py:137} INFO - [2022-12-14T17:51:59.545+0000] {dag.py:3340} INFO - Setting next_dagrun for dataset_produces_2 to None, run_after=None
[2022-12-14T17:51:59.590+0000] {processor.py:176} INFO - Processing /home/airflow/.local/lib/python3.7/site-packages/airflow/example_dags/example_datasets.py took 0.286 seconds
[2022-12-14T17:52:32.431+0000] {processor.py:154} INFO - Started process (PID=1268) to work on /home/airflow/.local/lib/python3.7/site-packages/airflow/example_dags/example_datasets.py
[2022-12-14T17:52:32.443+0000] {processor.py:756} INFO - Processing file /home/airflow/.local/lib/python3.7/site-packages/airflow/example_dags/example_datasets.py for tasks to queue
[2022-12-14T17:52:32.444+0000] {logging_mixin.py:137} INFO - [2022-12-14T17:52:32.444+0000] {dagbag.py:537} INFO - Filling up the DagBag from /home/airflow/.local/lib/python3.7/site-packages/airflow/example_dags/example_datasets.py
[2022-12-14T17:52:32.543+0000] {processor.py:766} INFO - DAG(s) dict_keys(['dataset_consumes_1_never_scheduled', 'dataset_produces_1', 'dataset_produces_2', 'dataset_consumes_1_and_2', 'dataset_consumes_unknown_never_scheduled', 'dataset_consumes_1']) retrieved from /home/airflow/.local/lib/python3.7/site-packages/airflow/example_dags/example_datasets.py
[2022-12-14T17:52:32.806+0000] {logging_mixin.py:137} INFO - [2022-12-14T17:52:32.805+0000] {dag.py:2585} INFO - Sync 6 DAGs
[2022-12-14T17:52:32.897+0000] {logging_mixin.py:137} INFO - [2022-12-14T17:52:32.896+0000] {dag.py:3340} INFO - Setting next_dagrun for dataset_consumes_1 to None, run_after=None
[2022-12-14T17:52:32.908+0000] {logging_mixin.py:137} INFO - [2022-12-14T17:52:32.907+0000] {dag.py:3340} INFO - Setting next_dagrun for dataset_consumes_1_and_2 to None, run_after=None
[2022-12-14T17:52:32.911+0000] {logging_mixin.py:137} INFO - [2022-12-14T17:52:32.911+0000] {dag.py:3340} INFO - Setting next_dagrun for dataset_consumes_1_never_scheduled to None, run_after=None
[2022-12-14T17:52:32.913+0000] {logging_mixin.py:137} INFO - [2022-12-14T17:52:32.913+0000] {dag.py:3340} INFO - Setting next_dagrun for dataset_consumes_unknown_never_scheduled to None, run_after=None
[2022-12-14T17:52:32.920+0000] {logging_mixin.py:137} INFO - [2022-12-14T17:52:32.919+0000] {dag.py:3340} INFO - Setting next_dagrun for dataset_produces_1 to 2022-12-13T00:00:00+00:00, run_after=2022-12-14T00:00:00+00:00
[2022-12-14T17:52:32.924+0000] {logging_mixin.py:137} INFO - [2022-12-14T17:52:32.924+0000] {dag.py:3340} INFO - Setting next_dagrun for dataset_produces_2 to None, run_after=None
[2022-12-14T17:52:33.058+0000] {processor.py:176} INFO - Processing /home/airflow/.local/lib/python3.7/site-packages/airflow/example_dags/example_datasets.py took 0.641 seconds
[2022-12-14T17:53:03.264+0000] {processor.py:154} INFO - Started process (PID=1321) to work on /home/airflow/.local/lib/python3.7/site-packages/airflow/example_dags/example_datasets.py
[2022-12-14T17:53:03.265+0000] {processor.py:756} INFO - Processing file /home/airflow/.local/lib/python3.7/site-packages/airflow/example_dags/example_datasets.py for tasks to queue
[2022-12-14T17:53:03.266+0000] {logging_mixin.py:137} INFO - [2022-12-14T17:53:03.265+0000] {dagbag.py:537} INFO - Filling up the DagBag from /home/airflow/.local/lib/python3.7/site-packages/airflow/example_dags/example_datasets.py
[2022-12-14T17:53:03.290+0000] {processor.py:766} INFO - DAG(s) dict_keys(['dataset_produces_2', 'dataset_produces_1', 'dataset_consumes_unknown_never_scheduled', 'dataset_consumes_1_never_scheduled', 'dataset_consumes_1_and_2', 'dataset_consumes_1']) retrieved from /home/airflow/.local/lib/python3.7/site-packages/airflow/example_dags/example_datasets.py
[2022-12-14T17:53:03.394+0000] {logging_mixin.py:137} INFO - [2022-12-14T17:53:03.394+0000] {dag.py:2585} INFO - Sync 6 DAGs
[2022-12-14T17:53:03.458+0000] {logging_mixin.py:137} INFO - [2022-12-14T17:53:03.458+0000] {dag.py:3340} INFO - Setting next_dagrun for dataset_consumes_1 to None, run_after=None
[2022-12-14T17:53:03.465+0000] {logging_mixin.py:137} INFO - [2022-12-14T17:53:03.465+0000] {dag.py:3340} INFO - Setting next_dagrun for dataset_consumes_1_and_2 to None, run_after=None
[2022-12-14T17:53:03.468+0000] {logging_mixin.py:137} INFO - [2022-12-14T17:53:03.468+0000] {dag.py:3340} INFO - Setting next_dagrun for dataset_consumes_1_never_scheduled to None, run_after=None
[2022-12-14T17:53:03.470+0000] {logging_mixin.py:137} INFO - [2022-12-14T17:53:03.470+0000] {dag.py:3340} INFO - Setting next_dagrun for dataset_consumes_unknown_never_scheduled to None, run_after=None
[2022-12-14T17:53:03.476+0000] {logging_mixin.py:137} INFO - [2022-12-14T17:53:03.476+0000] {dag.py:3340} INFO - Setting next_dagrun for dataset_produces_1 to 2022-12-13T00:00:00+00:00, run_after=2022-12-14T00:00:00+00:00
[2022-12-14T17:53:03.478+0000] {logging_mixin.py:137} INFO - [2022-12-14T17:53:03.478+0000] {dag.py:3340} INFO - Setting next_dagrun for dataset_produces_2 to None, run_after=None
[2022-12-14T17:53:03.531+0000] {processor.py:176} INFO - Processing /home/airflow/.local/lib/python3.7/site-packages/airflow/example_dags/example_datasets.py took 0.273 seconds
[2022-12-14T17:53:33.981+0000] {processor.py:154} INFO - Started process (PID=1374) to work on /home/airflow/.local/lib/python3.7/site-packages/airflow/example_dags/example_datasets.py
[2022-12-14T17:53:34.067+0000] {processor.py:756} INFO - Processing file /home/airflow/.local/lib/python3.7/site-packages/airflow/example_dags/example_datasets.py for tasks to queue
[2022-12-14T17:53:34.068+0000] {logging_mixin.py:137} INFO - [2022-12-14T17:53:34.068+0000] {dagbag.py:537} INFO - Filling up the DagBag from /home/airflow/.local/lib/python3.7/site-packages/airflow/example_dags/example_datasets.py
[2022-12-14T17:53:34.095+0000] {processor.py:766} INFO - DAG(s) dict_keys(['dataset_consumes_1_and_2', 'dataset_consumes_1', 'dataset_consumes_1_never_scheduled', 'dataset_consumes_unknown_never_scheduled', 'dataset_produces_2', 'dataset_produces_1']) retrieved from /home/airflow/.local/lib/python3.7/site-packages/airflow/example_dags/example_datasets.py
[2022-12-14T17:53:34.196+0000] {logging_mixin.py:137} INFO - [2022-12-14T17:53:34.196+0000] {dag.py:2585} INFO - Sync 6 DAGs
[2022-12-14T17:53:34.260+0000] {logging_mixin.py:137} INFO - [2022-12-14T17:53:34.260+0000] {dag.py:3340} INFO - Setting next_dagrun for dataset_consumes_1 to None, run_after=None
[2022-12-14T17:53:34.268+0000] {logging_mixin.py:137} INFO - [2022-12-14T17:53:34.267+0000] {dag.py:3340} INFO - Setting next_dagrun for dataset_consumes_1_and_2 to None, run_after=None
[2022-12-14T17:53:34.271+0000] {logging_mixin.py:137} INFO - [2022-12-14T17:53:34.270+0000] {dag.py:3340} INFO - Setting next_dagrun for dataset_consumes_1_never_scheduled to None, run_after=None
[2022-12-14T17:53:34.273+0000] {logging_mixin.py:137} INFO - [2022-12-14T17:53:34.273+0000] {dag.py:3340} INFO - Setting next_dagrun for dataset_consumes_unknown_never_scheduled to None, run_after=None
[2022-12-14T17:53:34.279+0000] {logging_mixin.py:137} INFO - [2022-12-14T17:53:34.279+0000] {dag.py:3340} INFO - Setting next_dagrun for dataset_produces_1 to 2022-12-13T00:00:00+00:00, run_after=2022-12-14T00:00:00+00:00
[2022-12-14T17:53:34.282+0000] {logging_mixin.py:137} INFO - [2022-12-14T17:53:34.281+0000] {dag.py:3340} INFO - Setting next_dagrun for dataset_produces_2 to None, run_after=None
[2022-12-14T17:53:34.333+0000] {processor.py:176} INFO - Processing /home/airflow/.local/lib/python3.7/site-packages/airflow/example_dags/example_datasets.py took 0.356 seconds
[2022-12-14T17:54:04.919+0000] {processor.py:154} INFO - Started process (PID=1429) to work on /home/airflow/.local/lib/python3.7/site-packages/airflow/example_dags/example_datasets.py
[2022-12-14T17:54:04.921+0000] {processor.py:756} INFO - Processing file /home/airflow/.local/lib/python3.7/site-packages/airflow/example_dags/example_datasets.py for tasks to queue
[2022-12-14T17:54:04.922+0000] {logging_mixin.py:137} INFO - [2022-12-14T17:54:04.922+0000] {dagbag.py:537} INFO - Filling up the DagBag from /home/airflow/.local/lib/python3.7/site-packages/airflow/example_dags/example_datasets.py
[2022-12-14T17:54:04.953+0000] {processor.py:766} INFO - DAG(s) dict_keys(['dataset_consumes_1', 'dataset_consumes_unknown_never_scheduled', 'dataset_produces_2', 'dataset_consumes_1_never_scheduled', 'dataset_consumes_1_and_2', 'dataset_produces_1']) retrieved from /home/airflow/.local/lib/python3.7/site-packages/airflow/example_dags/example_datasets.py
[2022-12-14T17:54:05.067+0000] {logging_mixin.py:137} INFO - [2022-12-14T17:54:05.066+0000] {dag.py:2585} INFO - Sync 6 DAGs
[2022-12-14T17:54:05.143+0000] {logging_mixin.py:137} INFO - [2022-12-14T17:54:05.142+0000] {dag.py:3340} INFO - Setting next_dagrun for dataset_consumes_1 to None, run_after=None
[2022-12-14T17:54:05.153+0000] {logging_mixin.py:137} INFO - [2022-12-14T17:54:05.153+0000] {dag.py:3340} INFO - Setting next_dagrun for dataset_consumes_1_and_2 to None, run_after=None
[2022-12-14T17:54:05.155+0000] {logging_mixin.py:137} INFO - [2022-12-14T17:54:05.155+0000] {dag.py:3340} INFO - Setting next_dagrun for dataset_consumes_1_never_scheduled to None, run_after=None
[2022-12-14T17:54:05.158+0000] {logging_mixin.py:137} INFO - [2022-12-14T17:54:05.158+0000] {dag.py:3340} INFO - Setting next_dagrun for dataset_consumes_unknown_never_scheduled to None, run_after=None
[2022-12-14T17:54:05.163+0000] {logging_mixin.py:137} INFO - [2022-12-14T17:54:05.163+0000] {dag.py:3340} INFO - Setting next_dagrun for dataset_produces_1 to 2022-12-13T00:00:00+00:00, run_after=2022-12-14T00:00:00+00:00
[2022-12-14T17:54:05.165+0000] {logging_mixin.py:137} INFO - [2022-12-14T17:54:05.165+0000] {dag.py:3340} INFO - Setting next_dagrun for dataset_produces_2 to None, run_after=None
[2022-12-14T17:54:05.278+0000] {processor.py:176} INFO - Processing /home/airflow/.local/lib/python3.7/site-packages/airflow/example_dags/example_datasets.py took 0.364 seconds
[2022-12-14T17:54:37.093+0000] {processor.py:154} INFO - Started process (PID=1492) to work on /home/airflow/.local/lib/python3.7/site-packages/airflow/example_dags/example_datasets.py
[2022-12-14T17:54:37.105+0000] {processor.py:756} INFO - Processing file /home/airflow/.local/lib/python3.7/site-packages/airflow/example_dags/example_datasets.py for tasks to queue
[2022-12-14T17:54:37.106+0000] {logging_mixin.py:137} INFO - [2022-12-14T17:54:37.106+0000] {dagbag.py:537} INFO - Filling up the DagBag from /home/airflow/.local/lib/python3.7/site-packages/airflow/example_dags/example_datasets.py
[2022-12-14T17:54:37.153+0000] {processor.py:766} INFO - DAG(s) dict_keys(['dataset_consumes_1_never_scheduled', 'dataset_consumes_unknown_never_scheduled', 'dataset_consumes_1', 'dataset_consumes_1_and_2', 'dataset_produces_1', 'dataset_produces_2']) retrieved from /home/airflow/.local/lib/python3.7/site-packages/airflow/example_dags/example_datasets.py
[2022-12-14T17:54:37.301+0000] {logging_mixin.py:137} INFO - [2022-12-14T17:54:37.301+0000] {dag.py:2585} INFO - Sync 6 DAGs
[2022-12-14T17:54:37.374+0000] {logging_mixin.py:137} INFO - [2022-12-14T17:54:37.374+0000] {dag.py:3340} INFO - Setting next_dagrun for dataset_consumes_1 to None, run_after=None
[2022-12-14T17:54:37.383+0000] {logging_mixin.py:137} INFO - [2022-12-14T17:54:37.382+0000] {dag.py:3340} INFO - Setting next_dagrun for dataset_consumes_1_and_2 to None, run_after=None
[2022-12-14T17:54:37.385+0000] {logging_mixin.py:137} INFO - [2022-12-14T17:54:37.385+0000] {dag.py:3340} INFO - Setting next_dagrun for dataset_consumes_1_never_scheduled to None, run_after=None
[2022-12-14T17:54:37.387+0000] {logging_mixin.py:137} INFO - [2022-12-14T17:54:37.387+0000] {dag.py:3340} INFO - Setting next_dagrun for dataset_consumes_unknown_never_scheduled to None, run_after=None
[2022-12-14T17:54:37.394+0000] {logging_mixin.py:137} INFO - [2022-12-14T17:54:37.393+0000] {dag.py:3340} INFO - Setting next_dagrun for dataset_produces_1 to 2022-12-13T00:00:00+00:00, run_after=2022-12-14T00:00:00+00:00
[2022-12-14T17:54:37.397+0000] {logging_mixin.py:137} INFO - [2022-12-14T17:54:37.396+0000] {dag.py:3340} INFO - Setting next_dagrun for dataset_produces_2 to None, run_after=None
[2022-12-14T17:54:37.464+0000] {processor.py:176} INFO - Processing /home/airflow/.local/lib/python3.7/site-packages/airflow/example_dags/example_datasets.py took 0.377 seconds
[2022-12-14T17:55:07.860+0000] {processor.py:154} INFO - Started process (PID=1546) to work on /home/airflow/.local/lib/python3.7/site-packages/airflow/example_dags/example_datasets.py
[2022-12-14T17:55:07.861+0000] {processor.py:756} INFO - Processing file /home/airflow/.local/lib/python3.7/site-packages/airflow/example_dags/example_datasets.py for tasks to queue
[2022-12-14T17:55:07.862+0000] {logging_mixin.py:137} INFO - [2022-12-14T17:55:07.862+0000] {dagbag.py:537} INFO - Filling up the DagBag from /home/airflow/.local/lib/python3.7/site-packages/airflow/example_dags/example_datasets.py
[2022-12-14T17:55:07.890+0000] {processor.py:766} INFO - DAG(s) dict_keys(['dataset_produces_1', 'dataset_consumes_1_never_scheduled', 'dataset_consumes_unknown_never_scheduled', 'dataset_consumes_1', 'dataset_produces_2', 'dataset_consumes_1_and_2']) retrieved from /home/airflow/.local/lib/python3.7/site-packages/airflow/example_dags/example_datasets.py
[2022-12-14T17:55:07.979+0000] {logging_mixin.py:137} INFO - [2022-12-14T17:55:07.979+0000] {dag.py:2585} INFO - Sync 6 DAGs
[2022-12-14T17:55:08.032+0000] {logging_mixin.py:137} INFO - [2022-12-14T17:55:08.032+0000] {dag.py:3340} INFO - Setting next_dagrun for dataset_consumes_1 to None, run_after=None
[2022-12-14T17:55:08.038+0000] {logging_mixin.py:137} INFO - [2022-12-14T17:55:08.038+0000] {dag.py:3340} INFO - Setting next_dagrun for dataset_consumes_1_and_2 to None, run_after=None
[2022-12-14T17:55:08.040+0000] {logging_mixin.py:137} INFO - [2022-12-14T17:55:08.040+0000] {dag.py:3340} INFO - Setting next_dagrun for dataset_consumes_1_never_scheduled to None, run_after=None
[2022-12-14T17:55:08.041+0000] {logging_mixin.py:137} INFO - [2022-12-14T17:55:08.041+0000] {dag.py:3340} INFO - Setting next_dagrun for dataset_consumes_unknown_never_scheduled to None, run_after=None
[2022-12-14T17:55:08.046+0000] {logging_mixin.py:137} INFO - [2022-12-14T17:55:08.045+0000] {dag.py:3340} INFO - Setting next_dagrun for dataset_produces_1 to 2022-12-13T00:00:00+00:00, run_after=2022-12-14T00:00:00+00:00
[2022-12-14T17:55:08.047+0000] {logging_mixin.py:137} INFO - [2022-12-14T17:55:08.047+0000] {dag.py:3340} INFO - Setting next_dagrun for dataset_produces_2 to None, run_after=None
[2022-12-14T17:55:08.115+0000] {processor.py:176} INFO - Processing /home/airflow/.local/lib/python3.7/site-packages/airflow/example_dags/example_datasets.py took 0.260 seconds
[2022-12-14T17:55:38.693+0000] {processor.py:154} INFO - Started process (PID=1599) to work on /home/airflow/.local/lib/python3.7/site-packages/airflow/example_dags/example_datasets.py
[2022-12-14T17:55:38.694+0000] {processor.py:756} INFO - Processing file /home/airflow/.local/lib/python3.7/site-packages/airflow/example_dags/example_datasets.py for tasks to queue
[2022-12-14T17:55:38.695+0000] {logging_mixin.py:137} INFO - [2022-12-14T17:55:38.695+0000] {dagbag.py:537} INFO - Filling up the DagBag from /home/airflow/.local/lib/python3.7/site-packages/airflow/example_dags/example_datasets.py
[2022-12-14T17:55:38.725+0000] {processor.py:766} INFO - DAG(s) dict_keys(['dataset_produces_1', 'dataset_consumes_1', 'dataset_consumes_unknown_never_scheduled', 'dataset_consumes_1_and_2', 'dataset_produces_2', 'dataset_consumes_1_never_scheduled']) retrieved from /home/airflow/.local/lib/python3.7/site-packages/airflow/example_dags/example_datasets.py
[2022-12-14T17:55:38.824+0000] {logging_mixin.py:137} INFO - [2022-12-14T17:55:38.823+0000] {dag.py:2585} INFO - Sync 6 DAGs
[2022-12-14T17:55:38.878+0000] {logging_mixin.py:137} INFO - [2022-12-14T17:55:38.878+0000] {dag.py:3340} INFO - Setting next_dagrun for dataset_consumes_1 to None, run_after=None
[2022-12-14T17:55:38.885+0000] {logging_mixin.py:137} INFO - [2022-12-14T17:55:38.885+0000] {dag.py:3340} INFO - Setting next_dagrun for dataset_consumes_1_and_2 to None, run_after=None
[2022-12-14T17:55:38.887+0000] {logging_mixin.py:137} INFO - [2022-12-14T17:55:38.887+0000] {dag.py:3340} INFO - Setting next_dagrun for dataset_consumes_1_never_scheduled to None, run_after=None
[2022-12-14T17:55:38.889+0000] {logging_mixin.py:137} INFO - [2022-12-14T17:55:38.889+0000] {dag.py:3340} INFO - Setting next_dagrun for dataset_consumes_unknown_never_scheduled to None, run_after=None
[2022-12-14T17:55:38.894+0000] {logging_mixin.py:137} INFO - [2022-12-14T17:55:38.894+0000] {dag.py:3340} INFO - Setting next_dagrun for dataset_produces_1 to 2022-12-13T00:00:00+00:00, run_after=2022-12-14T00:00:00+00:00
[2022-12-14T17:55:38.897+0000] {logging_mixin.py:137} INFO - [2022-12-14T17:55:38.896+0000] {dag.py:3340} INFO - Setting next_dagrun for dataset_produces_2 to None, run_after=None
[2022-12-14T17:55:38.970+0000] {processor.py:176} INFO - Processing /home/airflow/.local/lib/python3.7/site-packages/airflow/example_dags/example_datasets.py took 0.283 seconds
[2022-12-14T17:56:09.677+0000] {processor.py:154} INFO - Started process (PID=1658) to work on /home/airflow/.local/lib/python3.7/site-packages/airflow/example_dags/example_datasets.py
[2022-12-14T17:56:09.678+0000] {processor.py:756} INFO - Processing file /home/airflow/.local/lib/python3.7/site-packages/airflow/example_dags/example_datasets.py for tasks to queue
[2022-12-14T17:56:09.679+0000] {logging_mixin.py:137} INFO - [2022-12-14T17:56:09.679+0000] {dagbag.py:537} INFO - Filling up the DagBag from /home/airflow/.local/lib/python3.7/site-packages/airflow/example_dags/example_datasets.py
[2022-12-14T17:56:09.725+0000] {processor.py:766} INFO - DAG(s) dict_keys(['dataset_produces_2', 'dataset_consumes_1_never_scheduled', 'dataset_produces_1', 'dataset_consumes_unknown_never_scheduled', 'dataset_consumes_1_and_2', 'dataset_consumes_1']) retrieved from /home/airflow/.local/lib/python3.7/site-packages/airflow/example_dags/example_datasets.py
[2022-12-14T17:56:09.911+0000] {logging_mixin.py:137} INFO - [2022-12-14T17:56:09.911+0000] {dag.py:2585} INFO - Sync 6 DAGs
[2022-12-14T17:56:10.052+0000] {logging_mixin.py:137} INFO - [2022-12-14T17:56:10.052+0000] {dag.py:3340} INFO - Setting next_dagrun for dataset_consumes_1 to None, run_after=None
[2022-12-14T17:56:10.089+0000] {logging_mixin.py:137} INFO - [2022-12-14T17:56:10.089+0000] {dag.py:3340} INFO - Setting next_dagrun for dataset_consumes_1_and_2 to None, run_after=None
[2022-12-14T17:56:10.094+0000] {logging_mixin.py:137} INFO - [2022-12-14T17:56:10.094+0000] {dag.py:3340} INFO - Setting next_dagrun for dataset_consumes_1_never_scheduled to None, run_after=None
[2022-12-14T17:56:10.100+0000] {logging_mixin.py:137} INFO - [2022-12-14T17:56:10.100+0000] {dag.py:3340} INFO - Setting next_dagrun for dataset_consumes_unknown_never_scheduled to None, run_after=None
[2022-12-14T17:56:10.117+0000] {logging_mixin.py:137} INFO - [2022-12-14T17:56:10.117+0000] {dag.py:3340} INFO - Setting next_dagrun for dataset_produces_1 to 2022-12-13T00:00:00+00:00, run_after=2022-12-14T00:00:00+00:00
[2022-12-14T17:56:10.124+0000] {logging_mixin.py:137} INFO - [2022-12-14T17:56:10.124+0000] {dag.py:3340} INFO - Setting next_dagrun for dataset_produces_2 to None, run_after=None
[2022-12-14T17:56:10.300+0000] {processor.py:176} INFO - Processing /home/airflow/.local/lib/python3.7/site-packages/airflow/example_dags/example_datasets.py took 0.643 seconds
[2022-12-14T18:00:14.832+0000] {processor.py:154} INFO - Started process (PID=113) to work on /home/airflow/.local/lib/python3.7/site-packages/airflow/example_dags/example_datasets.py
[2022-12-14T18:00:14.834+0000] {processor.py:756} INFO - Processing file /home/airflow/.local/lib/python3.7/site-packages/airflow/example_dags/example_datasets.py for tasks to queue
[2022-12-14T18:00:14.836+0000] {logging_mixin.py:137} INFO - [2022-12-14T18:00:14.835+0000] {dagbag.py:537} INFO - Filling up the DagBag from /home/airflow/.local/lib/python3.7/site-packages/airflow/example_dags/example_datasets.py
[2022-12-14T18:00:14.907+0000] {processor.py:766} INFO - DAG(s) dict_keys(['dataset_consumes_1_never_scheduled', 'dataset_consumes_1', 'dataset_consumes_unknown_never_scheduled', 'dataset_consumes_1_and_2', 'dataset_produces_2', 'dataset_produces_1']) retrieved from /home/airflow/.local/lib/python3.7/site-packages/airflow/example_dags/example_datasets.py
[2022-12-14T18:00:15.413+0000] {logging_mixin.py:137} INFO - [2022-12-14T18:00:15.413+0000] {dag.py:2585} INFO - Sync 6 DAGs
[2022-12-14T18:00:15.593+0000] {logging_mixin.py:137} INFO - [2022-12-14T18:00:15.592+0000] {dag.py:3340} INFO - Setting next_dagrun for dataset_consumes_1 to None, run_after=None
[2022-12-14T18:00:15.599+0000] {logging_mixin.py:137} INFO - [2022-12-14T18:00:15.599+0000] {dag.py:3340} INFO - Setting next_dagrun for dataset_consumes_1_and_2 to None, run_after=None
[2022-12-14T18:00:15.601+0000] {logging_mixin.py:137} INFO - [2022-12-14T18:00:15.601+0000] {dag.py:3340} INFO - Setting next_dagrun for dataset_consumes_1_never_scheduled to None, run_after=None
[2022-12-14T18:00:15.603+0000] {logging_mixin.py:137} INFO - [2022-12-14T18:00:15.603+0000] {dag.py:3340} INFO - Setting next_dagrun for dataset_consumes_unknown_never_scheduled to None, run_after=None
[2022-12-14T18:00:15.608+0000] {logging_mixin.py:137} INFO - [2022-12-14T18:00:15.608+0000] {dag.py:3340} INFO - Setting next_dagrun for dataset_produces_1 to 2022-12-13T00:00:00+00:00, run_after=2022-12-14T00:00:00+00:00
[2022-12-14T18:00:15.611+0000] {logging_mixin.py:137} INFO - [2022-12-14T18:00:15.611+0000] {dag.py:3340} INFO - Setting next_dagrun for dataset_produces_2 to None, run_after=None
[2022-12-14T18:00:15.711+0000] {processor.py:176} INFO - Processing /home/airflow/.local/lib/python3.7/site-packages/airflow/example_dags/example_datasets.py took 0.892 seconds
[2022-12-14T18:00:46.037+0000] {processor.py:154} INFO - Started process (PID=168) to work on /home/airflow/.local/lib/python3.7/site-packages/airflow/example_dags/example_datasets.py
[2022-12-14T18:00:46.039+0000] {processor.py:756} INFO - Processing file /home/airflow/.local/lib/python3.7/site-packages/airflow/example_dags/example_datasets.py for tasks to queue
[2022-12-14T18:00:46.041+0000] {logging_mixin.py:137} INFO - [2022-12-14T18:00:46.040+0000] {dagbag.py:537} INFO - Filling up the DagBag from /home/airflow/.local/lib/python3.7/site-packages/airflow/example_dags/example_datasets.py
[2022-12-14T18:00:46.079+0000] {processor.py:766} INFO - DAG(s) dict_keys(['dataset_produces_2', 'dataset_consumes_unknown_never_scheduled', 'dataset_consumes_1_never_scheduled', 'dataset_consumes_1', 'dataset_consumes_1_and_2', 'dataset_produces_1']) retrieved from /home/airflow/.local/lib/python3.7/site-packages/airflow/example_dags/example_datasets.py
[2022-12-14T18:00:46.195+0000] {logging_mixin.py:137} INFO - [2022-12-14T18:00:46.195+0000] {dag.py:2585} INFO - Sync 6 DAGs
[2022-12-14T18:00:46.258+0000] {logging_mixin.py:137} INFO - [2022-12-14T18:00:46.257+0000] {dag.py:3340} INFO - Setting next_dagrun for dataset_consumes_1 to None, run_after=None
[2022-12-14T18:00:46.263+0000] {logging_mixin.py:137} INFO - [2022-12-14T18:00:46.263+0000] {dag.py:3340} INFO - Setting next_dagrun for dataset_consumes_1_and_2 to None, run_after=None
[2022-12-14T18:00:46.265+0000] {logging_mixin.py:137} INFO - [2022-12-14T18:00:46.265+0000] {dag.py:3340} INFO - Setting next_dagrun for dataset_consumes_1_never_scheduled to None, run_after=None
[2022-12-14T18:00:46.267+0000] {logging_mixin.py:137} INFO - [2022-12-14T18:00:46.267+0000] {dag.py:3340} INFO - Setting next_dagrun for dataset_consumes_unknown_never_scheduled to None, run_after=None
[2022-12-14T18:00:46.273+0000] {logging_mixin.py:137} INFO - [2022-12-14T18:00:46.272+0000] {dag.py:3340} INFO - Setting next_dagrun for dataset_produces_1 to 2022-12-13T00:00:00+00:00, run_after=2022-12-14T00:00:00+00:00
[2022-12-14T18:00:46.275+0000] {logging_mixin.py:137} INFO - [2022-12-14T18:00:46.275+0000] {dag.py:3340} INFO - Setting next_dagrun for dataset_produces_2 to None, run_after=None
[2022-12-14T18:00:46.320+0000] {processor.py:176} INFO - Processing /home/airflow/.local/lib/python3.7/site-packages/airflow/example_dags/example_datasets.py took 0.289 seconds
[2022-12-14T18:01:17.398+0000] {processor.py:154} INFO - Started process (PID=234) to work on /home/airflow/.local/lib/python3.7/site-packages/airflow/example_dags/example_datasets.py
[2022-12-14T18:01:17.407+0000] {processor.py:756} INFO - Processing file /home/airflow/.local/lib/python3.7/site-packages/airflow/example_dags/example_datasets.py for tasks to queue
[2022-12-14T18:01:17.407+0000] {logging_mixin.py:137} INFO - [2022-12-14T18:01:17.407+0000] {dagbag.py:537} INFO - Filling up the DagBag from /home/airflow/.local/lib/python3.7/site-packages/airflow/example_dags/example_datasets.py
[2022-12-14T18:01:17.437+0000] {processor.py:766} INFO - DAG(s) dict_keys(['dataset_consumes_1_never_scheduled', 'dataset_consumes_1_and_2', 'dataset_produces_2', 'dataset_produces_1', 'dataset_consumes_unknown_never_scheduled', 'dataset_consumes_1']) retrieved from /home/airflow/.local/lib/python3.7/site-packages/airflow/example_dags/example_datasets.py
[2022-12-14T18:01:17.552+0000] {logging_mixin.py:137} INFO - [2022-12-14T18:01:17.552+0000] {dag.py:2585} INFO - Sync 6 DAGs
[2022-12-14T18:01:17.609+0000] {logging_mixin.py:137} INFO - [2022-12-14T18:01:17.609+0000] {dag.py:3340} INFO - Setting next_dagrun for dataset_consumes_1 to None, run_after=None
[2022-12-14T18:01:17.617+0000] {logging_mixin.py:137} INFO - [2022-12-14T18:01:17.617+0000] {dag.py:3340} INFO - Setting next_dagrun for dataset_consumes_1_and_2 to None, run_after=None
[2022-12-14T18:01:17.619+0000] {logging_mixin.py:137} INFO - [2022-12-14T18:01:17.619+0000] {dag.py:3340} INFO - Setting next_dagrun for dataset_consumes_1_never_scheduled to None, run_after=None
[2022-12-14T18:01:17.620+0000] {logging_mixin.py:137} INFO - [2022-12-14T18:01:17.620+0000] {dag.py:3340} INFO - Setting next_dagrun for dataset_consumes_unknown_never_scheduled to None, run_after=None
[2022-12-14T18:01:17.630+0000] {logging_mixin.py:137} INFO - [2022-12-14T18:01:17.630+0000] {dag.py:3340} INFO - Setting next_dagrun for dataset_produces_1 to 2022-12-13T00:00:00+00:00, run_after=2022-12-14T00:00:00+00:00
[2022-12-14T18:01:17.632+0000] {logging_mixin.py:137} INFO - [2022-12-14T18:01:17.632+0000] {dag.py:3340} INFO - Setting next_dagrun for dataset_produces_2 to None, run_after=None
[2022-12-14T18:01:17.679+0000] {processor.py:176} INFO - Processing /home/airflow/.local/lib/python3.7/site-packages/airflow/example_dags/example_datasets.py took 0.287 seconds
[2022-12-14T18:01:48.904+0000] {processor.py:154} INFO - Started process (PID=288) to work on /home/airflow/.local/lib/python3.7/site-packages/airflow/example_dags/example_datasets.py
[2022-12-14T18:01:48.905+0000] {processor.py:756} INFO - Processing file /home/airflow/.local/lib/python3.7/site-packages/airflow/example_dags/example_datasets.py for tasks to queue
[2022-12-14T18:01:48.906+0000] {logging_mixin.py:137} INFO - [2022-12-14T18:01:48.906+0000] {dagbag.py:537} INFO - Filling up the DagBag from /home/airflow/.local/lib/python3.7/site-packages/airflow/example_dags/example_datasets.py
[2022-12-14T18:01:48.943+0000] {processor.py:766} INFO - DAG(s) dict_keys(['dataset_consumes_1_and_2', 'dataset_consumes_unknown_never_scheduled', 'dataset_produces_1', 'dataset_consumes_1_never_scheduled', 'dataset_produces_2', 'dataset_consumes_1']) retrieved from /home/airflow/.local/lib/python3.7/site-packages/airflow/example_dags/example_datasets.py
[2022-12-14T18:01:49.080+0000] {logging_mixin.py:137} INFO - [2022-12-14T18:01:49.080+0000] {dag.py:2585} INFO - Sync 6 DAGs
[2022-12-14T18:01:49.145+0000] {logging_mixin.py:137} INFO - [2022-12-14T18:01:49.145+0000] {dag.py:3340} INFO - Setting next_dagrun for dataset_consumes_1 to None, run_after=None
[2022-12-14T18:01:49.154+0000] {logging_mixin.py:137} INFO - [2022-12-14T18:01:49.153+0000] {dag.py:3340} INFO - Setting next_dagrun for dataset_consumes_1_and_2 to None, run_after=None
[2022-12-14T18:01:49.156+0000] {logging_mixin.py:137} INFO - [2022-12-14T18:01:49.156+0000] {dag.py:3340} INFO - Setting next_dagrun for dataset_consumes_1_never_scheduled to None, run_after=None
[2022-12-14T18:01:49.158+0000] {logging_mixin.py:137} INFO - [2022-12-14T18:01:49.158+0000] {dag.py:3340} INFO - Setting next_dagrun for dataset_consumes_unknown_never_scheduled to None, run_after=None
[2022-12-14T18:01:49.163+0000] {logging_mixin.py:137} INFO - [2022-12-14T18:01:49.162+0000] {dag.py:3340} INFO - Setting next_dagrun for dataset_produces_1 to 2022-12-13T00:00:00+00:00, run_after=2022-12-14T00:00:00+00:00
[2022-12-14T18:01:49.166+0000] {logging_mixin.py:137} INFO - [2022-12-14T18:01:49.165+0000] {dag.py:3340} INFO - Setting next_dagrun for dataset_produces_2 to None, run_after=None
[2022-12-14T18:01:49.221+0000] {processor.py:176} INFO - Processing /home/airflow/.local/lib/python3.7/site-packages/airflow/example_dags/example_datasets.py took 0.324 seconds
[2022-12-14T18:02:20.087+0000] {processor.py:154} INFO - Started process (PID=351) to work on /home/airflow/.local/lib/python3.7/site-packages/airflow/example_dags/example_datasets.py
[2022-12-14T18:02:20.095+0000] {processor.py:756} INFO - Processing file /home/airflow/.local/lib/python3.7/site-packages/airflow/example_dags/example_datasets.py for tasks to queue
[2022-12-14T18:02:20.096+0000] {logging_mixin.py:137} INFO - [2022-12-14T18:02:20.096+0000] {dagbag.py:537} INFO - Filling up the DagBag from /home/airflow/.local/lib/python3.7/site-packages/airflow/example_dags/example_datasets.py
[2022-12-14T18:02:20.126+0000] {processor.py:766} INFO - DAG(s) dict_keys(['dataset_consumes_unknown_never_scheduled', 'dataset_produces_2', 'dataset_consumes_1_never_scheduled', 'dataset_produces_1', 'dataset_consumes_1_and_2', 'dataset_consumes_1']) retrieved from /home/airflow/.local/lib/python3.7/site-packages/airflow/example_dags/example_datasets.py
[2022-12-14T18:02:20.283+0000] {logging_mixin.py:137} INFO - [2022-12-14T18:02:20.283+0000] {dag.py:2585} INFO - Sync 6 DAGs
[2022-12-14T18:02:20.360+0000] {logging_mixin.py:137} INFO - [2022-12-14T18:02:20.360+0000] {dag.py:3340} INFO - Setting next_dagrun for dataset_consumes_1 to None, run_after=None
[2022-12-14T18:02:20.366+0000] {logging_mixin.py:137} INFO - [2022-12-14T18:02:20.366+0000] {dag.py:3340} INFO - Setting next_dagrun for dataset_consumes_1_and_2 to None, run_after=None
[2022-12-14T18:02:20.370+0000] {logging_mixin.py:137} INFO - [2022-12-14T18:02:20.370+0000] {dag.py:3340} INFO - Setting next_dagrun for dataset_consumes_1_never_scheduled to None, run_after=None
[2022-12-14T18:02:20.373+0000] {logging_mixin.py:137} INFO - [2022-12-14T18:02:20.373+0000] {dag.py:3340} INFO - Setting next_dagrun for dataset_consumes_unknown_never_scheduled to None, run_after=None
[2022-12-14T18:02:20.379+0000] {logging_mixin.py:137} INFO - [2022-12-14T18:02:20.379+0000] {dag.py:3340} INFO - Setting next_dagrun for dataset_produces_1 to 2022-12-13T00:00:00+00:00, run_after=2022-12-14T00:00:00+00:00
[2022-12-14T18:02:20.381+0000] {logging_mixin.py:137} INFO - [2022-12-14T18:02:20.381+0000] {dag.py:3340} INFO - Setting next_dagrun for dataset_produces_2 to None, run_after=None
[2022-12-14T18:02:20.442+0000] {processor.py:176} INFO - Processing /home/airflow/.local/lib/python3.7/site-packages/airflow/example_dags/example_datasets.py took 0.360 seconds
[2022-12-14T18:02:51.280+0000] {processor.py:154} INFO - Started process (PID=405) to work on /home/airflow/.local/lib/python3.7/site-packages/airflow/example_dags/example_datasets.py
[2022-12-14T18:02:51.281+0000] {processor.py:756} INFO - Processing file /home/airflow/.local/lib/python3.7/site-packages/airflow/example_dags/example_datasets.py for tasks to queue
[2022-12-14T18:02:51.282+0000] {logging_mixin.py:137} INFO - [2022-12-14T18:02:51.282+0000] {dagbag.py:537} INFO - Filling up the DagBag from /home/airflow/.local/lib/python3.7/site-packages/airflow/example_dags/example_datasets.py
[2022-12-14T18:02:51.309+0000] {processor.py:766} INFO - DAG(s) dict_keys(['dataset_consumes_1_and_2', 'dataset_consumes_unknown_never_scheduled', 'dataset_consumes_1_never_scheduled', 'dataset_produces_2', 'dataset_produces_1', 'dataset_consumes_1']) retrieved from /home/airflow/.local/lib/python3.7/site-packages/airflow/example_dags/example_datasets.py
[2022-12-14T18:02:51.405+0000] {logging_mixin.py:137} INFO - [2022-12-14T18:02:51.405+0000] {dag.py:2585} INFO - Sync 6 DAGs
[2022-12-14T18:02:51.457+0000] {logging_mixin.py:137} INFO - [2022-12-14T18:02:51.457+0000] {dag.py:3340} INFO - Setting next_dagrun for dataset_consumes_1 to None, run_after=None
[2022-12-14T18:02:51.463+0000] {logging_mixin.py:137} INFO - [2022-12-14T18:02:51.463+0000] {dag.py:3340} INFO - Setting next_dagrun for dataset_consumes_1_and_2 to None, run_after=None
[2022-12-14T18:02:51.465+0000] {logging_mixin.py:137} INFO - [2022-12-14T18:02:51.464+0000] {dag.py:3340} INFO - Setting next_dagrun for dataset_consumes_1_never_scheduled to None, run_after=None
[2022-12-14T18:02:51.466+0000] {logging_mixin.py:137} INFO - [2022-12-14T18:02:51.466+0000] {dag.py:3340} INFO - Setting next_dagrun for dataset_consumes_unknown_never_scheduled to None, run_after=None
[2022-12-14T18:02:51.471+0000] {logging_mixin.py:137} INFO - [2022-12-14T18:02:51.471+0000] {dag.py:3340} INFO - Setting next_dagrun for dataset_produces_1 to 2022-12-13T00:00:00+00:00, run_after=2022-12-14T00:00:00+00:00
[2022-12-14T18:02:51.473+0000] {logging_mixin.py:137} INFO - [2022-12-14T18:02:51.473+0000] {dag.py:3340} INFO - Setting next_dagrun for dataset_produces_2 to None, run_after=None
[2022-12-14T18:02:51.511+0000] {processor.py:176} INFO - Processing /home/airflow/.local/lib/python3.7/site-packages/airflow/example_dags/example_datasets.py took 0.235 seconds
[2022-12-14T18:03:24.049+0000] {processor.py:154} INFO - Started process (PID=458) to work on /home/airflow/.local/lib/python3.7/site-packages/airflow/example_dags/example_datasets.py
[2022-12-14T18:03:24.051+0000] {processor.py:756} INFO - Processing file /home/airflow/.local/lib/python3.7/site-packages/airflow/example_dags/example_datasets.py for tasks to queue
[2022-12-14T18:03:24.052+0000] {logging_mixin.py:137} INFO - [2022-12-14T18:03:24.052+0000] {dagbag.py:537} INFO - Filling up the DagBag from /home/airflow/.local/lib/python3.7/site-packages/airflow/example_dags/example_datasets.py
[2022-12-14T18:03:24.121+0000] {processor.py:766} INFO - DAG(s) dict_keys(['dataset_consumes_1', 'dataset_produces_2', 'dataset_consumes_1_and_2', 'dataset_consumes_1_never_scheduled', 'dataset_consumes_unknown_never_scheduled', 'dataset_produces_1']) retrieved from /home/airflow/.local/lib/python3.7/site-packages/airflow/example_dags/example_datasets.py
[2022-12-14T18:03:24.443+0000] {logging_mixin.py:137} INFO - [2022-12-14T18:03:24.443+0000] {dag.py:2585} INFO - Sync 6 DAGs
[2022-12-14T18:03:24.762+0000] {logging_mixin.py:137} INFO - [2022-12-14T18:03:24.762+0000] {dag.py:3340} INFO - Setting next_dagrun for dataset_consumes_1 to None, run_after=None
[2022-12-14T18:03:24.788+0000] {logging_mixin.py:137} INFO - [2022-12-14T18:03:24.787+0000] {dag.py:3340} INFO - Setting next_dagrun for dataset_consumes_1_and_2 to None, run_after=None
[2022-12-14T18:03:24.795+0000] {logging_mixin.py:137} INFO - [2022-12-14T18:03:24.795+0000] {dag.py:3340} INFO - Setting next_dagrun for dataset_consumes_1_never_scheduled to None, run_after=None
[2022-12-14T18:03:24.803+0000] {logging_mixin.py:137} INFO - [2022-12-14T18:03:24.803+0000] {dag.py:3340} INFO - Setting next_dagrun for dataset_consumes_unknown_never_scheduled to None, run_after=None
[2022-12-14T18:03:24.823+0000] {logging_mixin.py:137} INFO - [2022-12-14T18:03:24.823+0000] {dag.py:3340} INFO - Setting next_dagrun for dataset_produces_1 to 2022-12-13T00:00:00+00:00, run_after=2022-12-14T00:00:00+00:00
[2022-12-14T18:03:24.831+0000] {logging_mixin.py:137} INFO - [2022-12-14T18:03:24.831+0000] {dag.py:3340} INFO - Setting next_dagrun for dataset_produces_2 to None, run_after=None
[2022-12-14T18:03:25.020+0000] {processor.py:176} INFO - Processing /home/airflow/.local/lib/python3.7/site-packages/airflow/example_dags/example_datasets.py took 0.989 seconds
[2022-12-14T18:03:55.662+0000] {processor.py:154} INFO - Started process (PID=521) to work on /home/airflow/.local/lib/python3.7/site-packages/airflow/example_dags/example_datasets.py
[2022-12-14T18:03:55.664+0000] {processor.py:756} INFO - Processing file /home/airflow/.local/lib/python3.7/site-packages/airflow/example_dags/example_datasets.py for tasks to queue
[2022-12-14T18:03:55.664+0000] {logging_mixin.py:137} INFO - [2022-12-14T18:03:55.664+0000] {dagbag.py:537} INFO - Filling up the DagBag from /home/airflow/.local/lib/python3.7/site-packages/airflow/example_dags/example_datasets.py
[2022-12-14T18:03:55.688+0000] {processor.py:766} INFO - DAG(s) dict_keys(['dataset_consumes_1_and_2', 'dataset_consumes_unknown_never_scheduled', 'dataset_consumes_1', 'dataset_produces_2', 'dataset_consumes_1_never_scheduled', 'dataset_produces_1']) retrieved from /home/airflow/.local/lib/python3.7/site-packages/airflow/example_dags/example_datasets.py
[2022-12-14T18:03:55.889+0000] {logging_mixin.py:137} INFO - [2022-12-14T18:03:55.889+0000] {dag.py:2585} INFO - Sync 6 DAGs
[2022-12-14T18:03:55.942+0000] {logging_mixin.py:137} INFO - [2022-12-14T18:03:55.942+0000] {dag.py:3340} INFO - Setting next_dagrun for dataset_consumes_1 to None, run_after=None
[2022-12-14T18:03:55.948+0000] {logging_mixin.py:137} INFO - [2022-12-14T18:03:55.948+0000] {dag.py:3340} INFO - Setting next_dagrun for dataset_consumes_1_and_2 to None, run_after=None
[2022-12-14T18:03:55.950+0000] {logging_mixin.py:137} INFO - [2022-12-14T18:03:55.950+0000] {dag.py:3340} INFO - Setting next_dagrun for dataset_consumes_1_never_scheduled to None, run_after=None
[2022-12-14T18:03:55.953+0000] {logging_mixin.py:137} INFO - [2022-12-14T18:03:55.952+0000] {dag.py:3340} INFO - Setting next_dagrun for dataset_consumes_unknown_never_scheduled to None, run_after=None
[2022-12-14T18:03:55.958+0000] {logging_mixin.py:137} INFO - [2022-12-14T18:03:55.958+0000] {dag.py:3340} INFO - Setting next_dagrun for dataset_produces_1 to 2022-12-13T00:00:00+00:00, run_after=2022-12-14T00:00:00+00:00
[2022-12-14T18:03:55.960+0000] {logging_mixin.py:137} INFO - [2022-12-14T18:03:55.960+0000] {dag.py:3340} INFO - Setting next_dagrun for dataset_produces_2 to None, run_after=None
[2022-12-14T18:03:56.008+0000] {processor.py:176} INFO - Processing /home/airflow/.local/lib/python3.7/site-packages/airflow/example_dags/example_datasets.py took 0.353 seconds
[2022-12-14T18:04:26.506+0000] {processor.py:154} INFO - Started process (PID=576) to work on /home/airflow/.local/lib/python3.7/site-packages/airflow/example_dags/example_datasets.py
[2022-12-14T18:04:26.507+0000] {processor.py:756} INFO - Processing file /home/airflow/.local/lib/python3.7/site-packages/airflow/example_dags/example_datasets.py for tasks to queue
[2022-12-14T18:04:26.508+0000] {logging_mixin.py:137} INFO - [2022-12-14T18:04:26.508+0000] {dagbag.py:537} INFO - Filling up the DagBag from /home/airflow/.local/lib/python3.7/site-packages/airflow/example_dags/example_datasets.py
[2022-12-14T18:04:26.532+0000] {processor.py:766} INFO - DAG(s) dict_keys(['dataset_consumes_1_and_2', 'dataset_produces_2', 'dataset_consumes_unknown_never_scheduled', 'dataset_produces_1', 'dataset_consumes_1', 'dataset_consumes_1_never_scheduled']) retrieved from /home/airflow/.local/lib/python3.7/site-packages/airflow/example_dags/example_datasets.py
[2022-12-14T18:04:26.699+0000] {logging_mixin.py:137} INFO - [2022-12-14T18:04:26.698+0000] {dag.py:2585} INFO - Sync 6 DAGs
[2022-12-14T18:04:26.760+0000] {logging_mixin.py:137} INFO - [2022-12-14T18:04:26.760+0000] {dag.py:3340} INFO - Setting next_dagrun for dataset_consumes_1 to None, run_after=None
[2022-12-14T18:04:26.767+0000] {logging_mixin.py:137} INFO - [2022-12-14T18:04:26.767+0000] {dag.py:3340} INFO - Setting next_dagrun for dataset_consumes_1_and_2 to None, run_after=None
[2022-12-14T18:04:26.769+0000] {logging_mixin.py:137} INFO - [2022-12-14T18:04:26.769+0000] {dag.py:3340} INFO - Setting next_dagrun for dataset_consumes_1_never_scheduled to None, run_after=None
[2022-12-14T18:04:26.771+0000] {logging_mixin.py:137} INFO - [2022-12-14T18:04:26.770+0000] {dag.py:3340} INFO - Setting next_dagrun for dataset_consumes_unknown_never_scheduled to None, run_after=None
[2022-12-14T18:04:26.776+0000] {logging_mixin.py:137} INFO - [2022-12-14T18:04:26.776+0000] {dag.py:3340} INFO - Setting next_dagrun for dataset_produces_1 to 2022-12-13T00:00:00+00:00, run_after=2022-12-14T00:00:00+00:00
[2022-12-14T18:04:26.778+0000] {logging_mixin.py:137} INFO - [2022-12-14T18:04:26.778+0000] {dag.py:3340} INFO - Setting next_dagrun for dataset_produces_2 to None, run_after=None
[2022-12-14T18:04:26.844+0000] {processor.py:176} INFO - Processing /home/airflow/.local/lib/python3.7/site-packages/airflow/example_dags/example_datasets.py took 0.341 seconds
[2022-12-14T18:04:57.368+0000] {processor.py:154} INFO - Started process (PID=638) to work on /home/airflow/.local/lib/python3.7/site-packages/airflow/example_dags/example_datasets.py
[2022-12-14T18:04:57.369+0000] {processor.py:756} INFO - Processing file /home/airflow/.local/lib/python3.7/site-packages/airflow/example_dags/example_datasets.py for tasks to queue
[2022-12-14T18:04:57.370+0000] {logging_mixin.py:137} INFO - [2022-12-14T18:04:57.370+0000] {dagbag.py:537} INFO - Filling up the DagBag from /home/airflow/.local/lib/python3.7/site-packages/airflow/example_dags/example_datasets.py
[2022-12-14T18:04:57.435+0000] {processor.py:766} INFO - DAG(s) dict_keys(['dataset_produces_1', 'dataset_consumes_1_and_2', 'dataset_consumes_1_never_scheduled', 'dataset_consumes_unknown_never_scheduled', 'dataset_produces_2', 'dataset_consumes_1']) retrieved from /home/airflow/.local/lib/python3.7/site-packages/airflow/example_dags/example_datasets.py
[2022-12-14T18:04:57.678+0000] {logging_mixin.py:137} INFO - [2022-12-14T18:04:57.678+0000] {dag.py:2585} INFO - Sync 6 DAGs
[2022-12-14T18:04:57.736+0000] {logging_mixin.py:137} INFO - [2022-12-14T18:04:57.736+0000] {dag.py:3340} INFO - Setting next_dagrun for dataset_consumes_1 to None, run_after=None
[2022-12-14T18:04:57.743+0000] {logging_mixin.py:137} INFO - [2022-12-14T18:04:57.743+0000] {dag.py:3340} INFO - Setting next_dagrun for dataset_consumes_1_and_2 to None, run_after=None
[2022-12-14T18:04:57.745+0000] {logging_mixin.py:137} INFO - [2022-12-14T18:04:57.745+0000] {dag.py:3340} INFO - Setting next_dagrun for dataset_consumes_1_never_scheduled to None, run_after=None
[2022-12-14T18:04:57.756+0000] {logging_mixin.py:137} INFO - [2022-12-14T18:04:57.756+0000] {dag.py:3340} INFO - Setting next_dagrun for dataset_consumes_unknown_never_scheduled to None, run_after=None
[2022-12-14T18:04:57.774+0000] {logging_mixin.py:137} INFO - [2022-12-14T18:04:57.774+0000] {dag.py:3340} INFO - Setting next_dagrun for dataset_produces_1 to 2022-12-13T00:00:00+00:00, run_after=2022-12-14T00:00:00+00:00
[2022-12-14T18:04:57.793+0000] {logging_mixin.py:137} INFO - [2022-12-14T18:04:57.793+0000] {dag.py:3340} INFO - Setting next_dagrun for dataset_produces_2 to None, run_after=None
[2022-12-14T18:04:57.901+0000] {processor.py:176} INFO - Processing /home/airflow/.local/lib/python3.7/site-packages/airflow/example_dags/example_datasets.py took 0.545 seconds
[2022-12-14T18:05:28.226+0000] {processor.py:154} INFO - Started process (PID=695) to work on /home/airflow/.local/lib/python3.7/site-packages/airflow/example_dags/example_datasets.py
[2022-12-14T18:05:28.227+0000] {processor.py:756} INFO - Processing file /home/airflow/.local/lib/python3.7/site-packages/airflow/example_dags/example_datasets.py for tasks to queue
[2022-12-14T18:05:28.228+0000] {logging_mixin.py:137} INFO - [2022-12-14T18:05:28.228+0000] {dagbag.py:537} INFO - Filling up the DagBag from /home/airflow/.local/lib/python3.7/site-packages/airflow/example_dags/example_datasets.py
[2022-12-14T18:05:28.275+0000] {processor.py:766} INFO - DAG(s) dict_keys(['dataset_consumes_1', 'dataset_consumes_unknown_never_scheduled', 'dataset_consumes_1_and_2', 'dataset_consumes_1_never_scheduled', 'dataset_produces_2', 'dataset_produces_1']) retrieved from /home/airflow/.local/lib/python3.7/site-packages/airflow/example_dags/example_datasets.py
[2022-12-14T18:05:28.382+0000] {logging_mixin.py:137} INFO - [2022-12-14T18:05:28.381+0000] {dag.py:2585} INFO - Sync 6 DAGs
[2022-12-14T18:05:28.443+0000] {logging_mixin.py:137} INFO - [2022-12-14T18:05:28.442+0000] {dag.py:3340} INFO - Setting next_dagrun for dataset_consumes_1 to None, run_after=None
[2022-12-14T18:05:28.454+0000] {logging_mixin.py:137} INFO - [2022-12-14T18:05:28.454+0000] {dag.py:3340} INFO - Setting next_dagrun for dataset_consumes_1_and_2 to None, run_after=None
[2022-12-14T18:05:28.457+0000] {logging_mixin.py:137} INFO - [2022-12-14T18:05:28.457+0000] {dag.py:3340} INFO - Setting next_dagrun for dataset_consumes_1_never_scheduled to None, run_after=None
[2022-12-14T18:05:28.459+0000] {logging_mixin.py:137} INFO - [2022-12-14T18:05:28.459+0000] {dag.py:3340} INFO - Setting next_dagrun for dataset_consumes_unknown_never_scheduled to None, run_after=None
[2022-12-14T18:05:28.464+0000] {logging_mixin.py:137} INFO - [2022-12-14T18:05:28.464+0000] {dag.py:3340} INFO - Setting next_dagrun for dataset_produces_1 to 2022-12-13T00:00:00+00:00, run_after=2022-12-14T00:00:00+00:00
[2022-12-14T18:05:28.466+0000] {logging_mixin.py:137} INFO - [2022-12-14T18:05:28.466+0000] {dag.py:3340} INFO - Setting next_dagrun for dataset_produces_2 to None, run_after=None
[2022-12-14T18:05:28.520+0000] {processor.py:176} INFO - Processing /home/airflow/.local/lib/python3.7/site-packages/airflow/example_dags/example_datasets.py took 0.301 seconds
[2022-12-14T18:05:59.322+0000] {processor.py:154} INFO - Started process (PID=750) to work on /home/airflow/.local/lib/python3.7/site-packages/airflow/example_dags/example_datasets.py
[2022-12-14T18:05:59.324+0000] {processor.py:756} INFO - Processing file /home/airflow/.local/lib/python3.7/site-packages/airflow/example_dags/example_datasets.py for tasks to queue
[2022-12-14T18:05:59.324+0000] {logging_mixin.py:137} INFO - [2022-12-14T18:05:59.324+0000] {dagbag.py:537} INFO - Filling up the DagBag from /home/airflow/.local/lib/python3.7/site-packages/airflow/example_dags/example_datasets.py
[2022-12-14T18:05:59.362+0000] {processor.py:766} INFO - DAG(s) dict_keys(['dataset_produces_2', 'dataset_produces_1', 'dataset_consumes_1_never_scheduled', 'dataset_consumes_1', 'dataset_consumes_1_and_2', 'dataset_consumes_unknown_never_scheduled']) retrieved from /home/airflow/.local/lib/python3.7/site-packages/airflow/example_dags/example_datasets.py
[2022-12-14T18:05:59.558+0000] {logging_mixin.py:137} INFO - [2022-12-14T18:05:59.558+0000] {dag.py:2585} INFO - Sync 6 DAGs
[2022-12-14T18:05:59.619+0000] {logging_mixin.py:137} INFO - [2022-12-14T18:05:59.619+0000] {dag.py:3340} INFO - Setting next_dagrun for dataset_consumes_1 to None, run_after=None
[2022-12-14T18:05:59.624+0000] {logging_mixin.py:137} INFO - [2022-12-14T18:05:59.624+0000] {dag.py:3340} INFO - Setting next_dagrun for dataset_consumes_1_and_2 to None, run_after=None
[2022-12-14T18:05:59.627+0000] {logging_mixin.py:137} INFO - [2022-12-14T18:05:59.626+0000] {dag.py:3340} INFO - Setting next_dagrun for dataset_consumes_1_never_scheduled to None, run_after=None
[2022-12-14T18:05:59.630+0000] {logging_mixin.py:137} INFO - [2022-12-14T18:05:59.629+0000] {dag.py:3340} INFO - Setting next_dagrun for dataset_consumes_unknown_never_scheduled to None, run_after=None
[2022-12-14T18:05:59.634+0000] {logging_mixin.py:137} INFO - [2022-12-14T18:05:59.634+0000] {dag.py:3340} INFO - Setting next_dagrun for dataset_produces_1 to 2022-12-13T00:00:00+00:00, run_after=2022-12-14T00:00:00+00:00
[2022-12-14T18:05:59.636+0000] {logging_mixin.py:137} INFO - [2022-12-14T18:05:59.636+0000] {dag.py:3340} INFO - Setting next_dagrun for dataset_produces_2 to None, run_after=None
[2022-12-14T18:05:59.691+0000] {processor.py:176} INFO - Processing /home/airflow/.local/lib/python3.7/site-packages/airflow/example_dags/example_datasets.py took 0.374 seconds
[2022-12-14T18:06:30.895+0000] {processor.py:154} INFO - Started process (PID=813) to work on /home/airflow/.local/lib/python3.7/site-packages/airflow/example_dags/example_datasets.py
[2022-12-14T18:06:30.896+0000] {processor.py:756} INFO - Processing file /home/airflow/.local/lib/python3.7/site-packages/airflow/example_dags/example_datasets.py for tasks to queue
[2022-12-14T18:06:30.902+0000] {logging_mixin.py:137} INFO - [2022-12-14T18:06:30.900+0000] {dagbag.py:537} INFO - Filling up the DagBag from /home/airflow/.local/lib/python3.7/site-packages/airflow/example_dags/example_datasets.py
[2022-12-14T18:06:30.943+0000] {processor.py:766} INFO - DAG(s) dict_keys(['dataset_consumes_unknown_never_scheduled', 'dataset_produces_2', 'dataset_consumes_1_never_scheduled', 'dataset_consumes_1', 'dataset_consumes_1_and_2', 'dataset_produces_1']) retrieved from /home/airflow/.local/lib/python3.7/site-packages/airflow/example_dags/example_datasets.py
[2022-12-14T18:06:31.085+0000] {logging_mixin.py:137} INFO - [2022-12-14T18:06:31.085+0000] {dag.py:2585} INFO - Sync 6 DAGs
[2022-12-14T18:06:31.152+0000] {logging_mixin.py:137} INFO - [2022-12-14T18:06:31.152+0000] {dag.py:3340} INFO - Setting next_dagrun for dataset_consumes_1 to None, run_after=None
[2022-12-14T18:06:31.169+0000] {logging_mixin.py:137} INFO - [2022-12-14T18:06:31.168+0000] {dag.py:3340} INFO - Setting next_dagrun for dataset_consumes_1_and_2 to None, run_after=None
[2022-12-14T18:06:31.171+0000] {logging_mixin.py:137} INFO - [2022-12-14T18:06:31.171+0000] {dag.py:3340} INFO - Setting next_dagrun for dataset_consumes_1_never_scheduled to None, run_after=None
[2022-12-14T18:06:31.173+0000] {logging_mixin.py:137} INFO - [2022-12-14T18:06:31.173+0000] {dag.py:3340} INFO - Setting next_dagrun for dataset_consumes_unknown_never_scheduled to None, run_after=None
[2022-12-14T18:06:31.181+0000] {logging_mixin.py:137} INFO - [2022-12-14T18:06:31.180+0000] {dag.py:3340} INFO - Setting next_dagrun for dataset_produces_1 to 2022-12-13T00:00:00+00:00, run_after=2022-12-14T00:00:00+00:00
[2022-12-14T18:06:31.184+0000] {logging_mixin.py:137} INFO - [2022-12-14T18:06:31.184+0000] {dag.py:3340} INFO - Setting next_dagrun for dataset_produces_2 to None, run_after=None
[2022-12-14T18:06:31.240+0000] {processor.py:176} INFO - Processing /home/airflow/.local/lib/python3.7/site-packages/airflow/example_dags/example_datasets.py took 0.351 seconds
