[2022-12-14T17:42:05.616+0000] {processor.py:154} INFO - Started process (PID=92) to work on /home/airflow/.local/lib/python3.7/site-packages/airflow/example_dags/example_branch_python_dop_operator_3.py
[2022-12-14T17:42:05.617+0000] {processor.py:756} INFO - Processing file /home/airflow/.local/lib/python3.7/site-packages/airflow/example_dags/example_branch_python_dop_operator_3.py for tasks to queue
[2022-12-14T17:42:05.635+0000] {logging_mixin.py:137} INFO - [2022-12-14T17:42:05.618+0000] {dagbag.py:537} INFO - Filling up the DagBag from /home/airflow/.local/lib/python3.7/site-packages/airflow/example_dags/example_branch_python_dop_operator_3.py
[2022-12-14T17:42:05.799+0000] {processor.py:766} INFO - DAG(s) dict_keys(['example_branch_dop_operator_v3']) retrieved from /home/airflow/.local/lib/python3.7/site-packages/airflow/example_dags/example_branch_python_dop_operator_3.py
[2022-12-14T17:42:05.923+0000] {logging_mixin.py:137} INFO - [2022-12-14T17:42:05.923+0000] {dag.py:2585} INFO - Sync 1 DAGs
[2022-12-14T17:42:06.062+0000] {logging_mixin.py:137} INFO - [2022-12-14T17:42:06.061+0000] {dag.py:3340} INFO - Setting next_dagrun for example_branch_dop_operator_v3 to 2022-12-14T17:41:00+00:00, run_after=2022-12-14T17:42:00+00:00
[2022-12-14T17:42:06.136+0000] {processor.py:176} INFO - Processing /home/airflow/.local/lib/python3.7/site-packages/airflow/example_dags/example_branch_python_dop_operator_3.py took 0.536 seconds
[2022-12-14T17:42:36.690+0000] {processor.py:154} INFO - Started process (PID=146) to work on /home/airflow/.local/lib/python3.7/site-packages/airflow/example_dags/example_branch_python_dop_operator_3.py
[2022-12-14T17:42:36.691+0000] {processor.py:756} INFO - Processing file /home/airflow/.local/lib/python3.7/site-packages/airflow/example_dags/example_branch_python_dop_operator_3.py for tasks to queue
[2022-12-14T17:42:36.692+0000] {logging_mixin.py:137} INFO - [2022-12-14T17:42:36.692+0000] {dagbag.py:537} INFO - Filling up the DagBag from /home/airflow/.local/lib/python3.7/site-packages/airflow/example_dags/example_branch_python_dop_operator_3.py
[2022-12-14T17:42:36.732+0000] {processor.py:766} INFO - DAG(s) dict_keys(['example_branch_dop_operator_v3']) retrieved from /home/airflow/.local/lib/python3.7/site-packages/airflow/example_dags/example_branch_python_dop_operator_3.py
[2022-12-14T17:42:36.796+0000] {logging_mixin.py:137} INFO - [2022-12-14T17:42:36.796+0000] {dag.py:2585} INFO - Sync 1 DAGs
[2022-12-14T17:42:36.867+0000] {logging_mixin.py:137} INFO - [2022-12-14T17:42:36.867+0000] {dag.py:3340} INFO - Setting next_dagrun for example_branch_dop_operator_v3 to 2022-12-14T17:41:00+00:00, run_after=2022-12-14T17:42:00+00:00
[2022-12-14T17:42:36.902+0000] {processor.py:176} INFO - Processing /home/airflow/.local/lib/python3.7/site-packages/airflow/example_dags/example_branch_python_dop_operator_3.py took 0.216 seconds
[2022-12-14T17:43:07.436+0000] {processor.py:154} INFO - Started process (PID=209) to work on /home/airflow/.local/lib/python3.7/site-packages/airflow/example_dags/example_branch_python_dop_operator_3.py
[2022-12-14T17:43:07.437+0000] {processor.py:756} INFO - Processing file /home/airflow/.local/lib/python3.7/site-packages/airflow/example_dags/example_branch_python_dop_operator_3.py for tasks to queue
[2022-12-14T17:43:07.437+0000] {logging_mixin.py:137} INFO - [2022-12-14T17:43:07.437+0000] {dagbag.py:537} INFO - Filling up the DagBag from /home/airflow/.local/lib/python3.7/site-packages/airflow/example_dags/example_branch_python_dop_operator_3.py
[2022-12-14T17:43:07.471+0000] {processor.py:766} INFO - DAG(s) dict_keys(['example_branch_dop_operator_v3']) retrieved from /home/airflow/.local/lib/python3.7/site-packages/airflow/example_dags/example_branch_python_dop_operator_3.py
[2022-12-14T17:43:07.528+0000] {logging_mixin.py:137} INFO - [2022-12-14T17:43:07.528+0000] {dag.py:2585} INFO - Sync 1 DAGs
[2022-12-14T17:43:07.591+0000] {logging_mixin.py:137} INFO - [2022-12-14T17:43:07.591+0000] {dag.py:3340} INFO - Setting next_dagrun for example_branch_dop_operator_v3 to 2022-12-14T17:42:00+00:00, run_after=2022-12-14T17:43:00+00:00
[2022-12-14T17:43:07.619+0000] {processor.py:176} INFO - Processing /home/airflow/.local/lib/python3.7/site-packages/airflow/example_dags/example_branch_python_dop_operator_3.py took 0.187 seconds
[2022-12-14T17:43:38.213+0000] {processor.py:154} INFO - Started process (PID=265) to work on /home/airflow/.local/lib/python3.7/site-packages/airflow/example_dags/example_branch_python_dop_operator_3.py
[2022-12-14T17:43:38.255+0000] {processor.py:756} INFO - Processing file /home/airflow/.local/lib/python3.7/site-packages/airflow/example_dags/example_branch_python_dop_operator_3.py for tasks to queue
[2022-12-14T17:43:38.257+0000] {logging_mixin.py:137} INFO - [2022-12-14T17:43:38.257+0000] {dagbag.py:537} INFO - Filling up the DagBag from /home/airflow/.local/lib/python3.7/site-packages/airflow/example_dags/example_branch_python_dop_operator_3.py
[2022-12-14T17:43:38.297+0000] {processor.py:766} INFO - DAG(s) dict_keys(['example_branch_dop_operator_v3']) retrieved from /home/airflow/.local/lib/python3.7/site-packages/airflow/example_dags/example_branch_python_dop_operator_3.py
[2022-12-14T17:43:38.366+0000] {logging_mixin.py:137} INFO - [2022-12-14T17:43:38.365+0000] {dag.py:2585} INFO - Sync 1 DAGs
[2022-12-14T17:43:38.431+0000] {logging_mixin.py:137} INFO - [2022-12-14T17:43:38.431+0000] {dag.py:3340} INFO - Setting next_dagrun for example_branch_dop_operator_v3 to 2022-12-14T17:42:00+00:00, run_after=2022-12-14T17:43:00+00:00
[2022-12-14T17:43:38.463+0000] {processor.py:176} INFO - Processing /home/airflow/.local/lib/python3.7/site-packages/airflow/example_dags/example_branch_python_dop_operator_3.py took 0.254 seconds
[2022-12-14T17:44:08.998+0000] {processor.py:154} INFO - Started process (PID=329) to work on /home/airflow/.local/lib/python3.7/site-packages/airflow/example_dags/example_branch_python_dop_operator_3.py
[2022-12-14T17:44:08.999+0000] {processor.py:756} INFO - Processing file /home/airflow/.local/lib/python3.7/site-packages/airflow/example_dags/example_branch_python_dop_operator_3.py for tasks to queue
[2022-12-14T17:44:09.000+0000] {logging_mixin.py:137} INFO - [2022-12-14T17:44:09.000+0000] {dagbag.py:537} INFO - Filling up the DagBag from /home/airflow/.local/lib/python3.7/site-packages/airflow/example_dags/example_branch_python_dop_operator_3.py
[2022-12-14T17:44:09.041+0000] {processor.py:766} INFO - DAG(s) dict_keys(['example_branch_dop_operator_v3']) retrieved from /home/airflow/.local/lib/python3.7/site-packages/airflow/example_dags/example_branch_python_dop_operator_3.py
[2022-12-14T17:44:09.115+0000] {logging_mixin.py:137} INFO - [2022-12-14T17:44:09.115+0000] {dag.py:2585} INFO - Sync 1 DAGs
[2022-12-14T17:44:09.175+0000] {logging_mixin.py:137} INFO - [2022-12-14T17:44:09.175+0000] {dag.py:3340} INFO - Setting next_dagrun for example_branch_dop_operator_v3 to 2022-12-14T17:43:00+00:00, run_after=2022-12-14T17:44:00+00:00
[2022-12-14T17:44:09.203+0000] {processor.py:176} INFO - Processing /home/airflow/.local/lib/python3.7/site-packages/airflow/example_dags/example_branch_python_dop_operator_3.py took 0.220 seconds
[2022-12-14T17:44:39.462+0000] {processor.py:154} INFO - Started process (PID=383) to work on /home/airflow/.local/lib/python3.7/site-packages/airflow/example_dags/example_branch_python_dop_operator_3.py
[2022-12-14T17:44:39.463+0000] {processor.py:756} INFO - Processing file /home/airflow/.local/lib/python3.7/site-packages/airflow/example_dags/example_branch_python_dop_operator_3.py for tasks to queue
[2022-12-14T17:44:39.464+0000] {logging_mixin.py:137} INFO - [2022-12-14T17:44:39.464+0000] {dagbag.py:537} INFO - Filling up the DagBag from /home/airflow/.local/lib/python3.7/site-packages/airflow/example_dags/example_branch_python_dop_operator_3.py
[2022-12-14T17:44:39.505+0000] {processor.py:766} INFO - DAG(s) dict_keys(['example_branch_dop_operator_v3']) retrieved from /home/airflow/.local/lib/python3.7/site-packages/airflow/example_dags/example_branch_python_dop_operator_3.py
[2022-12-14T17:44:39.576+0000] {logging_mixin.py:137} INFO - [2022-12-14T17:44:39.576+0000] {dag.py:2585} INFO - Sync 1 DAGs
[2022-12-14T17:44:39.640+0000] {logging_mixin.py:137} INFO - [2022-12-14T17:44:39.640+0000] {dag.py:3340} INFO - Setting next_dagrun for example_branch_dop_operator_v3 to 2022-12-14T17:43:00+00:00, run_after=2022-12-14T17:44:00+00:00
[2022-12-14T17:44:39.686+0000] {processor.py:176} INFO - Processing /home/airflow/.local/lib/python3.7/site-packages/airflow/example_dags/example_branch_python_dop_operator_3.py took 0.229 seconds
[2022-12-14T17:45:10.259+0000] {processor.py:154} INFO - Started process (PID=446) to work on /home/airflow/.local/lib/python3.7/site-packages/airflow/example_dags/example_branch_python_dop_operator_3.py
[2022-12-14T17:45:10.260+0000] {processor.py:756} INFO - Processing file /home/airflow/.local/lib/python3.7/site-packages/airflow/example_dags/example_branch_python_dop_operator_3.py for tasks to queue
[2022-12-14T17:45:10.261+0000] {logging_mixin.py:137} INFO - [2022-12-14T17:45:10.261+0000] {dagbag.py:537} INFO - Filling up the DagBag from /home/airflow/.local/lib/python3.7/site-packages/airflow/example_dags/example_branch_python_dop_operator_3.py
[2022-12-14T17:45:10.301+0000] {processor.py:766} INFO - DAG(s) dict_keys(['example_branch_dop_operator_v3']) retrieved from /home/airflow/.local/lib/python3.7/site-packages/airflow/example_dags/example_branch_python_dop_operator_3.py
[2022-12-14T17:45:10.358+0000] {logging_mixin.py:137} INFO - [2022-12-14T17:45:10.358+0000] {dag.py:2585} INFO - Sync 1 DAGs
[2022-12-14T17:45:10.413+0000] {logging_mixin.py:137} INFO - [2022-12-14T17:45:10.412+0000] {dag.py:3340} INFO - Setting next_dagrun for example_branch_dop_operator_v3 to 2022-12-14T17:44:00+00:00, run_after=2022-12-14T17:45:00+00:00
[2022-12-14T17:45:10.445+0000] {processor.py:176} INFO - Processing /home/airflow/.local/lib/python3.7/site-packages/airflow/example_dags/example_branch_python_dop_operator_3.py took 0.192 seconds
[2022-12-14T17:45:40.479+0000] {processor.py:154} INFO - Started process (PID=501) to work on /home/airflow/.local/lib/python3.7/site-packages/airflow/example_dags/example_branch_python_dop_operator_3.py
[2022-12-14T17:45:40.480+0000] {processor.py:756} INFO - Processing file /home/airflow/.local/lib/python3.7/site-packages/airflow/example_dags/example_branch_python_dop_operator_3.py for tasks to queue
[2022-12-14T17:45:40.482+0000] {logging_mixin.py:137} INFO - [2022-12-14T17:45:40.481+0000] {dagbag.py:537} INFO - Filling up the DagBag from /home/airflow/.local/lib/python3.7/site-packages/airflow/example_dags/example_branch_python_dop_operator_3.py
[2022-12-14T17:45:40.517+0000] {processor.py:766} INFO - DAG(s) dict_keys(['example_branch_dop_operator_v3']) retrieved from /home/airflow/.local/lib/python3.7/site-packages/airflow/example_dags/example_branch_python_dop_operator_3.py
[2022-12-14T17:45:40.572+0000] {logging_mixin.py:137} INFO - [2022-12-14T17:45:40.572+0000] {dag.py:2585} INFO - Sync 1 DAGs
[2022-12-14T17:45:40.640+0000] {logging_mixin.py:137} INFO - [2022-12-14T17:45:40.640+0000] {dag.py:3340} INFO - Setting next_dagrun for example_branch_dop_operator_v3 to 2022-12-14T17:44:00+00:00, run_after=2022-12-14T17:45:00+00:00
[2022-12-14T17:45:40.679+0000] {processor.py:176} INFO - Processing /home/airflow/.local/lib/python3.7/site-packages/airflow/example_dags/example_branch_python_dop_operator_3.py took 0.203 seconds
[2022-12-14T17:46:12.101+0000] {processor.py:154} INFO - Started process (PID=564) to work on /home/airflow/.local/lib/python3.7/site-packages/airflow/example_dags/example_branch_python_dop_operator_3.py
[2022-12-14T17:46:12.102+0000] {processor.py:756} INFO - Processing file /home/airflow/.local/lib/python3.7/site-packages/airflow/example_dags/example_branch_python_dop_operator_3.py for tasks to queue
[2022-12-14T17:46:12.103+0000] {logging_mixin.py:137} INFO - [2022-12-14T17:46:12.103+0000] {dagbag.py:537} INFO - Filling up the DagBag from /home/airflow/.local/lib/python3.7/site-packages/airflow/example_dags/example_branch_python_dop_operator_3.py
[2022-12-14T17:46:12.145+0000] {processor.py:766} INFO - DAG(s) dict_keys(['example_branch_dop_operator_v3']) retrieved from /home/airflow/.local/lib/python3.7/site-packages/airflow/example_dags/example_branch_python_dop_operator_3.py
[2022-12-14T17:46:12.253+0000] {logging_mixin.py:137} INFO - [2022-12-14T17:46:12.253+0000] {dag.py:2585} INFO - Sync 1 DAGs
[2022-12-14T17:46:12.323+0000] {logging_mixin.py:137} INFO - [2022-12-14T17:46:12.323+0000] {dag.py:3340} INFO - Setting next_dagrun for example_branch_dop_operator_v3 to 2022-12-14T17:45:00+00:00, run_after=2022-12-14T17:46:00+00:00
[2022-12-14T17:46:12.372+0000] {processor.py:176} INFO - Processing /home/airflow/.local/lib/python3.7/site-packages/airflow/example_dags/example_branch_python_dop_operator_3.py took 0.276 seconds
[2022-12-14T17:46:42.591+0000] {processor.py:154} INFO - Started process (PID=617) to work on /home/airflow/.local/lib/python3.7/site-packages/airflow/example_dags/example_branch_python_dop_operator_3.py
[2022-12-14T17:46:42.592+0000] {processor.py:756} INFO - Processing file /home/airflow/.local/lib/python3.7/site-packages/airflow/example_dags/example_branch_python_dop_operator_3.py for tasks to queue
[2022-12-14T17:46:42.593+0000] {logging_mixin.py:137} INFO - [2022-12-14T17:46:42.593+0000] {dagbag.py:537} INFO - Filling up the DagBag from /home/airflow/.local/lib/python3.7/site-packages/airflow/example_dags/example_branch_python_dop_operator_3.py
[2022-12-14T17:46:42.631+0000] {processor.py:766} INFO - DAG(s) dict_keys(['example_branch_dop_operator_v3']) retrieved from /home/airflow/.local/lib/python3.7/site-packages/airflow/example_dags/example_branch_python_dop_operator_3.py
[2022-12-14T17:46:42.692+0000] {logging_mixin.py:137} INFO - [2022-12-14T17:46:42.692+0000] {dag.py:2585} INFO - Sync 1 DAGs
[2022-12-14T17:46:42.750+0000] {logging_mixin.py:137} INFO - [2022-12-14T17:46:42.750+0000] {dag.py:3340} INFO - Setting next_dagrun for example_branch_dop_operator_v3 to 2022-12-14T17:45:00+00:00, run_after=2022-12-14T17:46:00+00:00
[2022-12-14T17:46:42.778+0000] {processor.py:176} INFO - Processing /home/airflow/.local/lib/python3.7/site-packages/airflow/example_dags/example_branch_python_dop_operator_3.py took 0.191 seconds
[2022-12-14T17:47:13.642+0000] {processor.py:154} INFO - Started process (PID=671) to work on /home/airflow/.local/lib/python3.7/site-packages/airflow/example_dags/example_branch_python_dop_operator_3.py
[2022-12-14T17:47:13.643+0000] {processor.py:756} INFO - Processing file /home/airflow/.local/lib/python3.7/site-packages/airflow/example_dags/example_branch_python_dop_operator_3.py for tasks to queue
[2022-12-14T17:47:13.644+0000] {logging_mixin.py:137} INFO - [2022-12-14T17:47:13.644+0000] {dagbag.py:537} INFO - Filling up the DagBag from /home/airflow/.local/lib/python3.7/site-packages/airflow/example_dags/example_branch_python_dop_operator_3.py
[2022-12-14T17:47:13.684+0000] {processor.py:766} INFO - DAG(s) dict_keys(['example_branch_dop_operator_v3']) retrieved from /home/airflow/.local/lib/python3.7/site-packages/airflow/example_dags/example_branch_python_dop_operator_3.py
[2022-12-14T17:47:13.749+0000] {logging_mixin.py:137} INFO - [2022-12-14T17:47:13.749+0000] {dag.py:2585} INFO - Sync 1 DAGs
[2022-12-14T17:47:13.809+0000] {logging_mixin.py:137} INFO - [2022-12-14T17:47:13.808+0000] {dag.py:3340} INFO - Setting next_dagrun for example_branch_dop_operator_v3 to 2022-12-14T17:46:00+00:00, run_after=2022-12-14T17:47:00+00:00
[2022-12-14T17:47:13.913+0000] {processor.py:176} INFO - Processing /home/airflow/.local/lib/python3.7/site-packages/airflow/example_dags/example_branch_python_dop_operator_3.py took 0.277 seconds
[2022-12-14T17:47:44.687+0000] {processor.py:154} INFO - Started process (PID=734) to work on /home/airflow/.local/lib/python3.7/site-packages/airflow/example_dags/example_branch_python_dop_operator_3.py
[2022-12-14T17:47:44.688+0000] {processor.py:756} INFO - Processing file /home/airflow/.local/lib/python3.7/site-packages/airflow/example_dags/example_branch_python_dop_operator_3.py for tasks to queue
[2022-12-14T17:47:44.689+0000] {logging_mixin.py:137} INFO - [2022-12-14T17:47:44.688+0000] {dagbag.py:537} INFO - Filling up the DagBag from /home/airflow/.local/lib/python3.7/site-packages/airflow/example_dags/example_branch_python_dop_operator_3.py
[2022-12-14T17:47:44.725+0000] {processor.py:766} INFO - DAG(s) dict_keys(['example_branch_dop_operator_v3']) retrieved from /home/airflow/.local/lib/python3.7/site-packages/airflow/example_dags/example_branch_python_dop_operator_3.py
[2022-12-14T17:47:44.794+0000] {logging_mixin.py:137} INFO - [2022-12-14T17:47:44.793+0000] {dag.py:2585} INFO - Sync 1 DAGs
[2022-12-14T17:47:44.856+0000] {logging_mixin.py:137} INFO - [2022-12-14T17:47:44.856+0000] {dag.py:3340} INFO - Setting next_dagrun for example_branch_dop_operator_v3 to 2022-12-14T17:46:00+00:00, run_after=2022-12-14T17:47:00+00:00
[2022-12-14T17:47:44.881+0000] {processor.py:176} INFO - Processing /home/airflow/.local/lib/python3.7/site-packages/airflow/example_dags/example_branch_python_dop_operator_3.py took 0.198 seconds
[2022-12-14T17:48:15.304+0000] {processor.py:154} INFO - Started process (PID=788) to work on /home/airflow/.local/lib/python3.7/site-packages/airflow/example_dags/example_branch_python_dop_operator_3.py
[2022-12-14T17:48:15.305+0000] {processor.py:756} INFO - Processing file /home/airflow/.local/lib/python3.7/site-packages/airflow/example_dags/example_branch_python_dop_operator_3.py for tasks to queue
[2022-12-14T17:48:15.306+0000] {logging_mixin.py:137} INFO - [2022-12-14T17:48:15.306+0000] {dagbag.py:537} INFO - Filling up the DagBag from /home/airflow/.local/lib/python3.7/site-packages/airflow/example_dags/example_branch_python_dop_operator_3.py
[2022-12-14T17:48:15.353+0000] {processor.py:766} INFO - DAG(s) dict_keys(['example_branch_dop_operator_v3']) retrieved from /home/airflow/.local/lib/python3.7/site-packages/airflow/example_dags/example_branch_python_dop_operator_3.py
[2022-12-14T17:48:15.436+0000] {logging_mixin.py:137} INFO - [2022-12-14T17:48:15.436+0000] {dag.py:2585} INFO - Sync 1 DAGs
[2022-12-14T17:48:15.507+0000] {logging_mixin.py:137} INFO - [2022-12-14T17:48:15.507+0000] {dag.py:3340} INFO - Setting next_dagrun for example_branch_dop_operator_v3 to 2022-12-14T17:47:00+00:00, run_after=2022-12-14T17:48:00+00:00
[2022-12-14T17:48:15.549+0000] {processor.py:176} INFO - Processing /home/airflow/.local/lib/python3.7/site-packages/airflow/example_dags/example_branch_python_dop_operator_3.py took 0.250 seconds
[2022-12-14T17:48:46.163+0000] {processor.py:154} INFO - Started process (PID=850) to work on /home/airflow/.local/lib/python3.7/site-packages/airflow/example_dags/example_branch_python_dop_operator_3.py
[2022-12-14T17:48:46.165+0000] {processor.py:756} INFO - Processing file /home/airflow/.local/lib/python3.7/site-packages/airflow/example_dags/example_branch_python_dop_operator_3.py for tasks to queue
[2022-12-14T17:48:46.166+0000] {logging_mixin.py:137} INFO - [2022-12-14T17:48:46.166+0000] {dagbag.py:537} INFO - Filling up the DagBag from /home/airflow/.local/lib/python3.7/site-packages/airflow/example_dags/example_branch_python_dop_operator_3.py
[2022-12-14T17:48:46.276+0000] {processor.py:766} INFO - DAG(s) dict_keys(['example_branch_dop_operator_v3']) retrieved from /home/airflow/.local/lib/python3.7/site-packages/airflow/example_dags/example_branch_python_dop_operator_3.py
[2022-12-14T17:48:46.387+0000] {logging_mixin.py:137} INFO - [2022-12-14T17:48:46.387+0000] {dag.py:2585} INFO - Sync 1 DAGs
[2022-12-14T17:48:46.512+0000] {logging_mixin.py:137} INFO - [2022-12-14T17:48:46.512+0000] {dag.py:3340} INFO - Setting next_dagrun for example_branch_dop_operator_v3 to 2022-12-14T17:47:00+00:00, run_after=2022-12-14T17:48:00+00:00
[2022-12-14T17:48:46.558+0000] {processor.py:176} INFO - Processing /home/airflow/.local/lib/python3.7/site-packages/airflow/example_dags/example_branch_python_dop_operator_3.py took 0.409 seconds
[2022-12-14T17:49:16.959+0000] {processor.py:154} INFO - Started process (PID=906) to work on /home/airflow/.local/lib/python3.7/site-packages/airflow/example_dags/example_branch_python_dop_operator_3.py
[2022-12-14T17:49:16.960+0000] {processor.py:756} INFO - Processing file /home/airflow/.local/lib/python3.7/site-packages/airflow/example_dags/example_branch_python_dop_operator_3.py for tasks to queue
[2022-12-14T17:49:16.961+0000] {logging_mixin.py:137} INFO - [2022-12-14T17:49:16.960+0000] {dagbag.py:537} INFO - Filling up the DagBag from /home/airflow/.local/lib/python3.7/site-packages/airflow/example_dags/example_branch_python_dop_operator_3.py
[2022-12-14T17:49:16.995+0000] {processor.py:766} INFO - DAG(s) dict_keys(['example_branch_dop_operator_v3']) retrieved from /home/airflow/.local/lib/python3.7/site-packages/airflow/example_dags/example_branch_python_dop_operator_3.py
[2022-12-14T17:49:17.056+0000] {logging_mixin.py:137} INFO - [2022-12-14T17:49:17.056+0000] {dag.py:2585} INFO - Sync 1 DAGs
[2022-12-14T17:49:17.116+0000] {logging_mixin.py:137} INFO - [2022-12-14T17:49:17.116+0000] {dag.py:3340} INFO - Setting next_dagrun for example_branch_dop_operator_v3 to 2022-12-14T17:48:00+00:00, run_after=2022-12-14T17:49:00+00:00
[2022-12-14T17:49:17.153+0000] {processor.py:176} INFO - Processing /home/airflow/.local/lib/python3.7/site-packages/airflow/example_dags/example_branch_python_dop_operator_3.py took 0.198 seconds
[2022-12-14T17:49:47.263+0000] {processor.py:154} INFO - Started process (PID=962) to work on /home/airflow/.local/lib/python3.7/site-packages/airflow/example_dags/example_branch_python_dop_operator_3.py
[2022-12-14T17:49:47.264+0000] {processor.py:756} INFO - Processing file /home/airflow/.local/lib/python3.7/site-packages/airflow/example_dags/example_branch_python_dop_operator_3.py for tasks to queue
[2022-12-14T17:49:47.265+0000] {logging_mixin.py:137} INFO - [2022-12-14T17:49:47.265+0000] {dagbag.py:537} INFO - Filling up the DagBag from /home/airflow/.local/lib/python3.7/site-packages/airflow/example_dags/example_branch_python_dop_operator_3.py
[2022-12-14T17:49:47.302+0000] {processor.py:766} INFO - DAG(s) dict_keys(['example_branch_dop_operator_v3']) retrieved from /home/airflow/.local/lib/python3.7/site-packages/airflow/example_dags/example_branch_python_dop_operator_3.py
[2022-12-14T17:49:47.359+0000] {logging_mixin.py:137} INFO - [2022-12-14T17:49:47.359+0000] {dag.py:2585} INFO - Sync 1 DAGs
[2022-12-14T17:49:47.424+0000] {logging_mixin.py:137} INFO - [2022-12-14T17:49:47.423+0000] {dag.py:3340} INFO - Setting next_dagrun for example_branch_dop_operator_v3 to 2022-12-14T17:48:00+00:00, run_after=2022-12-14T17:49:00+00:00
[2022-12-14T17:49:47.453+0000] {processor.py:176} INFO - Processing /home/airflow/.local/lib/python3.7/site-packages/airflow/example_dags/example_branch_python_dop_operator_3.py took 0.194 seconds
[2022-12-14T17:50:18.441+0000] {processor.py:154} INFO - Started process (PID=1025) to work on /home/airflow/.local/lib/python3.7/site-packages/airflow/example_dags/example_branch_python_dop_operator_3.py
[2022-12-14T17:50:18.442+0000] {processor.py:756} INFO - Processing file /home/airflow/.local/lib/python3.7/site-packages/airflow/example_dags/example_branch_python_dop_operator_3.py for tasks to queue
[2022-12-14T17:50:18.443+0000] {logging_mixin.py:137} INFO - [2022-12-14T17:50:18.443+0000] {dagbag.py:537} INFO - Filling up the DagBag from /home/airflow/.local/lib/python3.7/site-packages/airflow/example_dags/example_branch_python_dop_operator_3.py
[2022-12-14T17:50:18.539+0000] {processor.py:766} INFO - DAG(s) dict_keys(['example_branch_dop_operator_v3']) retrieved from /home/airflow/.local/lib/python3.7/site-packages/airflow/example_dags/example_branch_python_dop_operator_3.py
[2022-12-14T17:50:18.684+0000] {logging_mixin.py:137} INFO - [2022-12-14T17:50:18.684+0000] {dag.py:2585} INFO - Sync 1 DAGs
[2022-12-14T17:50:18.793+0000] {logging_mixin.py:137} INFO - [2022-12-14T17:50:18.793+0000] {dag.py:3340} INFO - Setting next_dagrun for example_branch_dop_operator_v3 to 2022-12-14T17:49:00+00:00, run_after=2022-12-14T17:50:00+00:00
[2022-12-14T17:50:18.897+0000] {processor.py:176} INFO - Processing /home/airflow/.local/lib/python3.7/site-packages/airflow/example_dags/example_branch_python_dop_operator_3.py took 0.462 seconds
[2022-12-14T17:50:49.649+0000] {processor.py:154} INFO - Started process (PID=1080) to work on /home/airflow/.local/lib/python3.7/site-packages/airflow/example_dags/example_branch_python_dop_operator_3.py
[2022-12-14T17:50:49.650+0000] {processor.py:756} INFO - Processing file /home/airflow/.local/lib/python3.7/site-packages/airflow/example_dags/example_branch_python_dop_operator_3.py for tasks to queue
[2022-12-14T17:50:49.651+0000] {logging_mixin.py:137} INFO - [2022-12-14T17:50:49.651+0000] {dagbag.py:537} INFO - Filling up the DagBag from /home/airflow/.local/lib/python3.7/site-packages/airflow/example_dags/example_branch_python_dop_operator_3.py
[2022-12-14T17:50:49.695+0000] {processor.py:766} INFO - DAG(s) dict_keys(['example_branch_dop_operator_v3']) retrieved from /home/airflow/.local/lib/python3.7/site-packages/airflow/example_dags/example_branch_python_dop_operator_3.py
[2022-12-14T17:50:49.773+0000] {logging_mixin.py:137} INFO - [2022-12-14T17:50:49.773+0000] {dag.py:2585} INFO - Sync 1 DAGs
[2022-12-14T17:50:49.851+0000] {logging_mixin.py:137} INFO - [2022-12-14T17:50:49.851+0000] {dag.py:3340} INFO - Setting next_dagrun for example_branch_dop_operator_v3 to 2022-12-14T17:49:00+00:00, run_after=2022-12-14T17:50:00+00:00
[2022-12-14T17:50:49.900+0000] {processor.py:176} INFO - Processing /home/airflow/.local/lib/python3.7/site-packages/airflow/example_dags/example_branch_python_dop_operator_3.py took 0.256 seconds
[2022-12-14T17:51:20.204+0000] {processor.py:154} INFO - Started process (PID=1136) to work on /home/airflow/.local/lib/python3.7/site-packages/airflow/example_dags/example_branch_python_dop_operator_3.py
[2022-12-14T17:51:20.205+0000] {processor.py:756} INFO - Processing file /home/airflow/.local/lib/python3.7/site-packages/airflow/example_dags/example_branch_python_dop_operator_3.py for tasks to queue
[2022-12-14T17:51:20.207+0000] {logging_mixin.py:137} INFO - [2022-12-14T17:51:20.206+0000] {dagbag.py:537} INFO - Filling up the DagBag from /home/airflow/.local/lib/python3.7/site-packages/airflow/example_dags/example_branch_python_dop_operator_3.py
[2022-12-14T17:51:20.259+0000] {processor.py:766} INFO - DAG(s) dict_keys(['example_branch_dop_operator_v3']) retrieved from /home/airflow/.local/lib/python3.7/site-packages/airflow/example_dags/example_branch_python_dop_operator_3.py
[2022-12-14T17:51:20.333+0000] {logging_mixin.py:137} INFO - [2022-12-14T17:51:20.333+0000] {dag.py:2585} INFO - Sync 1 DAGs
[2022-12-14T17:51:20.401+0000] {logging_mixin.py:137} INFO - [2022-12-14T17:51:20.401+0000] {dag.py:3340} INFO - Setting next_dagrun for example_branch_dop_operator_v3 to 2022-12-14T17:50:00+00:00, run_after=2022-12-14T17:51:00+00:00
[2022-12-14T17:51:20.432+0000] {processor.py:176} INFO - Processing /home/airflow/.local/lib/python3.7/site-packages/airflow/example_dags/example_branch_python_dop_operator_3.py took 0.235 seconds
[2022-12-14T17:51:50.990+0000] {processor.py:154} INFO - Started process (PID=1190) to work on /home/airflow/.local/lib/python3.7/site-packages/airflow/example_dags/example_branch_python_dop_operator_3.py
[2022-12-14T17:51:50.991+0000] {processor.py:756} INFO - Processing file /home/airflow/.local/lib/python3.7/site-packages/airflow/example_dags/example_branch_python_dop_operator_3.py for tasks to queue
[2022-12-14T17:51:50.992+0000] {logging_mixin.py:137} INFO - [2022-12-14T17:51:50.992+0000] {dagbag.py:537} INFO - Filling up the DagBag from /home/airflow/.local/lib/python3.7/site-packages/airflow/example_dags/example_branch_python_dop_operator_3.py
[2022-12-14T17:51:51.056+0000] {processor.py:766} INFO - DAG(s) dict_keys(['example_branch_dop_operator_v3']) retrieved from /home/airflow/.local/lib/python3.7/site-packages/airflow/example_dags/example_branch_python_dop_operator_3.py
[2022-12-14T17:51:51.144+0000] {logging_mixin.py:137} INFO - [2022-12-14T17:51:51.144+0000] {dag.py:2585} INFO - Sync 1 DAGs
[2022-12-14T17:51:51.228+0000] {logging_mixin.py:137} INFO - [2022-12-14T17:51:51.228+0000] {dag.py:3340} INFO - Setting next_dagrun for example_branch_dop_operator_v3 to 2022-12-14T17:50:00+00:00, run_after=2022-12-14T17:51:00+00:00
[2022-12-14T17:51:51.264+0000] {processor.py:176} INFO - Processing /home/airflow/.local/lib/python3.7/site-packages/airflow/example_dags/example_branch_python_dop_operator_3.py took 0.280 seconds
[2022-12-14T17:52:21.418+0000] {processor.py:154} INFO - Started process (PID=1245) to work on /home/airflow/.local/lib/python3.7/site-packages/airflow/example_dags/example_branch_python_dop_operator_3.py
[2022-12-14T17:52:21.419+0000] {processor.py:756} INFO - Processing file /home/airflow/.local/lib/python3.7/site-packages/airflow/example_dags/example_branch_python_dop_operator_3.py for tasks to queue
[2022-12-14T17:52:21.419+0000] {logging_mixin.py:137} INFO - [2022-12-14T17:52:21.419+0000] {dagbag.py:537} INFO - Filling up the DagBag from /home/airflow/.local/lib/python3.7/site-packages/airflow/example_dags/example_branch_python_dop_operator_3.py
[2022-12-14T17:52:21.465+0000] {processor.py:766} INFO - DAG(s) dict_keys(['example_branch_dop_operator_v3']) retrieved from /home/airflow/.local/lib/python3.7/site-packages/airflow/example_dags/example_branch_python_dop_operator_3.py
[2022-12-14T17:52:21.571+0000] {logging_mixin.py:137} INFO - [2022-12-14T17:52:21.571+0000] {dag.py:2585} INFO - Sync 1 DAGs
[2022-12-14T17:52:21.687+0000] {logging_mixin.py:137} INFO - [2022-12-14T17:52:21.687+0000] {dag.py:3340} INFO - Setting next_dagrun for example_branch_dop_operator_v3 to 2022-12-14T17:51:00+00:00, run_after=2022-12-14T17:52:00+00:00
[2022-12-14T17:52:21.888+0000] {processor.py:176} INFO - Processing /home/airflow/.local/lib/python3.7/site-packages/airflow/example_dags/example_branch_python_dop_operator_3.py took 0.476 seconds
[2022-12-14T17:52:52.657+0000] {processor.py:154} INFO - Started process (PID=1299) to work on /home/airflow/.local/lib/python3.7/site-packages/airflow/example_dags/example_branch_python_dop_operator_3.py
[2022-12-14T17:52:52.677+0000] {processor.py:756} INFO - Processing file /home/airflow/.local/lib/python3.7/site-packages/airflow/example_dags/example_branch_python_dop_operator_3.py for tasks to queue
[2022-12-14T17:52:52.679+0000] {logging_mixin.py:137} INFO - [2022-12-14T17:52:52.679+0000] {dagbag.py:537} INFO - Filling up the DagBag from /home/airflow/.local/lib/python3.7/site-packages/airflow/example_dags/example_branch_python_dop_operator_3.py
[2022-12-14T17:52:52.742+0000] {processor.py:766} INFO - DAG(s) dict_keys(['example_branch_dop_operator_v3']) retrieved from /home/airflow/.local/lib/python3.7/site-packages/airflow/example_dags/example_branch_python_dop_operator_3.py
[2022-12-14T17:52:52.837+0000] {logging_mixin.py:137} INFO - [2022-12-14T17:52:52.836+0000] {dag.py:2585} INFO - Sync 1 DAGs
[2022-12-14T17:52:52.924+0000] {logging_mixin.py:137} INFO - [2022-12-14T17:52:52.924+0000] {dag.py:3340} INFO - Setting next_dagrun for example_branch_dop_operator_v3 to 2022-12-14T17:51:00+00:00, run_after=2022-12-14T17:52:00+00:00
[2022-12-14T17:52:52.993+0000] {processor.py:176} INFO - Processing /home/airflow/.local/lib/python3.7/site-packages/airflow/example_dags/example_branch_python_dop_operator_3.py took 0.344 seconds
[2022-12-14T17:53:23.904+0000] {processor.py:154} INFO - Started process (PID=1353) to work on /home/airflow/.local/lib/python3.7/site-packages/airflow/example_dags/example_branch_python_dop_operator_3.py
[2022-12-14T17:53:23.905+0000] {processor.py:756} INFO - Processing file /home/airflow/.local/lib/python3.7/site-packages/airflow/example_dags/example_branch_python_dop_operator_3.py for tasks to queue
[2022-12-14T17:53:23.906+0000] {logging_mixin.py:137} INFO - [2022-12-14T17:53:23.906+0000] {dagbag.py:537} INFO - Filling up the DagBag from /home/airflow/.local/lib/python3.7/site-packages/airflow/example_dags/example_branch_python_dop_operator_3.py
[2022-12-14T17:53:24.004+0000] {processor.py:766} INFO - DAG(s) dict_keys(['example_branch_dop_operator_v3']) retrieved from /home/airflow/.local/lib/python3.7/site-packages/airflow/example_dags/example_branch_python_dop_operator_3.py
[2022-12-14T17:53:24.363+0000] {logging_mixin.py:137} INFO - [2022-12-14T17:53:24.363+0000] {dag.py:2585} INFO - Sync 1 DAGs
[2022-12-14T17:53:24.524+0000] {logging_mixin.py:137} INFO - [2022-12-14T17:53:24.524+0000] {dag.py:3340} INFO - Setting next_dagrun for example_branch_dop_operator_v3 to 2022-12-14T17:52:00+00:00, run_after=2022-12-14T17:53:00+00:00
[2022-12-14T17:53:24.676+0000] {processor.py:176} INFO - Processing /home/airflow/.local/lib/python3.7/site-packages/airflow/example_dags/example_branch_python_dop_operator_3.py took 0.789 seconds
[2022-12-14T17:53:55.202+0000] {processor.py:154} INFO - Started process (PID=1416) to work on /home/airflow/.local/lib/python3.7/site-packages/airflow/example_dags/example_branch_python_dop_operator_3.py
[2022-12-14T17:53:55.203+0000] {processor.py:756} INFO - Processing file /home/airflow/.local/lib/python3.7/site-packages/airflow/example_dags/example_branch_python_dop_operator_3.py for tasks to queue
[2022-12-14T17:53:55.204+0000] {logging_mixin.py:137} INFO - [2022-12-14T17:53:55.204+0000] {dagbag.py:537} INFO - Filling up the DagBag from /home/airflow/.local/lib/python3.7/site-packages/airflow/example_dags/example_branch_python_dop_operator_3.py
[2022-12-14T17:53:55.252+0000] {processor.py:766} INFO - DAG(s) dict_keys(['example_branch_dop_operator_v3']) retrieved from /home/airflow/.local/lib/python3.7/site-packages/airflow/example_dags/example_branch_python_dop_operator_3.py
[2022-12-14T17:53:55.338+0000] {logging_mixin.py:137} INFO - [2022-12-14T17:53:55.337+0000] {dag.py:2585} INFO - Sync 1 DAGs
[2022-12-14T17:53:55.489+0000] {logging_mixin.py:137} INFO - [2022-12-14T17:53:55.489+0000] {dag.py:3340} INFO - Setting next_dagrun for example_branch_dop_operator_v3 to 2022-12-14T17:52:00+00:00, run_after=2022-12-14T17:53:00+00:00
[2022-12-14T17:53:55.607+0000] {processor.py:176} INFO - Processing /home/airflow/.local/lib/python3.7/site-packages/airflow/example_dags/example_branch_python_dop_operator_3.py took 0.411 seconds
[2022-12-14T17:54:25.813+0000] {processor.py:154} INFO - Started process (PID=1469) to work on /home/airflow/.local/lib/python3.7/site-packages/airflow/example_dags/example_branch_python_dop_operator_3.py
[2022-12-14T17:54:25.814+0000] {processor.py:756} INFO - Processing file /home/airflow/.local/lib/python3.7/site-packages/airflow/example_dags/example_branch_python_dop_operator_3.py for tasks to queue
[2022-12-14T17:54:25.815+0000] {logging_mixin.py:137} INFO - [2022-12-14T17:54:25.815+0000] {dagbag.py:537} INFO - Filling up the DagBag from /home/airflow/.local/lib/python3.7/site-packages/airflow/example_dags/example_branch_python_dop_operator_3.py
[2022-12-14T17:54:25.860+0000] {processor.py:766} INFO - DAG(s) dict_keys(['example_branch_dop_operator_v3']) retrieved from /home/airflow/.local/lib/python3.7/site-packages/airflow/example_dags/example_branch_python_dop_operator_3.py
[2022-12-14T17:54:25.929+0000] {logging_mixin.py:137} INFO - [2022-12-14T17:54:25.929+0000] {dag.py:2585} INFO - Sync 1 DAGs
[2022-12-14T17:54:25.987+0000] {logging_mixin.py:137} INFO - [2022-12-14T17:54:25.987+0000] {dag.py:3340} INFO - Setting next_dagrun for example_branch_dop_operator_v3 to 2022-12-14T17:53:00+00:00, run_after=2022-12-14T17:54:00+00:00
[2022-12-14T17:54:26.017+0000] {processor.py:176} INFO - Processing /home/airflow/.local/lib/python3.7/site-packages/airflow/example_dags/example_branch_python_dop_operator_3.py took 0.210 seconds
[2022-12-14T17:54:56.624+0000] {processor.py:154} INFO - Started process (PID=1523) to work on /home/airflow/.local/lib/python3.7/site-packages/airflow/example_dags/example_branch_python_dop_operator_3.py
[2022-12-14T17:54:56.625+0000] {processor.py:756} INFO - Processing file /home/airflow/.local/lib/python3.7/site-packages/airflow/example_dags/example_branch_python_dop_operator_3.py for tasks to queue
[2022-12-14T17:54:56.625+0000] {logging_mixin.py:137} INFO - [2022-12-14T17:54:56.625+0000] {dagbag.py:537} INFO - Filling up the DagBag from /home/airflow/.local/lib/python3.7/site-packages/airflow/example_dags/example_branch_python_dop_operator_3.py
[2022-12-14T17:54:56.670+0000] {processor.py:766} INFO - DAG(s) dict_keys(['example_branch_dop_operator_v3']) retrieved from /home/airflow/.local/lib/python3.7/site-packages/airflow/example_dags/example_branch_python_dop_operator_3.py
[2022-12-14T17:54:56.779+0000] {logging_mixin.py:137} INFO - [2022-12-14T17:54:56.779+0000] {dag.py:2585} INFO - Sync 1 DAGs
[2022-12-14T17:54:56.873+0000] {logging_mixin.py:137} INFO - [2022-12-14T17:54:56.873+0000] {dag.py:3340} INFO - Setting next_dagrun for example_branch_dop_operator_v3 to 2022-12-14T17:53:00+00:00, run_after=2022-12-14T17:54:00+00:00
[2022-12-14T17:54:56.909+0000] {processor.py:176} INFO - Processing /home/airflow/.local/lib/python3.7/site-packages/airflow/example_dags/example_branch_python_dop_operator_3.py took 0.290 seconds
[2022-12-14T17:55:27.131+0000] {processor.py:154} INFO - Started process (PID=1576) to work on /home/airflow/.local/lib/python3.7/site-packages/airflow/example_dags/example_branch_python_dop_operator_3.py
[2022-12-14T17:55:27.132+0000] {processor.py:756} INFO - Processing file /home/airflow/.local/lib/python3.7/site-packages/airflow/example_dags/example_branch_python_dop_operator_3.py for tasks to queue
[2022-12-14T17:55:27.133+0000] {logging_mixin.py:137} INFO - [2022-12-14T17:55:27.132+0000] {dagbag.py:537} INFO - Filling up the DagBag from /home/airflow/.local/lib/python3.7/site-packages/airflow/example_dags/example_branch_python_dop_operator_3.py
[2022-12-14T17:55:27.170+0000] {processor.py:766} INFO - DAG(s) dict_keys(['example_branch_dop_operator_v3']) retrieved from /home/airflow/.local/lib/python3.7/site-packages/airflow/example_dags/example_branch_python_dop_operator_3.py
[2022-12-14T17:55:27.237+0000] {logging_mixin.py:137} INFO - [2022-12-14T17:55:27.236+0000] {dag.py:2585} INFO - Sync 1 DAGs
[2022-12-14T17:55:27.381+0000] {logging_mixin.py:137} INFO - [2022-12-14T17:55:27.380+0000] {dag.py:3340} INFO - Setting next_dagrun for example_branch_dop_operator_v3 to 2022-12-14T17:54:00+00:00, run_after=2022-12-14T17:55:00+00:00
[2022-12-14T17:55:27.536+0000] {processor.py:176} INFO - Processing /home/airflow/.local/lib/python3.7/site-packages/airflow/example_dags/example_branch_python_dop_operator_3.py took 0.409 seconds
[2022-12-14T17:55:57.659+0000] {processor.py:154} INFO - Started process (PID=1638) to work on /home/airflow/.local/lib/python3.7/site-packages/airflow/example_dags/example_branch_python_dop_operator_3.py
[2022-12-14T17:55:57.679+0000] {processor.py:756} INFO - Processing file /home/airflow/.local/lib/python3.7/site-packages/airflow/example_dags/example_branch_python_dop_operator_3.py for tasks to queue
[2022-12-14T17:55:57.680+0000] {logging_mixin.py:137} INFO - [2022-12-14T17:55:57.680+0000] {dagbag.py:537} INFO - Filling up the DagBag from /home/airflow/.local/lib/python3.7/site-packages/airflow/example_dags/example_branch_python_dop_operator_3.py
[2022-12-14T17:55:57.756+0000] {processor.py:766} INFO - DAG(s) dict_keys(['example_branch_dop_operator_v3']) retrieved from /home/airflow/.local/lib/python3.7/site-packages/airflow/example_dags/example_branch_python_dop_operator_3.py
[2022-12-14T17:55:57.914+0000] {logging_mixin.py:137} INFO - [2022-12-14T17:55:57.914+0000] {dag.py:2585} INFO - Sync 1 DAGs
[2022-12-14T17:55:58.206+0000] {logging_mixin.py:137} INFO - [2022-12-14T17:55:58.198+0000] {dag.py:3340} INFO - Setting next_dagrun for example_branch_dop_operator_v3 to 2022-12-14T17:54:00+00:00, run_after=2022-12-14T17:55:00+00:00
[2022-12-14T17:55:58.319+0000] {processor.py:176} INFO - Processing /home/airflow/.local/lib/python3.7/site-packages/airflow/example_dags/example_branch_python_dop_operator_3.py took 0.665 seconds
[2022-12-14T17:56:28.404+0000] {processor.py:154} INFO - Started process (PID=1690) to work on /home/airflow/.local/lib/python3.7/site-packages/airflow/example_dags/example_branch_python_dop_operator_3.py
[2022-12-14T17:56:28.406+0000] {processor.py:756} INFO - Processing file /home/airflow/.local/lib/python3.7/site-packages/airflow/example_dags/example_branch_python_dop_operator_3.py for tasks to queue
[2022-12-14T17:56:28.407+0000] {logging_mixin.py:137} INFO - [2022-12-14T17:56:28.407+0000] {dagbag.py:537} INFO - Filling up the DagBag from /home/airflow/.local/lib/python3.7/site-packages/airflow/example_dags/example_branch_python_dop_operator_3.py
[2022-12-14T17:56:28.478+0000] {processor.py:766} INFO - DAG(s) dict_keys(['example_branch_dop_operator_v3']) retrieved from /home/airflow/.local/lib/python3.7/site-packages/airflow/example_dags/example_branch_python_dop_operator_3.py
[2022-12-14T17:56:28.567+0000] {logging_mixin.py:137} INFO - [2022-12-14T17:56:28.567+0000] {dag.py:2585} INFO - Sync 1 DAGs
[2022-12-14T17:56:28.630+0000] {logging_mixin.py:137} INFO - [2022-12-14T17:56:28.630+0000] {dag.py:3340} INFO - Setting next_dagrun for example_branch_dop_operator_v3 to 2022-12-14T17:55:00+00:00, run_after=2022-12-14T17:56:00+00:00
[2022-12-14T17:56:28.665+0000] {processor.py:176} INFO - Processing /home/airflow/.local/lib/python3.7/site-packages/airflow/example_dags/example_branch_python_dop_operator_3.py took 0.268 seconds
[2022-12-14T18:00:09.685+0000] {processor.py:154} INFO - Started process (PID=100) to work on /home/airflow/.local/lib/python3.7/site-packages/airflow/example_dags/example_branch_python_dop_operator_3.py
[2022-12-14T18:00:09.695+0000] {processor.py:756} INFO - Processing file /home/airflow/.local/lib/python3.7/site-packages/airflow/example_dags/example_branch_python_dop_operator_3.py for tasks to queue
[2022-12-14T18:00:09.696+0000] {logging_mixin.py:137} INFO - [2022-12-14T18:00:09.696+0000] {dagbag.py:537} INFO - Filling up the DagBag from /home/airflow/.local/lib/python3.7/site-packages/airflow/example_dags/example_branch_python_dop_operator_3.py
[2022-12-14T18:00:09.781+0000] {processor.py:766} INFO - DAG(s) dict_keys(['example_branch_dop_operator_v3']) retrieved from /home/airflow/.local/lib/python3.7/site-packages/airflow/example_dags/example_branch_python_dop_operator_3.py
[2022-12-14T18:00:09.860+0000] {logging_mixin.py:137} INFO - [2022-12-14T18:00:09.859+0000] {dag.py:2585} INFO - Sync 1 DAGs
[2022-12-14T18:00:09.990+0000] {logging_mixin.py:137} INFO - [2022-12-14T18:00:09.990+0000] {dag.py:3340} INFO - Setting next_dagrun for example_branch_dop_operator_v3 to 2022-12-14T17:59:00+00:00, run_after=2022-12-14T18:00:00+00:00
[2022-12-14T18:00:10.065+0000] {processor.py:176} INFO - Processing /home/airflow/.local/lib/python3.7/site-packages/airflow/example_dags/example_branch_python_dop_operator_3.py took 0.387 seconds
[2022-12-14T18:00:40.552+0000] {processor.py:154} INFO - Started process (PID=154) to work on /home/airflow/.local/lib/python3.7/site-packages/airflow/example_dags/example_branch_python_dop_operator_3.py
[2022-12-14T18:00:40.553+0000] {processor.py:756} INFO - Processing file /home/airflow/.local/lib/python3.7/site-packages/airflow/example_dags/example_branch_python_dop_operator_3.py for tasks to queue
[2022-12-14T18:00:40.553+0000] {logging_mixin.py:137} INFO - [2022-12-14T18:00:40.553+0000] {dagbag.py:537} INFO - Filling up the DagBag from /home/airflow/.local/lib/python3.7/site-packages/airflow/example_dags/example_branch_python_dop_operator_3.py
[2022-12-14T18:00:40.594+0000] {processor.py:766} INFO - DAG(s) dict_keys(['example_branch_dop_operator_v3']) retrieved from /home/airflow/.local/lib/python3.7/site-packages/airflow/example_dags/example_branch_python_dop_operator_3.py
[2022-12-14T18:00:40.648+0000] {logging_mixin.py:137} INFO - [2022-12-14T18:00:40.648+0000] {dag.py:2585} INFO - Sync 1 DAGs
[2022-12-14T18:00:40.716+0000] {logging_mixin.py:137} INFO - [2022-12-14T18:00:40.715+0000] {dag.py:3340} INFO - Setting next_dagrun for example_branch_dop_operator_v3 to 2022-12-14T17:59:00+00:00, run_after=2022-12-14T18:00:00+00:00
[2022-12-14T18:00:40.749+0000] {processor.py:176} INFO - Processing /home/airflow/.local/lib/python3.7/site-packages/airflow/example_dags/example_branch_python_dop_operator_3.py took 0.203 seconds
[2022-12-14T18:01:11.042+0000] {processor.py:154} INFO - Started process (PID=211) to work on /home/airflow/.local/lib/python3.7/site-packages/airflow/example_dags/example_branch_python_dop_operator_3.py
[2022-12-14T18:01:11.096+0000] {processor.py:756} INFO - Processing file /home/airflow/.local/lib/python3.7/site-packages/airflow/example_dags/example_branch_python_dop_operator_3.py for tasks to queue
[2022-12-14T18:01:11.097+0000] {logging_mixin.py:137} INFO - [2022-12-14T18:01:11.097+0000] {dagbag.py:537} INFO - Filling up the DagBag from /home/airflow/.local/lib/python3.7/site-packages/airflow/example_dags/example_branch_python_dop_operator_3.py
[2022-12-14T18:01:11.166+0000] {processor.py:766} INFO - DAG(s) dict_keys(['example_branch_dop_operator_v3']) retrieved from /home/airflow/.local/lib/python3.7/site-packages/airflow/example_dags/example_branch_python_dop_operator_3.py
[2022-12-14T18:01:11.234+0000] {logging_mixin.py:137} INFO - [2022-12-14T18:01:11.233+0000] {dag.py:2585} INFO - Sync 1 DAGs
[2022-12-14T18:01:11.310+0000] {logging_mixin.py:137} INFO - [2022-12-14T18:01:11.310+0000] {dag.py:3340} INFO - Setting next_dagrun for example_branch_dop_operator_v3 to 2022-12-14T18:00:00+00:00, run_after=2022-12-14T18:01:00+00:00
[2022-12-14T18:01:11.355+0000] {processor.py:176} INFO - Processing /home/airflow/.local/lib/python3.7/site-packages/airflow/example_dags/example_branch_python_dop_operator_3.py took 0.320 seconds
[2022-12-14T18:01:41.573+0000] {processor.py:154} INFO - Started process (PID=275) to work on /home/airflow/.local/lib/python3.7/site-packages/airflow/example_dags/example_branch_python_dop_operator_3.py
[2022-12-14T18:01:41.576+0000] {processor.py:756} INFO - Processing file /home/airflow/.local/lib/python3.7/site-packages/airflow/example_dags/example_branch_python_dop_operator_3.py for tasks to queue
[2022-12-14T18:01:41.577+0000] {logging_mixin.py:137} INFO - [2022-12-14T18:01:41.577+0000] {dagbag.py:537} INFO - Filling up the DagBag from /home/airflow/.local/lib/python3.7/site-packages/airflow/example_dags/example_branch_python_dop_operator_3.py
[2022-12-14T18:01:41.631+0000] {processor.py:766} INFO - DAG(s) dict_keys(['example_branch_dop_operator_v3']) retrieved from /home/airflow/.local/lib/python3.7/site-packages/airflow/example_dags/example_branch_python_dop_operator_3.py
[2022-12-14T18:01:41.701+0000] {logging_mixin.py:137} INFO - [2022-12-14T18:01:41.701+0000] {dag.py:2585} INFO - Sync 1 DAGs
[2022-12-14T18:01:41.775+0000] {logging_mixin.py:137} INFO - [2022-12-14T18:01:41.775+0000] {dag.py:3340} INFO - Setting next_dagrun for example_branch_dop_operator_v3 to 2022-12-14T18:00:00+00:00, run_after=2022-12-14T18:01:00+00:00
[2022-12-14T18:01:41.814+0000] {processor.py:176} INFO - Processing /home/airflow/.local/lib/python3.7/site-packages/airflow/example_dags/example_branch_python_dop_operator_3.py took 0.247 seconds
[2022-12-14T18:02:12.622+0000] {processor.py:154} INFO - Started process (PID=330) to work on /home/airflow/.local/lib/python3.7/site-packages/airflow/example_dags/example_branch_python_dop_operator_3.py
[2022-12-14T18:02:12.626+0000] {processor.py:756} INFO - Processing file /home/airflow/.local/lib/python3.7/site-packages/airflow/example_dags/example_branch_python_dop_operator_3.py for tasks to queue
[2022-12-14T18:02:12.627+0000] {logging_mixin.py:137} INFO - [2022-12-14T18:02:12.627+0000] {dagbag.py:537} INFO - Filling up the DagBag from /home/airflow/.local/lib/python3.7/site-packages/airflow/example_dags/example_branch_python_dop_operator_3.py
[2022-12-14T18:02:12.675+0000] {processor.py:766} INFO - DAG(s) dict_keys(['example_branch_dop_operator_v3']) retrieved from /home/airflow/.local/lib/python3.7/site-packages/airflow/example_dags/example_branch_python_dop_operator_3.py
[2022-12-14T18:02:12.753+0000] {logging_mixin.py:137} INFO - [2022-12-14T18:02:12.752+0000] {dag.py:2585} INFO - Sync 1 DAGs
[2022-12-14T18:02:12.821+0000] {logging_mixin.py:137} INFO - [2022-12-14T18:02:12.820+0000] {dag.py:3340} INFO - Setting next_dagrun for example_branch_dop_operator_v3 to 2022-12-14T18:01:00+00:00, run_after=2022-12-14T18:02:00+00:00
[2022-12-14T18:02:12.874+0000] {processor.py:176} INFO - Processing /home/airflow/.local/lib/python3.7/site-packages/airflow/example_dags/example_branch_python_dop_operator_3.py took 0.264 seconds
[2022-12-14T18:02:43.519+0000] {processor.py:154} INFO - Started process (PID=384) to work on /home/airflow/.local/lib/python3.7/site-packages/airflow/example_dags/example_branch_python_dop_operator_3.py
[2022-12-14T18:02:43.536+0000] {processor.py:756} INFO - Processing file /home/airflow/.local/lib/python3.7/site-packages/airflow/example_dags/example_branch_python_dop_operator_3.py for tasks to queue
[2022-12-14T18:02:43.537+0000] {logging_mixin.py:137} INFO - [2022-12-14T18:02:43.537+0000] {dagbag.py:537} INFO - Filling up the DagBag from /home/airflow/.local/lib/python3.7/site-packages/airflow/example_dags/example_branch_python_dop_operator_3.py
[2022-12-14T18:02:43.595+0000] {processor.py:766} INFO - DAG(s) dict_keys(['example_branch_dop_operator_v3']) retrieved from /home/airflow/.local/lib/python3.7/site-packages/airflow/example_dags/example_branch_python_dop_operator_3.py
[2022-12-14T18:02:43.749+0000] {logging_mixin.py:137} INFO - [2022-12-14T18:02:43.749+0000] {dag.py:2585} INFO - Sync 1 DAGs
[2022-12-14T18:02:43.866+0000] {logging_mixin.py:137} INFO - [2022-12-14T18:02:43.855+0000] {dag.py:3340} INFO - Setting next_dagrun for example_branch_dop_operator_v3 to 2022-12-14T18:01:00+00:00, run_after=2022-12-14T18:02:00+00:00
[2022-12-14T18:02:44.083+0000] {processor.py:176} INFO - Processing /home/airflow/.local/lib/python3.7/site-packages/airflow/example_dags/example_branch_python_dop_operator_3.py took 0.568 seconds
[2022-12-14T18:03:14.506+0000] {processor.py:154} INFO - Started process (PID=445) to work on /home/airflow/.local/lib/python3.7/site-packages/airflow/example_dags/example_branch_python_dop_operator_3.py
[2022-12-14T18:03:14.507+0000] {processor.py:756} INFO - Processing file /home/airflow/.local/lib/python3.7/site-packages/airflow/example_dags/example_branch_python_dop_operator_3.py for tasks to queue
[2022-12-14T18:03:14.508+0000] {logging_mixin.py:137} INFO - [2022-12-14T18:03:14.508+0000] {dagbag.py:537} INFO - Filling up the DagBag from /home/airflow/.local/lib/python3.7/site-packages/airflow/example_dags/example_branch_python_dop_operator_3.py
[2022-12-14T18:03:14.553+0000] {processor.py:766} INFO - DAG(s) dict_keys(['example_branch_dop_operator_v3']) retrieved from /home/airflow/.local/lib/python3.7/site-packages/airflow/example_dags/example_branch_python_dop_operator_3.py
[2022-12-14T18:03:14.624+0000] {logging_mixin.py:137} INFO - [2022-12-14T18:03:14.624+0000] {dag.py:2585} INFO - Sync 1 DAGs
[2022-12-14T18:03:14.696+0000] {logging_mixin.py:137} INFO - [2022-12-14T18:03:14.695+0000] {dag.py:3340} INFO - Setting next_dagrun for example_branch_dop_operator_v3 to 2022-12-14T18:02:00+00:00, run_after=2022-12-14T18:03:00+00:00
[2022-12-14T18:03:14.765+0000] {processor.py:176} INFO - Processing /home/airflow/.local/lib/python3.7/site-packages/airflow/example_dags/example_branch_python_dop_operator_3.py took 0.264 seconds
[2022-12-14T18:03:45.535+0000] {processor.py:154} INFO - Started process (PID=499) to work on /home/airflow/.local/lib/python3.7/site-packages/airflow/example_dags/example_branch_python_dop_operator_3.py
[2022-12-14T18:03:45.536+0000] {processor.py:756} INFO - Processing file /home/airflow/.local/lib/python3.7/site-packages/airflow/example_dags/example_branch_python_dop_operator_3.py for tasks to queue
[2022-12-14T18:03:45.537+0000] {logging_mixin.py:137} INFO - [2022-12-14T18:03:45.537+0000] {dagbag.py:537} INFO - Filling up the DagBag from /home/airflow/.local/lib/python3.7/site-packages/airflow/example_dags/example_branch_python_dop_operator_3.py
[2022-12-14T18:03:45.584+0000] {processor.py:766} INFO - DAG(s) dict_keys(['example_branch_dop_operator_v3']) retrieved from /home/airflow/.local/lib/python3.7/site-packages/airflow/example_dags/example_branch_python_dop_operator_3.py
[2022-12-14T18:03:45.661+0000] {logging_mixin.py:137} INFO - [2022-12-14T18:03:45.661+0000] {dag.py:2585} INFO - Sync 1 DAGs
[2022-12-14T18:03:45.732+0000] {logging_mixin.py:137} INFO - [2022-12-14T18:03:45.732+0000] {dag.py:3340} INFO - Setting next_dagrun for example_branch_dop_operator_v3 to 2022-12-14T18:02:00+00:00, run_after=2022-12-14T18:03:00+00:00
[2022-12-14T18:03:45.774+0000] {processor.py:176} INFO - Processing /home/airflow/.local/lib/python3.7/site-packages/airflow/example_dags/example_branch_python_dop_operator_3.py took 0.244 seconds
[2022-12-14T18:04:16.154+0000] {processor.py:154} INFO - Started process (PID=554) to work on /home/airflow/.local/lib/python3.7/site-packages/airflow/example_dags/example_branch_python_dop_operator_3.py
[2022-12-14T18:04:16.155+0000] {processor.py:756} INFO - Processing file /home/airflow/.local/lib/python3.7/site-packages/airflow/example_dags/example_branch_python_dop_operator_3.py for tasks to queue
[2022-12-14T18:04:16.156+0000] {logging_mixin.py:137} INFO - [2022-12-14T18:04:16.155+0000] {dagbag.py:537} INFO - Filling up the DagBag from /home/airflow/.local/lib/python3.7/site-packages/airflow/example_dags/example_branch_python_dop_operator_3.py
[2022-12-14T18:04:16.202+0000] {processor.py:766} INFO - DAG(s) dict_keys(['example_branch_dop_operator_v3']) retrieved from /home/airflow/.local/lib/python3.7/site-packages/airflow/example_dags/example_branch_python_dop_operator_3.py
[2022-12-14T18:04:16.298+0000] {logging_mixin.py:137} INFO - [2022-12-14T18:04:16.297+0000] {dag.py:2585} INFO - Sync 1 DAGs
[2022-12-14T18:04:16.369+0000] {logging_mixin.py:137} INFO - [2022-12-14T18:04:16.368+0000] {dag.py:3340} INFO - Setting next_dagrun for example_branch_dop_operator_v3 to 2022-12-14T18:03:00+00:00, run_after=2022-12-14T18:04:00+00:00
[2022-12-14T18:04:16.417+0000] {processor.py:176} INFO - Processing /home/airflow/.local/lib/python3.7/site-packages/airflow/example_dags/example_branch_python_dop_operator_3.py took 0.271 seconds
[2022-12-14T18:04:46.915+0000] {processor.py:154} INFO - Started process (PID=618) to work on /home/airflow/.local/lib/python3.7/site-packages/airflow/example_dags/example_branch_python_dop_operator_3.py
[2022-12-14T18:04:46.925+0000] {processor.py:756} INFO - Processing file /home/airflow/.local/lib/python3.7/site-packages/airflow/example_dags/example_branch_python_dop_operator_3.py for tasks to queue
[2022-12-14T18:04:46.934+0000] {logging_mixin.py:137} INFO - [2022-12-14T18:04:46.933+0000] {dagbag.py:537} INFO - Filling up the DagBag from /home/airflow/.local/lib/python3.7/site-packages/airflow/example_dags/example_branch_python_dop_operator_3.py
[2022-12-14T18:04:46.990+0000] {processor.py:766} INFO - DAG(s) dict_keys(['example_branch_dop_operator_v3']) retrieved from /home/airflow/.local/lib/python3.7/site-packages/airflow/example_dags/example_branch_python_dop_operator_3.py
[2022-12-14T18:04:47.073+0000] {logging_mixin.py:137} INFO - [2022-12-14T18:04:47.073+0000] {dag.py:2585} INFO - Sync 1 DAGs
[2022-12-14T18:04:47.136+0000] {logging_mixin.py:137} INFO - [2022-12-14T18:04:47.136+0000] {dag.py:3340} INFO - Setting next_dagrun for example_branch_dop_operator_v3 to 2022-12-14T18:03:00+00:00, run_after=2022-12-14T18:04:00+00:00
[2022-12-14T18:04:47.165+0000] {processor.py:176} INFO - Processing /home/airflow/.local/lib/python3.7/site-packages/airflow/example_dags/example_branch_python_dop_operator_3.py took 0.261 seconds
[2022-12-14T18:05:17.852+0000] {processor.py:154} INFO - Started process (PID=673) to work on /home/airflow/.local/lib/python3.7/site-packages/airflow/example_dags/example_branch_python_dop_operator_3.py
[2022-12-14T18:05:17.853+0000] {processor.py:756} INFO - Processing file /home/airflow/.local/lib/python3.7/site-packages/airflow/example_dags/example_branch_python_dop_operator_3.py for tasks to queue
[2022-12-14T18:05:17.854+0000] {logging_mixin.py:137} INFO - [2022-12-14T18:05:17.854+0000] {dagbag.py:537} INFO - Filling up the DagBag from /home/airflow/.local/lib/python3.7/site-packages/airflow/example_dags/example_branch_python_dop_operator_3.py
[2022-12-14T18:05:17.901+0000] {processor.py:766} INFO - DAG(s) dict_keys(['example_branch_dop_operator_v3']) retrieved from /home/airflow/.local/lib/python3.7/site-packages/airflow/example_dags/example_branch_python_dop_operator_3.py
[2022-12-14T18:05:17.980+0000] {logging_mixin.py:137} INFO - [2022-12-14T18:05:17.980+0000] {dag.py:2585} INFO - Sync 1 DAGs
[2022-12-14T18:05:18.045+0000] {logging_mixin.py:137} INFO - [2022-12-14T18:05:18.045+0000] {dag.py:3340} INFO - Setting next_dagrun for example_branch_dop_operator_v3 to 2022-12-14T18:04:00+00:00, run_after=2022-12-14T18:05:00+00:00
[2022-12-14T18:05:18.091+0000] {processor.py:176} INFO - Processing /home/airflow/.local/lib/python3.7/site-packages/airflow/example_dags/example_branch_python_dop_operator_3.py took 0.244 seconds
[2022-12-14T18:05:48.978+0000] {processor.py:154} INFO - Started process (PID=728) to work on /home/airflow/.local/lib/python3.7/site-packages/airflow/example_dags/example_branch_python_dop_operator_3.py
[2022-12-14T18:05:48.979+0000] {processor.py:756} INFO - Processing file /home/airflow/.local/lib/python3.7/site-packages/airflow/example_dags/example_branch_python_dop_operator_3.py for tasks to queue
[2022-12-14T18:05:48.980+0000] {logging_mixin.py:137} INFO - [2022-12-14T18:05:48.979+0000] {dagbag.py:537} INFO - Filling up the DagBag from /home/airflow/.local/lib/python3.7/site-packages/airflow/example_dags/example_branch_python_dop_operator_3.py
[2022-12-14T18:05:49.022+0000] {processor.py:766} INFO - DAG(s) dict_keys(['example_branch_dop_operator_v3']) retrieved from /home/airflow/.local/lib/python3.7/site-packages/airflow/example_dags/example_branch_python_dop_operator_3.py
[2022-12-14T18:05:49.095+0000] {logging_mixin.py:137} INFO - [2022-12-14T18:05:49.094+0000] {dag.py:2585} INFO - Sync 1 DAGs
[2022-12-14T18:05:49.171+0000] {logging_mixin.py:137} INFO - [2022-12-14T18:05:49.171+0000] {dag.py:3340} INFO - Setting next_dagrun for example_branch_dop_operator_v3 to 2022-12-14T18:04:00+00:00, run_after=2022-12-14T18:05:00+00:00
[2022-12-14T18:05:49.221+0000] {processor.py:176} INFO - Processing /home/airflow/.local/lib/python3.7/site-packages/airflow/example_dags/example_branch_python_dop_operator_3.py took 0.248 seconds
[2022-12-14T18:06:19.407+0000] {processor.py:154} INFO - Started process (PID=792) to work on /home/airflow/.local/lib/python3.7/site-packages/airflow/example_dags/example_branch_python_dop_operator_3.py
[2022-12-14T18:06:19.408+0000] {processor.py:756} INFO - Processing file /home/airflow/.local/lib/python3.7/site-packages/airflow/example_dags/example_branch_python_dop_operator_3.py for tasks to queue
[2022-12-14T18:06:19.409+0000] {logging_mixin.py:137} INFO - [2022-12-14T18:06:19.409+0000] {dagbag.py:537} INFO - Filling up the DagBag from /home/airflow/.local/lib/python3.7/site-packages/airflow/example_dags/example_branch_python_dop_operator_3.py
[2022-12-14T18:06:19.458+0000] {processor.py:766} INFO - DAG(s) dict_keys(['example_branch_dop_operator_v3']) retrieved from /home/airflow/.local/lib/python3.7/site-packages/airflow/example_dags/example_branch_python_dop_operator_3.py
[2022-12-14T18:06:19.535+0000] {logging_mixin.py:137} INFO - [2022-12-14T18:06:19.535+0000] {dag.py:2585} INFO - Sync 1 DAGs
[2022-12-14T18:06:19.610+0000] {logging_mixin.py:137} INFO - [2022-12-14T18:06:19.609+0000] {dag.py:3340} INFO - Setting next_dagrun for example_branch_dop_operator_v3 to 2022-12-14T18:05:00+00:00, run_after=2022-12-14T18:06:00+00:00
[2022-12-14T18:06:19.646+0000] {processor.py:176} INFO - Processing /home/airflow/.local/lib/python3.7/site-packages/airflow/example_dags/example_branch_python_dop_operator_3.py took 0.245 seconds
