[2022-12-14T17:42:08.101+0000] {processor.py:154} INFO - Started process (PID=103) to work on /home/airflow/.local/lib/python3.7/site-packages/airflow/example_dags/example_branch_datetime_operator.py
[2022-12-14T17:42:08.110+0000] {processor.py:756} INFO - Processing file /home/airflow/.local/lib/python3.7/site-packages/airflow/example_dags/example_branch_datetime_operator.py for tasks to queue
[2022-12-14T17:42:08.111+0000] {logging_mixin.py:137} INFO - [2022-12-14T17:42:08.111+0000] {dagbag.py:537} INFO - Filling up the DagBag from /home/airflow/.local/lib/python3.7/site-packages/airflow/example_dags/example_branch_datetime_operator.py
[2022-12-14T17:42:08.161+0000] {processor.py:766} INFO - DAG(s) dict_keys(['example_branch_datetime_operator_2', 'example_branch_datetime_operator_3', 'example_branch_datetime_operator']) retrieved from /home/airflow/.local/lib/python3.7/site-packages/airflow/example_dags/example_branch_datetime_operator.py
[2022-12-14T17:42:08.265+0000] {logging_mixin.py:137} INFO - [2022-12-14T17:42:08.265+0000] {dag.py:2585} INFO - Sync 3 DAGs
[2022-12-14T17:42:08.328+0000] {logging_mixin.py:137} INFO - [2022-12-14T17:42:08.328+0000] {dag.py:3340} INFO - Setting next_dagrun for example_branch_datetime_operator to 2022-12-13T00:00:00+00:00, run_after=2022-12-14T00:00:00+00:00
[2022-12-14T17:42:08.338+0000] {logging_mixin.py:137} INFO - [2022-12-14T17:42:08.338+0000] {dag.py:3340} INFO - Setting next_dagrun for example_branch_datetime_operator_2 to 2022-12-13T00:00:00+00:00, run_after=2022-12-14T00:00:00+00:00
[2022-12-14T17:42:08.344+0000] {logging_mixin.py:137} INFO - [2022-12-14T17:42:08.344+0000] {dag.py:3340} INFO - Setting next_dagrun for example_branch_datetime_operator_3 to 2022-12-13T00:00:00+00:00, run_after=2022-12-14T00:00:00+00:00
[2022-12-14T17:42:08.373+0000] {processor.py:176} INFO - Processing /home/airflow/.local/lib/python3.7/site-packages/airflow/example_dags/example_branch_datetime_operator.py took 0.276 seconds
[2022-12-14T17:42:38.787+0000] {processor.py:154} INFO - Started process (PID=166) to work on /home/airflow/.local/lib/python3.7/site-packages/airflow/example_dags/example_branch_datetime_operator.py
[2022-12-14T17:42:38.788+0000] {processor.py:756} INFO - Processing file /home/airflow/.local/lib/python3.7/site-packages/airflow/example_dags/example_branch_datetime_operator.py for tasks to queue
[2022-12-14T17:42:38.789+0000] {logging_mixin.py:137} INFO - [2022-12-14T17:42:38.789+0000] {dagbag.py:537} INFO - Filling up the DagBag from /home/airflow/.local/lib/python3.7/site-packages/airflow/example_dags/example_branch_datetime_operator.py
[2022-12-14T17:42:38.822+0000] {processor.py:766} INFO - DAG(s) dict_keys(['example_branch_datetime_operator', 'example_branch_datetime_operator_3', 'example_branch_datetime_operator_2']) retrieved from /home/airflow/.local/lib/python3.7/site-packages/airflow/example_dags/example_branch_datetime_operator.py
[2022-12-14T17:42:38.896+0000] {logging_mixin.py:137} INFO - [2022-12-14T17:42:38.896+0000] {dag.py:2585} INFO - Sync 3 DAGs
[2022-12-14T17:42:38.966+0000] {logging_mixin.py:137} INFO - [2022-12-14T17:42:38.966+0000] {dag.py:3340} INFO - Setting next_dagrun for example_branch_datetime_operator to 2022-12-13T00:00:00+00:00, run_after=2022-12-14T00:00:00+00:00
[2022-12-14T17:42:38.976+0000] {logging_mixin.py:137} INFO - [2022-12-14T17:42:38.976+0000] {dag.py:3340} INFO - Setting next_dagrun for example_branch_datetime_operator_2 to 2022-12-13T00:00:00+00:00, run_after=2022-12-14T00:00:00+00:00
[2022-12-14T17:42:38.981+0000] {logging_mixin.py:137} INFO - [2022-12-14T17:42:38.981+0000] {dag.py:3340} INFO - Setting next_dagrun for example_branch_datetime_operator_3 to 2022-12-13T00:00:00+00:00, run_after=2022-12-14T00:00:00+00:00
[2022-12-14T17:42:39.017+0000] {processor.py:176} INFO - Processing /home/airflow/.local/lib/python3.7/site-packages/airflow/example_dags/example_branch_datetime_operator.py took 0.234 seconds
[2022-12-14T17:43:09.441+0000] {processor.py:154} INFO - Started process (PID=220) to work on /home/airflow/.local/lib/python3.7/site-packages/airflow/example_dags/example_branch_datetime_operator.py
[2022-12-14T17:43:09.442+0000] {processor.py:756} INFO - Processing file /home/airflow/.local/lib/python3.7/site-packages/airflow/example_dags/example_branch_datetime_operator.py for tasks to queue
[2022-12-14T17:43:09.443+0000] {logging_mixin.py:137} INFO - [2022-12-14T17:43:09.443+0000] {dagbag.py:537} INFO - Filling up the DagBag from /home/airflow/.local/lib/python3.7/site-packages/airflow/example_dags/example_branch_datetime_operator.py
[2022-12-14T17:43:09.474+0000] {processor.py:766} INFO - DAG(s) dict_keys(['example_branch_datetime_operator', 'example_branch_datetime_operator_2', 'example_branch_datetime_operator_3']) retrieved from /home/airflow/.local/lib/python3.7/site-packages/airflow/example_dags/example_branch_datetime_operator.py
[2022-12-14T17:43:09.553+0000] {logging_mixin.py:137} INFO - [2022-12-14T17:43:09.553+0000] {dag.py:2585} INFO - Sync 3 DAGs
[2022-12-14T17:43:09.617+0000] {logging_mixin.py:137} INFO - [2022-12-14T17:43:09.617+0000] {dag.py:3340} INFO - Setting next_dagrun for example_branch_datetime_operator to 2022-12-13T00:00:00+00:00, run_after=2022-12-14T00:00:00+00:00
[2022-12-14T17:43:09.627+0000] {logging_mixin.py:137} INFO - [2022-12-14T17:43:09.627+0000] {dag.py:3340} INFO - Setting next_dagrun for example_branch_datetime_operator_2 to 2022-12-13T00:00:00+00:00, run_after=2022-12-14T00:00:00+00:00
[2022-12-14T17:43:09.632+0000] {logging_mixin.py:137} INFO - [2022-12-14T17:43:09.632+0000] {dag.py:3340} INFO - Setting next_dagrun for example_branch_datetime_operator_3 to 2022-12-13T00:00:00+00:00, run_after=2022-12-14T00:00:00+00:00
[2022-12-14T17:43:09.662+0000] {processor.py:176} INFO - Processing /home/airflow/.local/lib/python3.7/site-packages/airflow/example_dags/example_branch_datetime_operator.py took 0.225 seconds
[2022-12-14T17:43:40.211+0000] {processor.py:154} INFO - Started process (PID=283) to work on /home/airflow/.local/lib/python3.7/site-packages/airflow/example_dags/example_branch_datetime_operator.py
[2022-12-14T17:43:40.223+0000] {processor.py:756} INFO - Processing file /home/airflow/.local/lib/python3.7/site-packages/airflow/example_dags/example_branch_datetime_operator.py for tasks to queue
[2022-12-14T17:43:40.224+0000] {logging_mixin.py:137} INFO - [2022-12-14T17:43:40.224+0000] {dagbag.py:537} INFO - Filling up the DagBag from /home/airflow/.local/lib/python3.7/site-packages/airflow/example_dags/example_branch_datetime_operator.py
[2022-12-14T17:43:40.281+0000] {processor.py:766} INFO - DAG(s) dict_keys(['example_branch_datetime_operator_3', 'example_branch_datetime_operator_2', 'example_branch_datetime_operator']) retrieved from /home/airflow/.local/lib/python3.7/site-packages/airflow/example_dags/example_branch_datetime_operator.py
[2022-12-14T17:43:40.504+0000] {logging_mixin.py:137} INFO - [2022-12-14T17:43:40.504+0000] {dag.py:2585} INFO - Sync 3 DAGs
[2022-12-14T17:43:40.578+0000] {logging_mixin.py:137} INFO - [2022-12-14T17:43:40.578+0000] {dag.py:3340} INFO - Setting next_dagrun for example_branch_datetime_operator to 2022-12-13T00:00:00+00:00, run_after=2022-12-14T00:00:00+00:00
[2022-12-14T17:43:40.588+0000] {logging_mixin.py:137} INFO - [2022-12-14T17:43:40.588+0000] {dag.py:3340} INFO - Setting next_dagrun for example_branch_datetime_operator_2 to 2022-12-13T00:00:00+00:00, run_after=2022-12-14T00:00:00+00:00
[2022-12-14T17:43:40.594+0000] {logging_mixin.py:137} INFO - [2022-12-14T17:43:40.594+0000] {dag.py:3340} INFO - Setting next_dagrun for example_branch_datetime_operator_3 to 2022-12-13T00:00:00+00:00, run_after=2022-12-14T00:00:00+00:00
[2022-12-14T17:43:40.620+0000] {processor.py:176} INFO - Processing /home/airflow/.local/lib/python3.7/site-packages/airflow/example_dags/example_branch_datetime_operator.py took 0.414 seconds
[2022-12-14T17:44:10.907+0000] {processor.py:154} INFO - Started process (PID=340) to work on /home/airflow/.local/lib/python3.7/site-packages/airflow/example_dags/example_branch_datetime_operator.py
[2022-12-14T17:44:10.908+0000] {processor.py:756} INFO - Processing file /home/airflow/.local/lib/python3.7/site-packages/airflow/example_dags/example_branch_datetime_operator.py for tasks to queue
[2022-12-14T17:44:10.909+0000] {logging_mixin.py:137} INFO - [2022-12-14T17:44:10.909+0000] {dagbag.py:537} INFO - Filling up the DagBag from /home/airflow/.local/lib/python3.7/site-packages/airflow/example_dags/example_branch_datetime_operator.py
[2022-12-14T17:44:10.936+0000] {processor.py:766} INFO - DAG(s) dict_keys(['example_branch_datetime_operator', 'example_branch_datetime_operator_3', 'example_branch_datetime_operator_2']) retrieved from /home/airflow/.local/lib/python3.7/site-packages/airflow/example_dags/example_branch_datetime_operator.py
[2022-12-14T17:44:11.015+0000] {logging_mixin.py:137} INFO - [2022-12-14T17:44:11.015+0000] {dag.py:2585} INFO - Sync 3 DAGs
[2022-12-14T17:44:11.068+0000] {logging_mixin.py:137} INFO - [2022-12-14T17:44:11.068+0000] {dag.py:3340} INFO - Setting next_dagrun for example_branch_datetime_operator to 2022-12-13T00:00:00+00:00, run_after=2022-12-14T00:00:00+00:00
[2022-12-14T17:44:11.077+0000] {logging_mixin.py:137} INFO - [2022-12-14T17:44:11.077+0000] {dag.py:3340} INFO - Setting next_dagrun for example_branch_datetime_operator_2 to 2022-12-13T00:00:00+00:00, run_after=2022-12-14T00:00:00+00:00
[2022-12-14T17:44:11.082+0000] {logging_mixin.py:137} INFO - [2022-12-14T17:44:11.081+0000] {dag.py:3340} INFO - Setting next_dagrun for example_branch_datetime_operator_3 to 2022-12-13T00:00:00+00:00, run_after=2022-12-14T00:00:00+00:00
[2022-12-14T17:44:11.107+0000] {processor.py:176} INFO - Processing /home/airflow/.local/lib/python3.7/site-packages/airflow/example_dags/example_branch_datetime_operator.py took 0.203 seconds
[2022-12-14T17:44:41.649+0000] {processor.py:154} INFO - Started process (PID=394) to work on /home/airflow/.local/lib/python3.7/site-packages/airflow/example_dags/example_branch_datetime_operator.py
[2022-12-14T17:44:41.650+0000] {processor.py:756} INFO - Processing file /home/airflow/.local/lib/python3.7/site-packages/airflow/example_dags/example_branch_datetime_operator.py for tasks to queue
[2022-12-14T17:44:41.651+0000] {logging_mixin.py:137} INFO - [2022-12-14T17:44:41.651+0000] {dagbag.py:537} INFO - Filling up the DagBag from /home/airflow/.local/lib/python3.7/site-packages/airflow/example_dags/example_branch_datetime_operator.py
[2022-12-14T17:44:41.687+0000] {processor.py:766} INFO - DAG(s) dict_keys(['example_branch_datetime_operator_3', 'example_branch_datetime_operator_2', 'example_branch_datetime_operator']) retrieved from /home/airflow/.local/lib/python3.7/site-packages/airflow/example_dags/example_branch_datetime_operator.py
[2022-12-14T17:44:41.770+0000] {logging_mixin.py:137} INFO - [2022-12-14T17:44:41.770+0000] {dag.py:2585} INFO - Sync 3 DAGs
[2022-12-14T17:44:41.826+0000] {logging_mixin.py:137} INFO - [2022-12-14T17:44:41.826+0000] {dag.py:3340} INFO - Setting next_dagrun for example_branch_datetime_operator to 2022-12-13T00:00:00+00:00, run_after=2022-12-14T00:00:00+00:00
[2022-12-14T17:44:41.835+0000] {logging_mixin.py:137} INFO - [2022-12-14T17:44:41.835+0000] {dag.py:3340} INFO - Setting next_dagrun for example_branch_datetime_operator_2 to 2022-12-13T00:00:00+00:00, run_after=2022-12-14T00:00:00+00:00
[2022-12-14T17:44:41.840+0000] {logging_mixin.py:137} INFO - [2022-12-14T17:44:41.840+0000] {dag.py:3340} INFO - Setting next_dagrun for example_branch_datetime_operator_3 to 2022-12-13T00:00:00+00:00, run_after=2022-12-14T00:00:00+00:00
[2022-12-14T17:44:41.867+0000] {processor.py:176} INFO - Processing /home/airflow/.local/lib/python3.7/site-packages/airflow/example_dags/example_branch_datetime_operator.py took 0.223 seconds
[2022-12-14T17:45:12.892+0000] {processor.py:154} INFO - Started process (PID=457) to work on /home/airflow/.local/lib/python3.7/site-packages/airflow/example_dags/example_branch_datetime_operator.py
[2022-12-14T17:45:12.893+0000] {processor.py:756} INFO - Processing file /home/airflow/.local/lib/python3.7/site-packages/airflow/example_dags/example_branch_datetime_operator.py for tasks to queue
[2022-12-14T17:45:12.895+0000] {logging_mixin.py:137} INFO - [2022-12-14T17:45:12.894+0000] {dagbag.py:537} INFO - Filling up the DagBag from /home/airflow/.local/lib/python3.7/site-packages/airflow/example_dags/example_branch_datetime_operator.py
[2022-12-14T17:45:12.932+0000] {processor.py:766} INFO - DAG(s) dict_keys(['example_branch_datetime_operator', 'example_branch_datetime_operator_3', 'example_branch_datetime_operator_2']) retrieved from /home/airflow/.local/lib/python3.7/site-packages/airflow/example_dags/example_branch_datetime_operator.py
[2022-12-14T17:45:13.000+0000] {logging_mixin.py:137} INFO - [2022-12-14T17:45:12.999+0000] {dag.py:2585} INFO - Sync 3 DAGs
[2022-12-14T17:45:13.048+0000] {logging_mixin.py:137} INFO - [2022-12-14T17:45:13.048+0000] {dag.py:3340} INFO - Setting next_dagrun for example_branch_datetime_operator to 2022-12-13T00:00:00+00:00, run_after=2022-12-14T00:00:00+00:00
[2022-12-14T17:45:13.057+0000] {logging_mixin.py:137} INFO - [2022-12-14T17:45:13.057+0000] {dag.py:3340} INFO - Setting next_dagrun for example_branch_datetime_operator_2 to 2022-12-13T00:00:00+00:00, run_after=2022-12-14T00:00:00+00:00
[2022-12-14T17:45:13.062+0000] {logging_mixin.py:137} INFO - [2022-12-14T17:45:13.061+0000] {dag.py:3340} INFO - Setting next_dagrun for example_branch_datetime_operator_3 to 2022-12-13T00:00:00+00:00, run_after=2022-12-14T00:00:00+00:00
[2022-12-14T17:45:13.097+0000] {processor.py:176} INFO - Processing /home/airflow/.local/lib/python3.7/site-packages/airflow/example_dags/example_branch_datetime_operator.py took 0.212 seconds
[2022-12-14T17:45:44.260+0000] {processor.py:154} INFO - Started process (PID=512) to work on /home/airflow/.local/lib/python3.7/site-packages/airflow/example_dags/example_branch_datetime_operator.py
[2022-12-14T17:45:44.261+0000] {processor.py:756} INFO - Processing file /home/airflow/.local/lib/python3.7/site-packages/airflow/example_dags/example_branch_datetime_operator.py for tasks to queue
[2022-12-14T17:45:44.262+0000] {logging_mixin.py:137} INFO - [2022-12-14T17:45:44.261+0000] {dagbag.py:537} INFO - Filling up the DagBag from /home/airflow/.local/lib/python3.7/site-packages/airflow/example_dags/example_branch_datetime_operator.py
[2022-12-14T17:45:44.331+0000] {processor.py:766} INFO - DAG(s) dict_keys(['example_branch_datetime_operator', 'example_branch_datetime_operator_3', 'example_branch_datetime_operator_2']) retrieved from /home/airflow/.local/lib/python3.7/site-packages/airflow/example_dags/example_branch_datetime_operator.py
[2022-12-14T17:45:44.483+0000] {logging_mixin.py:137} INFO - [2022-12-14T17:45:44.483+0000] {dag.py:2585} INFO - Sync 3 DAGs
[2022-12-14T17:45:44.595+0000] {logging_mixin.py:137} INFO - [2022-12-14T17:45:44.595+0000] {dag.py:3340} INFO - Setting next_dagrun for example_branch_datetime_operator to 2022-12-13T00:00:00+00:00, run_after=2022-12-14T00:00:00+00:00
[2022-12-14T17:45:44.612+0000] {logging_mixin.py:137} INFO - [2022-12-14T17:45:44.612+0000] {dag.py:3340} INFO - Setting next_dagrun for example_branch_datetime_operator_2 to 2022-12-13T00:00:00+00:00, run_after=2022-12-14T00:00:00+00:00
[2022-12-14T17:45:44.626+0000] {logging_mixin.py:137} INFO - [2022-12-14T17:45:44.622+0000] {dag.py:3340} INFO - Setting next_dagrun for example_branch_datetime_operator_3 to 2022-12-13T00:00:00+00:00, run_after=2022-12-14T00:00:00+00:00
[2022-12-14T17:45:44.688+0000] {processor.py:176} INFO - Processing /home/airflow/.local/lib/python3.7/site-packages/airflow/example_dags/example_branch_datetime_operator.py took 0.440 seconds
[2022-12-14T17:46:14.946+0000] {processor.py:154} INFO - Started process (PID=575) to work on /home/airflow/.local/lib/python3.7/site-packages/airflow/example_dags/example_branch_datetime_operator.py
[2022-12-14T17:46:14.947+0000] {processor.py:756} INFO - Processing file /home/airflow/.local/lib/python3.7/site-packages/airflow/example_dags/example_branch_datetime_operator.py for tasks to queue
[2022-12-14T17:46:14.948+0000] {logging_mixin.py:137} INFO - [2022-12-14T17:46:14.948+0000] {dagbag.py:537} INFO - Filling up the DagBag from /home/airflow/.local/lib/python3.7/site-packages/airflow/example_dags/example_branch_datetime_operator.py
[2022-12-14T17:46:14.985+0000] {processor.py:766} INFO - DAG(s) dict_keys(['example_branch_datetime_operator_2', 'example_branch_datetime_operator', 'example_branch_datetime_operator_3']) retrieved from /home/airflow/.local/lib/python3.7/site-packages/airflow/example_dags/example_branch_datetime_operator.py
[2022-12-14T17:46:15.071+0000] {logging_mixin.py:137} INFO - [2022-12-14T17:46:15.071+0000] {dag.py:2585} INFO - Sync 3 DAGs
[2022-12-14T17:46:15.121+0000] {logging_mixin.py:137} INFO - [2022-12-14T17:46:15.120+0000] {dag.py:3340} INFO - Setting next_dagrun for example_branch_datetime_operator to 2022-12-13T00:00:00+00:00, run_after=2022-12-14T00:00:00+00:00
[2022-12-14T17:46:15.128+0000] {logging_mixin.py:137} INFO - [2022-12-14T17:46:15.127+0000] {dag.py:3340} INFO - Setting next_dagrun for example_branch_datetime_operator_2 to 2022-12-13T00:00:00+00:00, run_after=2022-12-14T00:00:00+00:00
[2022-12-14T17:46:15.137+0000] {logging_mixin.py:137} INFO - [2022-12-14T17:46:15.137+0000] {dag.py:3340} INFO - Setting next_dagrun for example_branch_datetime_operator_3 to 2022-12-13T00:00:00+00:00, run_after=2022-12-14T00:00:00+00:00
[2022-12-14T17:46:15.166+0000] {processor.py:176} INFO - Processing /home/airflow/.local/lib/python3.7/site-packages/airflow/example_dags/example_branch_datetime_operator.py took 0.225 seconds
[2022-12-14T17:46:46.260+0000] {processor.py:154} INFO - Started process (PID=628) to work on /home/airflow/.local/lib/python3.7/site-packages/airflow/example_dags/example_branch_datetime_operator.py
[2022-12-14T17:46:46.261+0000] {processor.py:756} INFO - Processing file /home/airflow/.local/lib/python3.7/site-packages/airflow/example_dags/example_branch_datetime_operator.py for tasks to queue
[2022-12-14T17:46:46.262+0000] {logging_mixin.py:137} INFO - [2022-12-14T17:46:46.262+0000] {dagbag.py:537} INFO - Filling up the DagBag from /home/airflow/.local/lib/python3.7/site-packages/airflow/example_dags/example_branch_datetime_operator.py
[2022-12-14T17:46:46.292+0000] {processor.py:766} INFO - DAG(s) dict_keys(['example_branch_datetime_operator', 'example_branch_datetime_operator_3', 'example_branch_datetime_operator_2']) retrieved from /home/airflow/.local/lib/python3.7/site-packages/airflow/example_dags/example_branch_datetime_operator.py
[2022-12-14T17:46:46.374+0000] {logging_mixin.py:137} INFO - [2022-12-14T17:46:46.374+0000] {dag.py:2585} INFO - Sync 3 DAGs
[2022-12-14T17:46:46.426+0000] {logging_mixin.py:137} INFO - [2022-12-14T17:46:46.426+0000] {dag.py:3340} INFO - Setting next_dagrun for example_branch_datetime_operator to 2022-12-13T00:00:00+00:00, run_after=2022-12-14T00:00:00+00:00
[2022-12-14T17:46:46.434+0000] {logging_mixin.py:137} INFO - [2022-12-14T17:46:46.434+0000] {dag.py:3340} INFO - Setting next_dagrun for example_branch_datetime_operator_2 to 2022-12-13T00:00:00+00:00, run_after=2022-12-14T00:00:00+00:00
[2022-12-14T17:46:46.439+0000] {logging_mixin.py:137} INFO - [2022-12-14T17:46:46.439+0000] {dag.py:3340} INFO - Setting next_dagrun for example_branch_datetime_operator_3 to 2022-12-13T00:00:00+00:00, run_after=2022-12-14T00:00:00+00:00
[2022-12-14T17:46:46.458+0000] {processor.py:176} INFO - Processing /home/airflow/.local/lib/python3.7/site-packages/airflow/example_dags/example_branch_datetime_operator.py took 0.202 seconds
[2022-12-14T17:47:17.778+0000] {processor.py:154} INFO - Started process (PID=690) to work on /home/airflow/.local/lib/python3.7/site-packages/airflow/example_dags/example_branch_datetime_operator.py
[2022-12-14T17:47:17.786+0000] {processor.py:756} INFO - Processing file /home/airflow/.local/lib/python3.7/site-packages/airflow/example_dags/example_branch_datetime_operator.py for tasks to queue
[2022-12-14T17:47:17.787+0000] {logging_mixin.py:137} INFO - [2022-12-14T17:47:17.787+0000] {dagbag.py:537} INFO - Filling up the DagBag from /home/airflow/.local/lib/python3.7/site-packages/airflow/example_dags/example_branch_datetime_operator.py
[2022-12-14T17:47:17.820+0000] {processor.py:766} INFO - DAG(s) dict_keys(['example_branch_datetime_operator_2', 'example_branch_datetime_operator', 'example_branch_datetime_operator_3']) retrieved from /home/airflow/.local/lib/python3.7/site-packages/airflow/example_dags/example_branch_datetime_operator.py
[2022-12-14T17:47:17.899+0000] {logging_mixin.py:137} INFO - [2022-12-14T17:47:17.899+0000] {dag.py:2585} INFO - Sync 3 DAGs
[2022-12-14T17:47:17.959+0000] {logging_mixin.py:137} INFO - [2022-12-14T17:47:17.958+0000] {dag.py:3340} INFO - Setting next_dagrun for example_branch_datetime_operator to 2022-12-13T00:00:00+00:00, run_after=2022-12-14T00:00:00+00:00
[2022-12-14T17:47:17.968+0000] {logging_mixin.py:137} INFO - [2022-12-14T17:47:17.968+0000] {dag.py:3340} INFO - Setting next_dagrun for example_branch_datetime_operator_2 to 2022-12-13T00:00:00+00:00, run_after=2022-12-14T00:00:00+00:00
[2022-12-14T17:47:17.973+0000] {logging_mixin.py:137} INFO - [2022-12-14T17:47:17.973+0000] {dag.py:3340} INFO - Setting next_dagrun for example_branch_datetime_operator_3 to 2022-12-13T00:00:00+00:00, run_after=2022-12-14T00:00:00+00:00
[2022-12-14T17:47:18.003+0000] {processor.py:176} INFO - Processing /home/airflow/.local/lib/python3.7/site-packages/airflow/example_dags/example_branch_datetime_operator.py took 0.229 seconds
[2022-12-14T17:47:48.286+0000] {processor.py:154} INFO - Started process (PID=745) to work on /home/airflow/.local/lib/python3.7/site-packages/airflow/example_dags/example_branch_datetime_operator.py
[2022-12-14T17:47:48.320+0000] {processor.py:756} INFO - Processing file /home/airflow/.local/lib/python3.7/site-packages/airflow/example_dags/example_branch_datetime_operator.py for tasks to queue
[2022-12-14T17:47:48.321+0000] {logging_mixin.py:137} INFO - [2022-12-14T17:47:48.321+0000] {dagbag.py:537} INFO - Filling up the DagBag from /home/airflow/.local/lib/python3.7/site-packages/airflow/example_dags/example_branch_datetime_operator.py
[2022-12-14T17:47:48.348+0000] {processor.py:766} INFO - DAG(s) dict_keys(['example_branch_datetime_operator', 'example_branch_datetime_operator_3', 'example_branch_datetime_operator_2']) retrieved from /home/airflow/.local/lib/python3.7/site-packages/airflow/example_dags/example_branch_datetime_operator.py
[2022-12-14T17:47:48.417+0000] {logging_mixin.py:137} INFO - [2022-12-14T17:47:48.416+0000] {dag.py:2585} INFO - Sync 3 DAGs
[2022-12-14T17:47:48.461+0000] {logging_mixin.py:137} INFO - [2022-12-14T17:47:48.461+0000] {dag.py:3340} INFO - Setting next_dagrun for example_branch_datetime_operator to 2022-12-13T00:00:00+00:00, run_after=2022-12-14T00:00:00+00:00
[2022-12-14T17:47:48.472+0000] {logging_mixin.py:137} INFO - [2022-12-14T17:47:48.472+0000] {dag.py:3340} INFO - Setting next_dagrun for example_branch_datetime_operator_2 to 2022-12-13T00:00:00+00:00, run_after=2022-12-14T00:00:00+00:00
[2022-12-14T17:47:48.476+0000] {logging_mixin.py:137} INFO - [2022-12-14T17:47:48.476+0000] {dag.py:3340} INFO - Setting next_dagrun for example_branch_datetime_operator_3 to 2022-12-13T00:00:00+00:00, run_after=2022-12-14T00:00:00+00:00
[2022-12-14T17:47:48.501+0000] {processor.py:176} INFO - Processing /home/airflow/.local/lib/python3.7/site-packages/airflow/example_dags/example_branch_datetime_operator.py took 0.224 seconds
[2022-12-14T17:48:19.097+0000] {processor.py:154} INFO - Started process (PID=799) to work on /home/airflow/.local/lib/python3.7/site-packages/airflow/example_dags/example_branch_datetime_operator.py
[2022-12-14T17:48:19.103+0000] {processor.py:756} INFO - Processing file /home/airflow/.local/lib/python3.7/site-packages/airflow/example_dags/example_branch_datetime_operator.py for tasks to queue
[2022-12-14T17:48:19.104+0000] {logging_mixin.py:137} INFO - [2022-12-14T17:48:19.103+0000] {dagbag.py:537} INFO - Filling up the DagBag from /home/airflow/.local/lib/python3.7/site-packages/airflow/example_dags/example_branch_datetime_operator.py
[2022-12-14T17:48:19.203+0000] {processor.py:766} INFO - DAG(s) dict_keys(['example_branch_datetime_operator', 'example_branch_datetime_operator_3', 'example_branch_datetime_operator_2']) retrieved from /home/airflow/.local/lib/python3.7/site-packages/airflow/example_dags/example_branch_datetime_operator.py
[2022-12-14T17:48:19.292+0000] {logging_mixin.py:137} INFO - [2022-12-14T17:48:19.292+0000] {dag.py:2585} INFO - Sync 3 DAGs
[2022-12-14T17:48:19.349+0000] {logging_mixin.py:137} INFO - [2022-12-14T17:48:19.349+0000] {dag.py:3340} INFO - Setting next_dagrun for example_branch_datetime_operator to 2022-12-13T00:00:00+00:00, run_after=2022-12-14T00:00:00+00:00
[2022-12-14T17:48:19.360+0000] {logging_mixin.py:137} INFO - [2022-12-14T17:48:19.360+0000] {dag.py:3340} INFO - Setting next_dagrun for example_branch_datetime_operator_2 to 2022-12-13T00:00:00+00:00, run_after=2022-12-14T00:00:00+00:00
[2022-12-14T17:48:19.369+0000] {logging_mixin.py:137} INFO - [2022-12-14T17:48:19.369+0000] {dag.py:3340} INFO - Setting next_dagrun for example_branch_datetime_operator_3 to 2022-12-13T00:00:00+00:00, run_after=2022-12-14T00:00:00+00:00
[2022-12-14T17:48:19.409+0000] {processor.py:176} INFO - Processing /home/airflow/.local/lib/python3.7/site-packages/airflow/example_dags/example_branch_datetime_operator.py took 0.317 seconds
[2022-12-14T17:48:50.456+0000] {processor.py:154} INFO - Started process (PID=863) to work on /home/airflow/.local/lib/python3.7/site-packages/airflow/example_dags/example_branch_datetime_operator.py
[2022-12-14T17:48:50.457+0000] {processor.py:756} INFO - Processing file /home/airflow/.local/lib/python3.7/site-packages/airflow/example_dags/example_branch_datetime_operator.py for tasks to queue
[2022-12-14T17:48:50.458+0000] {logging_mixin.py:137} INFO - [2022-12-14T17:48:50.458+0000] {dagbag.py:537} INFO - Filling up the DagBag from /home/airflow/.local/lib/python3.7/site-packages/airflow/example_dags/example_branch_datetime_operator.py
[2022-12-14T17:48:50.489+0000] {processor.py:766} INFO - DAG(s) dict_keys(['example_branch_datetime_operator_3', 'example_branch_datetime_operator_2', 'example_branch_datetime_operator']) retrieved from /home/airflow/.local/lib/python3.7/site-packages/airflow/example_dags/example_branch_datetime_operator.py
[2022-12-14T17:48:50.562+0000] {logging_mixin.py:137} INFO - [2022-12-14T17:48:50.562+0000] {dag.py:2585} INFO - Sync 3 DAGs
[2022-12-14T17:48:50.612+0000] {logging_mixin.py:137} INFO - [2022-12-14T17:48:50.611+0000] {dag.py:3340} INFO - Setting next_dagrun for example_branch_datetime_operator to 2022-12-13T00:00:00+00:00, run_after=2022-12-14T00:00:00+00:00
[2022-12-14T17:48:50.620+0000] {logging_mixin.py:137} INFO - [2022-12-14T17:48:50.620+0000] {dag.py:3340} INFO - Setting next_dagrun for example_branch_datetime_operator_2 to 2022-12-13T00:00:00+00:00, run_after=2022-12-14T00:00:00+00:00
[2022-12-14T17:48:50.625+0000] {logging_mixin.py:137} INFO - [2022-12-14T17:48:50.625+0000] {dag.py:3340} INFO - Setting next_dagrun for example_branch_datetime_operator_3 to 2022-12-13T00:00:00+00:00, run_after=2022-12-14T00:00:00+00:00
[2022-12-14T17:48:50.650+0000] {processor.py:176} INFO - Processing /home/airflow/.local/lib/python3.7/site-packages/airflow/example_dags/example_branch_datetime_operator.py took 0.199 seconds
[2022-12-14T17:49:21.434+0000] {processor.py:154} INFO - Started process (PID=917) to work on /home/airflow/.local/lib/python3.7/site-packages/airflow/example_dags/example_branch_datetime_operator.py
[2022-12-14T17:49:21.436+0000] {processor.py:756} INFO - Processing file /home/airflow/.local/lib/python3.7/site-packages/airflow/example_dags/example_branch_datetime_operator.py for tasks to queue
[2022-12-14T17:49:21.437+0000] {logging_mixin.py:137} INFO - [2022-12-14T17:49:21.436+0000] {dagbag.py:537} INFO - Filling up the DagBag from /home/airflow/.local/lib/python3.7/site-packages/airflow/example_dags/example_branch_datetime_operator.py
[2022-12-14T17:49:21.482+0000] {processor.py:766} INFO - DAG(s) dict_keys(['example_branch_datetime_operator', 'example_branch_datetime_operator_3', 'example_branch_datetime_operator_2']) retrieved from /home/airflow/.local/lib/python3.7/site-packages/airflow/example_dags/example_branch_datetime_operator.py
[2022-12-14T17:49:21.559+0000] {logging_mixin.py:137} INFO - [2022-12-14T17:49:21.559+0000] {dag.py:2585} INFO - Sync 3 DAGs
[2022-12-14T17:49:21.616+0000] {logging_mixin.py:137} INFO - [2022-12-14T17:49:21.616+0000] {dag.py:3340} INFO - Setting next_dagrun for example_branch_datetime_operator to 2022-12-13T00:00:00+00:00, run_after=2022-12-14T00:00:00+00:00
[2022-12-14T17:49:21.626+0000] {logging_mixin.py:137} INFO - [2022-12-14T17:49:21.625+0000] {dag.py:3340} INFO - Setting next_dagrun for example_branch_datetime_operator_2 to 2022-12-13T00:00:00+00:00, run_after=2022-12-14T00:00:00+00:00
[2022-12-14T17:49:21.632+0000] {logging_mixin.py:137} INFO - [2022-12-14T17:49:21.632+0000] {dag.py:3340} INFO - Setting next_dagrun for example_branch_datetime_operator_3 to 2022-12-13T00:00:00+00:00, run_after=2022-12-14T00:00:00+00:00
[2022-12-14T17:49:21.706+0000] {processor.py:176} INFO - Processing /home/airflow/.local/lib/python3.7/site-packages/airflow/example_dags/example_branch_datetime_operator.py took 0.279 seconds
[2022-12-14T17:49:52.692+0000] {processor.py:154} INFO - Started process (PID=981) to work on /home/airflow/.local/lib/python3.7/site-packages/airflow/example_dags/example_branch_datetime_operator.py
[2022-12-14T17:49:52.703+0000] {processor.py:756} INFO - Processing file /home/airflow/.local/lib/python3.7/site-packages/airflow/example_dags/example_branch_datetime_operator.py for tasks to queue
[2022-12-14T17:49:52.704+0000] {logging_mixin.py:137} INFO - [2022-12-14T17:49:52.704+0000] {dagbag.py:537} INFO - Filling up the DagBag from /home/airflow/.local/lib/python3.7/site-packages/airflow/example_dags/example_branch_datetime_operator.py
[2022-12-14T17:49:52.784+0000] {processor.py:766} INFO - DAG(s) dict_keys(['example_branch_datetime_operator_2', 'example_branch_datetime_operator_3', 'example_branch_datetime_operator']) retrieved from /home/airflow/.local/lib/python3.7/site-packages/airflow/example_dags/example_branch_datetime_operator.py
[2022-12-14T17:49:53.055+0000] {logging_mixin.py:137} INFO - [2022-12-14T17:49:53.055+0000] {dag.py:2585} INFO - Sync 3 DAGs
[2022-12-14T17:49:53.239+0000] {logging_mixin.py:137} INFO - [2022-12-14T17:49:53.239+0000] {dag.py:3340} INFO - Setting next_dagrun for example_branch_datetime_operator to 2022-12-13T00:00:00+00:00, run_after=2022-12-14T00:00:00+00:00
[2022-12-14T17:49:53.255+0000] {logging_mixin.py:137} INFO - [2022-12-14T17:49:53.255+0000] {dag.py:3340} INFO - Setting next_dagrun for example_branch_datetime_operator_2 to 2022-12-13T00:00:00+00:00, run_after=2022-12-14T00:00:00+00:00
[2022-12-14T17:49:53.262+0000] {logging_mixin.py:137} INFO - [2022-12-14T17:49:53.262+0000] {dag.py:3340} INFO - Setting next_dagrun for example_branch_datetime_operator_3 to 2022-12-13T00:00:00+00:00, run_after=2022-12-14T00:00:00+00:00
[2022-12-14T17:49:53.307+0000] {processor.py:176} INFO - Processing /home/airflow/.local/lib/python3.7/site-packages/airflow/example_dags/example_branch_datetime_operator.py took 0.631 seconds
[2022-12-14T17:50:23.784+0000] {processor.py:154} INFO - Started process (PID=1036) to work on /home/airflow/.local/lib/python3.7/site-packages/airflow/example_dags/example_branch_datetime_operator.py
[2022-12-14T17:50:23.785+0000] {processor.py:756} INFO - Processing file /home/airflow/.local/lib/python3.7/site-packages/airflow/example_dags/example_branch_datetime_operator.py for tasks to queue
[2022-12-14T17:50:23.786+0000] {logging_mixin.py:137} INFO - [2022-12-14T17:50:23.786+0000] {dagbag.py:537} INFO - Filling up the DagBag from /home/airflow/.local/lib/python3.7/site-packages/airflow/example_dags/example_branch_datetime_operator.py
[2022-12-14T17:50:23.817+0000] {processor.py:766} INFO - DAG(s) dict_keys(['example_branch_datetime_operator_3', 'example_branch_datetime_operator', 'example_branch_datetime_operator_2']) retrieved from /home/airflow/.local/lib/python3.7/site-packages/airflow/example_dags/example_branch_datetime_operator.py
[2022-12-14T17:50:23.901+0000] {logging_mixin.py:137} INFO - [2022-12-14T17:50:23.901+0000] {dag.py:2585} INFO - Sync 3 DAGs
[2022-12-14T17:50:23.962+0000] {logging_mixin.py:137} INFO - [2022-12-14T17:50:23.961+0000] {dag.py:3340} INFO - Setting next_dagrun for example_branch_datetime_operator to 2022-12-13T00:00:00+00:00, run_after=2022-12-14T00:00:00+00:00
[2022-12-14T17:50:23.971+0000] {logging_mixin.py:137} INFO - [2022-12-14T17:50:23.971+0000] {dag.py:3340} INFO - Setting next_dagrun for example_branch_datetime_operator_2 to 2022-12-13T00:00:00+00:00, run_after=2022-12-14T00:00:00+00:00
[2022-12-14T17:50:23.976+0000] {logging_mixin.py:137} INFO - [2022-12-14T17:50:23.976+0000] {dag.py:3340} INFO - Setting next_dagrun for example_branch_datetime_operator_3 to 2022-12-13T00:00:00+00:00, run_after=2022-12-14T00:00:00+00:00
[2022-12-14T17:50:24.001+0000] {processor.py:176} INFO - Processing /home/airflow/.local/lib/python3.7/site-packages/airflow/example_dags/example_branch_datetime_operator.py took 0.221 seconds
[2022-12-14T17:50:54.633+0000] {processor.py:154} INFO - Started process (PID=1091) to work on /home/airflow/.local/lib/python3.7/site-packages/airflow/example_dags/example_branch_datetime_operator.py
[2022-12-14T17:50:54.634+0000] {processor.py:756} INFO - Processing file /home/airflow/.local/lib/python3.7/site-packages/airflow/example_dags/example_branch_datetime_operator.py for tasks to queue
[2022-12-14T17:50:54.635+0000] {logging_mixin.py:137} INFO - [2022-12-14T17:50:54.635+0000] {dagbag.py:537} INFO - Filling up the DagBag from /home/airflow/.local/lib/python3.7/site-packages/airflow/example_dags/example_branch_datetime_operator.py
[2022-12-14T17:50:54.665+0000] {processor.py:766} INFO - DAG(s) dict_keys(['example_branch_datetime_operator', 'example_branch_datetime_operator_2', 'example_branch_datetime_operator_3']) retrieved from /home/airflow/.local/lib/python3.7/site-packages/airflow/example_dags/example_branch_datetime_operator.py
[2022-12-14T17:50:54.734+0000] {logging_mixin.py:137} INFO - [2022-12-14T17:50:54.734+0000] {dag.py:2585} INFO - Sync 3 DAGs
[2022-12-14T17:50:54.783+0000] {logging_mixin.py:137} INFO - [2022-12-14T17:50:54.782+0000] {dag.py:3340} INFO - Setting next_dagrun for example_branch_datetime_operator to 2022-12-13T00:00:00+00:00, run_after=2022-12-14T00:00:00+00:00
[2022-12-14T17:50:54.791+0000] {logging_mixin.py:137} INFO - [2022-12-14T17:50:54.791+0000] {dag.py:3340} INFO - Setting next_dagrun for example_branch_datetime_operator_2 to 2022-12-13T00:00:00+00:00, run_after=2022-12-14T00:00:00+00:00
[2022-12-14T17:50:54.796+0000] {logging_mixin.py:137} INFO - [2022-12-14T17:50:54.796+0000] {dag.py:3340} INFO - Setting next_dagrun for example_branch_datetime_operator_3 to 2022-12-13T00:00:00+00:00, run_after=2022-12-14T00:00:00+00:00
[2022-12-14T17:50:54.817+0000] {processor.py:176} INFO - Processing /home/airflow/.local/lib/python3.7/site-packages/airflow/example_dags/example_branch_datetime_operator.py took 0.190 seconds
[2022-12-14T17:51:26.028+0000] {processor.py:154} INFO - Started process (PID=1156) to work on /home/airflow/.local/lib/python3.7/site-packages/airflow/example_dags/example_branch_datetime_operator.py
[2022-12-14T17:51:26.029+0000] {processor.py:756} INFO - Processing file /home/airflow/.local/lib/python3.7/site-packages/airflow/example_dags/example_branch_datetime_operator.py for tasks to queue
[2022-12-14T17:51:26.035+0000] {logging_mixin.py:137} INFO - [2022-12-14T17:51:26.035+0000] {dagbag.py:537} INFO - Filling up the DagBag from /home/airflow/.local/lib/python3.7/site-packages/airflow/example_dags/example_branch_datetime_operator.py
[2022-12-14T17:51:26.102+0000] {processor.py:766} INFO - DAG(s) dict_keys(['example_branch_datetime_operator', 'example_branch_datetime_operator_3', 'example_branch_datetime_operator_2']) retrieved from /home/airflow/.local/lib/python3.7/site-packages/airflow/example_dags/example_branch_datetime_operator.py
[2022-12-14T17:51:26.340+0000] {logging_mixin.py:137} INFO - [2022-12-14T17:51:26.340+0000] {dag.py:2585} INFO - Sync 3 DAGs
[2022-12-14T17:51:26.470+0000] {logging_mixin.py:137} INFO - [2022-12-14T17:51:26.469+0000] {dag.py:3340} INFO - Setting next_dagrun for example_branch_datetime_operator to 2022-12-13T00:00:00+00:00, run_after=2022-12-14T00:00:00+00:00
[2022-12-14T17:51:26.508+0000] {logging_mixin.py:137} INFO - [2022-12-14T17:51:26.507+0000] {dag.py:3340} INFO - Setting next_dagrun for example_branch_datetime_operator_2 to 2022-12-13T00:00:00+00:00, run_after=2022-12-14T00:00:00+00:00
[2022-12-14T17:51:26.529+0000] {logging_mixin.py:137} INFO - [2022-12-14T17:51:26.528+0000] {dag.py:3340} INFO - Setting next_dagrun for example_branch_datetime_operator_3 to 2022-12-13T00:00:00+00:00, run_after=2022-12-14T00:00:00+00:00
[2022-12-14T17:51:26.605+0000] {processor.py:176} INFO - Processing /home/airflow/.local/lib/python3.7/site-packages/airflow/example_dags/example_branch_datetime_operator.py took 0.597 seconds
[2022-12-14T17:51:57.060+0000] {processor.py:154} INFO - Started process (PID=1209) to work on /home/airflow/.local/lib/python3.7/site-packages/airflow/example_dags/example_branch_datetime_operator.py
[2022-12-14T17:51:57.062+0000] {processor.py:756} INFO - Processing file /home/airflow/.local/lib/python3.7/site-packages/airflow/example_dags/example_branch_datetime_operator.py for tasks to queue
[2022-12-14T17:51:57.064+0000] {logging_mixin.py:137} INFO - [2022-12-14T17:51:57.063+0000] {dagbag.py:537} INFO - Filling up the DagBag from /home/airflow/.local/lib/python3.7/site-packages/airflow/example_dags/example_branch_datetime_operator.py
[2022-12-14T17:51:57.201+0000] {processor.py:766} INFO - DAG(s) dict_keys(['example_branch_datetime_operator', 'example_branch_datetime_operator_3', 'example_branch_datetime_operator_2']) retrieved from /home/airflow/.local/lib/python3.7/site-packages/airflow/example_dags/example_branch_datetime_operator.py
[2022-12-14T17:51:57.483+0000] {logging_mixin.py:137} INFO - [2022-12-14T17:51:57.483+0000] {dag.py:2585} INFO - Sync 3 DAGs
[2022-12-14T17:51:57.728+0000] {logging_mixin.py:137} INFO - [2022-12-14T17:51:57.727+0000] {dag.py:3340} INFO - Setting next_dagrun for example_branch_datetime_operator to 2022-12-13T00:00:00+00:00, run_after=2022-12-14T00:00:00+00:00
[2022-12-14T17:51:57.776+0000] {logging_mixin.py:137} INFO - [2022-12-14T17:51:57.775+0000] {dag.py:3340} INFO - Setting next_dagrun for example_branch_datetime_operator_2 to 2022-12-13T00:00:00+00:00, run_after=2022-12-14T00:00:00+00:00
[2022-12-14T17:51:57.795+0000] {logging_mixin.py:137} INFO - [2022-12-14T17:51:57.795+0000] {dag.py:3340} INFO - Setting next_dagrun for example_branch_datetime_operator_3 to 2022-12-13T00:00:00+00:00, run_after=2022-12-14T00:00:00+00:00
[2022-12-14T17:51:57.915+0000] {processor.py:176} INFO - Processing /home/airflow/.local/lib/python3.7/site-packages/airflow/example_dags/example_branch_datetime_operator.py took 0.876 seconds
[2022-12-14T17:52:28.495+0000] {processor.py:154} INFO - Started process (PID=1264) to work on /home/airflow/.local/lib/python3.7/site-packages/airflow/example_dags/example_branch_datetime_operator.py
[2022-12-14T17:52:28.496+0000] {processor.py:756} INFO - Processing file /home/airflow/.local/lib/python3.7/site-packages/airflow/example_dags/example_branch_datetime_operator.py for tasks to queue
[2022-12-14T17:52:28.499+0000] {logging_mixin.py:137} INFO - [2022-12-14T17:52:28.498+0000] {dagbag.py:537} INFO - Filling up the DagBag from /home/airflow/.local/lib/python3.7/site-packages/airflow/example_dags/example_branch_datetime_operator.py
[2022-12-14T17:52:28.810+0000] {processor.py:766} INFO - DAG(s) dict_keys(['example_branch_datetime_operator', 'example_branch_datetime_operator_3', 'example_branch_datetime_operator_2']) retrieved from /home/airflow/.local/lib/python3.7/site-packages/airflow/example_dags/example_branch_datetime_operator.py
[2022-12-14T17:52:29.423+0000] {logging_mixin.py:137} INFO - [2022-12-14T17:52:29.421+0000] {dag.py:2585} INFO - Sync 3 DAGs
[2022-12-14T17:52:29.829+0000] {logging_mixin.py:137} INFO - [2022-12-14T17:52:29.829+0000] {dag.py:3340} INFO - Setting next_dagrun for example_branch_datetime_operator to 2022-12-13T00:00:00+00:00, run_after=2022-12-14T00:00:00+00:00
[2022-12-14T17:52:29.904+0000] {logging_mixin.py:137} INFO - [2022-12-14T17:52:29.904+0000] {dag.py:3340} INFO - Setting next_dagrun for example_branch_datetime_operator_2 to 2022-12-13T00:00:00+00:00, run_after=2022-12-14T00:00:00+00:00
[2022-12-14T17:52:29.941+0000] {logging_mixin.py:137} INFO - [2022-12-14T17:52:29.940+0000] {dag.py:3340} INFO - Setting next_dagrun for example_branch_datetime_operator_3 to 2022-12-13T00:00:00+00:00, run_after=2022-12-14T00:00:00+00:00
[2022-12-14T17:52:30.148+0000] {processor.py:176} INFO - Processing /home/airflow/.local/lib/python3.7/site-packages/airflow/example_dags/example_branch_datetime_operator.py took 1.662 seconds
[2022-12-14T17:53:00.904+0000] {processor.py:154} INFO - Started process (PID=1317) to work on /home/airflow/.local/lib/python3.7/site-packages/airflow/example_dags/example_branch_datetime_operator.py
[2022-12-14T17:53:00.905+0000] {processor.py:756} INFO - Processing file /home/airflow/.local/lib/python3.7/site-packages/airflow/example_dags/example_branch_datetime_operator.py for tasks to queue
[2022-12-14T17:53:00.906+0000] {logging_mixin.py:137} INFO - [2022-12-14T17:53:00.906+0000] {dagbag.py:537} INFO - Filling up the DagBag from /home/airflow/.local/lib/python3.7/site-packages/airflow/example_dags/example_branch_datetime_operator.py
[2022-12-14T17:53:00.943+0000] {processor.py:766} INFO - DAG(s) dict_keys(['example_branch_datetime_operator_2', 'example_branch_datetime_operator', 'example_branch_datetime_operator_3']) retrieved from /home/airflow/.local/lib/python3.7/site-packages/airflow/example_dags/example_branch_datetime_operator.py
[2022-12-14T17:53:01.055+0000] {logging_mixin.py:137} INFO - [2022-12-14T17:53:01.055+0000] {dag.py:2585} INFO - Sync 3 DAGs
[2022-12-14T17:53:01.127+0000] {logging_mixin.py:137} INFO - [2022-12-14T17:53:01.127+0000] {dag.py:3340} INFO - Setting next_dagrun for example_branch_datetime_operator to 2022-12-13T00:00:00+00:00, run_after=2022-12-14T00:00:00+00:00
[2022-12-14T17:53:01.136+0000] {logging_mixin.py:137} INFO - [2022-12-14T17:53:01.136+0000] {dag.py:3340} INFO - Setting next_dagrun for example_branch_datetime_operator_2 to 2022-12-13T00:00:00+00:00, run_after=2022-12-14T00:00:00+00:00
[2022-12-14T17:53:01.142+0000] {logging_mixin.py:137} INFO - [2022-12-14T17:53:01.142+0000] {dag.py:3340} INFO - Setting next_dagrun for example_branch_datetime_operator_3 to 2022-12-13T00:00:00+00:00, run_after=2022-12-14T00:00:00+00:00
[2022-12-14T17:53:01.191+0000] {processor.py:176} INFO - Processing /home/airflow/.local/lib/python3.7/site-packages/airflow/example_dags/example_branch_datetime_operator.py took 0.292 seconds
[2022-12-14T17:53:31.617+0000] {processor.py:154} INFO - Started process (PID=1370) to work on /home/airflow/.local/lib/python3.7/site-packages/airflow/example_dags/example_branch_datetime_operator.py
[2022-12-14T17:53:31.619+0000] {processor.py:756} INFO - Processing file /home/airflow/.local/lib/python3.7/site-packages/airflow/example_dags/example_branch_datetime_operator.py for tasks to queue
[2022-12-14T17:53:31.620+0000] {logging_mixin.py:137} INFO - [2022-12-14T17:53:31.619+0000] {dagbag.py:537} INFO - Filling up the DagBag from /home/airflow/.local/lib/python3.7/site-packages/airflow/example_dags/example_branch_datetime_operator.py
[2022-12-14T17:53:31.647+0000] {processor.py:766} INFO - DAG(s) dict_keys(['example_branch_datetime_operator_2', 'example_branch_datetime_operator_3', 'example_branch_datetime_operator']) retrieved from /home/airflow/.local/lib/python3.7/site-packages/airflow/example_dags/example_branch_datetime_operator.py
[2022-12-14T17:53:31.720+0000] {logging_mixin.py:137} INFO - [2022-12-14T17:53:31.720+0000] {dag.py:2585} INFO - Sync 3 DAGs
[2022-12-14T17:53:31.766+0000] {logging_mixin.py:137} INFO - [2022-12-14T17:53:31.766+0000] {dag.py:3340} INFO - Setting next_dagrun for example_branch_datetime_operator to 2022-12-13T00:00:00+00:00, run_after=2022-12-14T00:00:00+00:00
[2022-12-14T17:53:31.774+0000] {logging_mixin.py:137} INFO - [2022-12-14T17:53:31.773+0000] {dag.py:3340} INFO - Setting next_dagrun for example_branch_datetime_operator_2 to 2022-12-13T00:00:00+00:00, run_after=2022-12-14T00:00:00+00:00
[2022-12-14T17:53:31.778+0000] {logging_mixin.py:137} INFO - [2022-12-14T17:53:31.777+0000] {dag.py:3340} INFO - Setting next_dagrun for example_branch_datetime_operator_3 to 2022-12-13T00:00:00+00:00, run_after=2022-12-14T00:00:00+00:00
[2022-12-14T17:53:31.801+0000] {processor.py:176} INFO - Processing /home/airflow/.local/lib/python3.7/site-packages/airflow/example_dags/example_branch_datetime_operator.py took 0.191 seconds
[2022-12-14T17:54:02.152+0000] {processor.py:154} INFO - Started process (PID=1425) to work on /home/airflow/.local/lib/python3.7/site-packages/airflow/example_dags/example_branch_datetime_operator.py
[2022-12-14T17:54:02.153+0000] {processor.py:756} INFO - Processing file /home/airflow/.local/lib/python3.7/site-packages/airflow/example_dags/example_branch_datetime_operator.py for tasks to queue
[2022-12-14T17:54:02.154+0000] {logging_mixin.py:137} INFO - [2022-12-14T17:54:02.154+0000] {dagbag.py:537} INFO - Filling up the DagBag from /home/airflow/.local/lib/python3.7/site-packages/airflow/example_dags/example_branch_datetime_operator.py
[2022-12-14T17:54:02.189+0000] {processor.py:766} INFO - DAG(s) dict_keys(['example_branch_datetime_operator', 'example_branch_datetime_operator_3', 'example_branch_datetime_operator_2']) retrieved from /home/airflow/.local/lib/python3.7/site-packages/airflow/example_dags/example_branch_datetime_operator.py
[2022-12-14T17:54:02.269+0000] {logging_mixin.py:137} INFO - [2022-12-14T17:54:02.269+0000] {dag.py:2585} INFO - Sync 3 DAGs
[2022-12-14T17:54:02.329+0000] {logging_mixin.py:137} INFO - [2022-12-14T17:54:02.329+0000] {dag.py:3340} INFO - Setting next_dagrun for example_branch_datetime_operator to 2022-12-13T00:00:00+00:00, run_after=2022-12-14T00:00:00+00:00
[2022-12-14T17:54:02.338+0000] {logging_mixin.py:137} INFO - [2022-12-14T17:54:02.338+0000] {dag.py:3340} INFO - Setting next_dagrun for example_branch_datetime_operator_2 to 2022-12-13T00:00:00+00:00, run_after=2022-12-14T00:00:00+00:00
[2022-12-14T17:54:02.344+0000] {logging_mixin.py:137} INFO - [2022-12-14T17:54:02.344+0000] {dag.py:3340} INFO - Setting next_dagrun for example_branch_datetime_operator_3 to 2022-12-13T00:00:00+00:00, run_after=2022-12-14T00:00:00+00:00
[2022-12-14T17:54:02.386+0000] {processor.py:176} INFO - Processing /home/airflow/.local/lib/python3.7/site-packages/airflow/example_dags/example_branch_datetime_operator.py took 0.239 seconds
[2022-12-14T17:54:33.137+0000] {processor.py:154} INFO - Started process (PID=1486) to work on /home/airflow/.local/lib/python3.7/site-packages/airflow/example_dags/example_branch_datetime_operator.py
[2022-12-14T17:54:33.139+0000] {processor.py:756} INFO - Processing file /home/airflow/.local/lib/python3.7/site-packages/airflow/example_dags/example_branch_datetime_operator.py for tasks to queue
[2022-12-14T17:54:33.140+0000] {logging_mixin.py:137} INFO - [2022-12-14T17:54:33.140+0000] {dagbag.py:537} INFO - Filling up the DagBag from /home/airflow/.local/lib/python3.7/site-packages/airflow/example_dags/example_branch_datetime_operator.py
[2022-12-14T17:54:33.185+0000] {processor.py:766} INFO - DAG(s) dict_keys(['example_branch_datetime_operator', 'example_branch_datetime_operator_3', 'example_branch_datetime_operator_2']) retrieved from /home/airflow/.local/lib/python3.7/site-packages/airflow/example_dags/example_branch_datetime_operator.py
[2022-12-14T17:54:33.273+0000] {logging_mixin.py:137} INFO - [2022-12-14T17:54:33.273+0000] {dag.py:2585} INFO - Sync 3 DAGs
[2022-12-14T17:54:33.349+0000] {logging_mixin.py:137} INFO - [2022-12-14T17:54:33.349+0000] {dag.py:3340} INFO - Setting next_dagrun for example_branch_datetime_operator to 2022-12-13T00:00:00+00:00, run_after=2022-12-14T00:00:00+00:00
[2022-12-14T17:54:33.361+0000] {logging_mixin.py:137} INFO - [2022-12-14T17:54:33.361+0000] {dag.py:3340} INFO - Setting next_dagrun for example_branch_datetime_operator_2 to 2022-12-13T00:00:00+00:00, run_after=2022-12-14T00:00:00+00:00
[2022-12-14T17:54:33.367+0000] {logging_mixin.py:137} INFO - [2022-12-14T17:54:33.367+0000] {dag.py:3340} INFO - Setting next_dagrun for example_branch_datetime_operator_3 to 2022-12-13T00:00:00+00:00, run_after=2022-12-14T00:00:00+00:00
[2022-12-14T17:54:33.404+0000] {processor.py:176} INFO - Processing /home/airflow/.local/lib/python3.7/site-packages/airflow/example_dags/example_branch_datetime_operator.py took 0.272 seconds
[2022-12-14T17:55:03.941+0000] {processor.py:154} INFO - Started process (PID=1542) to work on /home/airflow/.local/lib/python3.7/site-packages/airflow/example_dags/example_branch_datetime_operator.py
[2022-12-14T17:55:03.942+0000] {processor.py:756} INFO - Processing file /home/airflow/.local/lib/python3.7/site-packages/airflow/example_dags/example_branch_datetime_operator.py for tasks to queue
[2022-12-14T17:55:03.943+0000] {logging_mixin.py:137} INFO - [2022-12-14T17:55:03.942+0000] {dagbag.py:537} INFO - Filling up the DagBag from /home/airflow/.local/lib/python3.7/site-packages/airflow/example_dags/example_branch_datetime_operator.py
[2022-12-14T17:55:03.969+0000] {processor.py:766} INFO - DAG(s) dict_keys(['example_branch_datetime_operator', 'example_branch_datetime_operator_3', 'example_branch_datetime_operator_2']) retrieved from /home/airflow/.local/lib/python3.7/site-packages/airflow/example_dags/example_branch_datetime_operator.py
[2022-12-14T17:55:04.052+0000] {logging_mixin.py:137} INFO - [2022-12-14T17:55:04.052+0000] {dag.py:2585} INFO - Sync 3 DAGs
[2022-12-14T17:55:04.105+0000] {logging_mixin.py:137} INFO - [2022-12-14T17:55:04.105+0000] {dag.py:3340} INFO - Setting next_dagrun for example_branch_datetime_operator to 2022-12-13T00:00:00+00:00, run_after=2022-12-14T00:00:00+00:00
[2022-12-14T17:55:04.115+0000] {logging_mixin.py:137} INFO - [2022-12-14T17:55:04.115+0000] {dag.py:3340} INFO - Setting next_dagrun for example_branch_datetime_operator_2 to 2022-12-13T00:00:00+00:00, run_after=2022-12-14T00:00:00+00:00
[2022-12-14T17:55:04.121+0000] {logging_mixin.py:137} INFO - [2022-12-14T17:55:04.121+0000] {dag.py:3340} INFO - Setting next_dagrun for example_branch_datetime_operator_3 to 2022-12-13T00:00:00+00:00, run_after=2022-12-14T00:00:00+00:00
[2022-12-14T17:55:04.145+0000] {processor.py:176} INFO - Processing /home/airflow/.local/lib/python3.7/site-packages/airflow/example_dags/example_branch_datetime_operator.py took 0.213 seconds
[2022-12-14T17:55:34.747+0000] {processor.py:154} INFO - Started process (PID=1595) to work on /home/airflow/.local/lib/python3.7/site-packages/airflow/example_dags/example_branch_datetime_operator.py
[2022-12-14T17:55:34.749+0000] {processor.py:756} INFO - Processing file /home/airflow/.local/lib/python3.7/site-packages/airflow/example_dags/example_branch_datetime_operator.py for tasks to queue
[2022-12-14T17:55:34.749+0000] {logging_mixin.py:137} INFO - [2022-12-14T17:55:34.749+0000] {dagbag.py:537} INFO - Filling up the DagBag from /home/airflow/.local/lib/python3.7/site-packages/airflow/example_dags/example_branch_datetime_operator.py
[2022-12-14T17:55:34.793+0000] {processor.py:766} INFO - DAG(s) dict_keys(['example_branch_datetime_operator_3', 'example_branch_datetime_operator', 'example_branch_datetime_operator_2']) retrieved from /home/airflow/.local/lib/python3.7/site-packages/airflow/example_dags/example_branch_datetime_operator.py
[2022-12-14T17:55:34.883+0000] {logging_mixin.py:137} INFO - [2022-12-14T17:55:34.882+0000] {dag.py:2585} INFO - Sync 3 DAGs
[2022-12-14T17:55:34.938+0000] {logging_mixin.py:137} INFO - [2022-12-14T17:55:34.938+0000] {dag.py:3340} INFO - Setting next_dagrun for example_branch_datetime_operator to 2022-12-13T00:00:00+00:00, run_after=2022-12-14T00:00:00+00:00
[2022-12-14T17:55:34.947+0000] {logging_mixin.py:137} INFO - [2022-12-14T17:55:34.947+0000] {dag.py:3340} INFO - Setting next_dagrun for example_branch_datetime_operator_2 to 2022-12-13T00:00:00+00:00, run_after=2022-12-14T00:00:00+00:00
[2022-12-14T17:55:34.954+0000] {logging_mixin.py:137} INFO - [2022-12-14T17:55:34.954+0000] {dag.py:3340} INFO - Setting next_dagrun for example_branch_datetime_operator_3 to 2022-12-13T00:00:00+00:00, run_after=2022-12-14T00:00:00+00:00
[2022-12-14T17:55:34.981+0000] {processor.py:176} INFO - Processing /home/airflow/.local/lib/python3.7/site-packages/airflow/example_dags/example_branch_datetime_operator.py took 0.239 seconds
[2022-12-14T17:56:05.446+0000] {processor.py:154} INFO - Started process (PID=1648) to work on /home/airflow/.local/lib/python3.7/site-packages/airflow/example_dags/example_branch_datetime_operator.py
[2022-12-14T17:56:05.447+0000] {processor.py:756} INFO - Processing file /home/airflow/.local/lib/python3.7/site-packages/airflow/example_dags/example_branch_datetime_operator.py for tasks to queue
[2022-12-14T17:56:05.447+0000] {logging_mixin.py:137} INFO - [2022-12-14T17:56:05.447+0000] {dagbag.py:537} INFO - Filling up the DagBag from /home/airflow/.local/lib/python3.7/site-packages/airflow/example_dags/example_branch_datetime_operator.py
[2022-12-14T17:56:05.474+0000] {processor.py:766} INFO - DAG(s) dict_keys(['example_branch_datetime_operator_3', 'example_branch_datetime_operator_2', 'example_branch_datetime_operator']) retrieved from /home/airflow/.local/lib/python3.7/site-packages/airflow/example_dags/example_branch_datetime_operator.py
[2022-12-14T17:56:05.548+0000] {logging_mixin.py:137} INFO - [2022-12-14T17:56:05.548+0000] {dag.py:2585} INFO - Sync 3 DAGs
[2022-12-14T17:56:05.599+0000] {logging_mixin.py:137} INFO - [2022-12-14T17:56:05.599+0000] {dag.py:3340} INFO - Setting next_dagrun for example_branch_datetime_operator to 2022-12-13T00:00:00+00:00, run_after=2022-12-14T00:00:00+00:00
[2022-12-14T17:56:05.607+0000] {logging_mixin.py:137} INFO - [2022-12-14T17:56:05.607+0000] {dag.py:3340} INFO - Setting next_dagrun for example_branch_datetime_operator_2 to 2022-12-13T00:00:00+00:00, run_after=2022-12-14T00:00:00+00:00
[2022-12-14T17:56:05.613+0000] {logging_mixin.py:137} INFO - [2022-12-14T17:56:05.612+0000] {dag.py:3340} INFO - Setting next_dagrun for example_branch_datetime_operator_3 to 2022-12-13T00:00:00+00:00, run_after=2022-12-14T00:00:00+00:00
[2022-12-14T17:56:05.640+0000] {processor.py:176} INFO - Processing /home/airflow/.local/lib/python3.7/site-packages/airflow/example_dags/example_branch_datetime_operator.py took 0.198 seconds
[2022-12-14T17:56:36.480+0000] {processor.py:154} INFO - Started process (PID=1700) to work on /home/airflow/.local/lib/python3.7/site-packages/airflow/example_dags/example_branch_datetime_operator.py
[2022-12-14T17:56:36.481+0000] {processor.py:756} INFO - Processing file /home/airflow/.local/lib/python3.7/site-packages/airflow/example_dags/example_branch_datetime_operator.py for tasks to queue
[2022-12-14T17:56:36.484+0000] {logging_mixin.py:137} INFO - [2022-12-14T17:56:36.483+0000] {dagbag.py:537} INFO - Filling up the DagBag from /home/airflow/.local/lib/python3.7/site-packages/airflow/example_dags/example_branch_datetime_operator.py
[2022-12-14T17:56:36.518+0000] {processor.py:766} INFO - DAG(s) dict_keys(['example_branch_datetime_operator_2', 'example_branch_datetime_operator', 'example_branch_datetime_operator_3']) retrieved from /home/airflow/.local/lib/python3.7/site-packages/airflow/example_dags/example_branch_datetime_operator.py
[2022-12-14T17:56:36.608+0000] {logging_mixin.py:137} INFO - [2022-12-14T17:56:36.608+0000] {dag.py:2585} INFO - Sync 3 DAGs
[2022-12-14T17:56:36.685+0000] {logging_mixin.py:137} INFO - [2022-12-14T17:56:36.684+0000] {dag.py:3340} INFO - Setting next_dagrun for example_branch_datetime_operator to 2022-12-13T00:00:00+00:00, run_after=2022-12-14T00:00:00+00:00
[2022-12-14T17:56:36.706+0000] {logging_mixin.py:137} INFO - [2022-12-14T17:56:36.705+0000] {dag.py:3340} INFO - Setting next_dagrun for example_branch_datetime_operator_2 to 2022-12-13T00:00:00+00:00, run_after=2022-12-14T00:00:00+00:00
[2022-12-14T17:56:36.717+0000] {logging_mixin.py:137} INFO - [2022-12-14T17:56:36.717+0000] {dag.py:3340} INFO - Setting next_dagrun for example_branch_datetime_operator_3 to 2022-12-13T00:00:00+00:00, run_after=2022-12-14T00:00:00+00:00
[2022-12-14T17:56:36.820+0000] {processor.py:176} INFO - Processing /home/airflow/.local/lib/python3.7/site-packages/airflow/example_dags/example_branch_datetime_operator.py took 0.346 seconds
[2022-12-14T18:00:14.364+0000] {processor.py:154} INFO - Started process (PID=111) to work on /home/airflow/.local/lib/python3.7/site-packages/airflow/example_dags/example_branch_datetime_operator.py
[2022-12-14T18:00:14.375+0000] {processor.py:756} INFO - Processing file /home/airflow/.local/lib/python3.7/site-packages/airflow/example_dags/example_branch_datetime_operator.py for tasks to queue
[2022-12-14T18:00:14.376+0000] {logging_mixin.py:137} INFO - [2022-12-14T18:00:14.376+0000] {dagbag.py:537} INFO - Filling up the DagBag from /home/airflow/.local/lib/python3.7/site-packages/airflow/example_dags/example_branch_datetime_operator.py
[2022-12-14T18:00:14.446+0000] {processor.py:766} INFO - DAG(s) dict_keys(['example_branch_datetime_operator', 'example_branch_datetime_operator_3', 'example_branch_datetime_operator_2']) retrieved from /home/airflow/.local/lib/python3.7/site-packages/airflow/example_dags/example_branch_datetime_operator.py
[2022-12-14T18:00:14.603+0000] {logging_mixin.py:137} INFO - [2022-12-14T18:00:14.602+0000] {dag.py:2585} INFO - Sync 3 DAGs
[2022-12-14T18:00:14.694+0000] {logging_mixin.py:137} INFO - [2022-12-14T18:00:14.693+0000] {dag.py:3340} INFO - Setting next_dagrun for example_branch_datetime_operator to 2022-12-13T00:00:00+00:00, run_after=2022-12-14T00:00:00+00:00
[2022-12-14T18:00:14.715+0000] {logging_mixin.py:137} INFO - [2022-12-14T18:00:14.715+0000] {dag.py:3340} INFO - Setting next_dagrun for example_branch_datetime_operator_2 to 2022-12-13T00:00:00+00:00, run_after=2022-12-14T00:00:00+00:00
[2022-12-14T18:00:14.727+0000] {logging_mixin.py:137} INFO - [2022-12-14T18:00:14.727+0000] {dag.py:3340} INFO - Setting next_dagrun for example_branch_datetime_operator_3 to 2022-12-13T00:00:00+00:00, run_after=2022-12-14T00:00:00+00:00
[2022-12-14T18:00:14.779+0000] {processor.py:176} INFO - Processing /home/airflow/.local/lib/python3.7/site-packages/airflow/example_dags/example_branch_datetime_operator.py took 0.420 seconds
[2022-12-14T18:00:45.593+0000] {processor.py:154} INFO - Started process (PID=165) to work on /home/airflow/.local/lib/python3.7/site-packages/airflow/example_dags/example_branch_datetime_operator.py
[2022-12-14T18:00:45.594+0000] {processor.py:756} INFO - Processing file /home/airflow/.local/lib/python3.7/site-packages/airflow/example_dags/example_branch_datetime_operator.py for tasks to queue
[2022-12-14T18:00:45.595+0000] {logging_mixin.py:137} INFO - [2022-12-14T18:00:45.595+0000] {dagbag.py:537} INFO - Filling up the DagBag from /home/airflow/.local/lib/python3.7/site-packages/airflow/example_dags/example_branch_datetime_operator.py
[2022-12-14T18:00:45.647+0000] {processor.py:766} INFO - DAG(s) dict_keys(['example_branch_datetime_operator_2', 'example_branch_datetime_operator', 'example_branch_datetime_operator_3']) retrieved from /home/airflow/.local/lib/python3.7/site-packages/airflow/example_dags/example_branch_datetime_operator.py
[2022-12-14T18:00:45.739+0000] {logging_mixin.py:137} INFO - [2022-12-14T18:00:45.739+0000] {dag.py:2585} INFO - Sync 3 DAGs
[2022-12-14T18:00:45.804+0000] {logging_mixin.py:137} INFO - [2022-12-14T18:00:45.804+0000] {dag.py:3340} INFO - Setting next_dagrun for example_branch_datetime_operator to 2022-12-13T00:00:00+00:00, run_after=2022-12-14T00:00:00+00:00
[2022-12-14T18:00:45.815+0000] {logging_mixin.py:137} INFO - [2022-12-14T18:00:45.815+0000] {dag.py:3340} INFO - Setting next_dagrun for example_branch_datetime_operator_2 to 2022-12-13T00:00:00+00:00, run_after=2022-12-14T00:00:00+00:00
[2022-12-14T18:00:45.821+0000] {logging_mixin.py:137} INFO - [2022-12-14T18:00:45.821+0000] {dag.py:3340} INFO - Setting next_dagrun for example_branch_datetime_operator_3 to 2022-12-13T00:00:00+00:00, run_after=2022-12-14T00:00:00+00:00
[2022-12-14T18:00:45.854+0000] {processor.py:176} INFO - Processing /home/airflow/.local/lib/python3.7/site-packages/airflow/example_dags/example_branch_datetime_operator.py took 0.281 seconds
[2022-12-14T18:01:17.113+0000] {processor.py:154} INFO - Started process (PID=231) to work on /home/airflow/.local/lib/python3.7/site-packages/airflow/example_dags/example_branch_datetime_operator.py
[2022-12-14T18:01:17.127+0000] {processor.py:756} INFO - Processing file /home/airflow/.local/lib/python3.7/site-packages/airflow/example_dags/example_branch_datetime_operator.py for tasks to queue
[2022-12-14T18:01:17.129+0000] {logging_mixin.py:137} INFO - [2022-12-14T18:01:17.128+0000] {dagbag.py:537} INFO - Filling up the DagBag from /home/airflow/.local/lib/python3.7/site-packages/airflow/example_dags/example_branch_datetime_operator.py
[2022-12-14T18:01:17.164+0000] {processor.py:766} INFO - DAG(s) dict_keys(['example_branch_datetime_operator', 'example_branch_datetime_operator_3', 'example_branch_datetime_operator_2']) retrieved from /home/airflow/.local/lib/python3.7/site-packages/airflow/example_dags/example_branch_datetime_operator.py
[2022-12-14T18:01:17.255+0000] {logging_mixin.py:137} INFO - [2022-12-14T18:01:17.255+0000] {dag.py:2585} INFO - Sync 3 DAGs
[2022-12-14T18:01:17.320+0000] {logging_mixin.py:137} INFO - [2022-12-14T18:01:17.320+0000] {dag.py:3340} INFO - Setting next_dagrun for example_branch_datetime_operator to 2022-12-13T00:00:00+00:00, run_after=2022-12-14T00:00:00+00:00
[2022-12-14T18:01:17.331+0000] {logging_mixin.py:137} INFO - [2022-12-14T18:01:17.331+0000] {dag.py:3340} INFO - Setting next_dagrun for example_branch_datetime_operator_2 to 2022-12-13T00:00:00+00:00, run_after=2022-12-14T00:00:00+00:00
[2022-12-14T18:01:17.337+0000] {logging_mixin.py:137} INFO - [2022-12-14T18:01:17.337+0000] {dag.py:3340} INFO - Setting next_dagrun for example_branch_datetime_operator_3 to 2022-12-13T00:00:00+00:00, run_after=2022-12-14T00:00:00+00:00
[2022-12-14T18:01:17.366+0000] {processor.py:176} INFO - Processing /home/airflow/.local/lib/python3.7/site-packages/airflow/example_dags/example_branch_datetime_operator.py took 0.258 seconds
[2022-12-14T18:01:48.636+0000] {processor.py:154} INFO - Started process (PID=286) to work on /home/airflow/.local/lib/python3.7/site-packages/airflow/example_dags/example_branch_datetime_operator.py
[2022-12-14T18:01:48.637+0000] {processor.py:756} INFO - Processing file /home/airflow/.local/lib/python3.7/site-packages/airflow/example_dags/example_branch_datetime_operator.py for tasks to queue
[2022-12-14T18:01:48.639+0000] {logging_mixin.py:137} INFO - [2022-12-14T18:01:48.638+0000] {dagbag.py:537} INFO - Filling up the DagBag from /home/airflow/.local/lib/python3.7/site-packages/airflow/example_dags/example_branch_datetime_operator.py
[2022-12-14T18:01:48.676+0000] {processor.py:766} INFO - DAG(s) dict_keys(['example_branch_datetime_operator', 'example_branch_datetime_operator_2', 'example_branch_datetime_operator_3']) retrieved from /home/airflow/.local/lib/python3.7/site-packages/airflow/example_dags/example_branch_datetime_operator.py
[2022-12-14T18:01:48.776+0000] {logging_mixin.py:137} INFO - [2022-12-14T18:01:48.776+0000] {dag.py:2585} INFO - Sync 3 DAGs
[2022-12-14T18:01:48.850+0000] {logging_mixin.py:137} INFO - [2022-12-14T18:01:48.850+0000] {dag.py:3340} INFO - Setting next_dagrun for example_branch_datetime_operator to 2022-12-13T00:00:00+00:00, run_after=2022-12-14T00:00:00+00:00
[2022-12-14T18:01:48.861+0000] {logging_mixin.py:137} INFO - [2022-12-14T18:01:48.861+0000] {dag.py:3340} INFO - Setting next_dagrun for example_branch_datetime_operator_2 to 2022-12-13T00:00:00+00:00, run_after=2022-12-14T00:00:00+00:00
[2022-12-14T18:01:48.867+0000] {logging_mixin.py:137} INFO - [2022-12-14T18:01:48.867+0000] {dag.py:3340} INFO - Setting next_dagrun for example_branch_datetime_operator_3 to 2022-12-13T00:00:00+00:00, run_after=2022-12-14T00:00:00+00:00
[2022-12-14T18:01:48.899+0000] {processor.py:176} INFO - Processing /home/airflow/.local/lib/python3.7/site-packages/airflow/example_dags/example_branch_datetime_operator.py took 0.271 seconds
[2022-12-14T18:02:19.789+0000] {processor.py:154} INFO - Started process (PID=349) to work on /home/airflow/.local/lib/python3.7/site-packages/airflow/example_dags/example_branch_datetime_operator.py
[2022-12-14T18:02:19.791+0000] {processor.py:756} INFO - Processing file /home/airflow/.local/lib/python3.7/site-packages/airflow/example_dags/example_branch_datetime_operator.py for tasks to queue
[2022-12-14T18:02:19.792+0000] {logging_mixin.py:137} INFO - [2022-12-14T18:02:19.792+0000] {dagbag.py:537} INFO - Filling up the DagBag from /home/airflow/.local/lib/python3.7/site-packages/airflow/example_dags/example_branch_datetime_operator.py
[2022-12-14T18:02:19.829+0000] {processor.py:766} INFO - DAG(s) dict_keys(['example_branch_datetime_operator_3', 'example_branch_datetime_operator', 'example_branch_datetime_operator_2']) retrieved from /home/airflow/.local/lib/python3.7/site-packages/airflow/example_dags/example_branch_datetime_operator.py
[2022-12-14T18:02:19.952+0000] {logging_mixin.py:137} INFO - [2022-12-14T18:02:19.952+0000] {dag.py:2585} INFO - Sync 3 DAGs
[2022-12-14T18:02:20.012+0000] {logging_mixin.py:137} INFO - [2022-12-14T18:02:20.012+0000] {dag.py:3340} INFO - Setting next_dagrun for example_branch_datetime_operator to 2022-12-13T00:00:00+00:00, run_after=2022-12-14T00:00:00+00:00
[2022-12-14T18:02:20.023+0000] {logging_mixin.py:137} INFO - [2022-12-14T18:02:20.022+0000] {dag.py:3340} INFO - Setting next_dagrun for example_branch_datetime_operator_2 to 2022-12-13T00:00:00+00:00, run_after=2022-12-14T00:00:00+00:00
[2022-12-14T18:02:20.029+0000] {logging_mixin.py:137} INFO - [2022-12-14T18:02:20.029+0000] {dag.py:3340} INFO - Setting next_dagrun for example_branch_datetime_operator_3 to 2022-12-13T00:00:00+00:00, run_after=2022-12-14T00:00:00+00:00
[2022-12-14T18:02:20.059+0000] {processor.py:176} INFO - Processing /home/airflow/.local/lib/python3.7/site-packages/airflow/example_dags/example_branch_datetime_operator.py took 0.276 seconds
[2022-12-14T18:02:51.043+0000] {processor.py:154} INFO - Started process (PID=403) to work on /home/airflow/.local/lib/python3.7/site-packages/airflow/example_dags/example_branch_datetime_operator.py
[2022-12-14T18:02:51.044+0000] {processor.py:756} INFO - Processing file /home/airflow/.local/lib/python3.7/site-packages/airflow/example_dags/example_branch_datetime_operator.py for tasks to queue
[2022-12-14T18:02:51.044+0000] {logging_mixin.py:137} INFO - [2022-12-14T18:02:51.044+0000] {dagbag.py:537} INFO - Filling up the DagBag from /home/airflow/.local/lib/python3.7/site-packages/airflow/example_dags/example_branch_datetime_operator.py
[2022-12-14T18:02:51.079+0000] {processor.py:766} INFO - DAG(s) dict_keys(['example_branch_datetime_operator_2', 'example_branch_datetime_operator', 'example_branch_datetime_operator_3']) retrieved from /home/airflow/.local/lib/python3.7/site-packages/airflow/example_dags/example_branch_datetime_operator.py
[2022-12-14T18:02:51.159+0000] {logging_mixin.py:137} INFO - [2022-12-14T18:02:51.159+0000] {dag.py:2585} INFO - Sync 3 DAGs
[2022-12-14T18:02:51.211+0000] {logging_mixin.py:137} INFO - [2022-12-14T18:02:51.210+0000] {dag.py:3340} INFO - Setting next_dagrun for example_branch_datetime_operator to 2022-12-13T00:00:00+00:00, run_after=2022-12-14T00:00:00+00:00
[2022-12-14T18:02:51.220+0000] {logging_mixin.py:137} INFO - [2022-12-14T18:02:51.219+0000] {dag.py:3340} INFO - Setting next_dagrun for example_branch_datetime_operator_2 to 2022-12-13T00:00:00+00:00, run_after=2022-12-14T00:00:00+00:00
[2022-12-14T18:02:51.225+0000] {logging_mixin.py:137} INFO - [2022-12-14T18:02:51.225+0000] {dag.py:3340} INFO - Setting next_dagrun for example_branch_datetime_operator_3 to 2022-12-13T00:00:00+00:00, run_after=2022-12-14T00:00:00+00:00
[2022-12-14T18:02:51.254+0000] {processor.py:176} INFO - Processing /home/airflow/.local/lib/python3.7/site-packages/airflow/example_dags/example_branch_datetime_operator.py took 0.217 seconds
[2022-12-14T18:03:23.294+0000] {processor.py:154} INFO - Started process (PID=456) to work on /home/airflow/.local/lib/python3.7/site-packages/airflow/example_dags/example_branch_datetime_operator.py
[2022-12-14T18:03:23.295+0000] {processor.py:756} INFO - Processing file /home/airflow/.local/lib/python3.7/site-packages/airflow/example_dags/example_branch_datetime_operator.py for tasks to queue
[2022-12-14T18:03:23.296+0000] {logging_mixin.py:137} INFO - [2022-12-14T18:03:23.296+0000] {dagbag.py:537} INFO - Filling up the DagBag from /home/airflow/.local/lib/python3.7/site-packages/airflow/example_dags/example_branch_datetime_operator.py
[2022-12-14T18:03:23.384+0000] {processor.py:766} INFO - DAG(s) dict_keys(['example_branch_datetime_operator', 'example_branch_datetime_operator_3', 'example_branch_datetime_operator_2']) retrieved from /home/airflow/.local/lib/python3.7/site-packages/airflow/example_dags/example_branch_datetime_operator.py
[2022-12-14T18:03:23.621+0000] {logging_mixin.py:137} INFO - [2022-12-14T18:03:23.620+0000] {dag.py:2585} INFO - Sync 3 DAGs
[2022-12-14T18:03:23.742+0000] {logging_mixin.py:137} INFO - [2022-12-14T18:03:23.742+0000] {dag.py:3340} INFO - Setting next_dagrun for example_branch_datetime_operator to 2022-12-13T00:00:00+00:00, run_after=2022-12-14T00:00:00+00:00
[2022-12-14T18:03:23.753+0000] {logging_mixin.py:137} INFO - [2022-12-14T18:03:23.753+0000] {dag.py:3340} INFO - Setting next_dagrun for example_branch_datetime_operator_2 to 2022-12-13T00:00:00+00:00, run_after=2022-12-14T00:00:00+00:00
[2022-12-14T18:03:23.758+0000] {logging_mixin.py:137} INFO - [2022-12-14T18:03:23.758+0000] {dag.py:3340} INFO - Setting next_dagrun for example_branch_datetime_operator_3 to 2022-12-13T00:00:00+00:00, run_after=2022-12-14T00:00:00+00:00
[2022-12-14T18:03:23.789+0000] {processor.py:176} INFO - Processing /home/airflow/.local/lib/python3.7/site-packages/airflow/example_dags/example_branch_datetime_operator.py took 0.514 seconds
[2022-12-14T18:03:54.392+0000] {processor.py:154} INFO - Started process (PID=519) to work on /home/airflow/.local/lib/python3.7/site-packages/airflow/example_dags/example_branch_datetime_operator.py
[2022-12-14T18:03:54.394+0000] {processor.py:756} INFO - Processing file /home/airflow/.local/lib/python3.7/site-packages/airflow/example_dags/example_branch_datetime_operator.py for tasks to queue
[2022-12-14T18:03:54.394+0000] {logging_mixin.py:137} INFO - [2022-12-14T18:03:54.394+0000] {dagbag.py:537} INFO - Filling up the DagBag from /home/airflow/.local/lib/python3.7/site-packages/airflow/example_dags/example_branch_datetime_operator.py
[2022-12-14T18:03:54.429+0000] {processor.py:766} INFO - DAG(s) dict_keys(['example_branch_datetime_operator_2', 'example_branch_datetime_operator', 'example_branch_datetime_operator_3']) retrieved from /home/airflow/.local/lib/python3.7/site-packages/airflow/example_dags/example_branch_datetime_operator.py
[2022-12-14T18:03:54.509+0000] {logging_mixin.py:137} INFO - [2022-12-14T18:03:54.509+0000] {dag.py:2585} INFO - Sync 3 DAGs
[2022-12-14T18:03:54.569+0000] {logging_mixin.py:137} INFO - [2022-12-14T18:03:54.569+0000] {dag.py:3340} INFO - Setting next_dagrun for example_branch_datetime_operator to 2022-12-13T00:00:00+00:00, run_after=2022-12-14T00:00:00+00:00
[2022-12-14T18:03:54.577+0000] {logging_mixin.py:137} INFO - [2022-12-14T18:03:54.577+0000] {dag.py:3340} INFO - Setting next_dagrun for example_branch_datetime_operator_2 to 2022-12-13T00:00:00+00:00, run_after=2022-12-14T00:00:00+00:00
[2022-12-14T18:03:54.582+0000] {logging_mixin.py:137} INFO - [2022-12-14T18:03:54.582+0000] {dag.py:3340} INFO - Setting next_dagrun for example_branch_datetime_operator_3 to 2022-12-13T00:00:00+00:00, run_after=2022-12-14T00:00:00+00:00
[2022-12-14T18:03:54.607+0000] {processor.py:176} INFO - Processing /home/airflow/.local/lib/python3.7/site-packages/airflow/example_dags/example_branch_datetime_operator.py took 0.218 seconds
[2022-12-14T18:04:25.260+0000] {processor.py:154} INFO - Started process (PID=574) to work on /home/airflow/.local/lib/python3.7/site-packages/airflow/example_dags/example_branch_datetime_operator.py
[2022-12-14T18:04:25.261+0000] {processor.py:756} INFO - Processing file /home/airflow/.local/lib/python3.7/site-packages/airflow/example_dags/example_branch_datetime_operator.py for tasks to queue
[2022-12-14T18:04:25.262+0000] {logging_mixin.py:137} INFO - [2022-12-14T18:04:25.262+0000] {dagbag.py:537} INFO - Filling up the DagBag from /home/airflow/.local/lib/python3.7/site-packages/airflow/example_dags/example_branch_datetime_operator.py
[2022-12-14T18:04:25.294+0000] {processor.py:766} INFO - DAG(s) dict_keys(['example_branch_datetime_operator', 'example_branch_datetime_operator_2', 'example_branch_datetime_operator_3']) retrieved from /home/airflow/.local/lib/python3.7/site-packages/airflow/example_dags/example_branch_datetime_operator.py
[2022-12-14T18:04:25.371+0000] {logging_mixin.py:137} INFO - [2022-12-14T18:04:25.371+0000] {dag.py:2585} INFO - Sync 3 DAGs
[2022-12-14T18:04:25.429+0000] {logging_mixin.py:137} INFO - [2022-12-14T18:04:25.429+0000] {dag.py:3340} INFO - Setting next_dagrun for example_branch_datetime_operator to 2022-12-13T00:00:00+00:00, run_after=2022-12-14T00:00:00+00:00
[2022-12-14T18:04:25.439+0000] {logging_mixin.py:137} INFO - [2022-12-14T18:04:25.438+0000] {dag.py:3340} INFO - Setting next_dagrun for example_branch_datetime_operator_2 to 2022-12-13T00:00:00+00:00, run_after=2022-12-14T00:00:00+00:00
[2022-12-14T18:04:25.444+0000] {logging_mixin.py:137} INFO - [2022-12-14T18:04:25.443+0000] {dag.py:3340} INFO - Setting next_dagrun for example_branch_datetime_operator_3 to 2022-12-13T00:00:00+00:00, run_after=2022-12-14T00:00:00+00:00
[2022-12-14T18:04:25.469+0000] {processor.py:176} INFO - Processing /home/airflow/.local/lib/python3.7/site-packages/airflow/example_dags/example_branch_datetime_operator.py took 0.212 seconds
[2022-12-14T18:04:56.907+0000] {processor.py:154} INFO - Started process (PID=629) to work on /home/airflow/.local/lib/python3.7/site-packages/airflow/example_dags/example_branch_datetime_operator.py
[2022-12-14T18:04:56.909+0000] {processor.py:756} INFO - Processing file /home/airflow/.local/lib/python3.7/site-packages/airflow/example_dags/example_branch_datetime_operator.py for tasks to queue
[2022-12-14T18:04:56.910+0000] {logging_mixin.py:137} INFO - [2022-12-14T18:04:56.910+0000] {dagbag.py:537} INFO - Filling up the DagBag from /home/airflow/.local/lib/python3.7/site-packages/airflow/example_dags/example_branch_datetime_operator.py
[2022-12-14T18:04:56.950+0000] {processor.py:766} INFO - DAG(s) dict_keys(['example_branch_datetime_operator_3', 'example_branch_datetime_operator_2', 'example_branch_datetime_operator']) retrieved from /home/airflow/.local/lib/python3.7/site-packages/airflow/example_dags/example_branch_datetime_operator.py
[2022-12-14T18:04:57.100+0000] {logging_mixin.py:137} INFO - [2022-12-14T18:04:57.099+0000] {dag.py:2585} INFO - Sync 3 DAGs
[2022-12-14T18:04:57.196+0000] {logging_mixin.py:137} INFO - [2022-12-14T18:04:57.196+0000] {dag.py:3340} INFO - Setting next_dagrun for example_branch_datetime_operator to 2022-12-13T00:00:00+00:00, run_after=2022-12-14T00:00:00+00:00
[2022-12-14T18:04:57.207+0000] {logging_mixin.py:137} INFO - [2022-12-14T18:04:57.207+0000] {dag.py:3340} INFO - Setting next_dagrun for example_branch_datetime_operator_2 to 2022-12-13T00:00:00+00:00, run_after=2022-12-14T00:00:00+00:00
[2022-12-14T18:04:57.213+0000] {logging_mixin.py:137} INFO - [2022-12-14T18:04:57.213+0000] {dag.py:3340} INFO - Setting next_dagrun for example_branch_datetime_operator_3 to 2022-12-13T00:00:00+00:00, run_after=2022-12-14T00:00:00+00:00
[2022-12-14T18:04:57.281+0000] {processor.py:176} INFO - Processing /home/airflow/.local/lib/python3.7/site-packages/airflow/example_dags/example_branch_datetime_operator.py took 0.378 seconds
[2022-12-14T18:05:27.961+0000] {processor.py:154} INFO - Started process (PID=693) to work on /home/airflow/.local/lib/python3.7/site-packages/airflow/example_dags/example_branch_datetime_operator.py
[2022-12-14T18:05:27.963+0000] {processor.py:756} INFO - Processing file /home/airflow/.local/lib/python3.7/site-packages/airflow/example_dags/example_branch_datetime_operator.py for tasks to queue
[2022-12-14T18:05:27.964+0000] {logging_mixin.py:137} INFO - [2022-12-14T18:05:27.964+0000] {dagbag.py:537} INFO - Filling up the DagBag from /home/airflow/.local/lib/python3.7/site-packages/airflow/example_dags/example_branch_datetime_operator.py
[2022-12-14T18:05:28.002+0000] {processor.py:766} INFO - DAG(s) dict_keys(['example_branch_datetime_operator_2', 'example_branch_datetime_operator', 'example_branch_datetime_operator_3']) retrieved from /home/airflow/.local/lib/python3.7/site-packages/airflow/example_dags/example_branch_datetime_operator.py
[2022-12-14T18:05:28.088+0000] {logging_mixin.py:137} INFO - [2022-12-14T18:05:28.088+0000] {dag.py:2585} INFO - Sync 3 DAGs
[2022-12-14T18:05:28.149+0000] {logging_mixin.py:137} INFO - [2022-12-14T18:05:28.149+0000] {dag.py:3340} INFO - Setting next_dagrun for example_branch_datetime_operator to 2022-12-13T00:00:00+00:00, run_after=2022-12-14T00:00:00+00:00
[2022-12-14T18:05:28.159+0000] {logging_mixin.py:137} INFO - [2022-12-14T18:05:28.159+0000] {dag.py:3340} INFO - Setting next_dagrun for example_branch_datetime_operator_2 to 2022-12-13T00:00:00+00:00, run_after=2022-12-14T00:00:00+00:00
[2022-12-14T18:05:28.164+0000] {logging_mixin.py:137} INFO - [2022-12-14T18:05:28.164+0000] {dag.py:3340} INFO - Setting next_dagrun for example_branch_datetime_operator_3 to 2022-12-13T00:00:00+00:00, run_after=2022-12-14T00:00:00+00:00
[2022-12-14T18:05:28.193+0000] {processor.py:176} INFO - Processing /home/airflow/.local/lib/python3.7/site-packages/airflow/example_dags/example_branch_datetime_operator.py took 0.239 seconds
[2022-12-14T18:05:58.939+0000] {processor.py:154} INFO - Started process (PID=748) to work on /home/airflow/.local/lib/python3.7/site-packages/airflow/example_dags/example_branch_datetime_operator.py
[2022-12-14T18:05:59.006+0000] {processor.py:756} INFO - Processing file /home/airflow/.local/lib/python3.7/site-packages/airflow/example_dags/example_branch_datetime_operator.py for tasks to queue
[2022-12-14T18:05:59.008+0000] {logging_mixin.py:137} INFO - [2022-12-14T18:05:59.007+0000] {dagbag.py:537} INFO - Filling up the DagBag from /home/airflow/.local/lib/python3.7/site-packages/airflow/example_dags/example_branch_datetime_operator.py
[2022-12-14T18:05:59.067+0000] {processor.py:766} INFO - DAG(s) dict_keys(['example_branch_datetime_operator_2', 'example_branch_datetime_operator_3', 'example_branch_datetime_operator']) retrieved from /home/airflow/.local/lib/python3.7/site-packages/airflow/example_dags/example_branch_datetime_operator.py
[2022-12-14T18:05:59.175+0000] {logging_mixin.py:137} INFO - [2022-12-14T18:05:59.174+0000] {dag.py:2585} INFO - Sync 3 DAGs
[2022-12-14T18:05:59.247+0000] {logging_mixin.py:137} INFO - [2022-12-14T18:05:59.246+0000] {dag.py:3340} INFO - Setting next_dagrun for example_branch_datetime_operator to 2022-12-13T00:00:00+00:00, run_after=2022-12-14T00:00:00+00:00
[2022-12-14T18:05:59.263+0000] {logging_mixin.py:137} INFO - [2022-12-14T18:05:59.263+0000] {dag.py:3340} INFO - Setting next_dagrun for example_branch_datetime_operator_2 to 2022-12-13T00:00:00+00:00, run_after=2022-12-14T00:00:00+00:00
[2022-12-14T18:05:59.268+0000] {logging_mixin.py:137} INFO - [2022-12-14T18:05:59.268+0000] {dag.py:3340} INFO - Setting next_dagrun for example_branch_datetime_operator_3 to 2022-12-13T00:00:00+00:00, run_after=2022-12-14T00:00:00+00:00
[2022-12-14T18:05:59.295+0000] {processor.py:176} INFO - Processing /home/airflow/.local/lib/python3.7/site-packages/airflow/example_dags/example_branch_datetime_operator.py took 0.363 seconds
[2022-12-14T18:06:30.508+0000] {processor.py:154} INFO - Started process (PID=811) to work on /home/airflow/.local/lib/python3.7/site-packages/airflow/example_dags/example_branch_datetime_operator.py
[2022-12-14T18:06:30.509+0000] {processor.py:756} INFO - Processing file /home/airflow/.local/lib/python3.7/site-packages/airflow/example_dags/example_branch_datetime_operator.py for tasks to queue
[2022-12-14T18:06:30.510+0000] {logging_mixin.py:137} INFO - [2022-12-14T18:06:30.510+0000] {dagbag.py:537} INFO - Filling up the DagBag from /home/airflow/.local/lib/python3.7/site-packages/airflow/example_dags/example_branch_datetime_operator.py
[2022-12-14T18:06:30.546+0000] {processor.py:766} INFO - DAG(s) dict_keys(['example_branch_datetime_operator_3', 'example_branch_datetime_operator', 'example_branch_datetime_operator_2']) retrieved from /home/airflow/.local/lib/python3.7/site-packages/airflow/example_dags/example_branch_datetime_operator.py
[2022-12-14T18:06:30.636+0000] {logging_mixin.py:137} INFO - [2022-12-14T18:06:30.636+0000] {dag.py:2585} INFO - Sync 3 DAGs
[2022-12-14T18:06:30.719+0000] {logging_mixin.py:137} INFO - [2022-12-14T18:06:30.719+0000] {dag.py:3340} INFO - Setting next_dagrun for example_branch_datetime_operator to 2022-12-13T00:00:00+00:00, run_after=2022-12-14T00:00:00+00:00
[2022-12-14T18:06:30.732+0000] {logging_mixin.py:137} INFO - [2022-12-14T18:06:30.732+0000] {dag.py:3340} INFO - Setting next_dagrun for example_branch_datetime_operator_2 to 2022-12-13T00:00:00+00:00, run_after=2022-12-14T00:00:00+00:00
[2022-12-14T18:06:30.745+0000] {logging_mixin.py:137} INFO - [2022-12-14T18:06:30.745+0000] {dag.py:3340} INFO - Setting next_dagrun for example_branch_datetime_operator_3 to 2022-12-13T00:00:00+00:00, run_after=2022-12-14T00:00:00+00:00
[2022-12-14T18:06:30.844+0000] {processor.py:176} INFO - Processing /home/airflow/.local/lib/python3.7/site-packages/airflow/example_dags/example_branch_datetime_operator.py took 0.341 seconds
