[2022-12-14T17:42:06.509+0000] {processor.py:154} INFO - Started process (PID=95) to work on /home/airflow/.local/lib/python3.7/site-packages/airflow/example_dags/example_bash_operator.py
[2022-12-14T17:42:06.510+0000] {processor.py:756} INFO - Processing file /home/airflow/.local/lib/python3.7/site-packages/airflow/example_dags/example_bash_operator.py for tasks to queue
[2022-12-14T17:42:06.510+0000] {logging_mixin.py:137} INFO - [2022-12-14T17:42:06.510+0000] {dagbag.py:537} INFO - Filling up the DagBag from /home/airflow/.local/lib/python3.7/site-packages/airflow/example_dags/example_bash_operator.py
[2022-12-14T17:42:06.561+0000] {processor.py:766} INFO - DAG(s) dict_keys(['example_bash_operator']) retrieved from /home/airflow/.local/lib/python3.7/site-packages/airflow/example_dags/example_bash_operator.py
[2022-12-14T17:42:06.654+0000] {logging_mixin.py:137} INFO - [2022-12-14T17:42:06.654+0000] {dag.py:2585} INFO - Sync 1 DAGs
[2022-12-14T17:42:06.712+0000] {logging_mixin.py:137} INFO - [2022-12-14T17:42:06.711+0000] {dag.py:3340} INFO - Setting next_dagrun for example_bash_operator to 2022-12-13T00:00:00+00:00, run_after=2022-12-14T00:00:00+00:00
[2022-12-14T17:42:06.747+0000] {processor.py:176} INFO - Processing /home/airflow/.local/lib/python3.7/site-packages/airflow/example_dags/example_bash_operator.py took 0.246 seconds
[2022-12-14T17:42:37.263+0000] {processor.py:154} INFO - Started process (PID=155) to work on /home/airflow/.local/lib/python3.7/site-packages/airflow/example_dags/example_bash_operator.py
[2022-12-14T17:42:37.264+0000] {processor.py:756} INFO - Processing file /home/airflow/.local/lib/python3.7/site-packages/airflow/example_dags/example_bash_operator.py for tasks to queue
[2022-12-14T17:42:37.265+0000] {logging_mixin.py:137} INFO - [2022-12-14T17:42:37.265+0000] {dagbag.py:537} INFO - Filling up the DagBag from /home/airflow/.local/lib/python3.7/site-packages/airflow/example_dags/example_bash_operator.py
[2022-12-14T17:42:37.328+0000] {processor.py:766} INFO - DAG(s) dict_keys(['example_bash_operator']) retrieved from /home/airflow/.local/lib/python3.7/site-packages/airflow/example_dags/example_bash_operator.py
[2022-12-14T17:42:37.488+0000] {logging_mixin.py:137} INFO - [2022-12-14T17:42:37.488+0000] {dag.py:2585} INFO - Sync 1 DAGs
[2022-12-14T17:42:37.544+0000] {logging_mixin.py:137} INFO - [2022-12-14T17:42:37.543+0000] {dag.py:3340} INFO - Setting next_dagrun for example_bash_operator to 2022-12-13T00:00:00+00:00, run_after=2022-12-14T00:00:00+00:00
[2022-12-14T17:42:37.596+0000] {processor.py:176} INFO - Processing /home/airflow/.local/lib/python3.7/site-packages/airflow/example_dags/example_bash_operator.py took 0.338 seconds
[2022-12-14T17:43:08.040+0000] {processor.py:154} INFO - Started process (PID=212) to work on /home/airflow/.local/lib/python3.7/site-packages/airflow/example_dags/example_bash_operator.py
[2022-12-14T17:43:08.041+0000] {processor.py:756} INFO - Processing file /home/airflow/.local/lib/python3.7/site-packages/airflow/example_dags/example_bash_operator.py for tasks to queue
[2022-12-14T17:43:08.042+0000] {logging_mixin.py:137} INFO - [2022-12-14T17:43:08.041+0000] {dagbag.py:537} INFO - Filling up the DagBag from /home/airflow/.local/lib/python3.7/site-packages/airflow/example_dags/example_bash_operator.py
[2022-12-14T17:43:08.079+0000] {processor.py:766} INFO - DAG(s) dict_keys(['example_bash_operator']) retrieved from /home/airflow/.local/lib/python3.7/site-packages/airflow/example_dags/example_bash_operator.py
[2022-12-14T17:43:08.160+0000] {logging_mixin.py:137} INFO - [2022-12-14T17:43:08.160+0000] {dag.py:2585} INFO - Sync 1 DAGs
[2022-12-14T17:43:08.214+0000] {logging_mixin.py:137} INFO - [2022-12-14T17:43:08.213+0000] {dag.py:3340} INFO - Setting next_dagrun for example_bash_operator to 2022-12-13T00:00:00+00:00, run_after=2022-12-14T00:00:00+00:00
[2022-12-14T17:43:08.250+0000] {processor.py:176} INFO - Processing /home/airflow/.local/lib/python3.7/site-packages/airflow/example_dags/example_bash_operator.py took 0.213 seconds
[2022-12-14T17:43:38.708+0000] {processor.py:154} INFO - Started process (PID=268) to work on /home/airflow/.local/lib/python3.7/site-packages/airflow/example_dags/example_bash_operator.py
[2022-12-14T17:43:38.709+0000] {processor.py:756} INFO - Processing file /home/airflow/.local/lib/python3.7/site-packages/airflow/example_dags/example_bash_operator.py for tasks to queue
[2022-12-14T17:43:38.710+0000] {logging_mixin.py:137} INFO - [2022-12-14T17:43:38.710+0000] {dagbag.py:537} INFO - Filling up the DagBag from /home/airflow/.local/lib/python3.7/site-packages/airflow/example_dags/example_bash_operator.py
[2022-12-14T17:43:38.751+0000] {processor.py:766} INFO - DAG(s) dict_keys(['example_bash_operator']) retrieved from /home/airflow/.local/lib/python3.7/site-packages/airflow/example_dags/example_bash_operator.py
[2022-12-14T17:43:38.834+0000] {logging_mixin.py:137} INFO - [2022-12-14T17:43:38.833+0000] {dag.py:2585} INFO - Sync 1 DAGs
[2022-12-14T17:43:38.890+0000] {logging_mixin.py:137} INFO - [2022-12-14T17:43:38.889+0000] {dag.py:3340} INFO - Setting next_dagrun for example_bash_operator to 2022-12-13T00:00:00+00:00, run_after=2022-12-14T00:00:00+00:00
[2022-12-14T17:43:38.919+0000] {processor.py:176} INFO - Processing /home/airflow/.local/lib/python3.7/site-packages/airflow/example_dags/example_bash_operator.py took 0.215 seconds
[2022-12-14T17:44:09.407+0000] {processor.py:154} INFO - Started process (PID=332) to work on /home/airflow/.local/lib/python3.7/site-packages/airflow/example_dags/example_bash_operator.py
[2022-12-14T17:44:09.408+0000] {processor.py:756} INFO - Processing file /home/airflow/.local/lib/python3.7/site-packages/airflow/example_dags/example_bash_operator.py for tasks to queue
[2022-12-14T17:44:09.409+0000] {logging_mixin.py:137} INFO - [2022-12-14T17:44:09.409+0000] {dagbag.py:537} INFO - Filling up the DagBag from /home/airflow/.local/lib/python3.7/site-packages/airflow/example_dags/example_bash_operator.py
[2022-12-14T17:44:09.443+0000] {processor.py:766} INFO - DAG(s) dict_keys(['example_bash_operator']) retrieved from /home/airflow/.local/lib/python3.7/site-packages/airflow/example_dags/example_bash_operator.py
[2022-12-14T17:44:09.527+0000] {logging_mixin.py:137} INFO - [2022-12-14T17:44:09.527+0000] {dag.py:2585} INFO - Sync 1 DAGs
[2022-12-14T17:44:09.579+0000] {logging_mixin.py:137} INFO - [2022-12-14T17:44:09.579+0000] {dag.py:3340} INFO - Setting next_dagrun for example_bash_operator to 2022-12-13T00:00:00+00:00, run_after=2022-12-14T00:00:00+00:00
[2022-12-14T17:44:09.605+0000] {processor.py:176} INFO - Processing /home/airflow/.local/lib/python3.7/site-packages/airflow/example_dags/example_bash_operator.py took 0.202 seconds
[2022-12-14T17:44:39.888+0000] {processor.py:154} INFO - Started process (PID=386) to work on /home/airflow/.local/lib/python3.7/site-packages/airflow/example_dags/example_bash_operator.py
[2022-12-14T17:44:39.889+0000] {processor.py:756} INFO - Processing file /home/airflow/.local/lib/python3.7/site-packages/airflow/example_dags/example_bash_operator.py for tasks to queue
[2022-12-14T17:44:39.890+0000] {logging_mixin.py:137} INFO - [2022-12-14T17:44:39.890+0000] {dagbag.py:537} INFO - Filling up the DagBag from /home/airflow/.local/lib/python3.7/site-packages/airflow/example_dags/example_bash_operator.py
[2022-12-14T17:44:39.969+0000] {processor.py:766} INFO - DAG(s) dict_keys(['example_bash_operator']) retrieved from /home/airflow/.local/lib/python3.7/site-packages/airflow/example_dags/example_bash_operator.py
[2022-12-14T17:44:40.081+0000] {logging_mixin.py:137} INFO - [2022-12-14T17:44:40.081+0000] {dag.py:2585} INFO - Sync 1 DAGs
[2022-12-14T17:44:40.135+0000] {logging_mixin.py:137} INFO - [2022-12-14T17:44:40.135+0000] {dag.py:3340} INFO - Setting next_dagrun for example_bash_operator to 2022-12-13T00:00:00+00:00, run_after=2022-12-14T00:00:00+00:00
[2022-12-14T17:44:40.160+0000] {processor.py:176} INFO - Processing /home/airflow/.local/lib/python3.7/site-packages/airflow/example_dags/example_bash_operator.py took 0.277 seconds
[2022-12-14T17:45:10.652+0000] {processor.py:154} INFO - Started process (PID=449) to work on /home/airflow/.local/lib/python3.7/site-packages/airflow/example_dags/example_bash_operator.py
[2022-12-14T17:45:10.653+0000] {processor.py:756} INFO - Processing file /home/airflow/.local/lib/python3.7/site-packages/airflow/example_dags/example_bash_operator.py for tasks to queue
[2022-12-14T17:45:10.654+0000] {logging_mixin.py:137} INFO - [2022-12-14T17:45:10.653+0000] {dagbag.py:537} INFO - Filling up the DagBag from /home/airflow/.local/lib/python3.7/site-packages/airflow/example_dags/example_bash_operator.py
[2022-12-14T17:45:10.690+0000] {processor.py:766} INFO - DAG(s) dict_keys(['example_bash_operator']) retrieved from /home/airflow/.local/lib/python3.7/site-packages/airflow/example_dags/example_bash_operator.py
[2022-12-14T17:45:10.770+0000] {logging_mixin.py:137} INFO - [2022-12-14T17:45:10.770+0000] {dag.py:2585} INFO - Sync 1 DAGs
[2022-12-14T17:45:10.824+0000] {logging_mixin.py:137} INFO - [2022-12-14T17:45:10.824+0000] {dag.py:3340} INFO - Setting next_dagrun for example_bash_operator to 2022-12-13T00:00:00+00:00, run_after=2022-12-14T00:00:00+00:00
[2022-12-14T17:45:10.858+0000] {processor.py:176} INFO - Processing /home/airflow/.local/lib/python3.7/site-packages/airflow/example_dags/example_bash_operator.py took 0.210 seconds
[2022-12-14T17:45:40.893+0000] {processor.py:154} INFO - Started process (PID=504) to work on /home/airflow/.local/lib/python3.7/site-packages/airflow/example_dags/example_bash_operator.py
[2022-12-14T17:45:40.894+0000] {processor.py:756} INFO - Processing file /home/airflow/.local/lib/python3.7/site-packages/airflow/example_dags/example_bash_operator.py for tasks to queue
[2022-12-14T17:45:40.895+0000] {logging_mixin.py:137} INFO - [2022-12-14T17:45:40.895+0000] {dagbag.py:537} INFO - Filling up the DagBag from /home/airflow/.local/lib/python3.7/site-packages/airflow/example_dags/example_bash_operator.py
[2022-12-14T17:45:40.927+0000] {processor.py:766} INFO - DAG(s) dict_keys(['example_bash_operator']) retrieved from /home/airflow/.local/lib/python3.7/site-packages/airflow/example_dags/example_bash_operator.py
[2022-12-14T17:45:41.003+0000] {logging_mixin.py:137} INFO - [2022-12-14T17:45:41.003+0000] {dag.py:2585} INFO - Sync 1 DAGs
[2022-12-14T17:45:41.057+0000] {logging_mixin.py:137} INFO - [2022-12-14T17:45:41.057+0000] {dag.py:3340} INFO - Setting next_dagrun for example_bash_operator to 2022-12-13T00:00:00+00:00, run_after=2022-12-14T00:00:00+00:00
[2022-12-14T17:45:41.109+0000] {processor.py:176} INFO - Processing /home/airflow/.local/lib/python3.7/site-packages/airflow/example_dags/example_bash_operator.py took 0.222 seconds
[2022-12-14T17:46:12.548+0000] {processor.py:154} INFO - Started process (PID=567) to work on /home/airflow/.local/lib/python3.7/site-packages/airflow/example_dags/example_bash_operator.py
[2022-12-14T17:46:12.549+0000] {processor.py:756} INFO - Processing file /home/airflow/.local/lib/python3.7/site-packages/airflow/example_dags/example_bash_operator.py for tasks to queue
[2022-12-14T17:46:12.550+0000] {logging_mixin.py:137} INFO - [2022-12-14T17:46:12.550+0000] {dagbag.py:537} INFO - Filling up the DagBag from /home/airflow/.local/lib/python3.7/site-packages/airflow/example_dags/example_bash_operator.py
[2022-12-14T17:46:12.587+0000] {processor.py:766} INFO - DAG(s) dict_keys(['example_bash_operator']) retrieved from /home/airflow/.local/lib/python3.7/site-packages/airflow/example_dags/example_bash_operator.py
[2022-12-14T17:46:12.670+0000] {logging_mixin.py:137} INFO - [2022-12-14T17:46:12.669+0000] {dag.py:2585} INFO - Sync 1 DAGs
[2022-12-14T17:46:12.724+0000] {logging_mixin.py:137} INFO - [2022-12-14T17:46:12.724+0000] {dag.py:3340} INFO - Setting next_dagrun for example_bash_operator to 2022-12-13T00:00:00+00:00, run_after=2022-12-14T00:00:00+00:00
[2022-12-14T17:46:12.754+0000] {processor.py:176} INFO - Processing /home/airflow/.local/lib/python3.7/site-packages/airflow/example_dags/example_bash_operator.py took 0.210 seconds
[2022-12-14T17:46:42.986+0000] {processor.py:154} INFO - Started process (PID=620) to work on /home/airflow/.local/lib/python3.7/site-packages/airflow/example_dags/example_bash_operator.py
[2022-12-14T17:46:42.987+0000] {processor.py:756} INFO - Processing file /home/airflow/.local/lib/python3.7/site-packages/airflow/example_dags/example_bash_operator.py for tasks to queue
[2022-12-14T17:46:42.988+0000] {logging_mixin.py:137} INFO - [2022-12-14T17:46:42.988+0000] {dagbag.py:537} INFO - Filling up the DagBag from /home/airflow/.local/lib/python3.7/site-packages/airflow/example_dags/example_bash_operator.py
[2022-12-14T17:46:43.022+0000] {processor.py:766} INFO - DAG(s) dict_keys(['example_bash_operator']) retrieved from /home/airflow/.local/lib/python3.7/site-packages/airflow/example_dags/example_bash_operator.py
[2022-12-14T17:46:43.096+0000] {logging_mixin.py:137} INFO - [2022-12-14T17:46:43.096+0000] {dag.py:2585} INFO - Sync 1 DAGs
[2022-12-14T17:46:43.140+0000] {logging_mixin.py:137} INFO - [2022-12-14T17:46:43.140+0000] {dag.py:3340} INFO - Setting next_dagrun for example_bash_operator to 2022-12-13T00:00:00+00:00, run_after=2022-12-14T00:00:00+00:00
[2022-12-14T17:46:43.260+0000] {processor.py:176} INFO - Processing /home/airflow/.local/lib/python3.7/site-packages/airflow/example_dags/example_bash_operator.py took 0.278 seconds
[2022-12-14T17:47:14.226+0000] {processor.py:154} INFO - Started process (PID=674) to work on /home/airflow/.local/lib/python3.7/site-packages/airflow/example_dags/example_bash_operator.py
[2022-12-14T17:47:14.235+0000] {processor.py:756} INFO - Processing file /home/airflow/.local/lib/python3.7/site-packages/airflow/example_dags/example_bash_operator.py for tasks to queue
[2022-12-14T17:47:14.235+0000] {logging_mixin.py:137} INFO - [2022-12-14T17:47:14.235+0000] {dagbag.py:537} INFO - Filling up the DagBag from /home/airflow/.local/lib/python3.7/site-packages/airflow/example_dags/example_bash_operator.py
[2022-12-14T17:47:14.314+0000] {processor.py:766} INFO - DAG(s) dict_keys(['example_bash_operator']) retrieved from /home/airflow/.local/lib/python3.7/site-packages/airflow/example_dags/example_bash_operator.py
[2022-12-14T17:47:14.507+0000] {logging_mixin.py:137} INFO - [2022-12-14T17:47:14.506+0000] {dag.py:2585} INFO - Sync 1 DAGs
[2022-12-14T17:47:14.595+0000] {logging_mixin.py:137} INFO - [2022-12-14T17:47:14.595+0000] {dag.py:3340} INFO - Setting next_dagrun for example_bash_operator to 2022-12-13T00:00:00+00:00, run_after=2022-12-14T00:00:00+00:00
[2022-12-14T17:47:14.664+0000] {processor.py:176} INFO - Processing /home/airflow/.local/lib/python3.7/site-packages/airflow/example_dags/example_bash_operator.py took 0.446 seconds
[2022-12-14T17:47:45.079+0000] {processor.py:154} INFO - Started process (PID=737) to work on /home/airflow/.local/lib/python3.7/site-packages/airflow/example_dags/example_bash_operator.py
[2022-12-14T17:47:45.080+0000] {processor.py:756} INFO - Processing file /home/airflow/.local/lib/python3.7/site-packages/airflow/example_dags/example_bash_operator.py for tasks to queue
[2022-12-14T17:47:45.081+0000] {logging_mixin.py:137} INFO - [2022-12-14T17:47:45.081+0000] {dagbag.py:537} INFO - Filling up the DagBag from /home/airflow/.local/lib/python3.7/site-packages/airflow/example_dags/example_bash_operator.py
[2022-12-14T17:47:45.115+0000] {processor.py:766} INFO - DAG(s) dict_keys(['example_bash_operator']) retrieved from /home/airflow/.local/lib/python3.7/site-packages/airflow/example_dags/example_bash_operator.py
[2022-12-14T17:47:45.197+0000] {logging_mixin.py:137} INFO - [2022-12-14T17:47:45.196+0000] {dag.py:2585} INFO - Sync 1 DAGs
[2022-12-14T17:47:45.246+0000] {logging_mixin.py:137} INFO - [2022-12-14T17:47:45.246+0000] {dag.py:3340} INFO - Setting next_dagrun for example_bash_operator to 2022-12-13T00:00:00+00:00, run_after=2022-12-14T00:00:00+00:00
[2022-12-14T17:47:45.277+0000] {processor.py:176} INFO - Processing /home/airflow/.local/lib/python3.7/site-packages/airflow/example_dags/example_bash_operator.py took 0.202 seconds
[2022-12-14T17:48:15.810+0000] {processor.py:154} INFO - Started process (PID=791) to work on /home/airflow/.local/lib/python3.7/site-packages/airflow/example_dags/example_bash_operator.py
[2022-12-14T17:48:15.811+0000] {processor.py:756} INFO - Processing file /home/airflow/.local/lib/python3.7/site-packages/airflow/example_dags/example_bash_operator.py for tasks to queue
[2022-12-14T17:48:15.813+0000] {logging_mixin.py:137} INFO - [2022-12-14T17:48:15.812+0000] {dagbag.py:537} INFO - Filling up the DagBag from /home/airflow/.local/lib/python3.7/site-packages/airflow/example_dags/example_bash_operator.py
[2022-12-14T17:48:15.860+0000] {processor.py:766} INFO - DAG(s) dict_keys(['example_bash_operator']) retrieved from /home/airflow/.local/lib/python3.7/site-packages/airflow/example_dags/example_bash_operator.py
[2022-12-14T17:48:15.976+0000] {logging_mixin.py:137} INFO - [2022-12-14T17:48:15.976+0000] {dag.py:2585} INFO - Sync 1 DAGs
[2022-12-14T17:48:16.055+0000] {logging_mixin.py:137} INFO - [2022-12-14T17:48:16.054+0000] {dag.py:3340} INFO - Setting next_dagrun for example_bash_operator to 2022-12-13T00:00:00+00:00, run_after=2022-12-14T00:00:00+00:00
[2022-12-14T17:48:16.091+0000] {processor.py:176} INFO - Processing /home/airflow/.local/lib/python3.7/site-packages/airflow/example_dags/example_bash_operator.py took 0.287 seconds
[2022-12-14T17:48:46.843+0000] {processor.py:154} INFO - Started process (PID=855) to work on /home/airflow/.local/lib/python3.7/site-packages/airflow/example_dags/example_bash_operator.py
[2022-12-14T17:48:46.844+0000] {processor.py:756} INFO - Processing file /home/airflow/.local/lib/python3.7/site-packages/airflow/example_dags/example_bash_operator.py for tasks to queue
[2022-12-14T17:48:46.845+0000] {logging_mixin.py:137} INFO - [2022-12-14T17:48:46.845+0000] {dagbag.py:537} INFO - Filling up the DagBag from /home/airflow/.local/lib/python3.7/site-packages/airflow/example_dags/example_bash_operator.py
[2022-12-14T17:48:46.900+0000] {processor.py:766} INFO - DAG(s) dict_keys(['example_bash_operator']) retrieved from /home/airflow/.local/lib/python3.7/site-packages/airflow/example_dags/example_bash_operator.py
[2022-12-14T17:48:47.039+0000] {logging_mixin.py:137} INFO - [2022-12-14T17:48:47.039+0000] {dag.py:2585} INFO - Sync 1 DAGs
[2022-12-14T17:48:47.133+0000] {logging_mixin.py:137} INFO - [2022-12-14T17:48:47.133+0000] {dag.py:3340} INFO - Setting next_dagrun for example_bash_operator to 2022-12-13T00:00:00+00:00, run_after=2022-12-14T00:00:00+00:00
[2022-12-14T17:48:47.249+0000] {processor.py:176} INFO - Processing /home/airflow/.local/lib/python3.7/site-packages/airflow/example_dags/example_bash_operator.py took 0.411 seconds
[2022-12-14T17:49:17.313+0000] {processor.py:154} INFO - Started process (PID=909) to work on /home/airflow/.local/lib/python3.7/site-packages/airflow/example_dags/example_bash_operator.py
[2022-12-14T17:49:17.315+0000] {processor.py:756} INFO - Processing file /home/airflow/.local/lib/python3.7/site-packages/airflow/example_dags/example_bash_operator.py for tasks to queue
[2022-12-14T17:49:17.315+0000] {logging_mixin.py:137} INFO - [2022-12-14T17:49:17.315+0000] {dagbag.py:537} INFO - Filling up the DagBag from /home/airflow/.local/lib/python3.7/site-packages/airflow/example_dags/example_bash_operator.py
[2022-12-14T17:49:17.347+0000] {processor.py:766} INFO - DAG(s) dict_keys(['example_bash_operator']) retrieved from /home/airflow/.local/lib/python3.7/site-packages/airflow/example_dags/example_bash_operator.py
[2022-12-14T17:49:17.427+0000] {logging_mixin.py:137} INFO - [2022-12-14T17:49:17.426+0000] {dag.py:2585} INFO - Sync 1 DAGs
[2022-12-14T17:49:17.474+0000] {logging_mixin.py:137} INFO - [2022-12-14T17:49:17.474+0000] {dag.py:3340} INFO - Setting next_dagrun for example_bash_operator to 2022-12-13T00:00:00+00:00, run_after=2022-12-14T00:00:00+00:00
[2022-12-14T17:49:17.503+0000] {processor.py:176} INFO - Processing /home/airflow/.local/lib/python3.7/site-packages/airflow/example_dags/example_bash_operator.py took 0.194 seconds
[2022-12-14T17:49:47.641+0000] {processor.py:154} INFO - Started process (PID=965) to work on /home/airflow/.local/lib/python3.7/site-packages/airflow/example_dags/example_bash_operator.py
[2022-12-14T17:49:47.642+0000] {processor.py:756} INFO - Processing file /home/airflow/.local/lib/python3.7/site-packages/airflow/example_dags/example_bash_operator.py for tasks to queue
[2022-12-14T17:49:47.643+0000] {logging_mixin.py:137} INFO - [2022-12-14T17:49:47.643+0000] {dagbag.py:537} INFO - Filling up the DagBag from /home/airflow/.local/lib/python3.7/site-packages/airflow/example_dags/example_bash_operator.py
[2022-12-14T17:49:47.676+0000] {processor.py:766} INFO - DAG(s) dict_keys(['example_bash_operator']) retrieved from /home/airflow/.local/lib/python3.7/site-packages/airflow/example_dags/example_bash_operator.py
[2022-12-14T17:49:47.756+0000] {logging_mixin.py:137} INFO - [2022-12-14T17:49:47.755+0000] {dag.py:2585} INFO - Sync 1 DAGs
[2022-12-14T17:49:47.816+0000] {logging_mixin.py:137} INFO - [2022-12-14T17:49:47.815+0000] {dag.py:3340} INFO - Setting next_dagrun for example_bash_operator to 2022-12-13T00:00:00+00:00, run_after=2022-12-14T00:00:00+00:00
[2022-12-14T17:49:47.846+0000] {processor.py:176} INFO - Processing /home/airflow/.local/lib/python3.7/site-packages/airflow/example_dags/example_bash_operator.py took 0.208 seconds
[2022-12-14T17:50:19.182+0000] {processor.py:154} INFO - Started process (PID=1028) to work on /home/airflow/.local/lib/python3.7/site-packages/airflow/example_dags/example_bash_operator.py
[2022-12-14T17:50:19.191+0000] {processor.py:756} INFO - Processing file /home/airflow/.local/lib/python3.7/site-packages/airflow/example_dags/example_bash_operator.py for tasks to queue
[2022-12-14T17:50:19.193+0000] {logging_mixin.py:137} INFO - [2022-12-14T17:50:19.192+0000] {dagbag.py:537} INFO - Filling up the DagBag from /home/airflow/.local/lib/python3.7/site-packages/airflow/example_dags/example_bash_operator.py
[2022-12-14T17:50:19.275+0000] {processor.py:766} INFO - DAG(s) dict_keys(['example_bash_operator']) retrieved from /home/airflow/.local/lib/python3.7/site-packages/airflow/example_dags/example_bash_operator.py
[2022-12-14T17:50:19.415+0000] {logging_mixin.py:137} INFO - [2022-12-14T17:50:19.415+0000] {dag.py:2585} INFO - Sync 1 DAGs
[2022-12-14T17:50:19.484+0000] {logging_mixin.py:137} INFO - [2022-12-14T17:50:19.483+0000] {dag.py:3340} INFO - Setting next_dagrun for example_bash_operator to 2022-12-13T00:00:00+00:00, run_after=2022-12-14T00:00:00+00:00
[2022-12-14T17:50:19.539+0000] {processor.py:176} INFO - Processing /home/airflow/.local/lib/python3.7/site-packages/airflow/example_dags/example_bash_operator.py took 0.371 seconds
[2022-12-14T17:50:50.187+0000] {processor.py:154} INFO - Started process (PID=1083) to work on /home/airflow/.local/lib/python3.7/site-packages/airflow/example_dags/example_bash_operator.py
[2022-12-14T17:50:50.188+0000] {processor.py:756} INFO - Processing file /home/airflow/.local/lib/python3.7/site-packages/airflow/example_dags/example_bash_operator.py for tasks to queue
[2022-12-14T17:50:50.189+0000] {logging_mixin.py:137} INFO - [2022-12-14T17:50:50.189+0000] {dagbag.py:537} INFO - Filling up the DagBag from /home/airflow/.local/lib/python3.7/site-packages/airflow/example_dags/example_bash_operator.py
[2022-12-14T17:50:50.256+0000] {processor.py:766} INFO - DAG(s) dict_keys(['example_bash_operator']) retrieved from /home/airflow/.local/lib/python3.7/site-packages/airflow/example_dags/example_bash_operator.py
[2022-12-14T17:50:50.360+0000] {logging_mixin.py:137} INFO - [2022-12-14T17:50:50.359+0000] {dag.py:2585} INFO - Sync 1 DAGs
[2022-12-14T17:50:50.420+0000] {logging_mixin.py:137} INFO - [2022-12-14T17:50:50.420+0000] {dag.py:3340} INFO - Setting next_dagrun for example_bash_operator to 2022-12-13T00:00:00+00:00, run_after=2022-12-14T00:00:00+00:00
[2022-12-14T17:50:50.456+0000] {processor.py:176} INFO - Processing /home/airflow/.local/lib/python3.7/site-packages/airflow/example_dags/example_bash_operator.py took 0.274 seconds
[2022-12-14T17:51:20.680+0000] {processor.py:154} INFO - Started process (PID=1139) to work on /home/airflow/.local/lib/python3.7/site-packages/airflow/example_dags/example_bash_operator.py
[2022-12-14T17:51:20.681+0000] {processor.py:756} INFO - Processing file /home/airflow/.local/lib/python3.7/site-packages/airflow/example_dags/example_bash_operator.py for tasks to queue
[2022-12-14T17:51:20.681+0000] {logging_mixin.py:137} INFO - [2022-12-14T17:51:20.681+0000] {dagbag.py:537} INFO - Filling up the DagBag from /home/airflow/.local/lib/python3.7/site-packages/airflow/example_dags/example_bash_operator.py
[2022-12-14T17:51:20.724+0000] {processor.py:766} INFO - DAG(s) dict_keys(['example_bash_operator']) retrieved from /home/airflow/.local/lib/python3.7/site-packages/airflow/example_dags/example_bash_operator.py
[2022-12-14T17:51:20.823+0000] {logging_mixin.py:137} INFO - [2022-12-14T17:51:20.822+0000] {dag.py:2585} INFO - Sync 1 DAGs
[2022-12-14T17:51:20.879+0000] {logging_mixin.py:137} INFO - [2022-12-14T17:51:20.878+0000] {dag.py:3340} INFO - Setting next_dagrun for example_bash_operator to 2022-12-13T00:00:00+00:00, run_after=2022-12-14T00:00:00+00:00
[2022-12-14T17:51:20.934+0000] {processor.py:176} INFO - Processing /home/airflow/.local/lib/python3.7/site-packages/airflow/example_dags/example_bash_operator.py took 0.260 seconds
[2022-12-14T17:51:51.627+0000] {processor.py:154} INFO - Started process (PID=1193) to work on /home/airflow/.local/lib/python3.7/site-packages/airflow/example_dags/example_bash_operator.py
[2022-12-14T17:51:51.628+0000] {processor.py:756} INFO - Processing file /home/airflow/.local/lib/python3.7/site-packages/airflow/example_dags/example_bash_operator.py for tasks to queue
[2022-12-14T17:51:51.630+0000] {logging_mixin.py:137} INFO - [2022-12-14T17:51:51.629+0000] {dagbag.py:537} INFO - Filling up the DagBag from /home/airflow/.local/lib/python3.7/site-packages/airflow/example_dags/example_bash_operator.py
[2022-12-14T17:51:51.681+0000] {processor.py:766} INFO - DAG(s) dict_keys(['example_bash_operator']) retrieved from /home/airflow/.local/lib/python3.7/site-packages/airflow/example_dags/example_bash_operator.py
[2022-12-14T17:51:51.813+0000] {logging_mixin.py:137} INFO - [2022-12-14T17:51:51.812+0000] {dag.py:2585} INFO - Sync 1 DAGs
[2022-12-14T17:51:51.906+0000] {logging_mixin.py:137} INFO - [2022-12-14T17:51:51.906+0000] {dag.py:3340} INFO - Setting next_dagrun for example_bash_operator to 2022-12-13T00:00:00+00:00, run_after=2022-12-14T00:00:00+00:00
[2022-12-14T17:51:51.958+0000] {processor.py:176} INFO - Processing /home/airflow/.local/lib/python3.7/site-packages/airflow/example_dags/example_bash_operator.py took 0.337 seconds
[2022-12-14T17:52:22.248+0000] {processor.py:154} INFO - Started process (PID=1248) to work on /home/airflow/.local/lib/python3.7/site-packages/airflow/example_dags/example_bash_operator.py
[2022-12-14T17:52:22.249+0000] {processor.py:756} INFO - Processing file /home/airflow/.local/lib/python3.7/site-packages/airflow/example_dags/example_bash_operator.py for tasks to queue
[2022-12-14T17:52:22.250+0000] {logging_mixin.py:137} INFO - [2022-12-14T17:52:22.250+0000] {dagbag.py:537} INFO - Filling up the DagBag from /home/airflow/.local/lib/python3.7/site-packages/airflow/example_dags/example_bash_operator.py
[2022-12-14T17:52:22.295+0000] {processor.py:766} INFO - DAG(s) dict_keys(['example_bash_operator']) retrieved from /home/airflow/.local/lib/python3.7/site-packages/airflow/example_dags/example_bash_operator.py
[2022-12-14T17:52:22.414+0000] {logging_mixin.py:137} INFO - [2022-12-14T17:52:22.413+0000] {dag.py:2585} INFO - Sync 1 DAGs
[2022-12-14T17:52:22.497+0000] {logging_mixin.py:137} INFO - [2022-12-14T17:52:22.497+0000] {dag.py:3340} INFO - Setting next_dagrun for example_bash_operator to 2022-12-13T00:00:00+00:00, run_after=2022-12-14T00:00:00+00:00
[2022-12-14T17:52:22.561+0000] {processor.py:176} INFO - Processing /home/airflow/.local/lib/python3.7/site-packages/airflow/example_dags/example_bash_operator.py took 0.318 seconds
[2022-12-14T17:52:53.186+0000] {processor.py:154} INFO - Started process (PID=1302) to work on /home/airflow/.local/lib/python3.7/site-packages/airflow/example_dags/example_bash_operator.py
[2022-12-14T17:52:53.195+0000] {processor.py:756} INFO - Processing file /home/airflow/.local/lib/python3.7/site-packages/airflow/example_dags/example_bash_operator.py for tasks to queue
[2022-12-14T17:52:53.197+0000] {logging_mixin.py:137} INFO - [2022-12-14T17:52:53.197+0000] {dagbag.py:537} INFO - Filling up the DagBag from /home/airflow/.local/lib/python3.7/site-packages/airflow/example_dags/example_bash_operator.py
[2022-12-14T17:52:53.326+0000] {processor.py:766} INFO - DAG(s) dict_keys(['example_bash_operator']) retrieved from /home/airflow/.local/lib/python3.7/site-packages/airflow/example_dags/example_bash_operator.py
[2022-12-14T17:52:53.510+0000] {logging_mixin.py:137} INFO - [2022-12-14T17:52:53.510+0000] {dag.py:2585} INFO - Sync 1 DAGs
[2022-12-14T17:52:53.598+0000] {logging_mixin.py:137} INFO - [2022-12-14T17:52:53.598+0000] {dag.py:3340} INFO - Setting next_dagrun for example_bash_operator to 2022-12-13T00:00:00+00:00, run_after=2022-12-14T00:00:00+00:00
[2022-12-14T17:52:53.644+0000] {processor.py:176} INFO - Processing /home/airflow/.local/lib/python3.7/site-packages/airflow/example_dags/example_bash_operator.py took 0.467 seconds
[2022-12-14T17:53:25.461+0000] {processor.py:154} INFO - Started process (PID=1362) to work on /home/airflow/.local/lib/python3.7/site-packages/airflow/example_dags/example_bash_operator.py
[2022-12-14T17:53:25.467+0000] {processor.py:756} INFO - Processing file /home/airflow/.local/lib/python3.7/site-packages/airflow/example_dags/example_bash_operator.py for tasks to queue
[2022-12-14T17:53:25.468+0000] {logging_mixin.py:137} INFO - [2022-12-14T17:53:25.468+0000] {dagbag.py:537} INFO - Filling up the DagBag from /home/airflow/.local/lib/python3.7/site-packages/airflow/example_dags/example_bash_operator.py
[2022-12-14T17:53:25.549+0000] {processor.py:766} INFO - DAG(s) dict_keys(['example_bash_operator']) retrieved from /home/airflow/.local/lib/python3.7/site-packages/airflow/example_dags/example_bash_operator.py
[2022-12-14T17:53:25.786+0000] {logging_mixin.py:137} INFO - [2022-12-14T17:53:25.785+0000] {dag.py:2585} INFO - Sync 1 DAGs
[2022-12-14T17:53:25.882+0000] {logging_mixin.py:137} INFO - [2022-12-14T17:53:25.881+0000] {dag.py:3340} INFO - Setting next_dagrun for example_bash_operator to 2022-12-13T00:00:00+00:00, run_after=2022-12-14T00:00:00+00:00
[2022-12-14T17:53:26.059+0000] {processor.py:176} INFO - Processing /home/airflow/.local/lib/python3.7/site-packages/airflow/example_dags/example_bash_operator.py took 0.605 seconds
[2022-12-14T17:53:56.339+0000] {processor.py:154} INFO - Started process (PID=1419) to work on /home/airflow/.local/lib/python3.7/site-packages/airflow/example_dags/example_bash_operator.py
[2022-12-14T17:53:56.340+0000] {processor.py:756} INFO - Processing file /home/airflow/.local/lib/python3.7/site-packages/airflow/example_dags/example_bash_operator.py for tasks to queue
[2022-12-14T17:53:56.341+0000] {logging_mixin.py:137} INFO - [2022-12-14T17:53:56.341+0000] {dagbag.py:537} INFO - Filling up the DagBag from /home/airflow/.local/lib/python3.7/site-packages/airflow/example_dags/example_bash_operator.py
[2022-12-14T17:53:56.387+0000] {processor.py:766} INFO - DAG(s) dict_keys(['example_bash_operator']) retrieved from /home/airflow/.local/lib/python3.7/site-packages/airflow/example_dags/example_bash_operator.py
[2022-12-14T17:53:56.499+0000] {logging_mixin.py:137} INFO - [2022-12-14T17:53:56.498+0000] {dag.py:2585} INFO - Sync 1 DAGs
[2022-12-14T17:53:56.561+0000] {logging_mixin.py:137} INFO - [2022-12-14T17:53:56.561+0000] {dag.py:3340} INFO - Setting next_dagrun for example_bash_operator to 2022-12-13T00:00:00+00:00, run_after=2022-12-14T00:00:00+00:00
[2022-12-14T17:53:56.600+0000] {processor.py:176} INFO - Processing /home/airflow/.local/lib/python3.7/site-packages/airflow/example_dags/example_bash_operator.py took 0.267 seconds
[2022-12-14T17:54:27.176+0000] {processor.py:154} INFO - Started process (PID=1473) to work on /home/airflow/.local/lib/python3.7/site-packages/airflow/example_dags/example_bash_operator.py
[2022-12-14T17:54:27.178+0000] {processor.py:756} INFO - Processing file /home/airflow/.local/lib/python3.7/site-packages/airflow/example_dags/example_bash_operator.py for tasks to queue
[2022-12-14T17:54:27.179+0000] {logging_mixin.py:137} INFO - [2022-12-14T17:54:27.179+0000] {dagbag.py:537} INFO - Filling up the DagBag from /home/airflow/.local/lib/python3.7/site-packages/airflow/example_dags/example_bash_operator.py
[2022-12-14T17:54:27.225+0000] {processor.py:766} INFO - DAG(s) dict_keys(['example_bash_operator']) retrieved from /home/airflow/.local/lib/python3.7/site-packages/airflow/example_dags/example_bash_operator.py
[2022-12-14T17:54:27.333+0000] {logging_mixin.py:137} INFO - [2022-12-14T17:54:27.333+0000] {dag.py:2585} INFO - Sync 1 DAGs
[2022-12-14T17:54:27.405+0000] {logging_mixin.py:137} INFO - [2022-12-14T17:54:27.404+0000] {dag.py:3340} INFO - Setting next_dagrun for example_bash_operator to 2022-12-13T00:00:00+00:00, run_after=2022-12-14T00:00:00+00:00
[2022-12-14T17:54:27.440+0000] {processor.py:176} INFO - Processing /home/airflow/.local/lib/python3.7/site-packages/airflow/example_dags/example_bash_operator.py took 0.269 seconds
[2022-12-14T17:54:58.175+0000] {processor.py:154} INFO - Started process (PID=1527) to work on /home/airflow/.local/lib/python3.7/site-packages/airflow/example_dags/example_bash_operator.py
[2022-12-14T17:54:58.176+0000] {processor.py:756} INFO - Processing file /home/airflow/.local/lib/python3.7/site-packages/airflow/example_dags/example_bash_operator.py for tasks to queue
[2022-12-14T17:54:58.177+0000] {logging_mixin.py:137} INFO - [2022-12-14T17:54:58.177+0000] {dagbag.py:537} INFO - Filling up the DagBag from /home/airflow/.local/lib/python3.7/site-packages/airflow/example_dags/example_bash_operator.py
[2022-12-14T17:54:58.212+0000] {processor.py:766} INFO - DAG(s) dict_keys(['example_bash_operator']) retrieved from /home/airflow/.local/lib/python3.7/site-packages/airflow/example_dags/example_bash_operator.py
[2022-12-14T17:54:58.295+0000] {logging_mixin.py:137} INFO - [2022-12-14T17:54:58.294+0000] {dag.py:2585} INFO - Sync 1 DAGs
[2022-12-14T17:54:58.349+0000] {logging_mixin.py:137} INFO - [2022-12-14T17:54:58.348+0000] {dag.py:3340} INFO - Setting next_dagrun for example_bash_operator to 2022-12-13T00:00:00+00:00, run_after=2022-12-14T00:00:00+00:00
[2022-12-14T17:54:58.378+0000] {processor.py:176} INFO - Processing /home/airflow/.local/lib/python3.7/site-packages/airflow/example_dags/example_bash_operator.py took 0.209 seconds
[2022-12-14T17:55:28.697+0000] {processor.py:154} INFO - Started process (PID=1588) to work on /home/airflow/.local/lib/python3.7/site-packages/airflow/example_dags/example_bash_operator.py
[2022-12-14T17:55:28.699+0000] {processor.py:756} INFO - Processing file /home/airflow/.local/lib/python3.7/site-packages/airflow/example_dags/example_bash_operator.py for tasks to queue
[2022-12-14T17:55:28.701+0000] {logging_mixin.py:137} INFO - [2022-12-14T17:55:28.700+0000] {dagbag.py:537} INFO - Filling up the DagBag from /home/airflow/.local/lib/python3.7/site-packages/airflow/example_dags/example_bash_operator.py
[2022-12-14T17:55:28.812+0000] {processor.py:766} INFO - DAG(s) dict_keys(['example_bash_operator']) retrieved from /home/airflow/.local/lib/python3.7/site-packages/airflow/example_dags/example_bash_operator.py
[2022-12-14T17:55:29.011+0000] {logging_mixin.py:137} INFO - [2022-12-14T17:55:29.011+0000] {dag.py:2585} INFO - Sync 1 DAGs
[2022-12-14T17:55:29.181+0000] {logging_mixin.py:137} INFO - [2022-12-14T17:55:29.180+0000] {dag.py:3340} INFO - Setting next_dagrun for example_bash_operator to 2022-12-13T00:00:00+00:00, run_after=2022-12-14T00:00:00+00:00
[2022-12-14T17:55:29.246+0000] {processor.py:176} INFO - Processing /home/airflow/.local/lib/python3.7/site-packages/airflow/example_dags/example_bash_operator.py took 0.573 seconds
[2022-12-14T17:55:59.442+0000] {processor.py:154} INFO - Started process (PID=1641) to work on /home/airflow/.local/lib/python3.7/site-packages/airflow/example_dags/example_bash_operator.py
[2022-12-14T17:55:59.451+0000] {processor.py:756} INFO - Processing file /home/airflow/.local/lib/python3.7/site-packages/airflow/example_dags/example_bash_operator.py for tasks to queue
[2022-12-14T17:55:59.452+0000] {logging_mixin.py:137} INFO - [2022-12-14T17:55:59.452+0000] {dagbag.py:537} INFO - Filling up the DagBag from /home/airflow/.local/lib/python3.7/site-packages/airflow/example_dags/example_bash_operator.py
[2022-12-14T17:55:59.512+0000] {processor.py:766} INFO - DAG(s) dict_keys(['example_bash_operator']) retrieved from /home/airflow/.local/lib/python3.7/site-packages/airflow/example_dags/example_bash_operator.py
[2022-12-14T17:55:59.618+0000] {logging_mixin.py:137} INFO - [2022-12-14T17:55:59.618+0000] {dag.py:2585} INFO - Sync 1 DAGs
[2022-12-14T17:55:59.704+0000] {logging_mixin.py:137} INFO - [2022-12-14T17:55:59.704+0000] {dag.py:3340} INFO - Setting next_dagrun for example_bash_operator to 2022-12-13T00:00:00+00:00, run_after=2022-12-14T00:00:00+00:00
[2022-12-14T17:55:59.737+0000] {processor.py:176} INFO - Processing /home/airflow/.local/lib/python3.7/site-packages/airflow/example_dags/example_bash_operator.py took 0.309 seconds
[2022-12-14T17:56:30.493+0000] {processor.py:154} INFO - Started process (PID=1693) to work on /home/airflow/.local/lib/python3.7/site-packages/airflow/example_dags/example_bash_operator.py
[2022-12-14T17:56:30.494+0000] {processor.py:756} INFO - Processing file /home/airflow/.local/lib/python3.7/site-packages/airflow/example_dags/example_bash_operator.py for tasks to queue
[2022-12-14T17:56:30.495+0000] {logging_mixin.py:137} INFO - [2022-12-14T17:56:30.495+0000] {dagbag.py:537} INFO - Filling up the DagBag from /home/airflow/.local/lib/python3.7/site-packages/airflow/example_dags/example_bash_operator.py
[2022-12-14T17:56:30.537+0000] {processor.py:766} INFO - DAG(s) dict_keys(['example_bash_operator']) retrieved from /home/airflow/.local/lib/python3.7/site-packages/airflow/example_dags/example_bash_operator.py
[2022-12-14T17:56:30.625+0000] {logging_mixin.py:137} INFO - [2022-12-14T17:56:30.624+0000] {dag.py:2585} INFO - Sync 1 DAGs
[2022-12-14T17:56:30.684+0000] {logging_mixin.py:137} INFO - [2022-12-14T17:56:30.684+0000] {dag.py:3340} INFO - Setting next_dagrun for example_bash_operator to 2022-12-13T00:00:00+00:00, run_after=2022-12-14T00:00:00+00:00
[2022-12-14T17:56:30.714+0000] {processor.py:176} INFO - Processing /home/airflow/.local/lib/python3.7/site-packages/airflow/example_dags/example_bash_operator.py took 0.226 seconds
[2022-12-14T18:00:10.796+0000] {processor.py:154} INFO - Started process (PID=103) to work on /home/airflow/.local/lib/python3.7/site-packages/airflow/example_dags/example_bash_operator.py
[2022-12-14T18:00:10.807+0000] {processor.py:756} INFO - Processing file /home/airflow/.local/lib/python3.7/site-packages/airflow/example_dags/example_bash_operator.py for tasks to queue
[2022-12-14T18:00:10.808+0000] {logging_mixin.py:137} INFO - [2022-12-14T18:00:10.808+0000] {dagbag.py:537} INFO - Filling up the DagBag from /home/airflow/.local/lib/python3.7/site-packages/airflow/example_dags/example_bash_operator.py
[2022-12-14T18:00:10.940+0000] {processor.py:766} INFO - DAG(s) dict_keys(['example_bash_operator']) retrieved from /home/airflow/.local/lib/python3.7/site-packages/airflow/example_dags/example_bash_operator.py
[2022-12-14T18:00:11.391+0000] {logging_mixin.py:137} INFO - [2022-12-14T18:00:11.391+0000] {dag.py:2585} INFO - Sync 1 DAGs
[2022-12-14T18:00:11.571+0000] {logging_mixin.py:137} INFO - [2022-12-14T18:00:11.571+0000] {dag.py:3340} INFO - Setting next_dagrun for example_bash_operator to 2022-12-13T00:00:00+00:00, run_after=2022-12-14T00:00:00+00:00
[2022-12-14T18:00:11.687+0000] {processor.py:176} INFO - Processing /home/airflow/.local/lib/python3.7/site-packages/airflow/example_dags/example_bash_operator.py took 0.910 seconds
[2022-12-14T18:00:41.993+0000] {processor.py:154} INFO - Started process (PID=157) to work on /home/airflow/.local/lib/python3.7/site-packages/airflow/example_dags/example_bash_operator.py
[2022-12-14T18:00:41.994+0000] {processor.py:756} INFO - Processing file /home/airflow/.local/lib/python3.7/site-packages/airflow/example_dags/example_bash_operator.py for tasks to queue
[2022-12-14T18:00:41.995+0000] {logging_mixin.py:137} INFO - [2022-12-14T18:00:41.995+0000] {dagbag.py:537} INFO - Filling up the DagBag from /home/airflow/.local/lib/python3.7/site-packages/airflow/example_dags/example_bash_operator.py
[2022-12-14T18:00:42.033+0000] {processor.py:766} INFO - DAG(s) dict_keys(['example_bash_operator']) retrieved from /home/airflow/.local/lib/python3.7/site-packages/airflow/example_dags/example_bash_operator.py
[2022-12-14T18:00:42.125+0000] {logging_mixin.py:137} INFO - [2022-12-14T18:00:42.124+0000] {dag.py:2585} INFO - Sync 1 DAGs
[2022-12-14T18:00:42.194+0000] {logging_mixin.py:137} INFO - [2022-12-14T18:00:42.194+0000] {dag.py:3340} INFO - Setting next_dagrun for example_bash_operator to 2022-12-13T00:00:00+00:00, run_after=2022-12-14T00:00:00+00:00
[2022-12-14T18:00:42.240+0000] {processor.py:176} INFO - Processing /home/airflow/.local/lib/python3.7/site-packages/airflow/example_dags/example_bash_operator.py took 0.251 seconds
[2022-12-14T18:01:12.388+0000] {processor.py:154} INFO - Started process (PID=214) to work on /home/airflow/.local/lib/python3.7/site-packages/airflow/example_dags/example_bash_operator.py
[2022-12-14T18:01:12.453+0000] {processor.py:756} INFO - Processing file /home/airflow/.local/lib/python3.7/site-packages/airflow/example_dags/example_bash_operator.py for tasks to queue
[2022-12-14T18:01:12.453+0000] {logging_mixin.py:137} INFO - [2022-12-14T18:01:12.453+0000] {dagbag.py:537} INFO - Filling up the DagBag from /home/airflow/.local/lib/python3.7/site-packages/airflow/example_dags/example_bash_operator.py
[2022-12-14T18:01:12.491+0000] {processor.py:766} INFO - DAG(s) dict_keys(['example_bash_operator']) retrieved from /home/airflow/.local/lib/python3.7/site-packages/airflow/example_dags/example_bash_operator.py
[2022-12-14T18:01:12.603+0000] {logging_mixin.py:137} INFO - [2022-12-14T18:01:12.603+0000] {dag.py:2585} INFO - Sync 1 DAGs
[2022-12-14T18:01:12.739+0000] {logging_mixin.py:137} INFO - [2022-12-14T18:01:12.739+0000] {dag.py:3340} INFO - Setting next_dagrun for example_bash_operator to 2022-12-13T00:00:00+00:00, run_after=2022-12-14T00:00:00+00:00
[2022-12-14T18:01:12.806+0000] {processor.py:176} INFO - Processing /home/airflow/.local/lib/python3.7/site-packages/airflow/example_dags/example_bash_operator.py took 0.423 seconds
[2022-12-14T18:01:42.890+0000] {processor.py:154} INFO - Started process (PID=278) to work on /home/airflow/.local/lib/python3.7/site-packages/airflow/example_dags/example_bash_operator.py
[2022-12-14T18:01:42.891+0000] {processor.py:756} INFO - Processing file /home/airflow/.local/lib/python3.7/site-packages/airflow/example_dags/example_bash_operator.py for tasks to queue
[2022-12-14T18:01:42.892+0000] {logging_mixin.py:137} INFO - [2022-12-14T18:01:42.892+0000] {dagbag.py:537} INFO - Filling up the DagBag from /home/airflow/.local/lib/python3.7/site-packages/airflow/example_dags/example_bash_operator.py
[2022-12-14T18:01:42.932+0000] {processor.py:766} INFO - DAG(s) dict_keys(['example_bash_operator']) retrieved from /home/airflow/.local/lib/python3.7/site-packages/airflow/example_dags/example_bash_operator.py
[2022-12-14T18:01:43.021+0000] {logging_mixin.py:137} INFO - [2022-12-14T18:01:43.021+0000] {dag.py:2585} INFO - Sync 1 DAGs
[2022-12-14T18:01:43.084+0000] {logging_mixin.py:137} INFO - [2022-12-14T18:01:43.083+0000] {dag.py:3340} INFO - Setting next_dagrun for example_bash_operator to 2022-12-13T00:00:00+00:00, run_after=2022-12-14T00:00:00+00:00
[2022-12-14T18:01:43.116+0000] {processor.py:176} INFO - Processing /home/airflow/.local/lib/python3.7/site-packages/airflow/example_dags/example_bash_operator.py took 0.230 seconds
[2022-12-14T18:02:13.365+0000] {processor.py:154} INFO - Started process (PID=334) to work on /home/airflow/.local/lib/python3.7/site-packages/airflow/example_dags/example_bash_operator.py
[2022-12-14T18:02:13.388+0000] {processor.py:756} INFO - Processing file /home/airflow/.local/lib/python3.7/site-packages/airflow/example_dags/example_bash_operator.py for tasks to queue
[2022-12-14T18:02:13.391+0000] {logging_mixin.py:137} INFO - [2022-12-14T18:02:13.391+0000] {dagbag.py:537} INFO - Filling up the DagBag from /home/airflow/.local/lib/python3.7/site-packages/airflow/example_dags/example_bash_operator.py
[2022-12-14T18:02:13.438+0000] {processor.py:766} INFO - DAG(s) dict_keys(['example_bash_operator']) retrieved from /home/airflow/.local/lib/python3.7/site-packages/airflow/example_dags/example_bash_operator.py
[2022-12-14T18:02:13.525+0000] {logging_mixin.py:137} INFO - [2022-12-14T18:02:13.524+0000] {dag.py:2585} INFO - Sync 1 DAGs
[2022-12-14T18:02:13.598+0000] {logging_mixin.py:137} INFO - [2022-12-14T18:02:13.597+0000] {dag.py:3340} INFO - Setting next_dagrun for example_bash_operator to 2022-12-13T00:00:00+00:00, run_after=2022-12-14T00:00:00+00:00
[2022-12-14T18:02:13.637+0000] {processor.py:176} INFO - Processing /home/airflow/.local/lib/python3.7/site-packages/airflow/example_dags/example_bash_operator.py took 0.276 seconds
[2022-12-14T18:02:44.241+0000] {processor.py:154} INFO - Started process (PID=393) to work on /home/airflow/.local/lib/python3.7/site-packages/airflow/example_dags/example_bash_operator.py
[2022-12-14T18:02:44.254+0000] {processor.py:756} INFO - Processing file /home/airflow/.local/lib/python3.7/site-packages/airflow/example_dags/example_bash_operator.py for tasks to queue
[2022-12-14T18:02:44.255+0000] {logging_mixin.py:137} INFO - [2022-12-14T18:02:44.255+0000] {dagbag.py:537} INFO - Filling up the DagBag from /home/airflow/.local/lib/python3.7/site-packages/airflow/example_dags/example_bash_operator.py
[2022-12-14T18:02:44.325+0000] {processor.py:766} INFO - DAG(s) dict_keys(['example_bash_operator']) retrieved from /home/airflow/.local/lib/python3.7/site-packages/airflow/example_dags/example_bash_operator.py
[2022-12-14T18:02:44.499+0000] {logging_mixin.py:137} INFO - [2022-12-14T18:02:44.499+0000] {dag.py:2585} INFO - Sync 1 DAGs
[2022-12-14T18:02:44.591+0000] {logging_mixin.py:137} INFO - [2022-12-14T18:02:44.591+0000] {dag.py:3340} INFO - Setting next_dagrun for example_bash_operator to 2022-12-13T00:00:00+00:00, run_after=2022-12-14T00:00:00+00:00
[2022-12-14T18:02:44.624+0000] {processor.py:176} INFO - Processing /home/airflow/.local/lib/python3.7/site-packages/airflow/example_dags/example_bash_operator.py took 0.389 seconds
[2022-12-14T18:03:15.034+0000] {processor.py:154} INFO - Started process (PID=448) to work on /home/airflow/.local/lib/python3.7/site-packages/airflow/example_dags/example_bash_operator.py
[2022-12-14T18:03:15.035+0000] {processor.py:756} INFO - Processing file /home/airflow/.local/lib/python3.7/site-packages/airflow/example_dags/example_bash_operator.py for tasks to queue
[2022-12-14T18:03:15.036+0000] {logging_mixin.py:137} INFO - [2022-12-14T18:03:15.036+0000] {dagbag.py:537} INFO - Filling up the DagBag from /home/airflow/.local/lib/python3.7/site-packages/airflow/example_dags/example_bash_operator.py
[2022-12-14T18:03:15.074+0000] {processor.py:766} INFO - DAG(s) dict_keys(['example_bash_operator']) retrieved from /home/airflow/.local/lib/python3.7/site-packages/airflow/example_dags/example_bash_operator.py
[2022-12-14T18:03:15.160+0000] {logging_mixin.py:137} INFO - [2022-12-14T18:03:15.160+0000] {dag.py:2585} INFO - Sync 1 DAGs
[2022-12-14T18:03:15.216+0000] {logging_mixin.py:137} INFO - [2022-12-14T18:03:15.216+0000] {dag.py:3340} INFO - Setting next_dagrun for example_bash_operator to 2022-12-13T00:00:00+00:00, run_after=2022-12-14T00:00:00+00:00
[2022-12-14T18:03:15.261+0000] {processor.py:176} INFO - Processing /home/airflow/.local/lib/python3.7/site-packages/airflow/example_dags/example_bash_operator.py took 0.232 seconds
[2022-12-14T18:03:45.804+0000] {processor.py:154} INFO - Started process (PID=502) to work on /home/airflow/.local/lib/python3.7/site-packages/airflow/example_dags/example_bash_operator.py
[2022-12-14T18:03:45.806+0000] {processor.py:756} INFO - Processing file /home/airflow/.local/lib/python3.7/site-packages/airflow/example_dags/example_bash_operator.py for tasks to queue
[2022-12-14T18:03:45.807+0000] {logging_mixin.py:137} INFO - [2022-12-14T18:03:45.807+0000] {dagbag.py:537} INFO - Filling up the DagBag from /home/airflow/.local/lib/python3.7/site-packages/airflow/example_dags/example_bash_operator.py
[2022-12-14T18:03:45.848+0000] {processor.py:766} INFO - DAG(s) dict_keys(['example_bash_operator']) retrieved from /home/airflow/.local/lib/python3.7/site-packages/airflow/example_dags/example_bash_operator.py
[2022-12-14T18:03:45.965+0000] {logging_mixin.py:137} INFO - [2022-12-14T18:03:45.964+0000] {dag.py:2585} INFO - Sync 1 DAGs
[2022-12-14T18:03:46.029+0000] {logging_mixin.py:137} INFO - [2022-12-14T18:03:46.029+0000] {dag.py:3340} INFO - Setting next_dagrun for example_bash_operator to 2022-12-13T00:00:00+00:00, run_after=2022-12-14T00:00:00+00:00
[2022-12-14T18:03:46.059+0000] {processor.py:176} INFO - Processing /home/airflow/.local/lib/python3.7/site-packages/airflow/example_dags/example_bash_operator.py took 0.260 seconds
[2022-12-14T18:04:16.768+0000] {processor.py:154} INFO - Started process (PID=557) to work on /home/airflow/.local/lib/python3.7/site-packages/airflow/example_dags/example_bash_operator.py
[2022-12-14T18:04:16.769+0000] {processor.py:756} INFO - Processing file /home/airflow/.local/lib/python3.7/site-packages/airflow/example_dags/example_bash_operator.py for tasks to queue
[2022-12-14T18:04:16.770+0000] {logging_mixin.py:137} INFO - [2022-12-14T18:04:16.770+0000] {dagbag.py:537} INFO - Filling up the DagBag from /home/airflow/.local/lib/python3.7/site-packages/airflow/example_dags/example_bash_operator.py
[2022-12-14T18:04:16.810+0000] {processor.py:766} INFO - DAG(s) dict_keys(['example_bash_operator']) retrieved from /home/airflow/.local/lib/python3.7/site-packages/airflow/example_dags/example_bash_operator.py
[2022-12-14T18:04:16.903+0000] {logging_mixin.py:137} INFO - [2022-12-14T18:04:16.903+0000] {dag.py:2585} INFO - Sync 1 DAGs
[2022-12-14T18:04:16.970+0000] {logging_mixin.py:137} INFO - [2022-12-14T18:04:16.970+0000] {dag.py:3340} INFO - Setting next_dagrun for example_bash_operator to 2022-12-13T00:00:00+00:00, run_after=2022-12-14T00:00:00+00:00
[2022-12-14T18:04:17.013+0000] {processor.py:176} INFO - Processing /home/airflow/.local/lib/python3.7/site-packages/airflow/example_dags/example_bash_operator.py took 0.262 seconds
[2022-12-14T18:04:47.314+0000] {processor.py:154} INFO - Started process (PID=621) to work on /home/airflow/.local/lib/python3.7/site-packages/airflow/example_dags/example_bash_operator.py
[2022-12-14T18:04:47.316+0000] {processor.py:756} INFO - Processing file /home/airflow/.local/lib/python3.7/site-packages/airflow/example_dags/example_bash_operator.py for tasks to queue
[2022-12-14T18:04:47.316+0000] {logging_mixin.py:137} INFO - [2022-12-14T18:04:47.316+0000] {dagbag.py:537} INFO - Filling up the DagBag from /home/airflow/.local/lib/python3.7/site-packages/airflow/example_dags/example_bash_operator.py
[2022-12-14T18:04:47.354+0000] {processor.py:766} INFO - DAG(s) dict_keys(['example_bash_operator']) retrieved from /home/airflow/.local/lib/python3.7/site-packages/airflow/example_dags/example_bash_operator.py
[2022-12-14T18:04:47.441+0000] {logging_mixin.py:137} INFO - [2022-12-14T18:04:47.440+0000] {dag.py:2585} INFO - Sync 1 DAGs
[2022-12-14T18:04:47.493+0000] {logging_mixin.py:137} INFO - [2022-12-14T18:04:47.493+0000] {dag.py:3340} INFO - Setting next_dagrun for example_bash_operator to 2022-12-13T00:00:00+00:00, run_after=2022-12-14T00:00:00+00:00
[2022-12-14T18:04:47.522+0000] {processor.py:176} INFO - Processing /home/airflow/.local/lib/python3.7/site-packages/airflow/example_dags/example_bash_operator.py took 0.214 seconds
[2022-12-14T18:05:18.157+0000] {processor.py:154} INFO - Started process (PID=676) to work on /home/airflow/.local/lib/python3.7/site-packages/airflow/example_dags/example_bash_operator.py
[2022-12-14T18:05:18.158+0000] {processor.py:756} INFO - Processing file /home/airflow/.local/lib/python3.7/site-packages/airflow/example_dags/example_bash_operator.py for tasks to queue
[2022-12-14T18:05:18.159+0000] {logging_mixin.py:137} INFO - [2022-12-14T18:05:18.159+0000] {dagbag.py:537} INFO - Filling up the DagBag from /home/airflow/.local/lib/python3.7/site-packages/airflow/example_dags/example_bash_operator.py
[2022-12-14T18:05:18.244+0000] {processor.py:766} INFO - DAG(s) dict_keys(['example_bash_operator']) retrieved from /home/airflow/.local/lib/python3.7/site-packages/airflow/example_dags/example_bash_operator.py
[2022-12-14T18:05:18.357+0000] {logging_mixin.py:137} INFO - [2022-12-14T18:05:18.357+0000] {dag.py:2585} INFO - Sync 1 DAGs
[2022-12-14T18:05:18.418+0000] {logging_mixin.py:137} INFO - [2022-12-14T18:05:18.418+0000] {dag.py:3340} INFO - Setting next_dagrun for example_bash_operator to 2022-12-13T00:00:00+00:00, run_after=2022-12-14T00:00:00+00:00
[2022-12-14T18:05:18.455+0000] {processor.py:176} INFO - Processing /home/airflow/.local/lib/python3.7/site-packages/airflow/example_dags/example_bash_operator.py took 0.305 seconds
[2022-12-14T18:05:49.249+0000] {processor.py:154} INFO - Started process (PID=731) to work on /home/airflow/.local/lib/python3.7/site-packages/airflow/example_dags/example_bash_operator.py
[2022-12-14T18:05:49.251+0000] {processor.py:756} INFO - Processing file /home/airflow/.local/lib/python3.7/site-packages/airflow/example_dags/example_bash_operator.py for tasks to queue
[2022-12-14T18:05:49.251+0000] {logging_mixin.py:137} INFO - [2022-12-14T18:05:49.251+0000] {dagbag.py:537} INFO - Filling up the DagBag from /home/airflow/.local/lib/python3.7/site-packages/airflow/example_dags/example_bash_operator.py
[2022-12-14T18:05:49.292+0000] {processor.py:766} INFO - DAG(s) dict_keys(['example_bash_operator']) retrieved from /home/airflow/.local/lib/python3.7/site-packages/airflow/example_dags/example_bash_operator.py
[2022-12-14T18:05:49.387+0000] {logging_mixin.py:137} INFO - [2022-12-14T18:05:49.387+0000] {dag.py:2585} INFO - Sync 1 DAGs
[2022-12-14T18:05:49.458+0000] {logging_mixin.py:137} INFO - [2022-12-14T18:05:49.457+0000] {dag.py:3340} INFO - Setting next_dagrun for example_bash_operator to 2022-12-13T00:00:00+00:00, run_after=2022-12-14T00:00:00+00:00
[2022-12-14T18:05:49.493+0000] {processor.py:176} INFO - Processing /home/airflow/.local/lib/python3.7/site-packages/airflow/example_dags/example_bash_operator.py took 0.248 seconds
[2022-12-14T18:06:19.934+0000] {processor.py:154} INFO - Started process (PID=795) to work on /home/airflow/.local/lib/python3.7/site-packages/airflow/example_dags/example_bash_operator.py
[2022-12-14T18:06:19.935+0000] {processor.py:756} INFO - Processing file /home/airflow/.local/lib/python3.7/site-packages/airflow/example_dags/example_bash_operator.py for tasks to queue
[2022-12-14T18:06:19.937+0000] {logging_mixin.py:137} INFO - [2022-12-14T18:06:19.936+0000] {dagbag.py:537} INFO - Filling up the DagBag from /home/airflow/.local/lib/python3.7/site-packages/airflow/example_dags/example_bash_operator.py
[2022-12-14T18:06:19.981+0000] {processor.py:766} INFO - DAG(s) dict_keys(['example_bash_operator']) retrieved from /home/airflow/.local/lib/python3.7/site-packages/airflow/example_dags/example_bash_operator.py
[2022-12-14T18:06:20.097+0000] {logging_mixin.py:137} INFO - [2022-12-14T18:06:20.097+0000] {dag.py:2585} INFO - Sync 1 DAGs
[2022-12-14T18:06:20.185+0000] {logging_mixin.py:137} INFO - [2022-12-14T18:06:20.185+0000] {dag.py:3340} INFO - Setting next_dagrun for example_bash_operator to 2022-12-13T00:00:00+00:00, run_after=2022-12-14T00:00:00+00:00
[2022-12-14T18:06:20.235+0000] {processor.py:176} INFO - Processing /home/airflow/.local/lib/python3.7/site-packages/airflow/example_dags/example_bash_operator.py took 0.306 seconds
