[2022-12-14T17:42:04.139+0000] {processor.py:154} INFO - Started process (PID=87) to work on /home/airflow/.local/lib/python3.7/site-packages/airflow/example_dags/example_branch_day_of_week_operator.py
[2022-12-14T17:42:04.141+0000] {processor.py:756} INFO - Processing file /home/airflow/.local/lib/python3.7/site-packages/airflow/example_dags/example_branch_day_of_week_operator.py for tasks to queue
[2022-12-14T17:42:04.142+0000] {logging_mixin.py:137} INFO - [2022-12-14T17:42:04.142+0000] {dagbag.py:537} INFO - Filling up the DagBag from /home/airflow/.local/lib/python3.7/site-packages/airflow/example_dags/example_branch_day_of_week_operator.py
[2022-12-14T17:42:04.205+0000] {processor.py:766} INFO - DAG(s) dict_keys(['example_weekday_branch_operator']) retrieved from /home/airflow/.local/lib/python3.7/site-packages/airflow/example_dags/example_branch_day_of_week_operator.py
[2022-12-14T17:42:04.398+0000] {logging_mixin.py:137} INFO - [2022-12-14T17:42:04.398+0000] {dag.py:2585} INFO - Sync 1 DAGs
[2022-12-14T17:42:04.572+0000] {logging_mixin.py:137} INFO - [2022-12-14T17:42:04.572+0000] {dag.py:3340} INFO - Setting next_dagrun for example_weekday_branch_operator to 2022-12-13T00:00:00+00:00, run_after=2022-12-14T00:00:00+00:00
[2022-12-14T17:42:04.783+0000] {processor.py:176} INFO - Processing /home/airflow/.local/lib/python3.7/site-packages/airflow/example_dags/example_branch_day_of_week_operator.py took 0.657 seconds
[2022-12-14T17:42:35.285+0000] {processor.py:154} INFO - Started process (PID=141) to work on /home/airflow/.local/lib/python3.7/site-packages/airflow/example_dags/example_branch_day_of_week_operator.py
[2022-12-14T17:42:35.295+0000] {processor.py:756} INFO - Processing file /home/airflow/.local/lib/python3.7/site-packages/airflow/example_dags/example_branch_day_of_week_operator.py for tasks to queue
[2022-12-14T17:42:35.296+0000] {logging_mixin.py:137} INFO - [2022-12-14T17:42:35.296+0000] {dagbag.py:537} INFO - Filling up the DagBag from /home/airflow/.local/lib/python3.7/site-packages/airflow/example_dags/example_branch_day_of_week_operator.py
[2022-12-14T17:42:35.324+0000] {processor.py:766} INFO - DAG(s) dict_keys(['example_weekday_branch_operator']) retrieved from /home/airflow/.local/lib/python3.7/site-packages/airflow/example_dags/example_branch_day_of_week_operator.py
[2022-12-14T17:42:35.403+0000] {logging_mixin.py:137} INFO - [2022-12-14T17:42:35.402+0000] {dag.py:2585} INFO - Sync 1 DAGs
[2022-12-14T17:42:35.461+0000] {logging_mixin.py:137} INFO - [2022-12-14T17:42:35.461+0000] {dag.py:3340} INFO - Setting next_dagrun for example_weekday_branch_operator to 2022-12-13T00:00:00+00:00, run_after=2022-12-14T00:00:00+00:00
[2022-12-14T17:42:35.493+0000] {processor.py:176} INFO - Processing /home/airflow/.local/lib/python3.7/site-packages/airflow/example_dags/example_branch_day_of_week_operator.py took 0.212 seconds
[2022-12-14T17:43:05.981+0000] {processor.py:154} INFO - Started process (PID=204) to work on /home/airflow/.local/lib/python3.7/site-packages/airflow/example_dags/example_branch_day_of_week_operator.py
[2022-12-14T17:43:05.982+0000] {processor.py:756} INFO - Processing file /home/airflow/.local/lib/python3.7/site-packages/airflow/example_dags/example_branch_day_of_week_operator.py for tasks to queue
[2022-12-14T17:43:05.983+0000] {logging_mixin.py:137} INFO - [2022-12-14T17:43:05.983+0000] {dagbag.py:537} INFO - Filling up the DagBag from /home/airflow/.local/lib/python3.7/site-packages/airflow/example_dags/example_branch_day_of_week_operator.py
[2022-12-14T17:43:06.012+0000] {processor.py:766} INFO - DAG(s) dict_keys(['example_weekday_branch_operator']) retrieved from /home/airflow/.local/lib/python3.7/site-packages/airflow/example_dags/example_branch_day_of_week_operator.py
[2022-12-14T17:43:06.082+0000] {logging_mixin.py:137} INFO - [2022-12-14T17:43:06.082+0000] {dag.py:2585} INFO - Sync 1 DAGs
[2022-12-14T17:43:06.135+0000] {logging_mixin.py:137} INFO - [2022-12-14T17:43:06.135+0000] {dag.py:3340} INFO - Setting next_dagrun for example_weekday_branch_operator to 2022-12-13T00:00:00+00:00, run_after=2022-12-14T00:00:00+00:00
[2022-12-14T17:43:06.167+0000] {processor.py:176} INFO - Processing /home/airflow/.local/lib/python3.7/site-packages/airflow/example_dags/example_branch_day_of_week_operator.py took 0.191 seconds
[2022-12-14T17:43:36.655+0000] {processor.py:154} INFO - Started process (PID=260) to work on /home/airflow/.local/lib/python3.7/site-packages/airflow/example_dags/example_branch_day_of_week_operator.py
[2022-12-14T17:43:36.666+0000] {processor.py:756} INFO - Processing file /home/airflow/.local/lib/python3.7/site-packages/airflow/example_dags/example_branch_day_of_week_operator.py for tasks to queue
[2022-12-14T17:43:36.667+0000] {logging_mixin.py:137} INFO - [2022-12-14T17:43:36.666+0000] {dagbag.py:537} INFO - Filling up the DagBag from /home/airflow/.local/lib/python3.7/site-packages/airflow/example_dags/example_branch_day_of_week_operator.py
[2022-12-14T17:43:36.693+0000] {processor.py:766} INFO - DAG(s) dict_keys(['example_weekday_branch_operator']) retrieved from /home/airflow/.local/lib/python3.7/site-packages/airflow/example_dags/example_branch_day_of_week_operator.py
[2022-12-14T17:43:36.818+0000] {logging_mixin.py:137} INFO - [2022-12-14T17:43:36.818+0000] {dag.py:2585} INFO - Sync 1 DAGs
[2022-12-14T17:43:36.874+0000] {logging_mixin.py:137} INFO - [2022-12-14T17:43:36.873+0000] {dag.py:3340} INFO - Setting next_dagrun for example_weekday_branch_operator to 2022-12-13T00:00:00+00:00, run_after=2022-12-14T00:00:00+00:00
[2022-12-14T17:43:36.906+0000] {processor.py:176} INFO - Processing /home/airflow/.local/lib/python3.7/site-packages/airflow/example_dags/example_branch_day_of_week_operator.py took 0.256 seconds
[2022-12-14T17:44:07.518+0000] {processor.py:154} INFO - Started process (PID=324) to work on /home/airflow/.local/lib/python3.7/site-packages/airflow/example_dags/example_branch_day_of_week_operator.py
[2022-12-14T17:44:07.519+0000] {processor.py:756} INFO - Processing file /home/airflow/.local/lib/python3.7/site-packages/airflow/example_dags/example_branch_day_of_week_operator.py for tasks to queue
[2022-12-14T17:44:07.520+0000] {logging_mixin.py:137} INFO - [2022-12-14T17:44:07.520+0000] {dagbag.py:537} INFO - Filling up the DagBag from /home/airflow/.local/lib/python3.7/site-packages/airflow/example_dags/example_branch_day_of_week_operator.py
[2022-12-14T17:44:07.547+0000] {processor.py:766} INFO - DAG(s) dict_keys(['example_weekday_branch_operator']) retrieved from /home/airflow/.local/lib/python3.7/site-packages/airflow/example_dags/example_branch_day_of_week_operator.py
[2022-12-14T17:44:07.619+0000] {logging_mixin.py:137} INFO - [2022-12-14T17:44:07.619+0000] {dag.py:2585} INFO - Sync 1 DAGs
[2022-12-14T17:44:07.670+0000] {logging_mixin.py:137} INFO - [2022-12-14T17:44:07.669+0000] {dag.py:3340} INFO - Setting next_dagrun for example_weekday_branch_operator to 2022-12-13T00:00:00+00:00, run_after=2022-12-14T00:00:00+00:00
[2022-12-14T17:44:07.699+0000] {processor.py:176} INFO - Processing /home/airflow/.local/lib/python3.7/site-packages/airflow/example_dags/example_branch_day_of_week_operator.py took 0.185 seconds
[2022-12-14T17:44:37.733+0000] {processor.py:154} INFO - Started process (PID=378) to work on /home/airflow/.local/lib/python3.7/site-packages/airflow/example_dags/example_branch_day_of_week_operator.py
[2022-12-14T17:44:37.734+0000] {processor.py:756} INFO - Processing file /home/airflow/.local/lib/python3.7/site-packages/airflow/example_dags/example_branch_day_of_week_operator.py for tasks to queue
[2022-12-14T17:44:37.735+0000] {logging_mixin.py:137} INFO - [2022-12-14T17:44:37.735+0000] {dagbag.py:537} INFO - Filling up the DagBag from /home/airflow/.local/lib/python3.7/site-packages/airflow/example_dags/example_branch_day_of_week_operator.py
[2022-12-14T17:44:37.759+0000] {processor.py:766} INFO - DAG(s) dict_keys(['example_weekday_branch_operator']) retrieved from /home/airflow/.local/lib/python3.7/site-packages/airflow/example_dags/example_branch_day_of_week_operator.py
[2022-12-14T17:44:37.827+0000] {logging_mixin.py:137} INFO - [2022-12-14T17:44:37.826+0000] {dag.py:2585} INFO - Sync 1 DAGs
[2022-12-14T17:44:37.877+0000] {logging_mixin.py:137} INFO - [2022-12-14T17:44:37.876+0000] {dag.py:3340} INFO - Setting next_dagrun for example_weekday_branch_operator to 2022-12-13T00:00:00+00:00, run_after=2022-12-14T00:00:00+00:00
[2022-12-14T17:44:37.910+0000] {processor.py:176} INFO - Processing /home/airflow/.local/lib/python3.7/site-packages/airflow/example_dags/example_branch_day_of_week_operator.py took 0.181 seconds
[2022-12-14T17:45:08.714+0000] {processor.py:154} INFO - Started process (PID=441) to work on /home/airflow/.local/lib/python3.7/site-packages/airflow/example_dags/example_branch_day_of_week_operator.py
[2022-12-14T17:45:08.719+0000] {processor.py:756} INFO - Processing file /home/airflow/.local/lib/python3.7/site-packages/airflow/example_dags/example_branch_day_of_week_operator.py for tasks to queue
[2022-12-14T17:45:08.720+0000] {logging_mixin.py:137} INFO - [2022-12-14T17:45:08.719+0000] {dagbag.py:537} INFO - Filling up the DagBag from /home/airflow/.local/lib/python3.7/site-packages/airflow/example_dags/example_branch_day_of_week_operator.py
[2022-12-14T17:45:08.746+0000] {processor.py:766} INFO - DAG(s) dict_keys(['example_weekday_branch_operator']) retrieved from /home/airflow/.local/lib/python3.7/site-packages/airflow/example_dags/example_branch_day_of_week_operator.py
[2022-12-14T17:45:08.846+0000] {logging_mixin.py:137} INFO - [2022-12-14T17:45:08.846+0000] {dag.py:2585} INFO - Sync 1 DAGs
[2022-12-14T17:45:08.942+0000] {logging_mixin.py:137} INFO - [2022-12-14T17:45:08.941+0000] {dag.py:3340} INFO - Setting next_dagrun for example_weekday_branch_operator to 2022-12-13T00:00:00+00:00, run_after=2022-12-14T00:00:00+00:00
[2022-12-14T17:45:08.982+0000] {processor.py:176} INFO - Processing /home/airflow/.local/lib/python3.7/site-packages/airflow/example_dags/example_branch_day_of_week_operator.py took 0.275 seconds
[2022-12-14T17:45:39.995+0000] {processor.py:154} INFO - Started process (PID=496) to work on /home/airflow/.local/lib/python3.7/site-packages/airflow/example_dags/example_branch_day_of_week_operator.py
[2022-12-14T17:45:39.996+0000] {processor.py:756} INFO - Processing file /home/airflow/.local/lib/python3.7/site-packages/airflow/example_dags/example_branch_day_of_week_operator.py for tasks to queue
[2022-12-14T17:45:39.998+0000] {logging_mixin.py:137} INFO - [2022-12-14T17:45:39.997+0000] {dagbag.py:537} INFO - Filling up the DagBag from /home/airflow/.local/lib/python3.7/site-packages/airflow/example_dags/example_branch_day_of_week_operator.py
[2022-12-14T17:45:40.022+0000] {processor.py:766} INFO - DAG(s) dict_keys(['example_weekday_branch_operator']) retrieved from /home/airflow/.local/lib/python3.7/site-packages/airflow/example_dags/example_branch_day_of_week_operator.py
[2022-12-14T17:45:40.083+0000] {logging_mixin.py:137} INFO - [2022-12-14T17:45:40.083+0000] {dag.py:2585} INFO - Sync 1 DAGs
[2022-12-14T17:45:40.130+0000] {logging_mixin.py:137} INFO - [2022-12-14T17:45:40.130+0000] {dag.py:3340} INFO - Setting next_dagrun for example_weekday_branch_operator to 2022-12-13T00:00:00+00:00, run_after=2022-12-14T00:00:00+00:00
[2022-12-14T17:45:40.209+0000] {processor.py:176} INFO - Processing /home/airflow/.local/lib/python3.7/site-packages/airflow/example_dags/example_branch_day_of_week_operator.py took 0.222 seconds
[2022-12-14T17:46:10.361+0000] {processor.py:154} INFO - Started process (PID=550) to work on /home/airflow/.local/lib/python3.7/site-packages/airflow/example_dags/example_branch_day_of_week_operator.py
[2022-12-14T17:46:10.371+0000] {processor.py:756} INFO - Processing file /home/airflow/.local/lib/python3.7/site-packages/airflow/example_dags/example_branch_day_of_week_operator.py for tasks to queue
[2022-12-14T17:46:10.372+0000] {logging_mixin.py:137} INFO - [2022-12-14T17:46:10.371+0000] {dagbag.py:537} INFO - Filling up the DagBag from /home/airflow/.local/lib/python3.7/site-packages/airflow/example_dags/example_branch_day_of_week_operator.py
[2022-12-14T17:46:10.446+0000] {processor.py:766} INFO - DAG(s) dict_keys(['example_weekday_branch_operator']) retrieved from /home/airflow/.local/lib/python3.7/site-packages/airflow/example_dags/example_branch_day_of_week_operator.py
[2022-12-14T17:46:10.647+0000] {logging_mixin.py:137} INFO - [2022-12-14T17:46:10.647+0000] {dag.py:2585} INFO - Sync 1 DAGs
[2022-12-14T17:46:10.822+0000] {logging_mixin.py:137} INFO - [2022-12-14T17:46:10.822+0000] {dag.py:3340} INFO - Setting next_dagrun for example_weekday_branch_operator to 2022-12-13T00:00:00+00:00, run_after=2022-12-14T00:00:00+00:00
[2022-12-14T17:46:10.911+0000] {processor.py:176} INFO - Processing /home/airflow/.local/lib/python3.7/site-packages/airflow/example_dags/example_branch_day_of_week_operator.py took 0.554 seconds
[2022-12-14T17:46:41.185+0000] {processor.py:154} INFO - Started process (PID=612) to work on /home/airflow/.local/lib/python3.7/site-packages/airflow/example_dags/example_branch_day_of_week_operator.py
[2022-12-14T17:46:41.186+0000] {processor.py:756} INFO - Processing file /home/airflow/.local/lib/python3.7/site-packages/airflow/example_dags/example_branch_day_of_week_operator.py for tasks to queue
[2022-12-14T17:46:41.187+0000] {logging_mixin.py:137} INFO - [2022-12-14T17:46:41.187+0000] {dagbag.py:537} INFO - Filling up the DagBag from /home/airflow/.local/lib/python3.7/site-packages/airflow/example_dags/example_branch_day_of_week_operator.py
[2022-12-14T17:46:41.209+0000] {processor.py:766} INFO - DAG(s) dict_keys(['example_weekday_branch_operator']) retrieved from /home/airflow/.local/lib/python3.7/site-packages/airflow/example_dags/example_branch_day_of_week_operator.py
[2022-12-14T17:46:41.269+0000] {logging_mixin.py:137} INFO - [2022-12-14T17:46:41.268+0000] {dag.py:2585} INFO - Sync 1 DAGs
[2022-12-14T17:46:41.313+0000] {logging_mixin.py:137} INFO - [2022-12-14T17:46:41.312+0000] {dag.py:3340} INFO - Setting next_dagrun for example_weekday_branch_operator to 2022-12-13T00:00:00+00:00, run_after=2022-12-14T00:00:00+00:00
[2022-12-14T17:46:41.343+0000] {processor.py:176} INFO - Processing /home/airflow/.local/lib/python3.7/site-packages/airflow/example_dags/example_branch_day_of_week_operator.py took 0.165 seconds
[2022-12-14T17:47:12.044+0000] {processor.py:154} INFO - Started process (PID=666) to work on /home/airflow/.local/lib/python3.7/site-packages/airflow/example_dags/example_branch_day_of_week_operator.py
[2022-12-14T17:47:12.045+0000] {processor.py:756} INFO - Processing file /home/airflow/.local/lib/python3.7/site-packages/airflow/example_dags/example_branch_day_of_week_operator.py for tasks to queue
[2022-12-14T17:47:12.046+0000] {logging_mixin.py:137} INFO - [2022-12-14T17:47:12.046+0000] {dagbag.py:537} INFO - Filling up the DagBag from /home/airflow/.local/lib/python3.7/site-packages/airflow/example_dags/example_branch_day_of_week_operator.py
[2022-12-14T17:47:12.069+0000] {processor.py:766} INFO - DAG(s) dict_keys(['example_weekday_branch_operator']) retrieved from /home/airflow/.local/lib/python3.7/site-packages/airflow/example_dags/example_branch_day_of_week_operator.py
[2022-12-14T17:47:12.127+0000] {logging_mixin.py:137} INFO - [2022-12-14T17:47:12.127+0000] {dag.py:2585} INFO - Sync 1 DAGs
[2022-12-14T17:47:12.217+0000] {logging_mixin.py:137} INFO - [2022-12-14T17:47:12.217+0000] {dag.py:3340} INFO - Setting next_dagrun for example_weekday_branch_operator to 2022-12-13T00:00:00+00:00, run_after=2022-12-14T00:00:00+00:00
[2022-12-14T17:47:12.351+0000] {processor.py:176} INFO - Processing /home/airflow/.local/lib/python3.7/site-packages/airflow/example_dags/example_branch_day_of_week_operator.py took 0.311 seconds
[2022-12-14T17:47:43.141+0000] {processor.py:154} INFO - Started process (PID=729) to work on /home/airflow/.local/lib/python3.7/site-packages/airflow/example_dags/example_branch_day_of_week_operator.py
[2022-12-14T17:47:43.142+0000] {processor.py:756} INFO - Processing file /home/airflow/.local/lib/python3.7/site-packages/airflow/example_dags/example_branch_day_of_week_operator.py for tasks to queue
[2022-12-14T17:47:43.143+0000] {logging_mixin.py:137} INFO - [2022-12-14T17:47:43.143+0000] {dagbag.py:537} INFO - Filling up the DagBag from /home/airflow/.local/lib/python3.7/site-packages/airflow/example_dags/example_branch_day_of_week_operator.py
[2022-12-14T17:47:43.189+0000] {processor.py:766} INFO - DAG(s) dict_keys(['example_weekday_branch_operator']) retrieved from /home/airflow/.local/lib/python3.7/site-packages/airflow/example_dags/example_branch_day_of_week_operator.py
[2022-12-14T17:47:43.291+0000] {logging_mixin.py:137} INFO - [2022-12-14T17:47:43.291+0000] {dag.py:2585} INFO - Sync 1 DAGs
[2022-12-14T17:47:43.368+0000] {logging_mixin.py:137} INFO - [2022-12-14T17:47:43.368+0000] {dag.py:3340} INFO - Setting next_dagrun for example_weekday_branch_operator to 2022-12-13T00:00:00+00:00, run_after=2022-12-14T00:00:00+00:00
[2022-12-14T17:47:43.484+0000] {processor.py:176} INFO - Processing /home/airflow/.local/lib/python3.7/site-packages/airflow/example_dags/example_branch_day_of_week_operator.py took 0.354 seconds
[2022-12-14T17:48:13.867+0000] {processor.py:154} INFO - Started process (PID=783) to work on /home/airflow/.local/lib/python3.7/site-packages/airflow/example_dags/example_branch_day_of_week_operator.py
[2022-12-14T17:48:13.868+0000] {processor.py:756} INFO - Processing file /home/airflow/.local/lib/python3.7/site-packages/airflow/example_dags/example_branch_day_of_week_operator.py for tasks to queue
[2022-12-14T17:48:13.869+0000] {logging_mixin.py:137} INFO - [2022-12-14T17:48:13.869+0000] {dagbag.py:537} INFO - Filling up the DagBag from /home/airflow/.local/lib/python3.7/site-packages/airflow/example_dags/example_branch_day_of_week_operator.py
[2022-12-14T17:48:13.894+0000] {processor.py:766} INFO - DAG(s) dict_keys(['example_weekday_branch_operator']) retrieved from /home/airflow/.local/lib/python3.7/site-packages/airflow/example_dags/example_branch_day_of_week_operator.py
[2022-12-14T17:48:13.959+0000] {logging_mixin.py:137} INFO - [2022-12-14T17:48:13.958+0000] {dag.py:2585} INFO - Sync 1 DAGs
[2022-12-14T17:48:14.063+0000] {logging_mixin.py:137} INFO - [2022-12-14T17:48:14.062+0000] {dag.py:3340} INFO - Setting next_dagrun for example_weekday_branch_operator to 2022-12-13T00:00:00+00:00, run_after=2022-12-14T00:00:00+00:00
[2022-12-14T17:48:14.120+0000] {processor.py:176} INFO - Processing /home/airflow/.local/lib/python3.7/site-packages/airflow/example_dags/example_branch_day_of_week_operator.py took 0.260 seconds
[2022-12-14T17:48:44.375+0000] {processor.py:154} INFO - Started process (PID=838) to work on /home/airflow/.local/lib/python3.7/site-packages/airflow/example_dags/example_branch_day_of_week_operator.py
[2022-12-14T17:48:44.375+0000] {processor.py:756} INFO - Processing file /home/airflow/.local/lib/python3.7/site-packages/airflow/example_dags/example_branch_day_of_week_operator.py for tasks to queue
[2022-12-14T17:48:44.376+0000] {logging_mixin.py:137} INFO - [2022-12-14T17:48:44.376+0000] {dagbag.py:537} INFO - Filling up the DagBag from /home/airflow/.local/lib/python3.7/site-packages/airflow/example_dags/example_branch_day_of_week_operator.py
[2022-12-14T17:48:44.408+0000] {processor.py:766} INFO - DAG(s) dict_keys(['example_weekday_branch_operator']) retrieved from /home/airflow/.local/lib/python3.7/site-packages/airflow/example_dags/example_branch_day_of_week_operator.py
[2022-12-14T17:48:44.504+0000] {logging_mixin.py:137} INFO - [2022-12-14T17:48:44.504+0000] {dag.py:2585} INFO - Sync 1 DAGs
[2022-12-14T17:48:44.569+0000] {logging_mixin.py:137} INFO - [2022-12-14T17:48:44.569+0000] {dag.py:3340} INFO - Setting next_dagrun for example_weekday_branch_operator to 2022-12-13T00:00:00+00:00, run_after=2022-12-14T00:00:00+00:00
[2022-12-14T17:48:44.599+0000] {processor.py:176} INFO - Processing /home/airflow/.local/lib/python3.7/site-packages/airflow/example_dags/example_branch_day_of_week_operator.py took 0.228 seconds
[2022-12-14T17:49:15.351+0000] {processor.py:154} INFO - Started process (PID=901) to work on /home/airflow/.local/lib/python3.7/site-packages/airflow/example_dags/example_branch_day_of_week_operator.py
[2022-12-14T17:49:15.352+0000] {processor.py:756} INFO - Processing file /home/airflow/.local/lib/python3.7/site-packages/airflow/example_dags/example_branch_day_of_week_operator.py for tasks to queue
[2022-12-14T17:49:15.353+0000] {logging_mixin.py:137} INFO - [2022-12-14T17:49:15.353+0000] {dagbag.py:537} INFO - Filling up the DagBag from /home/airflow/.local/lib/python3.7/site-packages/airflow/example_dags/example_branch_day_of_week_operator.py
[2022-12-14T17:49:15.374+0000] {processor.py:766} INFO - DAG(s) dict_keys(['example_weekday_branch_operator']) retrieved from /home/airflow/.local/lib/python3.7/site-packages/airflow/example_dags/example_branch_day_of_week_operator.py
[2022-12-14T17:49:15.434+0000] {logging_mixin.py:137} INFO - [2022-12-14T17:49:15.434+0000] {dag.py:2585} INFO - Sync 1 DAGs
[2022-12-14T17:49:15.481+0000] {logging_mixin.py:137} INFO - [2022-12-14T17:49:15.480+0000] {dag.py:3340} INFO - Setting next_dagrun for example_weekday_branch_operator to 2022-12-13T00:00:00+00:00, run_after=2022-12-14T00:00:00+00:00
[2022-12-14T17:49:15.527+0000] {processor.py:176} INFO - Processing /home/airflow/.local/lib/python3.7/site-packages/airflow/example_dags/example_branch_day_of_week_operator.py took 0.181 seconds
[2022-12-14T17:49:45.635+0000] {processor.py:154} INFO - Started process (PID=957) to work on /home/airflow/.local/lib/python3.7/site-packages/airflow/example_dags/example_branch_day_of_week_operator.py
[2022-12-14T17:49:45.636+0000] {processor.py:756} INFO - Processing file /home/airflow/.local/lib/python3.7/site-packages/airflow/example_dags/example_branch_day_of_week_operator.py for tasks to queue
[2022-12-14T17:49:45.637+0000] {logging_mixin.py:137} INFO - [2022-12-14T17:49:45.637+0000] {dagbag.py:537} INFO - Filling up the DagBag from /home/airflow/.local/lib/python3.7/site-packages/airflow/example_dags/example_branch_day_of_week_operator.py
[2022-12-14T17:49:45.664+0000] {processor.py:766} INFO - DAG(s) dict_keys(['example_weekday_branch_operator']) retrieved from /home/airflow/.local/lib/python3.7/site-packages/airflow/example_dags/example_branch_day_of_week_operator.py
[2022-12-14T17:49:45.731+0000] {logging_mixin.py:137} INFO - [2022-12-14T17:49:45.731+0000] {dag.py:2585} INFO - Sync 1 DAGs
[2022-12-14T17:49:45.785+0000] {logging_mixin.py:137} INFO - [2022-12-14T17:49:45.785+0000] {dag.py:3340} INFO - Setting next_dagrun for example_weekday_branch_operator to 2022-12-13T00:00:00+00:00, run_after=2022-12-14T00:00:00+00:00
[2022-12-14T17:49:45.832+0000] {processor.py:176} INFO - Processing /home/airflow/.local/lib/python3.7/site-packages/airflow/example_dags/example_branch_day_of_week_operator.py took 0.203 seconds
[2022-12-14T17:50:16.699+0000] {processor.py:154} INFO - Started process (PID=1011) to work on /home/airflow/.local/lib/python3.7/site-packages/airflow/example_dags/example_branch_day_of_week_operator.py
[2022-12-14T17:50:16.701+0000] {processor.py:756} INFO - Processing file /home/airflow/.local/lib/python3.7/site-packages/airflow/example_dags/example_branch_day_of_week_operator.py for tasks to queue
[2022-12-14T17:50:16.701+0000] {logging_mixin.py:137} INFO - [2022-12-14T17:50:16.701+0000] {dagbag.py:537} INFO - Filling up the DagBag from /home/airflow/.local/lib/python3.7/site-packages/airflow/example_dags/example_branch_day_of_week_operator.py
[2022-12-14T17:50:16.729+0000] {processor.py:766} INFO - DAG(s) dict_keys(['example_weekday_branch_operator']) retrieved from /home/airflow/.local/lib/python3.7/site-packages/airflow/example_dags/example_branch_day_of_week_operator.py
[2022-12-14T17:50:16.851+0000] {logging_mixin.py:137} INFO - [2022-12-14T17:50:16.851+0000] {dag.py:2585} INFO - Sync 1 DAGs
[2022-12-14T17:50:16.930+0000] {logging_mixin.py:137} INFO - [2022-12-14T17:50:16.929+0000] {dag.py:3340} INFO - Setting next_dagrun for example_weekday_branch_operator to 2022-12-13T00:00:00+00:00, run_after=2022-12-14T00:00:00+00:00
[2022-12-14T17:50:16.962+0000] {processor.py:176} INFO - Processing /home/airflow/.local/lib/python3.7/site-packages/airflow/example_dags/example_branch_day_of_week_operator.py took 0.268 seconds
[2022-12-14T17:50:47.596+0000] {processor.py:154} INFO - Started process (PID=1075) to work on /home/airflow/.local/lib/python3.7/site-packages/airflow/example_dags/example_branch_day_of_week_operator.py
[2022-12-14T17:50:47.598+0000] {processor.py:756} INFO - Processing file /home/airflow/.local/lib/python3.7/site-packages/airflow/example_dags/example_branch_day_of_week_operator.py for tasks to queue
[2022-12-14T17:50:47.599+0000] {logging_mixin.py:137} INFO - [2022-12-14T17:50:47.599+0000] {dagbag.py:537} INFO - Filling up the DagBag from /home/airflow/.local/lib/python3.7/site-packages/airflow/example_dags/example_branch_day_of_week_operator.py
[2022-12-14T17:50:47.628+0000] {processor.py:766} INFO - DAG(s) dict_keys(['example_weekday_branch_operator']) retrieved from /home/airflow/.local/lib/python3.7/site-packages/airflow/example_dags/example_branch_day_of_week_operator.py
[2022-12-14T17:50:47.699+0000] {logging_mixin.py:137} INFO - [2022-12-14T17:50:47.699+0000] {dag.py:2585} INFO - Sync 1 DAGs
[2022-12-14T17:50:47.784+0000] {logging_mixin.py:137} INFO - [2022-12-14T17:50:47.783+0000] {dag.py:3340} INFO - Setting next_dagrun for example_weekday_branch_operator to 2022-12-13T00:00:00+00:00, run_after=2022-12-14T00:00:00+00:00
[2022-12-14T17:50:47.821+0000] {processor.py:176} INFO - Processing /home/airflow/.local/lib/python3.7/site-packages/airflow/example_dags/example_branch_day_of_week_operator.py took 0.239 seconds
[2022-12-14T17:51:18.078+0000] {processor.py:154} INFO - Started process (PID=1130) to work on /home/airflow/.local/lib/python3.7/site-packages/airflow/example_dags/example_branch_day_of_week_operator.py
[2022-12-14T17:51:18.079+0000] {processor.py:756} INFO - Processing file /home/airflow/.local/lib/python3.7/site-packages/airflow/example_dags/example_branch_day_of_week_operator.py for tasks to queue
[2022-12-14T17:51:18.080+0000] {logging_mixin.py:137} INFO - [2022-12-14T17:51:18.080+0000] {dagbag.py:537} INFO - Filling up the DagBag from /home/airflow/.local/lib/python3.7/site-packages/airflow/example_dags/example_branch_day_of_week_operator.py
[2022-12-14T17:51:18.111+0000] {processor.py:766} INFO - DAG(s) dict_keys(['example_weekday_branch_operator']) retrieved from /home/airflow/.local/lib/python3.7/site-packages/airflow/example_dags/example_branch_day_of_week_operator.py
[2022-12-14T17:51:18.174+0000] {logging_mixin.py:137} INFO - [2022-12-14T17:51:18.174+0000] {dag.py:2585} INFO - Sync 1 DAGs
[2022-12-14T17:51:18.227+0000] {logging_mixin.py:137} INFO - [2022-12-14T17:51:18.226+0000] {dag.py:3340} INFO - Setting next_dagrun for example_weekday_branch_operator to 2022-12-13T00:00:00+00:00, run_after=2022-12-14T00:00:00+00:00
[2022-12-14T17:51:18.257+0000] {processor.py:176} INFO - Processing /home/airflow/.local/lib/python3.7/site-packages/airflow/example_dags/example_branch_day_of_week_operator.py took 0.182 seconds
[2022-12-14T17:51:48.297+0000] {processor.py:154} INFO - Started process (PID=1184) to work on /home/airflow/.local/lib/python3.7/site-packages/airflow/example_dags/example_branch_day_of_week_operator.py
[2022-12-14T17:51:48.298+0000] {processor.py:756} INFO - Processing file /home/airflow/.local/lib/python3.7/site-packages/airflow/example_dags/example_branch_day_of_week_operator.py for tasks to queue
[2022-12-14T17:51:48.299+0000] {logging_mixin.py:137} INFO - [2022-12-14T17:51:48.299+0000] {dagbag.py:537} INFO - Filling up the DagBag from /home/airflow/.local/lib/python3.7/site-packages/airflow/example_dags/example_branch_day_of_week_operator.py
[2022-12-14T17:51:48.324+0000] {processor.py:766} INFO - DAG(s) dict_keys(['example_weekday_branch_operator']) retrieved from /home/airflow/.local/lib/python3.7/site-packages/airflow/example_dags/example_branch_day_of_week_operator.py
[2022-12-14T17:51:48.379+0000] {logging_mixin.py:137} INFO - [2022-12-14T17:51:48.379+0000] {dag.py:2585} INFO - Sync 1 DAGs
[2022-12-14T17:51:48.424+0000] {logging_mixin.py:137} INFO - [2022-12-14T17:51:48.424+0000] {dag.py:3340} INFO - Setting next_dagrun for example_weekday_branch_operator to 2022-12-13T00:00:00+00:00, run_after=2022-12-14T00:00:00+00:00
[2022-12-14T17:51:48.451+0000] {processor.py:176} INFO - Processing /home/airflow/.local/lib/python3.7/site-packages/airflow/example_dags/example_branch_day_of_week_operator.py took 0.158 seconds
[2022-12-14T17:52:19.201+0000] {processor.py:154} INFO - Started process (PID=1239) to work on /home/airflow/.local/lib/python3.7/site-packages/airflow/example_dags/example_branch_day_of_week_operator.py
[2022-12-14T17:52:19.202+0000] {processor.py:756} INFO - Processing file /home/airflow/.local/lib/python3.7/site-packages/airflow/example_dags/example_branch_day_of_week_operator.py for tasks to queue
[2022-12-14T17:52:19.203+0000] {logging_mixin.py:137} INFO - [2022-12-14T17:52:19.203+0000] {dagbag.py:537} INFO - Filling up the DagBag from /home/airflow/.local/lib/python3.7/site-packages/airflow/example_dags/example_branch_day_of_week_operator.py
[2022-12-14T17:52:19.232+0000] {processor.py:766} INFO - DAG(s) dict_keys(['example_weekday_branch_operator']) retrieved from /home/airflow/.local/lib/python3.7/site-packages/airflow/example_dags/example_branch_day_of_week_operator.py
[2022-12-14T17:52:19.313+0000] {logging_mixin.py:137} INFO - [2022-12-14T17:52:19.313+0000] {dag.py:2585} INFO - Sync 1 DAGs
[2022-12-14T17:52:19.378+0000] {logging_mixin.py:137} INFO - [2022-12-14T17:52:19.378+0000] {dag.py:3340} INFO - Setting next_dagrun for example_weekday_branch_operator to 2022-12-13T00:00:00+00:00, run_after=2022-12-14T00:00:00+00:00
[2022-12-14T17:52:19.427+0000] {processor.py:176} INFO - Processing /home/airflow/.local/lib/python3.7/site-packages/airflow/example_dags/example_branch_day_of_week_operator.py took 0.234 seconds
[2022-12-14T17:52:49.553+0000] {processor.py:154} INFO - Started process (PID=1293) to work on /home/airflow/.local/lib/python3.7/site-packages/airflow/example_dags/example_branch_day_of_week_operator.py
[2022-12-14T17:52:49.554+0000] {processor.py:756} INFO - Processing file /home/airflow/.local/lib/python3.7/site-packages/airflow/example_dags/example_branch_day_of_week_operator.py for tasks to queue
[2022-12-14T17:52:49.555+0000] {logging_mixin.py:137} INFO - [2022-12-14T17:52:49.555+0000] {dagbag.py:537} INFO - Filling up the DagBag from /home/airflow/.local/lib/python3.7/site-packages/airflow/example_dags/example_branch_day_of_week_operator.py
[2022-12-14T17:52:49.577+0000] {processor.py:766} INFO - DAG(s) dict_keys(['example_weekday_branch_operator']) retrieved from /home/airflow/.local/lib/python3.7/site-packages/airflow/example_dags/example_branch_day_of_week_operator.py
[2022-12-14T17:52:49.637+0000] {logging_mixin.py:137} INFO - [2022-12-14T17:52:49.637+0000] {dag.py:2585} INFO - Sync 1 DAGs
[2022-12-14T17:52:49.686+0000] {logging_mixin.py:137} INFO - [2022-12-14T17:52:49.686+0000] {dag.py:3340} INFO - Setting next_dagrun for example_weekday_branch_operator to 2022-12-13T00:00:00+00:00, run_after=2022-12-14T00:00:00+00:00
[2022-12-14T17:52:49.713+0000] {processor.py:176} INFO - Processing /home/airflow/.local/lib/python3.7/site-packages/airflow/example_dags/example_branch_day_of_week_operator.py took 0.165 seconds
[2022-12-14T17:53:19.766+0000] {processor.py:154} INFO - Started process (PID=1347) to work on /home/airflow/.local/lib/python3.7/site-packages/airflow/example_dags/example_branch_day_of_week_operator.py
[2022-12-14T17:53:19.767+0000] {processor.py:756} INFO - Processing file /home/airflow/.local/lib/python3.7/site-packages/airflow/example_dags/example_branch_day_of_week_operator.py for tasks to queue
[2022-12-14T17:53:19.768+0000] {logging_mixin.py:137} INFO - [2022-12-14T17:53:19.768+0000] {dagbag.py:537} INFO - Filling up the DagBag from /home/airflow/.local/lib/python3.7/site-packages/airflow/example_dags/example_branch_day_of_week_operator.py
[2022-12-14T17:53:19.792+0000] {processor.py:766} INFO - DAG(s) dict_keys(['example_weekday_branch_operator']) retrieved from /home/airflow/.local/lib/python3.7/site-packages/airflow/example_dags/example_branch_day_of_week_operator.py
[2022-12-14T17:53:19.851+0000] {logging_mixin.py:137} INFO - [2022-12-14T17:53:19.851+0000] {dag.py:2585} INFO - Sync 1 DAGs
[2022-12-14T17:53:19.901+0000] {logging_mixin.py:137} INFO - [2022-12-14T17:53:19.900+0000] {dag.py:3340} INFO - Setting next_dagrun for example_weekday_branch_operator to 2022-12-13T00:00:00+00:00, run_after=2022-12-14T00:00:00+00:00
[2022-12-14T17:53:19.932+0000] {processor.py:176} INFO - Processing /home/airflow/.local/lib/python3.7/site-packages/airflow/example_dags/example_branch_day_of_week_operator.py took 0.171 seconds
[2022-12-14T17:53:50.504+0000] {processor.py:154} INFO - Started process (PID=1401) to work on /home/airflow/.local/lib/python3.7/site-packages/airflow/example_dags/example_branch_day_of_week_operator.py
[2022-12-14T17:53:50.505+0000] {processor.py:756} INFO - Processing file /home/airflow/.local/lib/python3.7/site-packages/airflow/example_dags/example_branch_day_of_week_operator.py for tasks to queue
[2022-12-14T17:53:50.505+0000] {logging_mixin.py:137} INFO - [2022-12-14T17:53:50.505+0000] {dagbag.py:537} INFO - Filling up the DagBag from /home/airflow/.local/lib/python3.7/site-packages/airflow/example_dags/example_branch_day_of_week_operator.py
[2022-12-14T17:53:50.536+0000] {processor.py:766} INFO - DAG(s) dict_keys(['example_weekday_branch_operator']) retrieved from /home/airflow/.local/lib/python3.7/site-packages/airflow/example_dags/example_branch_day_of_week_operator.py
[2022-12-14T17:53:50.607+0000] {logging_mixin.py:137} INFO - [2022-12-14T17:53:50.607+0000] {dag.py:2585} INFO - Sync 1 DAGs
[2022-12-14T17:53:50.665+0000] {logging_mixin.py:137} INFO - [2022-12-14T17:53:50.665+0000] {dag.py:3340} INFO - Setting next_dagrun for example_weekday_branch_operator to 2022-12-13T00:00:00+00:00, run_after=2022-12-14T00:00:00+00:00
[2022-12-14T17:53:50.698+0000] {processor.py:176} INFO - Processing /home/airflow/.local/lib/python3.7/site-packages/airflow/example_dags/example_branch_day_of_week_operator.py took 0.199 seconds
[2022-12-14T17:54:21.074+0000] {processor.py:154} INFO - Started process (PID=1464) to work on /home/airflow/.local/lib/python3.7/site-packages/airflow/example_dags/example_branch_day_of_week_operator.py
[2022-12-14T17:54:21.077+0000] {processor.py:756} INFO - Processing file /home/airflow/.local/lib/python3.7/site-packages/airflow/example_dags/example_branch_day_of_week_operator.py for tasks to queue
[2022-12-14T17:54:21.078+0000] {logging_mixin.py:137} INFO - [2022-12-14T17:54:21.078+0000] {dagbag.py:537} INFO - Filling up the DagBag from /home/airflow/.local/lib/python3.7/site-packages/airflow/example_dags/example_branch_day_of_week_operator.py
[2022-12-14T17:54:21.108+0000] {processor.py:766} INFO - DAG(s) dict_keys(['example_weekday_branch_operator']) retrieved from /home/airflow/.local/lib/python3.7/site-packages/airflow/example_dags/example_branch_day_of_week_operator.py
[2022-12-14T17:54:21.180+0000] {logging_mixin.py:137} INFO - [2022-12-14T17:54:21.180+0000] {dag.py:2585} INFO - Sync 1 DAGs
[2022-12-14T17:54:21.247+0000] {logging_mixin.py:137} INFO - [2022-12-14T17:54:21.247+0000] {dag.py:3340} INFO - Setting next_dagrun for example_weekday_branch_operator to 2022-12-13T00:00:00+00:00, run_after=2022-12-14T00:00:00+00:00
[2022-12-14T17:54:21.291+0000] {processor.py:176} INFO - Processing /home/airflow/.local/lib/python3.7/site-packages/airflow/example_dags/example_branch_day_of_week_operator.py took 0.234 seconds
[2022-12-14T17:54:52.109+0000] {processor.py:154} INFO - Started process (PID=1518) to work on /home/airflow/.local/lib/python3.7/site-packages/airflow/example_dags/example_branch_day_of_week_operator.py
[2022-12-14T17:54:52.110+0000] {processor.py:756} INFO - Processing file /home/airflow/.local/lib/python3.7/site-packages/airflow/example_dags/example_branch_day_of_week_operator.py for tasks to queue
[2022-12-14T17:54:52.111+0000] {logging_mixin.py:137} INFO - [2022-12-14T17:54:52.110+0000] {dagbag.py:537} INFO - Filling up the DagBag from /home/airflow/.local/lib/python3.7/site-packages/airflow/example_dags/example_branch_day_of_week_operator.py
[2022-12-14T17:54:52.136+0000] {processor.py:766} INFO - DAG(s) dict_keys(['example_weekday_branch_operator']) retrieved from /home/airflow/.local/lib/python3.7/site-packages/airflow/example_dags/example_branch_day_of_week_operator.py
[2022-12-14T17:54:52.208+0000] {logging_mixin.py:137} INFO - [2022-12-14T17:54:52.208+0000] {dag.py:2585} INFO - Sync 1 DAGs
[2022-12-14T17:54:52.281+0000] {logging_mixin.py:137} INFO - [2022-12-14T17:54:52.281+0000] {dag.py:3340} INFO - Setting next_dagrun for example_weekday_branch_operator to 2022-12-13T00:00:00+00:00, run_after=2022-12-14T00:00:00+00:00
[2022-12-14T17:54:52.313+0000] {processor.py:176} INFO - Processing /home/airflow/.local/lib/python3.7/site-packages/airflow/example_dags/example_branch_day_of_week_operator.py took 0.209 seconds
[2022-12-14T17:55:22.415+0000] {processor.py:154} INFO - Started process (PID=1571) to work on /home/airflow/.local/lib/python3.7/site-packages/airflow/example_dags/example_branch_day_of_week_operator.py
[2022-12-14T17:55:22.416+0000] {processor.py:756} INFO - Processing file /home/airflow/.local/lib/python3.7/site-packages/airflow/example_dags/example_branch_day_of_week_operator.py for tasks to queue
[2022-12-14T17:55:22.417+0000] {logging_mixin.py:137} INFO - [2022-12-14T17:55:22.417+0000] {dagbag.py:537} INFO - Filling up the DagBag from /home/airflow/.local/lib/python3.7/site-packages/airflow/example_dags/example_branch_day_of_week_operator.py
[2022-12-14T17:55:22.451+0000] {processor.py:766} INFO - DAG(s) dict_keys(['example_weekday_branch_operator']) retrieved from /home/airflow/.local/lib/python3.7/site-packages/airflow/example_dags/example_branch_day_of_week_operator.py
[2022-12-14T17:55:22.513+0000] {logging_mixin.py:137} INFO - [2022-12-14T17:55:22.513+0000] {dag.py:2585} INFO - Sync 1 DAGs
[2022-12-14T17:55:22.572+0000] {logging_mixin.py:137} INFO - [2022-12-14T17:55:22.572+0000] {dag.py:3340} INFO - Setting next_dagrun for example_weekday_branch_operator to 2022-12-13T00:00:00+00:00, run_after=2022-12-14T00:00:00+00:00
[2022-12-14T17:55:22.601+0000] {processor.py:176} INFO - Processing /home/airflow/.local/lib/python3.7/site-packages/airflow/example_dags/example_branch_day_of_week_operator.py took 0.191 seconds
[2022-12-14T17:55:52.798+0000] {processor.py:154} INFO - Started process (PID=1624) to work on /home/airflow/.local/lib/python3.7/site-packages/airflow/example_dags/example_branch_day_of_week_operator.py
[2022-12-14T17:55:52.803+0000] {processor.py:756} INFO - Processing file /home/airflow/.local/lib/python3.7/site-packages/airflow/example_dags/example_branch_day_of_week_operator.py for tasks to queue
[2022-12-14T17:55:52.804+0000] {logging_mixin.py:137} INFO - [2022-12-14T17:55:52.804+0000] {dagbag.py:537} INFO - Filling up the DagBag from /home/airflow/.local/lib/python3.7/site-packages/airflow/example_dags/example_branch_day_of_week_operator.py
[2022-12-14T17:55:52.830+0000] {processor.py:766} INFO - DAG(s) dict_keys(['example_weekday_branch_operator']) retrieved from /home/airflow/.local/lib/python3.7/site-packages/airflow/example_dags/example_branch_day_of_week_operator.py
[2022-12-14T17:55:52.893+0000] {logging_mixin.py:137} INFO - [2022-12-14T17:55:52.893+0000] {dag.py:2585} INFO - Sync 1 DAGs
[2022-12-14T17:55:52.941+0000] {logging_mixin.py:137} INFO - [2022-12-14T17:55:52.941+0000] {dag.py:3340} INFO - Setting next_dagrun for example_weekday_branch_operator to 2022-12-13T00:00:00+00:00, run_after=2022-12-14T00:00:00+00:00
[2022-12-14T17:55:52.987+0000] {processor.py:176} INFO - Processing /home/airflow/.local/lib/python3.7/site-packages/airflow/example_dags/example_branch_day_of_week_operator.py took 0.194 seconds
[2022-12-14T17:56:23.436+0000] {processor.py:154} INFO - Started process (PID=1682) to work on /home/airflow/.local/lib/python3.7/site-packages/airflow/example_dags/example_branch_day_of_week_operator.py
[2022-12-14T17:56:23.450+0000] {processor.py:756} INFO - Processing file /home/airflow/.local/lib/python3.7/site-packages/airflow/example_dags/example_branch_day_of_week_operator.py for tasks to queue
[2022-12-14T17:56:23.451+0000] {logging_mixin.py:137} INFO - [2022-12-14T17:56:23.451+0000] {dagbag.py:537} INFO - Filling up the DagBag from /home/airflow/.local/lib/python3.7/site-packages/airflow/example_dags/example_branch_day_of_week_operator.py
[2022-12-14T17:56:23.532+0000] {processor.py:766} INFO - DAG(s) dict_keys(['example_weekday_branch_operator']) retrieved from /home/airflow/.local/lib/python3.7/site-packages/airflow/example_dags/example_branch_day_of_week_operator.py
[2022-12-14T17:56:23.799+0000] {logging_mixin.py:137} INFO - [2022-12-14T17:56:23.768+0000] {dag.py:2585} INFO - Sync 1 DAGs
[2022-12-14T17:56:23.919+0000] {logging_mixin.py:137} INFO - [2022-12-14T17:56:23.918+0000] {dag.py:3340} INFO - Setting next_dagrun for example_weekday_branch_operator to 2022-12-13T00:00:00+00:00, run_after=2022-12-14T00:00:00+00:00
[2022-12-14T17:56:23.992+0000] {processor.py:176} INFO - Processing /home/airflow/.local/lib/python3.7/site-packages/airflow/example_dags/example_branch_day_of_week_operator.py took 0.570 seconds
[2022-12-14T18:00:07.592+0000] {processor.py:154} INFO - Started process (PID=93) to work on /home/airflow/.local/lib/python3.7/site-packages/airflow/example_dags/example_branch_day_of_week_operator.py
[2022-12-14T18:00:07.603+0000] {processor.py:756} INFO - Processing file /home/airflow/.local/lib/python3.7/site-packages/airflow/example_dags/example_branch_day_of_week_operator.py for tasks to queue
[2022-12-14T18:00:07.604+0000] {logging_mixin.py:137} INFO - [2022-12-14T18:00:07.604+0000] {dagbag.py:537} INFO - Filling up the DagBag from /home/airflow/.local/lib/python3.7/site-packages/airflow/example_dags/example_branch_day_of_week_operator.py
[2022-12-14T18:00:07.789+0000] {processor.py:766} INFO - DAG(s) dict_keys(['example_weekday_branch_operator']) retrieved from /home/airflow/.local/lib/python3.7/site-packages/airflow/example_dags/example_branch_day_of_week_operator.py
[2022-12-14T18:00:08.038+0000] {logging_mixin.py:137} INFO - [2022-12-14T18:00:08.037+0000] {dag.py:2585} INFO - Sync 1 DAGs
[2022-12-14T18:00:08.292+0000] {logging_mixin.py:137} INFO - [2022-12-14T18:00:08.291+0000] {dag.py:3340} INFO - Setting next_dagrun for example_weekday_branch_operator to 2022-12-13T00:00:00+00:00, run_after=2022-12-14T00:00:00+00:00
[2022-12-14T18:00:08.462+0000] {processor.py:176} INFO - Processing /home/airflow/.local/lib/python3.7/site-packages/airflow/example_dags/example_branch_day_of_week_operator.py took 0.897 seconds
[2022-12-14T18:00:39.077+0000] {processor.py:154} INFO - Started process (PID=149) to work on /home/airflow/.local/lib/python3.7/site-packages/airflow/example_dags/example_branch_day_of_week_operator.py
[2022-12-14T18:00:39.078+0000] {processor.py:756} INFO - Processing file /home/airflow/.local/lib/python3.7/site-packages/airflow/example_dags/example_branch_day_of_week_operator.py for tasks to queue
[2022-12-14T18:00:39.079+0000] {logging_mixin.py:137} INFO - [2022-12-14T18:00:39.078+0000] {dagbag.py:537} INFO - Filling up the DagBag from /home/airflow/.local/lib/python3.7/site-packages/airflow/example_dags/example_branch_day_of_week_operator.py
[2022-12-14T18:00:39.105+0000] {processor.py:766} INFO - DAG(s) dict_keys(['example_weekday_branch_operator']) retrieved from /home/airflow/.local/lib/python3.7/site-packages/airflow/example_dags/example_branch_day_of_week_operator.py
[2022-12-14T18:00:39.184+0000] {logging_mixin.py:137} INFO - [2022-12-14T18:00:39.184+0000] {dag.py:2585} INFO - Sync 1 DAGs
[2022-12-14T18:00:39.245+0000] {logging_mixin.py:137} INFO - [2022-12-14T18:00:39.244+0000] {dag.py:3340} INFO - Setting next_dagrun for example_weekday_branch_operator to 2022-12-13T00:00:00+00:00, run_after=2022-12-14T00:00:00+00:00
[2022-12-14T18:00:39.279+0000] {processor.py:176} INFO - Processing /home/airflow/.local/lib/python3.7/site-packages/airflow/example_dags/example_branch_day_of_week_operator.py took 0.206 seconds
[2022-12-14T18:01:09.419+0000] {processor.py:154} INFO - Started process (PID=206) to work on /home/airflow/.local/lib/python3.7/site-packages/airflow/example_dags/example_branch_day_of_week_operator.py
[2022-12-14T18:01:09.420+0000] {processor.py:756} INFO - Processing file /home/airflow/.local/lib/python3.7/site-packages/airflow/example_dags/example_branch_day_of_week_operator.py for tasks to queue
[2022-12-14T18:01:09.421+0000] {logging_mixin.py:137} INFO - [2022-12-14T18:01:09.421+0000] {dagbag.py:537} INFO - Filling up the DagBag from /home/airflow/.local/lib/python3.7/site-packages/airflow/example_dags/example_branch_day_of_week_operator.py
[2022-12-14T18:01:09.458+0000] {processor.py:766} INFO - DAG(s) dict_keys(['example_weekday_branch_operator']) retrieved from /home/airflow/.local/lib/python3.7/site-packages/airflow/example_dags/example_branch_day_of_week_operator.py
[2022-12-14T18:01:09.539+0000] {logging_mixin.py:137} INFO - [2022-12-14T18:01:09.539+0000] {dag.py:2585} INFO - Sync 1 DAGs
[2022-12-14T18:01:09.608+0000] {logging_mixin.py:137} INFO - [2022-12-14T18:01:09.608+0000] {dag.py:3340} INFO - Setting next_dagrun for example_weekday_branch_operator to 2022-12-13T00:00:00+00:00, run_after=2022-12-14T00:00:00+00:00
[2022-12-14T18:01:09.654+0000] {processor.py:176} INFO - Processing /home/airflow/.local/lib/python3.7/site-packages/airflow/example_dags/example_branch_day_of_week_operator.py took 0.241 seconds
[2022-12-14T18:01:39.838+0000] {processor.py:154} INFO - Started process (PID=261) to work on /home/airflow/.local/lib/python3.7/site-packages/airflow/example_dags/example_branch_day_of_week_operator.py
[2022-12-14T18:01:39.919+0000] {processor.py:756} INFO - Processing file /home/airflow/.local/lib/python3.7/site-packages/airflow/example_dags/example_branch_day_of_week_operator.py for tasks to queue
[2022-12-14T18:01:39.922+0000] {logging_mixin.py:137} INFO - [2022-12-14T18:01:39.922+0000] {dagbag.py:537} INFO - Filling up the DagBag from /home/airflow/.local/lib/python3.7/site-packages/airflow/example_dags/example_branch_day_of_week_operator.py
[2022-12-14T18:01:40.002+0000] {processor.py:766} INFO - DAG(s) dict_keys(['example_weekday_branch_operator']) retrieved from /home/airflow/.local/lib/python3.7/site-packages/airflow/example_dags/example_branch_day_of_week_operator.py
[2022-12-14T18:01:40.111+0000] {logging_mixin.py:137} INFO - [2022-12-14T18:01:40.111+0000] {dag.py:2585} INFO - Sync 1 DAGs
[2022-12-14T18:01:40.165+0000] {logging_mixin.py:137} INFO - [2022-12-14T18:01:40.165+0000] {dag.py:3340} INFO - Setting next_dagrun for example_weekday_branch_operator to 2022-12-13T00:00:00+00:00, run_after=2022-12-14T00:00:00+00:00
[2022-12-14T18:01:40.216+0000] {processor.py:176} INFO - Processing /home/airflow/.local/lib/python3.7/site-packages/airflow/example_dags/example_branch_day_of_week_operator.py took 0.383 seconds
[2022-12-14T18:02:11.008+0000] {processor.py:154} INFO - Started process (PID=325) to work on /home/airflow/.local/lib/python3.7/site-packages/airflow/example_dags/example_branch_day_of_week_operator.py
[2022-12-14T18:02:11.023+0000] {processor.py:756} INFO - Processing file /home/airflow/.local/lib/python3.7/site-packages/airflow/example_dags/example_branch_day_of_week_operator.py for tasks to queue
[2022-12-14T18:02:11.024+0000] {logging_mixin.py:137} INFO - [2022-12-14T18:02:11.023+0000] {dagbag.py:537} INFO - Filling up the DagBag from /home/airflow/.local/lib/python3.7/site-packages/airflow/example_dags/example_branch_day_of_week_operator.py
[2022-12-14T18:02:11.082+0000] {processor.py:766} INFO - DAG(s) dict_keys(['example_weekday_branch_operator']) retrieved from /home/airflow/.local/lib/python3.7/site-packages/airflow/example_dags/example_branch_day_of_week_operator.py
[2022-12-14T18:02:11.157+0000] {logging_mixin.py:137} INFO - [2022-12-14T18:02:11.156+0000] {dag.py:2585} INFO - Sync 1 DAGs
[2022-12-14T18:02:11.225+0000] {logging_mixin.py:137} INFO - [2022-12-14T18:02:11.225+0000] {dag.py:3340} INFO - Setting next_dagrun for example_weekday_branch_operator to 2022-12-13T00:00:00+00:00, run_after=2022-12-14T00:00:00+00:00
[2022-12-14T18:02:11.267+0000] {processor.py:176} INFO - Processing /home/airflow/.local/lib/python3.7/site-packages/airflow/example_dags/example_branch_day_of_week_operator.py took 0.264 seconds
[2022-12-14T18:02:41.958+0000] {processor.py:154} INFO - Started process (PID=379) to work on /home/airflow/.local/lib/python3.7/site-packages/airflow/example_dags/example_branch_day_of_week_operator.py
[2022-12-14T18:02:41.959+0000] {processor.py:756} INFO - Processing file /home/airflow/.local/lib/python3.7/site-packages/airflow/example_dags/example_branch_day_of_week_operator.py for tasks to queue
[2022-12-14T18:02:41.960+0000] {logging_mixin.py:137} INFO - [2022-12-14T18:02:41.960+0000] {dagbag.py:537} INFO - Filling up the DagBag from /home/airflow/.local/lib/python3.7/site-packages/airflow/example_dags/example_branch_day_of_week_operator.py
[2022-12-14T18:02:42.018+0000] {processor.py:766} INFO - DAG(s) dict_keys(['example_weekday_branch_operator']) retrieved from /home/airflow/.local/lib/python3.7/site-packages/airflow/example_dags/example_branch_day_of_week_operator.py
[2022-12-14T18:02:42.163+0000] {logging_mixin.py:137} INFO - [2022-12-14T18:02:42.162+0000] {dag.py:2585} INFO - Sync 1 DAGs
[2022-12-14T18:02:42.296+0000] {logging_mixin.py:137} INFO - [2022-12-14T18:02:42.295+0000] {dag.py:3340} INFO - Setting next_dagrun for example_weekday_branch_operator to 2022-12-13T00:00:00+00:00, run_after=2022-12-14T00:00:00+00:00
[2022-12-14T18:02:42.394+0000] {processor.py:176} INFO - Processing /home/airflow/.local/lib/python3.7/site-packages/airflow/example_dags/example_branch_day_of_week_operator.py took 0.451 seconds
[2022-12-14T18:03:12.746+0000] {processor.py:154} INFO - Started process (PID=440) to work on /home/airflow/.local/lib/python3.7/site-packages/airflow/example_dags/example_branch_day_of_week_operator.py
[2022-12-14T18:03:12.751+0000] {processor.py:756} INFO - Processing file /home/airflow/.local/lib/python3.7/site-packages/airflow/example_dags/example_branch_day_of_week_operator.py for tasks to queue
[2022-12-14T18:03:12.751+0000] {logging_mixin.py:137} INFO - [2022-12-14T18:03:12.751+0000] {dagbag.py:537} INFO - Filling up the DagBag from /home/airflow/.local/lib/python3.7/site-packages/airflow/example_dags/example_branch_day_of_week_operator.py
[2022-12-14T18:03:12.779+0000] {processor.py:766} INFO - DAG(s) dict_keys(['example_weekday_branch_operator']) retrieved from /home/airflow/.local/lib/python3.7/site-packages/airflow/example_dags/example_branch_day_of_week_operator.py
[2022-12-14T18:03:12.856+0000] {logging_mixin.py:137} INFO - [2022-12-14T18:03:12.855+0000] {dag.py:2585} INFO - Sync 1 DAGs
[2022-12-14T18:03:12.915+0000] {logging_mixin.py:137} INFO - [2022-12-14T18:03:12.915+0000] {dag.py:3340} INFO - Setting next_dagrun for example_weekday_branch_operator to 2022-12-13T00:00:00+00:00, run_after=2022-12-14T00:00:00+00:00
[2022-12-14T18:03:12.950+0000] {processor.py:176} INFO - Processing /home/airflow/.local/lib/python3.7/site-packages/airflow/example_dags/example_branch_day_of_week_operator.py took 0.210 seconds
[2022-12-14T18:03:43.882+0000] {processor.py:154} INFO - Started process (PID=494) to work on /home/airflow/.local/lib/python3.7/site-packages/airflow/example_dags/example_branch_day_of_week_operator.py
[2022-12-14T18:03:43.883+0000] {processor.py:756} INFO - Processing file /home/airflow/.local/lib/python3.7/site-packages/airflow/example_dags/example_branch_day_of_week_operator.py for tasks to queue
[2022-12-14T18:03:43.884+0000] {logging_mixin.py:137} INFO - [2022-12-14T18:03:43.884+0000] {dagbag.py:537} INFO - Filling up the DagBag from /home/airflow/.local/lib/python3.7/site-packages/airflow/example_dags/example_branch_day_of_week_operator.py
[2022-12-14T18:03:43.917+0000] {processor.py:766} INFO - DAG(s) dict_keys(['example_weekday_branch_operator']) retrieved from /home/airflow/.local/lib/python3.7/site-packages/airflow/example_dags/example_branch_day_of_week_operator.py
[2022-12-14T18:03:43.987+0000] {logging_mixin.py:137} INFO - [2022-12-14T18:03:43.987+0000] {dag.py:2585} INFO - Sync 1 DAGs
[2022-12-14T18:03:44.038+0000] {logging_mixin.py:137} INFO - [2022-12-14T18:03:44.038+0000] {dag.py:3340} INFO - Setting next_dagrun for example_weekday_branch_operator to 2022-12-13T00:00:00+00:00, run_after=2022-12-14T00:00:00+00:00
[2022-12-14T18:03:44.071+0000] {processor.py:176} INFO - Processing /home/airflow/.local/lib/python3.7/site-packages/airflow/example_dags/example_branch_day_of_week_operator.py took 0.193 seconds
[2022-12-14T18:04:14.208+0000] {processor.py:154} INFO - Started process (PID=549) to work on /home/airflow/.local/lib/python3.7/site-packages/airflow/example_dags/example_branch_day_of_week_operator.py
[2022-12-14T18:04:14.209+0000] {processor.py:756} INFO - Processing file /home/airflow/.local/lib/python3.7/site-packages/airflow/example_dags/example_branch_day_of_week_operator.py for tasks to queue
[2022-12-14T18:04:14.210+0000] {logging_mixin.py:137} INFO - [2022-12-14T18:04:14.210+0000] {dagbag.py:537} INFO - Filling up the DagBag from /home/airflow/.local/lib/python3.7/site-packages/airflow/example_dags/example_branch_day_of_week_operator.py
[2022-12-14T18:04:14.241+0000] {processor.py:766} INFO - DAG(s) dict_keys(['example_weekday_branch_operator']) retrieved from /home/airflow/.local/lib/python3.7/site-packages/airflow/example_dags/example_branch_day_of_week_operator.py
[2022-12-14T18:04:14.357+0000] {logging_mixin.py:137} INFO - [2022-12-14T18:04:14.356+0000] {dag.py:2585} INFO - Sync 1 DAGs
[2022-12-14T18:04:14.491+0000] {logging_mixin.py:137} INFO - [2022-12-14T18:04:14.491+0000] {dag.py:3340} INFO - Setting next_dagrun for example_weekday_branch_operator to 2022-12-13T00:00:00+00:00, run_after=2022-12-14T00:00:00+00:00
[2022-12-14T18:04:14.553+0000] {processor.py:176} INFO - Processing /home/airflow/.local/lib/python3.7/site-packages/airflow/example_dags/example_branch_day_of_week_operator.py took 0.350 seconds
[2022-12-14T18:04:44.596+0000] {processor.py:154} INFO - Started process (PID=612) to work on /home/airflow/.local/lib/python3.7/site-packages/airflow/example_dags/example_branch_day_of_week_operator.py
[2022-12-14T18:04:44.597+0000] {processor.py:756} INFO - Processing file /home/airflow/.local/lib/python3.7/site-packages/airflow/example_dags/example_branch_day_of_week_operator.py for tasks to queue
[2022-12-14T18:04:44.598+0000] {logging_mixin.py:137} INFO - [2022-12-14T18:04:44.598+0000] {dagbag.py:537} INFO - Filling up the DagBag from /home/airflow/.local/lib/python3.7/site-packages/airflow/example_dags/example_branch_day_of_week_operator.py
[2022-12-14T18:04:44.631+0000] {processor.py:766} INFO - DAG(s) dict_keys(['example_weekday_branch_operator']) retrieved from /home/airflow/.local/lib/python3.7/site-packages/airflow/example_dags/example_branch_day_of_week_operator.py
[2022-12-14T18:04:44.701+0000] {logging_mixin.py:137} INFO - [2022-12-14T18:04:44.701+0000] {dag.py:2585} INFO - Sync 1 DAGs
[2022-12-14T18:04:44.760+0000] {logging_mixin.py:137} INFO - [2022-12-14T18:04:44.759+0000] {dag.py:3340} INFO - Setting next_dagrun for example_weekday_branch_operator to 2022-12-13T00:00:00+00:00, run_after=2022-12-14T00:00:00+00:00
[2022-12-14T18:04:44.792+0000] {processor.py:176} INFO - Processing /home/airflow/.local/lib/python3.7/site-packages/airflow/example_dags/example_branch_day_of_week_operator.py took 0.202 seconds
[2022-12-14T18:05:14.931+0000] {processor.py:154} INFO - Started process (PID=667) to work on /home/airflow/.local/lib/python3.7/site-packages/airflow/example_dags/example_branch_day_of_week_operator.py
[2022-12-14T18:05:14.938+0000] {processor.py:756} INFO - Processing file /home/airflow/.local/lib/python3.7/site-packages/airflow/example_dags/example_branch_day_of_week_operator.py for tasks to queue
[2022-12-14T18:05:14.939+0000] {logging_mixin.py:137} INFO - [2022-12-14T18:05:14.939+0000] {dagbag.py:537} INFO - Filling up the DagBag from /home/airflow/.local/lib/python3.7/site-packages/airflow/example_dags/example_branch_day_of_week_operator.py
[2022-12-14T18:05:14.964+0000] {processor.py:766} INFO - DAG(s) dict_keys(['example_weekday_branch_operator']) retrieved from /home/airflow/.local/lib/python3.7/site-packages/airflow/example_dags/example_branch_day_of_week_operator.py
[2022-12-14T18:05:15.035+0000] {logging_mixin.py:137} INFO - [2022-12-14T18:05:15.035+0000] {dag.py:2585} INFO - Sync 1 DAGs
[2022-12-14T18:05:15.088+0000] {logging_mixin.py:137} INFO - [2022-12-14T18:05:15.087+0000] {dag.py:3340} INFO - Setting next_dagrun for example_weekday_branch_operator to 2022-12-13T00:00:00+00:00, run_after=2022-12-14T00:00:00+00:00
[2022-12-14T18:05:15.117+0000] {processor.py:176} INFO - Processing /home/airflow/.local/lib/python3.7/site-packages/airflow/example_dags/example_branch_day_of_week_operator.py took 0.190 seconds
[2022-12-14T18:05:45.578+0000] {processor.py:154} INFO - Started process (PID=722) to work on /home/airflow/.local/lib/python3.7/site-packages/airflow/example_dags/example_branch_day_of_week_operator.py
[2022-12-14T18:05:45.579+0000] {processor.py:756} INFO - Processing file /home/airflow/.local/lib/python3.7/site-packages/airflow/example_dags/example_branch_day_of_week_operator.py for tasks to queue
[2022-12-14T18:05:45.580+0000] {logging_mixin.py:137} INFO - [2022-12-14T18:05:45.580+0000] {dagbag.py:537} INFO - Filling up the DagBag from /home/airflow/.local/lib/python3.7/site-packages/airflow/example_dags/example_branch_day_of_week_operator.py
[2022-12-14T18:05:45.608+0000] {processor.py:766} INFO - DAG(s) dict_keys(['example_weekday_branch_operator']) retrieved from /home/airflow/.local/lib/python3.7/site-packages/airflow/example_dags/example_branch_day_of_week_operator.py
[2022-12-14T18:05:45.677+0000] {logging_mixin.py:137} INFO - [2022-12-14T18:05:45.677+0000] {dag.py:2585} INFO - Sync 1 DAGs
[2022-12-14T18:05:45.734+0000] {logging_mixin.py:137} INFO - [2022-12-14T18:05:45.734+0000] {dag.py:3340} INFO - Setting next_dagrun for example_weekday_branch_operator to 2022-12-13T00:00:00+00:00, run_after=2022-12-14T00:00:00+00:00
[2022-12-14T18:05:45.766+0000] {processor.py:176} INFO - Processing /home/airflow/.local/lib/python3.7/site-packages/airflow/example_dags/example_branch_day_of_week_operator.py took 0.193 seconds
[2022-12-14T18:06:16.604+0000] {processor.py:154} INFO - Started process (PID=786) to work on /home/airflow/.local/lib/python3.7/site-packages/airflow/example_dags/example_branch_day_of_week_operator.py
[2022-12-14T18:06:16.605+0000] {processor.py:756} INFO - Processing file /home/airflow/.local/lib/python3.7/site-packages/airflow/example_dags/example_branch_day_of_week_operator.py for tasks to queue
[2022-12-14T18:06:16.606+0000] {logging_mixin.py:137} INFO - [2022-12-14T18:06:16.606+0000] {dagbag.py:537} INFO - Filling up the DagBag from /home/airflow/.local/lib/python3.7/site-packages/airflow/example_dags/example_branch_day_of_week_operator.py
[2022-12-14T18:06:16.636+0000] {processor.py:766} INFO - DAG(s) dict_keys(['example_weekday_branch_operator']) retrieved from /home/airflow/.local/lib/python3.7/site-packages/airflow/example_dags/example_branch_day_of_week_operator.py
[2022-12-14T18:06:16.715+0000] {logging_mixin.py:137} INFO - [2022-12-14T18:06:16.715+0000] {dag.py:2585} INFO - Sync 1 DAGs
[2022-12-14T18:06:16.778+0000] {logging_mixin.py:137} INFO - [2022-12-14T18:06:16.778+0000] {dag.py:3340} INFO - Setting next_dagrun for example_weekday_branch_operator to 2022-12-13T00:00:00+00:00, run_after=2022-12-14T00:00:00+00:00
[2022-12-14T18:06:16.822+0000] {processor.py:176} INFO - Processing /home/airflow/.local/lib/python3.7/site-packages/airflow/example_dags/example_branch_day_of_week_operator.py took 0.223 seconds
