[2022-12-14T17:42:03.711+0000] {processor.py:154} INFO - Started process (PID=85) to work on /home/airflow/.local/lib/python3.7/site-packages/airflow/example_dags/example_local_kubernetes_executor.py
[2022-12-14T17:42:03.712+0000] {processor.py:756} INFO - Processing file /home/airflow/.local/lib/python3.7/site-packages/airflow/example_dags/example_local_kubernetes_executor.py for tasks to queue
[2022-12-14T17:42:03.713+0000] {logging_mixin.py:137} INFO - [2022-12-14T17:42:03.713+0000] {dagbag.py:537} INFO - Filling up the DagBag from /home/airflow/.local/lib/python3.7/site-packages/airflow/example_dags/example_local_kubernetes_executor.py
[2022-12-14T17:42:03.775+0000] {processor.py:766} INFO - DAG(s) dict_keys(['example_local_kubernetes_executor']) retrieved from /home/airflow/.local/lib/python3.7/site-packages/airflow/example_dags/example_local_kubernetes_executor.py
[2022-12-14T17:42:03.879+0000] {logging_mixin.py:137} INFO - [2022-12-14T17:42:03.879+0000] {dag.py:2585} INFO - Sync 1 DAGs
[2022-12-14T17:42:03.931+0000] {logging_mixin.py:137} INFO - [2022-12-14T17:42:03.931+0000] {dag.py:3340} INFO - Setting next_dagrun for example_local_kubernetes_executor to None, run_after=None
[2022-12-14T17:42:04.071+0000] {processor.py:176} INFO - Processing /home/airflow/.local/lib/python3.7/site-packages/airflow/example_dags/example_local_kubernetes_executor.py took 0.378 seconds
[2022-12-14T17:42:34.804+0000] {processor.py:154} INFO - Started process (PID=139) to work on /home/airflow/.local/lib/python3.7/site-packages/airflow/example_dags/example_local_kubernetes_executor.py
[2022-12-14T17:42:34.930+0000] {processor.py:756} INFO - Processing file /home/airflow/.local/lib/python3.7/site-packages/airflow/example_dags/example_local_kubernetes_executor.py for tasks to queue
[2022-12-14T17:42:34.933+0000] {logging_mixin.py:137} INFO - [2022-12-14T17:42:34.932+0000] {dagbag.py:537} INFO - Filling up the DagBag from /home/airflow/.local/lib/python3.7/site-packages/airflow/example_dags/example_local_kubernetes_executor.py
[2022-12-14T17:42:35.005+0000] {processor.py:766} INFO - DAG(s) dict_keys(['example_local_kubernetes_executor']) retrieved from /home/airflow/.local/lib/python3.7/site-packages/airflow/example_dags/example_local_kubernetes_executor.py
[2022-12-14T17:42:35.075+0000] {logging_mixin.py:137} INFO - [2022-12-14T17:42:35.075+0000] {dag.py:2585} INFO - Sync 1 DAGs
[2022-12-14T17:42:35.180+0000] {logging_mixin.py:137} INFO - [2022-12-14T17:42:35.179+0000] {dag.py:3340} INFO - Setting next_dagrun for example_local_kubernetes_executor to None, run_after=None
[2022-12-14T17:42:35.252+0000] {processor.py:176} INFO - Processing /home/airflow/.local/lib/python3.7/site-packages/airflow/example_dags/example_local_kubernetes_executor.py took 0.452 seconds
[2022-12-14T17:43:05.731+0000] {processor.py:154} INFO - Started process (PID=202) to work on /home/airflow/.local/lib/python3.7/site-packages/airflow/example_dags/example_local_kubernetes_executor.py
[2022-12-14T17:43:05.732+0000] {processor.py:756} INFO - Processing file /home/airflow/.local/lib/python3.7/site-packages/airflow/example_dags/example_local_kubernetes_executor.py for tasks to queue
[2022-12-14T17:43:05.733+0000] {logging_mixin.py:137} INFO - [2022-12-14T17:43:05.733+0000] {dagbag.py:537} INFO - Filling up the DagBag from /home/airflow/.local/lib/python3.7/site-packages/airflow/example_dags/example_local_kubernetes_executor.py
[2022-12-14T17:43:05.768+0000] {processor.py:766} INFO - DAG(s) dict_keys(['example_local_kubernetes_executor']) retrieved from /home/airflow/.local/lib/python3.7/site-packages/airflow/example_dags/example_local_kubernetes_executor.py
[2022-12-14T17:43:05.834+0000] {logging_mixin.py:137} INFO - [2022-12-14T17:43:05.834+0000] {dag.py:2585} INFO - Sync 1 DAGs
[2022-12-14T17:43:05.902+0000] {logging_mixin.py:137} INFO - [2022-12-14T17:43:05.901+0000] {dag.py:3340} INFO - Setting next_dagrun for example_local_kubernetes_executor to None, run_after=None
[2022-12-14T17:43:05.954+0000] {processor.py:176} INFO - Processing /home/airflow/.local/lib/python3.7/site-packages/airflow/example_dags/example_local_kubernetes_executor.py took 0.227 seconds
[2022-12-14T17:43:36.242+0000] {processor.py:154} INFO - Started process (PID=258) to work on /home/airflow/.local/lib/python3.7/site-packages/airflow/example_dags/example_local_kubernetes_executor.py
[2022-12-14T17:43:36.254+0000] {processor.py:756} INFO - Processing file /home/airflow/.local/lib/python3.7/site-packages/airflow/example_dags/example_local_kubernetes_executor.py for tasks to queue
[2022-12-14T17:43:36.255+0000] {logging_mixin.py:137} INFO - [2022-12-14T17:43:36.255+0000] {dagbag.py:537} INFO - Filling up the DagBag from /home/airflow/.local/lib/python3.7/site-packages/airflow/example_dags/example_local_kubernetes_executor.py
[2022-12-14T17:43:36.291+0000] {processor.py:766} INFO - DAG(s) dict_keys(['example_local_kubernetes_executor']) retrieved from /home/airflow/.local/lib/python3.7/site-packages/airflow/example_dags/example_local_kubernetes_executor.py
[2022-12-14T17:43:36.354+0000] {logging_mixin.py:137} INFO - [2022-12-14T17:43:36.353+0000] {dag.py:2585} INFO - Sync 1 DAGs
[2022-12-14T17:43:36.403+0000] {logging_mixin.py:137} INFO - [2022-12-14T17:43:36.402+0000] {dag.py:3340} INFO - Setting next_dagrun for example_local_kubernetes_executor to None, run_after=None
[2022-12-14T17:43:36.435+0000] {processor.py:176} INFO - Processing /home/airflow/.local/lib/python3.7/site-packages/airflow/example_dags/example_local_kubernetes_executor.py took 0.197 seconds
[2022-12-14T17:44:07.037+0000] {processor.py:154} INFO - Started process (PID=322) to work on /home/airflow/.local/lib/python3.7/site-packages/airflow/example_dags/example_local_kubernetes_executor.py
[2022-12-14T17:44:07.038+0000] {processor.py:756} INFO - Processing file /home/airflow/.local/lib/python3.7/site-packages/airflow/example_dags/example_local_kubernetes_executor.py for tasks to queue
[2022-12-14T17:44:07.039+0000] {logging_mixin.py:137} INFO - [2022-12-14T17:44:07.039+0000] {dagbag.py:537} INFO - Filling up the DagBag from /home/airflow/.local/lib/python3.7/site-packages/airflow/example_dags/example_local_kubernetes_executor.py
[2022-12-14T17:44:07.078+0000] {processor.py:766} INFO - DAG(s) dict_keys(['example_local_kubernetes_executor']) retrieved from /home/airflow/.local/lib/python3.7/site-packages/airflow/example_dags/example_local_kubernetes_executor.py
[2022-12-14T17:44:07.161+0000] {logging_mixin.py:137} INFO - [2022-12-14T17:44:07.161+0000] {dag.py:2585} INFO - Sync 1 DAGs
[2022-12-14T17:44:07.210+0000] {logging_mixin.py:137} INFO - [2022-12-14T17:44:07.210+0000] {dag.py:3340} INFO - Setting next_dagrun for example_local_kubernetes_executor to None, run_after=None
[2022-12-14T17:44:07.237+0000] {processor.py:176} INFO - Processing /home/airflow/.local/lib/python3.7/site-packages/airflow/example_dags/example_local_kubernetes_executor.py took 0.204 seconds
[2022-12-14T17:44:37.545+0000] {processor.py:154} INFO - Started process (PID=376) to work on /home/airflow/.local/lib/python3.7/site-packages/airflow/example_dags/example_local_kubernetes_executor.py
[2022-12-14T17:44:37.546+0000] {processor.py:756} INFO - Processing file /home/airflow/.local/lib/python3.7/site-packages/airflow/example_dags/example_local_kubernetes_executor.py for tasks to queue
[2022-12-14T17:44:37.548+0000] {logging_mixin.py:137} INFO - [2022-12-14T17:44:37.548+0000] {dagbag.py:537} INFO - Filling up the DagBag from /home/airflow/.local/lib/python3.7/site-packages/airflow/example_dags/example_local_kubernetes_executor.py
[2022-12-14T17:44:37.582+0000] {processor.py:766} INFO - DAG(s) dict_keys(['example_local_kubernetes_executor']) retrieved from /home/airflow/.local/lib/python3.7/site-packages/airflow/example_dags/example_local_kubernetes_executor.py
[2022-12-14T17:44:37.639+0000] {logging_mixin.py:137} INFO - [2022-12-14T17:44:37.638+0000] {dag.py:2585} INFO - Sync 1 DAGs
[2022-12-14T17:44:37.683+0000] {logging_mixin.py:137} INFO - [2022-12-14T17:44:37.683+0000] {dag.py:3340} INFO - Setting next_dagrun for example_local_kubernetes_executor to None, run_after=None
[2022-12-14T17:44:37.708+0000] {processor.py:176} INFO - Processing /home/airflow/.local/lib/python3.7/site-packages/airflow/example_dags/example_local_kubernetes_executor.py took 0.167 seconds
[2022-12-14T17:45:08.384+0000] {processor.py:154} INFO - Started process (PID=439) to work on /home/airflow/.local/lib/python3.7/site-packages/airflow/example_dags/example_local_kubernetes_executor.py
[2022-12-14T17:45:08.391+0000] {processor.py:756} INFO - Processing file /home/airflow/.local/lib/python3.7/site-packages/airflow/example_dags/example_local_kubernetes_executor.py for tasks to queue
[2022-12-14T17:45:08.392+0000] {logging_mixin.py:137} INFO - [2022-12-14T17:45:08.392+0000] {dagbag.py:537} INFO - Filling up the DagBag from /home/airflow/.local/lib/python3.7/site-packages/airflow/example_dags/example_local_kubernetes_executor.py
[2022-12-14T17:45:08.439+0000] {processor.py:766} INFO - DAG(s) dict_keys(['example_local_kubernetes_executor']) retrieved from /home/airflow/.local/lib/python3.7/site-packages/airflow/example_dags/example_local_kubernetes_executor.py
[2022-12-14T17:45:08.553+0000] {logging_mixin.py:137} INFO - [2022-12-14T17:45:08.553+0000] {dag.py:2585} INFO - Sync 1 DAGs
[2022-12-14T17:45:08.641+0000] {logging_mixin.py:137} INFO - [2022-12-14T17:45:08.640+0000] {dag.py:3340} INFO - Setting next_dagrun for example_local_kubernetes_executor to None, run_after=None
[2022-12-14T17:45:08.682+0000] {processor.py:176} INFO - Processing /home/airflow/.local/lib/python3.7/site-packages/airflow/example_dags/example_local_kubernetes_executor.py took 0.302 seconds
[2022-12-14T17:45:38.743+0000] {processor.py:154} INFO - Started process (PID=494) to work on /home/airflow/.local/lib/python3.7/site-packages/airflow/example_dags/example_local_kubernetes_executor.py
[2022-12-14T17:45:38.744+0000] {processor.py:756} INFO - Processing file /home/airflow/.local/lib/python3.7/site-packages/airflow/example_dags/example_local_kubernetes_executor.py for tasks to queue
[2022-12-14T17:45:38.744+0000] {logging_mixin.py:137} INFO - [2022-12-14T17:45:38.744+0000] {dagbag.py:537} INFO - Filling up the DagBag from /home/airflow/.local/lib/python3.7/site-packages/airflow/example_dags/example_local_kubernetes_executor.py
[2022-12-14T17:45:38.778+0000] {processor.py:766} INFO - DAG(s) dict_keys(['example_local_kubernetes_executor']) retrieved from /home/airflow/.local/lib/python3.7/site-packages/airflow/example_dags/example_local_kubernetes_executor.py
[2022-12-14T17:45:38.841+0000] {logging_mixin.py:137} INFO - [2022-12-14T17:45:38.841+0000] {dag.py:2585} INFO - Sync 1 DAGs
[2022-12-14T17:45:38.890+0000] {logging_mixin.py:137} INFO - [2022-12-14T17:45:38.890+0000] {dag.py:3340} INFO - Setting next_dagrun for example_local_kubernetes_executor to None, run_after=None
[2022-12-14T17:45:38.924+0000] {processor.py:176} INFO - Processing /home/airflow/.local/lib/python3.7/site-packages/airflow/example_dags/example_local_kubernetes_executor.py took 0.195 seconds
[2022-12-14T17:46:09.335+0000] {processor.py:154} INFO - Started process (PID=548) to work on /home/airflow/.local/lib/python3.7/site-packages/airflow/example_dags/example_local_kubernetes_executor.py
[2022-12-14T17:46:09.336+0000] {processor.py:756} INFO - Processing file /home/airflow/.local/lib/python3.7/site-packages/airflow/example_dags/example_local_kubernetes_executor.py for tasks to queue
[2022-12-14T17:46:09.337+0000] {logging_mixin.py:137} INFO - [2022-12-14T17:46:09.337+0000] {dagbag.py:537} INFO - Filling up the DagBag from /home/airflow/.local/lib/python3.7/site-packages/airflow/example_dags/example_local_kubernetes_executor.py
[2022-12-14T17:46:09.373+0000] {processor.py:766} INFO - DAG(s) dict_keys(['example_local_kubernetes_executor']) retrieved from /home/airflow/.local/lib/python3.7/site-packages/airflow/example_dags/example_local_kubernetes_executor.py
[2022-12-14T17:46:09.552+0000] {logging_mixin.py:137} INFO - [2022-12-14T17:46:09.552+0000] {dag.py:2585} INFO - Sync 1 DAGs
[2022-12-14T17:46:09.655+0000] {logging_mixin.py:137} INFO - [2022-12-14T17:46:09.655+0000] {dag.py:3340} INFO - Setting next_dagrun for example_local_kubernetes_executor to None, run_after=None
[2022-12-14T17:46:09.734+0000] {processor.py:176} INFO - Processing /home/airflow/.local/lib/python3.7/site-packages/airflow/example_dags/example_local_kubernetes_executor.py took 0.403 seconds
[2022-12-14T17:46:39.973+0000] {processor.py:154} INFO - Started process (PID=610) to work on /home/airflow/.local/lib/python3.7/site-packages/airflow/example_dags/example_local_kubernetes_executor.py
[2022-12-14T17:46:39.976+0000] {processor.py:756} INFO - Processing file /home/airflow/.local/lib/python3.7/site-packages/airflow/example_dags/example_local_kubernetes_executor.py for tasks to queue
[2022-12-14T17:46:39.977+0000] {logging_mixin.py:137} INFO - [2022-12-14T17:46:39.977+0000] {dagbag.py:537} INFO - Filling up the DagBag from /home/airflow/.local/lib/python3.7/site-packages/airflow/example_dags/example_local_kubernetes_executor.py
[2022-12-14T17:46:40.009+0000] {processor.py:766} INFO - DAG(s) dict_keys(['example_local_kubernetes_executor']) retrieved from /home/airflow/.local/lib/python3.7/site-packages/airflow/example_dags/example_local_kubernetes_executor.py
[2022-12-14T17:46:40.064+0000] {logging_mixin.py:137} INFO - [2022-12-14T17:46:40.064+0000] {dag.py:2585} INFO - Sync 1 DAGs
[2022-12-14T17:46:40.109+0000] {logging_mixin.py:137} INFO - [2022-12-14T17:46:40.109+0000] {dag.py:3340} INFO - Setting next_dagrun for example_local_kubernetes_executor to None, run_after=None
[2022-12-14T17:46:40.136+0000] {processor.py:176} INFO - Processing /home/airflow/.local/lib/python3.7/site-packages/airflow/example_dags/example_local_kubernetes_executor.py took 0.168 seconds
[2022-12-14T17:47:10.856+0000] {processor.py:154} INFO - Started process (PID=664) to work on /home/airflow/.local/lib/python3.7/site-packages/airflow/example_dags/example_local_kubernetes_executor.py
[2022-12-14T17:47:10.857+0000] {processor.py:756} INFO - Processing file /home/airflow/.local/lib/python3.7/site-packages/airflow/example_dags/example_local_kubernetes_executor.py for tasks to queue
[2022-12-14T17:47:10.857+0000] {logging_mixin.py:137} INFO - [2022-12-14T17:47:10.857+0000] {dagbag.py:537} INFO - Filling up the DagBag from /home/airflow/.local/lib/python3.7/site-packages/airflow/example_dags/example_local_kubernetes_executor.py
[2022-12-14T17:47:10.890+0000] {processor.py:766} INFO - DAG(s) dict_keys(['example_local_kubernetes_executor']) retrieved from /home/airflow/.local/lib/python3.7/site-packages/airflow/example_dags/example_local_kubernetes_executor.py
[2022-12-14T17:47:10.943+0000] {logging_mixin.py:137} INFO - [2022-12-14T17:47:10.943+0000] {dag.py:2585} INFO - Sync 1 DAGs
[2022-12-14T17:47:10.986+0000] {logging_mixin.py:137} INFO - [2022-12-14T17:47:10.986+0000] {dag.py:3340} INFO - Setting next_dagrun for example_local_kubernetes_executor to None, run_after=None
[2022-12-14T17:47:11.011+0000] {processor.py:176} INFO - Processing /home/airflow/.local/lib/python3.7/site-packages/airflow/example_dags/example_local_kubernetes_executor.py took 0.159 seconds
[2022-12-14T17:47:41.575+0000] {processor.py:154} INFO - Started process (PID=725) to work on /home/airflow/.local/lib/python3.7/site-packages/airflow/example_dags/example_local_kubernetes_executor.py
[2022-12-14T17:47:41.581+0000] {processor.py:756} INFO - Processing file /home/airflow/.local/lib/python3.7/site-packages/airflow/example_dags/example_local_kubernetes_executor.py for tasks to queue
[2022-12-14T17:47:41.582+0000] {logging_mixin.py:137} INFO - [2022-12-14T17:47:41.582+0000] {dagbag.py:537} INFO - Filling up the DagBag from /home/airflow/.local/lib/python3.7/site-packages/airflow/example_dags/example_local_kubernetes_executor.py
[2022-12-14T17:47:41.694+0000] {processor.py:766} INFO - DAG(s) dict_keys(['example_local_kubernetes_executor']) retrieved from /home/airflow/.local/lib/python3.7/site-packages/airflow/example_dags/example_local_kubernetes_executor.py
[2022-12-14T17:47:41.870+0000] {logging_mixin.py:137} INFO - [2022-12-14T17:47:41.870+0000] {dag.py:2585} INFO - Sync 1 DAGs
[2022-12-14T17:47:41.969+0000] {logging_mixin.py:137} INFO - [2022-12-14T17:47:41.968+0000] {dag.py:3340} INFO - Setting next_dagrun for example_local_kubernetes_executor to None, run_after=None
[2022-12-14T17:47:42.026+0000] {processor.py:176} INFO - Processing /home/airflow/.local/lib/python3.7/site-packages/airflow/example_dags/example_local_kubernetes_executor.py took 0.463 seconds
[2022-12-14T17:48:12.611+0000] {processor.py:154} INFO - Started process (PID=781) to work on /home/airflow/.local/lib/python3.7/site-packages/airflow/example_dags/example_local_kubernetes_executor.py
[2022-12-14T17:48:12.612+0000] {processor.py:756} INFO - Processing file /home/airflow/.local/lib/python3.7/site-packages/airflow/example_dags/example_local_kubernetes_executor.py for tasks to queue
[2022-12-14T17:48:12.613+0000] {logging_mixin.py:137} INFO - [2022-12-14T17:48:12.613+0000] {dagbag.py:537} INFO - Filling up the DagBag from /home/airflow/.local/lib/python3.7/site-packages/airflow/example_dags/example_local_kubernetes_executor.py
[2022-12-14T17:48:12.653+0000] {processor.py:766} INFO - DAG(s) dict_keys(['example_local_kubernetes_executor']) retrieved from /home/airflow/.local/lib/python3.7/site-packages/airflow/example_dags/example_local_kubernetes_executor.py
[2022-12-14T17:48:12.720+0000] {logging_mixin.py:137} INFO - [2022-12-14T17:48:12.720+0000] {dag.py:2585} INFO - Sync 1 DAGs
[2022-12-14T17:48:12.770+0000] {logging_mixin.py:137} INFO - [2022-12-14T17:48:12.770+0000] {dag.py:3340} INFO - Setting next_dagrun for example_local_kubernetes_executor to None, run_after=None
[2022-12-14T17:48:12.816+0000] {processor.py:176} INFO - Processing /home/airflow/.local/lib/python3.7/site-packages/airflow/example_dags/example_local_kubernetes_executor.py took 0.210 seconds
[2022-12-14T17:48:43.116+0000] {processor.py:154} INFO - Started process (PID=836) to work on /home/airflow/.local/lib/python3.7/site-packages/airflow/example_dags/example_local_kubernetes_executor.py
[2022-12-14T17:48:43.117+0000] {processor.py:756} INFO - Processing file /home/airflow/.local/lib/python3.7/site-packages/airflow/example_dags/example_local_kubernetes_executor.py for tasks to queue
[2022-12-14T17:48:43.118+0000] {logging_mixin.py:137} INFO - [2022-12-14T17:48:43.118+0000] {dagbag.py:537} INFO - Filling up the DagBag from /home/airflow/.local/lib/python3.7/site-packages/airflow/example_dags/example_local_kubernetes_executor.py
[2022-12-14T17:48:43.156+0000] {processor.py:766} INFO - DAG(s) dict_keys(['example_local_kubernetes_executor']) retrieved from /home/airflow/.local/lib/python3.7/site-packages/airflow/example_dags/example_local_kubernetes_executor.py
[2022-12-14T17:48:43.263+0000] {logging_mixin.py:137} INFO - [2022-12-14T17:48:43.263+0000] {dag.py:2585} INFO - Sync 1 DAGs
[2022-12-14T17:48:43.314+0000] {logging_mixin.py:137} INFO - [2022-12-14T17:48:43.314+0000] {dag.py:3340} INFO - Setting next_dagrun for example_local_kubernetes_executor to None, run_after=None
[2022-12-14T17:48:43.345+0000] {processor.py:176} INFO - Processing /home/airflow/.local/lib/python3.7/site-packages/airflow/example_dags/example_local_kubernetes_executor.py took 0.235 seconds
[2022-12-14T17:49:13.816+0000] {processor.py:154} INFO - Started process (PID=899) to work on /home/airflow/.local/lib/python3.7/site-packages/airflow/example_dags/example_local_kubernetes_executor.py
[2022-12-14T17:49:13.817+0000] {processor.py:756} INFO - Processing file /home/airflow/.local/lib/python3.7/site-packages/airflow/example_dags/example_local_kubernetes_executor.py for tasks to queue
[2022-12-14T17:49:13.817+0000] {logging_mixin.py:137} INFO - [2022-12-14T17:49:13.817+0000] {dagbag.py:537} INFO - Filling up the DagBag from /home/airflow/.local/lib/python3.7/site-packages/airflow/example_dags/example_local_kubernetes_executor.py
[2022-12-14T17:49:13.900+0000] {processor.py:766} INFO - DAG(s) dict_keys(['example_local_kubernetes_executor']) retrieved from /home/airflow/.local/lib/python3.7/site-packages/airflow/example_dags/example_local_kubernetes_executor.py
[2022-12-14T17:49:13.998+0000] {logging_mixin.py:137} INFO - [2022-12-14T17:49:13.998+0000] {dag.py:2585} INFO - Sync 1 DAGs
[2022-12-14T17:49:14.051+0000] {logging_mixin.py:137} INFO - [2022-12-14T17:49:14.051+0000] {dag.py:3340} INFO - Setting next_dagrun for example_local_kubernetes_executor to None, run_after=None
[2022-12-14T17:49:14.081+0000] {processor.py:176} INFO - Processing /home/airflow/.local/lib/python3.7/site-packages/airflow/example_dags/example_local_kubernetes_executor.py took 0.278 seconds
[2022-12-14T17:49:44.839+0000] {processor.py:154} INFO - Started process (PID=955) to work on /home/airflow/.local/lib/python3.7/site-packages/airflow/example_dags/example_local_kubernetes_executor.py
[2022-12-14T17:49:44.841+0000] {processor.py:756} INFO - Processing file /home/airflow/.local/lib/python3.7/site-packages/airflow/example_dags/example_local_kubernetes_executor.py for tasks to queue
[2022-12-14T17:49:44.842+0000] {logging_mixin.py:137} INFO - [2022-12-14T17:49:44.841+0000] {dagbag.py:537} INFO - Filling up the DagBag from /home/airflow/.local/lib/python3.7/site-packages/airflow/example_dags/example_local_kubernetes_executor.py
[2022-12-14T17:49:44.884+0000] {processor.py:766} INFO - DAG(s) dict_keys(['example_local_kubernetes_executor']) retrieved from /home/airflow/.local/lib/python3.7/site-packages/airflow/example_dags/example_local_kubernetes_executor.py
[2022-12-14T17:49:44.953+0000] {logging_mixin.py:137} INFO - [2022-12-14T17:49:44.953+0000] {dag.py:2585} INFO - Sync 1 DAGs
[2022-12-14T17:49:45.008+0000] {logging_mixin.py:137} INFO - [2022-12-14T17:49:45.007+0000] {dag.py:3340} INFO - Setting next_dagrun for example_local_kubernetes_executor to None, run_after=None
[2022-12-14T17:49:45.038+0000] {processor.py:176} INFO - Processing /home/airflow/.local/lib/python3.7/site-packages/airflow/example_dags/example_local_kubernetes_executor.py took 0.203 seconds
[2022-12-14T17:50:15.338+0000] {processor.py:154} INFO - Started process (PID=1008) to work on /home/airflow/.local/lib/python3.7/site-packages/airflow/example_dags/example_local_kubernetes_executor.py
[2022-12-14T17:50:15.341+0000] {processor.py:756} INFO - Processing file /home/airflow/.local/lib/python3.7/site-packages/airflow/example_dags/example_local_kubernetes_executor.py for tasks to queue
[2022-12-14T17:50:15.343+0000] {logging_mixin.py:137} INFO - [2022-12-14T17:50:15.342+0000] {dagbag.py:537} INFO - Filling up the DagBag from /home/airflow/.local/lib/python3.7/site-packages/airflow/example_dags/example_local_kubernetes_executor.py
[2022-12-14T17:50:15.447+0000] {processor.py:766} INFO - DAG(s) dict_keys(['example_local_kubernetes_executor']) retrieved from /home/airflow/.local/lib/python3.7/site-packages/airflow/example_dags/example_local_kubernetes_executor.py
[2022-12-14T17:50:15.596+0000] {logging_mixin.py:137} INFO - [2022-12-14T17:50:15.595+0000] {dag.py:2585} INFO - Sync 1 DAGs
[2022-12-14T17:50:15.685+0000] {logging_mixin.py:137} INFO - [2022-12-14T17:50:15.685+0000] {dag.py:3340} INFO - Setting next_dagrun for example_local_kubernetes_executor to None, run_after=None
[2022-12-14T17:50:15.738+0000] {processor.py:176} INFO - Processing /home/airflow/.local/lib/python3.7/site-packages/airflow/example_dags/example_local_kubernetes_executor.py took 0.415 seconds
[2022-12-14T17:50:46.055+0000] {processor.py:154} INFO - Started process (PID=1072) to work on /home/airflow/.local/lib/python3.7/site-packages/airflow/example_dags/example_local_kubernetes_executor.py
[2022-12-14T17:50:46.057+0000] {processor.py:756} INFO - Processing file /home/airflow/.local/lib/python3.7/site-packages/airflow/example_dags/example_local_kubernetes_executor.py for tasks to queue
[2022-12-14T17:50:46.058+0000] {logging_mixin.py:137} INFO - [2022-12-14T17:50:46.058+0000] {dagbag.py:537} INFO - Filling up the DagBag from /home/airflow/.local/lib/python3.7/site-packages/airflow/example_dags/example_local_kubernetes_executor.py
[2022-12-14T17:50:46.153+0000] {processor.py:766} INFO - DAG(s) dict_keys(['example_local_kubernetes_executor']) retrieved from /home/airflow/.local/lib/python3.7/site-packages/airflow/example_dags/example_local_kubernetes_executor.py
[2022-12-14T17:50:46.295+0000] {logging_mixin.py:137} INFO - [2022-12-14T17:50:46.295+0000] {dag.py:2585} INFO - Sync 1 DAGs
[2022-12-14T17:50:46.412+0000] {logging_mixin.py:137} INFO - [2022-12-14T17:50:46.412+0000] {dag.py:3340} INFO - Setting next_dagrun for example_local_kubernetes_executor to None, run_after=None
[2022-12-14T17:50:46.535+0000] {processor.py:176} INFO - Processing /home/airflow/.local/lib/python3.7/site-packages/airflow/example_dags/example_local_kubernetes_executor.py took 0.486 seconds
[2022-12-14T17:51:16.686+0000] {processor.py:154} INFO - Started process (PID=1128) to work on /home/airflow/.local/lib/python3.7/site-packages/airflow/example_dags/example_local_kubernetes_executor.py
[2022-12-14T17:51:16.688+0000] {processor.py:756} INFO - Processing file /home/airflow/.local/lib/python3.7/site-packages/airflow/example_dags/example_local_kubernetes_executor.py for tasks to queue
[2022-12-14T17:51:16.690+0000] {logging_mixin.py:137} INFO - [2022-12-14T17:51:16.689+0000] {dagbag.py:537} INFO - Filling up the DagBag from /home/airflow/.local/lib/python3.7/site-packages/airflow/example_dags/example_local_kubernetes_executor.py
[2022-12-14T17:51:16.742+0000] {processor.py:766} INFO - DAG(s) dict_keys(['example_local_kubernetes_executor']) retrieved from /home/airflow/.local/lib/python3.7/site-packages/airflow/example_dags/example_local_kubernetes_executor.py
[2022-12-14T17:51:16.874+0000] {logging_mixin.py:137} INFO - [2022-12-14T17:51:16.873+0000] {dag.py:2585} INFO - Sync 1 DAGs
[2022-12-14T17:51:16.977+0000] {logging_mixin.py:137} INFO - [2022-12-14T17:51:16.977+0000] {dag.py:3340} INFO - Setting next_dagrun for example_local_kubernetes_executor to None, run_after=None
[2022-12-14T17:51:17.048+0000] {processor.py:176} INFO - Processing /home/airflow/.local/lib/python3.7/site-packages/airflow/example_dags/example_local_kubernetes_executor.py took 0.370 seconds
[2022-12-14T17:51:47.096+0000] {processor.py:154} INFO - Started process (PID=1182) to work on /home/airflow/.local/lib/python3.7/site-packages/airflow/example_dags/example_local_kubernetes_executor.py
[2022-12-14T17:51:47.146+0000] {processor.py:756} INFO - Processing file /home/airflow/.local/lib/python3.7/site-packages/airflow/example_dags/example_local_kubernetes_executor.py for tasks to queue
[2022-12-14T17:51:47.147+0000] {logging_mixin.py:137} INFO - [2022-12-14T17:51:47.147+0000] {dagbag.py:537} INFO - Filling up the DagBag from /home/airflow/.local/lib/python3.7/site-packages/airflow/example_dags/example_local_kubernetes_executor.py
[2022-12-14T17:51:47.186+0000] {processor.py:766} INFO - DAG(s) dict_keys(['example_local_kubernetes_executor']) retrieved from /home/airflow/.local/lib/python3.7/site-packages/airflow/example_dags/example_local_kubernetes_executor.py
[2022-12-14T17:51:47.245+0000] {logging_mixin.py:137} INFO - [2022-12-14T17:51:47.245+0000] {dag.py:2585} INFO - Sync 1 DAGs
[2022-12-14T17:51:47.290+0000] {logging_mixin.py:137} INFO - [2022-12-14T17:51:47.290+0000] {dag.py:3340} INFO - Setting next_dagrun for example_local_kubernetes_executor to None, run_after=None
[2022-12-14T17:51:47.316+0000] {processor.py:176} INFO - Processing /home/airflow/.local/lib/python3.7/site-packages/airflow/example_dags/example_local_kubernetes_executor.py took 0.224 seconds
[2022-12-14T17:52:17.804+0000] {processor.py:154} INFO - Started process (PID=1237) to work on /home/airflow/.local/lib/python3.7/site-packages/airflow/example_dags/example_local_kubernetes_executor.py
[2022-12-14T17:52:17.806+0000] {processor.py:756} INFO - Processing file /home/airflow/.local/lib/python3.7/site-packages/airflow/example_dags/example_local_kubernetes_executor.py for tasks to queue
[2022-12-14T17:52:17.807+0000] {logging_mixin.py:137} INFO - [2022-12-14T17:52:17.807+0000] {dagbag.py:537} INFO - Filling up the DagBag from /home/airflow/.local/lib/python3.7/site-packages/airflow/example_dags/example_local_kubernetes_executor.py
[2022-12-14T17:52:17.869+0000] {processor.py:766} INFO - DAG(s) dict_keys(['example_local_kubernetes_executor']) retrieved from /home/airflow/.local/lib/python3.7/site-packages/airflow/example_dags/example_local_kubernetes_executor.py
[2022-12-14T17:52:17.957+0000] {logging_mixin.py:137} INFO - [2022-12-14T17:52:17.957+0000] {dag.py:2585} INFO - Sync 1 DAGs
[2022-12-14T17:52:18.086+0000] {logging_mixin.py:137} INFO - [2022-12-14T17:52:18.086+0000] {dag.py:3340} INFO - Setting next_dagrun for example_local_kubernetes_executor to None, run_after=None
[2022-12-14T17:52:18.168+0000] {processor.py:176} INFO - Processing /home/airflow/.local/lib/python3.7/site-packages/airflow/example_dags/example_local_kubernetes_executor.py took 0.377 seconds
[2022-12-14T17:52:48.215+0000] {processor.py:154} INFO - Started process (PID=1291) to work on /home/airflow/.local/lib/python3.7/site-packages/airflow/example_dags/example_local_kubernetes_executor.py
[2022-12-14T17:52:48.318+0000] {processor.py:756} INFO - Processing file /home/airflow/.local/lib/python3.7/site-packages/airflow/example_dags/example_local_kubernetes_executor.py for tasks to queue
[2022-12-14T17:52:48.319+0000] {logging_mixin.py:137} INFO - [2022-12-14T17:52:48.319+0000] {dagbag.py:537} INFO - Filling up the DagBag from /home/airflow/.local/lib/python3.7/site-packages/airflow/example_dags/example_local_kubernetes_executor.py
[2022-12-14T17:52:48.355+0000] {processor.py:766} INFO - DAG(s) dict_keys(['example_local_kubernetes_executor']) retrieved from /home/airflow/.local/lib/python3.7/site-packages/airflow/example_dags/example_local_kubernetes_executor.py
[2022-12-14T17:52:48.424+0000] {logging_mixin.py:137} INFO - [2022-12-14T17:52:48.424+0000] {dag.py:2585} INFO - Sync 1 DAGs
[2022-12-14T17:52:48.479+0000] {logging_mixin.py:137} INFO - [2022-12-14T17:52:48.478+0000] {dag.py:3340} INFO - Setting next_dagrun for example_local_kubernetes_executor to None, run_after=None
[2022-12-14T17:52:48.516+0000] {processor.py:176} INFO - Processing /home/airflow/.local/lib/python3.7/site-packages/airflow/example_dags/example_local_kubernetes_executor.py took 0.307 seconds
[2022-12-14T17:53:18.552+0000] {processor.py:154} INFO - Started process (PID=1345) to work on /home/airflow/.local/lib/python3.7/site-packages/airflow/example_dags/example_local_kubernetes_executor.py
[2022-12-14T17:53:18.553+0000] {processor.py:756} INFO - Processing file /home/airflow/.local/lib/python3.7/site-packages/airflow/example_dags/example_local_kubernetes_executor.py for tasks to queue
[2022-12-14T17:53:18.554+0000] {logging_mixin.py:137} INFO - [2022-12-14T17:53:18.554+0000] {dagbag.py:537} INFO - Filling up the DagBag from /home/airflow/.local/lib/python3.7/site-packages/airflow/example_dags/example_local_kubernetes_executor.py
[2022-12-14T17:53:18.590+0000] {processor.py:766} INFO - DAG(s) dict_keys(['example_local_kubernetes_executor']) retrieved from /home/airflow/.local/lib/python3.7/site-packages/airflow/example_dags/example_local_kubernetes_executor.py
[2022-12-14T17:53:18.650+0000] {logging_mixin.py:137} INFO - [2022-12-14T17:53:18.650+0000] {dag.py:2585} INFO - Sync 1 DAGs
[2022-12-14T17:53:18.696+0000] {logging_mixin.py:137} INFO - [2022-12-14T17:53:18.695+0000] {dag.py:3340} INFO - Setting next_dagrun for example_local_kubernetes_executor to None, run_after=None
[2022-12-14T17:53:18.722+0000] {processor.py:176} INFO - Processing /home/airflow/.local/lib/python3.7/site-packages/airflow/example_dags/example_local_kubernetes_executor.py took 0.175 seconds
[2022-12-14T17:53:49.221+0000] {processor.py:154} INFO - Started process (PID=1399) to work on /home/airflow/.local/lib/python3.7/site-packages/airflow/example_dags/example_local_kubernetes_executor.py
[2022-12-14T17:53:49.226+0000] {processor.py:756} INFO - Processing file /home/airflow/.local/lib/python3.7/site-packages/airflow/example_dags/example_local_kubernetes_executor.py for tasks to queue
[2022-12-14T17:53:49.227+0000] {logging_mixin.py:137} INFO - [2022-12-14T17:53:49.227+0000] {dagbag.py:537} INFO - Filling up the DagBag from /home/airflow/.local/lib/python3.7/site-packages/airflow/example_dags/example_local_kubernetes_executor.py
[2022-12-14T17:53:49.276+0000] {processor.py:766} INFO - DAG(s) dict_keys(['example_local_kubernetes_executor']) retrieved from /home/airflow/.local/lib/python3.7/site-packages/airflow/example_dags/example_local_kubernetes_executor.py
[2022-12-14T17:53:49.354+0000] {logging_mixin.py:137} INFO - [2022-12-14T17:53:49.353+0000] {dag.py:2585} INFO - Sync 1 DAGs
[2022-12-14T17:53:49.411+0000] {logging_mixin.py:137} INFO - [2022-12-14T17:53:49.411+0000] {dag.py:3340} INFO - Setting next_dagrun for example_local_kubernetes_executor to None, run_after=None
[2022-12-14T17:53:49.460+0000] {processor.py:176} INFO - Processing /home/airflow/.local/lib/python3.7/site-packages/airflow/example_dags/example_local_kubernetes_executor.py took 0.244 seconds
[2022-12-14T17:54:20.471+0000] {processor.py:154} INFO - Started process (PID=1462) to work on /home/airflow/.local/lib/python3.7/site-packages/airflow/example_dags/example_local_kubernetes_executor.py
[2022-12-14T17:54:20.472+0000] {processor.py:756} INFO - Processing file /home/airflow/.local/lib/python3.7/site-packages/airflow/example_dags/example_local_kubernetes_executor.py for tasks to queue
[2022-12-14T17:54:20.473+0000] {logging_mixin.py:137} INFO - [2022-12-14T17:54:20.473+0000] {dagbag.py:537} INFO - Filling up the DagBag from /home/airflow/.local/lib/python3.7/site-packages/airflow/example_dags/example_local_kubernetes_executor.py
[2022-12-14T17:54:20.561+0000] {processor.py:766} INFO - DAG(s) dict_keys(['example_local_kubernetes_executor']) retrieved from /home/airflow/.local/lib/python3.7/site-packages/airflow/example_dags/example_local_kubernetes_executor.py
[2022-12-14T17:54:20.873+0000] {logging_mixin.py:137} INFO - [2022-12-14T17:54:20.873+0000] {dag.py:2585} INFO - Sync 1 DAGs
[2022-12-14T17:54:20.960+0000] {logging_mixin.py:137} INFO - [2022-12-14T17:54:20.960+0000] {dag.py:3340} INFO - Setting next_dagrun for example_local_kubernetes_executor to None, run_after=None
[2022-12-14T17:54:21.045+0000] {processor.py:176} INFO - Processing /home/airflow/.local/lib/python3.7/site-packages/airflow/example_dags/example_local_kubernetes_executor.py took 0.581 seconds
[2022-12-14T17:54:51.860+0000] {processor.py:154} INFO - Started process (PID=1516) to work on /home/airflow/.local/lib/python3.7/site-packages/airflow/example_dags/example_local_kubernetes_executor.py
[2022-12-14T17:54:51.861+0000] {processor.py:756} INFO - Processing file /home/airflow/.local/lib/python3.7/site-packages/airflow/example_dags/example_local_kubernetes_executor.py for tasks to queue
[2022-12-14T17:54:51.862+0000] {logging_mixin.py:137} INFO - [2022-12-14T17:54:51.862+0000] {dagbag.py:537} INFO - Filling up the DagBag from /home/airflow/.local/lib/python3.7/site-packages/airflow/example_dags/example_local_kubernetes_executor.py
[2022-12-14T17:54:51.896+0000] {processor.py:766} INFO - DAG(s) dict_keys(['example_local_kubernetes_executor']) retrieved from /home/airflow/.local/lib/python3.7/site-packages/airflow/example_dags/example_local_kubernetes_executor.py
[2022-12-14T17:54:51.969+0000] {logging_mixin.py:137} INFO - [2022-12-14T17:54:51.969+0000] {dag.py:2585} INFO - Sync 1 DAGs
[2022-12-14T17:54:52.025+0000] {logging_mixin.py:137} INFO - [2022-12-14T17:54:52.025+0000] {dag.py:3340} INFO - Setting next_dagrun for example_local_kubernetes_executor to None, run_after=None
[2022-12-14T17:54:52.087+0000] {processor.py:176} INFO - Processing /home/airflow/.local/lib/python3.7/site-packages/airflow/example_dags/example_local_kubernetes_executor.py took 0.235 seconds
[2022-12-14T17:55:22.162+0000] {processor.py:154} INFO - Started process (PID=1569) to work on /home/airflow/.local/lib/python3.7/site-packages/airflow/example_dags/example_local_kubernetes_executor.py
[2022-12-14T17:55:22.163+0000] {processor.py:756} INFO - Processing file /home/airflow/.local/lib/python3.7/site-packages/airflow/example_dags/example_local_kubernetes_executor.py for tasks to queue
[2022-12-14T17:55:22.164+0000] {logging_mixin.py:137} INFO - [2022-12-14T17:55:22.164+0000] {dagbag.py:537} INFO - Filling up the DagBag from /home/airflow/.local/lib/python3.7/site-packages/airflow/example_dags/example_local_kubernetes_executor.py
[2022-12-14T17:55:22.198+0000] {processor.py:766} INFO - DAG(s) dict_keys(['example_local_kubernetes_executor']) retrieved from /home/airflow/.local/lib/python3.7/site-packages/airflow/example_dags/example_local_kubernetes_executor.py
[2022-12-14T17:55:22.331+0000] {logging_mixin.py:137} INFO - [2022-12-14T17:55:22.330+0000] {dag.py:2585} INFO - Sync 1 DAGs
[2022-12-14T17:55:22.380+0000] {logging_mixin.py:137} INFO - [2022-12-14T17:55:22.380+0000] {dag.py:3340} INFO - Setting next_dagrun for example_local_kubernetes_executor to None, run_after=None
[2022-12-14T17:55:22.411+0000] {processor.py:176} INFO - Processing /home/airflow/.local/lib/python3.7/site-packages/airflow/example_dags/example_local_kubernetes_executor.py took 0.253 seconds
[2022-12-14T17:55:52.556+0000] {processor.py:154} INFO - Started process (PID=1622) to work on /home/airflow/.local/lib/python3.7/site-packages/airflow/example_dags/example_local_kubernetes_executor.py
[2022-12-14T17:55:52.557+0000] {processor.py:756} INFO - Processing file /home/airflow/.local/lib/python3.7/site-packages/airflow/example_dags/example_local_kubernetes_executor.py for tasks to queue
[2022-12-14T17:55:52.558+0000] {logging_mixin.py:137} INFO - [2022-12-14T17:55:52.558+0000] {dagbag.py:537} INFO - Filling up the DagBag from /home/airflow/.local/lib/python3.7/site-packages/airflow/example_dags/example_local_kubernetes_executor.py
[2022-12-14T17:55:52.596+0000] {processor.py:766} INFO - DAG(s) dict_keys(['example_local_kubernetes_executor']) retrieved from /home/airflow/.local/lib/python3.7/site-packages/airflow/example_dags/example_local_kubernetes_executor.py
[2022-12-14T17:55:52.667+0000] {logging_mixin.py:137} INFO - [2022-12-14T17:55:52.666+0000] {dag.py:2585} INFO - Sync 1 DAGs
[2022-12-14T17:55:52.718+0000] {logging_mixin.py:137} INFO - [2022-12-14T17:55:52.718+0000] {dag.py:3340} INFO - Setting next_dagrun for example_local_kubernetes_executor to None, run_after=None
[2022-12-14T17:55:52.778+0000] {processor.py:176} INFO - Processing /home/airflow/.local/lib/python3.7/site-packages/airflow/example_dags/example_local_kubernetes_executor.py took 0.227 seconds
[2022-12-14T17:56:23.024+0000] {processor.py:154} INFO - Started process (PID=1675) to work on /home/airflow/.local/lib/python3.7/site-packages/airflow/example_dags/example_local_kubernetes_executor.py
[2022-12-14T17:56:23.025+0000] {processor.py:756} INFO - Processing file /home/airflow/.local/lib/python3.7/site-packages/airflow/example_dags/example_local_kubernetes_executor.py for tasks to queue
[2022-12-14T17:56:23.026+0000] {logging_mixin.py:137} INFO - [2022-12-14T17:56:23.026+0000] {dagbag.py:537} INFO - Filling up the DagBag from /home/airflow/.local/lib/python3.7/site-packages/airflow/example_dags/example_local_kubernetes_executor.py
[2022-12-14T17:56:23.067+0000] {processor.py:766} INFO - DAG(s) dict_keys(['example_local_kubernetes_executor']) retrieved from /home/airflow/.local/lib/python3.7/site-packages/airflow/example_dags/example_local_kubernetes_executor.py
[2022-12-14T17:56:23.164+0000] {logging_mixin.py:137} INFO - [2022-12-14T17:56:23.163+0000] {dag.py:2585} INFO - Sync 1 DAGs
[2022-12-14T17:56:23.220+0000] {logging_mixin.py:137} INFO - [2022-12-14T17:56:23.220+0000] {dag.py:3340} INFO - Setting next_dagrun for example_local_kubernetes_executor to None, run_after=None
[2022-12-14T17:56:23.316+0000] {processor.py:176} INFO - Processing /home/airflow/.local/lib/python3.7/site-packages/airflow/example_dags/example_local_kubernetes_executor.py took 0.301 seconds
[2022-12-14T18:00:06.489+0000] {processor.py:154} INFO - Started process (PID=85) to work on /home/airflow/.local/lib/python3.7/site-packages/airflow/example_dags/example_local_kubernetes_executor.py
[2022-12-14T18:00:06.524+0000] {processor.py:756} INFO - Processing file /home/airflow/.local/lib/python3.7/site-packages/airflow/example_dags/example_local_kubernetes_executor.py for tasks to queue
[2022-12-14T18:00:06.525+0000] {logging_mixin.py:137} INFO - [2022-12-14T18:00:06.525+0000] {dagbag.py:537} INFO - Filling up the DagBag from /home/airflow/.local/lib/python3.7/site-packages/airflow/example_dags/example_local_kubernetes_executor.py
[2022-12-14T18:00:06.711+0000] {processor.py:766} INFO - DAG(s) dict_keys(['example_local_kubernetes_executor']) retrieved from /home/airflow/.local/lib/python3.7/site-packages/airflow/example_dags/example_local_kubernetes_executor.py
[2022-12-14T18:00:07.139+0000] {logging_mixin.py:137} INFO - [2022-12-14T18:00:07.139+0000] {dag.py:2585} INFO - Sync 1 DAGs
[2022-12-14T18:00:07.359+0000] {logging_mixin.py:137} INFO - [2022-12-14T18:00:07.359+0000] {dag.py:3340} INFO - Setting next_dagrun for example_local_kubernetes_executor to None, run_after=None
[2022-12-14T18:00:07.523+0000] {processor.py:176} INFO - Processing /home/airflow/.local/lib/python3.7/site-packages/airflow/example_dags/example_local_kubernetes_executor.py took 1.051 seconds
[2022-12-14T18:00:37.864+0000] {processor.py:154} INFO - Started process (PID=147) to work on /home/airflow/.local/lib/python3.7/site-packages/airflow/example_dags/example_local_kubernetes_executor.py
[2022-12-14T18:00:37.865+0000] {processor.py:756} INFO - Processing file /home/airflow/.local/lib/python3.7/site-packages/airflow/example_dags/example_local_kubernetes_executor.py for tasks to queue
[2022-12-14T18:00:37.866+0000] {logging_mixin.py:137} INFO - [2022-12-14T18:00:37.866+0000] {dagbag.py:537} INFO - Filling up the DagBag from /home/airflow/.local/lib/python3.7/site-packages/airflow/example_dags/example_local_kubernetes_executor.py
[2022-12-14T18:00:37.903+0000] {processor.py:766} INFO - DAG(s) dict_keys(['example_local_kubernetes_executor']) retrieved from /home/airflow/.local/lib/python3.7/site-packages/airflow/example_dags/example_local_kubernetes_executor.py
[2022-12-14T18:00:37.966+0000] {logging_mixin.py:137} INFO - [2022-12-14T18:00:37.965+0000] {dag.py:2585} INFO - Sync 1 DAGs
[2022-12-14T18:00:38.014+0000] {logging_mixin.py:137} INFO - [2022-12-14T18:00:38.014+0000] {dag.py:3340} INFO - Setting next_dagrun for example_local_kubernetes_executor to None, run_after=None
[2022-12-14T18:00:38.044+0000] {processor.py:176} INFO - Processing /home/airflow/.local/lib/python3.7/site-packages/airflow/example_dags/example_local_kubernetes_executor.py took 0.184 seconds
[2022-12-14T18:01:08.951+0000] {processor.py:154} INFO - Started process (PID=204) to work on /home/airflow/.local/lib/python3.7/site-packages/airflow/example_dags/example_local_kubernetes_executor.py
[2022-12-14T18:01:09.032+0000] {processor.py:756} INFO - Processing file /home/airflow/.local/lib/python3.7/site-packages/airflow/example_dags/example_local_kubernetes_executor.py for tasks to queue
[2022-12-14T18:01:09.032+0000] {logging_mixin.py:137} INFO - [2022-12-14T18:01:09.032+0000] {dagbag.py:537} INFO - Filling up the DagBag from /home/airflow/.local/lib/python3.7/site-packages/airflow/example_dags/example_local_kubernetes_executor.py
[2022-12-14T18:01:09.075+0000] {processor.py:766} INFO - DAG(s) dict_keys(['example_local_kubernetes_executor']) retrieved from /home/airflow/.local/lib/python3.7/site-packages/airflow/example_dags/example_local_kubernetes_executor.py
[2022-12-14T18:01:09.147+0000] {logging_mixin.py:137} INFO - [2022-12-14T18:01:09.147+0000] {dag.py:2585} INFO - Sync 1 DAGs
[2022-12-14T18:01:09.204+0000] {logging_mixin.py:137} INFO - [2022-12-14T18:01:09.204+0000] {dag.py:3340} INFO - Setting next_dagrun for example_local_kubernetes_executor to None, run_after=None
[2022-12-14T18:01:09.264+0000] {processor.py:176} INFO - Processing /home/airflow/.local/lib/python3.7/site-packages/airflow/example_dags/example_local_kubernetes_executor.py took 0.318 seconds
[2022-12-14T18:01:39.473+0000] {processor.py:154} INFO - Started process (PID=259) to work on /home/airflow/.local/lib/python3.7/site-packages/airflow/example_dags/example_local_kubernetes_executor.py
[2022-12-14T18:01:39.473+0000] {processor.py:756} INFO - Processing file /home/airflow/.local/lib/python3.7/site-packages/airflow/example_dags/example_local_kubernetes_executor.py for tasks to queue
[2022-12-14T18:01:39.474+0000] {logging_mixin.py:137} INFO - [2022-12-14T18:01:39.474+0000] {dagbag.py:537} INFO - Filling up the DagBag from /home/airflow/.local/lib/python3.7/site-packages/airflow/example_dags/example_local_kubernetes_executor.py
[2022-12-14T18:01:39.513+0000] {processor.py:766} INFO - DAG(s) dict_keys(['example_local_kubernetes_executor']) retrieved from /home/airflow/.local/lib/python3.7/site-packages/airflow/example_dags/example_local_kubernetes_executor.py
[2022-12-14T18:01:39.588+0000] {logging_mixin.py:137} INFO - [2022-12-14T18:01:39.588+0000] {dag.py:2585} INFO - Sync 1 DAGs
[2022-12-14T18:01:39.709+0000] {logging_mixin.py:137} INFO - [2022-12-14T18:01:39.708+0000] {dag.py:3340} INFO - Setting next_dagrun for example_local_kubernetes_executor to None, run_after=None
[2022-12-14T18:01:39.800+0000] {processor.py:176} INFO - Processing /home/airflow/.local/lib/python3.7/site-packages/airflow/example_dags/example_local_kubernetes_executor.py took 0.332 seconds
[2022-12-14T18:02:09.983+0000] {processor.py:154} INFO - Started process (PID=323) to work on /home/airflow/.local/lib/python3.7/site-packages/airflow/example_dags/example_local_kubernetes_executor.py
[2022-12-14T18:02:09.983+0000] {processor.py:756} INFO - Processing file /home/airflow/.local/lib/python3.7/site-packages/airflow/example_dags/example_local_kubernetes_executor.py for tasks to queue
[2022-12-14T18:02:09.984+0000] {logging_mixin.py:137} INFO - [2022-12-14T18:02:09.984+0000] {dagbag.py:537} INFO - Filling up the DagBag from /home/airflow/.local/lib/python3.7/site-packages/airflow/example_dags/example_local_kubernetes_executor.py
[2022-12-14T18:02:10.017+0000] {processor.py:766} INFO - DAG(s) dict_keys(['example_local_kubernetes_executor']) retrieved from /home/airflow/.local/lib/python3.7/site-packages/airflow/example_dags/example_local_kubernetes_executor.py
[2022-12-14T18:02:10.080+0000] {logging_mixin.py:137} INFO - [2022-12-14T18:02:10.080+0000] {dag.py:2585} INFO - Sync 1 DAGs
[2022-12-14T18:02:10.133+0000] {logging_mixin.py:137} INFO - [2022-12-14T18:02:10.133+0000] {dag.py:3340} INFO - Setting next_dagrun for example_local_kubernetes_executor to None, run_after=None
[2022-12-14T18:02:10.162+0000] {processor.py:176} INFO - Processing /home/airflow/.local/lib/python3.7/site-packages/airflow/example_dags/example_local_kubernetes_executor.py took 0.183 seconds
[2022-12-14T18:02:40.765+0000] {processor.py:154} INFO - Started process (PID=377) to work on /home/airflow/.local/lib/python3.7/site-packages/airflow/example_dags/example_local_kubernetes_executor.py
[2022-12-14T18:02:40.797+0000] {processor.py:756} INFO - Processing file /home/airflow/.local/lib/python3.7/site-packages/airflow/example_dags/example_local_kubernetes_executor.py for tasks to queue
[2022-12-14T18:02:40.798+0000] {logging_mixin.py:137} INFO - [2022-12-14T18:02:40.798+0000] {dagbag.py:537} INFO - Filling up the DagBag from /home/airflow/.local/lib/python3.7/site-packages/airflow/example_dags/example_local_kubernetes_executor.py
[2022-12-14T18:02:40.889+0000] {processor.py:766} INFO - DAG(s) dict_keys(['example_local_kubernetes_executor']) retrieved from /home/airflow/.local/lib/python3.7/site-packages/airflow/example_dags/example_local_kubernetes_executor.py
[2022-12-14T18:02:41.047+0000] {logging_mixin.py:137} INFO - [2022-12-14T18:02:41.046+0000] {dag.py:2585} INFO - Sync 1 DAGs
[2022-12-14T18:02:41.164+0000] {logging_mixin.py:137} INFO - [2022-12-14T18:02:41.164+0000] {dag.py:3340} INFO - Setting next_dagrun for example_local_kubernetes_executor to None, run_after=None
[2022-12-14T18:02:41.231+0000] {processor.py:176} INFO - Processing /home/airflow/.local/lib/python3.7/site-packages/airflow/example_dags/example_local_kubernetes_executor.py took 0.474 seconds
[2022-12-14T18:03:12.389+0000] {processor.py:154} INFO - Started process (PID=438) to work on /home/airflow/.local/lib/python3.7/site-packages/airflow/example_dags/example_local_kubernetes_executor.py
[2022-12-14T18:03:12.391+0000] {processor.py:756} INFO - Processing file /home/airflow/.local/lib/python3.7/site-packages/airflow/example_dags/example_local_kubernetes_executor.py for tasks to queue
[2022-12-14T18:03:12.392+0000] {logging_mixin.py:137} INFO - [2022-12-14T18:03:12.392+0000] {dagbag.py:537} INFO - Filling up the DagBag from /home/airflow/.local/lib/python3.7/site-packages/airflow/example_dags/example_local_kubernetes_executor.py
[2022-12-14T18:03:12.443+0000] {processor.py:766} INFO - DAG(s) dict_keys(['example_local_kubernetes_executor']) retrieved from /home/airflow/.local/lib/python3.7/site-packages/airflow/example_dags/example_local_kubernetes_executor.py
[2022-12-14T18:03:12.532+0000] {logging_mixin.py:137} INFO - [2022-12-14T18:03:12.532+0000] {dag.py:2585} INFO - Sync 1 DAGs
[2022-12-14T18:03:12.679+0000] {logging_mixin.py:137} INFO - [2022-12-14T18:03:12.679+0000] {dag.py:3340} INFO - Setting next_dagrun for example_local_kubernetes_executor to None, run_after=None
[2022-12-14T18:03:12.713+0000] {processor.py:176} INFO - Processing /home/airflow/.local/lib/python3.7/site-packages/airflow/example_dags/example_local_kubernetes_executor.py took 0.331 seconds
[2022-12-14T18:03:43.386+0000] {processor.py:154} INFO - Started process (PID=492) to work on /home/airflow/.local/lib/python3.7/site-packages/airflow/example_dags/example_local_kubernetes_executor.py
[2022-12-14T18:03:43.387+0000] {processor.py:756} INFO - Processing file /home/airflow/.local/lib/python3.7/site-packages/airflow/example_dags/example_local_kubernetes_executor.py for tasks to queue
[2022-12-14T18:03:43.388+0000] {logging_mixin.py:137} INFO - [2022-12-14T18:03:43.388+0000] {dagbag.py:537} INFO - Filling up the DagBag from /home/airflow/.local/lib/python3.7/site-packages/airflow/example_dags/example_local_kubernetes_executor.py
[2022-12-14T18:03:43.429+0000] {processor.py:766} INFO - DAG(s) dict_keys(['example_local_kubernetes_executor']) retrieved from /home/airflow/.local/lib/python3.7/site-packages/airflow/example_dags/example_local_kubernetes_executor.py
[2022-12-14T18:03:43.529+0000] {logging_mixin.py:137} INFO - [2022-12-14T18:03:43.528+0000] {dag.py:2585} INFO - Sync 1 DAGs
[2022-12-14T18:03:43.587+0000] {logging_mixin.py:137} INFO - [2022-12-14T18:03:43.587+0000] {dag.py:3340} INFO - Setting next_dagrun for example_local_kubernetes_executor to None, run_after=None
[2022-12-14T18:03:43.630+0000] {processor.py:176} INFO - Processing /home/airflow/.local/lib/python3.7/site-packages/airflow/example_dags/example_local_kubernetes_executor.py took 0.248 seconds
[2022-12-14T18:04:13.709+0000] {processor.py:154} INFO - Started process (PID=546) to work on /home/airflow/.local/lib/python3.7/site-packages/airflow/example_dags/example_local_kubernetes_executor.py
[2022-12-14T18:04:13.710+0000] {processor.py:756} INFO - Processing file /home/airflow/.local/lib/python3.7/site-packages/airflow/example_dags/example_local_kubernetes_executor.py for tasks to queue
[2022-12-14T18:04:13.711+0000] {logging_mixin.py:137} INFO - [2022-12-14T18:04:13.711+0000] {dagbag.py:537} INFO - Filling up the DagBag from /home/airflow/.local/lib/python3.7/site-packages/airflow/example_dags/example_local_kubernetes_executor.py
[2022-12-14T18:04:13.753+0000] {processor.py:766} INFO - DAG(s) dict_keys(['example_local_kubernetes_executor']) retrieved from /home/airflow/.local/lib/python3.7/site-packages/airflow/example_dags/example_local_kubernetes_executor.py
[2022-12-14T18:04:13.822+0000] {logging_mixin.py:137} INFO - [2022-12-14T18:04:13.822+0000] {dag.py:2585} INFO - Sync 1 DAGs
[2022-12-14T18:04:13.895+0000] {logging_mixin.py:137} INFO - [2022-12-14T18:04:13.894+0000] {dag.py:3340} INFO - Setting next_dagrun for example_local_kubernetes_executor to None, run_after=None
[2022-12-14T18:04:13.934+0000] {processor.py:176} INFO - Processing /home/airflow/.local/lib/python3.7/site-packages/airflow/example_dags/example_local_kubernetes_executor.py took 0.230 seconds
[2022-12-14T18:04:44.064+0000] {processor.py:154} INFO - Started process (PID=610) to work on /home/airflow/.local/lib/python3.7/site-packages/airflow/example_dags/example_local_kubernetes_executor.py
[2022-12-14T18:04:44.065+0000] {processor.py:756} INFO - Processing file /home/airflow/.local/lib/python3.7/site-packages/airflow/example_dags/example_local_kubernetes_executor.py for tasks to queue
[2022-12-14T18:04:44.066+0000] {logging_mixin.py:137} INFO - [2022-12-14T18:04:44.065+0000] {dagbag.py:537} INFO - Filling up the DagBag from /home/airflow/.local/lib/python3.7/site-packages/airflow/example_dags/example_local_kubernetes_executor.py
[2022-12-14T18:04:44.148+0000] {processor.py:766} INFO - DAG(s) dict_keys(['example_local_kubernetes_executor']) retrieved from /home/airflow/.local/lib/python3.7/site-packages/airflow/example_dags/example_local_kubernetes_executor.py
[2022-12-14T18:04:44.230+0000] {logging_mixin.py:137} INFO - [2022-12-14T18:04:44.230+0000] {dag.py:2585} INFO - Sync 1 DAGs
[2022-12-14T18:04:44.288+0000] {logging_mixin.py:137} INFO - [2022-12-14T18:04:44.287+0000] {dag.py:3340} INFO - Setting next_dagrun for example_local_kubernetes_executor to None, run_after=None
[2022-12-14T18:04:44.320+0000] {processor.py:176} INFO - Processing /home/airflow/.local/lib/python3.7/site-packages/airflow/example_dags/example_local_kubernetes_executor.py took 0.261 seconds
[2022-12-14T18:05:14.746+0000] {processor.py:154} INFO - Started process (PID=665) to work on /home/airflow/.local/lib/python3.7/site-packages/airflow/example_dags/example_local_kubernetes_executor.py
[2022-12-14T18:05:14.747+0000] {processor.py:756} INFO - Processing file /home/airflow/.local/lib/python3.7/site-packages/airflow/example_dags/example_local_kubernetes_executor.py for tasks to queue
[2022-12-14T18:05:14.748+0000] {logging_mixin.py:137} INFO - [2022-12-14T18:05:14.748+0000] {dagbag.py:537} INFO - Filling up the DagBag from /home/airflow/.local/lib/python3.7/site-packages/airflow/example_dags/example_local_kubernetes_executor.py
[2022-12-14T18:05:14.781+0000] {processor.py:766} INFO - DAG(s) dict_keys(['example_local_kubernetes_executor']) retrieved from /home/airflow/.local/lib/python3.7/site-packages/airflow/example_dags/example_local_kubernetes_executor.py
[2022-12-14T18:05:14.835+0000] {logging_mixin.py:137} INFO - [2022-12-14T18:05:14.835+0000] {dag.py:2585} INFO - Sync 1 DAGs
[2022-12-14T18:05:14.878+0000] {logging_mixin.py:137} INFO - [2022-12-14T18:05:14.878+0000] {dag.py:3340} INFO - Setting next_dagrun for example_local_kubernetes_executor to None, run_after=None
[2022-12-14T18:05:14.904+0000] {processor.py:176} INFO - Processing /home/airflow/.local/lib/python3.7/site-packages/airflow/example_dags/example_local_kubernetes_executor.py took 0.162 seconds
[2022-12-14T18:05:45.304+0000] {processor.py:154} INFO - Started process (PID=720) to work on /home/airflow/.local/lib/python3.7/site-packages/airflow/example_dags/example_local_kubernetes_executor.py
[2022-12-14T18:05:45.305+0000] {processor.py:756} INFO - Processing file /home/airflow/.local/lib/python3.7/site-packages/airflow/example_dags/example_local_kubernetes_executor.py for tasks to queue
[2022-12-14T18:05:45.306+0000] {logging_mixin.py:137} INFO - [2022-12-14T18:05:45.305+0000] {dagbag.py:537} INFO - Filling up the DagBag from /home/airflow/.local/lib/python3.7/site-packages/airflow/example_dags/example_local_kubernetes_executor.py
[2022-12-14T18:05:45.349+0000] {processor.py:766} INFO - DAG(s) dict_keys(['example_local_kubernetes_executor']) retrieved from /home/airflow/.local/lib/python3.7/site-packages/airflow/example_dags/example_local_kubernetes_executor.py
[2022-12-14T18:05:45.434+0000] {logging_mixin.py:137} INFO - [2022-12-14T18:05:45.433+0000] {dag.py:2585} INFO - Sync 1 DAGs
[2022-12-14T18:05:45.493+0000] {logging_mixin.py:137} INFO - [2022-12-14T18:05:45.493+0000] {dag.py:3340} INFO - Setting next_dagrun for example_local_kubernetes_executor to None, run_after=None
[2022-12-14T18:05:45.544+0000] {processor.py:176} INFO - Processing /home/airflow/.local/lib/python3.7/site-packages/airflow/example_dags/example_local_kubernetes_executor.py took 0.251 seconds
[2022-12-14T18:06:16.378+0000] {processor.py:154} INFO - Started process (PID=782) to work on /home/airflow/.local/lib/python3.7/site-packages/airflow/example_dags/example_local_kubernetes_executor.py
[2022-12-14T18:06:16.379+0000] {processor.py:756} INFO - Processing file /home/airflow/.local/lib/python3.7/site-packages/airflow/example_dags/example_local_kubernetes_executor.py for tasks to queue
[2022-12-14T18:06:16.380+0000] {logging_mixin.py:137} INFO - [2022-12-14T18:06:16.379+0000] {dagbag.py:537} INFO - Filling up the DagBag from /home/airflow/.local/lib/python3.7/site-packages/airflow/example_dags/example_local_kubernetes_executor.py
[2022-12-14T18:06:16.420+0000] {processor.py:766} INFO - DAG(s) dict_keys(['example_local_kubernetes_executor']) retrieved from /home/airflow/.local/lib/python3.7/site-packages/airflow/example_dags/example_local_kubernetes_executor.py
[2022-12-14T18:06:16.487+0000] {logging_mixin.py:137} INFO - [2022-12-14T18:06:16.487+0000] {dag.py:2585} INFO - Sync 1 DAGs
[2022-12-14T18:06:16.540+0000] {logging_mixin.py:137} INFO - [2022-12-14T18:06:16.540+0000] {dag.py:3340} INFO - Setting next_dagrun for example_local_kubernetes_executor to None, run_after=None
[2022-12-14T18:06:16.570+0000] {processor.py:176} INFO - Processing /home/airflow/.local/lib/python3.7/site-packages/airflow/example_dags/example_local_kubernetes_executor.py took 0.197 seconds
