[2022-12-14T17:41:55.437+0000] {processor.py:154} INFO - Started process (PID=73) to work on /home/airflow/.local/lib/python3.7/site-packages/airflow/example_dags/example_latest_only_with_trigger.py
[2022-12-14T17:41:55.439+0000] {processor.py:756} INFO - Processing file /home/airflow/.local/lib/python3.7/site-packages/airflow/example_dags/example_latest_only_with_trigger.py for tasks to queue
[2022-12-14T17:41:55.440+0000] {logging_mixin.py:137} INFO - [2022-12-14T17:41:55.440+0000] {dagbag.py:537} INFO - Filling up the DagBag from /home/airflow/.local/lib/python3.7/site-packages/airflow/example_dags/example_latest_only_with_trigger.py
[2022-12-14T17:41:55.967+0000] {processor.py:766} INFO - DAG(s) dict_keys(['latest_only_with_trigger']) retrieved from /home/airflow/.local/lib/python3.7/site-packages/airflow/example_dags/example_latest_only_with_trigger.py
[2022-12-14T17:41:56.526+0000] {logging_mixin.py:137} INFO - [2022-12-14T17:41:56.525+0000] {dag.py:2585} INFO - Sync 1 DAGs
[2022-12-14T17:41:56.830+0000] {logging_mixin.py:137} INFO - [2022-12-14T17:41:56.829+0000] {dag.py:3340} INFO - Setting next_dagrun for latest_only_with_trigger to 2022-12-14T13:41:56.829369+00:00, run_after=2022-12-14T17:41:56.829369+00:00
[2022-12-14T17:41:57.032+0000] {processor.py:176} INFO - Processing /home/airflow/.local/lib/python3.7/site-packages/airflow/example_dags/example_latest_only_with_trigger.py took 1.693 seconds
[2022-12-14T17:42:28.001+0000] {processor.py:154} INFO - Started process (PID=127) to work on /home/airflow/.local/lib/python3.7/site-packages/airflow/example_dags/example_latest_only_with_trigger.py
[2022-12-14T17:42:28.064+0000] {processor.py:756} INFO - Processing file /home/airflow/.local/lib/python3.7/site-packages/airflow/example_dags/example_latest_only_with_trigger.py for tasks to queue
[2022-12-14T17:42:28.065+0000] {logging_mixin.py:137} INFO - [2022-12-14T17:42:28.065+0000] {dagbag.py:537} INFO - Filling up the DagBag from /home/airflow/.local/lib/python3.7/site-packages/airflow/example_dags/example_latest_only_with_trigger.py
[2022-12-14T17:42:28.086+0000] {processor.py:766} INFO - DAG(s) dict_keys(['latest_only_with_trigger']) retrieved from /home/airflow/.local/lib/python3.7/site-packages/airflow/example_dags/example_latest_only_with_trigger.py
[2022-12-14T17:42:28.144+0000] {logging_mixin.py:137} INFO - [2022-12-14T17:42:28.144+0000] {dag.py:2585} INFO - Sync 1 DAGs
[2022-12-14T17:42:28.188+0000] {logging_mixin.py:137} INFO - [2022-12-14T17:42:28.188+0000] {dag.py:3340} INFO - Setting next_dagrun for latest_only_with_trigger to 2022-12-14T13:42:28.187794+00:00, run_after=2022-12-14T17:42:28.187794+00:00
[2022-12-14T17:42:28.219+0000] {processor.py:176} INFO - Processing /home/airflow/.local/lib/python3.7/site-packages/airflow/example_dags/example_latest_only_with_trigger.py took 0.224 seconds
[2022-12-14T17:42:58.735+0000] {processor.py:154} INFO - Started process (PID=182) to work on /home/airflow/.local/lib/python3.7/site-packages/airflow/example_dags/example_latest_only_with_trigger.py
[2022-12-14T17:42:58.736+0000] {processor.py:756} INFO - Processing file /home/airflow/.local/lib/python3.7/site-packages/airflow/example_dags/example_latest_only_with_trigger.py for tasks to queue
[2022-12-14T17:42:58.737+0000] {logging_mixin.py:137} INFO - [2022-12-14T17:42:58.737+0000] {dagbag.py:537} INFO - Filling up the DagBag from /home/airflow/.local/lib/python3.7/site-packages/airflow/example_dags/example_latest_only_with_trigger.py
[2022-12-14T17:42:58.766+0000] {processor.py:766} INFO - DAG(s) dict_keys(['latest_only_with_trigger']) retrieved from /home/airflow/.local/lib/python3.7/site-packages/airflow/example_dags/example_latest_only_with_trigger.py
[2022-12-14T17:42:58.828+0000] {logging_mixin.py:137} INFO - [2022-12-14T17:42:58.828+0000] {dag.py:2585} INFO - Sync 1 DAGs
[2022-12-14T17:42:58.883+0000] {logging_mixin.py:137} INFO - [2022-12-14T17:42:58.883+0000] {dag.py:3340} INFO - Setting next_dagrun for latest_only_with_trigger to 2022-12-14T13:42:58.883305+00:00, run_after=2022-12-14T17:42:58.883305+00:00
[2022-12-14T17:42:58.921+0000] {processor.py:176} INFO - Processing /home/airflow/.local/lib/python3.7/site-packages/airflow/example_dags/example_latest_only_with_trigger.py took 0.190 seconds
[2022-12-14T17:43:29.414+0000] {processor.py:154} INFO - Started process (PID=246) to work on /home/airflow/.local/lib/python3.7/site-packages/airflow/example_dags/example_latest_only_with_trigger.py
[2022-12-14T17:43:29.415+0000] {processor.py:756} INFO - Processing file /home/airflow/.local/lib/python3.7/site-packages/airflow/example_dags/example_latest_only_with_trigger.py for tasks to queue
[2022-12-14T17:43:29.416+0000] {logging_mixin.py:137} INFO - [2022-12-14T17:43:29.416+0000] {dagbag.py:537} INFO - Filling up the DagBag from /home/airflow/.local/lib/python3.7/site-packages/airflow/example_dags/example_latest_only_with_trigger.py
[2022-12-14T17:43:29.439+0000] {processor.py:766} INFO - DAG(s) dict_keys(['latest_only_with_trigger']) retrieved from /home/airflow/.local/lib/python3.7/site-packages/airflow/example_dags/example_latest_only_with_trigger.py
[2022-12-14T17:43:29.495+0000] {logging_mixin.py:137} INFO - [2022-12-14T17:43:29.495+0000] {dag.py:2585} INFO - Sync 1 DAGs
[2022-12-14T17:43:29.539+0000] {logging_mixin.py:137} INFO - [2022-12-14T17:43:29.539+0000] {dag.py:3340} INFO - Setting next_dagrun for latest_only_with_trigger to 2022-12-14T13:43:29.539216+00:00, run_after=2022-12-14T17:43:29.539216+00:00
[2022-12-14T17:43:29.566+0000] {processor.py:176} INFO - Processing /home/airflow/.local/lib/python3.7/site-packages/airflow/example_dags/example_latest_only_with_trigger.py took 0.156 seconds
[2022-12-14T17:44:00.369+0000] {processor.py:154} INFO - Started process (PID=301) to work on /home/airflow/.local/lib/python3.7/site-packages/airflow/example_dags/example_latest_only_with_trigger.py
[2022-12-14T17:44:00.383+0000] {processor.py:756} INFO - Processing file /home/airflow/.local/lib/python3.7/site-packages/airflow/example_dags/example_latest_only_with_trigger.py for tasks to queue
[2022-12-14T17:44:00.384+0000] {logging_mixin.py:137} INFO - [2022-12-14T17:44:00.384+0000] {dagbag.py:537} INFO - Filling up the DagBag from /home/airflow/.local/lib/python3.7/site-packages/airflow/example_dags/example_latest_only_with_trigger.py
[2022-12-14T17:44:00.412+0000] {processor.py:766} INFO - DAG(s) dict_keys(['latest_only_with_trigger']) retrieved from /home/airflow/.local/lib/python3.7/site-packages/airflow/example_dags/example_latest_only_with_trigger.py
[2022-12-14T17:44:00.485+0000] {logging_mixin.py:137} INFO - [2022-12-14T17:44:00.485+0000] {dag.py:2585} INFO - Sync 1 DAGs
[2022-12-14T17:44:00.534+0000] {logging_mixin.py:137} INFO - [2022-12-14T17:44:00.534+0000] {dag.py:3340} INFO - Setting next_dagrun for latest_only_with_trigger to 2022-12-14T13:44:00.534427+00:00, run_after=2022-12-14T17:44:00.534427+00:00
[2022-12-14T17:44:00.563+0000] {processor.py:176} INFO - Processing /home/airflow/.local/lib/python3.7/site-packages/airflow/example_dags/example_latest_only_with_trigger.py took 0.198 seconds
[2022-12-14T17:44:30.861+0000] {processor.py:154} INFO - Started process (PID=364) to work on /home/airflow/.local/lib/python3.7/site-packages/airflow/example_dags/example_latest_only_with_trigger.py
[2022-12-14T17:44:30.862+0000] {processor.py:756} INFO - Processing file /home/airflow/.local/lib/python3.7/site-packages/airflow/example_dags/example_latest_only_with_trigger.py for tasks to queue
[2022-12-14T17:44:30.863+0000] {logging_mixin.py:137} INFO - [2022-12-14T17:44:30.862+0000] {dagbag.py:537} INFO - Filling up the DagBag from /home/airflow/.local/lib/python3.7/site-packages/airflow/example_dags/example_latest_only_with_trigger.py
[2022-12-14T17:44:30.884+0000] {processor.py:766} INFO - DAG(s) dict_keys(['latest_only_with_trigger']) retrieved from /home/airflow/.local/lib/python3.7/site-packages/airflow/example_dags/example_latest_only_with_trigger.py
[2022-12-14T17:44:30.943+0000] {logging_mixin.py:137} INFO - [2022-12-14T17:44:30.943+0000] {dag.py:2585} INFO - Sync 1 DAGs
[2022-12-14T17:44:30.990+0000] {logging_mixin.py:137} INFO - [2022-12-14T17:44:30.990+0000] {dag.py:3340} INFO - Setting next_dagrun for latest_only_with_trigger to 2022-12-14T13:44:30.990165+00:00, run_after=2022-12-14T17:44:30.990165+00:00
[2022-12-14T17:44:31.017+0000] {processor.py:176} INFO - Processing /home/airflow/.local/lib/python3.7/site-packages/airflow/example_dags/example_latest_only_with_trigger.py took 0.161 seconds
[2022-12-14T17:45:01.755+0000] {processor.py:154} INFO - Started process (PID=419) to work on /home/airflow/.local/lib/python3.7/site-packages/airflow/example_dags/example_latest_only_with_trigger.py
[2022-12-14T17:45:01.756+0000] {processor.py:756} INFO - Processing file /home/airflow/.local/lib/python3.7/site-packages/airflow/example_dags/example_latest_only_with_trigger.py for tasks to queue
[2022-12-14T17:45:01.757+0000] {logging_mixin.py:137} INFO - [2022-12-14T17:45:01.757+0000] {dagbag.py:537} INFO - Filling up the DagBag from /home/airflow/.local/lib/python3.7/site-packages/airflow/example_dags/example_latest_only_with_trigger.py
[2022-12-14T17:45:01.777+0000] {processor.py:766} INFO - DAG(s) dict_keys(['latest_only_with_trigger']) retrieved from /home/airflow/.local/lib/python3.7/site-packages/airflow/example_dags/example_latest_only_with_trigger.py
[2022-12-14T17:45:01.832+0000] {logging_mixin.py:137} INFO - [2022-12-14T17:45:01.831+0000] {dag.py:2585} INFO - Sync 1 DAGs
[2022-12-14T17:45:01.872+0000] {logging_mixin.py:137} INFO - [2022-12-14T17:45:01.871+0000] {dag.py:3340} INFO - Setting next_dagrun for latest_only_with_trigger to 2022-12-14T13:45:01.871481+00:00, run_after=2022-12-14T17:45:01.871481+00:00
[2022-12-14T17:45:01.897+0000] {processor.py:176} INFO - Processing /home/airflow/.local/lib/python3.7/site-packages/airflow/example_dags/example_latest_only_with_trigger.py took 0.149 seconds
[2022-12-14T17:45:32.613+0000] {processor.py:154} INFO - Started process (PID=473) to work on /home/airflow/.local/lib/python3.7/site-packages/airflow/example_dags/example_latest_only_with_trigger.py
[2022-12-14T17:45:32.615+0000] {processor.py:756} INFO - Processing file /home/airflow/.local/lib/python3.7/site-packages/airflow/example_dags/example_latest_only_with_trigger.py for tasks to queue
[2022-12-14T17:45:32.616+0000] {logging_mixin.py:137} INFO - [2022-12-14T17:45:32.616+0000] {dagbag.py:537} INFO - Filling up the DagBag from /home/airflow/.local/lib/python3.7/site-packages/airflow/example_dags/example_latest_only_with_trigger.py
[2022-12-14T17:45:32.638+0000] {processor.py:766} INFO - DAG(s) dict_keys(['latest_only_with_trigger']) retrieved from /home/airflow/.local/lib/python3.7/site-packages/airflow/example_dags/example_latest_only_with_trigger.py
[2022-12-14T17:45:32.701+0000] {logging_mixin.py:137} INFO - [2022-12-14T17:45:32.700+0000] {dag.py:2585} INFO - Sync 1 DAGs
[2022-12-14T17:45:32.858+0000] {logging_mixin.py:137} INFO - [2022-12-14T17:45:32.858+0000] {dag.py:3340} INFO - Setting next_dagrun for latest_only_with_trigger to 2022-12-14T13:45:32.857840+00:00, run_after=2022-12-14T17:45:32.857840+00:00
[2022-12-14T17:45:32.917+0000] {processor.py:176} INFO - Processing /home/airflow/.local/lib/python3.7/site-packages/airflow/example_dags/example_latest_only_with_trigger.py took 0.308 seconds
[2022-12-14T17:46:03.717+0000] {processor.py:154} INFO - Started process (PID=536) to work on /home/airflow/.local/lib/python3.7/site-packages/airflow/example_dags/example_latest_only_with_trigger.py
[2022-12-14T17:46:03.718+0000] {processor.py:756} INFO - Processing file /home/airflow/.local/lib/python3.7/site-packages/airflow/example_dags/example_latest_only_with_trigger.py for tasks to queue
[2022-12-14T17:46:03.719+0000] {logging_mixin.py:137} INFO - [2022-12-14T17:46:03.719+0000] {dagbag.py:537} INFO - Filling up the DagBag from /home/airflow/.local/lib/python3.7/site-packages/airflow/example_dags/example_latest_only_with_trigger.py
[2022-12-14T17:46:03.740+0000] {processor.py:766} INFO - DAG(s) dict_keys(['latest_only_with_trigger']) retrieved from /home/airflow/.local/lib/python3.7/site-packages/airflow/example_dags/example_latest_only_with_trigger.py
[2022-12-14T17:46:03.791+0000] {logging_mixin.py:137} INFO - [2022-12-14T17:46:03.791+0000] {dag.py:2585} INFO - Sync 1 DAGs
[2022-12-14T17:46:03.825+0000] {logging_mixin.py:137} INFO - [2022-12-14T17:46:03.824+0000] {dag.py:3340} INFO - Setting next_dagrun for latest_only_with_trigger to 2022-12-14T13:46:03.824551+00:00, run_after=2022-12-14T17:46:03.824551+00:00
[2022-12-14T17:46:03.848+0000] {processor.py:176} INFO - Processing /home/airflow/.local/lib/python3.7/site-packages/airflow/example_dags/example_latest_only_with_trigger.py took 0.137 seconds
[2022-12-14T17:46:34.645+0000] {processor.py:154} INFO - Started process (PID=590) to work on /home/airflow/.local/lib/python3.7/site-packages/airflow/example_dags/example_latest_only_with_trigger.py
[2022-12-14T17:46:34.648+0000] {processor.py:756} INFO - Processing file /home/airflow/.local/lib/python3.7/site-packages/airflow/example_dags/example_latest_only_with_trigger.py for tasks to queue
[2022-12-14T17:46:34.648+0000] {logging_mixin.py:137} INFO - [2022-12-14T17:46:34.648+0000] {dagbag.py:537} INFO - Filling up the DagBag from /home/airflow/.local/lib/python3.7/site-packages/airflow/example_dags/example_latest_only_with_trigger.py
[2022-12-14T17:46:34.669+0000] {processor.py:766} INFO - DAG(s) dict_keys(['latest_only_with_trigger']) retrieved from /home/airflow/.local/lib/python3.7/site-packages/airflow/example_dags/example_latest_only_with_trigger.py
[2022-12-14T17:46:34.730+0000] {logging_mixin.py:137} INFO - [2022-12-14T17:46:34.730+0000] {dag.py:2585} INFO - Sync 1 DAGs
[2022-12-14T17:46:34.770+0000] {logging_mixin.py:137} INFO - [2022-12-14T17:46:34.770+0000] {dag.py:3340} INFO - Setting next_dagrun for latest_only_with_trigger to 2022-12-14T13:46:34.769979+00:00, run_after=2022-12-14T17:46:34.769979+00:00
[2022-12-14T17:46:34.797+0000] {processor.py:176} INFO - Processing /home/airflow/.local/lib/python3.7/site-packages/airflow/example_dags/example_latest_only_with_trigger.py took 0.158 seconds
[2022-12-14T17:47:05.186+0000] {processor.py:154} INFO - Started process (PID=652) to work on /home/airflow/.local/lib/python3.7/site-packages/airflow/example_dags/example_latest_only_with_trigger.py
[2022-12-14T17:47:05.187+0000] {processor.py:756} INFO - Processing file /home/airflow/.local/lib/python3.7/site-packages/airflow/example_dags/example_latest_only_with_trigger.py for tasks to queue
[2022-12-14T17:47:05.188+0000] {logging_mixin.py:137} INFO - [2022-12-14T17:47:05.188+0000] {dagbag.py:537} INFO - Filling up the DagBag from /home/airflow/.local/lib/python3.7/site-packages/airflow/example_dags/example_latest_only_with_trigger.py
[2022-12-14T17:47:05.210+0000] {processor.py:766} INFO - DAG(s) dict_keys(['latest_only_with_trigger']) retrieved from /home/airflow/.local/lib/python3.7/site-packages/airflow/example_dags/example_latest_only_with_trigger.py
[2022-12-14T17:47:05.266+0000] {logging_mixin.py:137} INFO - [2022-12-14T17:47:05.265+0000] {dag.py:2585} INFO - Sync 1 DAGs
[2022-12-14T17:47:05.307+0000] {logging_mixin.py:137} INFO - [2022-12-14T17:47:05.307+0000] {dag.py:3340} INFO - Setting next_dagrun for latest_only_with_trigger to 2022-12-14T13:47:05.306904+00:00, run_after=2022-12-14T17:47:05.306904+00:00
[2022-12-14T17:47:05.334+0000] {processor.py:176} INFO - Processing /home/airflow/.local/lib/python3.7/site-packages/airflow/example_dags/example_latest_only_with_trigger.py took 0.156 seconds
[2022-12-14T17:47:35.688+0000] {processor.py:154} INFO - Started process (PID=706) to work on /home/airflow/.local/lib/python3.7/site-packages/airflow/example_dags/example_latest_only_with_trigger.py
[2022-12-14T17:47:35.689+0000] {processor.py:756} INFO - Processing file /home/airflow/.local/lib/python3.7/site-packages/airflow/example_dags/example_latest_only_with_trigger.py for tasks to queue
[2022-12-14T17:47:35.689+0000] {logging_mixin.py:137} INFO - [2022-12-14T17:47:35.689+0000] {dagbag.py:537} INFO - Filling up the DagBag from /home/airflow/.local/lib/python3.7/site-packages/airflow/example_dags/example_latest_only_with_trigger.py
[2022-12-14T17:47:35.710+0000] {processor.py:766} INFO - DAG(s) dict_keys(['latest_only_with_trigger']) retrieved from /home/airflow/.local/lib/python3.7/site-packages/airflow/example_dags/example_latest_only_with_trigger.py
[2022-12-14T17:47:35.809+0000] {logging_mixin.py:137} INFO - [2022-12-14T17:47:35.808+0000] {dag.py:2585} INFO - Sync 1 DAGs
[2022-12-14T17:47:35.860+0000] {logging_mixin.py:137} INFO - [2022-12-14T17:47:35.860+0000] {dag.py:3340} INFO - Setting next_dagrun for latest_only_with_trigger to 2022-12-14T13:47:35.859443+00:00, run_after=2022-12-14T17:47:35.859443+00:00
[2022-12-14T17:47:35.921+0000] {processor.py:176} INFO - Processing /home/airflow/.local/lib/python3.7/site-packages/airflow/example_dags/example_latest_only_with_trigger.py took 0.240 seconds
[2022-12-14T17:48:06.157+0000] {processor.py:154} INFO - Started process (PID=761) to work on /home/airflow/.local/lib/python3.7/site-packages/airflow/example_dags/example_latest_only_with_trigger.py
[2022-12-14T17:48:06.158+0000] {processor.py:756} INFO - Processing file /home/airflow/.local/lib/python3.7/site-packages/airflow/example_dags/example_latest_only_with_trigger.py for tasks to queue
[2022-12-14T17:48:06.159+0000] {logging_mixin.py:137} INFO - [2022-12-14T17:48:06.159+0000] {dagbag.py:537} INFO - Filling up the DagBag from /home/airflow/.local/lib/python3.7/site-packages/airflow/example_dags/example_latest_only_with_trigger.py
[2022-12-14T17:48:06.183+0000] {processor.py:766} INFO - DAG(s) dict_keys(['latest_only_with_trigger']) retrieved from /home/airflow/.local/lib/python3.7/site-packages/airflow/example_dags/example_latest_only_with_trigger.py
[2022-12-14T17:48:06.246+0000] {logging_mixin.py:137} INFO - [2022-12-14T17:48:06.246+0000] {dag.py:2585} INFO - Sync 1 DAGs
[2022-12-14T17:48:06.307+0000] {logging_mixin.py:137} INFO - [2022-12-14T17:48:06.307+0000] {dag.py:3340} INFO - Setting next_dagrun for latest_only_with_trigger to 2022-12-14T13:48:06.306883+00:00, run_after=2022-12-14T17:48:06.306883+00:00
[2022-12-14T17:48:06.413+0000] {processor.py:176} INFO - Processing /home/airflow/.local/lib/python3.7/site-packages/airflow/example_dags/example_latest_only_with_trigger.py took 0.261 seconds
[2022-12-14T17:48:36.451+0000] {processor.py:154} INFO - Started process (PID=824) to work on /home/airflow/.local/lib/python3.7/site-packages/airflow/example_dags/example_latest_only_with_trigger.py
[2022-12-14T17:48:36.452+0000] {processor.py:756} INFO - Processing file /home/airflow/.local/lib/python3.7/site-packages/airflow/example_dags/example_latest_only_with_trigger.py for tasks to queue
[2022-12-14T17:48:36.453+0000] {logging_mixin.py:137} INFO - [2022-12-14T17:48:36.453+0000] {dagbag.py:537} INFO - Filling up the DagBag from /home/airflow/.local/lib/python3.7/site-packages/airflow/example_dags/example_latest_only_with_trigger.py
[2022-12-14T17:48:36.471+0000] {processor.py:766} INFO - DAG(s) dict_keys(['latest_only_with_trigger']) retrieved from /home/airflow/.local/lib/python3.7/site-packages/airflow/example_dags/example_latest_only_with_trigger.py
[2022-12-14T17:48:36.525+0000] {logging_mixin.py:137} INFO - [2022-12-14T17:48:36.525+0000] {dag.py:2585} INFO - Sync 1 DAGs
[2022-12-14T17:48:36.569+0000] {logging_mixin.py:137} INFO - [2022-12-14T17:48:36.568+0000] {dag.py:3340} INFO - Setting next_dagrun for latest_only_with_trigger to 2022-12-14T13:48:36.568705+00:00, run_after=2022-12-14T17:48:36.568705+00:00
[2022-12-14T17:48:36.592+0000] {processor.py:176} INFO - Processing /home/airflow/.local/lib/python3.7/site-packages/airflow/example_dags/example_latest_only_with_trigger.py took 0.144 seconds
[2022-12-14T17:49:07.179+0000] {processor.py:154} INFO - Started process (PID=879) to work on /home/airflow/.local/lib/python3.7/site-packages/airflow/example_dags/example_latest_only_with_trigger.py
[2022-12-14T17:49:07.180+0000] {processor.py:756} INFO - Processing file /home/airflow/.local/lib/python3.7/site-packages/airflow/example_dags/example_latest_only_with_trigger.py for tasks to queue
[2022-12-14T17:49:07.181+0000] {logging_mixin.py:137} INFO - [2022-12-14T17:49:07.181+0000] {dagbag.py:537} INFO - Filling up the DagBag from /home/airflow/.local/lib/python3.7/site-packages/airflow/example_dags/example_latest_only_with_trigger.py
[2022-12-14T17:49:07.204+0000] {processor.py:766} INFO - DAG(s) dict_keys(['latest_only_with_trigger']) retrieved from /home/airflow/.local/lib/python3.7/site-packages/airflow/example_dags/example_latest_only_with_trigger.py
[2022-12-14T17:49:07.263+0000] {logging_mixin.py:137} INFO - [2022-12-14T17:49:07.262+0000] {dag.py:2585} INFO - Sync 1 DAGs
[2022-12-14T17:49:07.314+0000] {logging_mixin.py:137} INFO - [2022-12-14T17:49:07.313+0000] {dag.py:3340} INFO - Setting next_dagrun for latest_only_with_trigger to 2022-12-14T13:49:07.313459+00:00, run_after=2022-12-14T17:49:07.313459+00:00
[2022-12-14T17:49:07.342+0000] {processor.py:176} INFO - Processing /home/airflow/.local/lib/python3.7/site-packages/airflow/example_dags/example_latest_only_with_trigger.py took 0.167 seconds
[2022-12-14T17:49:38.340+0000] {processor.py:154} INFO - Started process (PID=943) to work on /home/airflow/.local/lib/python3.7/site-packages/airflow/example_dags/example_latest_only_with_trigger.py
[2022-12-14T17:49:38.344+0000] {processor.py:756} INFO - Processing file /home/airflow/.local/lib/python3.7/site-packages/airflow/example_dags/example_latest_only_with_trigger.py for tasks to queue
[2022-12-14T17:49:38.345+0000] {logging_mixin.py:137} INFO - [2022-12-14T17:49:38.345+0000] {dagbag.py:537} INFO - Filling up the DagBag from /home/airflow/.local/lib/python3.7/site-packages/airflow/example_dags/example_latest_only_with_trigger.py
[2022-12-14T17:49:38.371+0000] {processor.py:766} INFO - DAG(s) dict_keys(['latest_only_with_trigger']) retrieved from /home/airflow/.local/lib/python3.7/site-packages/airflow/example_dags/example_latest_only_with_trigger.py
[2022-12-14T17:49:38.509+0000] {logging_mixin.py:137} INFO - [2022-12-14T17:49:38.508+0000] {dag.py:2585} INFO - Sync 1 DAGs
[2022-12-14T17:49:38.688+0000] {logging_mixin.py:137} INFO - [2022-12-14T17:49:38.687+0000] {dag.py:3340} INFO - Setting next_dagrun for latest_only_with_trigger to 2022-12-14T13:49:38.687576+00:00, run_after=2022-12-14T17:49:38.687576+00:00
[2022-12-14T17:49:38.761+0000] {processor.py:176} INFO - Processing /home/airflow/.local/lib/python3.7/site-packages/airflow/example_dags/example_latest_only_with_trigger.py took 0.431 seconds
[2022-12-14T17:50:09.622+0000] {processor.py:154} INFO - Started process (PID=997) to work on /home/airflow/.local/lib/python3.7/site-packages/airflow/example_dags/example_latest_only_with_trigger.py
[2022-12-14T17:50:09.623+0000] {processor.py:756} INFO - Processing file /home/airflow/.local/lib/python3.7/site-packages/airflow/example_dags/example_latest_only_with_trigger.py for tasks to queue
[2022-12-14T17:50:09.624+0000] {logging_mixin.py:137} INFO - [2022-12-14T17:50:09.624+0000] {dagbag.py:537} INFO - Filling up the DagBag from /home/airflow/.local/lib/python3.7/site-packages/airflow/example_dags/example_latest_only_with_trigger.py
[2022-12-14T17:50:09.648+0000] {processor.py:766} INFO - DAG(s) dict_keys(['latest_only_with_trigger']) retrieved from /home/airflow/.local/lib/python3.7/site-packages/airflow/example_dags/example_latest_only_with_trigger.py
[2022-12-14T17:50:09.721+0000] {logging_mixin.py:137} INFO - [2022-12-14T17:50:09.721+0000] {dag.py:2585} INFO - Sync 1 DAGs
[2022-12-14T17:50:09.775+0000] {logging_mixin.py:137} INFO - [2022-12-14T17:50:09.775+0000] {dag.py:3340} INFO - Setting next_dagrun for latest_only_with_trigger to 2022-12-14T13:50:09.775139+00:00, run_after=2022-12-14T17:50:09.775139+00:00
[2022-12-14T17:50:09.809+0000] {processor.py:176} INFO - Processing /home/airflow/.local/lib/python3.7/site-packages/airflow/example_dags/example_latest_only_with_trigger.py took 0.192 seconds
[2022-12-14T17:50:39.893+0000] {processor.py:154} INFO - Started process (PID=1052) to work on /home/airflow/.local/lib/python3.7/site-packages/airflow/example_dags/example_latest_only_with_trigger.py
[2022-12-14T17:50:39.895+0000] {processor.py:756} INFO - Processing file /home/airflow/.local/lib/python3.7/site-packages/airflow/example_dags/example_latest_only_with_trigger.py for tasks to queue
[2022-12-14T17:50:39.896+0000] {logging_mixin.py:137} INFO - [2022-12-14T17:50:39.896+0000] {dagbag.py:537} INFO - Filling up the DagBag from /home/airflow/.local/lib/python3.7/site-packages/airflow/example_dags/example_latest_only_with_trigger.py
[2022-12-14T17:50:39.917+0000] {processor.py:766} INFO - DAG(s) dict_keys(['latest_only_with_trigger']) retrieved from /home/airflow/.local/lib/python3.7/site-packages/airflow/example_dags/example_latest_only_with_trigger.py
[2022-12-14T17:50:39.972+0000] {logging_mixin.py:137} INFO - [2022-12-14T17:50:39.972+0000] {dag.py:2585} INFO - Sync 1 DAGs
[2022-12-14T17:50:40.019+0000] {logging_mixin.py:137} INFO - [2022-12-14T17:50:40.019+0000] {dag.py:3340} INFO - Setting next_dagrun for latest_only_with_trigger to 2022-12-14T13:50:40.019242+00:00, run_after=2022-12-14T17:50:40.019242+00:00
[2022-12-14T17:50:40.128+0000] {processor.py:176} INFO - Processing /home/airflow/.local/lib/python3.7/site-packages/airflow/example_dags/example_latest_only_with_trigger.py took 0.240 seconds
[2022-12-14T17:51:10.522+0000] {processor.py:154} INFO - Started process (PID=1108) to work on /home/airflow/.local/lib/python3.7/site-packages/airflow/example_dags/example_latest_only_with_trigger.py
[2022-12-14T17:51:10.524+0000] {processor.py:756} INFO - Processing file /home/airflow/.local/lib/python3.7/site-packages/airflow/example_dags/example_latest_only_with_trigger.py for tasks to queue
[2022-12-14T17:51:10.525+0000] {logging_mixin.py:137} INFO - [2022-12-14T17:51:10.525+0000] {dagbag.py:537} INFO - Filling up the DagBag from /home/airflow/.local/lib/python3.7/site-packages/airflow/example_dags/example_latest_only_with_trigger.py
[2022-12-14T17:51:10.568+0000] {processor.py:766} INFO - DAG(s) dict_keys(['latest_only_with_trigger']) retrieved from /home/airflow/.local/lib/python3.7/site-packages/airflow/example_dags/example_latest_only_with_trigger.py
[2022-12-14T17:51:10.744+0000] {logging_mixin.py:137} INFO - [2022-12-14T17:51:10.744+0000] {dag.py:2585} INFO - Sync 1 DAGs
[2022-12-14T17:51:10.846+0000] {logging_mixin.py:137} INFO - [2022-12-14T17:51:10.845+0000] {dag.py:3340} INFO - Setting next_dagrun for latest_only_with_trigger to 2022-12-14T13:51:10.844838+00:00, run_after=2022-12-14T17:51:10.844838+00:00
[2022-12-14T17:51:10.904+0000] {processor.py:176} INFO - Processing /home/airflow/.local/lib/python3.7/site-packages/airflow/example_dags/example_latest_only_with_trigger.py took 0.389 seconds
[2022-12-14T17:51:41.211+0000] {processor.py:154} INFO - Started process (PID=1171) to work on /home/airflow/.local/lib/python3.7/site-packages/airflow/example_dags/example_latest_only_with_trigger.py
[2022-12-14T17:51:41.212+0000] {processor.py:756} INFO - Processing file /home/airflow/.local/lib/python3.7/site-packages/airflow/example_dags/example_latest_only_with_trigger.py for tasks to queue
[2022-12-14T17:51:41.213+0000] {logging_mixin.py:137} INFO - [2022-12-14T17:51:41.213+0000] {dagbag.py:537} INFO - Filling up the DagBag from /home/airflow/.local/lib/python3.7/site-packages/airflow/example_dags/example_latest_only_with_trigger.py
[2022-12-14T17:51:41.237+0000] {processor.py:766} INFO - DAG(s) dict_keys(['latest_only_with_trigger']) retrieved from /home/airflow/.local/lib/python3.7/site-packages/airflow/example_dags/example_latest_only_with_trigger.py
[2022-12-14T17:51:41.339+0000] {logging_mixin.py:137} INFO - [2022-12-14T17:51:41.339+0000] {dag.py:2585} INFO - Sync 1 DAGs
[2022-12-14T17:51:41.452+0000] {logging_mixin.py:137} INFO - [2022-12-14T17:51:41.451+0000] {dag.py:3340} INFO - Setting next_dagrun for latest_only_with_trigger to 2022-12-14T13:51:41.451528+00:00, run_after=2022-12-14T17:51:41.451528+00:00
[2022-12-14T17:51:41.524+0000] {processor.py:176} INFO - Processing /home/airflow/.local/lib/python3.7/site-packages/airflow/example_dags/example_latest_only_with_trigger.py took 0.325 seconds
[2022-12-14T17:52:11.877+0000] {processor.py:154} INFO - Started process (PID=1226) to work on /home/airflow/.local/lib/python3.7/site-packages/airflow/example_dags/example_latest_only_with_trigger.py
[2022-12-14T17:52:11.887+0000] {processor.py:756} INFO - Processing file /home/airflow/.local/lib/python3.7/site-packages/airflow/example_dags/example_latest_only_with_trigger.py for tasks to queue
[2022-12-14T17:52:11.891+0000] {logging_mixin.py:137} INFO - [2022-12-14T17:52:11.891+0000] {dagbag.py:537} INFO - Filling up the DagBag from /home/airflow/.local/lib/python3.7/site-packages/airflow/example_dags/example_latest_only_with_trigger.py
[2022-12-14T17:52:12.207+0000] {processor.py:766} INFO - DAG(s) dict_keys(['latest_only_with_trigger']) retrieved from /home/airflow/.local/lib/python3.7/site-packages/airflow/example_dags/example_latest_only_with_trigger.py
[2022-12-14T17:52:12.800+0000] {logging_mixin.py:137} INFO - [2022-12-14T17:52:12.799+0000] {dag.py:2585} INFO - Sync 1 DAGs
[2022-12-14T17:52:13.221+0000] {logging_mixin.py:137} INFO - [2022-12-14T17:52:13.220+0000] {dag.py:3340} INFO - Setting next_dagrun for latest_only_with_trigger to 2022-12-14T13:52:13.220392+00:00, run_after=2022-12-14T17:52:13.220392+00:00
[2022-12-14T17:52:13.573+0000] {processor.py:176} INFO - Processing /home/airflow/.local/lib/python3.7/site-packages/airflow/example_dags/example_latest_only_with_trigger.py took 1.728 seconds
[2022-12-14T17:52:43.911+0000] {processor.py:154} INFO - Started process (PID=1273) to work on /home/airflow/.local/lib/python3.7/site-packages/airflow/example_dags/example_latest_only_with_trigger.py
[2022-12-14T17:52:43.919+0000] {processor.py:756} INFO - Processing file /home/airflow/.local/lib/python3.7/site-packages/airflow/example_dags/example_latest_only_with_trigger.py for tasks to queue
[2022-12-14T17:52:43.921+0000] {logging_mixin.py:137} INFO - [2022-12-14T17:52:43.921+0000] {dagbag.py:537} INFO - Filling up the DagBag from /home/airflow/.local/lib/python3.7/site-packages/airflow/example_dags/example_latest_only_with_trigger.py
[2022-12-14T17:52:43.980+0000] {processor.py:766} INFO - DAG(s) dict_keys(['latest_only_with_trigger']) retrieved from /home/airflow/.local/lib/python3.7/site-packages/airflow/example_dags/example_latest_only_with_trigger.py
[2022-12-14T17:52:44.191+0000] {logging_mixin.py:137} INFO - [2022-12-14T17:52:44.190+0000] {dag.py:2585} INFO - Sync 1 DAGs
[2022-12-14T17:52:44.639+0000] {logging_mixin.py:137} INFO - [2022-12-14T17:52:44.638+0000] {dag.py:3340} INFO - Setting next_dagrun for latest_only_with_trigger to 2022-12-14T13:52:44.638345+00:00, run_after=2022-12-14T17:52:44.638345+00:00
[2022-12-14T17:52:44.837+0000] {processor.py:176} INFO - Processing /home/airflow/.local/lib/python3.7/site-packages/airflow/example_dags/example_latest_only_with_trigger.py took 0.931 seconds
[2022-12-14T17:53:15.129+0000] {processor.py:154} INFO - Started process (PID=1335) to work on /home/airflow/.local/lib/python3.7/site-packages/airflow/example_dags/example_latest_only_with_trigger.py
[2022-12-14T17:53:15.131+0000] {processor.py:756} INFO - Processing file /home/airflow/.local/lib/python3.7/site-packages/airflow/example_dags/example_latest_only_with_trigger.py for tasks to queue
[2022-12-14T17:53:15.132+0000] {logging_mixin.py:137} INFO - [2022-12-14T17:53:15.131+0000] {dagbag.py:537} INFO - Filling up the DagBag from /home/airflow/.local/lib/python3.7/site-packages/airflow/example_dags/example_latest_only_with_trigger.py
[2022-12-14T17:53:15.156+0000] {processor.py:766} INFO - DAG(s) dict_keys(['latest_only_with_trigger']) retrieved from /home/airflow/.local/lib/python3.7/site-packages/airflow/example_dags/example_latest_only_with_trigger.py
[2022-12-14T17:53:15.218+0000] {logging_mixin.py:137} INFO - [2022-12-14T17:53:15.218+0000] {dag.py:2585} INFO - Sync 1 DAGs
[2022-12-14T17:53:15.266+0000] {logging_mixin.py:137} INFO - [2022-12-14T17:53:15.266+0000] {dag.py:3340} INFO - Setting next_dagrun for latest_only_with_trigger to 2022-12-14T13:53:15.266239+00:00, run_after=2022-12-14T17:53:15.266239+00:00
[2022-12-14T17:53:15.288+0000] {processor.py:176} INFO - Processing /home/airflow/.local/lib/python3.7/site-packages/airflow/example_dags/example_latest_only_with_trigger.py took 0.164 seconds
[2022-12-14T17:53:45.791+0000] {processor.py:154} INFO - Started process (PID=1388) to work on /home/airflow/.local/lib/python3.7/site-packages/airflow/example_dags/example_latest_only_with_trigger.py
[2022-12-14T17:53:45.795+0000] {processor.py:756} INFO - Processing file /home/airflow/.local/lib/python3.7/site-packages/airflow/example_dags/example_latest_only_with_trigger.py for tasks to queue
[2022-12-14T17:53:45.795+0000] {logging_mixin.py:137} INFO - [2022-12-14T17:53:45.795+0000] {dagbag.py:537} INFO - Filling up the DagBag from /home/airflow/.local/lib/python3.7/site-packages/airflow/example_dags/example_latest_only_with_trigger.py
[2022-12-14T17:53:45.817+0000] {processor.py:766} INFO - DAG(s) dict_keys(['latest_only_with_trigger']) retrieved from /home/airflow/.local/lib/python3.7/site-packages/airflow/example_dags/example_latest_only_with_trigger.py
[2022-12-14T17:53:45.883+0000] {logging_mixin.py:137} INFO - [2022-12-14T17:53:45.883+0000] {dag.py:2585} INFO - Sync 1 DAGs
[2022-12-14T17:53:45.931+0000] {logging_mixin.py:137} INFO - [2022-12-14T17:53:45.931+0000] {dag.py:3340} INFO - Setting next_dagrun for latest_only_with_trigger to 2022-12-14T13:53:45.931125+00:00, run_after=2022-12-14T17:53:45.931125+00:00
[2022-12-14T17:53:45.971+0000] {processor.py:176} INFO - Processing /home/airflow/.local/lib/python3.7/site-packages/airflow/example_dags/example_latest_only_with_trigger.py took 0.183 seconds
[2022-12-14T17:54:16.591+0000] {processor.py:154} INFO - Started process (PID=1442) to work on /home/airflow/.local/lib/python3.7/site-packages/airflow/example_dags/example_latest_only_with_trigger.py
[2022-12-14T17:54:16.593+0000] {processor.py:756} INFO - Processing file /home/airflow/.local/lib/python3.7/site-packages/airflow/example_dags/example_latest_only_with_trigger.py for tasks to queue
[2022-12-14T17:54:16.593+0000] {logging_mixin.py:137} INFO - [2022-12-14T17:54:16.593+0000] {dagbag.py:537} INFO - Filling up the DagBag from /home/airflow/.local/lib/python3.7/site-packages/airflow/example_dags/example_latest_only_with_trigger.py
[2022-12-14T17:54:16.615+0000] {processor.py:766} INFO - DAG(s) dict_keys(['latest_only_with_trigger']) retrieved from /home/airflow/.local/lib/python3.7/site-packages/airflow/example_dags/example_latest_only_with_trigger.py
[2022-12-14T17:54:16.677+0000] {logging_mixin.py:137} INFO - [2022-12-14T17:54:16.677+0000] {dag.py:2585} INFO - Sync 1 DAGs
[2022-12-14T17:54:16.736+0000] {logging_mixin.py:137} INFO - [2022-12-14T17:54:16.735+0000] {dag.py:3340} INFO - Setting next_dagrun for latest_only_with_trigger to 2022-12-14T13:54:16.735600+00:00, run_after=2022-12-14T17:54:16.735600+00:00
[2022-12-14T17:54:16.778+0000] {processor.py:176} INFO - Processing /home/airflow/.local/lib/python3.7/site-packages/airflow/example_dags/example_latest_only_with_trigger.py took 0.193 seconds
[2022-12-14T17:54:47.647+0000] {processor.py:154} INFO - Started process (PID=1503) to work on /home/airflow/.local/lib/python3.7/site-packages/airflow/example_dags/example_latest_only_with_trigger.py
[2022-12-14T17:54:47.648+0000] {processor.py:756} INFO - Processing file /home/airflow/.local/lib/python3.7/site-packages/airflow/example_dags/example_latest_only_with_trigger.py for tasks to queue
[2022-12-14T17:54:47.649+0000] {logging_mixin.py:137} INFO - [2022-12-14T17:54:47.649+0000] {dagbag.py:537} INFO - Filling up the DagBag from /home/airflow/.local/lib/python3.7/site-packages/airflow/example_dags/example_latest_only_with_trigger.py
[2022-12-14T17:54:47.679+0000] {processor.py:766} INFO - DAG(s) dict_keys(['latest_only_with_trigger']) retrieved from /home/airflow/.local/lib/python3.7/site-packages/airflow/example_dags/example_latest_only_with_trigger.py
[2022-12-14T17:54:47.808+0000] {logging_mixin.py:137} INFO - [2022-12-14T17:54:47.808+0000] {dag.py:2585} INFO - Sync 1 DAGs
[2022-12-14T17:54:47.871+0000] {logging_mixin.py:137} INFO - [2022-12-14T17:54:47.871+0000] {dag.py:3340} INFO - Setting next_dagrun for latest_only_with_trigger to 2022-12-14T13:54:47.870551+00:00, run_after=2022-12-14T17:54:47.870551+00:00
[2022-12-14T17:54:47.924+0000] {processor.py:176} INFO - Processing /home/airflow/.local/lib/python3.7/site-packages/airflow/example_dags/example_latest_only_with_trigger.py took 0.281 seconds
[2022-12-14T17:55:18.344+0000] {processor.py:154} INFO - Started process (PID=1558) to work on /home/airflow/.local/lib/python3.7/site-packages/airflow/example_dags/example_latest_only_with_trigger.py
[2022-12-14T17:55:18.346+0000] {processor.py:756} INFO - Processing file /home/airflow/.local/lib/python3.7/site-packages/airflow/example_dags/example_latest_only_with_trigger.py for tasks to queue
[2022-12-14T17:55:18.347+0000] {logging_mixin.py:137} INFO - [2022-12-14T17:55:18.346+0000] {dagbag.py:537} INFO - Filling up the DagBag from /home/airflow/.local/lib/python3.7/site-packages/airflow/example_dags/example_latest_only_with_trigger.py
[2022-12-14T17:55:18.370+0000] {processor.py:766} INFO - DAG(s) dict_keys(['latest_only_with_trigger']) retrieved from /home/airflow/.local/lib/python3.7/site-packages/airflow/example_dags/example_latest_only_with_trigger.py
[2022-12-14T17:55:18.444+0000] {logging_mixin.py:137} INFO - [2022-12-14T17:55:18.444+0000] {dag.py:2585} INFO - Sync 1 DAGs
[2022-12-14T17:55:18.510+0000] {logging_mixin.py:137} INFO - [2022-12-14T17:55:18.510+0000] {dag.py:3340} INFO - Setting next_dagrun for latest_only_with_trigger to 2022-12-14T13:55:18.509933+00:00, run_after=2022-12-14T17:55:18.509933+00:00
[2022-12-14T17:55:18.546+0000] {processor.py:176} INFO - Processing /home/airflow/.local/lib/python3.7/site-packages/airflow/example_dags/example_latest_only_with_trigger.py took 0.206 seconds
[2022-12-14T17:55:49.103+0000] {processor.py:154} INFO - Started process (PID=1611) to work on /home/airflow/.local/lib/python3.7/site-packages/airflow/example_dags/example_latest_only_with_trigger.py
[2022-12-14T17:55:49.104+0000] {processor.py:756} INFO - Processing file /home/airflow/.local/lib/python3.7/site-packages/airflow/example_dags/example_latest_only_with_trigger.py for tasks to queue
[2022-12-14T17:55:49.105+0000] {logging_mixin.py:137} INFO - [2022-12-14T17:55:49.105+0000] {dagbag.py:537} INFO - Filling up the DagBag from /home/airflow/.local/lib/python3.7/site-packages/airflow/example_dags/example_latest_only_with_trigger.py
[2022-12-14T17:55:49.126+0000] {processor.py:766} INFO - DAG(s) dict_keys(['latest_only_with_trigger']) retrieved from /home/airflow/.local/lib/python3.7/site-packages/airflow/example_dags/example_latest_only_with_trigger.py
[2022-12-14T17:55:49.200+0000] {logging_mixin.py:137} INFO - [2022-12-14T17:55:49.200+0000] {dag.py:2585} INFO - Sync 1 DAGs
[2022-12-14T17:55:49.251+0000] {logging_mixin.py:137} INFO - [2022-12-14T17:55:49.251+0000] {dag.py:3340} INFO - Setting next_dagrun for latest_only_with_trigger to 2022-12-14T13:55:49.251255+00:00, run_after=2022-12-14T17:55:49.251255+00:00
[2022-12-14T17:55:49.287+0000] {processor.py:176} INFO - Processing /home/airflow/.local/lib/python3.7/site-packages/airflow/example_dags/example_latest_only_with_trigger.py took 0.188 seconds
[2022-12-14T17:56:19.568+0000] {processor.py:154} INFO - Started process (PID=1664) to work on /home/airflow/.local/lib/python3.7/site-packages/airflow/example_dags/example_latest_only_with_trigger.py
[2022-12-14T17:56:19.569+0000] {processor.py:756} INFO - Processing file /home/airflow/.local/lib/python3.7/site-packages/airflow/example_dags/example_latest_only_with_trigger.py for tasks to queue
[2022-12-14T17:56:19.571+0000] {logging_mixin.py:137} INFO - [2022-12-14T17:56:19.570+0000] {dagbag.py:537} INFO - Filling up the DagBag from /home/airflow/.local/lib/python3.7/site-packages/airflow/example_dags/example_latest_only_with_trigger.py
[2022-12-14T17:56:19.592+0000] {processor.py:766} INFO - DAG(s) dict_keys(['latest_only_with_trigger']) retrieved from /home/airflow/.local/lib/python3.7/site-packages/airflow/example_dags/example_latest_only_with_trigger.py
[2022-12-14T17:56:19.651+0000] {logging_mixin.py:137} INFO - [2022-12-14T17:56:19.651+0000] {dag.py:2585} INFO - Sync 1 DAGs
[2022-12-14T17:56:19.700+0000] {logging_mixin.py:137} INFO - [2022-12-14T17:56:19.699+0000] {dag.py:3340} INFO - Setting next_dagrun for latest_only_with_trigger to 2022-12-14T13:56:19.699692+00:00, run_after=2022-12-14T17:56:19.699692+00:00
[2022-12-14T17:56:19.732+0000] {processor.py:176} INFO - Processing /home/airflow/.local/lib/python3.7/site-packages/airflow/example_dags/example_latest_only_with_trigger.py took 0.168 seconds
[2022-12-14T18:00:01.779+0000] {processor.py:154} INFO - Started process (PID=73) to work on /home/airflow/.local/lib/python3.7/site-packages/airflow/example_dags/example_latest_only_with_trigger.py
[2022-12-14T18:00:01.834+0000] {processor.py:756} INFO - Processing file /home/airflow/.local/lib/python3.7/site-packages/airflow/example_dags/example_latest_only_with_trigger.py for tasks to queue
[2022-12-14T18:00:01.835+0000] {logging_mixin.py:137} INFO - [2022-12-14T18:00:01.835+0000] {dagbag.py:537} INFO - Filling up the DagBag from /home/airflow/.local/lib/python3.7/site-packages/airflow/example_dags/example_latest_only_with_trigger.py
[2022-12-14T18:00:01.897+0000] {processor.py:766} INFO - DAG(s) dict_keys(['latest_only_with_trigger']) retrieved from /home/airflow/.local/lib/python3.7/site-packages/airflow/example_dags/example_latest_only_with_trigger.py
[2022-12-14T18:00:02.075+0000] {logging_mixin.py:137} INFO - [2022-12-14T18:00:02.075+0000] {dag.py:2585} INFO - Sync 1 DAGs
[2022-12-14T18:00:02.176+0000] {logging_mixin.py:137} INFO - [2022-12-14T18:00:02.175+0000] {dag.py:3340} INFO - Setting next_dagrun for latest_only_with_trigger to 2022-12-14T14:00:02.175497+00:00, run_after=2022-12-14T18:00:02.175497+00:00
[2022-12-14T18:00:02.255+0000] {processor.py:176} INFO - Processing /home/airflow/.local/lib/python3.7/site-packages/airflow/example_dags/example_latest_only_with_trigger.py took 0.480 seconds
[2022-12-14T18:00:32.902+0000] {processor.py:154} INFO - Started process (PID=127) to work on /home/airflow/.local/lib/python3.7/site-packages/airflow/example_dags/example_latest_only_with_trigger.py
[2022-12-14T18:00:32.903+0000] {processor.py:756} INFO - Processing file /home/airflow/.local/lib/python3.7/site-packages/airflow/example_dags/example_latest_only_with_trigger.py for tasks to queue
[2022-12-14T18:00:32.904+0000] {logging_mixin.py:137} INFO - [2022-12-14T18:00:32.903+0000] {dagbag.py:537} INFO - Filling up the DagBag from /home/airflow/.local/lib/python3.7/site-packages/airflow/example_dags/example_latest_only_with_trigger.py
[2022-12-14T18:00:32.925+0000] {processor.py:766} INFO - DAG(s) dict_keys(['latest_only_with_trigger']) retrieved from /home/airflow/.local/lib/python3.7/site-packages/airflow/example_dags/example_latest_only_with_trigger.py
[2022-12-14T18:00:33.005+0000] {logging_mixin.py:137} INFO - [2022-12-14T18:00:33.005+0000] {dag.py:2585} INFO - Sync 1 DAGs
[2022-12-14T18:00:33.083+0000] {logging_mixin.py:137} INFO - [2022-12-14T18:00:33.082+0000] {dag.py:3340} INFO - Setting next_dagrun for latest_only_with_trigger to 2022-12-14T14:00:33.082467+00:00, run_after=2022-12-14T18:00:33.082467+00:00
[2022-12-14T18:00:33.281+0000] {processor.py:176} INFO - Processing /home/airflow/.local/lib/python3.7/site-packages/airflow/example_dags/example_latest_only_with_trigger.py took 0.384 seconds
[2022-12-14T18:01:03.459+0000] {processor.py:154} INFO - Started process (PID=192) to work on /home/airflow/.local/lib/python3.7/site-packages/airflow/example_dags/example_latest_only_with_trigger.py
[2022-12-14T18:01:03.460+0000] {processor.py:756} INFO - Processing file /home/airflow/.local/lib/python3.7/site-packages/airflow/example_dags/example_latest_only_with_trigger.py for tasks to queue
[2022-12-14T18:01:03.462+0000] {logging_mixin.py:137} INFO - [2022-12-14T18:01:03.462+0000] {dagbag.py:537} INFO - Filling up the DagBag from /home/airflow/.local/lib/python3.7/site-packages/airflow/example_dags/example_latest_only_with_trigger.py
[2022-12-14T18:01:03.498+0000] {processor.py:766} INFO - DAG(s) dict_keys(['latest_only_with_trigger']) retrieved from /home/airflow/.local/lib/python3.7/site-packages/airflow/example_dags/example_latest_only_with_trigger.py
[2022-12-14T18:01:03.627+0000] {logging_mixin.py:137} INFO - [2022-12-14T18:01:03.627+0000] {dag.py:2585} INFO - Sync 1 DAGs
[2022-12-14T18:01:03.722+0000] {logging_mixin.py:137} INFO - [2022-12-14T18:01:03.721+0000] {dag.py:3340} INFO - Setting next_dagrun for latest_only_with_trigger to 2022-12-14T14:01:03.721401+00:00, run_after=2022-12-14T18:01:03.721401+00:00
[2022-12-14T18:01:03.771+0000] {processor.py:176} INFO - Processing /home/airflow/.local/lib/python3.7/site-packages/airflow/example_dags/example_latest_only_with_trigger.py took 0.317 seconds
[2022-12-14T18:01:34.211+0000] {processor.py:154} INFO - Started process (PID=247) to work on /home/airflow/.local/lib/python3.7/site-packages/airflow/example_dags/example_latest_only_with_trigger.py
[2022-12-14T18:01:34.220+0000] {processor.py:756} INFO - Processing file /home/airflow/.local/lib/python3.7/site-packages/airflow/example_dags/example_latest_only_with_trigger.py for tasks to queue
[2022-12-14T18:01:34.224+0000] {logging_mixin.py:137} INFO - [2022-12-14T18:01:34.224+0000] {dagbag.py:537} INFO - Filling up the DagBag from /home/airflow/.local/lib/python3.7/site-packages/airflow/example_dags/example_latest_only_with_trigger.py
[2022-12-14T18:01:34.596+0000] {processor.py:766} INFO - DAG(s) dict_keys(['latest_only_with_trigger']) retrieved from /home/airflow/.local/lib/python3.7/site-packages/airflow/example_dags/example_latest_only_with_trigger.py
[2022-12-14T18:01:34.770+0000] {logging_mixin.py:137} INFO - [2022-12-14T18:01:34.770+0000] {dag.py:2585} INFO - Sync 1 DAGs
[2022-12-14T18:01:34.823+0000] {logging_mixin.py:137} INFO - [2022-12-14T18:01:34.822+0000] {dag.py:3340} INFO - Setting next_dagrun for latest_only_with_trigger to 2022-12-14T14:01:34.822562+00:00, run_after=2022-12-14T18:01:34.822562+00:00
[2022-12-14T18:01:34.855+0000] {processor.py:176} INFO - Processing /home/airflow/.local/lib/python3.7/site-packages/airflow/example_dags/example_latest_only_with_trigger.py took 0.726 seconds
[2022-12-14T18:02:05.431+0000] {processor.py:154} INFO - Started process (PID=302) to work on /home/airflow/.local/lib/python3.7/site-packages/airflow/example_dags/example_latest_only_with_trigger.py
[2022-12-14T18:02:05.431+0000] {processor.py:756} INFO - Processing file /home/airflow/.local/lib/python3.7/site-packages/airflow/example_dags/example_latest_only_with_trigger.py for tasks to queue
[2022-12-14T18:02:05.432+0000] {logging_mixin.py:137} INFO - [2022-12-14T18:02:05.432+0000] {dagbag.py:537} INFO - Filling up the DagBag from /home/airflow/.local/lib/python3.7/site-packages/airflow/example_dags/example_latest_only_with_trigger.py
[2022-12-14T18:02:05.461+0000] {processor.py:766} INFO - DAG(s) dict_keys(['latest_only_with_trigger']) retrieved from /home/airflow/.local/lib/python3.7/site-packages/airflow/example_dags/example_latest_only_with_trigger.py
[2022-12-14T18:02:05.551+0000] {logging_mixin.py:137} INFO - [2022-12-14T18:02:05.550+0000] {dag.py:2585} INFO - Sync 1 DAGs
[2022-12-14T18:02:05.617+0000] {logging_mixin.py:137} INFO - [2022-12-14T18:02:05.617+0000] {dag.py:3340} INFO - Setting next_dagrun for latest_only_with_trigger to 2022-12-14T14:02:05.616737+00:00, run_after=2022-12-14T18:02:05.616737+00:00
[2022-12-14T18:02:05.723+0000] {processor.py:176} INFO - Processing /home/airflow/.local/lib/python3.7/site-packages/airflow/example_dags/example_latest_only_with_trigger.py took 0.311 seconds
[2022-12-14T18:02:36.656+0000] {processor.py:154} INFO - Started process (PID=365) to work on /home/airflow/.local/lib/python3.7/site-packages/airflow/example_dags/example_latest_only_with_trigger.py
[2022-12-14T18:02:36.657+0000] {processor.py:756} INFO - Processing file /home/airflow/.local/lib/python3.7/site-packages/airflow/example_dags/example_latest_only_with_trigger.py for tasks to queue
[2022-12-14T18:02:36.658+0000] {logging_mixin.py:137} INFO - [2022-12-14T18:02:36.658+0000] {dagbag.py:537} INFO - Filling up the DagBag from /home/airflow/.local/lib/python3.7/site-packages/airflow/example_dags/example_latest_only_with_trigger.py
[2022-12-14T18:02:36.679+0000] {processor.py:766} INFO - DAG(s) dict_keys(['latest_only_with_trigger']) retrieved from /home/airflow/.local/lib/python3.7/site-packages/airflow/example_dags/example_latest_only_with_trigger.py
[2022-12-14T18:02:36.751+0000] {logging_mixin.py:137} INFO - [2022-12-14T18:02:36.750+0000] {dag.py:2585} INFO - Sync 1 DAGs
[2022-12-14T18:02:36.869+0000] {logging_mixin.py:137} INFO - [2022-12-14T18:02:36.868+0000] {dag.py:3340} INFO - Setting next_dagrun for latest_only_with_trigger to 2022-12-14T14:02:36.868301+00:00, run_after=2022-12-14T18:02:36.868301+00:00
[2022-12-14T18:02:37.060+0000] {processor.py:176} INFO - Processing /home/airflow/.local/lib/python3.7/site-packages/airflow/example_dags/example_latest_only_with_trigger.py took 0.407 seconds
[2022-12-14T18:03:07.821+0000] {processor.py:154} INFO - Started process (PID=418) to work on /home/airflow/.local/lib/python3.7/site-packages/airflow/example_dags/example_latest_only_with_trigger.py
[2022-12-14T18:03:07.882+0000] {processor.py:756} INFO - Processing file /home/airflow/.local/lib/python3.7/site-packages/airflow/example_dags/example_latest_only_with_trigger.py for tasks to queue
[2022-12-14T18:03:07.883+0000] {logging_mixin.py:137} INFO - [2022-12-14T18:03:07.883+0000] {dagbag.py:537} INFO - Filling up the DagBag from /home/airflow/.local/lib/python3.7/site-packages/airflow/example_dags/example_latest_only_with_trigger.py
[2022-12-14T18:03:07.925+0000] {processor.py:766} INFO - DAG(s) dict_keys(['latest_only_with_trigger']) retrieved from /home/airflow/.local/lib/python3.7/site-packages/airflow/example_dags/example_latest_only_with_trigger.py
[2022-12-14T18:03:08.079+0000] {logging_mixin.py:137} INFO - [2022-12-14T18:03:08.079+0000] {dag.py:2585} INFO - Sync 1 DAGs
[2022-12-14T18:03:08.199+0000] {logging_mixin.py:137} INFO - [2022-12-14T18:03:08.199+0000] {dag.py:3340} INFO - Setting next_dagrun for latest_only_with_trigger to 2022-12-14T14:03:08.199088+00:00, run_after=2022-12-14T18:03:08.199088+00:00
[2022-12-14T18:03:08.354+0000] {processor.py:176} INFO - Processing /home/airflow/.local/lib/python3.7/site-packages/airflow/example_dags/example_latest_only_with_trigger.py took 0.540 seconds
[2022-12-14T18:03:38.472+0000] {processor.py:154} INFO - Started process (PID=477) to work on /home/airflow/.local/lib/python3.7/site-packages/airflow/example_dags/example_latest_only_with_trigger.py
[2022-12-14T18:03:38.473+0000] {processor.py:756} INFO - Processing file /home/airflow/.local/lib/python3.7/site-packages/airflow/example_dags/example_latest_only_with_trigger.py for tasks to queue
[2022-12-14T18:03:38.474+0000] {logging_mixin.py:137} INFO - [2022-12-14T18:03:38.474+0000] {dagbag.py:537} INFO - Filling up the DagBag from /home/airflow/.local/lib/python3.7/site-packages/airflow/example_dags/example_latest_only_with_trigger.py
[2022-12-14T18:03:38.557+0000] {processor.py:766} INFO - DAG(s) dict_keys(['latest_only_with_trigger']) retrieved from /home/airflow/.local/lib/python3.7/site-packages/airflow/example_dags/example_latest_only_with_trigger.py
[2022-12-14T18:03:38.685+0000] {logging_mixin.py:137} INFO - [2022-12-14T18:03:38.685+0000] {dag.py:2585} INFO - Sync 1 DAGs
[2022-12-14T18:03:38.742+0000] {logging_mixin.py:137} INFO - [2022-12-14T18:03:38.742+0000] {dag.py:3340} INFO - Setting next_dagrun for latest_only_with_trigger to 2022-12-14T14:03:38.741604+00:00, run_after=2022-12-14T18:03:38.741604+00:00
[2022-12-14T18:03:38.807+0000] {processor.py:176} INFO - Processing /home/airflow/.local/lib/python3.7/site-packages/airflow/example_dags/example_latest_only_with_trigger.py took 0.339 seconds
[2022-12-14T18:04:09.236+0000] {processor.py:154} INFO - Started process (PID=535) to work on /home/airflow/.local/lib/python3.7/site-packages/airflow/example_dags/example_latest_only_with_trigger.py
[2022-12-14T18:04:09.247+0000] {processor.py:756} INFO - Processing file /home/airflow/.local/lib/python3.7/site-packages/airflow/example_dags/example_latest_only_with_trigger.py for tasks to queue
[2022-12-14T18:04:09.250+0000] {logging_mixin.py:137} INFO - [2022-12-14T18:04:09.250+0000] {dagbag.py:537} INFO - Filling up the DagBag from /home/airflow/.local/lib/python3.7/site-packages/airflow/example_dags/example_latest_only_with_trigger.py
[2022-12-14T18:04:09.283+0000] {processor.py:766} INFO - DAG(s) dict_keys(['latest_only_with_trigger']) retrieved from /home/airflow/.local/lib/python3.7/site-packages/airflow/example_dags/example_latest_only_with_trigger.py
[2022-12-14T18:04:09.375+0000] {logging_mixin.py:137} INFO - [2022-12-14T18:04:09.374+0000] {dag.py:2585} INFO - Sync 1 DAGs
[2022-12-14T18:04:09.430+0000] {logging_mixin.py:137} INFO - [2022-12-14T18:04:09.430+0000] {dag.py:3340} INFO - Setting next_dagrun for latest_only_with_trigger to 2022-12-14T14:04:09.429947+00:00, run_after=2022-12-14T18:04:09.429947+00:00
[2022-12-14T18:04:09.480+0000] {processor.py:176} INFO - Processing /home/airflow/.local/lib/python3.7/site-packages/airflow/example_dags/example_latest_only_with_trigger.py took 0.250 seconds
[2022-12-14T18:04:40.114+0000] {processor.py:154} INFO - Started process (PID=590) to work on /home/airflow/.local/lib/python3.7/site-packages/airflow/example_dags/example_latest_only_with_trigger.py
[2022-12-14T18:04:40.115+0000] {processor.py:756} INFO - Processing file /home/airflow/.local/lib/python3.7/site-packages/airflow/example_dags/example_latest_only_with_trigger.py for tasks to queue
[2022-12-14T18:04:40.116+0000] {logging_mixin.py:137} INFO - [2022-12-14T18:04:40.116+0000] {dagbag.py:537} INFO - Filling up the DagBag from /home/airflow/.local/lib/python3.7/site-packages/airflow/example_dags/example_latest_only_with_trigger.py
[2022-12-14T18:04:40.181+0000] {processor.py:766} INFO - DAG(s) dict_keys(['latest_only_with_trigger']) retrieved from /home/airflow/.local/lib/python3.7/site-packages/airflow/example_dags/example_latest_only_with_trigger.py
[2022-12-14T18:04:40.292+0000] {logging_mixin.py:137} INFO - [2022-12-14T18:04:40.291+0000] {dag.py:2585} INFO - Sync 1 DAGs
[2022-12-14T18:04:40.372+0000] {logging_mixin.py:137} INFO - [2022-12-14T18:04:40.372+0000] {dag.py:3340} INFO - Setting next_dagrun for latest_only_with_trigger to 2022-12-14T14:04:40.371854+00:00, run_after=2022-12-14T18:04:40.371854+00:00
[2022-12-14T18:04:40.435+0000] {processor.py:176} INFO - Processing /home/airflow/.local/lib/python3.7/site-packages/airflow/example_dags/example_latest_only_with_trigger.py took 0.356 seconds
[2022-12-14T18:05:11.274+0000] {processor.py:154} INFO - Started process (PID=654) to work on /home/airflow/.local/lib/python3.7/site-packages/airflow/example_dags/example_latest_only_with_trigger.py
[2022-12-14T18:05:11.286+0000] {processor.py:756} INFO - Processing file /home/airflow/.local/lib/python3.7/site-packages/airflow/example_dags/example_latest_only_with_trigger.py for tasks to queue
[2022-12-14T18:05:11.287+0000] {logging_mixin.py:137} INFO - [2022-12-14T18:05:11.287+0000] {dagbag.py:537} INFO - Filling up the DagBag from /home/airflow/.local/lib/python3.7/site-packages/airflow/example_dags/example_latest_only_with_trigger.py
[2022-12-14T18:05:11.337+0000] {processor.py:766} INFO - DAG(s) dict_keys(['latest_only_with_trigger']) retrieved from /home/airflow/.local/lib/python3.7/site-packages/airflow/example_dags/example_latest_only_with_trigger.py
[2022-12-14T18:05:11.467+0000] {logging_mixin.py:137} INFO - [2022-12-14T18:05:11.467+0000] {dag.py:2585} INFO - Sync 1 DAGs
[2022-12-14T18:05:11.598+0000] {logging_mixin.py:137} INFO - [2022-12-14T18:05:11.598+0000] {dag.py:3340} INFO - Setting next_dagrun for latest_only_with_trigger to 2022-12-14T14:05:11.598268+00:00, run_after=2022-12-14T18:05:11.598268+00:00
[2022-12-14T18:05:11.661+0000] {processor.py:176} INFO - Processing /home/airflow/.local/lib/python3.7/site-packages/airflow/example_dags/example_latest_only_with_trigger.py took 0.395 seconds
[2022-12-14T18:05:41.770+0000] {processor.py:154} INFO - Started process (PID=709) to work on /home/airflow/.local/lib/python3.7/site-packages/airflow/example_dags/example_latest_only_with_trigger.py
[2022-12-14T18:05:41.771+0000] {processor.py:756} INFO - Processing file /home/airflow/.local/lib/python3.7/site-packages/airflow/example_dags/example_latest_only_with_trigger.py for tasks to queue
[2022-12-14T18:05:41.776+0000] {logging_mixin.py:137} INFO - [2022-12-14T18:05:41.776+0000] {dagbag.py:537} INFO - Filling up the DagBag from /home/airflow/.local/lib/python3.7/site-packages/airflow/example_dags/example_latest_only_with_trigger.py
[2022-12-14T18:05:41.974+0000] {processor.py:766} INFO - DAG(s) dict_keys(['latest_only_with_trigger']) retrieved from /home/airflow/.local/lib/python3.7/site-packages/airflow/example_dags/example_latest_only_with_trigger.py
[2022-12-14T18:05:42.080+0000] {logging_mixin.py:137} INFO - [2022-12-14T18:05:42.080+0000] {dag.py:2585} INFO - Sync 1 DAGs
[2022-12-14T18:05:42.145+0000] {logging_mixin.py:137} INFO - [2022-12-14T18:05:42.145+0000] {dag.py:3340} INFO - Setting next_dagrun for latest_only_with_trigger to 2022-12-14T14:05:42.144507+00:00, run_after=2022-12-14T18:05:42.144507+00:00
[2022-12-14T18:05:42.186+0000] {processor.py:176} INFO - Processing /home/airflow/.local/lib/python3.7/site-packages/airflow/example_dags/example_latest_only_with_trigger.py took 0.438 seconds
[2022-12-14T18:06:12.931+0000] {processor.py:154} INFO - Started process (PID=764) to work on /home/airflow/.local/lib/python3.7/site-packages/airflow/example_dags/example_latest_only_with_trigger.py
[2022-12-14T18:06:12.932+0000] {processor.py:756} INFO - Processing file /home/airflow/.local/lib/python3.7/site-packages/airflow/example_dags/example_latest_only_with_trigger.py for tasks to queue
[2022-12-14T18:06:12.932+0000] {logging_mixin.py:137} INFO - [2022-12-14T18:06:12.932+0000] {dagbag.py:537} INFO - Filling up the DagBag from /home/airflow/.local/lib/python3.7/site-packages/airflow/example_dags/example_latest_only_with_trigger.py
[2022-12-14T18:06:12.952+0000] {processor.py:766} INFO - DAG(s) dict_keys(['latest_only_with_trigger']) retrieved from /home/airflow/.local/lib/python3.7/site-packages/airflow/example_dags/example_latest_only_with_trigger.py
[2022-12-14T18:06:13.011+0000] {logging_mixin.py:137} INFO - [2022-12-14T18:06:13.011+0000] {dag.py:2585} INFO - Sync 1 DAGs
[2022-12-14T18:06:13.062+0000] {logging_mixin.py:137} INFO - [2022-12-14T18:06:13.062+0000] {dag.py:3340} INFO - Setting next_dagrun for latest_only_with_trigger to 2022-12-14T14:06:13.061932+00:00, run_after=2022-12-14T18:06:13.061932+00:00
[2022-12-14T18:06:13.095+0000] {processor.py:176} INFO - Processing /home/airflow/.local/lib/python3.7/site-packages/airflow/example_dags/example_latest_only_with_trigger.py took 0.167 seconds
