[2022-12-14T17:42:05.035+0000] {processor.py:154} INFO - Started process (PID=90) to work on /home/airflow/.local/lib/python3.7/site-packages/airflow/example_dags/example_short_circuit_decorator.py
[2022-12-14T17:42:05.036+0000] {processor.py:756} INFO - Processing file /home/airflow/.local/lib/python3.7/site-packages/airflow/example_dags/example_short_circuit_decorator.py for tasks to queue
[2022-12-14T17:42:05.037+0000] {logging_mixin.py:137} INFO - [2022-12-14T17:42:05.037+0000] {dagbag.py:537} INFO - Filling up the DagBag from /home/airflow/.local/lib/python3.7/site-packages/airflow/example_dags/example_short_circuit_decorator.py
[2022-12-14T17:42:05.173+0000] {processor.py:766} INFO - DAG(s) dict_keys(['example_short_circuit_decorator']) retrieved from /home/airflow/.local/lib/python3.7/site-packages/airflow/example_dags/example_short_circuit_decorator.py
[2022-12-14T17:42:05.407+0000] {logging_mixin.py:137} INFO - [2022-12-14T17:42:05.407+0000] {dag.py:2585} INFO - Sync 1 DAGs
[2022-12-14T17:42:05.493+0000] {logging_mixin.py:137} INFO - [2022-12-14T17:42:05.493+0000] {dag.py:3340} INFO - Setting next_dagrun for example_short_circuit_decorator to 2022-12-13T17:42:05.492579+00:00, run_after=2022-12-14T17:42:05.492579+00:00
[2022-12-14T17:42:05.556+0000] {processor.py:176} INFO - Processing /home/airflow/.local/lib/python3.7/site-packages/airflow/example_dags/example_short_circuit_decorator.py took 0.525 seconds
[2022-12-14T17:42:35.679+0000] {processor.py:154} INFO - Started process (PID=144) to work on /home/airflow/.local/lib/python3.7/site-packages/airflow/example_dags/example_short_circuit_decorator.py
[2022-12-14T17:42:35.718+0000] {processor.py:756} INFO - Processing file /home/airflow/.local/lib/python3.7/site-packages/airflow/example_dags/example_short_circuit_decorator.py for tasks to queue
[2022-12-14T17:42:35.719+0000] {logging_mixin.py:137} INFO - [2022-12-14T17:42:35.719+0000] {dagbag.py:537} INFO - Filling up the DagBag from /home/airflow/.local/lib/python3.7/site-packages/airflow/example_dags/example_short_circuit_decorator.py
[2022-12-14T17:42:35.762+0000] {processor.py:766} INFO - DAG(s) dict_keys(['example_short_circuit_decorator']) retrieved from /home/airflow/.local/lib/python3.7/site-packages/airflow/example_dags/example_short_circuit_decorator.py
[2022-12-14T17:42:35.831+0000] {logging_mixin.py:137} INFO - [2022-12-14T17:42:35.831+0000] {dag.py:2585} INFO - Sync 1 DAGs
[2022-12-14T17:42:35.882+0000] {logging_mixin.py:137} INFO - [2022-12-14T17:42:35.881+0000] {dag.py:3340} INFO - Setting next_dagrun for example_short_circuit_decorator to 2022-12-13T17:42:35.881640+00:00, run_after=2022-12-14T17:42:35.881640+00:00
[2022-12-14T17:42:35.926+0000] {processor.py:176} INFO - Processing /home/airflow/.local/lib/python3.7/site-packages/airflow/example_dags/example_short_circuit_decorator.py took 0.253 seconds
[2022-12-14T17:43:06.240+0000] {processor.py:154} INFO - Started process (PID=207) to work on /home/airflow/.local/lib/python3.7/site-packages/airflow/example_dags/example_short_circuit_decorator.py
[2022-12-14T17:43:06.241+0000] {processor.py:756} INFO - Processing file /home/airflow/.local/lib/python3.7/site-packages/airflow/example_dags/example_short_circuit_decorator.py for tasks to queue
[2022-12-14T17:43:06.242+0000] {logging_mixin.py:137} INFO - [2022-12-14T17:43:06.242+0000] {dagbag.py:537} INFO - Filling up the DagBag from /home/airflow/.local/lib/python3.7/site-packages/airflow/example_dags/example_short_circuit_decorator.py
[2022-12-14T17:43:06.287+0000] {processor.py:766} INFO - DAG(s) dict_keys(['example_short_circuit_decorator']) retrieved from /home/airflow/.local/lib/python3.7/site-packages/airflow/example_dags/example_short_circuit_decorator.py
[2022-12-14T17:43:06.356+0000] {logging_mixin.py:137} INFO - [2022-12-14T17:43:06.355+0000] {dag.py:2585} INFO - Sync 1 DAGs
[2022-12-14T17:43:06.412+0000] {logging_mixin.py:137} INFO - [2022-12-14T17:43:06.412+0000] {dag.py:3340} INFO - Setting next_dagrun for example_short_circuit_decorator to 2022-12-13T17:43:06.412192+00:00, run_after=2022-12-14T17:43:06.412192+00:00
[2022-12-14T17:43:06.442+0000] {processor.py:176} INFO - Processing /home/airflow/.local/lib/python3.7/site-packages/airflow/example_dags/example_short_circuit_decorator.py took 0.206 seconds
[2022-12-14T17:43:36.995+0000] {processor.py:154} INFO - Started process (PID=263) to work on /home/airflow/.local/lib/python3.7/site-packages/airflow/example_dags/example_short_circuit_decorator.py
[2022-12-14T17:43:36.998+0000] {processor.py:756} INFO - Processing file /home/airflow/.local/lib/python3.7/site-packages/airflow/example_dags/example_short_circuit_decorator.py for tasks to queue
[2022-12-14T17:43:36.999+0000] {logging_mixin.py:137} INFO - [2022-12-14T17:43:36.999+0000] {dagbag.py:537} INFO - Filling up the DagBag from /home/airflow/.local/lib/python3.7/site-packages/airflow/example_dags/example_short_circuit_decorator.py
[2022-12-14T17:43:37.041+0000] {processor.py:766} INFO - DAG(s) dict_keys(['example_short_circuit_decorator']) retrieved from /home/airflow/.local/lib/python3.7/site-packages/airflow/example_dags/example_short_circuit_decorator.py
[2022-12-14T17:43:37.125+0000] {logging_mixin.py:137} INFO - [2022-12-14T17:43:37.124+0000] {dag.py:2585} INFO - Sync 1 DAGs
[2022-12-14T17:43:37.183+0000] {logging_mixin.py:137} INFO - [2022-12-14T17:43:37.182+0000] {dag.py:3340} INFO - Setting next_dagrun for example_short_circuit_decorator to 2022-12-13T17:43:37.182411+00:00, run_after=2022-12-14T17:43:37.182411+00:00
[2022-12-14T17:43:37.213+0000] {processor.py:176} INFO - Processing /home/airflow/.local/lib/python3.7/site-packages/airflow/example_dags/example_short_circuit_decorator.py took 0.222 seconds
[2022-12-14T17:44:07.739+0000] {processor.py:154} INFO - Started process (PID=327) to work on /home/airflow/.local/lib/python3.7/site-packages/airflow/example_dags/example_short_circuit_decorator.py
[2022-12-14T17:44:07.740+0000] {processor.py:756} INFO - Processing file /home/airflow/.local/lib/python3.7/site-packages/airflow/example_dags/example_short_circuit_decorator.py for tasks to queue
[2022-12-14T17:44:07.741+0000] {logging_mixin.py:137} INFO - [2022-12-14T17:44:07.741+0000] {dagbag.py:537} INFO - Filling up the DagBag from /home/airflow/.local/lib/python3.7/site-packages/airflow/example_dags/example_short_circuit_decorator.py
[2022-12-14T17:44:07.793+0000] {processor.py:766} INFO - DAG(s) dict_keys(['example_short_circuit_decorator']) retrieved from /home/airflow/.local/lib/python3.7/site-packages/airflow/example_dags/example_short_circuit_decorator.py
[2022-12-14T17:44:07.861+0000] {logging_mixin.py:137} INFO - [2022-12-14T17:44:07.861+0000] {dag.py:2585} INFO - Sync 1 DAGs
[2022-12-14T17:44:07.911+0000] {logging_mixin.py:137} INFO - [2022-12-14T17:44:07.911+0000] {dag.py:3340} INFO - Setting next_dagrun for example_short_circuit_decorator to 2022-12-13T17:44:07.910845+00:00, run_after=2022-12-14T17:44:07.910845+00:00
[2022-12-14T17:44:07.943+0000] {processor.py:176} INFO - Processing /home/airflow/.local/lib/python3.7/site-packages/airflow/example_dags/example_short_circuit_decorator.py took 0.208 seconds
[2022-12-14T17:44:38.217+0000] {processor.py:154} INFO - Started process (PID=381) to work on /home/airflow/.local/lib/python3.7/site-packages/airflow/example_dags/example_short_circuit_decorator.py
[2022-12-14T17:44:38.219+0000] {processor.py:756} INFO - Processing file /home/airflow/.local/lib/python3.7/site-packages/airflow/example_dags/example_short_circuit_decorator.py for tasks to queue
[2022-12-14T17:44:38.220+0000] {logging_mixin.py:137} INFO - [2022-12-14T17:44:38.220+0000] {dagbag.py:537} INFO - Filling up the DagBag from /home/airflow/.local/lib/python3.7/site-packages/airflow/example_dags/example_short_circuit_decorator.py
[2022-12-14T17:44:38.276+0000] {processor.py:766} INFO - DAG(s) dict_keys(['example_short_circuit_decorator']) retrieved from /home/airflow/.local/lib/python3.7/site-packages/airflow/example_dags/example_short_circuit_decorator.py
[2022-12-14T17:44:38.432+0000] {logging_mixin.py:137} INFO - [2022-12-14T17:44:38.432+0000] {dag.py:2585} INFO - Sync 1 DAGs
[2022-12-14T17:44:38.522+0000] {logging_mixin.py:137} INFO - [2022-12-14T17:44:38.521+0000] {dag.py:3340} INFO - Setting next_dagrun for example_short_circuit_decorator to 2022-12-13T17:44:38.521484+00:00, run_after=2022-12-14T17:44:38.521484+00:00
[2022-12-14T17:44:38.579+0000] {processor.py:176} INFO - Processing /home/airflow/.local/lib/python3.7/site-packages/airflow/example_dags/example_short_circuit_decorator.py took 0.367 seconds
[2022-12-14T17:45:09.079+0000] {processor.py:154} INFO - Started process (PID=444) to work on /home/airflow/.local/lib/python3.7/site-packages/airflow/example_dags/example_short_circuit_decorator.py
[2022-12-14T17:45:09.080+0000] {processor.py:756} INFO - Processing file /home/airflow/.local/lib/python3.7/site-packages/airflow/example_dags/example_short_circuit_decorator.py for tasks to queue
[2022-12-14T17:45:09.081+0000] {logging_mixin.py:137} INFO - [2022-12-14T17:45:09.081+0000] {dagbag.py:537} INFO - Filling up the DagBag from /home/airflow/.local/lib/python3.7/site-packages/airflow/example_dags/example_short_circuit_decorator.py
[2022-12-14T17:45:09.123+0000] {processor.py:766} INFO - DAG(s) dict_keys(['example_short_circuit_decorator']) retrieved from /home/airflow/.local/lib/python3.7/site-packages/airflow/example_dags/example_short_circuit_decorator.py
[2022-12-14T17:45:09.188+0000] {logging_mixin.py:137} INFO - [2022-12-14T17:45:09.188+0000] {dag.py:2585} INFO - Sync 1 DAGs
[2022-12-14T17:45:09.241+0000] {logging_mixin.py:137} INFO - [2022-12-14T17:45:09.241+0000] {dag.py:3340} INFO - Setting next_dagrun for example_short_circuit_decorator to 2022-12-13T17:45:09.240736+00:00, run_after=2022-12-14T17:45:09.240736+00:00
[2022-12-14T17:45:09.267+0000] {processor.py:176} INFO - Processing /home/airflow/.local/lib/python3.7/site-packages/airflow/example_dags/example_short_circuit_decorator.py took 0.193 seconds
[2022-12-14T17:45:40.233+0000] {processor.py:154} INFO - Started process (PID=499) to work on /home/airflow/.local/lib/python3.7/site-packages/airflow/example_dags/example_short_circuit_decorator.py
[2022-12-14T17:45:40.234+0000] {processor.py:756} INFO - Processing file /home/airflow/.local/lib/python3.7/site-packages/airflow/example_dags/example_short_circuit_decorator.py for tasks to queue
[2022-12-14T17:45:40.235+0000] {logging_mixin.py:137} INFO - [2022-12-14T17:45:40.235+0000] {dagbag.py:537} INFO - Filling up the DagBag from /home/airflow/.local/lib/python3.7/site-packages/airflow/example_dags/example_short_circuit_decorator.py
[2022-12-14T17:45:40.271+0000] {processor.py:766} INFO - DAG(s) dict_keys(['example_short_circuit_decorator']) retrieved from /home/airflow/.local/lib/python3.7/site-packages/airflow/example_dags/example_short_circuit_decorator.py
[2022-12-14T17:45:40.331+0000] {logging_mixin.py:137} INFO - [2022-12-14T17:45:40.331+0000] {dag.py:2585} INFO - Sync 1 DAGs
[2022-12-14T17:45:40.378+0000] {logging_mixin.py:137} INFO - [2022-12-14T17:45:40.378+0000] {dag.py:3340} INFO - Setting next_dagrun for example_short_circuit_decorator to 2022-12-13T17:45:40.377697+00:00, run_after=2022-12-14T17:45:40.377697+00:00
[2022-12-14T17:45:40.446+0000] {processor.py:176} INFO - Processing /home/airflow/.local/lib/python3.7/site-packages/airflow/example_dags/example_short_circuit_decorator.py took 0.217 seconds
[2022-12-14T17:46:11.100+0000] {processor.py:154} INFO - Started process (PID=560) to work on /home/airflow/.local/lib/python3.7/site-packages/airflow/example_dags/example_short_circuit_decorator.py
[2022-12-14T17:46:11.107+0000] {processor.py:756} INFO - Processing file /home/airflow/.local/lib/python3.7/site-packages/airflow/example_dags/example_short_circuit_decorator.py for tasks to queue
[2022-12-14T17:46:11.107+0000] {logging_mixin.py:137} INFO - [2022-12-14T17:46:11.107+0000] {dagbag.py:537} INFO - Filling up the DagBag from /home/airflow/.local/lib/python3.7/site-packages/airflow/example_dags/example_short_circuit_decorator.py
[2022-12-14T17:46:11.190+0000] {processor.py:766} INFO - DAG(s) dict_keys(['example_short_circuit_decorator']) retrieved from /home/airflow/.local/lib/python3.7/site-packages/airflow/example_dags/example_short_circuit_decorator.py
[2022-12-14T17:46:11.407+0000] {logging_mixin.py:137} INFO - [2022-12-14T17:46:11.407+0000] {dag.py:2585} INFO - Sync 1 DAGs
[2022-12-14T17:46:11.577+0000] {logging_mixin.py:137} INFO - [2022-12-14T17:46:11.576+0000] {dag.py:3340} INFO - Setting next_dagrun for example_short_circuit_decorator to 2022-12-13T17:46:11.576581+00:00, run_after=2022-12-14T17:46:11.576581+00:00
[2022-12-14T17:46:11.690+0000] {processor.py:176} INFO - Processing /home/airflow/.local/lib/python3.7/site-packages/airflow/example_dags/example_short_circuit_decorator.py took 0.594 seconds
[2022-12-14T17:46:42.377+0000] {processor.py:154} INFO - Started process (PID=615) to work on /home/airflow/.local/lib/python3.7/site-packages/airflow/example_dags/example_short_circuit_decorator.py
[2022-12-14T17:46:42.378+0000] {processor.py:756} INFO - Processing file /home/airflow/.local/lib/python3.7/site-packages/airflow/example_dags/example_short_circuit_decorator.py for tasks to queue
[2022-12-14T17:46:42.379+0000] {logging_mixin.py:137} INFO - [2022-12-14T17:46:42.379+0000] {dagbag.py:537} INFO - Filling up the DagBag from /home/airflow/.local/lib/python3.7/site-packages/airflow/example_dags/example_short_circuit_decorator.py
[2022-12-14T17:46:42.415+0000] {processor.py:766} INFO - DAG(s) dict_keys(['example_short_circuit_decorator']) retrieved from /home/airflow/.local/lib/python3.7/site-packages/airflow/example_dags/example_short_circuit_decorator.py
[2022-12-14T17:46:42.477+0000] {logging_mixin.py:137} INFO - [2022-12-14T17:46:42.476+0000] {dag.py:2585} INFO - Sync 1 DAGs
[2022-12-14T17:46:42.526+0000] {logging_mixin.py:137} INFO - [2022-12-14T17:46:42.525+0000] {dag.py:3340} INFO - Setting next_dagrun for example_short_circuit_decorator to 2022-12-13T17:46:42.525518+00:00, run_after=2022-12-14T17:46:42.525518+00:00
[2022-12-14T17:46:42.557+0000] {processor.py:176} INFO - Processing /home/airflow/.local/lib/python3.7/site-packages/airflow/example_dags/example_short_circuit_decorator.py took 0.189 seconds
[2022-12-14T17:47:13.378+0000] {processor.py:154} INFO - Started process (PID=669) to work on /home/airflow/.local/lib/python3.7/site-packages/airflow/example_dags/example_short_circuit_decorator.py
[2022-12-14T17:47:13.379+0000] {processor.py:756} INFO - Processing file /home/airflow/.local/lib/python3.7/site-packages/airflow/example_dags/example_short_circuit_decorator.py for tasks to queue
[2022-12-14T17:47:13.380+0000] {logging_mixin.py:137} INFO - [2022-12-14T17:47:13.380+0000] {dagbag.py:537} INFO - Filling up the DagBag from /home/airflow/.local/lib/python3.7/site-packages/airflow/example_dags/example_short_circuit_decorator.py
[2022-12-14T17:47:13.415+0000] {processor.py:766} INFO - DAG(s) dict_keys(['example_short_circuit_decorator']) retrieved from /home/airflow/.local/lib/python3.7/site-packages/airflow/example_dags/example_short_circuit_decorator.py
[2022-12-14T17:47:13.505+0000] {logging_mixin.py:137} INFO - [2022-12-14T17:47:13.505+0000] {dag.py:2585} INFO - Sync 1 DAGs
[2022-12-14T17:47:13.557+0000] {logging_mixin.py:137} INFO - [2022-12-14T17:47:13.556+0000] {dag.py:3340} INFO - Setting next_dagrun for example_short_circuit_decorator to 2022-12-13T17:47:13.556585+00:00, run_after=2022-12-14T17:47:13.556585+00:00
[2022-12-14T17:47:13.588+0000] {processor.py:176} INFO - Processing /home/airflow/.local/lib/python3.7/site-packages/airflow/example_dags/example_short_circuit_decorator.py took 0.213 seconds
[2022-12-14T17:47:44.303+0000] {processor.py:154} INFO - Started process (PID=732) to work on /home/airflow/.local/lib/python3.7/site-packages/airflow/example_dags/example_short_circuit_decorator.py
[2022-12-14T17:47:44.304+0000] {processor.py:756} INFO - Processing file /home/airflow/.local/lib/python3.7/site-packages/airflow/example_dags/example_short_circuit_decorator.py for tasks to queue
[2022-12-14T17:47:44.305+0000] {logging_mixin.py:137} INFO - [2022-12-14T17:47:44.305+0000] {dagbag.py:537} INFO - Filling up the DagBag from /home/airflow/.local/lib/python3.7/site-packages/airflow/example_dags/example_short_circuit_decorator.py
[2022-12-14T17:47:44.340+0000] {processor.py:766} INFO - DAG(s) dict_keys(['example_short_circuit_decorator']) retrieved from /home/airflow/.local/lib/python3.7/site-packages/airflow/example_dags/example_short_circuit_decorator.py
[2022-12-14T17:47:44.402+0000] {logging_mixin.py:137} INFO - [2022-12-14T17:47:44.402+0000] {dag.py:2585} INFO - Sync 1 DAGs
[2022-12-14T17:47:44.448+0000] {logging_mixin.py:137} INFO - [2022-12-14T17:47:44.448+0000] {dag.py:3340} INFO - Setting next_dagrun for example_short_circuit_decorator to 2022-12-13T17:47:44.448160+00:00, run_after=2022-12-14T17:47:44.448160+00:00
[2022-12-14T17:47:44.479+0000] {processor.py:176} INFO - Processing /home/airflow/.local/lib/python3.7/site-packages/airflow/example_dags/example_short_circuit_decorator.py took 0.181 seconds
[2022-12-14T17:48:15.082+0000] {processor.py:154} INFO - Started process (PID=786) to work on /home/airflow/.local/lib/python3.7/site-packages/airflow/example_dags/example_short_circuit_decorator.py
[2022-12-14T17:48:15.083+0000] {processor.py:756} INFO - Processing file /home/airflow/.local/lib/python3.7/site-packages/airflow/example_dags/example_short_circuit_decorator.py for tasks to queue
[2022-12-14T17:48:15.084+0000] {logging_mixin.py:137} INFO - [2022-12-14T17:48:15.084+0000] {dagbag.py:537} INFO - Filling up the DagBag from /home/airflow/.local/lib/python3.7/site-packages/airflow/example_dags/example_short_circuit_decorator.py
[2022-12-14T17:48:15.119+0000] {processor.py:766} INFO - DAG(s) dict_keys(['example_short_circuit_decorator']) retrieved from /home/airflow/.local/lib/python3.7/site-packages/airflow/example_dags/example_short_circuit_decorator.py
[2022-12-14T17:48:15.179+0000] {logging_mixin.py:137} INFO - [2022-12-14T17:48:15.179+0000] {dag.py:2585} INFO - Sync 1 DAGs
[2022-12-14T17:48:15.223+0000] {logging_mixin.py:137} INFO - [2022-12-14T17:48:15.223+0000] {dag.py:3340} INFO - Setting next_dagrun for example_short_circuit_decorator to 2022-12-13T17:48:15.222745+00:00, run_after=2022-12-14T17:48:15.222745+00:00
[2022-12-14T17:48:15.248+0000] {processor.py:176} INFO - Processing /home/airflow/.local/lib/python3.7/site-packages/airflow/example_dags/example_short_circuit_decorator.py took 0.171 seconds
[2022-12-14T17:48:45.668+0000] {processor.py:154} INFO - Started process (PID=848) to work on /home/airflow/.local/lib/python3.7/site-packages/airflow/example_dags/example_short_circuit_decorator.py
[2022-12-14T17:48:45.669+0000] {processor.py:756} INFO - Processing file /home/airflow/.local/lib/python3.7/site-packages/airflow/example_dags/example_short_circuit_decorator.py for tasks to queue
[2022-12-14T17:48:45.679+0000] {logging_mixin.py:137} INFO - [2022-12-14T17:48:45.679+0000] {dagbag.py:537} INFO - Filling up the DagBag from /home/airflow/.local/lib/python3.7/site-packages/airflow/example_dags/example_short_circuit_decorator.py
[2022-12-14T17:48:45.769+0000] {processor.py:766} INFO - DAG(s) dict_keys(['example_short_circuit_decorator']) retrieved from /home/airflow/.local/lib/python3.7/site-packages/airflow/example_dags/example_short_circuit_decorator.py
[2022-12-14T17:48:45.937+0000] {logging_mixin.py:137} INFO - [2022-12-14T17:48:45.937+0000] {dag.py:2585} INFO - Sync 1 DAGs
[2022-12-14T17:48:46.040+0000] {logging_mixin.py:137} INFO - [2022-12-14T17:48:46.039+0000] {dag.py:3340} INFO - Setting next_dagrun for example_short_circuit_decorator to 2022-12-13T17:48:46.039540+00:00, run_after=2022-12-14T17:48:46.039540+00:00
[2022-12-14T17:48:46.113+0000] {processor.py:176} INFO - Processing /home/airflow/.local/lib/python3.7/site-packages/airflow/example_dags/example_short_circuit_decorator.py took 0.451 seconds
[2022-12-14T17:49:16.570+0000] {processor.py:154} INFO - Started process (PID=904) to work on /home/airflow/.local/lib/python3.7/site-packages/airflow/example_dags/example_short_circuit_decorator.py
[2022-12-14T17:49:16.571+0000] {processor.py:756} INFO - Processing file /home/airflow/.local/lib/python3.7/site-packages/airflow/example_dags/example_short_circuit_decorator.py for tasks to queue
[2022-12-14T17:49:16.572+0000] {logging_mixin.py:137} INFO - [2022-12-14T17:49:16.572+0000] {dagbag.py:537} INFO - Filling up the DagBag from /home/airflow/.local/lib/python3.7/site-packages/airflow/example_dags/example_short_circuit_decorator.py
[2022-12-14T17:49:16.610+0000] {processor.py:766} INFO - DAG(s) dict_keys(['example_short_circuit_decorator']) retrieved from /home/airflow/.local/lib/python3.7/site-packages/airflow/example_dags/example_short_circuit_decorator.py
[2022-12-14T17:49:16.675+0000] {logging_mixin.py:137} INFO - [2022-12-14T17:49:16.675+0000] {dag.py:2585} INFO - Sync 1 DAGs
[2022-12-14T17:49:16.718+0000] {logging_mixin.py:137} INFO - [2022-12-14T17:49:16.718+0000] {dag.py:3340} INFO - Setting next_dagrun for example_short_circuit_decorator to 2022-12-13T17:49:16.717982+00:00, run_after=2022-12-14T17:49:16.717982+00:00
[2022-12-14T17:49:16.750+0000] {processor.py:176} INFO - Processing /home/airflow/.local/lib/python3.7/site-packages/airflow/example_dags/example_short_circuit_decorator.py took 0.183 seconds
[2022-12-14T17:49:46.879+0000] {processor.py:154} INFO - Started process (PID=960) to work on /home/airflow/.local/lib/python3.7/site-packages/airflow/example_dags/example_short_circuit_decorator.py
[2022-12-14T17:49:46.880+0000] {processor.py:756} INFO - Processing file /home/airflow/.local/lib/python3.7/site-packages/airflow/example_dags/example_short_circuit_decorator.py for tasks to queue
[2022-12-14T17:49:46.880+0000] {logging_mixin.py:137} INFO - [2022-12-14T17:49:46.880+0000] {dagbag.py:537} INFO - Filling up the DagBag from /home/airflow/.local/lib/python3.7/site-packages/airflow/example_dags/example_short_circuit_decorator.py
[2022-12-14T17:49:46.917+0000] {processor.py:766} INFO - DAG(s) dict_keys(['example_short_circuit_decorator']) retrieved from /home/airflow/.local/lib/python3.7/site-packages/airflow/example_dags/example_short_circuit_decorator.py
[2022-12-14T17:49:46.977+0000] {logging_mixin.py:137} INFO - [2022-12-14T17:49:46.977+0000] {dag.py:2585} INFO - Sync 1 DAGs
[2022-12-14T17:49:47.025+0000] {logging_mixin.py:137} INFO - [2022-12-14T17:49:47.025+0000] {dag.py:3340} INFO - Setting next_dagrun for example_short_circuit_decorator to 2022-12-13T17:49:47.024747+00:00, run_after=2022-12-14T17:49:47.024747+00:00
[2022-12-14T17:49:47.054+0000] {processor.py:176} INFO - Processing /home/airflow/.local/lib/python3.7/site-packages/airflow/example_dags/example_short_circuit_decorator.py took 0.179 seconds
[2022-12-14T17:50:18.016+0000] {processor.py:154} INFO - Started process (PID=1023) to work on /home/airflow/.local/lib/python3.7/site-packages/airflow/example_dags/example_short_circuit_decorator.py
[2022-12-14T17:50:18.020+0000] {processor.py:756} INFO - Processing file /home/airflow/.local/lib/python3.7/site-packages/airflow/example_dags/example_short_circuit_decorator.py for tasks to queue
[2022-12-14T17:50:18.024+0000] {logging_mixin.py:137} INFO - [2022-12-14T17:50:18.022+0000] {dagbag.py:537} INFO - Filling up the DagBag from /home/airflow/.local/lib/python3.7/site-packages/airflow/example_dags/example_short_circuit_decorator.py
[2022-12-14T17:50:18.080+0000] {processor.py:766} INFO - DAG(s) dict_keys(['example_short_circuit_decorator']) retrieved from /home/airflow/.local/lib/python3.7/site-packages/airflow/example_dags/example_short_circuit_decorator.py
[2022-12-14T17:50:18.180+0000] {logging_mixin.py:137} INFO - [2022-12-14T17:50:18.179+0000] {dag.py:2585} INFO - Sync 1 DAGs
[2022-12-14T17:50:18.285+0000] {logging_mixin.py:137} INFO - [2022-12-14T17:50:18.284+0000] {dag.py:3340} INFO - Setting next_dagrun for example_short_circuit_decorator to 2022-12-13T17:50:18.284371+00:00, run_after=2022-12-14T17:50:18.284371+00:00
[2022-12-14T17:50:18.410+0000] {processor.py:176} INFO - Processing /home/airflow/.local/lib/python3.7/site-packages/airflow/example_dags/example_short_circuit_decorator.py took 0.401 seconds
[2022-12-14T17:50:48.622+0000] {processor.py:154} INFO - Started process (PID=1078) to work on /home/airflow/.local/lib/python3.7/site-packages/airflow/example_dags/example_short_circuit_decorator.py
[2022-12-14T17:50:48.623+0000] {processor.py:756} INFO - Processing file /home/airflow/.local/lib/python3.7/site-packages/airflow/example_dags/example_short_circuit_decorator.py for tasks to queue
[2022-12-14T17:50:48.624+0000] {logging_mixin.py:137} INFO - [2022-12-14T17:50:48.624+0000] {dagbag.py:537} INFO - Filling up the DagBag from /home/airflow/.local/lib/python3.7/site-packages/airflow/example_dags/example_short_circuit_decorator.py
[2022-12-14T17:50:48.668+0000] {processor.py:766} INFO - DAG(s) dict_keys(['example_short_circuit_decorator']) retrieved from /home/airflow/.local/lib/python3.7/site-packages/airflow/example_dags/example_short_circuit_decorator.py
[2022-12-14T17:50:48.742+0000] {logging_mixin.py:137} INFO - [2022-12-14T17:50:48.742+0000] {dag.py:2585} INFO - Sync 1 DAGs
[2022-12-14T17:50:48.798+0000] {logging_mixin.py:137} INFO - [2022-12-14T17:50:48.797+0000] {dag.py:3340} INFO - Setting next_dagrun for example_short_circuit_decorator to 2022-12-13T17:50:48.797588+00:00, run_after=2022-12-14T17:50:48.797588+00:00
[2022-12-14T17:50:48.833+0000] {processor.py:176} INFO - Processing /home/airflow/.local/lib/python3.7/site-packages/airflow/example_dags/example_short_circuit_decorator.py took 0.215 seconds
[2022-12-14T17:51:19.188+0000] {processor.py:154} INFO - Started process (PID=1134) to work on /home/airflow/.local/lib/python3.7/site-packages/airflow/example_dags/example_short_circuit_decorator.py
[2022-12-14T17:51:19.189+0000] {processor.py:756} INFO - Processing file /home/airflow/.local/lib/python3.7/site-packages/airflow/example_dags/example_short_circuit_decorator.py for tasks to queue
[2022-12-14T17:51:19.191+0000] {logging_mixin.py:137} INFO - [2022-12-14T17:51:19.190+0000] {dagbag.py:537} INFO - Filling up the DagBag from /home/airflow/.local/lib/python3.7/site-packages/airflow/example_dags/example_short_circuit_decorator.py
[2022-12-14T17:51:19.240+0000] {processor.py:766} INFO - DAG(s) dict_keys(['example_short_circuit_decorator']) retrieved from /home/airflow/.local/lib/python3.7/site-packages/airflow/example_dags/example_short_circuit_decorator.py
[2022-12-14T17:51:19.333+0000] {logging_mixin.py:137} INFO - [2022-12-14T17:51:19.333+0000] {dag.py:2585} INFO - Sync 1 DAGs
[2022-12-14T17:51:19.392+0000] {logging_mixin.py:137} INFO - [2022-12-14T17:51:19.392+0000] {dag.py:3340} INFO - Setting next_dagrun for example_short_circuit_decorator to 2022-12-13T17:51:19.391929+00:00, run_after=2022-12-14T17:51:19.391929+00:00
[2022-12-14T17:51:19.469+0000] {processor.py:176} INFO - Processing /home/airflow/.local/lib/python3.7/site-packages/airflow/example_dags/example_short_circuit_decorator.py took 0.287 seconds
[2022-12-14T17:51:49.805+0000] {processor.py:154} INFO - Started process (PID=1188) to work on /home/airflow/.local/lib/python3.7/site-packages/airflow/example_dags/example_short_circuit_decorator.py
[2022-12-14T17:51:49.806+0000] {processor.py:756} INFO - Processing file /home/airflow/.local/lib/python3.7/site-packages/airflow/example_dags/example_short_circuit_decorator.py for tasks to queue
[2022-12-14T17:51:49.807+0000] {logging_mixin.py:137} INFO - [2022-12-14T17:51:49.807+0000] {dagbag.py:537} INFO - Filling up the DagBag from /home/airflow/.local/lib/python3.7/site-packages/airflow/example_dags/example_short_circuit_decorator.py
[2022-12-14T17:51:49.847+0000] {processor.py:766} INFO - DAG(s) dict_keys(['example_short_circuit_decorator']) retrieved from /home/airflow/.local/lib/python3.7/site-packages/airflow/example_dags/example_short_circuit_decorator.py
[2022-12-14T17:51:49.921+0000] {logging_mixin.py:137} INFO - [2022-12-14T17:51:49.920+0000] {dag.py:2585} INFO - Sync 1 DAGs
[2022-12-14T17:51:49.972+0000] {logging_mixin.py:137} INFO - [2022-12-14T17:51:49.972+0000] {dag.py:3340} INFO - Setting next_dagrun for example_short_circuit_decorator to 2022-12-13T17:51:49.972156+00:00, run_after=2022-12-14T17:51:49.972156+00:00
[2022-12-14T17:51:49.998+0000] {processor.py:176} INFO - Processing /home/airflow/.local/lib/python3.7/site-packages/airflow/example_dags/example_short_circuit_decorator.py took 0.199 seconds
[2022-12-14T17:52:20.986+0000] {processor.py:154} INFO - Started process (PID=1243) to work on /home/airflow/.local/lib/python3.7/site-packages/airflow/example_dags/example_short_circuit_decorator.py
[2022-12-14T17:52:20.987+0000] {processor.py:756} INFO - Processing file /home/airflow/.local/lib/python3.7/site-packages/airflow/example_dags/example_short_circuit_decorator.py for tasks to queue
[2022-12-14T17:52:20.989+0000] {logging_mixin.py:137} INFO - [2022-12-14T17:52:20.989+0000] {dagbag.py:537} INFO - Filling up the DagBag from /home/airflow/.local/lib/python3.7/site-packages/airflow/example_dags/example_short_circuit_decorator.py
[2022-12-14T17:52:21.052+0000] {processor.py:766} INFO - DAG(s) dict_keys(['example_short_circuit_decorator']) retrieved from /home/airflow/.local/lib/python3.7/site-packages/airflow/example_dags/example_short_circuit_decorator.py
[2022-12-14T17:52:21.156+0000] {logging_mixin.py:137} INFO - [2022-12-14T17:52:21.156+0000] {dag.py:2585} INFO - Sync 1 DAGs
[2022-12-14T17:52:21.233+0000] {logging_mixin.py:137} INFO - [2022-12-14T17:52:21.233+0000] {dag.py:3340} INFO - Setting next_dagrun for example_short_circuit_decorator to 2022-12-13T17:52:21.233502+00:00, run_after=2022-12-14T17:52:21.233502+00:00
[2022-12-14T17:52:21.367+0000] {processor.py:176} INFO - Processing /home/airflow/.local/lib/python3.7/site-packages/airflow/example_dags/example_short_circuit_decorator.py took 0.388 seconds
[2022-12-14T17:52:52.159+0000] {processor.py:154} INFO - Started process (PID=1297) to work on /home/airflow/.local/lib/python3.7/site-packages/airflow/example_dags/example_short_circuit_decorator.py
[2022-12-14T17:52:52.167+0000] {processor.py:756} INFO - Processing file /home/airflow/.local/lib/python3.7/site-packages/airflow/example_dags/example_short_circuit_decorator.py for tasks to queue
[2022-12-14T17:52:52.168+0000] {logging_mixin.py:137} INFO - [2022-12-14T17:52:52.168+0000] {dagbag.py:537} INFO - Filling up the DagBag from /home/airflow/.local/lib/python3.7/site-packages/airflow/example_dags/example_short_circuit_decorator.py
[2022-12-14T17:52:52.272+0000] {processor.py:766} INFO - DAG(s) dict_keys(['example_short_circuit_decorator']) retrieved from /home/airflow/.local/lib/python3.7/site-packages/airflow/example_dags/example_short_circuit_decorator.py
[2022-12-14T17:52:52.365+0000] {logging_mixin.py:137} INFO - [2022-12-14T17:52:52.365+0000] {dag.py:2585} INFO - Sync 1 DAGs
[2022-12-14T17:52:52.430+0000] {logging_mixin.py:137} INFO - [2022-12-14T17:52:52.429+0000] {dag.py:3340} INFO - Setting next_dagrun for example_short_circuit_decorator to 2022-12-13T17:52:52.428961+00:00, run_after=2022-12-14T17:52:52.428961+00:00
[2022-12-14T17:52:52.471+0000] {processor.py:176} INFO - Processing /home/airflow/.local/lib/python3.7/site-packages/airflow/example_dags/example_short_circuit_decorator.py took 0.331 seconds
[2022-12-14T17:53:23.195+0000] {processor.py:154} INFO - Started process (PID=1351) to work on /home/airflow/.local/lib/python3.7/site-packages/airflow/example_dags/example_short_circuit_decorator.py
[2022-12-14T17:53:23.196+0000] {processor.py:756} INFO - Processing file /home/airflow/.local/lib/python3.7/site-packages/airflow/example_dags/example_short_circuit_decorator.py for tasks to queue
[2022-12-14T17:53:23.197+0000] {logging_mixin.py:137} INFO - [2022-12-14T17:53:23.197+0000] {dagbag.py:537} INFO - Filling up the DagBag from /home/airflow/.local/lib/python3.7/site-packages/airflow/example_dags/example_short_circuit_decorator.py
[2022-12-14T17:53:23.246+0000] {processor.py:766} INFO - DAG(s) dict_keys(['example_short_circuit_decorator']) retrieved from /home/airflow/.local/lib/python3.7/site-packages/airflow/example_dags/example_short_circuit_decorator.py
[2022-12-14T17:53:23.320+0000] {logging_mixin.py:137} INFO - [2022-12-14T17:53:23.319+0000] {dag.py:2585} INFO - Sync 1 DAGs
[2022-12-14T17:53:23.381+0000] {logging_mixin.py:137} INFO - [2022-12-14T17:53:23.381+0000] {dag.py:3340} INFO - Setting next_dagrun for example_short_circuit_decorator to 2022-12-13T17:53:23.378141+00:00, run_after=2022-12-14T17:53:23.378141+00:00
[2022-12-14T17:53:23.440+0000] {processor.py:176} INFO - Processing /home/airflow/.local/lib/python3.7/site-packages/airflow/example_dags/example_short_circuit_decorator.py took 0.249 seconds
[2022-12-14T17:53:53.521+0000] {processor.py:154} INFO - Started process (PID=1413) to work on /home/airflow/.local/lib/python3.7/site-packages/airflow/example_dags/example_short_circuit_decorator.py
[2022-12-14T17:53:53.535+0000] {processor.py:756} INFO - Processing file /home/airflow/.local/lib/python3.7/site-packages/airflow/example_dags/example_short_circuit_decorator.py for tasks to queue
[2022-12-14T17:53:53.536+0000] {logging_mixin.py:137} INFO - [2022-12-14T17:53:53.536+0000] {dagbag.py:537} INFO - Filling up the DagBag from /home/airflow/.local/lib/python3.7/site-packages/airflow/example_dags/example_short_circuit_decorator.py
[2022-12-14T17:53:53.621+0000] {processor.py:766} INFO - DAG(s) dict_keys(['example_short_circuit_decorator']) retrieved from /home/airflow/.local/lib/python3.7/site-packages/airflow/example_dags/example_short_circuit_decorator.py
[2022-12-14T17:53:53.792+0000] {logging_mixin.py:137} INFO - [2022-12-14T17:53:53.791+0000] {dag.py:2585} INFO - Sync 1 DAGs
[2022-12-14T17:53:54.056+0000] {logging_mixin.py:137} INFO - [2022-12-14T17:53:54.055+0000] {dag.py:3340} INFO - Setting next_dagrun for example_short_circuit_decorator to 2022-12-13T17:53:54.055541+00:00, run_after=2022-12-14T17:53:54.055541+00:00
[2022-12-14T17:53:54.144+0000] {processor.py:176} INFO - Processing /home/airflow/.local/lib/python3.7/site-packages/airflow/example_dags/example_short_circuit_decorator.py took 0.641 seconds
[2022-12-14T17:54:24.381+0000] {processor.py:154} INFO - Started process (PID=1467) to work on /home/airflow/.local/lib/python3.7/site-packages/airflow/example_dags/example_short_circuit_decorator.py
[2022-12-14T17:54:24.382+0000] {processor.py:756} INFO - Processing file /home/airflow/.local/lib/python3.7/site-packages/airflow/example_dags/example_short_circuit_decorator.py for tasks to queue
[2022-12-14T17:54:24.383+0000] {logging_mixin.py:137} INFO - [2022-12-14T17:54:24.383+0000] {dagbag.py:537} INFO - Filling up the DagBag from /home/airflow/.local/lib/python3.7/site-packages/airflow/example_dags/example_short_circuit_decorator.py
[2022-12-14T17:54:24.423+0000] {processor.py:766} INFO - DAG(s) dict_keys(['example_short_circuit_decorator']) retrieved from /home/airflow/.local/lib/python3.7/site-packages/airflow/example_dags/example_short_circuit_decorator.py
[2022-12-14T17:54:24.490+0000] {logging_mixin.py:137} INFO - [2022-12-14T17:54:24.490+0000] {dag.py:2585} INFO - Sync 1 DAGs
[2022-12-14T17:54:24.542+0000] {logging_mixin.py:137} INFO - [2022-12-14T17:54:24.541+0000] {dag.py:3340} INFO - Setting next_dagrun for example_short_circuit_decorator to 2022-12-13T17:54:24.541531+00:00, run_after=2022-12-14T17:54:24.541531+00:00
[2022-12-14T17:54:24.570+0000] {processor.py:176} INFO - Processing /home/airflow/.local/lib/python3.7/site-packages/airflow/example_dags/example_short_circuit_decorator.py took 0.195 seconds
[2022-12-14T17:54:55.370+0000] {processor.py:154} INFO - Started process (PID=1521) to work on /home/airflow/.local/lib/python3.7/site-packages/airflow/example_dags/example_short_circuit_decorator.py
[2022-12-14T17:54:55.371+0000] {processor.py:756} INFO - Processing file /home/airflow/.local/lib/python3.7/site-packages/airflow/example_dags/example_short_circuit_decorator.py for tasks to queue
[2022-12-14T17:54:55.371+0000] {logging_mixin.py:137} INFO - [2022-12-14T17:54:55.371+0000] {dagbag.py:537} INFO - Filling up the DagBag from /home/airflow/.local/lib/python3.7/site-packages/airflow/example_dags/example_short_circuit_decorator.py
[2022-12-14T17:54:55.413+0000] {processor.py:766} INFO - DAG(s) dict_keys(['example_short_circuit_decorator']) retrieved from /home/airflow/.local/lib/python3.7/site-packages/airflow/example_dags/example_short_circuit_decorator.py
[2022-12-14T17:54:55.479+0000] {logging_mixin.py:137} INFO - [2022-12-14T17:54:55.479+0000] {dag.py:2585} INFO - Sync 1 DAGs
[2022-12-14T17:54:55.532+0000] {logging_mixin.py:137} INFO - [2022-12-14T17:54:55.532+0000] {dag.py:3340} INFO - Setting next_dagrun for example_short_circuit_decorator to 2022-12-13T17:54:55.532144+00:00, run_after=2022-12-14T17:54:55.532144+00:00
[2022-12-14T17:54:55.566+0000] {processor.py:176} INFO - Processing /home/airflow/.local/lib/python3.7/site-packages/airflow/example_dags/example_short_circuit_decorator.py took 0.201 seconds
[2022-12-14T17:55:25.654+0000] {processor.py:154} INFO - Started process (PID=1574) to work on /home/airflow/.local/lib/python3.7/site-packages/airflow/example_dags/example_short_circuit_decorator.py
[2022-12-14T17:55:25.655+0000] {processor.py:756} INFO - Processing file /home/airflow/.local/lib/python3.7/site-packages/airflow/example_dags/example_short_circuit_decorator.py for tasks to queue
[2022-12-14T17:55:25.655+0000] {logging_mixin.py:137} INFO - [2022-12-14T17:55:25.655+0000] {dagbag.py:537} INFO - Filling up the DagBag from /home/airflow/.local/lib/python3.7/site-packages/airflow/example_dags/example_short_circuit_decorator.py
[2022-12-14T17:55:25.695+0000] {processor.py:766} INFO - DAG(s) dict_keys(['example_short_circuit_decorator']) retrieved from /home/airflow/.local/lib/python3.7/site-packages/airflow/example_dags/example_short_circuit_decorator.py
[2022-12-14T17:55:25.777+0000] {logging_mixin.py:137} INFO - [2022-12-14T17:55:25.777+0000] {dag.py:2585} INFO - Sync 1 DAGs
[2022-12-14T17:55:25.832+0000] {logging_mixin.py:137} INFO - [2022-12-14T17:55:25.832+0000] {dag.py:3340} INFO - Setting next_dagrun for example_short_circuit_decorator to 2022-12-13T17:55:25.831820+00:00, run_after=2022-12-14T17:55:25.831820+00:00
[2022-12-14T17:55:25.870+0000] {processor.py:176} INFO - Processing /home/airflow/.local/lib/python3.7/site-packages/airflow/example_dags/example_short_circuit_decorator.py took 0.221 seconds
[2022-12-14T17:55:56.063+0000] {processor.py:154} INFO - Started process (PID=1636) to work on /home/airflow/.local/lib/python3.7/site-packages/airflow/example_dags/example_short_circuit_decorator.py
[2022-12-14T17:55:56.075+0000] {processor.py:756} INFO - Processing file /home/airflow/.local/lib/python3.7/site-packages/airflow/example_dags/example_short_circuit_decorator.py for tasks to queue
[2022-12-14T17:55:56.076+0000] {logging_mixin.py:137} INFO - [2022-12-14T17:55:56.076+0000] {dagbag.py:537} INFO - Filling up the DagBag from /home/airflow/.local/lib/python3.7/site-packages/airflow/example_dags/example_short_circuit_decorator.py
[2022-12-14T17:55:56.143+0000] {processor.py:766} INFO - DAG(s) dict_keys(['example_short_circuit_decorator']) retrieved from /home/airflow/.local/lib/python3.7/site-packages/airflow/example_dags/example_short_circuit_decorator.py
[2022-12-14T17:55:56.245+0000] {logging_mixin.py:137} INFO - [2022-12-14T17:55:56.244+0000] {dag.py:2585} INFO - Sync 1 DAGs
[2022-12-14T17:55:56.304+0000] {logging_mixin.py:137} INFO - [2022-12-14T17:55:56.304+0000] {dag.py:3340} INFO - Setting next_dagrun for example_short_circuit_decorator to 2022-12-13T17:55:56.303934+00:00, run_after=2022-12-14T17:55:56.303934+00:00
[2022-12-14T17:55:56.400+0000] {processor.py:176} INFO - Processing /home/airflow/.local/lib/python3.7/site-packages/airflow/example_dags/example_short_circuit_decorator.py took 0.341 seconds
[2022-12-14T17:56:26.553+0000] {processor.py:154} INFO - Started process (PID=1687) to work on /home/airflow/.local/lib/python3.7/site-packages/airflow/example_dags/example_short_circuit_decorator.py
[2022-12-14T17:56:26.553+0000] {processor.py:756} INFO - Processing file /home/airflow/.local/lib/python3.7/site-packages/airflow/example_dags/example_short_circuit_decorator.py for tasks to queue
[2022-12-14T17:56:26.554+0000] {logging_mixin.py:137} INFO - [2022-12-14T17:56:26.554+0000] {dagbag.py:537} INFO - Filling up the DagBag from /home/airflow/.local/lib/python3.7/site-packages/airflow/example_dags/example_short_circuit_decorator.py
[2022-12-14T17:56:26.668+0000] {processor.py:766} INFO - DAG(s) dict_keys(['example_short_circuit_decorator']) retrieved from /home/airflow/.local/lib/python3.7/site-packages/airflow/example_dags/example_short_circuit_decorator.py
[2022-12-14T17:56:26.777+0000] {logging_mixin.py:137} INFO - [2022-12-14T17:56:26.777+0000] {dag.py:2585} INFO - Sync 1 DAGs
[2022-12-14T17:56:26.847+0000] {logging_mixin.py:137} INFO - [2022-12-14T17:56:26.847+0000] {dag.py:3340} INFO - Setting next_dagrun for example_short_circuit_decorator to 2022-12-13T17:56:26.847323+00:00, run_after=2022-12-14T17:56:26.847323+00:00
[2022-12-14T17:56:26.892+0000] {processor.py:176} INFO - Processing /home/airflow/.local/lib/python3.7/site-packages/airflow/example_dags/example_short_circuit_decorator.py took 0.357 seconds
[2022-12-14T18:00:09.011+0000] {processor.py:154} INFO - Started process (PID=96) to work on /home/airflow/.local/lib/python3.7/site-packages/airflow/example_dags/example_short_circuit_decorator.py
[2022-12-14T18:00:09.016+0000] {processor.py:756} INFO - Processing file /home/airflow/.local/lib/python3.7/site-packages/airflow/example_dags/example_short_circuit_decorator.py for tasks to queue
[2022-12-14T18:00:09.017+0000] {logging_mixin.py:137} INFO - [2022-12-14T18:00:09.017+0000] {dagbag.py:537} INFO - Filling up the DagBag from /home/airflow/.local/lib/python3.7/site-packages/airflow/example_dags/example_short_circuit_decorator.py
[2022-12-14T18:00:09.220+0000] {processor.py:766} INFO - DAG(s) dict_keys(['example_short_circuit_decorator']) retrieved from /home/airflow/.local/lib/python3.7/site-packages/airflow/example_dags/example_short_circuit_decorator.py
[2022-12-14T18:00:09.443+0000] {logging_mixin.py:137} INFO - [2022-12-14T18:00:09.442+0000] {dag.py:2585} INFO - Sync 1 DAGs
[2022-12-14T18:00:09.560+0000] {logging_mixin.py:137} INFO - [2022-12-14T18:00:09.559+0000] {dag.py:3340} INFO - Setting next_dagrun for example_short_circuit_decorator to 2022-12-13T18:00:09.559480+00:00, run_after=2022-12-14T18:00:09.559480+00:00
[2022-12-14T18:00:09.629+0000] {processor.py:176} INFO - Processing /home/airflow/.local/lib/python3.7/site-packages/airflow/example_dags/example_short_circuit_decorator.py took 0.652 seconds
[2022-12-14T18:00:40.335+0000] {processor.py:154} INFO - Started process (PID=152) to work on /home/airflow/.local/lib/python3.7/site-packages/airflow/example_dags/example_short_circuit_decorator.py
[2022-12-14T18:00:40.336+0000] {processor.py:756} INFO - Processing file /home/airflow/.local/lib/python3.7/site-packages/airflow/example_dags/example_short_circuit_decorator.py for tasks to queue
[2022-12-14T18:00:40.338+0000] {logging_mixin.py:137} INFO - [2022-12-14T18:00:40.337+0000] {dagbag.py:537} INFO - Filling up the DagBag from /home/airflow/.local/lib/python3.7/site-packages/airflow/example_dags/example_short_circuit_decorator.py
[2022-12-14T18:00:40.376+0000] {processor.py:766} INFO - DAG(s) dict_keys(['example_short_circuit_decorator']) retrieved from /home/airflow/.local/lib/python3.7/site-packages/airflow/example_dags/example_short_circuit_decorator.py
[2022-12-14T18:00:40.446+0000] {logging_mixin.py:137} INFO - [2022-12-14T18:00:40.445+0000] {dag.py:2585} INFO - Sync 1 DAGs
[2022-12-14T18:00:40.494+0000] {logging_mixin.py:137} INFO - [2022-12-14T18:00:40.494+0000] {dag.py:3340} INFO - Setting next_dagrun for example_short_circuit_decorator to 2022-12-13T18:00:40.494141+00:00, run_after=2022-12-14T18:00:40.494141+00:00
[2022-12-14T18:00:40.526+0000] {processor.py:176} INFO - Processing /home/airflow/.local/lib/python3.7/site-packages/airflow/example_dags/example_short_circuit_decorator.py took 0.194 seconds
[2022-12-14T18:01:10.790+0000] {processor.py:154} INFO - Started process (PID=209) to work on /home/airflow/.local/lib/python3.7/site-packages/airflow/example_dags/example_short_circuit_decorator.py
[2022-12-14T18:01:10.829+0000] {processor.py:756} INFO - Processing file /home/airflow/.local/lib/python3.7/site-packages/airflow/example_dags/example_short_circuit_decorator.py for tasks to queue
[2022-12-14T18:01:10.830+0000] {logging_mixin.py:137} INFO - [2022-12-14T18:01:10.829+0000] {dagbag.py:537} INFO - Filling up the DagBag from /home/airflow/.local/lib/python3.7/site-packages/airflow/example_dags/example_short_circuit_decorator.py
[2022-12-14T18:01:10.868+0000] {processor.py:766} INFO - DAG(s) dict_keys(['example_short_circuit_decorator']) retrieved from /home/airflow/.local/lib/python3.7/site-packages/airflow/example_dags/example_short_circuit_decorator.py
[2022-12-14T18:01:10.934+0000] {logging_mixin.py:137} INFO - [2022-12-14T18:01:10.934+0000] {dag.py:2585} INFO - Sync 1 DAGs
[2022-12-14T18:01:10.986+0000] {logging_mixin.py:137} INFO - [2022-12-14T18:01:10.986+0000] {dag.py:3340} INFO - Setting next_dagrun for example_short_circuit_decorator to 2022-12-13T18:01:10.986260+00:00, run_after=2022-12-14T18:01:10.986260+00:00
[2022-12-14T18:01:11.017+0000] {processor.py:176} INFO - Processing /home/airflow/.local/lib/python3.7/site-packages/airflow/example_dags/example_short_circuit_decorator.py took 0.231 seconds
[2022-12-14T18:01:41.317+0000] {processor.py:154} INFO - Started process (PID=273) to work on /home/airflow/.local/lib/python3.7/site-packages/airflow/example_dags/example_short_circuit_decorator.py
[2022-12-14T18:01:41.318+0000] {processor.py:756} INFO - Processing file /home/airflow/.local/lib/python3.7/site-packages/airflow/example_dags/example_short_circuit_decorator.py for tasks to queue
[2022-12-14T18:01:41.319+0000] {logging_mixin.py:137} INFO - [2022-12-14T18:01:41.319+0000] {dagbag.py:537} INFO - Filling up the DagBag from /home/airflow/.local/lib/python3.7/site-packages/airflow/example_dags/example_short_circuit_decorator.py
[2022-12-14T18:01:41.365+0000] {processor.py:766} INFO - DAG(s) dict_keys(['example_short_circuit_decorator']) retrieved from /home/airflow/.local/lib/python3.7/site-packages/airflow/example_dags/example_short_circuit_decorator.py
[2022-12-14T18:01:41.443+0000] {logging_mixin.py:137} INFO - [2022-12-14T18:01:41.443+0000] {dag.py:2585} INFO - Sync 1 DAGs
[2022-12-14T18:01:41.504+0000] {logging_mixin.py:137} INFO - [2022-12-14T18:01:41.504+0000] {dag.py:3340} INFO - Setting next_dagrun for example_short_circuit_decorator to 2022-12-13T18:01:41.504028+00:00, run_after=2022-12-14T18:01:41.504028+00:00
[2022-12-14T18:01:41.542+0000] {processor.py:176} INFO - Processing /home/airflow/.local/lib/python3.7/site-packages/airflow/example_dags/example_short_circuit_decorator.py took 0.230 seconds
[2022-12-14T18:02:12.350+0000] {processor.py:154} INFO - Started process (PID=328) to work on /home/airflow/.local/lib/python3.7/site-packages/airflow/example_dags/example_short_circuit_decorator.py
[2022-12-14T18:02:12.370+0000] {processor.py:756} INFO - Processing file /home/airflow/.local/lib/python3.7/site-packages/airflow/example_dags/example_short_circuit_decorator.py for tasks to queue
[2022-12-14T18:02:12.371+0000] {logging_mixin.py:137} INFO - [2022-12-14T18:02:12.371+0000] {dagbag.py:537} INFO - Filling up the DagBag from /home/airflow/.local/lib/python3.7/site-packages/airflow/example_dags/example_short_circuit_decorator.py
[2022-12-14T18:02:12.412+0000] {processor.py:766} INFO - DAG(s) dict_keys(['example_short_circuit_decorator']) retrieved from /home/airflow/.local/lib/python3.7/site-packages/airflow/example_dags/example_short_circuit_decorator.py
[2022-12-14T18:02:12.485+0000] {logging_mixin.py:137} INFO - [2022-12-14T18:02:12.485+0000] {dag.py:2585} INFO - Sync 1 DAGs
[2022-12-14T18:02:12.540+0000] {logging_mixin.py:137} INFO - [2022-12-14T18:02:12.539+0000] {dag.py:3340} INFO - Setting next_dagrun for example_short_circuit_decorator to 2022-12-13T18:02:12.539592+00:00, run_after=2022-12-14T18:02:12.539592+00:00
[2022-12-14T18:02:12.581+0000] {processor.py:176} INFO - Processing /home/airflow/.local/lib/python3.7/site-packages/airflow/example_dags/example_short_circuit_decorator.py took 0.235 seconds
[2022-12-14T18:02:42.961+0000] {processor.py:154} INFO - Started process (PID=382) to work on /home/airflow/.local/lib/python3.7/site-packages/airflow/example_dags/example_short_circuit_decorator.py
[2022-12-14T18:02:42.962+0000] {processor.py:756} INFO - Processing file /home/airflow/.local/lib/python3.7/site-packages/airflow/example_dags/example_short_circuit_decorator.py for tasks to queue
[2022-12-14T18:02:42.963+0000] {logging_mixin.py:137} INFO - [2022-12-14T18:02:42.963+0000] {dagbag.py:537} INFO - Filling up the DagBag from /home/airflow/.local/lib/python3.7/site-packages/airflow/example_dags/example_short_circuit_decorator.py
[2022-12-14T18:02:43.094+0000] {processor.py:766} INFO - DAG(s) dict_keys(['example_short_circuit_decorator']) retrieved from /home/airflow/.local/lib/python3.7/site-packages/airflow/example_dags/example_short_circuit_decorator.py
[2022-12-14T18:02:43.285+0000] {logging_mixin.py:137} INFO - [2022-12-14T18:02:43.284+0000] {dag.py:2585} INFO - Sync 1 DAGs
[2022-12-14T18:02:43.392+0000] {logging_mixin.py:137} INFO - [2022-12-14T18:02:43.391+0000] {dag.py:3340} INFO - Setting next_dagrun for example_short_circuit_decorator to 2022-12-13T18:02:43.391263+00:00, run_after=2022-12-14T18:02:43.391263+00:00
[2022-12-14T18:02:43.492+0000] {processor.py:176} INFO - Processing /home/airflow/.local/lib/python3.7/site-packages/airflow/example_dags/example_short_circuit_decorator.py took 0.545 seconds
[2022-12-14T18:03:14.156+0000] {processor.py:154} INFO - Started process (PID=443) to work on /home/airflow/.local/lib/python3.7/site-packages/airflow/example_dags/example_short_circuit_decorator.py
[2022-12-14T18:03:14.166+0000] {processor.py:756} INFO - Processing file /home/airflow/.local/lib/python3.7/site-packages/airflow/example_dags/example_short_circuit_decorator.py for tasks to queue
[2022-12-14T18:03:14.167+0000] {logging_mixin.py:137} INFO - [2022-12-14T18:03:14.167+0000] {dagbag.py:537} INFO - Filling up the DagBag from /home/airflow/.local/lib/python3.7/site-packages/airflow/example_dags/example_short_circuit_decorator.py
[2022-12-14T18:03:14.257+0000] {processor.py:766} INFO - DAG(s) dict_keys(['example_short_circuit_decorator']) retrieved from /home/airflow/.local/lib/python3.7/site-packages/airflow/example_dags/example_short_circuit_decorator.py
[2022-12-14T18:03:14.360+0000] {logging_mixin.py:137} INFO - [2022-12-14T18:03:14.360+0000] {dag.py:2585} INFO - Sync 1 DAGs
[2022-12-14T18:03:14.435+0000] {logging_mixin.py:137} INFO - [2022-12-14T18:03:14.434+0000] {dag.py:3340} INFO - Setting next_dagrun for example_short_circuit_decorator to 2022-12-13T18:03:14.434286+00:00, run_after=2022-12-14T18:03:14.434286+00:00
[2022-12-14T18:03:14.476+0000] {processor.py:176} INFO - Processing /home/airflow/.local/lib/python3.7/site-packages/airflow/example_dags/example_short_circuit_decorator.py took 0.333 seconds
[2022-12-14T18:03:45.180+0000] {processor.py:154} INFO - Started process (PID=497) to work on /home/airflow/.local/lib/python3.7/site-packages/airflow/example_dags/example_short_circuit_decorator.py
[2022-12-14T18:03:45.181+0000] {processor.py:756} INFO - Processing file /home/airflow/.local/lib/python3.7/site-packages/airflow/example_dags/example_short_circuit_decorator.py for tasks to queue
[2022-12-14T18:03:45.182+0000] {logging_mixin.py:137} INFO - [2022-12-14T18:03:45.181+0000] {dagbag.py:537} INFO - Filling up the DagBag from /home/airflow/.local/lib/python3.7/site-packages/airflow/example_dags/example_short_circuit_decorator.py
[2022-12-14T18:03:45.220+0000] {processor.py:766} INFO - DAG(s) dict_keys(['example_short_circuit_decorator']) retrieved from /home/airflow/.local/lib/python3.7/site-packages/airflow/example_dags/example_short_circuit_decorator.py
[2022-12-14T18:03:45.289+0000] {logging_mixin.py:137} INFO - [2022-12-14T18:03:45.288+0000] {dag.py:2585} INFO - Sync 1 DAGs
[2022-12-14T18:03:45.440+0000] {logging_mixin.py:137} INFO - [2022-12-14T18:03:45.440+0000] {dag.py:3340} INFO - Setting next_dagrun for example_short_circuit_decorator to 2022-12-13T18:03:45.439654+00:00, run_after=2022-12-14T18:03:45.439654+00:00
[2022-12-14T18:03:45.508+0000] {processor.py:176} INFO - Processing /home/airflow/.local/lib/python3.7/site-packages/airflow/example_dags/example_short_circuit_decorator.py took 0.333 seconds
[2022-12-14T18:04:15.879+0000] {processor.py:154} INFO - Started process (PID=552) to work on /home/airflow/.local/lib/python3.7/site-packages/airflow/example_dags/example_short_circuit_decorator.py
[2022-12-14T18:04:15.880+0000] {processor.py:756} INFO - Processing file /home/airflow/.local/lib/python3.7/site-packages/airflow/example_dags/example_short_circuit_decorator.py for tasks to queue
[2022-12-14T18:04:15.881+0000] {logging_mixin.py:137} INFO - [2022-12-14T18:04:15.881+0000] {dagbag.py:537} INFO - Filling up the DagBag from /home/airflow/.local/lib/python3.7/site-packages/airflow/example_dags/example_short_circuit_decorator.py
[2022-12-14T18:04:15.927+0000] {processor.py:766} INFO - DAG(s) dict_keys(['example_short_circuit_decorator']) retrieved from /home/airflow/.local/lib/python3.7/site-packages/airflow/example_dags/example_short_circuit_decorator.py
[2022-12-14T18:04:16.004+0000] {logging_mixin.py:137} INFO - [2022-12-14T18:04:16.004+0000] {dag.py:2585} INFO - Sync 1 DAGs
[2022-12-14T18:04:16.063+0000] {logging_mixin.py:137} INFO - [2022-12-14T18:04:16.063+0000] {dag.py:3340} INFO - Setting next_dagrun for example_short_circuit_decorator to 2022-12-13T18:04:16.062545+00:00, run_after=2022-12-14T18:04:16.062545+00:00
[2022-12-14T18:04:16.119+0000] {processor.py:176} INFO - Processing /home/airflow/.local/lib/python3.7/site-packages/airflow/example_dags/example_short_circuit_decorator.py took 0.244 seconds
[2022-12-14T18:04:46.501+0000] {processor.py:154} INFO - Started process (PID=616) to work on /home/airflow/.local/lib/python3.7/site-packages/airflow/example_dags/example_short_circuit_decorator.py
[2022-12-14T18:04:46.507+0000] {processor.py:756} INFO - Processing file /home/airflow/.local/lib/python3.7/site-packages/airflow/example_dags/example_short_circuit_decorator.py for tasks to queue
[2022-12-14T18:04:46.508+0000] {logging_mixin.py:137} INFO - [2022-12-14T18:04:46.508+0000] {dagbag.py:537} INFO - Filling up the DagBag from /home/airflow/.local/lib/python3.7/site-packages/airflow/example_dags/example_short_circuit_decorator.py
[2022-12-14T18:04:46.581+0000] {processor.py:766} INFO - DAG(s) dict_keys(['example_short_circuit_decorator']) retrieved from /home/airflow/.local/lib/python3.7/site-packages/airflow/example_dags/example_short_circuit_decorator.py
[2022-12-14T18:04:46.681+0000] {logging_mixin.py:137} INFO - [2022-12-14T18:04:46.681+0000] {dag.py:2585} INFO - Sync 1 DAGs
[2022-12-14T18:04:46.775+0000] {logging_mixin.py:137} INFO - [2022-12-14T18:04:46.774+0000] {dag.py:3340} INFO - Setting next_dagrun for example_short_circuit_decorator to 2022-12-13T18:04:46.774401+00:00, run_after=2022-12-14T18:04:46.774401+00:00
[2022-12-14T18:04:46.852+0000] {processor.py:176} INFO - Processing /home/airflow/.local/lib/python3.7/site-packages/airflow/example_dags/example_short_circuit_decorator.py took 0.364 seconds
[2022-12-14T18:05:17.426+0000] {processor.py:154} INFO - Started process (PID=671) to work on /home/airflow/.local/lib/python3.7/site-packages/airflow/example_dags/example_short_circuit_decorator.py
[2022-12-14T18:05:17.428+0000] {processor.py:756} INFO - Processing file /home/airflow/.local/lib/python3.7/site-packages/airflow/example_dags/example_short_circuit_decorator.py for tasks to queue
[2022-12-14T18:05:17.429+0000] {logging_mixin.py:137} INFO - [2022-12-14T18:05:17.428+0000] {dagbag.py:537} INFO - Filling up the DagBag from /home/airflow/.local/lib/python3.7/site-packages/airflow/example_dags/example_short_circuit_decorator.py
[2022-12-14T18:05:17.474+0000] {processor.py:766} INFO - DAG(s) dict_keys(['example_short_circuit_decorator']) retrieved from /home/airflow/.local/lib/python3.7/site-packages/airflow/example_dags/example_short_circuit_decorator.py
[2022-12-14T18:05:17.539+0000] {logging_mixin.py:137} INFO - [2022-12-14T18:05:17.539+0000] {dag.py:2585} INFO - Sync 1 DAGs
[2022-12-14T18:05:17.602+0000] {logging_mixin.py:137} INFO - [2022-12-14T18:05:17.601+0000] {dag.py:3340} INFO - Setting next_dagrun for example_short_circuit_decorator to 2022-12-13T18:05:17.601546+00:00, run_after=2022-12-14T18:05:17.601546+00:00
[2022-12-14T18:05:17.641+0000] {processor.py:176} INFO - Processing /home/airflow/.local/lib/python3.7/site-packages/airflow/example_dags/example_short_circuit_decorator.py took 0.220 seconds
[2022-12-14T18:05:47.822+0000] {processor.py:154} INFO - Started process (PID=725) to work on /home/airflow/.local/lib/python3.7/site-packages/airflow/example_dags/example_short_circuit_decorator.py
[2022-12-14T18:05:47.823+0000] {processor.py:756} INFO - Processing file /home/airflow/.local/lib/python3.7/site-packages/airflow/example_dags/example_short_circuit_decorator.py for tasks to queue
[2022-12-14T18:05:47.824+0000] {logging_mixin.py:137} INFO - [2022-12-14T18:05:47.824+0000] {dagbag.py:537} INFO - Filling up the DagBag from /home/airflow/.local/lib/python3.7/site-packages/airflow/example_dags/example_short_circuit_decorator.py
[2022-12-14T18:05:47.860+0000] {processor.py:766} INFO - DAG(s) dict_keys(['example_short_circuit_decorator']) retrieved from /home/airflow/.local/lib/python3.7/site-packages/airflow/example_dags/example_short_circuit_decorator.py
[2022-12-14T18:05:47.928+0000] {logging_mixin.py:137} INFO - [2022-12-14T18:05:47.928+0000] {dag.py:2585} INFO - Sync 1 DAGs
[2022-12-14T18:05:47.988+0000] {logging_mixin.py:137} INFO - [2022-12-14T18:05:47.988+0000] {dag.py:3340} INFO - Setting next_dagrun for example_short_circuit_decorator to 2022-12-13T18:05:47.988079+00:00, run_after=2022-12-14T18:05:47.988079+00:00
[2022-12-14T18:05:48.022+0000] {processor.py:176} INFO - Processing /home/airflow/.local/lib/python3.7/site-packages/airflow/example_dags/example_short_circuit_decorator.py took 0.206 seconds
[2022-12-14T18:06:18.126+0000] {processor.py:154} INFO - Started process (PID=789) to work on /home/airflow/.local/lib/python3.7/site-packages/airflow/example_dags/example_short_circuit_decorator.py
[2022-12-14T18:06:18.128+0000] {processor.py:756} INFO - Processing file /home/airflow/.local/lib/python3.7/site-packages/airflow/example_dags/example_short_circuit_decorator.py for tasks to queue
[2022-12-14T18:06:18.129+0000] {logging_mixin.py:137} INFO - [2022-12-14T18:06:18.129+0000] {dagbag.py:537} INFO - Filling up the DagBag from /home/airflow/.local/lib/python3.7/site-packages/airflow/example_dags/example_short_circuit_decorator.py
[2022-12-14T18:06:18.176+0000] {processor.py:766} INFO - DAG(s) dict_keys(['example_short_circuit_decorator']) retrieved from /home/airflow/.local/lib/python3.7/site-packages/airflow/example_dags/example_short_circuit_decorator.py
[2022-12-14T18:06:18.259+0000] {logging_mixin.py:137} INFO - [2022-12-14T18:06:18.259+0000] {dag.py:2585} INFO - Sync 1 DAGs
[2022-12-14T18:06:18.316+0000] {logging_mixin.py:137} INFO - [2022-12-14T18:06:18.316+0000] {dag.py:3340} INFO - Setting next_dagrun for example_short_circuit_decorator to 2022-12-13T18:06:18.315894+00:00, run_after=2022-12-14T18:06:18.315894+00:00
[2022-12-14T18:06:18.352+0000] {processor.py:176} INFO - Processing /home/airflow/.local/lib/python3.7/site-packages/airflow/example_dags/example_short_circuit_decorator.py took 0.231 seconds
