[2022-12-14T17:42:02.452+0000] {processor.py:154} INFO - Started process (PID=82) to work on /home/airflow/.local/lib/python3.7/site-packages/airflow/example_dags/tutorial.py
[2022-12-14T17:42:02.453+0000] {processor.py:756} INFO - Processing file /home/airflow/.local/lib/python3.7/site-packages/airflow/example_dags/tutorial.py for tasks to queue
[2022-12-14T17:42:02.455+0000] {logging_mixin.py:137} INFO - [2022-12-14T17:42:02.455+0000] {dagbag.py:537} INFO - Filling up the DagBag from /home/airflow/.local/lib/python3.7/site-packages/airflow/example_dags/tutorial.py
[2022-12-14T17:42:02.508+0000] {processor.py:766} INFO - DAG(s) dict_keys(['tutorial']) retrieved from /home/airflow/.local/lib/python3.7/site-packages/airflow/example_dags/tutorial.py
[2022-12-14T17:42:02.812+0000] {logging_mixin.py:137} INFO - [2022-12-14T17:42:02.812+0000] {dag.py:2585} INFO - Sync 1 DAGs
[2022-12-14T17:42:02.928+0000] {logging_mixin.py:137} INFO - [2022-12-14T17:42:02.927+0000] {dag.py:3340} INFO - Setting next_dagrun for tutorial to 2022-12-13T17:42:02.927518+00:00, run_after=2022-12-14T17:42:02.927518+00:00
[2022-12-14T17:42:03.102+0000] {processor.py:176} INFO - Processing /home/airflow/.local/lib/python3.7/site-packages/airflow/example_dags/tutorial.py took 0.741 seconds
[2022-12-14T17:42:33.493+0000] {processor.py:154} INFO - Started process (PID=136) to work on /home/airflow/.local/lib/python3.7/site-packages/airflow/example_dags/tutorial.py
[2022-12-14T17:42:33.501+0000] {processor.py:756} INFO - Processing file /home/airflow/.local/lib/python3.7/site-packages/airflow/example_dags/tutorial.py for tasks to queue
[2022-12-14T17:42:33.502+0000] {logging_mixin.py:137} INFO - [2022-12-14T17:42:33.501+0000] {dagbag.py:537} INFO - Filling up the DagBag from /home/airflow/.local/lib/python3.7/site-packages/airflow/example_dags/tutorial.py
[2022-12-14T17:42:33.523+0000] {processor.py:766} INFO - DAG(s) dict_keys(['tutorial']) retrieved from /home/airflow/.local/lib/python3.7/site-packages/airflow/example_dags/tutorial.py
[2022-12-14T17:42:33.587+0000] {logging_mixin.py:137} INFO - [2022-12-14T17:42:33.587+0000] {dag.py:2585} INFO - Sync 1 DAGs
[2022-12-14T17:42:33.633+0000] {logging_mixin.py:137} INFO - [2022-12-14T17:42:33.633+0000] {dag.py:3340} INFO - Setting next_dagrun for tutorial to 2022-12-13T17:42:33.632756+00:00, run_after=2022-12-14T17:42:33.632756+00:00
[2022-12-14T17:42:33.655+0000] {processor.py:176} INFO - Processing /home/airflow/.local/lib/python3.7/site-packages/airflow/example_dags/tutorial.py took 0.166 seconds
[2022-12-14T17:43:04.419+0000] {processor.py:154} INFO - Started process (PID=199) to work on /home/airflow/.local/lib/python3.7/site-packages/airflow/example_dags/tutorial.py
[2022-12-14T17:43:04.420+0000] {processor.py:756} INFO - Processing file /home/airflow/.local/lib/python3.7/site-packages/airflow/example_dags/tutorial.py for tasks to queue
[2022-12-14T17:43:04.421+0000] {logging_mixin.py:137} INFO - [2022-12-14T17:43:04.421+0000] {dagbag.py:537} INFO - Filling up the DagBag from /home/airflow/.local/lib/python3.7/site-packages/airflow/example_dags/tutorial.py
[2022-12-14T17:43:04.444+0000] {processor.py:766} INFO - DAG(s) dict_keys(['tutorial']) retrieved from /home/airflow/.local/lib/python3.7/site-packages/airflow/example_dags/tutorial.py
[2022-12-14T17:43:04.512+0000] {logging_mixin.py:137} INFO - [2022-12-14T17:43:04.512+0000] {dag.py:2585} INFO - Sync 1 DAGs
[2022-12-14T17:43:04.569+0000] {logging_mixin.py:137} INFO - [2022-12-14T17:43:04.569+0000] {dag.py:3340} INFO - Setting next_dagrun for tutorial to 2022-12-13T17:43:04.568978+00:00, run_after=2022-12-14T17:43:04.568978+00:00
[2022-12-14T17:43:04.608+0000] {processor.py:176} INFO - Processing /home/airflow/.local/lib/python3.7/site-packages/airflow/example_dags/tutorial.py took 0.196 seconds
[2022-12-14T17:43:34.773+0000] {processor.py:154} INFO - Started process (PID=255) to work on /home/airflow/.local/lib/python3.7/site-packages/airflow/example_dags/tutorial.py
[2022-12-14T17:43:34.808+0000] {processor.py:756} INFO - Processing file /home/airflow/.local/lib/python3.7/site-packages/airflow/example_dags/tutorial.py for tasks to queue
[2022-12-14T17:43:34.810+0000] {logging_mixin.py:137} INFO - [2022-12-14T17:43:34.809+0000] {dagbag.py:537} INFO - Filling up the DagBag from /home/airflow/.local/lib/python3.7/site-packages/airflow/example_dags/tutorial.py
[2022-12-14T17:43:34.834+0000] {processor.py:766} INFO - DAG(s) dict_keys(['tutorial']) retrieved from /home/airflow/.local/lib/python3.7/site-packages/airflow/example_dags/tutorial.py
[2022-12-14T17:43:34.901+0000] {logging_mixin.py:137} INFO - [2022-12-14T17:43:34.901+0000] {dag.py:2585} INFO - Sync 1 DAGs
[2022-12-14T17:43:34.955+0000] {logging_mixin.py:137} INFO - [2022-12-14T17:43:34.955+0000] {dag.py:3340} INFO - Setting next_dagrun for tutorial to 2022-12-13T17:43:34.954669+00:00, run_after=2022-12-14T17:43:34.954669+00:00
[2022-12-14T17:43:34.987+0000] {processor.py:176} INFO - Processing /home/airflow/.local/lib/python3.7/site-packages/airflow/example_dags/tutorial.py took 0.219 seconds
[2022-12-14T17:44:05.744+0000] {processor.py:154} INFO - Started process (PID=319) to work on /home/airflow/.local/lib/python3.7/site-packages/airflow/example_dags/tutorial.py
[2022-12-14T17:44:05.745+0000] {processor.py:756} INFO - Processing file /home/airflow/.local/lib/python3.7/site-packages/airflow/example_dags/tutorial.py for tasks to queue
[2022-12-14T17:44:05.746+0000] {logging_mixin.py:137} INFO - [2022-12-14T17:44:05.746+0000] {dagbag.py:537} INFO - Filling up the DagBag from /home/airflow/.local/lib/python3.7/site-packages/airflow/example_dags/tutorial.py
[2022-12-14T17:44:05.769+0000] {processor.py:766} INFO - DAG(s) dict_keys(['tutorial']) retrieved from /home/airflow/.local/lib/python3.7/site-packages/airflow/example_dags/tutorial.py
[2022-12-14T17:44:05.834+0000] {logging_mixin.py:137} INFO - [2022-12-14T17:44:05.834+0000] {dag.py:2585} INFO - Sync 1 DAGs
[2022-12-14T17:44:05.879+0000] {logging_mixin.py:137} INFO - [2022-12-14T17:44:05.879+0000] {dag.py:3340} INFO - Setting next_dagrun for tutorial to 2022-12-13T17:44:05.879154+00:00, run_after=2022-12-14T17:44:05.879154+00:00
[2022-12-14T17:44:05.908+0000] {processor.py:176} INFO - Processing /home/airflow/.local/lib/python3.7/site-packages/airflow/example_dags/tutorial.py took 0.169 seconds
[2022-12-14T17:44:36.261+0000] {processor.py:154} INFO - Started process (PID=373) to work on /home/airflow/.local/lib/python3.7/site-packages/airflow/example_dags/tutorial.py
[2022-12-14T17:44:36.263+0000] {processor.py:756} INFO - Processing file /home/airflow/.local/lib/python3.7/site-packages/airflow/example_dags/tutorial.py for tasks to queue
[2022-12-14T17:44:36.263+0000] {logging_mixin.py:137} INFO - [2022-12-14T17:44:36.263+0000] {dagbag.py:537} INFO - Filling up the DagBag from /home/airflow/.local/lib/python3.7/site-packages/airflow/example_dags/tutorial.py
[2022-12-14T17:44:36.285+0000] {processor.py:766} INFO - DAG(s) dict_keys(['tutorial']) retrieved from /home/airflow/.local/lib/python3.7/site-packages/airflow/example_dags/tutorial.py
[2022-12-14T17:44:36.349+0000] {logging_mixin.py:137} INFO - [2022-12-14T17:44:36.349+0000] {dag.py:2585} INFO - Sync 1 DAGs
[2022-12-14T17:44:36.395+0000] {logging_mixin.py:137} INFO - [2022-12-14T17:44:36.395+0000] {dag.py:3340} INFO - Setting next_dagrun for tutorial to 2022-12-13T17:44:36.395345+00:00, run_after=2022-12-14T17:44:36.395345+00:00
[2022-12-14T17:44:36.421+0000] {processor.py:176} INFO - Processing /home/airflow/.local/lib/python3.7/site-packages/airflow/example_dags/tutorial.py took 0.164 seconds
[2022-12-14T17:45:06.944+0000] {processor.py:154} INFO - Started process (PID=428) to work on /home/airflow/.local/lib/python3.7/site-packages/airflow/example_dags/tutorial.py
[2022-12-14T17:45:06.949+0000] {processor.py:756} INFO - Processing file /home/airflow/.local/lib/python3.7/site-packages/airflow/example_dags/tutorial.py for tasks to queue
[2022-12-14T17:45:06.950+0000] {logging_mixin.py:137} INFO - [2022-12-14T17:45:06.950+0000] {dagbag.py:537} INFO - Filling up the DagBag from /home/airflow/.local/lib/python3.7/site-packages/airflow/example_dags/tutorial.py
[2022-12-14T17:45:07.000+0000] {processor.py:766} INFO - DAG(s) dict_keys(['tutorial']) retrieved from /home/airflow/.local/lib/python3.7/site-packages/airflow/example_dags/tutorial.py
[2022-12-14T17:45:07.064+0000] {logging_mixin.py:137} INFO - [2022-12-14T17:45:07.064+0000] {dag.py:2585} INFO - Sync 1 DAGs
[2022-12-14T17:45:07.112+0000] {logging_mixin.py:137} INFO - [2022-12-14T17:45:07.111+0000] {dag.py:3340} INFO - Setting next_dagrun for tutorial to 2022-12-13T17:45:07.111612+00:00, run_after=2022-12-14T17:45:07.111612+00:00
[2022-12-14T17:45:07.191+0000] {processor.py:176} INFO - Processing /home/airflow/.local/lib/python3.7/site-packages/airflow/example_dags/tutorial.py took 0.257 seconds
[2022-12-14T17:45:37.402+0000] {processor.py:154} INFO - Started process (PID=491) to work on /home/airflow/.local/lib/python3.7/site-packages/airflow/example_dags/tutorial.py
[2022-12-14T17:45:37.403+0000] {processor.py:756} INFO - Processing file /home/airflow/.local/lib/python3.7/site-packages/airflow/example_dags/tutorial.py for tasks to queue
[2022-12-14T17:45:37.404+0000] {logging_mixin.py:137} INFO - [2022-12-14T17:45:37.404+0000] {dagbag.py:537} INFO - Filling up the DagBag from /home/airflow/.local/lib/python3.7/site-packages/airflow/example_dags/tutorial.py
[2022-12-14T17:45:37.424+0000] {processor.py:766} INFO - DAG(s) dict_keys(['tutorial']) retrieved from /home/airflow/.local/lib/python3.7/site-packages/airflow/example_dags/tutorial.py
[2022-12-14T17:45:37.484+0000] {logging_mixin.py:137} INFO - [2022-12-14T17:45:37.484+0000] {dag.py:2585} INFO - Sync 1 DAGs
[2022-12-14T17:45:37.549+0000] {logging_mixin.py:137} INFO - [2022-12-14T17:45:37.549+0000] {dag.py:3340} INFO - Setting next_dagrun for tutorial to 2022-12-13T17:45:37.549059+00:00, run_after=2022-12-14T17:45:37.549059+00:00
[2022-12-14T17:45:37.584+0000] {processor.py:176} INFO - Processing /home/airflow/.local/lib/python3.7/site-packages/airflow/example_dags/tutorial.py took 0.186 seconds
[2022-12-14T17:46:07.958+0000] {processor.py:154} INFO - Started process (PID=545) to work on /home/airflow/.local/lib/python3.7/site-packages/airflow/example_dags/tutorial.py
[2022-12-14T17:46:07.959+0000] {processor.py:756} INFO - Processing file /home/airflow/.local/lib/python3.7/site-packages/airflow/example_dags/tutorial.py for tasks to queue
[2022-12-14T17:46:07.960+0000] {logging_mixin.py:137} INFO - [2022-12-14T17:46:07.959+0000] {dagbag.py:537} INFO - Filling up the DagBag from /home/airflow/.local/lib/python3.7/site-packages/airflow/example_dags/tutorial.py
[2022-12-14T17:46:07.985+0000] {processor.py:766} INFO - DAG(s) dict_keys(['tutorial']) retrieved from /home/airflow/.local/lib/python3.7/site-packages/airflow/example_dags/tutorial.py
[2022-12-14T17:46:08.132+0000] {logging_mixin.py:137} INFO - [2022-12-14T17:46:08.131+0000] {dag.py:2585} INFO - Sync 1 DAGs
[2022-12-14T17:46:08.181+0000] {logging_mixin.py:137} INFO - [2022-12-14T17:46:08.181+0000] {dag.py:3340} INFO - Setting next_dagrun for tutorial to 2022-12-13T17:46:08.180967+00:00, run_after=2022-12-14T17:46:08.180967+00:00
[2022-12-14T17:46:08.219+0000] {processor.py:176} INFO - Processing /home/airflow/.local/lib/python3.7/site-packages/airflow/example_dags/tutorial.py took 0.266 seconds
[2022-12-14T17:46:38.539+0000] {processor.py:154} INFO - Started process (PID=607) to work on /home/airflow/.local/lib/python3.7/site-packages/airflow/example_dags/tutorial.py
[2022-12-14T17:46:38.540+0000] {processor.py:756} INFO - Processing file /home/airflow/.local/lib/python3.7/site-packages/airflow/example_dags/tutorial.py for tasks to queue
[2022-12-14T17:46:38.541+0000] {logging_mixin.py:137} INFO - [2022-12-14T17:46:38.541+0000] {dagbag.py:537} INFO - Filling up the DagBag from /home/airflow/.local/lib/python3.7/site-packages/airflow/example_dags/tutorial.py
[2022-12-14T17:46:38.563+0000] {processor.py:766} INFO - DAG(s) dict_keys(['tutorial']) retrieved from /home/airflow/.local/lib/python3.7/site-packages/airflow/example_dags/tutorial.py
[2022-12-14T17:46:38.631+0000] {logging_mixin.py:137} INFO - [2022-12-14T17:46:38.630+0000] {dag.py:2585} INFO - Sync 1 DAGs
[2022-12-14T17:46:38.686+0000] {logging_mixin.py:137} INFO - [2022-12-14T17:46:38.685+0000] {dag.py:3340} INFO - Setting next_dagrun for tutorial to 2022-12-13T17:46:38.685563+00:00, run_after=2022-12-14T17:46:38.685563+00:00
[2022-12-14T17:46:38.713+0000] {processor.py:176} INFO - Processing /home/airflow/.local/lib/python3.7/site-packages/airflow/example_dags/tutorial.py took 0.180 seconds
[2022-12-14T17:47:09.495+0000] {processor.py:154} INFO - Started process (PID=661) to work on /home/airflow/.local/lib/python3.7/site-packages/airflow/example_dags/tutorial.py
[2022-12-14T17:47:09.496+0000] {processor.py:756} INFO - Processing file /home/airflow/.local/lib/python3.7/site-packages/airflow/example_dags/tutorial.py for tasks to queue
[2022-12-14T17:47:09.497+0000] {logging_mixin.py:137} INFO - [2022-12-14T17:47:09.497+0000] {dagbag.py:537} INFO - Filling up the DagBag from /home/airflow/.local/lib/python3.7/site-packages/airflow/example_dags/tutorial.py
[2022-12-14T17:47:09.518+0000] {processor.py:766} INFO - DAG(s) dict_keys(['tutorial']) retrieved from /home/airflow/.local/lib/python3.7/site-packages/airflow/example_dags/tutorial.py
[2022-12-14T17:47:09.580+0000] {logging_mixin.py:137} INFO - [2022-12-14T17:47:09.579+0000] {dag.py:2585} INFO - Sync 1 DAGs
[2022-12-14T17:47:09.625+0000] {logging_mixin.py:137} INFO - [2022-12-14T17:47:09.625+0000] {dag.py:3340} INFO - Setting next_dagrun for tutorial to 2022-12-13T17:47:09.625234+00:00, run_after=2022-12-14T17:47:09.625234+00:00
[2022-12-14T17:47:09.653+0000] {processor.py:176} INFO - Processing /home/airflow/.local/lib/python3.7/site-packages/airflow/example_dags/tutorial.py took 0.163 seconds
[2022-12-14T17:47:39.831+0000] {processor.py:154} INFO - Started process (PID=715) to work on /home/airflow/.local/lib/python3.7/site-packages/airflow/example_dags/tutorial.py
[2022-12-14T17:47:39.832+0000] {processor.py:756} INFO - Processing file /home/airflow/.local/lib/python3.7/site-packages/airflow/example_dags/tutorial.py for tasks to queue
[2022-12-14T17:47:39.833+0000] {logging_mixin.py:137} INFO - [2022-12-14T17:47:39.833+0000] {dagbag.py:537} INFO - Filling up the DagBag from /home/airflow/.local/lib/python3.7/site-packages/airflow/example_dags/tutorial.py
[2022-12-14T17:47:39.855+0000] {processor.py:766} INFO - DAG(s) dict_keys(['tutorial']) retrieved from /home/airflow/.local/lib/python3.7/site-packages/airflow/example_dags/tutorial.py
[2022-12-14T17:47:39.921+0000] {logging_mixin.py:137} INFO - [2022-12-14T17:47:39.921+0000] {dag.py:2585} INFO - Sync 1 DAGs
[2022-12-14T17:47:39.973+0000] {logging_mixin.py:137} INFO - [2022-12-14T17:47:39.973+0000] {dag.py:3340} INFO - Setting next_dagrun for tutorial to 2022-12-13T17:47:39.972902+00:00, run_after=2022-12-14T17:47:39.972902+00:00
[2022-12-14T17:47:40.007+0000] {processor.py:176} INFO - Processing /home/airflow/.local/lib/python3.7/site-packages/airflow/example_dags/tutorial.py took 0.180 seconds
[2022-12-14T17:48:10.373+0000] {processor.py:154} INFO - Started process (PID=777) to work on /home/airflow/.local/lib/python3.7/site-packages/airflow/example_dags/tutorial.py
[2022-12-14T17:48:10.374+0000] {processor.py:756} INFO - Processing file /home/airflow/.local/lib/python3.7/site-packages/airflow/example_dags/tutorial.py for tasks to queue
[2022-12-14T17:48:10.375+0000] {logging_mixin.py:137} INFO - [2022-12-14T17:48:10.375+0000] {dagbag.py:537} INFO - Filling up the DagBag from /home/airflow/.local/lib/python3.7/site-packages/airflow/example_dags/tutorial.py
[2022-12-14T17:48:10.397+0000] {processor.py:766} INFO - DAG(s) dict_keys(['tutorial']) retrieved from /home/airflow/.local/lib/python3.7/site-packages/airflow/example_dags/tutorial.py
[2022-12-14T17:48:10.463+0000] {logging_mixin.py:137} INFO - [2022-12-14T17:48:10.463+0000] {dag.py:2585} INFO - Sync 1 DAGs
[2022-12-14T17:48:10.517+0000] {logging_mixin.py:137} INFO - [2022-12-14T17:48:10.517+0000] {dag.py:3340} INFO - Setting next_dagrun for tutorial to 2022-12-13T17:48:10.517316+00:00, run_after=2022-12-14T17:48:10.517316+00:00
[2022-12-14T17:48:10.545+0000] {processor.py:176} INFO - Processing /home/airflow/.local/lib/python3.7/site-packages/airflow/example_dags/tutorial.py took 0.179 seconds
[2022-12-14T17:48:40.768+0000] {processor.py:154} INFO - Started process (PID=832) to work on /home/airflow/.local/lib/python3.7/site-packages/airflow/example_dags/tutorial.py
[2022-12-14T17:48:40.769+0000] {processor.py:756} INFO - Processing file /home/airflow/.local/lib/python3.7/site-packages/airflow/example_dags/tutorial.py for tasks to queue
[2022-12-14T17:48:40.770+0000] {logging_mixin.py:137} INFO - [2022-12-14T17:48:40.770+0000] {dagbag.py:537} INFO - Filling up the DagBag from /home/airflow/.local/lib/python3.7/site-packages/airflow/example_dags/tutorial.py
[2022-12-14T17:48:40.791+0000] {processor.py:766} INFO - DAG(s) dict_keys(['tutorial']) retrieved from /home/airflow/.local/lib/python3.7/site-packages/airflow/example_dags/tutorial.py
[2022-12-14T17:48:40.861+0000] {logging_mixin.py:137} INFO - [2022-12-14T17:48:40.861+0000] {dag.py:2585} INFO - Sync 1 DAGs
[2022-12-14T17:48:40.903+0000] {logging_mixin.py:137} INFO - [2022-12-14T17:48:40.903+0000] {dag.py:3340} INFO - Setting next_dagrun for tutorial to 2022-12-13T17:48:40.903179+00:00, run_after=2022-12-14T17:48:40.903179+00:00
[2022-12-14T17:48:40.929+0000] {processor.py:176} INFO - Processing /home/airflow/.local/lib/python3.7/site-packages/airflow/example_dags/tutorial.py took 0.166 seconds
[2022-12-14T17:49:11.054+0000] {processor.py:154} INFO - Started process (PID=887) to work on /home/airflow/.local/lib/python3.7/site-packages/airflow/example_dags/tutorial.py
[2022-12-14T17:49:11.055+0000] {processor.py:756} INFO - Processing file /home/airflow/.local/lib/python3.7/site-packages/airflow/example_dags/tutorial.py for tasks to queue
[2022-12-14T17:49:11.056+0000] {logging_mixin.py:137} INFO - [2022-12-14T17:49:11.056+0000] {dagbag.py:537} INFO - Filling up the DagBag from /home/airflow/.local/lib/python3.7/site-packages/airflow/example_dags/tutorial.py
[2022-12-14T17:49:11.075+0000] {processor.py:766} INFO - DAG(s) dict_keys(['tutorial']) retrieved from /home/airflow/.local/lib/python3.7/site-packages/airflow/example_dags/tutorial.py
[2022-12-14T17:49:11.139+0000] {logging_mixin.py:137} INFO - [2022-12-14T17:49:11.139+0000] {dag.py:2585} INFO - Sync 1 DAGs
[2022-12-14T17:49:11.189+0000] {logging_mixin.py:137} INFO - [2022-12-14T17:49:11.189+0000] {dag.py:3340} INFO - Setting next_dagrun for tutorial to 2022-12-13T17:49:11.188891+00:00, run_after=2022-12-14T17:49:11.188891+00:00
[2022-12-14T17:49:11.236+0000] {processor.py:176} INFO - Processing /home/airflow/.local/lib/python3.7/site-packages/airflow/example_dags/tutorial.py took 0.186 seconds
[2022-12-14T17:49:41.417+0000] {processor.py:154} INFO - Started process (PID=951) to work on /home/airflow/.local/lib/python3.7/site-packages/airflow/example_dags/tutorial.py
[2022-12-14T17:49:41.418+0000] {processor.py:756} INFO - Processing file /home/airflow/.local/lib/python3.7/site-packages/airflow/example_dags/tutorial.py for tasks to queue
[2022-12-14T17:49:41.419+0000] {logging_mixin.py:137} INFO - [2022-12-14T17:49:41.419+0000] {dagbag.py:537} INFO - Filling up the DagBag from /home/airflow/.local/lib/python3.7/site-packages/airflow/example_dags/tutorial.py
[2022-12-14T17:49:41.440+0000] {processor.py:766} INFO - DAG(s) dict_keys(['tutorial']) retrieved from /home/airflow/.local/lib/python3.7/site-packages/airflow/example_dags/tutorial.py
[2022-12-14T17:49:41.502+0000] {logging_mixin.py:137} INFO - [2022-12-14T17:49:41.502+0000] {dag.py:2585} INFO - Sync 1 DAGs
[2022-12-14T17:49:41.549+0000] {logging_mixin.py:137} INFO - [2022-12-14T17:49:41.549+0000] {dag.py:3340} INFO - Setting next_dagrun for tutorial to 2022-12-13T17:49:41.548906+00:00, run_after=2022-12-14T17:49:41.548906+00:00
[2022-12-14T17:49:41.581+0000] {processor.py:176} INFO - Processing /home/airflow/.local/lib/python3.7/site-packages/airflow/example_dags/tutorial.py took 0.168 seconds
[2022-12-14T17:50:12.654+0000] {processor.py:154} INFO - Started process (PID=1005) to work on /home/airflow/.local/lib/python3.7/site-packages/airflow/example_dags/tutorial.py
[2022-12-14T17:50:12.655+0000] {processor.py:756} INFO - Processing file /home/airflow/.local/lib/python3.7/site-packages/airflow/example_dags/tutorial.py for tasks to queue
[2022-12-14T17:50:12.656+0000] {logging_mixin.py:137} INFO - [2022-12-14T17:50:12.656+0000] {dagbag.py:537} INFO - Filling up the DagBag from /home/airflow/.local/lib/python3.7/site-packages/airflow/example_dags/tutorial.py
[2022-12-14T17:50:12.679+0000] {processor.py:766} INFO - DAG(s) dict_keys(['tutorial']) retrieved from /home/airflow/.local/lib/python3.7/site-packages/airflow/example_dags/tutorial.py
[2022-12-14T17:50:12.757+0000] {logging_mixin.py:137} INFO - [2022-12-14T17:50:12.756+0000] {dag.py:2585} INFO - Sync 1 DAGs
[2022-12-14T17:50:12.813+0000] {logging_mixin.py:137} INFO - [2022-12-14T17:50:12.813+0000] {dag.py:3340} INFO - Setting next_dagrun for tutorial to 2022-12-13T17:50:12.812953+00:00, run_after=2022-12-14T17:50:12.812953+00:00
[2022-12-14T17:50:12.848+0000] {processor.py:176} INFO - Processing /home/airflow/.local/lib/python3.7/site-packages/airflow/example_dags/tutorial.py took 0.200 seconds
[2022-12-14T17:50:43.654+0000] {processor.py:154} INFO - Started process (PID=1060) to work on /home/airflow/.local/lib/python3.7/site-packages/airflow/example_dags/tutorial.py
[2022-12-14T17:50:43.654+0000] {processor.py:756} INFO - Processing file /home/airflow/.local/lib/python3.7/site-packages/airflow/example_dags/tutorial.py for tasks to queue
[2022-12-14T17:50:43.655+0000] {logging_mixin.py:137} INFO - [2022-12-14T17:50:43.655+0000] {dagbag.py:537} INFO - Filling up the DagBag from /home/airflow/.local/lib/python3.7/site-packages/airflow/example_dags/tutorial.py
[2022-12-14T17:50:43.677+0000] {processor.py:766} INFO - DAG(s) dict_keys(['tutorial']) retrieved from /home/airflow/.local/lib/python3.7/site-packages/airflow/example_dags/tutorial.py
[2022-12-14T17:50:43.785+0000] {logging_mixin.py:137} INFO - [2022-12-14T17:50:43.785+0000] {dag.py:2585} INFO - Sync 1 DAGs
[2022-12-14T17:50:43.852+0000] {logging_mixin.py:137} INFO - [2022-12-14T17:50:43.852+0000] {dag.py:3340} INFO - Setting next_dagrun for tutorial to 2022-12-13T17:50:43.851831+00:00, run_after=2022-12-14T17:50:43.851831+00:00
[2022-12-14T17:50:43.884+0000] {processor.py:176} INFO - Processing /home/airflow/.local/lib/python3.7/site-packages/airflow/example_dags/tutorial.py took 0.235 seconds
[2022-12-14T17:51:15.018+0000] {processor.py:154} INFO - Started process (PID=1125) to work on /home/airflow/.local/lib/python3.7/site-packages/airflow/example_dags/tutorial.py
[2022-12-14T17:51:15.026+0000] {processor.py:756} INFO - Processing file /home/airflow/.local/lib/python3.7/site-packages/airflow/example_dags/tutorial.py for tasks to queue
[2022-12-14T17:51:15.028+0000] {logging_mixin.py:137} INFO - [2022-12-14T17:51:15.028+0000] {dagbag.py:537} INFO - Filling up the DagBag from /home/airflow/.local/lib/python3.7/site-packages/airflow/example_dags/tutorial.py
[2022-12-14T17:51:15.080+0000] {processor.py:766} INFO - DAG(s) dict_keys(['tutorial']) retrieved from /home/airflow/.local/lib/python3.7/site-packages/airflow/example_dags/tutorial.py
[2022-12-14T17:51:15.248+0000] {logging_mixin.py:137} INFO - [2022-12-14T17:51:15.248+0000] {dag.py:2585} INFO - Sync 1 DAGs
[2022-12-14T17:51:15.354+0000] {logging_mixin.py:137} INFO - [2022-12-14T17:51:15.353+0000] {dag.py:3340} INFO - Setting next_dagrun for tutorial to 2022-12-13T17:51:15.353107+00:00, run_after=2022-12-14T17:51:15.353107+00:00
[2022-12-14T17:51:15.493+0000] {processor.py:176} INFO - Processing /home/airflow/.local/lib/python3.7/site-packages/airflow/example_dags/tutorial.py took 0.483 seconds
[2022-12-14T17:51:45.850+0000] {processor.py:154} INFO - Started process (PID=1179) to work on /home/airflow/.local/lib/python3.7/site-packages/airflow/example_dags/tutorial.py
[2022-12-14T17:51:45.851+0000] {processor.py:756} INFO - Processing file /home/airflow/.local/lib/python3.7/site-packages/airflow/example_dags/tutorial.py for tasks to queue
[2022-12-14T17:51:45.852+0000] {logging_mixin.py:137} INFO - [2022-12-14T17:51:45.851+0000] {dagbag.py:537} INFO - Filling up the DagBag from /home/airflow/.local/lib/python3.7/site-packages/airflow/example_dags/tutorial.py
[2022-12-14T17:51:45.875+0000] {processor.py:766} INFO - DAG(s) dict_keys(['tutorial']) retrieved from /home/airflow/.local/lib/python3.7/site-packages/airflow/example_dags/tutorial.py
[2022-12-14T17:51:45.943+0000] {logging_mixin.py:137} INFO - [2022-12-14T17:51:45.942+0000] {dag.py:2585} INFO - Sync 1 DAGs
[2022-12-14T17:51:45.997+0000] {logging_mixin.py:137} INFO - [2022-12-14T17:51:45.997+0000] {dag.py:3340} INFO - Setting next_dagrun for tutorial to 2022-12-13T17:51:45.997194+00:00, run_after=2022-12-14T17:51:45.997194+00:00
[2022-12-14T17:51:46.031+0000] {processor.py:176} INFO - Processing /home/airflow/.local/lib/python3.7/site-packages/airflow/example_dags/tutorial.py took 0.186 seconds
[2022-12-14T17:52:17.119+0000] {processor.py:154} INFO - Started process (PID=1234) to work on /home/airflow/.local/lib/python3.7/site-packages/airflow/example_dags/tutorial.py
[2022-12-14T17:52:17.123+0000] {processor.py:756} INFO - Processing file /home/airflow/.local/lib/python3.7/site-packages/airflow/example_dags/tutorial.py for tasks to queue
[2022-12-14T17:52:17.125+0000] {logging_mixin.py:137} INFO - [2022-12-14T17:52:17.124+0000] {dagbag.py:537} INFO - Filling up the DagBag from /home/airflow/.local/lib/python3.7/site-packages/airflow/example_dags/tutorial.py
[2022-12-14T17:52:17.167+0000] {processor.py:766} INFO - DAG(s) dict_keys(['tutorial']) retrieved from /home/airflow/.local/lib/python3.7/site-packages/airflow/example_dags/tutorial.py
[2022-12-14T17:52:17.276+0000] {logging_mixin.py:137} INFO - [2022-12-14T17:52:17.276+0000] {dag.py:2585} INFO - Sync 1 DAGs
[2022-12-14T17:52:17.341+0000] {logging_mixin.py:137} INFO - [2022-12-14T17:52:17.341+0000] {dag.py:3340} INFO - Setting next_dagrun for tutorial to 2022-12-13T17:52:17.340933+00:00, run_after=2022-12-14T17:52:17.340933+00:00
[2022-12-14T17:52:17.387+0000] {processor.py:176} INFO - Processing /home/airflow/.local/lib/python3.7/site-packages/airflow/example_dags/tutorial.py took 0.274 seconds
[2022-12-14T17:52:47.547+0000] {processor.py:154} INFO - Started process (PID=1288) to work on /home/airflow/.local/lib/python3.7/site-packages/airflow/example_dags/tutorial.py
[2022-12-14T17:52:47.548+0000] {processor.py:756} INFO - Processing file /home/airflow/.local/lib/python3.7/site-packages/airflow/example_dags/tutorial.py for tasks to queue
[2022-12-14T17:52:47.550+0000] {logging_mixin.py:137} INFO - [2022-12-14T17:52:47.550+0000] {dagbag.py:537} INFO - Filling up the DagBag from /home/airflow/.local/lib/python3.7/site-packages/airflow/example_dags/tutorial.py
[2022-12-14T17:52:47.576+0000] {processor.py:766} INFO - DAG(s) dict_keys(['tutorial']) retrieved from /home/airflow/.local/lib/python3.7/site-packages/airflow/example_dags/tutorial.py
[2022-12-14T17:52:47.651+0000] {logging_mixin.py:137} INFO - [2022-12-14T17:52:47.650+0000] {dag.py:2585} INFO - Sync 1 DAGs
[2022-12-14T17:52:47.718+0000] {logging_mixin.py:137} INFO - [2022-12-14T17:52:47.718+0000] {dag.py:3340} INFO - Setting next_dagrun for tutorial to 2022-12-13T17:52:47.718204+00:00, run_after=2022-12-14T17:52:47.718204+00:00
[2022-12-14T17:52:47.781+0000] {processor.py:176} INFO - Processing /home/airflow/.local/lib/python3.7/site-packages/airflow/example_dags/tutorial.py took 0.240 seconds
[2022-12-14T17:53:17.854+0000] {processor.py:154} INFO - Started process (PID=1341) to work on /home/airflow/.local/lib/python3.7/site-packages/airflow/example_dags/tutorial.py
[2022-12-14T17:53:17.855+0000] {processor.py:756} INFO - Processing file /home/airflow/.local/lib/python3.7/site-packages/airflow/example_dags/tutorial.py for tasks to queue
[2022-12-14T17:53:17.856+0000] {logging_mixin.py:137} INFO - [2022-12-14T17:53:17.856+0000] {dagbag.py:537} INFO - Filling up the DagBag from /home/airflow/.local/lib/python3.7/site-packages/airflow/example_dags/tutorial.py
[2022-12-14T17:53:17.878+0000] {processor.py:766} INFO - DAG(s) dict_keys(['tutorial']) retrieved from /home/airflow/.local/lib/python3.7/site-packages/airflow/example_dags/tutorial.py
[2022-12-14T17:53:17.939+0000] {logging_mixin.py:137} INFO - [2022-12-14T17:53:17.939+0000] {dag.py:2585} INFO - Sync 1 DAGs
[2022-12-14T17:53:17.984+0000] {logging_mixin.py:137} INFO - [2022-12-14T17:53:17.984+0000] {dag.py:3340} INFO - Setting next_dagrun for tutorial to 2022-12-13T17:53:17.983873+00:00, run_after=2022-12-14T17:53:17.983873+00:00
[2022-12-14T17:53:18.011+0000] {processor.py:176} INFO - Processing /home/airflow/.local/lib/python3.7/site-packages/airflow/example_dags/tutorial.py took 0.162 seconds
[2022-12-14T17:53:48.795+0000] {processor.py:154} INFO - Started process (PID=1396) to work on /home/airflow/.local/lib/python3.7/site-packages/airflow/example_dags/tutorial.py
[2022-12-14T17:53:48.797+0000] {processor.py:756} INFO - Processing file /home/airflow/.local/lib/python3.7/site-packages/airflow/example_dags/tutorial.py for tasks to queue
[2022-12-14T17:53:48.798+0000] {logging_mixin.py:137} INFO - [2022-12-14T17:53:48.797+0000] {dagbag.py:537} INFO - Filling up the DagBag from /home/airflow/.local/lib/python3.7/site-packages/airflow/example_dags/tutorial.py
[2022-12-14T17:53:48.822+0000] {processor.py:766} INFO - DAG(s) dict_keys(['tutorial']) retrieved from /home/airflow/.local/lib/python3.7/site-packages/airflow/example_dags/tutorial.py
[2022-12-14T17:53:48.900+0000] {logging_mixin.py:137} INFO - [2022-12-14T17:53:48.899+0000] {dag.py:2585} INFO - Sync 1 DAGs
[2022-12-14T17:53:48.958+0000] {logging_mixin.py:137} INFO - [2022-12-14T17:53:48.958+0000] {dag.py:3340} INFO - Setting next_dagrun for tutorial to 2022-12-13T17:53:48.957996+00:00, run_after=2022-12-14T17:53:48.957996+00:00
[2022-12-14T17:53:48.996+0000] {processor.py:176} INFO - Processing /home/airflow/.local/lib/python3.7/site-packages/airflow/example_dags/tutorial.py took 0.206 seconds
[2022-12-14T17:54:19.722+0000] {processor.py:154} INFO - Started process (PID=1457) to work on /home/airflow/.local/lib/python3.7/site-packages/airflow/example_dags/tutorial.py
[2022-12-14T17:54:19.723+0000] {processor.py:756} INFO - Processing file /home/airflow/.local/lib/python3.7/site-packages/airflow/example_dags/tutorial.py for tasks to queue
[2022-12-14T17:54:19.724+0000] {logging_mixin.py:137} INFO - [2022-12-14T17:54:19.724+0000] {dagbag.py:537} INFO - Filling up the DagBag from /home/airflow/.local/lib/python3.7/site-packages/airflow/example_dags/tutorial.py
[2022-12-14T17:54:19.795+0000] {processor.py:766} INFO - DAG(s) dict_keys(['tutorial']) retrieved from /home/airflow/.local/lib/python3.7/site-packages/airflow/example_dags/tutorial.py
[2022-12-14T17:54:19.939+0000] {logging_mixin.py:137} INFO - [2022-12-14T17:54:19.939+0000] {dag.py:2585} INFO - Sync 1 DAGs
[2022-12-14T17:54:20.050+0000] {logging_mixin.py:137} INFO - [2022-12-14T17:54:20.050+0000] {dag.py:3340} INFO - Setting next_dagrun for tutorial to 2022-12-13T17:54:20.049807+00:00, run_after=2022-12-14T17:54:20.049807+00:00
[2022-12-14T17:54:20.151+0000] {processor.py:176} INFO - Processing /home/airflow/.local/lib/python3.7/site-packages/airflow/example_dags/tutorial.py took 0.435 seconds
[2022-12-14T17:54:50.333+0000] {processor.py:154} INFO - Started process (PID=1513) to work on /home/airflow/.local/lib/python3.7/site-packages/airflow/example_dags/tutorial.py
[2022-12-14T17:54:50.347+0000] {processor.py:756} INFO - Processing file /home/airflow/.local/lib/python3.7/site-packages/airflow/example_dags/tutorial.py for tasks to queue
[2022-12-14T17:54:50.348+0000] {logging_mixin.py:137} INFO - [2022-12-14T17:54:50.347+0000] {dagbag.py:537} INFO - Filling up the DagBag from /home/airflow/.local/lib/python3.7/site-packages/airflow/example_dags/tutorial.py
[2022-12-14T17:54:50.398+0000] {processor.py:766} INFO - DAG(s) dict_keys(['tutorial']) retrieved from /home/airflow/.local/lib/python3.7/site-packages/airflow/example_dags/tutorial.py
[2022-12-14T17:54:50.519+0000] {logging_mixin.py:137} INFO - [2022-12-14T17:54:50.518+0000] {dag.py:2585} INFO - Sync 1 DAGs
[2022-12-14T17:54:50.580+0000] {logging_mixin.py:137} INFO - [2022-12-14T17:54:50.580+0000] {dag.py:3340} INFO - Setting next_dagrun for tutorial to 2022-12-13T17:54:50.580101+00:00, run_after=2022-12-14T17:54:50.580101+00:00
[2022-12-14T17:54:50.631+0000] {processor.py:176} INFO - Processing /home/airflow/.local/lib/python3.7/site-packages/airflow/example_dags/tutorial.py took 0.320 seconds
[2022-12-14T17:55:20.906+0000] {processor.py:154} INFO - Started process (PID=1566) to work on /home/airflow/.local/lib/python3.7/site-packages/airflow/example_dags/tutorial.py
[2022-12-14T17:55:20.907+0000] {processor.py:756} INFO - Processing file /home/airflow/.local/lib/python3.7/site-packages/airflow/example_dags/tutorial.py for tasks to queue
[2022-12-14T17:55:20.908+0000] {logging_mixin.py:137} INFO - [2022-12-14T17:55:20.908+0000] {dagbag.py:537} INFO - Filling up the DagBag from /home/airflow/.local/lib/python3.7/site-packages/airflow/example_dags/tutorial.py
[2022-12-14T17:55:20.930+0000] {processor.py:766} INFO - DAG(s) dict_keys(['tutorial']) retrieved from /home/airflow/.local/lib/python3.7/site-packages/airflow/example_dags/tutorial.py
[2022-12-14T17:55:21.008+0000] {logging_mixin.py:137} INFO - [2022-12-14T17:55:21.008+0000] {dag.py:2585} INFO - Sync 1 DAGs
[2022-12-14T17:55:21.064+0000] {logging_mixin.py:137} INFO - [2022-12-14T17:55:21.064+0000] {dag.py:3340} INFO - Setting next_dagrun for tutorial to 2022-12-13T17:55:21.064173+00:00, run_after=2022-12-14T17:55:21.064173+00:00
[2022-12-14T17:55:21.102+0000] {processor.py:176} INFO - Processing /home/airflow/.local/lib/python3.7/site-packages/airflow/example_dags/tutorial.py took 0.200 seconds
[2022-12-14T17:55:51.333+0000] {processor.py:154} INFO - Started process (PID=1619) to work on /home/airflow/.local/lib/python3.7/site-packages/airflow/example_dags/tutorial.py
[2022-12-14T17:55:51.334+0000] {processor.py:756} INFO - Processing file /home/airflow/.local/lib/python3.7/site-packages/airflow/example_dags/tutorial.py for tasks to queue
[2022-12-14T17:55:51.335+0000] {logging_mixin.py:137} INFO - [2022-12-14T17:55:51.334+0000] {dagbag.py:537} INFO - Filling up the DagBag from /home/airflow/.local/lib/python3.7/site-packages/airflow/example_dags/tutorial.py
[2022-12-14T17:55:51.356+0000] {processor.py:766} INFO - DAG(s) dict_keys(['tutorial']) retrieved from /home/airflow/.local/lib/python3.7/site-packages/airflow/example_dags/tutorial.py
[2022-12-14T17:55:51.428+0000] {logging_mixin.py:137} INFO - [2022-12-14T17:55:51.427+0000] {dag.py:2585} INFO - Sync 1 DAGs
[2022-12-14T17:55:51.474+0000] {logging_mixin.py:137} INFO - [2022-12-14T17:55:51.474+0000] {dag.py:3340} INFO - Setting next_dagrun for tutorial to 2022-12-13T17:55:51.473870+00:00, run_after=2022-12-14T17:55:51.473870+00:00
[2022-12-14T17:55:51.508+0000] {processor.py:176} INFO - Processing /home/airflow/.local/lib/python3.7/site-packages/airflow/example_dags/tutorial.py took 0.180 seconds
[2022-12-14T17:56:21.742+0000] {processor.py:154} INFO - Started process (PID=1672) to work on /home/airflow/.local/lib/python3.7/site-packages/airflow/example_dags/tutorial.py
[2022-12-14T17:56:21.744+0000] {processor.py:756} INFO - Processing file /home/airflow/.local/lib/python3.7/site-packages/airflow/example_dags/tutorial.py for tasks to queue
[2022-12-14T17:56:21.744+0000] {logging_mixin.py:137} INFO - [2022-12-14T17:56:21.744+0000] {dagbag.py:537} INFO - Filling up the DagBag from /home/airflow/.local/lib/python3.7/site-packages/airflow/example_dags/tutorial.py
[2022-12-14T17:56:21.768+0000] {processor.py:766} INFO - DAG(s) dict_keys(['tutorial']) retrieved from /home/airflow/.local/lib/python3.7/site-packages/airflow/example_dags/tutorial.py
[2022-12-14T17:56:21.860+0000] {logging_mixin.py:137} INFO - [2022-12-14T17:56:21.860+0000] {dag.py:2585} INFO - Sync 1 DAGs
[2022-12-14T17:56:21.915+0000] {logging_mixin.py:137} INFO - [2022-12-14T17:56:21.915+0000] {dag.py:3340} INFO - Setting next_dagrun for tutorial to 2022-12-13T17:56:21.915208+00:00, run_after=2022-12-14T17:56:21.915208+00:00
[2022-12-14T17:56:21.948+0000] {processor.py:176} INFO - Processing /home/airflow/.local/lib/python3.7/site-packages/airflow/example_dags/tutorial.py took 0.215 seconds
[2022-12-14T18:00:05.009+0000] {processor.py:154} INFO - Started process (PID=82) to work on /home/airflow/.local/lib/python3.7/site-packages/airflow/example_dags/tutorial.py
[2022-12-14T18:00:05.015+0000] {processor.py:756} INFO - Processing file /home/airflow/.local/lib/python3.7/site-packages/airflow/example_dags/tutorial.py for tasks to queue
[2022-12-14T18:00:05.016+0000] {logging_mixin.py:137} INFO - [2022-12-14T18:00:05.016+0000] {dagbag.py:537} INFO - Filling up the DagBag from /home/airflow/.local/lib/python3.7/site-packages/airflow/example_dags/tutorial.py
[2022-12-14T18:00:05.114+0000] {processor.py:766} INFO - DAG(s) dict_keys(['tutorial']) retrieved from /home/airflow/.local/lib/python3.7/site-packages/airflow/example_dags/tutorial.py
[2022-12-14T18:00:05.300+0000] {logging_mixin.py:137} INFO - [2022-12-14T18:00:05.300+0000] {dag.py:2585} INFO - Sync 1 DAGs
[2022-12-14T18:00:05.500+0000] {logging_mixin.py:137} INFO - [2022-12-14T18:00:05.500+0000] {dag.py:3340} INFO - Setting next_dagrun for tutorial to 2022-12-13T18:00:05.499972+00:00, run_after=2022-12-14T18:00:05.499972+00:00
[2022-12-14T18:00:05.620+0000] {processor.py:176} INFO - Processing /home/airflow/.local/lib/python3.7/site-packages/airflow/example_dags/tutorial.py took 0.636 seconds
[2022-12-14T18:00:36.264+0000] {processor.py:154} INFO - Started process (PID=136) to work on /home/airflow/.local/lib/python3.7/site-packages/airflow/example_dags/tutorial.py
[2022-12-14T18:00:36.265+0000] {processor.py:756} INFO - Processing file /home/airflow/.local/lib/python3.7/site-packages/airflow/example_dags/tutorial.py for tasks to queue
[2022-12-14T18:00:36.266+0000] {logging_mixin.py:137} INFO - [2022-12-14T18:00:36.266+0000] {dagbag.py:537} INFO - Filling up the DagBag from /home/airflow/.local/lib/python3.7/site-packages/airflow/example_dags/tutorial.py
[2022-12-14T18:00:36.288+0000] {processor.py:766} INFO - DAG(s) dict_keys(['tutorial']) retrieved from /home/airflow/.local/lib/python3.7/site-packages/airflow/example_dags/tutorial.py
[2022-12-14T18:00:36.438+0000] {logging_mixin.py:137} INFO - [2022-12-14T18:00:36.438+0000] {dag.py:2585} INFO - Sync 1 DAGs
[2022-12-14T18:00:36.490+0000] {logging_mixin.py:137} INFO - [2022-12-14T18:00:36.489+0000] {dag.py:3340} INFO - Setting next_dagrun for tutorial to 2022-12-13T18:00:36.489553+00:00, run_after=2022-12-14T18:00:36.489553+00:00
[2022-12-14T18:00:36.534+0000] {processor.py:176} INFO - Processing /home/airflow/.local/lib/python3.7/site-packages/airflow/example_dags/tutorial.py took 0.274 seconds
[2022-12-14T18:01:07.062+0000] {processor.py:154} INFO - Started process (PID=201) to work on /home/airflow/.local/lib/python3.7/site-packages/airflow/example_dags/tutorial.py
[2022-12-14T18:01:07.093+0000] {processor.py:756} INFO - Processing file /home/airflow/.local/lib/python3.7/site-packages/airflow/example_dags/tutorial.py for tasks to queue
[2022-12-14T18:01:07.094+0000] {logging_mixin.py:137} INFO - [2022-12-14T18:01:07.094+0000] {dagbag.py:537} INFO - Filling up the DagBag from /home/airflow/.local/lib/python3.7/site-packages/airflow/example_dags/tutorial.py
[2022-12-14T18:01:07.125+0000] {processor.py:766} INFO - DAG(s) dict_keys(['tutorial']) retrieved from /home/airflow/.local/lib/python3.7/site-packages/airflow/example_dags/tutorial.py
[2022-12-14T18:01:07.280+0000] {logging_mixin.py:137} INFO - [2022-12-14T18:01:07.279+0000] {dag.py:2585} INFO - Sync 1 DAGs
[2022-12-14T18:01:07.450+0000] {logging_mixin.py:137} INFO - [2022-12-14T18:01:07.450+0000] {dag.py:3340} INFO - Setting next_dagrun for tutorial to 2022-12-13T18:01:07.449989+00:00, run_after=2022-12-14T18:01:07.449989+00:00
[2022-12-14T18:01:07.561+0000] {processor.py:176} INFO - Processing /home/airflow/.local/lib/python3.7/site-packages/airflow/example_dags/tutorial.py took 0.504 seconds
[2022-12-14T18:01:37.630+0000] {processor.py:154} INFO - Started process (PID=255) to work on /home/airflow/.local/lib/python3.7/site-packages/airflow/example_dags/tutorial.py
[2022-12-14T18:01:37.631+0000] {processor.py:756} INFO - Processing file /home/airflow/.local/lib/python3.7/site-packages/airflow/example_dags/tutorial.py for tasks to queue
[2022-12-14T18:01:37.632+0000] {logging_mixin.py:137} INFO - [2022-12-14T18:01:37.632+0000] {dagbag.py:537} INFO - Filling up the DagBag from /home/airflow/.local/lib/python3.7/site-packages/airflow/example_dags/tutorial.py
[2022-12-14T18:01:37.660+0000] {processor.py:766} INFO - DAG(s) dict_keys(['tutorial']) retrieved from /home/airflow/.local/lib/python3.7/site-packages/airflow/example_dags/tutorial.py
[2022-12-14T18:01:37.710+0000] {logging_mixin.py:137} INFO - [2022-12-14T18:01:37.709+0000] {dag.py:2585} INFO - Sync 1 DAGs
[2022-12-14T18:01:37.776+0000] {logging_mixin.py:137} INFO - [2022-12-14T18:01:37.775+0000] {dag.py:3340} INFO - Setting next_dagrun for tutorial to 2022-12-13T18:01:37.775236+00:00, run_after=2022-12-14T18:01:37.775236+00:00
[2022-12-14T18:01:37.844+0000] {processor.py:176} INFO - Processing /home/airflow/.local/lib/python3.7/site-packages/airflow/example_dags/tutorial.py took 0.218 seconds
[2022-12-14T18:02:08.115+0000] {processor.py:154} INFO - Started process (PID=319) to work on /home/airflow/.local/lib/python3.7/site-packages/airflow/example_dags/tutorial.py
[2022-12-14T18:02:08.117+0000] {processor.py:756} INFO - Processing file /home/airflow/.local/lib/python3.7/site-packages/airflow/example_dags/tutorial.py for tasks to queue
[2022-12-14T18:02:08.117+0000] {logging_mixin.py:137} INFO - [2022-12-14T18:02:08.117+0000] {dagbag.py:537} INFO - Filling up the DagBag from /home/airflow/.local/lib/python3.7/site-packages/airflow/example_dags/tutorial.py
[2022-12-14T18:02:08.141+0000] {processor.py:766} INFO - DAG(s) dict_keys(['tutorial']) retrieved from /home/airflow/.local/lib/python3.7/site-packages/airflow/example_dags/tutorial.py
[2022-12-14T18:02:08.316+0000] {logging_mixin.py:137} INFO - [2022-12-14T18:02:08.316+0000] {dag.py:2585} INFO - Sync 1 DAGs
[2022-12-14T18:02:08.373+0000] {logging_mixin.py:137} INFO - [2022-12-14T18:02:08.373+0000] {dag.py:3340} INFO - Setting next_dagrun for tutorial to 2022-12-13T18:02:08.373142+00:00, run_after=2022-12-14T18:02:08.373142+00:00
[2022-12-14T18:02:08.431+0000] {processor.py:176} INFO - Processing /home/airflow/.local/lib/python3.7/site-packages/airflow/example_dags/tutorial.py took 0.322 seconds
[2022-12-14T18:02:39.350+0000] {processor.py:154} INFO - Started process (PID=374) to work on /home/airflow/.local/lib/python3.7/site-packages/airflow/example_dags/tutorial.py
[2022-12-14T18:02:39.351+0000] {processor.py:756} INFO - Processing file /home/airflow/.local/lib/python3.7/site-packages/airflow/example_dags/tutorial.py for tasks to queue
[2022-12-14T18:02:39.352+0000] {logging_mixin.py:137} INFO - [2022-12-14T18:02:39.352+0000] {dagbag.py:537} INFO - Filling up the DagBag from /home/airflow/.local/lib/python3.7/site-packages/airflow/example_dags/tutorial.py
[2022-12-14T18:02:39.375+0000] {processor.py:766} INFO - DAG(s) dict_keys(['tutorial']) retrieved from /home/airflow/.local/lib/python3.7/site-packages/airflow/example_dags/tutorial.py
[2022-12-14T18:02:39.448+0000] {logging_mixin.py:137} INFO - [2022-12-14T18:02:39.447+0000] {dag.py:2585} INFO - Sync 1 DAGs
[2022-12-14T18:02:39.492+0000] {logging_mixin.py:137} INFO - [2022-12-14T18:02:39.492+0000] {dag.py:3340} INFO - Setting next_dagrun for tutorial to 2022-12-13T18:02:39.491928+00:00, run_after=2022-12-14T18:02:39.491928+00:00
[2022-12-14T18:02:39.521+0000] {processor.py:176} INFO - Processing /home/airflow/.local/lib/python3.7/site-packages/airflow/example_dags/tutorial.py took 0.177 seconds
[2022-12-14T18:03:10.955+0000] {processor.py:154} INFO - Started process (PID=432) to work on /home/airflow/.local/lib/python3.7/site-packages/airflow/example_dags/tutorial.py
[2022-12-14T18:03:11.057+0000] {processor.py:756} INFO - Processing file /home/airflow/.local/lib/python3.7/site-packages/airflow/example_dags/tutorial.py for tasks to queue
[2022-12-14T18:03:11.058+0000] {logging_mixin.py:137} INFO - [2022-12-14T18:03:11.058+0000] {dagbag.py:537} INFO - Filling up the DagBag from /home/airflow/.local/lib/python3.7/site-packages/airflow/example_dags/tutorial.py
[2022-12-14T18:03:11.119+0000] {processor.py:766} INFO - DAG(s) dict_keys(['tutorial']) retrieved from /home/airflow/.local/lib/python3.7/site-packages/airflow/example_dags/tutorial.py
[2022-12-14T18:03:11.259+0000] {logging_mixin.py:137} INFO - [2022-12-14T18:03:11.259+0000] {dag.py:2585} INFO - Sync 1 DAGs
[2022-12-14T18:03:11.400+0000] {logging_mixin.py:137} INFO - [2022-12-14T18:03:11.400+0000] {dag.py:3340} INFO - Setting next_dagrun for tutorial to 2022-12-13T18:03:11.399597+00:00, run_after=2022-12-14T18:03:11.399597+00:00
[2022-12-14T18:03:11.476+0000] {processor.py:176} INFO - Processing /home/airflow/.local/lib/python3.7/site-packages/airflow/example_dags/tutorial.py took 0.527 seconds
[2022-12-14T18:03:41.811+0000] {processor.py:154} INFO - Started process (PID=488) to work on /home/airflow/.local/lib/python3.7/site-packages/airflow/example_dags/tutorial.py
[2022-12-14T18:03:41.813+0000] {processor.py:756} INFO - Processing file /home/airflow/.local/lib/python3.7/site-packages/airflow/example_dags/tutorial.py for tasks to queue
[2022-12-14T18:03:41.814+0000] {logging_mixin.py:137} INFO - [2022-12-14T18:03:41.814+0000] {dagbag.py:537} INFO - Filling up the DagBag from /home/airflow/.local/lib/python3.7/site-packages/airflow/example_dags/tutorial.py
[2022-12-14T18:03:41.847+0000] {processor.py:766} INFO - DAG(s) dict_keys(['tutorial']) retrieved from /home/airflow/.local/lib/python3.7/site-packages/airflow/example_dags/tutorial.py
[2022-12-14T18:03:42.012+0000] {logging_mixin.py:137} INFO - [2022-12-14T18:03:42.012+0000] {dag.py:2585} INFO - Sync 1 DAGs
[2022-12-14T18:03:42.065+0000] {logging_mixin.py:137} INFO - [2022-12-14T18:03:42.064+0000] {dag.py:3340} INFO - Setting next_dagrun for tutorial to 2022-12-13T18:03:42.064551+00:00, run_after=2022-12-14T18:03:42.064551+00:00
[2022-12-14T18:03:42.102+0000] {processor.py:176} INFO - Processing /home/airflow/.local/lib/python3.7/site-packages/airflow/example_dags/tutorial.py took 0.298 seconds
[2022-12-14T18:04:12.233+0000] {processor.py:154} INFO - Started process (PID=543) to work on /home/airflow/.local/lib/python3.7/site-packages/airflow/example_dags/tutorial.py
[2022-12-14T18:04:12.234+0000] {processor.py:756} INFO - Processing file /home/airflow/.local/lib/python3.7/site-packages/airflow/example_dags/tutorial.py for tasks to queue
[2022-12-14T18:04:12.235+0000] {logging_mixin.py:137} INFO - [2022-12-14T18:04:12.235+0000] {dagbag.py:537} INFO - Filling up the DagBag from /home/airflow/.local/lib/python3.7/site-packages/airflow/example_dags/tutorial.py
[2022-12-14T18:04:12.257+0000] {processor.py:766} INFO - DAG(s) dict_keys(['tutorial']) retrieved from /home/airflow/.local/lib/python3.7/site-packages/airflow/example_dags/tutorial.py
[2022-12-14T18:04:12.330+0000] {logging_mixin.py:137} INFO - [2022-12-14T18:04:12.330+0000] {dag.py:2585} INFO - Sync 1 DAGs
[2022-12-14T18:04:12.380+0000] {logging_mixin.py:137} INFO - [2022-12-14T18:04:12.380+0000] {dag.py:3340} INFO - Setting next_dagrun for tutorial to 2022-12-13T18:04:12.380071+00:00, run_after=2022-12-14T18:04:12.380071+00:00
[2022-12-14T18:04:12.408+0000] {processor.py:176} INFO - Processing /home/airflow/.local/lib/python3.7/site-packages/airflow/example_dags/tutorial.py took 0.180 seconds
[2022-12-14T18:04:43.419+0000] {processor.py:154} INFO - Started process (PID=604) to work on /home/airflow/.local/lib/python3.7/site-packages/airflow/example_dags/tutorial.py
[2022-12-14T18:04:43.420+0000] {processor.py:756} INFO - Processing file /home/airflow/.local/lib/python3.7/site-packages/airflow/example_dags/tutorial.py for tasks to queue
[2022-12-14T18:04:43.421+0000] {logging_mixin.py:137} INFO - [2022-12-14T18:04:43.420+0000] {dagbag.py:537} INFO - Filling up the DagBag from /home/airflow/.local/lib/python3.7/site-packages/airflow/example_dags/tutorial.py
[2022-12-14T18:04:43.494+0000] {processor.py:766} INFO - DAG(s) dict_keys(['tutorial']) retrieved from /home/airflow/.local/lib/python3.7/site-packages/airflow/example_dags/tutorial.py
[2022-12-14T18:04:43.551+0000] {logging_mixin.py:137} INFO - [2022-12-14T18:04:43.551+0000] {dag.py:2585} INFO - Sync 1 DAGs
[2022-12-14T18:04:43.658+0000] {logging_mixin.py:137} INFO - [2022-12-14T18:04:43.658+0000] {dag.py:3340} INFO - Setting next_dagrun for tutorial to 2022-12-13T18:04:43.657820+00:00, run_after=2022-12-14T18:04:43.657820+00:00
[2022-12-14T18:04:43.719+0000] {processor.py:176} INFO - Processing /home/airflow/.local/lib/python3.7/site-packages/airflow/example_dags/tutorial.py took 0.318 seconds
[2022-12-14T18:05:14.236+0000] {processor.py:154} INFO - Started process (PID=662) to work on /home/airflow/.local/lib/python3.7/site-packages/airflow/example_dags/tutorial.py
[2022-12-14T18:05:14.237+0000] {processor.py:756} INFO - Processing file /home/airflow/.local/lib/python3.7/site-packages/airflow/example_dags/tutorial.py for tasks to queue
[2022-12-14T18:05:14.238+0000] {logging_mixin.py:137} INFO - [2022-12-14T18:05:14.238+0000] {dagbag.py:537} INFO - Filling up the DagBag from /home/airflow/.local/lib/python3.7/site-packages/airflow/example_dags/tutorial.py
[2022-12-14T18:05:14.261+0000] {processor.py:766} INFO - DAG(s) dict_keys(['tutorial']) retrieved from /home/airflow/.local/lib/python3.7/site-packages/airflow/example_dags/tutorial.py
[2022-12-14T18:05:14.414+0000] {logging_mixin.py:137} INFO - [2022-12-14T18:05:14.414+0000] {dag.py:2585} INFO - Sync 1 DAGs
[2022-12-14T18:05:14.462+0000] {logging_mixin.py:137} INFO - [2022-12-14T18:05:14.462+0000] {dag.py:3340} INFO - Setting next_dagrun for tutorial to 2022-12-13T18:05:14.461794+00:00, run_after=2022-12-14T18:05:14.461794+00:00
[2022-12-14T18:05:14.525+0000] {processor.py:176} INFO - Processing /home/airflow/.local/lib/python3.7/site-packages/airflow/example_dags/tutorial.py took 0.293 seconds
[2022-12-14T18:05:44.682+0000] {processor.py:154} INFO - Started process (PID=717) to work on /home/airflow/.local/lib/python3.7/site-packages/airflow/example_dags/tutorial.py
[2022-12-14T18:05:44.683+0000] {processor.py:756} INFO - Processing file /home/airflow/.local/lib/python3.7/site-packages/airflow/example_dags/tutorial.py for tasks to queue
[2022-12-14T18:05:44.685+0000] {logging_mixin.py:137} INFO - [2022-12-14T18:05:44.685+0000] {dagbag.py:537} INFO - Filling up the DagBag from /home/airflow/.local/lib/python3.7/site-packages/airflow/example_dags/tutorial.py
[2022-12-14T18:05:44.710+0000] {processor.py:766} INFO - DAG(s) dict_keys(['tutorial']) retrieved from /home/airflow/.local/lib/python3.7/site-packages/airflow/example_dags/tutorial.py
[2022-12-14T18:05:44.892+0000] {logging_mixin.py:137} INFO - [2022-12-14T18:05:44.892+0000] {dag.py:2585} INFO - Sync 1 DAGs
[2022-12-14T18:05:44.957+0000] {logging_mixin.py:137} INFO - [2022-12-14T18:05:44.957+0000] {dag.py:3340} INFO - Setting next_dagrun for tutorial to 2022-12-13T18:05:44.957152+00:00, run_after=2022-12-14T18:05:44.957152+00:00
[2022-12-14T18:05:44.995+0000] {processor.py:176} INFO - Processing /home/airflow/.local/lib/python3.7/site-packages/airflow/example_dags/tutorial.py took 0.319 seconds
[2022-12-14T18:06:15.108+0000] {processor.py:154} INFO - Started process (PID=772) to work on /home/airflow/.local/lib/python3.7/site-packages/airflow/example_dags/tutorial.py
[2022-12-14T18:06:15.109+0000] {processor.py:756} INFO - Processing file /home/airflow/.local/lib/python3.7/site-packages/airflow/example_dags/tutorial.py for tasks to queue
[2022-12-14T18:06:15.110+0000] {logging_mixin.py:137} INFO - [2022-12-14T18:06:15.110+0000] {dagbag.py:537} INFO - Filling up the DagBag from /home/airflow/.local/lib/python3.7/site-packages/airflow/example_dags/tutorial.py
[2022-12-14T18:06:15.131+0000] {processor.py:766} INFO - DAG(s) dict_keys(['tutorial']) retrieved from /home/airflow/.local/lib/python3.7/site-packages/airflow/example_dags/tutorial.py
[2022-12-14T18:06:15.170+0000] {logging_mixin.py:137} INFO - [2022-12-14T18:06:15.170+0000] {dag.py:2585} INFO - Sync 1 DAGs
[2022-12-14T18:06:15.219+0000] {logging_mixin.py:137} INFO - [2022-12-14T18:06:15.219+0000] {dag.py:3340} INFO - Setting next_dagrun for tutorial to 2022-12-13T18:06:15.218946+00:00, run_after=2022-12-14T18:06:15.218946+00:00
[2022-12-14T18:06:15.251+0000] {processor.py:176} INFO - Processing /home/airflow/.local/lib/python3.7/site-packages/airflow/example_dags/tutorial.py took 0.146 seconds
