[2022-12-14T18:30:58.035+0000] {taskinstance.py:1165} INFO - Dependencies all met for <TaskInstance: tutorial.templated scheduled__2015-07-03T00:00:00+00:00 [queued]>
[2022-12-14T18:30:58.059+0000] {taskinstance.py:1165} INFO - Dependencies all met for <TaskInstance: tutorial.templated scheduled__2015-07-03T00:00:00+00:00 [queued]>
[2022-12-14T18:30:58.059+0000] {taskinstance.py:1362} INFO - 
--------------------------------------------------------------------------------
[2022-12-14T18:30:58.059+0000] {taskinstance.py:1363} INFO - Starting attempt 1 of 2
[2022-12-14T18:30:58.059+0000] {taskinstance.py:1364} INFO - 
--------------------------------------------------------------------------------
[2022-12-14T18:30:58.161+0000] {taskinstance.py:1383} INFO - Executing <Task(BashOperator): templated> on 2015-07-03 00:00:00+00:00
[2022-12-14T18:30:58.170+0000] {standard_task_runner.py:55} INFO - Started process 563 to run task
[2022-12-14T18:30:58.225+0000] {standard_task_runner.py:82} INFO - Running: ['***', 'tasks', 'run', 'tutorial', 'templated', 'scheduled__2015-07-03T00:00:00+00:00', '--job-id', '105', '--raw', '--subdir', 'DAGS_FOLDER/hello_word.py', '--cfg-path', '/tmp/tmpwnzs5_9_']
[2022-12-14T18:30:58.231+0000] {standard_task_runner.py:83} INFO - Job 105: Subtask templated
[2022-12-14T18:30:58.622+0000] {task_command.py:376} INFO - Running <TaskInstance: tutorial.templated scheduled__2015-07-03T00:00:00+00:00 [running]> on host c1557a7da2d6
[2022-12-14T18:30:59.242+0000] {taskinstance.py:1592} INFO - Exporting the following env vars:
AIRFLOW_CTX_DAG_EMAIL=***@example.com
AIRFLOW_CTX_DAG_OWNER=***
AIRFLOW_CTX_DAG_ID=tutorial
AIRFLOW_CTX_TASK_ID=templated
AIRFLOW_CTX_EXECUTION_DATE=2015-07-03T00:00:00+00:00
AIRFLOW_CTX_TRY_NUMBER=1
AIRFLOW_CTX_DAG_RUN_ID=scheduled__2015-07-03T00:00:00+00:00
[2022-12-14T18:30:59.243+0000] {subprocess.py:63} INFO - Tmp dir root location: 
 /tmp
[2022-12-14T18:30:59.244+0000] {subprocess.py:75} INFO - Running command: ['/bin/bash', '-c', '\n    \n        echo "2015-07-03"\n        echo "2015-07-10"\n        echo "Parameter I passed in"\n    \n        echo "2015-07-03"\n        echo "2015-07-10"\n        echo "Parameter I passed in"\n    \n        echo "2015-07-03"\n        echo "2015-07-10"\n        echo "Parameter I passed in"\n    \n        echo "2015-07-03"\n        echo "2015-07-10"\n        echo "Parameter I passed in"\n    \n        echo "2015-07-03"\n        echo "2015-07-10"\n        echo "Parameter I passed in"\n    ']
[2022-12-14T18:30:59.259+0000] {subprocess.py:86} INFO - Output:
[2022-12-14T18:30:59.262+0000] {subprocess.py:93} INFO - 2015-07-03
[2022-12-14T18:30:59.263+0000] {subprocess.py:93} INFO - 2015-07-10
[2022-12-14T18:30:59.263+0000] {subprocess.py:93} INFO - Parameter I passed in
[2022-12-14T18:30:59.263+0000] {subprocess.py:93} INFO - 2015-07-03
[2022-12-14T18:30:59.263+0000] {subprocess.py:93} INFO - 2015-07-10
[2022-12-14T18:30:59.263+0000] {subprocess.py:93} INFO - Parameter I passed in
[2022-12-14T18:30:59.264+0000] {subprocess.py:93} INFO - 2015-07-03
[2022-12-14T18:30:59.264+0000] {subprocess.py:93} INFO - 2015-07-10
[2022-12-14T18:30:59.264+0000] {subprocess.py:93} INFO - Parameter I passed in
[2022-12-14T18:30:59.264+0000] {subprocess.py:93} INFO - 2015-07-03
[2022-12-14T18:30:59.265+0000] {subprocess.py:93} INFO - 2015-07-10
[2022-12-14T18:30:59.265+0000] {subprocess.py:93} INFO - Parameter I passed in
[2022-12-14T18:30:59.265+0000] {subprocess.py:93} INFO - 2015-07-03
[2022-12-14T18:30:59.265+0000] {subprocess.py:93} INFO - 2015-07-10
[2022-12-14T18:30:59.265+0000] {subprocess.py:93} INFO - Parameter I passed in
[2022-12-14T18:30:59.266+0000] {subprocess.py:97} INFO - Command exited with return code 0
[2022-12-14T18:30:59.386+0000] {taskinstance.py:1406} INFO - Marking task as SUCCESS. dag_id=tutorial, task_id=templated, execution_date=20150703T000000, start_date=20221214T183058, end_date=20221214T183059
[2022-12-14T18:30:59.577+0000] {local_task_job.py:159} INFO - Task exited with return code 0
[2022-12-14T18:30:59.673+0000] {taskinstance.py:2623} INFO - 0 downstream tasks scheduled from follow-on schedule check
