[2022-12-14T18:30:38.829+0000] {taskinstance.py:1165} INFO - Dependencies all met for <TaskInstance: tutorial.templated scheduled__2015-06-21T00:00:00+00:00 [queued]>
[2022-12-14T18:30:38.900+0000] {taskinstance.py:1165} INFO - Dependencies all met for <TaskInstance: tutorial.templated scheduled__2015-06-21T00:00:00+00:00 [queued]>
[2022-12-14T18:30:38.901+0000] {taskinstance.py:1362} INFO - 
--------------------------------------------------------------------------------
[2022-12-14T18:30:38.901+0000] {taskinstance.py:1363} INFO - Starting attempt 1 of 2
[2022-12-14T18:30:38.903+0000] {taskinstance.py:1364} INFO - 
--------------------------------------------------------------------------------
[2022-12-14T18:30:39.108+0000] {taskinstance.py:1383} INFO - Executing <Task(BashOperator): templated> on 2015-06-21 00:00:00+00:00
[2022-12-14T18:30:39.136+0000] {standard_task_runner.py:55} INFO - Started process 488 to run task
[2022-12-14T18:30:39.153+0000] {standard_task_runner.py:82} INFO - Running: ['***', 'tasks', 'run', 'tutorial', 'templated', 'scheduled__2015-06-21T00:00:00+00:00', '--job-id', '80', '--raw', '--subdir', 'DAGS_FOLDER/hello_word.py', '--cfg-path', '/tmp/tmpifvnrb50']
[2022-12-14T18:30:39.154+0000] {standard_task_runner.py:83} INFO - Job 80: Subtask templated
[2022-12-14T18:30:39.733+0000] {task_command.py:376} INFO - Running <TaskInstance: tutorial.templated scheduled__2015-06-21T00:00:00+00:00 [running]> on host c1557a7da2d6
[2022-12-14T18:30:41.366+0000] {taskinstance.py:1592} INFO - Exporting the following env vars:
AIRFLOW_CTX_DAG_EMAIL=***@example.com
AIRFLOW_CTX_DAG_OWNER=***
AIRFLOW_CTX_DAG_ID=tutorial
AIRFLOW_CTX_TASK_ID=templated
AIRFLOW_CTX_EXECUTION_DATE=2015-06-21T00:00:00+00:00
AIRFLOW_CTX_TRY_NUMBER=1
AIRFLOW_CTX_DAG_RUN_ID=scheduled__2015-06-21T00:00:00+00:00
[2022-12-14T18:30:41.377+0000] {subprocess.py:63} INFO - Tmp dir root location: 
 /tmp
[2022-12-14T18:30:41.387+0000] {subprocess.py:75} INFO - Running command: ['/bin/bash', '-c', '\n    \n        echo "2015-06-21"\n        echo "2015-06-28"\n        echo "Parameter I passed in"\n    \n        echo "2015-06-21"\n        echo "2015-06-28"\n        echo "Parameter I passed in"\n    \n        echo "2015-06-21"\n        echo "2015-06-28"\n        echo "Parameter I passed in"\n    \n        echo "2015-06-21"\n        echo "2015-06-28"\n        echo "Parameter I passed in"\n    \n        echo "2015-06-21"\n        echo "2015-06-28"\n        echo "Parameter I passed in"\n    ']
[2022-12-14T18:30:41.450+0000] {subprocess.py:86} INFO - Output:
[2022-12-14T18:30:41.483+0000] {subprocess.py:93} INFO - 2015-06-21
[2022-12-14T18:30:41.483+0000] {subprocess.py:93} INFO - 2015-06-28
[2022-12-14T18:30:41.483+0000] {subprocess.py:93} INFO - Parameter I passed in
[2022-12-14T18:30:41.484+0000] {subprocess.py:93} INFO - 2015-06-21
[2022-12-14T18:30:41.484+0000] {subprocess.py:93} INFO - 2015-06-28
[2022-12-14T18:30:41.484+0000] {subprocess.py:93} INFO - Parameter I passed in
[2022-12-14T18:30:41.484+0000] {subprocess.py:93} INFO - 2015-06-21
[2022-12-14T18:30:41.484+0000] {subprocess.py:93} INFO - 2015-06-28
[2022-12-14T18:30:41.484+0000] {subprocess.py:93} INFO - Parameter I passed in
[2022-12-14T18:30:41.484+0000] {subprocess.py:93} INFO - 2015-06-21
[2022-12-14T18:30:41.485+0000] {subprocess.py:93} INFO - 2015-06-28
[2022-12-14T18:30:41.485+0000] {subprocess.py:93} INFO - Parameter I passed in
[2022-12-14T18:30:41.485+0000] {subprocess.py:93} INFO - 2015-06-21
[2022-12-14T18:30:41.485+0000] {subprocess.py:93} INFO - 2015-06-28
[2022-12-14T18:30:41.485+0000] {subprocess.py:93} INFO - Parameter I passed in
[2022-12-14T18:30:41.486+0000] {subprocess.py:97} INFO - Command exited with return code 0
[2022-12-14T18:30:41.744+0000] {taskinstance.py:1406} INFO - Marking task as SUCCESS. dag_id=tutorial, task_id=templated, execution_date=20150621T000000, start_date=20221214T183038, end_date=20221214T183041
[2022-12-14T18:30:42.044+0000] {local_task_job.py:159} INFO - Task exited with return code 0
[2022-12-14T18:30:42.230+0000] {taskinstance.py:2623} INFO - 0 downstream tasks scheduled from follow-on schedule check
