[2022-12-14T18:31:20.635+0000] {taskinstance.py:1165} INFO - Dependencies all met for <TaskInstance: tutorial.print_date scheduled__2015-07-13T00:00:00+00:00 [queued]>
[2022-12-14T18:31:20.883+0000] {taskinstance.py:1165} INFO - Dependencies all met for <TaskInstance: tutorial.print_date scheduled__2015-07-13T00:00:00+00:00 [queued]>
[2022-12-14T18:31:20.884+0000] {taskinstance.py:1362} INFO - 
--------------------------------------------------------------------------------
[2022-12-14T18:31:20.884+0000] {taskinstance.py:1363} INFO - Starting attempt 1 of 2
[2022-12-14T18:31:20.884+0000] {taskinstance.py:1364} INFO - 
--------------------------------------------------------------------------------
[2022-12-14T18:31:21.393+0000] {taskinstance.py:1383} INFO - Executing <Task(BashOperator): print_date> on 2015-07-13 00:00:00+00:00
[2022-12-14T18:31:21.422+0000] {standard_task_runner.py:55} INFO - Started process 637 to run task
[2022-12-14T18:31:21.472+0000] {standard_task_runner.py:82} INFO - Running: ['***', 'tasks', 'run', 'tutorial', 'print_date', 'scheduled__2015-07-13T00:00:00+00:00', '--job-id', '122', '--raw', '--subdir', 'DAGS_FOLDER/hello_word.py', '--cfg-path', '/tmp/tmphrtfk5k3']
[2022-12-14T18:31:21.481+0000] {standard_task_runner.py:83} INFO - Job 122: Subtask print_date
[2022-12-14T18:31:22.260+0000] {task_command.py:376} INFO - Running <TaskInstance: tutorial.print_date scheduled__2015-07-13T00:00:00+00:00 [running]> on host c1557a7da2d6
[2022-12-14T18:31:24.004+0000] {taskinstance.py:1592} INFO - Exporting the following env vars:
AIRFLOW_CTX_DAG_EMAIL=***@example.com
AIRFLOW_CTX_DAG_OWNER=***
AIRFLOW_CTX_DAG_ID=tutorial
AIRFLOW_CTX_TASK_ID=print_date
AIRFLOW_CTX_EXECUTION_DATE=2015-07-13T00:00:00+00:00
AIRFLOW_CTX_TRY_NUMBER=1
AIRFLOW_CTX_DAG_RUN_ID=scheduled__2015-07-13T00:00:00+00:00
[2022-12-14T18:31:24.006+0000] {subprocess.py:63} INFO - Tmp dir root location: 
 /tmp
[2022-12-14T18:31:24.017+0000] {subprocess.py:75} INFO - Running command: ['/bin/bash', '-c', 'date']
[2022-12-14T18:31:24.226+0000] {subprocess.py:86} INFO - Output:
[2022-12-14T18:31:24.299+0000] {subprocess.py:93} INFO - Wed Dec 14 18:31:24 UTC 2022
[2022-12-14T18:31:24.314+0000] {subprocess.py:97} INFO - Command exited with return code 0
