[2022-12-14T18:30:28.627+0000] {taskinstance.py:1165} INFO - Dependencies all met for <TaskInstance: tutorial.templated scheduled__2015-06-18T00:00:00+00:00 [queued]>
[2022-12-14T18:30:28.765+0000] {taskinstance.py:1165} INFO - Dependencies all met for <TaskInstance: tutorial.templated scheduled__2015-06-18T00:00:00+00:00 [queued]>
[2022-12-14T18:30:28.765+0000] {taskinstance.py:1362} INFO - 
--------------------------------------------------------------------------------
[2022-12-14T18:30:28.765+0000] {taskinstance.py:1363} INFO - Starting attempt 1 of 2
[2022-12-14T18:30:28.766+0000] {taskinstance.py:1364} INFO - 
--------------------------------------------------------------------------------
[2022-12-14T18:30:29.064+0000] {taskinstance.py:1383} INFO - Executing <Task(BashOperator): templated> on 2015-06-18 00:00:00+00:00
[2022-12-14T18:30:29.086+0000] {standard_task_runner.py:55} INFO - Started process 451 to run task
[2022-12-14T18:30:29.137+0000] {standard_task_runner.py:82} INFO - Running: ['***', 'tasks', 'run', 'tutorial', 'templated', 'scheduled__2015-06-18T00:00:00+00:00', '--job-id', '68', '--raw', '--subdir', 'DAGS_FOLDER/hello_word.py', '--cfg-path', '/tmp/tmp_s9yweca']
[2022-12-14T18:30:29.173+0000] {standard_task_runner.py:83} INFO - Job 68: Subtask templated
[2022-12-14T18:30:30.243+0000] {task_command.py:376} INFO - Running <TaskInstance: tutorial.templated scheduled__2015-06-18T00:00:00+00:00 [running]> on host c1557a7da2d6
[2022-12-14T18:30:32.904+0000] {taskinstance.py:1592} INFO - Exporting the following env vars:
AIRFLOW_CTX_DAG_EMAIL=***@example.com
AIRFLOW_CTX_DAG_OWNER=***
AIRFLOW_CTX_DAG_ID=tutorial
AIRFLOW_CTX_TASK_ID=templated
AIRFLOW_CTX_EXECUTION_DATE=2015-06-18T00:00:00+00:00
AIRFLOW_CTX_TRY_NUMBER=1
AIRFLOW_CTX_DAG_RUN_ID=scheduled__2015-06-18T00:00:00+00:00
[2022-12-14T18:30:32.906+0000] {subprocess.py:63} INFO - Tmp dir root location: 
 /tmp
[2022-12-14T18:30:32.921+0000] {subprocess.py:75} INFO - Running command: ['/bin/bash', '-c', '\n    \n        echo "2015-06-18"\n        echo "2015-06-25"\n        echo "Parameter I passed in"\n    \n        echo "2015-06-18"\n        echo "2015-06-25"\n        echo "Parameter I passed in"\n    \n        echo "2015-06-18"\n        echo "2015-06-25"\n        echo "Parameter I passed in"\n    \n        echo "2015-06-18"\n        echo "2015-06-25"\n        echo "Parameter I passed in"\n    \n        echo "2015-06-18"\n        echo "2015-06-25"\n        echo "Parameter I passed in"\n    ']
[2022-12-14T18:30:33.009+0000] {subprocess.py:86} INFO - Output:
[2022-12-14T18:30:33.075+0000] {subprocess.py:93} INFO - 2015-06-18
[2022-12-14T18:30:33.075+0000] {subprocess.py:93} INFO - 2015-06-25
[2022-12-14T18:30:33.075+0000] {subprocess.py:93} INFO - Parameter I passed in
[2022-12-14T18:30:33.076+0000] {subprocess.py:93} INFO - 2015-06-18
[2022-12-14T18:30:33.076+0000] {subprocess.py:93} INFO - 2015-06-25
[2022-12-14T18:30:33.076+0000] {subprocess.py:93} INFO - Parameter I passed in
[2022-12-14T18:30:33.077+0000] {subprocess.py:93} INFO - 2015-06-18
[2022-12-14T18:30:33.077+0000] {subprocess.py:93} INFO - 2015-06-25
[2022-12-14T18:30:33.077+0000] {subprocess.py:93} INFO - Parameter I passed in
[2022-12-14T18:30:33.077+0000] {subprocess.py:93} INFO - 2015-06-18
[2022-12-14T18:30:33.078+0000] {subprocess.py:93} INFO - 2015-06-25
[2022-12-14T18:30:33.078+0000] {subprocess.py:93} INFO - Parameter I passed in
[2022-12-14T18:30:33.078+0000] {subprocess.py:93} INFO - 2015-06-18
[2022-12-14T18:30:33.078+0000] {subprocess.py:93} INFO - 2015-06-25
[2022-12-14T18:30:33.079+0000] {subprocess.py:93} INFO - Parameter I passed in
[2022-12-14T18:30:33.079+0000] {subprocess.py:97} INFO - Command exited with return code 0
[2022-12-14T18:30:33.473+0000] {taskinstance.py:1406} INFO - Marking task as SUCCESS. dag_id=tutorial, task_id=templated, execution_date=20150618T000000, start_date=20221214T183028, end_date=20221214T183033
[2022-12-14T18:30:34.021+0000] {local_task_job.py:159} INFO - Task exited with return code 0
[2022-12-14T18:30:34.464+0000] {taskinstance.py:2623} INFO - 0 downstream tasks scheduled from follow-on schedule check
