[2022-12-14T18:30:55.005+0000] {taskinstance.py:1165} INFO - Dependencies all met for <TaskInstance: tutorial.templated scheduled__2015-06-30T00:00:00+00:00 [queued]>
[2022-12-14T18:30:55.109+0000] {taskinstance.py:1165} INFO - Dependencies all met for <TaskInstance: tutorial.templated scheduled__2015-06-30T00:00:00+00:00 [queued]>
[2022-12-14T18:30:55.109+0000] {taskinstance.py:1362} INFO - 
--------------------------------------------------------------------------------
[2022-12-14T18:30:55.110+0000] {taskinstance.py:1363} INFO - Starting attempt 1 of 2
[2022-12-14T18:30:55.110+0000] {taskinstance.py:1364} INFO - 
--------------------------------------------------------------------------------
[2022-12-14T18:30:55.282+0000] {taskinstance.py:1383} INFO - Executing <Task(BashOperator): templated> on 2015-06-30 00:00:00+00:00
[2022-12-14T18:30:55.297+0000] {standard_task_runner.py:55} INFO - Started process 548 to run task
[2022-12-14T18:30:55.351+0000] {standard_task_runner.py:82} INFO - Running: ['***', 'tasks', 'run', 'tutorial', 'templated', 'scheduled__2015-06-30T00:00:00+00:00', '--job-id', '98', '--raw', '--subdir', 'DAGS_FOLDER/hello_word.py', '--cfg-path', '/tmp/tmpw6or58uy']
[2022-12-14T18:30:55.355+0000] {standard_task_runner.py:83} INFO - Job 98: Subtask templated
[2022-12-14T18:30:55.981+0000] {task_command.py:376} INFO - Running <TaskInstance: tutorial.templated scheduled__2015-06-30T00:00:00+00:00 [running]> on host c1557a7da2d6
[2022-12-14T18:30:56.803+0000] {taskinstance.py:1592} INFO - Exporting the following env vars:
AIRFLOW_CTX_DAG_EMAIL=***@example.com
AIRFLOW_CTX_DAG_OWNER=***
AIRFLOW_CTX_DAG_ID=tutorial
AIRFLOW_CTX_TASK_ID=templated
AIRFLOW_CTX_EXECUTION_DATE=2015-06-30T00:00:00+00:00
AIRFLOW_CTX_TRY_NUMBER=1
AIRFLOW_CTX_DAG_RUN_ID=scheduled__2015-06-30T00:00:00+00:00
[2022-12-14T18:30:56.805+0000] {subprocess.py:63} INFO - Tmp dir root location: 
 /tmp
[2022-12-14T18:30:56.806+0000] {subprocess.py:75} INFO - Running command: ['/bin/bash', '-c', '\n    \n        echo "2015-06-30"\n        echo "2015-07-07"\n        echo "Parameter I passed in"\n    \n        echo "2015-06-30"\n        echo "2015-07-07"\n        echo "Parameter I passed in"\n    \n        echo "2015-06-30"\n        echo "2015-07-07"\n        echo "Parameter I passed in"\n    \n        echo "2015-06-30"\n        echo "2015-07-07"\n        echo "Parameter I passed in"\n    \n        echo "2015-06-30"\n        echo "2015-07-07"\n        echo "Parameter I passed in"\n    ']
[2022-12-14T18:30:56.863+0000] {subprocess.py:86} INFO - Output:
[2022-12-14T18:30:56.877+0000] {subprocess.py:93} INFO - 2015-06-30
[2022-12-14T18:30:56.877+0000] {subprocess.py:93} INFO - 2015-07-07
[2022-12-14T18:30:56.877+0000] {subprocess.py:93} INFO - Parameter I passed in
[2022-12-14T18:30:56.878+0000] {subprocess.py:93} INFO - 2015-06-30
[2022-12-14T18:30:56.878+0000] {subprocess.py:93} INFO - 2015-07-07
[2022-12-14T18:30:56.878+0000] {subprocess.py:93} INFO - Parameter I passed in
[2022-12-14T18:30:56.878+0000] {subprocess.py:93} INFO - 2015-06-30
[2022-12-14T18:30:56.879+0000] {subprocess.py:93} INFO - 2015-07-07
[2022-12-14T18:30:56.880+0000] {subprocess.py:93} INFO - Parameter I passed in
[2022-12-14T18:30:56.881+0000] {subprocess.py:93} INFO - 2015-06-30
[2022-12-14T18:30:56.881+0000] {subprocess.py:93} INFO - 2015-07-07
[2022-12-14T18:30:56.882+0000] {subprocess.py:93} INFO - Parameter I passed in
[2022-12-14T18:30:56.882+0000] {subprocess.py:93} INFO - 2015-06-30
[2022-12-14T18:30:56.883+0000] {subprocess.py:93} INFO - 2015-07-07
[2022-12-14T18:30:56.883+0000] {subprocess.py:93} INFO - Parameter I passed in
[2022-12-14T18:30:56.884+0000] {subprocess.py:97} INFO - Command exited with return code 0
[2022-12-14T18:30:57.180+0000] {taskinstance.py:1406} INFO - Marking task as SUCCESS. dag_id=tutorial, task_id=templated, execution_date=20150630T000000, start_date=20221214T183055, end_date=20221214T183057
[2022-12-14T18:30:57.287+0000] {local_task_job.py:159} INFO - Task exited with return code 0
[2022-12-14T18:30:57.380+0000] {taskinstance.py:2623} INFO - 0 downstream tasks scheduled from follow-on schedule check
