[2022-12-14T18:30:57.508+0000] {taskinstance.py:1165} INFO - Dependencies all met for <TaskInstance: tutorial.templated scheduled__2015-07-02T00:00:00+00:00 [queued]>
[2022-12-14T18:30:57.551+0000] {taskinstance.py:1165} INFO - Dependencies all met for <TaskInstance: tutorial.templated scheduled__2015-07-02T00:00:00+00:00 [queued]>
[2022-12-14T18:30:57.551+0000] {taskinstance.py:1362} INFO - 
--------------------------------------------------------------------------------
[2022-12-14T18:30:57.551+0000] {taskinstance.py:1363} INFO - Starting attempt 1 of 2
[2022-12-14T18:30:57.552+0000] {taskinstance.py:1364} INFO - 
--------------------------------------------------------------------------------
[2022-12-14T18:30:57.617+0000] {taskinstance.py:1383} INFO - Executing <Task(BashOperator): templated> on 2015-07-02 00:00:00+00:00
[2022-12-14T18:30:57.622+0000] {standard_task_runner.py:55} INFO - Started process 561 to run task
[2022-12-14T18:30:57.655+0000] {standard_task_runner.py:82} INFO - Running: ['***', 'tasks', 'run', 'tutorial', 'templated', 'scheduled__2015-07-02T00:00:00+00:00', '--job-id', '104', '--raw', '--subdir', 'DAGS_FOLDER/hello_word.py', '--cfg-path', '/tmp/tmp25z5y5po']
[2022-12-14T18:30:57.655+0000] {standard_task_runner.py:83} INFO - Job 104: Subtask templated
[2022-12-14T18:30:57.829+0000] {task_command.py:376} INFO - Running <TaskInstance: tutorial.templated scheduled__2015-07-02T00:00:00+00:00 [running]> on host c1557a7da2d6
[2022-12-14T18:30:58.326+0000] {taskinstance.py:1592} INFO - Exporting the following env vars:
AIRFLOW_CTX_DAG_EMAIL=***@example.com
AIRFLOW_CTX_DAG_OWNER=***
AIRFLOW_CTX_DAG_ID=tutorial
AIRFLOW_CTX_TASK_ID=templated
AIRFLOW_CTX_EXECUTION_DATE=2015-07-02T00:00:00+00:00
AIRFLOW_CTX_TRY_NUMBER=1
AIRFLOW_CTX_DAG_RUN_ID=scheduled__2015-07-02T00:00:00+00:00
[2022-12-14T18:30:58.329+0000] {subprocess.py:63} INFO - Tmp dir root location: 
 /tmp
[2022-12-14T18:30:58.329+0000] {subprocess.py:75} INFO - Running command: ['/bin/bash', '-c', '\n    \n        echo "2015-07-02"\n        echo "2015-07-09"\n        echo "Parameter I passed in"\n    \n        echo "2015-07-02"\n        echo "2015-07-09"\n        echo "Parameter I passed in"\n    \n        echo "2015-07-02"\n        echo "2015-07-09"\n        echo "Parameter I passed in"\n    \n        echo "2015-07-02"\n        echo "2015-07-09"\n        echo "Parameter I passed in"\n    \n        echo "2015-07-02"\n        echo "2015-07-09"\n        echo "Parameter I passed in"\n    ']
[2022-12-14T18:30:58.391+0000] {subprocess.py:86} INFO - Output:
[2022-12-14T18:30:58.394+0000] {subprocess.py:93} INFO - 2015-07-02
[2022-12-14T18:30:58.394+0000] {subprocess.py:93} INFO - 2015-07-09
[2022-12-14T18:30:58.395+0000] {subprocess.py:93} INFO - Parameter I passed in
[2022-12-14T18:30:58.395+0000] {subprocess.py:93} INFO - 2015-07-02
[2022-12-14T18:30:58.395+0000] {subprocess.py:93} INFO - 2015-07-09
[2022-12-14T18:30:58.396+0000] {subprocess.py:93} INFO - Parameter I passed in
[2022-12-14T18:30:58.396+0000] {subprocess.py:93} INFO - 2015-07-02
[2022-12-14T18:30:58.396+0000] {subprocess.py:93} INFO - 2015-07-09
[2022-12-14T18:30:58.400+0000] {subprocess.py:93} INFO - Parameter I passed in
[2022-12-14T18:30:58.403+0000] {subprocess.py:93} INFO - 2015-07-02
[2022-12-14T18:30:58.408+0000] {subprocess.py:93} INFO - 2015-07-09
[2022-12-14T18:30:58.408+0000] {subprocess.py:93} INFO - Parameter I passed in
[2022-12-14T18:30:58.409+0000] {subprocess.py:93} INFO - 2015-07-02
[2022-12-14T18:30:58.409+0000] {subprocess.py:93} INFO - 2015-07-09
[2022-12-14T18:30:58.410+0000] {subprocess.py:93} INFO - Parameter I passed in
[2022-12-14T18:30:58.410+0000] {subprocess.py:97} INFO - Command exited with return code 0
[2022-12-14T18:30:58.569+0000] {taskinstance.py:1406} INFO - Marking task as SUCCESS. dag_id=tutorial, task_id=templated, execution_date=20150702T000000, start_date=20221214T183057, end_date=20221214T183058
[2022-12-14T18:30:58.660+0000] {local_task_job.py:159} INFO - Task exited with return code 0
[2022-12-14T18:30:58.900+0000] {taskinstance.py:2623} INFO - 0 downstream tasks scheduled from follow-on schedule check
