[2022-12-14T18:30:39.293+0000] {taskinstance.py:1165} INFO - Dependencies all met for <TaskInstance: tutorial.templated scheduled__2015-06-22T00:00:00+00:00 [queued]>
[2022-12-14T18:30:39.406+0000] {taskinstance.py:1165} INFO - Dependencies all met for <TaskInstance: tutorial.templated scheduled__2015-06-22T00:00:00+00:00 [queued]>
[2022-12-14T18:30:39.407+0000] {taskinstance.py:1362} INFO - 
--------------------------------------------------------------------------------
[2022-12-14T18:30:39.407+0000] {taskinstance.py:1363} INFO - Starting attempt 1 of 2
[2022-12-14T18:30:39.407+0000] {taskinstance.py:1364} INFO - 
--------------------------------------------------------------------------------
[2022-12-14T18:30:39.662+0000] {taskinstance.py:1383} INFO - Executing <Task(BashOperator): templated> on 2015-06-22 00:00:00+00:00
[2022-12-14T18:30:39.675+0000] {standard_task_runner.py:55} INFO - Started process 490 to run task
[2022-12-14T18:30:39.716+0000] {standard_task_runner.py:82} INFO - Running: ['***', 'tasks', 'run', 'tutorial', 'templated', 'scheduled__2015-06-22T00:00:00+00:00', '--job-id', '81', '--raw', '--subdir', 'DAGS_FOLDER/hello_word.py', '--cfg-path', '/tmp/tmpsvlg84go']
[2022-12-14T18:30:39.717+0000] {standard_task_runner.py:83} INFO - Job 81: Subtask templated
[2022-12-14T18:30:40.410+0000] {task_command.py:376} INFO - Running <TaskInstance: tutorial.templated scheduled__2015-06-22T00:00:00+00:00 [running]> on host c1557a7da2d6
[2022-12-14T18:30:42.133+0000] {taskinstance.py:1592} INFO - Exporting the following env vars:
AIRFLOW_CTX_DAG_EMAIL=***@example.com
AIRFLOW_CTX_DAG_OWNER=***
AIRFLOW_CTX_DAG_ID=tutorial
AIRFLOW_CTX_TASK_ID=templated
AIRFLOW_CTX_EXECUTION_DATE=2015-06-22T00:00:00+00:00
AIRFLOW_CTX_TRY_NUMBER=1
AIRFLOW_CTX_DAG_RUN_ID=scheduled__2015-06-22T00:00:00+00:00
[2022-12-14T18:30:42.139+0000] {subprocess.py:63} INFO - Tmp dir root location: 
 /tmp
[2022-12-14T18:30:42.140+0000] {subprocess.py:75} INFO - Running command: ['/bin/bash', '-c', '\n    \n        echo "2015-06-22"\n        echo "2015-06-29"\n        echo "Parameter I passed in"\n    \n        echo "2015-06-22"\n        echo "2015-06-29"\n        echo "Parameter I passed in"\n    \n        echo "2015-06-22"\n        echo "2015-06-29"\n        echo "Parameter I passed in"\n    \n        echo "2015-06-22"\n        echo "2015-06-29"\n        echo "Parameter I passed in"\n    \n        echo "2015-06-22"\n        echo "2015-06-29"\n        echo "Parameter I passed in"\n    ']
[2022-12-14T18:30:42.199+0000] {subprocess.py:86} INFO - Output:
[2022-12-14T18:30:42.201+0000] {subprocess.py:93} INFO - 2015-06-22
[2022-12-14T18:30:42.202+0000] {subprocess.py:93} INFO - 2015-06-29
[2022-12-14T18:30:42.202+0000] {subprocess.py:93} INFO - Parameter I passed in
[2022-12-14T18:30:42.202+0000] {subprocess.py:93} INFO - 2015-06-22
[2022-12-14T18:30:42.202+0000] {subprocess.py:93} INFO - 2015-06-29
[2022-12-14T18:30:42.203+0000] {subprocess.py:93} INFO - Parameter I passed in
[2022-12-14T18:30:42.203+0000] {subprocess.py:93} INFO - 2015-06-22
[2022-12-14T18:30:42.203+0000] {subprocess.py:93} INFO - 2015-06-29
[2022-12-14T18:30:42.203+0000] {subprocess.py:93} INFO - Parameter I passed in
[2022-12-14T18:30:42.203+0000] {subprocess.py:93} INFO - 2015-06-22
[2022-12-14T18:30:42.204+0000] {subprocess.py:93} INFO - 2015-06-29
[2022-12-14T18:30:42.204+0000] {subprocess.py:93} INFO - Parameter I passed in
[2022-12-14T18:30:42.204+0000] {subprocess.py:93} INFO - 2015-06-22
[2022-12-14T18:30:42.204+0000] {subprocess.py:93} INFO - 2015-06-29
[2022-12-14T18:30:42.204+0000] {subprocess.py:93} INFO - Parameter I passed in
[2022-12-14T18:30:42.205+0000] {subprocess.py:97} INFO - Command exited with return code 0
[2022-12-14T18:30:42.436+0000] {taskinstance.py:1406} INFO - Marking task as SUCCESS. dag_id=tutorial, task_id=templated, execution_date=20150622T000000, start_date=20221214T183039, end_date=20221214T183042
[2022-12-14T18:30:42.822+0000] {local_task_job.py:159} INFO - Task exited with return code 0
[2022-12-14T18:30:43.377+0000] {taskinstance.py:2623} INFO - 0 downstream tasks scheduled from follow-on schedule check
