[2022-12-14T18:31:15.692+0000] {taskinstance.py:1165} INFO - Dependencies all met for <TaskInstance: tutorial.sleep scheduled__2015-07-07T00:00:00+00:00 [queued]>
[2022-12-14T18:31:15.979+0000] {taskinstance.py:1165} INFO - Dependencies all met for <TaskInstance: tutorial.sleep scheduled__2015-07-07T00:00:00+00:00 [queued]>
[2022-12-14T18:31:15.979+0000] {taskinstance.py:1362} INFO - 
--------------------------------------------------------------------------------
[2022-12-14T18:31:15.979+0000] {taskinstance.py:1363} INFO - Starting attempt 1 of 4
[2022-12-14T18:31:15.980+0000] {taskinstance.py:1364} INFO - 
--------------------------------------------------------------------------------
[2022-12-14T18:31:16.406+0000] {taskinstance.py:1383} INFO - Executing <Task(BashOperator): sleep> on 2015-07-07 00:00:00+00:00
[2022-12-14T18:31:16.438+0000] {standard_task_runner.py:55} INFO - Started process 616 to run task
[2022-12-14T18:31:16.520+0000] {standard_task_runner.py:82} INFO - Running: ['***', 'tasks', 'run', 'tutorial', 'sleep', 'scheduled__2015-07-07T00:00:00+00:00', '--job-id', '116', '--raw', '--subdir', 'DAGS_FOLDER/hello_word.py', '--cfg-path', '/tmp/tmp6l97imz0']
[2022-12-14T18:31:16.520+0000] {standard_task_runner.py:83} INFO - Job 116: Subtask sleep
[2022-12-14T18:31:17.367+0000] {task_command.py:376} INFO - Running <TaskInstance: tutorial.sleep scheduled__2015-07-07T00:00:00+00:00 [running]> on host c1557a7da2d6
[2022-12-14T18:31:18.834+0000] {taskinstance.py:1592} INFO - Exporting the following env vars:
AIRFLOW_CTX_DAG_EMAIL=***@example.com
AIRFLOW_CTX_DAG_OWNER=***
AIRFLOW_CTX_DAG_ID=tutorial
AIRFLOW_CTX_TASK_ID=sleep
AIRFLOW_CTX_EXECUTION_DATE=2015-07-07T00:00:00+00:00
AIRFLOW_CTX_TRY_NUMBER=1
AIRFLOW_CTX_DAG_RUN_ID=scheduled__2015-07-07T00:00:00+00:00
[2022-12-14T18:31:18.836+0000] {subprocess.py:63} INFO - Tmp dir root location: 
 /tmp
[2022-12-14T18:31:18.837+0000] {subprocess.py:75} INFO - Running command: ['/bin/bash', '-c', 'sleep 5']
[2022-12-14T18:31:19.009+0000] {subprocess.py:86} INFO - Output:
[2022-12-14T18:31:24.054+0000] {subprocess.py:97} INFO - Command exited with return code 0
