[2022-12-14T18:29:41.937+0000] {taskinstance.py:1165} INFO - Dependencies all met for <TaskInstance: tutorial.templated scheduled__2015-06-02T00:00:00+00:00 [queued]>
[2022-12-14T18:29:42.142+0000] {taskinstance.py:1165} INFO - Dependencies all met for <TaskInstance: tutorial.templated scheduled__2015-06-02T00:00:00+00:00 [queued]>
[2022-12-14T18:29:42.142+0000] {taskinstance.py:1362} INFO - 
--------------------------------------------------------------------------------
[2022-12-14T18:29:42.143+0000] {taskinstance.py:1363} INFO - Starting attempt 1 of 2
[2022-12-14T18:29:42.143+0000] {taskinstance.py:1364} INFO - 
--------------------------------------------------------------------------------
[2022-12-14T18:29:42.667+0000] {taskinstance.py:1383} INFO - Executing <Task(BashOperator): templated> on 2015-06-02 00:00:00+00:00
[2022-12-14T18:29:42.736+0000] {standard_task_runner.py:55} INFO - Started process 296 to run task
[2022-12-14T18:29:42.823+0000] {standard_task_runner.py:82} INFO - Running: ['***', 'tasks', 'run', 'tutorial', 'templated', 'scheduled__2015-06-02T00:00:00+00:00', '--job-id', '24', '--raw', '--subdir', 'DAGS_FOLDER/hello_word.py', '--cfg-path', '/tmp/tmpmd7d0m6u']
[2022-12-14T18:29:42.830+0000] {standard_task_runner.py:83} INFO - Job 24: Subtask templated
[2022-12-14T18:29:44.163+0000] {task_command.py:376} INFO - Running <TaskInstance: tutorial.templated scheduled__2015-06-02T00:00:00+00:00 [running]> on host c1557a7da2d6
[2022-12-14T18:29:45.784+0000] {taskinstance.py:1592} INFO - Exporting the following env vars:
AIRFLOW_CTX_DAG_EMAIL=***@example.com
AIRFLOW_CTX_DAG_OWNER=***
AIRFLOW_CTX_DAG_ID=tutorial
AIRFLOW_CTX_TASK_ID=templated
AIRFLOW_CTX_EXECUTION_DATE=2015-06-02T00:00:00+00:00
AIRFLOW_CTX_TRY_NUMBER=1
AIRFLOW_CTX_DAG_RUN_ID=scheduled__2015-06-02T00:00:00+00:00
[2022-12-14T18:29:45.786+0000] {subprocess.py:63} INFO - Tmp dir root location: 
 /tmp
[2022-12-14T18:29:45.814+0000] {subprocess.py:75} INFO - Running command: ['/bin/bash', '-c', '\n    \n        echo "2015-06-02"\n        echo "2015-06-09"\n        echo "Parameter I passed in"\n    \n        echo "2015-06-02"\n        echo "2015-06-09"\n        echo "Parameter I passed in"\n    \n        echo "2015-06-02"\n        echo "2015-06-09"\n        echo "Parameter I passed in"\n    \n        echo "2015-06-02"\n        echo "2015-06-09"\n        echo "Parameter I passed in"\n    \n        echo "2015-06-02"\n        echo "2015-06-09"\n        echo "Parameter I passed in"\n    ']
[2022-12-14T18:29:45.942+0000] {subprocess.py:86} INFO - Output:
[2022-12-14T18:29:45.964+0000] {subprocess.py:93} INFO - 2015-06-02
[2022-12-14T18:29:45.965+0000] {subprocess.py:93} INFO - 2015-06-09
[2022-12-14T18:29:45.965+0000] {subprocess.py:93} INFO - Parameter I passed in
[2022-12-14T18:29:45.965+0000] {subprocess.py:93} INFO - 2015-06-02
[2022-12-14T18:29:45.966+0000] {subprocess.py:93} INFO - 2015-06-09
[2022-12-14T18:29:45.966+0000] {subprocess.py:93} INFO - Parameter I passed in
[2022-12-14T18:29:45.966+0000] {subprocess.py:93} INFO - 2015-06-02
[2022-12-14T18:29:45.966+0000] {subprocess.py:93} INFO - 2015-06-09
[2022-12-14T18:29:45.966+0000] {subprocess.py:93} INFO - Parameter I passed in
[2022-12-14T18:29:45.966+0000] {subprocess.py:93} INFO - 2015-06-02
[2022-12-14T18:29:45.967+0000] {subprocess.py:93} INFO - 2015-06-09
[2022-12-14T18:29:45.967+0000] {subprocess.py:93} INFO - Parameter I passed in
[2022-12-14T18:29:45.967+0000] {subprocess.py:93} INFO - 2015-06-02
[2022-12-14T18:29:45.967+0000] {subprocess.py:93} INFO - 2015-06-09
[2022-12-14T18:29:45.967+0000] {subprocess.py:93} INFO - Parameter I passed in
[2022-12-14T18:29:45.983+0000] {subprocess.py:97} INFO - Command exited with return code 0
[2022-12-14T18:29:46.233+0000] {taskinstance.py:1406} INFO - Marking task as SUCCESS. dag_id=tutorial, task_id=templated, execution_date=20150602T000000, start_date=20221214T182941, end_date=20221214T182946
[2022-12-14T18:29:46.411+0000] {local_task_job.py:159} INFO - Task exited with return code 0
[2022-12-14T18:29:46.555+0000] {taskinstance.py:2623} INFO - 0 downstream tasks scheduled from follow-on schedule check
