[2022-12-14T18:29:48.100+0000] {taskinstance.py:1165} INFO - Dependencies all met for <TaskInstance: tutorial.templated scheduled__2015-06-06T00:00:00+00:00 [queued]>
[2022-12-14T18:29:48.515+0000] {taskinstance.py:1165} INFO - Dependencies all met for <TaskInstance: tutorial.templated scheduled__2015-06-06T00:00:00+00:00 [queued]>
[2022-12-14T18:29:48.516+0000] {taskinstance.py:1362} INFO - 
--------------------------------------------------------------------------------
[2022-12-14T18:29:48.516+0000] {taskinstance.py:1363} INFO - Starting attempt 1 of 2
[2022-12-14T18:29:48.516+0000] {taskinstance.py:1364} INFO - 
--------------------------------------------------------------------------------
[2022-12-14T18:29:49.031+0000] {taskinstance.py:1383} INFO - Executing <Task(BashOperator): templated> on 2015-06-06 00:00:00+00:00
[2022-12-14T18:29:49.049+0000] {standard_task_runner.py:55} INFO - Started process 324 to run task
[2022-12-14T18:29:49.082+0000] {standard_task_runner.py:82} INFO - Running: ['***', 'tasks', 'run', 'tutorial', 'templated', 'scheduled__2015-06-06T00:00:00+00:00', '--job-id', '33', '--raw', '--subdir', 'DAGS_FOLDER/hello_word.py', '--cfg-path', '/tmp/tmphevgi44n']
[2022-12-14T18:29:49.147+0000] {standard_task_runner.py:83} INFO - Job 33: Subtask templated
[2022-12-14T18:29:50.970+0000] {task_command.py:376} INFO - Running <TaskInstance: tutorial.templated scheduled__2015-06-06T00:00:00+00:00 [running]> on host c1557a7da2d6
[2022-12-14T18:29:52.847+0000] {taskinstance.py:1592} INFO - Exporting the following env vars:
AIRFLOW_CTX_DAG_EMAIL=***@example.com
AIRFLOW_CTX_DAG_OWNER=***
AIRFLOW_CTX_DAG_ID=tutorial
AIRFLOW_CTX_TASK_ID=templated
AIRFLOW_CTX_EXECUTION_DATE=2015-06-06T00:00:00+00:00
AIRFLOW_CTX_TRY_NUMBER=1
AIRFLOW_CTX_DAG_RUN_ID=scheduled__2015-06-06T00:00:00+00:00
[2022-12-14T18:29:52.848+0000] {subprocess.py:63} INFO - Tmp dir root location: 
 /tmp
[2022-12-14T18:29:52.849+0000] {subprocess.py:75} INFO - Running command: ['/bin/bash', '-c', '\n    \n        echo "2015-06-06"\n        echo "2015-06-13"\n        echo "Parameter I passed in"\n    \n        echo "2015-06-06"\n        echo "2015-06-13"\n        echo "Parameter I passed in"\n    \n        echo "2015-06-06"\n        echo "2015-06-13"\n        echo "Parameter I passed in"\n    \n        echo "2015-06-06"\n        echo "2015-06-13"\n        echo "Parameter I passed in"\n    \n        echo "2015-06-06"\n        echo "2015-06-13"\n        echo "Parameter I passed in"\n    ']
[2022-12-14T18:29:52.999+0000] {subprocess.py:86} INFO - Output:
[2022-12-14T18:29:53.046+0000] {subprocess.py:93} INFO - 2015-06-06
[2022-12-14T18:29:53.047+0000] {subprocess.py:93} INFO - 2015-06-13
[2022-12-14T18:29:53.047+0000] {subprocess.py:93} INFO - Parameter I passed in
[2022-12-14T18:29:53.047+0000] {subprocess.py:93} INFO - 2015-06-06
[2022-12-14T18:29:53.048+0000] {subprocess.py:93} INFO - 2015-06-13
[2022-12-14T18:29:53.048+0000] {subprocess.py:93} INFO - Parameter I passed in
[2022-12-14T18:29:53.048+0000] {subprocess.py:93} INFO - 2015-06-06
[2022-12-14T18:29:53.048+0000] {subprocess.py:93} INFO - 2015-06-13
[2022-12-14T18:29:53.048+0000] {subprocess.py:93} INFO - Parameter I passed in
[2022-12-14T18:29:53.048+0000] {subprocess.py:93} INFO - 2015-06-06
[2022-12-14T18:29:53.049+0000] {subprocess.py:93} INFO - 2015-06-13
[2022-12-14T18:29:53.049+0000] {subprocess.py:93} INFO - Parameter I passed in
[2022-12-14T18:29:53.049+0000] {subprocess.py:93} INFO - 2015-06-06
[2022-12-14T18:29:53.049+0000] {subprocess.py:93} INFO - 2015-06-13
[2022-12-14T18:29:53.049+0000] {subprocess.py:93} INFO - Parameter I passed in
[2022-12-14T18:29:53.050+0000] {subprocess.py:97} INFO - Command exited with return code 0
[2022-12-14T18:29:53.387+0000] {taskinstance.py:1406} INFO - Marking task as SUCCESS. dag_id=tutorial, task_id=templated, execution_date=20150606T000000, start_date=20221214T182948, end_date=20221214T182953
[2022-12-14T18:29:53.633+0000] {local_task_job.py:159} INFO - Task exited with return code 0
[2022-12-14T18:29:53.861+0000] {taskinstance.py:2623} INFO - 0 downstream tasks scheduled from follow-on schedule check
