[2022-12-14T18:31:11.244+0000] {taskinstance.py:1165} INFO - Dependencies all met for <TaskInstance: tutorial.templated scheduled__2015-07-06T00:00:00+00:00 [queued]>
[2022-12-14T18:31:11.549+0000] {taskinstance.py:1165} INFO - Dependencies all met for <TaskInstance: tutorial.templated scheduled__2015-07-06T00:00:00+00:00 [queued]>
[2022-12-14T18:31:11.550+0000] {taskinstance.py:1362} INFO - 
--------------------------------------------------------------------------------
[2022-12-14T18:31:11.550+0000] {taskinstance.py:1363} INFO - Starting attempt 1 of 2
[2022-12-14T18:31:11.550+0000] {taskinstance.py:1364} INFO - 
--------------------------------------------------------------------------------
[2022-12-14T18:31:12.008+0000] {taskinstance.py:1383} INFO - Executing <Task(BashOperator): templated> on 2015-07-06 00:00:00+00:00
[2022-12-14T18:31:12.089+0000] {standard_task_runner.py:55} INFO - Started process 605 to run task
[2022-12-14T18:31:12.163+0000] {standard_task_runner.py:82} INFO - Running: ['***', 'tasks', 'run', 'tutorial', 'templated', 'scheduled__2015-07-06T00:00:00+00:00', '--job-id', '113', '--raw', '--subdir', 'DAGS_FOLDER/hello_word.py', '--cfg-path', '/tmp/tmpwtw36te3']
[2022-12-14T18:31:12.164+0000] {standard_task_runner.py:83} INFO - Job 113: Subtask templated
[2022-12-14T18:31:13.075+0000] {task_command.py:376} INFO - Running <TaskInstance: tutorial.templated scheduled__2015-07-06T00:00:00+00:00 [running]> on host c1557a7da2d6
[2022-12-14T18:31:15.315+0000] {taskinstance.py:1592} INFO - Exporting the following env vars:
AIRFLOW_CTX_DAG_EMAIL=***@example.com
AIRFLOW_CTX_DAG_OWNER=***
AIRFLOW_CTX_DAG_ID=tutorial
AIRFLOW_CTX_TASK_ID=templated
AIRFLOW_CTX_EXECUTION_DATE=2015-07-06T00:00:00+00:00
AIRFLOW_CTX_TRY_NUMBER=1
AIRFLOW_CTX_DAG_RUN_ID=scheduled__2015-07-06T00:00:00+00:00
[2022-12-14T18:31:15.322+0000] {subprocess.py:63} INFO - Tmp dir root location: 
 /tmp
[2022-12-14T18:31:15.335+0000] {subprocess.py:75} INFO - Running command: ['/bin/bash', '-c', '\n    \n        echo "2015-07-06"\n        echo "2015-07-13"\n        echo "Parameter I passed in"\n    \n        echo "2015-07-06"\n        echo "2015-07-13"\n        echo "Parameter I passed in"\n    \n        echo "2015-07-06"\n        echo "2015-07-13"\n        echo "Parameter I passed in"\n    \n        echo "2015-07-06"\n        echo "2015-07-13"\n        echo "Parameter I passed in"\n    \n        echo "2015-07-06"\n        echo "2015-07-13"\n        echo "Parameter I passed in"\n    ']
[2022-12-14T18:31:15.490+0000] {subprocess.py:86} INFO - Output:
[2022-12-14T18:31:15.530+0000] {subprocess.py:93} INFO - 2015-07-06
[2022-12-14T18:31:15.531+0000] {subprocess.py:93} INFO - 2015-07-13
[2022-12-14T18:31:15.531+0000] {subprocess.py:93} INFO - Parameter I passed in
[2022-12-14T18:31:15.531+0000] {subprocess.py:93} INFO - 2015-07-06
[2022-12-14T18:31:15.531+0000] {subprocess.py:93} INFO - 2015-07-13
[2022-12-14T18:31:15.532+0000] {subprocess.py:93} INFO - Parameter I passed in
[2022-12-14T18:31:15.532+0000] {subprocess.py:93} INFO - 2015-07-06
[2022-12-14T18:31:15.532+0000] {subprocess.py:93} INFO - 2015-07-13
[2022-12-14T18:31:15.532+0000] {subprocess.py:93} INFO - Parameter I passed in
[2022-12-14T18:31:15.533+0000] {subprocess.py:93} INFO - 2015-07-06
[2022-12-14T18:31:15.533+0000] {subprocess.py:93} INFO - 2015-07-13
[2022-12-14T18:31:15.533+0000] {subprocess.py:93} INFO - Parameter I passed in
[2022-12-14T18:31:15.533+0000] {subprocess.py:93} INFO - 2015-07-06
[2022-12-14T18:31:15.533+0000] {subprocess.py:93} INFO - 2015-07-13
[2022-12-14T18:31:15.534+0000] {subprocess.py:93} INFO - Parameter I passed in
[2022-12-14T18:31:15.534+0000] {subprocess.py:97} INFO - Command exited with return code 0
[2022-12-14T18:31:15.772+0000] {taskinstance.py:1406} INFO - Marking task as SUCCESS. dag_id=tutorial, task_id=templated, execution_date=20150706T000000, start_date=20221214T183111, end_date=20221214T183115
[2022-12-14T18:31:15.894+0000] {local_task_job.py:159} INFO - Task exited with return code 0
[2022-12-14T18:31:16.010+0000] {taskinstance.py:2623} INFO - 0 downstream tasks scheduled from follow-on schedule check
