[2022-12-14T18:29:33.017+0000] {taskinstance.py:1165} INFO - Dependencies all met for <TaskInstance: tutorial.templated scheduled__2015-06-01T00:00:00+00:00 [queued]>
[2022-12-14T18:29:33.516+0000] {taskinstance.py:1165} INFO - Dependencies all met for <TaskInstance: tutorial.templated scheduled__2015-06-01T00:00:00+00:00 [queued]>
[2022-12-14T18:29:33.517+0000] {taskinstance.py:1362} INFO - 
--------------------------------------------------------------------------------
[2022-12-14T18:29:33.543+0000] {taskinstance.py:1363} INFO - Starting attempt 1 of 2
[2022-12-14T18:29:33.544+0000] {taskinstance.py:1364} INFO - 
--------------------------------------------------------------------------------
[2022-12-14T18:29:33.995+0000] {taskinstance.py:1383} INFO - Executing <Task(BashOperator): templated> on 2015-06-01 00:00:00+00:00
[2022-12-14T18:29:34.028+0000] {standard_task_runner.py:55} INFO - Started process 260 to run task
[2022-12-14T18:29:34.106+0000] {standard_task_runner.py:82} INFO - Running: ['***', 'tasks', 'run', 'tutorial', 'templated', 'scheduled__2015-06-01T00:00:00+00:00', '--job-id', '12', '--raw', '--subdir', 'DAGS_FOLDER/hello_word.py', '--cfg-path', '/tmp/tmp_d6dx2v1']
[2022-12-14T18:29:34.111+0000] {standard_task_runner.py:83} INFO - Job 12: Subtask templated
[2022-12-14T18:29:35.088+0000] {task_command.py:376} INFO - Running <TaskInstance: tutorial.templated scheduled__2015-06-01T00:00:00+00:00 [running]> on host c1557a7da2d6
[2022-12-14T18:29:36.905+0000] {taskinstance.py:1592} INFO - Exporting the following env vars:
AIRFLOW_CTX_DAG_EMAIL=***@example.com
AIRFLOW_CTX_DAG_OWNER=***
AIRFLOW_CTX_DAG_ID=tutorial
AIRFLOW_CTX_TASK_ID=templated
AIRFLOW_CTX_EXECUTION_DATE=2015-06-01T00:00:00+00:00
AIRFLOW_CTX_TRY_NUMBER=1
AIRFLOW_CTX_DAG_RUN_ID=scheduled__2015-06-01T00:00:00+00:00
[2022-12-14T18:29:36.906+0000] {subprocess.py:63} INFO - Tmp dir root location: 
 /tmp
[2022-12-14T18:29:36.907+0000] {subprocess.py:75} INFO - Running command: ['/bin/bash', '-c', '\n    \n        echo "2015-06-01"\n        echo "2015-06-08"\n        echo "Parameter I passed in"\n    \n        echo "2015-06-01"\n        echo "2015-06-08"\n        echo "Parameter I passed in"\n    \n        echo "2015-06-01"\n        echo "2015-06-08"\n        echo "Parameter I passed in"\n    \n        echo "2015-06-01"\n        echo "2015-06-08"\n        echo "Parameter I passed in"\n    \n        echo "2015-06-01"\n        echo "2015-06-08"\n        echo "Parameter I passed in"\n    ']
[2022-12-14T18:29:37.015+0000] {subprocess.py:86} INFO - Output:
[2022-12-14T18:29:37.034+0000] {subprocess.py:93} INFO - 2015-06-01
[2022-12-14T18:29:37.034+0000] {subprocess.py:93} INFO - 2015-06-08
[2022-12-14T18:29:37.034+0000] {subprocess.py:93} INFO - Parameter I passed in
[2022-12-14T18:29:37.035+0000] {subprocess.py:93} INFO - 2015-06-01
[2022-12-14T18:29:37.035+0000] {subprocess.py:93} INFO - 2015-06-08
[2022-12-14T18:29:37.035+0000] {subprocess.py:93} INFO - Parameter I passed in
[2022-12-14T18:29:37.035+0000] {subprocess.py:93} INFO - 2015-06-01
[2022-12-14T18:29:37.035+0000] {subprocess.py:93} INFO - 2015-06-08
[2022-12-14T18:29:37.035+0000] {subprocess.py:93} INFO - Parameter I passed in
[2022-12-14T18:29:37.036+0000] {subprocess.py:93} INFO - 2015-06-01
[2022-12-14T18:29:37.036+0000] {subprocess.py:93} INFO - 2015-06-08
[2022-12-14T18:29:37.036+0000] {subprocess.py:93} INFO - Parameter I passed in
[2022-12-14T18:29:37.036+0000] {subprocess.py:93} INFO - 2015-06-01
[2022-12-14T18:29:37.036+0000] {subprocess.py:93} INFO - 2015-06-08
[2022-12-14T18:29:37.036+0000] {subprocess.py:93} INFO - Parameter I passed in
[2022-12-14T18:29:37.037+0000] {subprocess.py:97} INFO - Command exited with return code 0
[2022-12-14T18:29:37.537+0000] {taskinstance.py:1406} INFO - Marking task as SUCCESS. dag_id=tutorial, task_id=templated, execution_date=20150601T000000, start_date=20221214T182933, end_date=20221214T182937
[2022-12-14T18:29:37.945+0000] {local_task_job.py:159} INFO - Task exited with return code 0
[2022-12-14T18:29:38.385+0000] {taskinstance.py:2623} INFO - 0 downstream tasks scheduled from follow-on schedule check
