[2022-12-14T18:30:05.358+0000] {taskinstance.py:1165} INFO - Dependencies all met for <TaskInstance: tutorial.templated scheduled__2015-06-14T00:00:00+00:00 [queued]>
[2022-12-14T18:30:05.620+0000] {taskinstance.py:1165} INFO - Dependencies all met for <TaskInstance: tutorial.templated scheduled__2015-06-14T00:00:00+00:00 [queued]>
[2022-12-14T18:30:05.626+0000] {taskinstance.py:1362} INFO - 
--------------------------------------------------------------------------------
[2022-12-14T18:30:05.629+0000] {taskinstance.py:1363} INFO - Starting attempt 1 of 2
[2022-12-14T18:30:05.632+0000] {taskinstance.py:1364} INFO - 
--------------------------------------------------------------------------------
[2022-12-14T18:30:06.249+0000] {taskinstance.py:1383} INFO - Executing <Task(BashOperator): templated> on 2015-06-14 00:00:00+00:00
[2022-12-14T18:30:06.307+0000] {standard_task_runner.py:55} INFO - Started process 383 to run task
[2022-12-14T18:30:06.367+0000] {standard_task_runner.py:82} INFO - Running: ['***', 'tasks', 'run', 'tutorial', 'templated', 'scheduled__2015-06-14T00:00:00+00:00', '--job-id', '48', '--raw', '--subdir', 'DAGS_FOLDER/hello_word.py', '--cfg-path', '/tmp/tmpj_yqik0i']
[2022-12-14T18:30:06.368+0000] {standard_task_runner.py:83} INFO - Job 48: Subtask templated
[2022-12-14T18:30:07.389+0000] {task_command.py:376} INFO - Running <TaskInstance: tutorial.templated scheduled__2015-06-14T00:00:00+00:00 [running]> on host c1557a7da2d6
[2022-12-14T18:30:08.531+0000] {taskinstance.py:1592} INFO - Exporting the following env vars:
AIRFLOW_CTX_DAG_EMAIL=***@example.com
AIRFLOW_CTX_DAG_OWNER=***
AIRFLOW_CTX_DAG_ID=tutorial
AIRFLOW_CTX_TASK_ID=templated
AIRFLOW_CTX_EXECUTION_DATE=2015-06-14T00:00:00+00:00
AIRFLOW_CTX_TRY_NUMBER=1
AIRFLOW_CTX_DAG_RUN_ID=scheduled__2015-06-14T00:00:00+00:00
[2022-12-14T18:30:08.533+0000] {subprocess.py:63} INFO - Tmp dir root location: 
 /tmp
[2022-12-14T18:30:08.533+0000] {subprocess.py:75} INFO - Running command: ['/bin/bash', '-c', '\n    \n        echo "2015-06-14"\n        echo "2015-06-21"\n        echo "Parameter I passed in"\n    \n        echo "2015-06-14"\n        echo "2015-06-21"\n        echo "Parameter I passed in"\n    \n        echo "2015-06-14"\n        echo "2015-06-21"\n        echo "Parameter I passed in"\n    \n        echo "2015-06-14"\n        echo "2015-06-21"\n        echo "Parameter I passed in"\n    \n        echo "2015-06-14"\n        echo "2015-06-21"\n        echo "Parameter I passed in"\n    ']
[2022-12-14T18:30:08.560+0000] {subprocess.py:86} INFO - Output:
[2022-12-14T18:30:08.568+0000] {subprocess.py:93} INFO - 2015-06-14
[2022-12-14T18:30:08.568+0000] {subprocess.py:93} INFO - 2015-06-21
[2022-12-14T18:30:08.568+0000] {subprocess.py:93} INFO - Parameter I passed in
[2022-12-14T18:30:08.569+0000] {subprocess.py:93} INFO - 2015-06-14
[2022-12-14T18:30:08.569+0000] {subprocess.py:93} INFO - 2015-06-21
[2022-12-14T18:30:08.569+0000] {subprocess.py:93} INFO - Parameter I passed in
[2022-12-14T18:30:08.569+0000] {subprocess.py:93} INFO - 2015-06-14
[2022-12-14T18:30:08.570+0000] {subprocess.py:93} INFO - 2015-06-21
[2022-12-14T18:30:08.570+0000] {subprocess.py:93} INFO - Parameter I passed in
[2022-12-14T18:30:08.570+0000] {subprocess.py:93} INFO - 2015-06-14
[2022-12-14T18:30:08.570+0000] {subprocess.py:93} INFO - 2015-06-21
[2022-12-14T18:30:08.571+0000] {subprocess.py:93} INFO - Parameter I passed in
[2022-12-14T18:30:08.571+0000] {subprocess.py:93} INFO - 2015-06-14
[2022-12-14T18:30:08.571+0000] {subprocess.py:93} INFO - 2015-06-21
[2022-12-14T18:30:08.571+0000] {subprocess.py:93} INFO - Parameter I passed in
[2022-12-14T18:30:08.572+0000] {subprocess.py:97} INFO - Command exited with return code 0
[2022-12-14T18:30:08.681+0000] {taskinstance.py:1406} INFO - Marking task as SUCCESS. dag_id=tutorial, task_id=templated, execution_date=20150614T000000, start_date=20221214T183005, end_date=20221214T183008
[2022-12-14T18:30:08.770+0000] {local_task_job.py:159} INFO - Task exited with return code 0
[2022-12-14T18:30:08.876+0000] {taskinstance.py:2623} INFO - 0 downstream tasks scheduled from follow-on schedule check
