[2022-12-14T18:29:40.508+0000] {taskinstance.py:1165} INFO - Dependencies all met for <TaskInstance: tutorial.sleep scheduled__2015-06-02T00:00:00+00:00 [queued]>
[2022-12-14T18:29:40.592+0000] {taskinstance.py:1165} INFO - Dependencies all met for <TaskInstance: tutorial.sleep scheduled__2015-06-02T00:00:00+00:00 [queued]>
[2022-12-14T18:29:40.592+0000] {taskinstance.py:1362} INFO - 
--------------------------------------------------------------------------------
[2022-12-14T18:29:40.592+0000] {taskinstance.py:1363} INFO - Starting attempt 1 of 4
[2022-12-14T18:29:40.593+0000] {taskinstance.py:1364} INFO - 
--------------------------------------------------------------------------------
[2022-12-14T18:29:40.790+0000] {taskinstance.py:1383} INFO - Executing <Task(BashOperator): sleep> on 2015-06-02 00:00:00+00:00
[2022-12-14T18:29:40.809+0000] {standard_task_runner.py:55} INFO - Started process 287 to run task
[2022-12-14T18:29:40.840+0000] {standard_task_runner.py:82} INFO - Running: ['***', 'tasks', 'run', 'tutorial', 'sleep', 'scheduled__2015-06-02T00:00:00+00:00', '--job-id', '23', '--raw', '--subdir', 'DAGS_FOLDER/hello_word.py', '--cfg-path', '/tmp/tmpm9t3zqnd']
[2022-12-14T18:29:40.840+0000] {standard_task_runner.py:83} INFO - Job 23: Subtask sleep
[2022-12-14T18:29:41.384+0000] {task_command.py:376} INFO - Running <TaskInstance: tutorial.sleep scheduled__2015-06-02T00:00:00+00:00 [running]> on host c1557a7da2d6
[2022-12-14T18:29:43.219+0000] {taskinstance.py:1592} INFO - Exporting the following env vars:
AIRFLOW_CTX_DAG_EMAIL=***@example.com
AIRFLOW_CTX_DAG_OWNER=***
AIRFLOW_CTX_DAG_ID=tutorial
AIRFLOW_CTX_TASK_ID=sleep
AIRFLOW_CTX_EXECUTION_DATE=2015-06-02T00:00:00+00:00
AIRFLOW_CTX_TRY_NUMBER=1
AIRFLOW_CTX_DAG_RUN_ID=scheduled__2015-06-02T00:00:00+00:00
[2022-12-14T18:29:43.221+0000] {subprocess.py:63} INFO - Tmp dir root location: 
 /tmp
[2022-12-14T18:29:43.222+0000] {subprocess.py:75} INFO - Running command: ['/bin/bash', '-c', 'sleep 5']
[2022-12-14T18:29:43.292+0000] {subprocess.py:86} INFO - Output:
[2022-12-14T18:29:48.321+0000] {subprocess.py:97} INFO - Command exited with return code 0
[2022-12-14T18:29:48.989+0000] {taskinstance.py:1406} INFO - Marking task as SUCCESS. dag_id=tutorial, task_id=sleep, execution_date=20150602T000000, start_date=20221214T182940, end_date=20221214T182948
[2022-12-14T18:29:49.296+0000] {local_task_job.py:159} INFO - Task exited with return code 0
[2022-12-14T18:29:49.695+0000] {taskinstance.py:2623} INFO - 0 downstream tasks scheduled from follow-on schedule check
