[2022-12-14T18:29:54.443+0000] {taskinstance.py:1165} INFO - Dependencies all met for <TaskInstance: tutorial.templated scheduled__2015-06-09T00:00:00+00:00 [queued]>
[2022-12-14T18:29:54.547+0000] {taskinstance.py:1165} INFO - Dependencies all met for <TaskInstance: tutorial.templated scheduled__2015-06-09T00:00:00+00:00 [queued]>
[2022-12-14T18:29:54.550+0000] {taskinstance.py:1362} INFO - 
--------------------------------------------------------------------------------
[2022-12-14T18:29:54.550+0000] {taskinstance.py:1363} INFO - Starting attempt 1 of 2
[2022-12-14T18:29:54.550+0000] {taskinstance.py:1364} INFO - 
--------------------------------------------------------------------------------
[2022-12-14T18:29:54.689+0000] {taskinstance.py:1383} INFO - Executing <Task(BashOperator): templated> on 2015-06-09 00:00:00+00:00
[2022-12-14T18:29:54.710+0000] {standard_task_runner.py:55} INFO - Started process 343 to run task
[2022-12-14T18:29:54.728+0000] {standard_task_runner.py:82} INFO - Running: ['***', 'tasks', 'run', 'tutorial', 'templated', 'scheduled__2015-06-09T00:00:00+00:00', '--job-id', '38', '--raw', '--subdir', 'DAGS_FOLDER/hello_word.py', '--cfg-path', '/tmp/tmpe6ajt6ig']
[2022-12-14T18:29:54.729+0000] {standard_task_runner.py:83} INFO - Job 38: Subtask templated
[2022-12-14T18:29:55.353+0000] {task_command.py:376} INFO - Running <TaskInstance: tutorial.templated scheduled__2015-06-09T00:00:00+00:00 [running]> on host c1557a7da2d6
[2022-12-14T18:29:56.531+0000] {taskinstance.py:1592} INFO - Exporting the following env vars:
AIRFLOW_CTX_DAG_EMAIL=***@example.com
AIRFLOW_CTX_DAG_OWNER=***
AIRFLOW_CTX_DAG_ID=tutorial
AIRFLOW_CTX_TASK_ID=templated
AIRFLOW_CTX_EXECUTION_DATE=2015-06-09T00:00:00+00:00
AIRFLOW_CTX_TRY_NUMBER=1
AIRFLOW_CTX_DAG_RUN_ID=scheduled__2015-06-09T00:00:00+00:00
[2022-12-14T18:29:56.536+0000] {subprocess.py:63} INFO - Tmp dir root location: 
 /tmp
[2022-12-14T18:29:56.539+0000] {subprocess.py:75} INFO - Running command: ['/bin/bash', '-c', '\n    \n        echo "2015-06-09"\n        echo "2015-06-16"\n        echo "Parameter I passed in"\n    \n        echo "2015-06-09"\n        echo "2015-06-16"\n        echo "Parameter I passed in"\n    \n        echo "2015-06-09"\n        echo "2015-06-16"\n        echo "Parameter I passed in"\n    \n        echo "2015-06-09"\n        echo "2015-06-16"\n        echo "Parameter I passed in"\n    \n        echo "2015-06-09"\n        echo "2015-06-16"\n        echo "Parameter I passed in"\n    ']
[2022-12-14T18:29:56.620+0000] {subprocess.py:86} INFO - Output:
[2022-12-14T18:29:56.624+0000] {subprocess.py:93} INFO - 2015-06-09
[2022-12-14T18:29:56.624+0000] {subprocess.py:93} INFO - 2015-06-16
[2022-12-14T18:29:56.624+0000] {subprocess.py:93} INFO - Parameter I passed in
[2022-12-14T18:29:56.625+0000] {subprocess.py:93} INFO - 2015-06-09
[2022-12-14T18:29:56.625+0000] {subprocess.py:93} INFO - 2015-06-16
[2022-12-14T18:29:56.625+0000] {subprocess.py:93} INFO - Parameter I passed in
[2022-12-14T18:29:56.625+0000] {subprocess.py:93} INFO - 2015-06-09
[2022-12-14T18:29:56.626+0000] {subprocess.py:93} INFO - 2015-06-16
[2022-12-14T18:29:56.626+0000] {subprocess.py:93} INFO - Parameter I passed in
[2022-12-14T18:29:56.626+0000] {subprocess.py:93} INFO - 2015-06-09
[2022-12-14T18:29:56.626+0000] {subprocess.py:93} INFO - 2015-06-16
[2022-12-14T18:29:56.628+0000] {subprocess.py:93} INFO - Parameter I passed in
[2022-12-14T18:29:56.628+0000] {subprocess.py:93} INFO - 2015-06-09
[2022-12-14T18:29:56.628+0000] {subprocess.py:93} INFO - 2015-06-16
[2022-12-14T18:29:56.629+0000] {subprocess.py:93} INFO - Parameter I passed in
[2022-12-14T18:29:56.655+0000] {subprocess.py:97} INFO - Command exited with return code 0
[2022-12-14T18:29:56.898+0000] {taskinstance.py:1406} INFO - Marking task as SUCCESS. dag_id=tutorial, task_id=templated, execution_date=20150609T000000, start_date=20221214T182954, end_date=20221214T182956
[2022-12-14T18:29:57.181+0000] {local_task_job.py:159} INFO - Task exited with return code 0
[2022-12-14T18:29:57.539+0000] {taskinstance.py:2623} INFO - 0 downstream tasks scheduled from follow-on schedule check
