[2022-12-14T18:29:59.881+0000] {taskinstance.py:1165} INFO - Dependencies all met for <TaskInstance: tutorial.templated scheduled__2015-06-12T00:00:00+00:00 [queued]>
[2022-12-14T18:30:00.366+0000] {taskinstance.py:1165} INFO - Dependencies all met for <TaskInstance: tutorial.templated scheduled__2015-06-12T00:00:00+00:00 [queued]>
[2022-12-14T18:30:00.373+0000] {taskinstance.py:1362} INFO - 
--------------------------------------------------------------------------------
[2022-12-14T18:30:00.373+0000] {taskinstance.py:1363} INFO - Starting attempt 1 of 2
[2022-12-14T18:30:00.373+0000] {taskinstance.py:1364} INFO - 
--------------------------------------------------------------------------------
[2022-12-14T18:30:00.654+0000] {taskinstance.py:1383} INFO - Executing <Task(BashOperator): templated> on 2015-06-12 00:00:00+00:00
[2022-12-14T18:30:00.701+0000] {standard_task_runner.py:55} INFO - Started process 364 to run task
[2022-12-14T18:30:00.826+0000] {standard_task_runner.py:82} INFO - Running: ['***', 'tasks', 'run', 'tutorial', 'templated', 'scheduled__2015-06-12T00:00:00+00:00', '--job-id', '45', '--raw', '--subdir', 'DAGS_FOLDER/hello_word.py', '--cfg-path', '/tmp/tmpyn1geows']
[2022-12-14T18:30:00.839+0000] {standard_task_runner.py:83} INFO - Job 45: Subtask templated
[2022-12-14T18:30:02.494+0000] {task_command.py:376} INFO - Running <TaskInstance: tutorial.templated scheduled__2015-06-12T00:00:00+00:00 [running]> on host c1557a7da2d6
[2022-12-14T18:30:05.471+0000] {taskinstance.py:1592} INFO - Exporting the following env vars:
AIRFLOW_CTX_DAG_EMAIL=***@example.com
AIRFLOW_CTX_DAG_OWNER=***
AIRFLOW_CTX_DAG_ID=tutorial
AIRFLOW_CTX_TASK_ID=templated
AIRFLOW_CTX_EXECUTION_DATE=2015-06-12T00:00:00+00:00
AIRFLOW_CTX_TRY_NUMBER=1
AIRFLOW_CTX_DAG_RUN_ID=scheduled__2015-06-12T00:00:00+00:00
[2022-12-14T18:30:05.473+0000] {subprocess.py:63} INFO - Tmp dir root location: 
 /tmp
[2022-12-14T18:30:05.473+0000] {subprocess.py:75} INFO - Running command: ['/bin/bash', '-c', '\n    \n        echo "2015-06-12"\n        echo "2015-06-19"\n        echo "Parameter I passed in"\n    \n        echo "2015-06-12"\n        echo "2015-06-19"\n        echo "Parameter I passed in"\n    \n        echo "2015-06-12"\n        echo "2015-06-19"\n        echo "Parameter I passed in"\n    \n        echo "2015-06-12"\n        echo "2015-06-19"\n        echo "Parameter I passed in"\n    \n        echo "2015-06-12"\n        echo "2015-06-19"\n        echo "Parameter I passed in"\n    ']
[2022-12-14T18:30:05.720+0000] {subprocess.py:86} INFO - Output:
[2022-12-14T18:30:05.851+0000] {subprocess.py:93} INFO - 2015-06-12
[2022-12-14T18:30:05.851+0000] {subprocess.py:93} INFO - 2015-06-19
[2022-12-14T18:30:05.851+0000] {subprocess.py:93} INFO - Parameter I passed in
[2022-12-14T18:30:05.852+0000] {subprocess.py:93} INFO - 2015-06-12
[2022-12-14T18:30:05.852+0000] {subprocess.py:93} INFO - 2015-06-19
[2022-12-14T18:30:05.852+0000] {subprocess.py:93} INFO - Parameter I passed in
[2022-12-14T18:30:05.852+0000] {subprocess.py:93} INFO - 2015-06-12
[2022-12-14T18:30:05.852+0000] {subprocess.py:93} INFO - 2015-06-19
[2022-12-14T18:30:05.853+0000] {subprocess.py:93} INFO - Parameter I passed in
[2022-12-14T18:30:05.853+0000] {subprocess.py:93} INFO - 2015-06-12
[2022-12-14T18:30:05.853+0000] {subprocess.py:93} INFO - 2015-06-19
[2022-12-14T18:30:05.853+0000] {subprocess.py:93} INFO - Parameter I passed in
[2022-12-14T18:30:05.854+0000] {subprocess.py:93} INFO - 2015-06-12
[2022-12-14T18:30:05.854+0000] {subprocess.py:93} INFO - 2015-06-19
[2022-12-14T18:30:05.854+0000] {subprocess.py:93} INFO - Parameter I passed in
[2022-12-14T18:30:05.855+0000] {subprocess.py:97} INFO - Command exited with return code 0
[2022-12-14T18:30:06.494+0000] {taskinstance.py:1406} INFO - Marking task as SUCCESS. dag_id=tutorial, task_id=templated, execution_date=20150612T000000, start_date=20221214T182959, end_date=20221214T183006
[2022-12-14T18:30:06.788+0000] {local_task_job.py:159} INFO - Task exited with return code 0
[2022-12-14T18:30:06.988+0000] {taskinstance.py:2623} INFO - 0 downstream tasks scheduled from follow-on schedule check
