[2022-12-14T18:31:21.294+0000] {taskinstance.py:1165} INFO - Dependencies all met for <TaskInstance: tutorial.print_date scheduled__2015-07-15T00:00:00+00:00 [queued]>
[2022-12-14T18:31:21.462+0000] {taskinstance.py:1165} INFO - Dependencies all met for <TaskInstance: tutorial.print_date scheduled__2015-07-15T00:00:00+00:00 [queued]>
[2022-12-14T18:31:21.462+0000] {taskinstance.py:1362} INFO - 
--------------------------------------------------------------------------------
[2022-12-14T18:31:21.462+0000] {taskinstance.py:1363} INFO - Starting attempt 1 of 2
[2022-12-14T18:31:21.462+0000] {taskinstance.py:1364} INFO - 
--------------------------------------------------------------------------------
[2022-12-14T18:31:21.908+0000] {taskinstance.py:1383} INFO - Executing <Task(BashOperator): print_date> on 2015-07-15 00:00:00+00:00
[2022-12-14T18:31:21.966+0000] {standard_task_runner.py:82} INFO - Running: ['***', 'tasks', 'run', 'tutorial', 'print_date', 'scheduled__2015-07-15T00:00:00+00:00', '--job-id', '123', '--raw', '--subdir', 'DAGS_FOLDER/hello_word.py', '--cfg-path', '/tmp/tmp635fo8jk']
[2022-12-14T18:31:21.968+0000] {standard_task_runner.py:83} INFO - Job 123: Subtask print_date
[2022-12-14T18:31:21.942+0000] {standard_task_runner.py:55} INFO - Started process 640 to run task
[2022-12-14T18:31:22.867+0000] {task_command.py:376} INFO - Running <TaskInstance: tutorial.print_date scheduled__2015-07-15T00:00:00+00:00 [running]> on host c1557a7da2d6
[2022-12-14T18:31:24.015+0000] {taskinstance.py:1592} INFO - Exporting the following env vars:
AIRFLOW_CTX_DAG_EMAIL=***@example.com
AIRFLOW_CTX_DAG_OWNER=***
AIRFLOW_CTX_DAG_ID=tutorial
AIRFLOW_CTX_TASK_ID=print_date
AIRFLOW_CTX_EXECUTION_DATE=2015-07-15T00:00:00+00:00
AIRFLOW_CTX_TRY_NUMBER=1
AIRFLOW_CTX_DAG_RUN_ID=scheduled__2015-07-15T00:00:00+00:00
[2022-12-14T18:31:24.035+0000] {subprocess.py:63} INFO - Tmp dir root location: 
 /tmp
[2022-12-14T18:31:24.035+0000] {subprocess.py:75} INFO - Running command: ['/bin/bash', '-c', 'date']
[2022-12-14T18:31:24.152+0000] {subprocess.py:86} INFO - Output:
[2022-12-14T18:31:24.173+0000] {subprocess.py:93} INFO - Wed Dec 14 18:31:24 UTC 2022
[2022-12-14T18:31:24.173+0000] {subprocess.py:97} INFO - Command exited with return code 0
