[2022-12-14T18:31:18.931+0000] {taskinstance.py:1165} INFO - Dependencies all met for <TaskInstance: tutorial.print_date scheduled__2015-07-11T00:00:00+00:00 [queued]>
[2022-12-14T18:31:19.195+0000] {taskinstance.py:1165} INFO - Dependencies all met for <TaskInstance: tutorial.print_date scheduled__2015-07-11T00:00:00+00:00 [queued]>
[2022-12-14T18:31:19.195+0000] {taskinstance.py:1362} INFO - 
--------------------------------------------------------------------------------
[2022-12-14T18:31:19.195+0000] {taskinstance.py:1363} INFO - Starting attempt 1 of 2
[2022-12-14T18:31:19.196+0000] {taskinstance.py:1364} INFO - 
--------------------------------------------------------------------------------
[2022-12-14T18:31:19.928+0000] {taskinstance.py:1383} INFO - Executing <Task(BashOperator): print_date> on 2015-07-11 00:00:00+00:00
[2022-12-14T18:31:19.953+0000] {standard_task_runner.py:55} INFO - Started process 632 to run task
[2022-12-14T18:31:20.048+0000] {standard_task_runner.py:82} INFO - Running: ['***', 'tasks', 'run', 'tutorial', 'print_date', 'scheduled__2015-07-11T00:00:00+00:00', '--job-id', '121', '--raw', '--subdir', 'DAGS_FOLDER/hello_word.py', '--cfg-path', '/tmp/tmp_v9plcut']
[2022-12-14T18:31:20.049+0000] {standard_task_runner.py:83} INFO - Job 121: Subtask print_date
[2022-12-14T18:31:21.310+0000] {task_command.py:376} INFO - Running <TaskInstance: tutorial.print_date scheduled__2015-07-11T00:00:00+00:00 [running]> on host c1557a7da2d6
[2022-12-14T18:31:22.774+0000] {taskinstance.py:1592} INFO - Exporting the following env vars:
AIRFLOW_CTX_DAG_EMAIL=***@example.com
AIRFLOW_CTX_DAG_OWNER=***
AIRFLOW_CTX_DAG_ID=tutorial
AIRFLOW_CTX_TASK_ID=print_date
AIRFLOW_CTX_EXECUTION_DATE=2015-07-11T00:00:00+00:00
AIRFLOW_CTX_TRY_NUMBER=1
AIRFLOW_CTX_DAG_RUN_ID=scheduled__2015-07-11T00:00:00+00:00
[2022-12-14T18:31:22.776+0000] {subprocess.py:63} INFO - Tmp dir root location: 
 /tmp
[2022-12-14T18:31:22.776+0000] {subprocess.py:75} INFO - Running command: ['/bin/bash', '-c', 'date']
[2022-12-14T18:31:22.932+0000] {subprocess.py:86} INFO - Output:
[2022-12-14T18:31:22.980+0000] {subprocess.py:93} INFO - Wed Dec 14 18:31:22 UTC 2022
[2022-12-14T18:31:22.981+0000] {subprocess.py:97} INFO - Command exited with return code 0
[2022-12-14T18:31:23.147+0000] {taskinstance.py:1406} INFO - Marking task as SUCCESS. dag_id=tutorial, task_id=print_date, execution_date=20150711T000000, start_date=20221214T183118, end_date=20221214T183123
[2022-12-14T18:31:23.312+0000] {local_task_job.py:159} INFO - Task exited with return code 0
[2022-12-14T18:31:23.634+0000] {taskinstance.py:2623} INFO - 2 downstream tasks scheduled from follow-on schedule check
