[2022-12-14T18:29:33.437+0000] {taskinstance.py:1165} INFO - Dependencies all met for <TaskInstance: tutorial.sleep manual__2022-12-14T18:29:20.547502+00:00 [queued]>
[2022-12-14T18:29:33.880+0000] {taskinstance.py:1165} INFO - Dependencies all met for <TaskInstance: tutorial.sleep manual__2022-12-14T18:29:20.547502+00:00 [queued]>
[2022-12-14T18:29:33.880+0000] {taskinstance.py:1362} INFO - 
--------------------------------------------------------------------------------
[2022-12-14T18:29:33.880+0000] {taskinstance.py:1363} INFO - Starting attempt 1 of 4
[2022-12-14T18:29:33.881+0000] {taskinstance.py:1364} INFO - 
--------------------------------------------------------------------------------
[2022-12-14T18:29:34.303+0000] {taskinstance.py:1383} INFO - Executing <Task(BashOperator): sleep> on 2022-12-14 18:29:20.547502+00:00
[2022-12-14T18:29:34.317+0000] {standard_task_runner.py:55} INFO - Started process 264 to run task
[2022-12-14T18:29:34.366+0000] {standard_task_runner.py:82} INFO - Running: ['***', 'tasks', 'run', 'tutorial', 'sleep', 'manual__2022-12-14T18:29:20.547502+00:00', '--job-id', '13', '--raw', '--subdir', 'DAGS_FOLDER/hello_word.py', '--cfg-path', '/tmp/tmph6bpyu6j']
[2022-12-14T18:29:34.402+0000] {standard_task_runner.py:83} INFO - Job 13: Subtask sleep
[2022-12-14T18:29:35.904+0000] {task_command.py:376} INFO - Running <TaskInstance: tutorial.sleep manual__2022-12-14T18:29:20.547502+00:00 [running]> on host c1557a7da2d6
[2022-12-14T18:29:37.755+0000] {taskinstance.py:1592} INFO - Exporting the following env vars:
AIRFLOW_CTX_DAG_EMAIL=***@example.com
AIRFLOW_CTX_DAG_OWNER=***
AIRFLOW_CTX_DAG_ID=tutorial
AIRFLOW_CTX_TASK_ID=sleep
AIRFLOW_CTX_EXECUTION_DATE=2022-12-14T18:29:20.547502+00:00
AIRFLOW_CTX_TRY_NUMBER=1
AIRFLOW_CTX_DAG_RUN_ID=manual__2022-12-14T18:29:20.547502+00:00
[2022-12-14T18:29:37.757+0000] {subprocess.py:63} INFO - Tmp dir root location: 
 /tmp
[2022-12-14T18:29:37.758+0000] {subprocess.py:75} INFO - Running command: ['/bin/bash', '-c', 'sleep 5']
[2022-12-14T18:29:38.051+0000] {subprocess.py:86} INFO - Output:
[2022-12-14T18:29:43.095+0000] {subprocess.py:97} INFO - Command exited with return code 0
[2022-12-14T18:29:43.503+0000] {taskinstance.py:1406} INFO - Marking task as SUCCESS. dag_id=tutorial, task_id=sleep, execution_date=20221214T182920, start_date=20221214T182933, end_date=20221214T182943
[2022-12-14T18:29:43.765+0000] {local_task_job.py:159} INFO - Task exited with return code 0
[2022-12-14T18:29:44.115+0000] {taskinstance.py:2623} INFO - 0 downstream tasks scheduled from follow-on schedule check
